[2024-09-08T15:55:14.473+0000] {local_task_job_runner.py:123} INFO - ::group::Pre task execution logs
[2024-09-08T15:55:17.696+0000] {taskinstance.py:2612} INFO - Dependencies all met for dep_context=non-requeueable deps ti=<TaskInstance: Correction_dag_high_total_amount.Correction_dag_high_total_amount scheduled__2024-09-08T15:50:00+00:00 [queued]>
[2024-09-08T15:55:17.821+0000] {taskinstance.py:2612} INFO - Dependencies all met for dep_context=requeueable deps ti=<TaskInstance: Correction_dag_high_total_amount.Correction_dag_high_total_amount scheduled__2024-09-08T15:50:00+00:00 [queued]>
[2024-09-08T15:55:17.847+0000] {taskinstance.py:2865} INFO - Starting attempt 1 of 2
[2024-09-08T15:55:18.008+0000] {taskinstance.py:2888} INFO - Executing <Task(PythonOperator): Correction_dag_high_total_amount> on 2024-09-08 15:50:00+00:00
[2024-09-08T15:55:18.194+0000] {standard_task_runner.py:104} INFO - Running: ['airflow', 'tasks', 'run', 'Correction_dag_high_total_amount', 'Correction_dag_high_total_amount', 'scheduled__2024-09-08T15:50:00+00:00', '--job-id', '1428', '--raw', '--subdir', 'DAGS_FOLDER/Correction_dag_high_total_amount.py', '--cfg-path', '/tmp/tmp_pfm5u73']
[2024-09-08T15:55:18.276+0000] {standard_task_runner.py:105} INFO - Job 1428: Subtask Correction_dag_high_total_amount
[2024-09-08T15:55:18.326+0000] {logging_mixin.py:190} WARNING - /home/airflow/.local/lib/python3.12/site-packages/airflow/task/task_runner/standard_task_runner.py:70 DeprecationWarning: This process (pid=41183) is multi-threaded, use of fork() may lead to deadlocks in the child.
[2024-09-08T15:55:18.358+0000] {standard_task_runner.py:72} INFO - Started process 41207 to run task
[2024-09-08T15:55:56.418+0000] {cli_action_loggers.py:177} WARNING - Failed to log action (psycopg2.OperationalError) could not translate host name "postgres" to address: Temporary failure in name resolution

(Background on this error at: https://sqlalche.me/e/14/e3q8)
[2024-09-08T15:56:03.975+0000] {job.py:229} INFO - Heartbeat recovered after 58.31 seconds
[2024-09-08T15:56:06.152+0000] {task_command.py:467} INFO - Running <TaskInstance: Correction_dag_high_total_amount.Correction_dag_high_total_amount scheduled__2024-09-08T15:50:00+00:00 [running]> on host 13d1dadf4f15
[2024-09-08T15:56:11.989+0000] {taskinstance.py:3131} INFO - Exporting env vars: AIRFLOW_CTX_DAG_OWNER='airflow' AIRFLOW_CTX_DAG_ID='Correction_dag_high_total_amount' AIRFLOW_CTX_TASK_ID='Correction_dag_high_total_amount' AIRFLOW_CTX_EXECUTION_DATE='2024-09-08T15:50:00+00:00' AIRFLOW_CTX_TRY_NUMBER='1' AIRFLOW_CTX_DAG_RUN_ID='scheduled__2024-09-08T15:50:00+00:00'
[2024-09-08T15:56:12.015+0000] {taskinstance.py:731} INFO - ::endgroup::
[2024-09-08T15:56:12.581+0000] {logging_mixin.py:190} INFO - Les anomalies ont été corrigées dans la base de données.
[2024-09-08T15:56:12.604+0000] {python.py:240} INFO - Done. Returned value was: None
[2024-09-08T15:56:13.287+0000] {taskinstance.py:340} INFO - ::group::Post task execution logs
[2024-09-08T15:56:13.311+0000] {taskinstance.py:352} INFO - Marking task as SUCCESS. dag_id=Correction_dag_high_total_amount, task_id=Correction_dag_high_total_amount, run_id=scheduled__2024-09-08T15:50:00+00:00, execution_date=20240908T155000, start_date=20240908T155517, end_date=20240908T155613
[2024-09-08T15:56:13.688+0000] {local_task_job_runner.py:266} INFO - Task exited with return code 0
[2024-09-08T15:56:14.385+0000] {local_task_job_runner.py:245} INFO - ::endgroup::
