[2024-09-14T22:45:12.328+0000] {local_task_job_runner.py:123} INFO - ::group::Pre task execution logs
[2024-09-14T22:45:14.402+0000] {taskinstance.py:2612} INFO - Dependencies all met for dep_context=non-requeueable deps ti=<TaskInstance: correction_Dag_Negative_Value.correct_negative_values scheduled__2024-09-14T22:40:00+00:00 [queued]>
[2024-09-14T22:45:14.555+0000] {taskinstance.py:2612} INFO - Dependencies all met for dep_context=requeueable deps ti=<TaskInstance: correction_Dag_Negative_Value.correct_negative_values scheduled__2024-09-14T22:40:00+00:00 [queued]>
[2024-09-14T22:45:14.562+0000] {taskinstance.py:2865} INFO - Starting attempt 1 of 2
[2024-09-14T22:45:14.817+0000] {taskinstance.py:2888} INFO - Executing <Task(PythonOperator): correct_negative_values> on 2024-09-14 22:40:00+00:00
[2024-09-14T22:45:15.728+0000] {standard_task_runner.py:104} INFO - Running: ['airflow', 'tasks', 'run', 'correction_Dag_Negative_Value', 'correct_negative_values', 'scheduled__2024-09-14T22:40:00+00:00', '--job-id', '4923', '--raw', '--subdir', 'DAGS_FOLDER/Correction_dag_Negative_Value.py', '--cfg-path', '/tmp/tmp31ltc9r9']
[2024-09-14T22:45:15.947+0000] {standard_task_runner.py:105} INFO - Job 4923: Subtask correct_negative_values
[2024-09-14T22:45:15.902+0000] {logging_mixin.py:190} WARNING - /home/airflow/.local/lib/python3.12/site-packages/airflow/task/task_runner/standard_task_runner.py:70 DeprecationWarning: This process (pid=17568) is multi-threaded, use of fork() may lead to deadlocks in the child.
[2024-09-14T22:45:16.002+0000] {standard_task_runner.py:72} INFO - Started process 17596 to run task
[2024-09-14T22:45:26.601+0000] {job.py:229} INFO - Heartbeat recovered after 19.72 seconds
[2024-09-14T22:45:30.135+0000] {task_command.py:467} INFO - Running <TaskInstance: correction_Dag_Negative_Value.correct_negative_values scheduled__2024-09-14T22:40:00+00:00 [running]> on host 7403e816bcf5
[2024-09-14T22:45:34.556+0000] {taskinstance.py:3131} INFO - Exporting env vars: AIRFLOW_CTX_DAG_OWNER='airflow' AIRFLOW_CTX_DAG_ID='correction_Dag_Negative_Value' AIRFLOW_CTX_TASK_ID='correct_negative_values' AIRFLOW_CTX_EXECUTION_DATE='2024-09-14T22:40:00+00:00' AIRFLOW_CTX_TRY_NUMBER='1' AIRFLOW_CTX_DAG_RUN_ID='scheduled__2024-09-14T22:40:00+00:00'
[2024-09-14T22:45:34.587+0000] {taskinstance.py:731} INFO - ::endgroup::
[2024-09-14T22:45:37.268+0000] {logging_mixin.py:190} INFO - Anomalies corrigées avec succès.
[2024-09-14T22:45:37.279+0000] {python.py:240} INFO - Done. Returned value was: None
[2024-09-14T22:45:39.144+0000] {taskinstance.py:340} INFO - ::group::Post task execution logs
[2024-09-14T22:45:39.152+0000] {taskinstance.py:352} INFO - Marking task as SUCCESS. dag_id=correction_Dag_Negative_Value, task_id=correct_negative_values, run_id=scheduled__2024-09-14T22:40:00+00:00, execution_date=20240914T224000, start_date=20240914T224514, end_date=20240914T224539
[2024-09-14T22:45:42.688+0000] {local_task_job_runner.py:266} INFO - Task exited with return code 0
[2024-09-14T22:45:43.642+0000] {taskinstance.py:3900} INFO - 0 downstream tasks scheduled from follow-on schedule check
[2024-09-14T22:45:43.661+0000] {local_task_job_runner.py:245} INFO - ::endgroup::
