[2024-09-13T17:45:13.848+0000] {local_task_job_runner.py:123} INFO - ::group::Pre task execution logs
[2024-09-13T17:45:19.896+0000] {taskinstance.py:2612} INFO - Dependencies all met for dep_context=non-requeueable deps ti=<TaskInstance: Correction_dag_high_total_amount.Correction_dag_high_total_amount scheduled__2024-09-13T17:40:00+00:00 [queued]>
[2024-09-13T17:45:20.195+0000] {taskinstance.py:2612} INFO - Dependencies all met for dep_context=requeueable deps ti=<TaskInstance: Correction_dag_high_total_amount.Correction_dag_high_total_amount scheduled__2024-09-13T17:40:00+00:00 [queued]>
[2024-09-13T17:45:20.213+0000] {taskinstance.py:2865} INFO - Starting attempt 1 of 2
[2024-09-13T17:45:21.850+0000] {taskinstance.py:2888} INFO - Executing <Task(PythonOperator): Correction_dag_high_total_amount> on 2024-09-13 17:40:00+00:00
[2024-09-13T17:45:25.218+0000] {standard_task_runner.py:104} INFO - Running: ['airflow', 'tasks', 'run', 'Correction_dag_high_total_amount', 'Correction_dag_high_total_amount', 'scheduled__2024-09-13T17:40:00+00:00', '--job-id', '3011', '--raw', '--subdir', 'DAGS_FOLDER/Correction_dag_high_total_amount.py', '--cfg-path', '/tmp/tmp3cdl9ds3']
[2024-09-13T17:45:26.252+0000] {standard_task_runner.py:105} INFO - Job 3011: Subtask Correction_dag_high_total_amount
[2024-09-13T17:45:26.391+0000] {logging_mixin.py:190} WARNING - /home/airflow/.local/lib/python3.12/site-packages/airflow/task/task_runner/standard_task_runner.py:70 DeprecationWarning: This process (pid=34570) is multi-threaded, use of fork() may lead to deadlocks in the child.
[2024-09-13T17:45:26.397+0000] {standard_task_runner.py:72} INFO - Started process 34595 to run task
[2024-09-13T17:45:35.887+0000] {job.py:229} INFO - Heartbeat recovered after 32.55 seconds
[2024-09-13T17:45:36.558+0000] {task_command.py:467} INFO - Running <TaskInstance: Correction_dag_high_total_amount.Correction_dag_high_total_amount scheduled__2024-09-13T17:40:00+00:00 [running]> on host 7403e816bcf5
[2024-09-13T17:45:46.143+0000] {taskinstance.py:3131} INFO - Exporting env vars: AIRFLOW_CTX_DAG_OWNER='airflow' AIRFLOW_CTX_DAG_ID='Correction_dag_high_total_amount' AIRFLOW_CTX_TASK_ID='Correction_dag_high_total_amount' AIRFLOW_CTX_EXECUTION_DATE='2024-09-13T17:40:00+00:00' AIRFLOW_CTX_TRY_NUMBER='1' AIRFLOW_CTX_DAG_RUN_ID='scheduled__2024-09-13T17:40:00+00:00'
[2024-09-13T17:45:46.216+0000] {taskinstance.py:731} INFO - ::endgroup::
[2024-09-13T17:45:46.745+0000] {logging_mixin.py:190} INFO - Les anomalies ont été corrigées dans la base de données.
[2024-09-13T17:45:46.786+0000] {python.py:240} INFO - Done. Returned value was: None
[2024-09-13T17:45:48.973+0000] {taskinstance.py:340} INFO - ::group::Post task execution logs
[2024-09-13T17:45:48.993+0000] {taskinstance.py:352} INFO - Marking task as SUCCESS. dag_id=Correction_dag_high_total_amount, task_id=Correction_dag_high_total_amount, run_id=scheduled__2024-09-13T17:40:00+00:00, execution_date=20240913T174000, start_date=20240913T174519, end_date=20240913T174548
[2024-09-13T17:45:50.547+0000] {local_task_job_runner.py:266} INFO - Task exited with return code 0
[2024-09-13T17:45:51.747+0000] {standard_task_runner.py:217} INFO - Process not found (most likely exited), stop collecting metrics
[2024-09-13T17:45:52.380+0000] {local_task_job_runner.py:245} INFO - ::endgroup::
