[2024-09-13T13:36:59.883+0000] {local_task_job_runner.py:123} INFO - ::group::Pre task execution logs
[2024-09-13T13:37:01.086+0000] {taskinstance.py:2612} INFO - Dependencies all met for dep_context=non-requeueable deps ti=<TaskInstance: dag_detect_excessively_high_total_amount.run_anomaly_detection scheduled__2024-09-13T13:15:00+00:00 [queued]>
[2024-09-13T13:37:01.176+0000] {taskinstance.py:2612} INFO - Dependencies all met for dep_context=requeueable deps ti=<TaskInstance: dag_detect_excessively_high_total_amount.run_anomaly_detection scheduled__2024-09-13T13:15:00+00:00 [queued]>
[2024-09-13T13:37:01.180+0000] {taskinstance.py:2865} INFO - Starting attempt 2 of 2
[2024-09-13T13:37:01.330+0000] {taskinstance.py:2888} INFO - Executing <Task(PythonOperator): run_anomaly_detection> on 2024-09-13 13:15:00+00:00
[2024-09-13T13:37:01.541+0000] {logging_mixin.py:190} WARNING - /home/airflow/.local/lib/python3.12/site-packages/airflow/task/task_runner/standard_task_runner.py:70 DeprecationWarning: This process (pid=94352) is multi-threaded, use of fork() may lead to deadlocks in the child.
[2024-09-13T13:37:01.573+0000] {standard_task_runner.py:72} INFO - Started process 94385 to run task
[2024-09-13T13:37:01.541+0000] {standard_task_runner.py:104} INFO - Running: ['airflow', 'tasks', 'run', 'dag_detect_excessively_high_total_amount', 'run_anomaly_detection', 'scheduled__2024-09-13T13:15:00+00:00', '--job-id', '2321', '--raw', '--subdir', 'DAGS_FOLDER/dag_detect_excessively_high_total_amount.py', '--cfg-path', '/tmp/tmpoafcx81w']
[2024-09-13T13:37:01.599+0000] {standard_task_runner.py:105} INFO - Job 2321: Subtask run_anomaly_detection
[2024-09-13T13:37:03.103+0000] {task_command.py:467} INFO - Running <TaskInstance: dag_detect_excessively_high_total_amount.run_anomaly_detection scheduled__2024-09-13T13:15:00+00:00 [running]> on host 7403e816bcf5
[2024-09-13T13:37:05.293+0000] {taskinstance.py:3131} INFO - Exporting env vars: AIRFLOW_CTX_DAG_OWNER='airflow' AIRFLOW_CTX_DAG_ID='dag_detect_excessively_high_total_amount' AIRFLOW_CTX_TASK_ID='run_anomaly_detection' AIRFLOW_CTX_EXECUTION_DATE='2024-09-13T13:15:00+00:00' AIRFLOW_CTX_TRY_NUMBER='2' AIRFLOW_CTX_DAG_RUN_ID='scheduled__2024-09-13T13:15:00+00:00'
[2024-09-13T13:37:05.302+0000] {taskinstance.py:731} INFO - ::endgroup::
[2024-09-13T13:37:05.406+0000] {dag_detect_excessively_high_total_amount.py:118} INFO - Starting anomaly detection process
[2024-09-13T13:37:07.487+0000] {job.py:229} INFO - Heartbeat recovered after 10.58 seconds
[2024-09-13T13:37:10.405+0000] {dag_detect_excessively_high_total_amount.py:124} INFO - Loaded 15 transactions and 4 products
[2024-09-13T13:37:10.621+0000] {dag_detect_excessively_high_total_amount.py:127} INFO - Detected 0 anomalies
[2024-09-13T13:37:11.600+0000] {dag_detect_excessively_high_total_amount.py:111} INFO - Inserted 0 new anomalies.
[2024-09-13T13:37:11.603+0000] {dag_detect_excessively_high_total_amount.py:130} INFO - Anomaly detection process completed successfully
[2024-09-13T13:37:11.605+0000] {python.py:240} INFO - Done. Returned value was: None
[2024-09-13T13:37:11.957+0000] {taskinstance.py:340} INFO - ::group::Post task execution logs
[2024-09-13T13:37:11.959+0000] {taskinstance.py:352} INFO - Marking task as SUCCESS. dag_id=dag_detect_excessively_high_total_amount, task_id=run_anomaly_detection, run_id=scheduled__2024-09-13T13:15:00+00:00, execution_date=20240913T131500, start_date=20240913T133701, end_date=20240913T133711
[2024-09-13T13:37:12.095+0000] {local_task_job_runner.py:266} INFO - Task exited with return code 0
[2024-09-13T13:37:12.363+0000] {taskinstance.py:3900} INFO - 0 downstream tasks scheduled from follow-on schedule check
[2024-09-13T13:37:12.372+0000] {local_task_job_runner.py:245} INFO - ::endgroup::
