[2024-09-12T13:00:39.168+0000] {local_task_job_runner.py:123} INFO - ::group::Pre task execution logs
[2024-09-12T13:00:44.179+0000] {taskinstance.py:2612} INFO - Dependencies all met for dep_context=non-requeueable deps ti=<TaskInstance: Dag_detect_invalid_customer_ids.run_anomaly_detection scheduled__2024-09-12T12:45:00+00:00 [queued]>
[2024-09-12T13:00:44.560+0000] {taskinstance.py:2612} INFO - Dependencies all met for dep_context=requeueable deps ti=<TaskInstance: Dag_detect_invalid_customer_ids.run_anomaly_detection scheduled__2024-09-12T12:45:00+00:00 [queued]>
[2024-09-12T13:00:44.564+0000] {taskinstance.py:2865} INFO - Starting attempt 1 of 2
[2024-09-12T13:01:02.658+0000] {taskinstance.py:2888} INFO - Executing <Task(PythonOperator): run_anomaly_detection> on 2024-09-12 12:45:00+00:00
[2024-09-12T13:01:03.586+0000] {logging_mixin.py:190} WARNING - /home/airflow/.local/lib/python3.12/site-packages/airflow/task/task_runner/standard_task_runner.py:70 DeprecationWarning: This process (pid=18168) is multi-threaded, use of fork() may lead to deadlocks in the child.
[2024-09-12T13:01:03.722+0000] {standard_task_runner.py:72} INFO - Started process 18275 to run task
[2024-09-12T13:01:03.161+0000] {standard_task_runner.py:104} INFO - Running: ['airflow', 'tasks', 'run', 'Dag_detect_invalid_customer_ids', 'run_anomaly_detection', 'scheduled__2024-09-12T12:45:00+00:00', '--job-id', '1914', '--raw', '--subdir', 'DAGS_FOLDER/dag_detect_invalid_customer_ids.py', '--cfg-path', '/tmp/tmpzsdgmixr']
[2024-09-12T13:01:03.805+0000] {standard_task_runner.py:105} INFO - Job 1914: Subtask run_anomaly_detection
[2024-09-12T13:01:10.495+0000] {task_command.py:467} INFO - Running <TaskInstance: Dag_detect_invalid_customer_ids.run_anomaly_detection scheduled__2024-09-12T12:45:00+00:00 [running]> on host 7403e816bcf5
[2024-09-12T13:01:12.165+0000] {job.py:229} INFO - Heartbeat recovered after 43.83 seconds
[2024-09-12T13:01:16.399+0000] {taskinstance.py:3131} INFO - Exporting env vars: AIRFLOW_CTX_DAG_OWNER='airflow' AIRFLOW_CTX_DAG_ID='Dag_detect_invalid_customer_ids' AIRFLOW_CTX_TASK_ID='run_anomaly_detection' AIRFLOW_CTX_EXECUTION_DATE='2024-09-12T12:45:00+00:00' AIRFLOW_CTX_TRY_NUMBER='1' AIRFLOW_CTX_DAG_RUN_ID='scheduled__2024-09-12T12:45:00+00:00'
[2024-09-12T13:01:16.437+0000] {taskinstance.py:731} INFO - ::endgroup::
[2024-09-12T13:01:16.610+0000] {dag_detect_invalid_customer_ids.py:101} INFO - Starting anomaly detection process
[2024-09-12T13:01:21.761+0000] {dag_detect_invalid_customer_ids.py:105} INFO - Loaded 15 transactions
[2024-09-12T13:01:22.000+0000] {dag_detect_invalid_customer_ids.py:108} INFO - Detected 2 anomalies
[2024-09-12T13:01:22.173+0000] {dag_detect_invalid_customer_ids.py:94} INFO - Inserted 2 new anomalies.
[2024-09-12T13:01:22.176+0000] {dag_detect_invalid_customer_ids.py:111} INFO - Anomaly detection process completed successfully
[2024-09-12T13:01:22.182+0000] {python.py:240} INFO - Done. Returned value was: None
[2024-09-12T13:01:23.743+0000] {taskinstance.py:340} INFO - ::group::Post task execution logs
[2024-09-12T13:01:23.748+0000] {taskinstance.py:352} INFO - Marking task as SUCCESS. dag_id=Dag_detect_invalid_customer_ids, task_id=run_anomaly_detection, run_id=scheduled__2024-09-12T12:45:00+00:00, execution_date=20240912T124500, start_date=20240912T130044, end_date=20240912T130123
[2024-09-12T13:01:23.978+0000] {local_task_job_runner.py:266} INFO - Task exited with return code 0
[2024-09-12T13:01:24.610+0000] {standard_task_runner.py:217} INFO - Process not found (most likely exited), stop collecting metrics
[2024-09-12T13:01:25.314+0000] {taskinstance.py:3900} INFO - 0 downstream tasks scheduled from follow-on schedule check
[2024-09-12T13:01:25.332+0000] {local_task_job_runner.py:245} INFO - ::endgroup::
