[2024-09-10T23:35:09.529+0000] {local_task_job_runner.py:123} INFO - ::group::Pre task execution logs
[2024-09-10T23:35:11.075+0000] {taskinstance.py:2612} INFO - Dependencies all met for dep_context=non-requeueable deps ti=<TaskInstance: correction_Dag_Negative_Value.correct_negative_values scheduled__2024-09-10T23:30:00+00:00 [queued]>
[2024-09-10T23:35:11.316+0000] {taskinstance.py:2612} INFO - Dependencies all met for dep_context=requeueable deps ti=<TaskInstance: correction_Dag_Negative_Value.correct_negative_values scheduled__2024-09-10T23:30:00+00:00 [queued]>
[2024-09-10T23:35:11.325+0000] {taskinstance.py:2865} INFO - Starting attempt 1 of 2
[2024-09-10T23:35:11.795+0000] {taskinstance.py:2888} INFO - Executing <Task(PythonOperator): correct_negative_values> on 2024-09-10 23:30:00+00:00
[2024-09-10T23:35:12.571+0000] {standard_task_runner.py:104} INFO - Running: ['airflow', 'tasks', 'run', 'correction_Dag_Negative_Value', 'correct_negative_values', 'scheduled__2024-09-10T23:30:00+00:00', '--job-id', '158', '--raw', '--subdir', 'DAGS_FOLDER/Correction_dag_Negative_Value.py', '--cfg-path', '/tmp/tmpq9yj3f7n']
[2024-09-10T23:35:12.728+0000] {standard_task_runner.py:105} INFO - Job 158: Subtask correct_negative_values
[2024-09-10T23:35:13.146+0000] {logging_mixin.py:190} WARNING - /home/airflow/.local/lib/python3.12/site-packages/airflow/task/task_runner/standard_task_runner.py:70 DeprecationWarning: This process (pid=3129) is multi-threaded, use of fork() may lead to deadlocks in the child.
[2024-09-10T23:35:13.151+0000] {standard_task_runner.py:72} INFO - Started process 3153 to run task
[2024-09-10T23:35:17.264+0000] {task_command.py:467} INFO - Running <TaskInstance: correction_Dag_Negative_Value.correct_negative_values scheduled__2024-09-10T23:30:00+00:00 [running]> on host 5cd9362923f6
[2024-09-10T23:35:20.709+0000] {job.py:229} INFO - Heartbeat recovered after 14.89 seconds
[2024-09-10T23:35:24.344+0000] {taskinstance.py:3131} INFO - Exporting env vars: AIRFLOW_CTX_DAG_OWNER='airflow' AIRFLOW_CTX_DAG_ID='correction_Dag_Negative_Value' AIRFLOW_CTX_TASK_ID='correct_negative_values' AIRFLOW_CTX_EXECUTION_DATE='2024-09-10T23:30:00+00:00' AIRFLOW_CTX_TRY_NUMBER='1' AIRFLOW_CTX_DAG_RUN_ID='scheduled__2024-09-10T23:30:00+00:00'
[2024-09-10T23:35:24.349+0000] {taskinstance.py:731} INFO - ::endgroup::
[2024-09-10T23:35:25.566+0000] {logging_mixin.py:190} INFO - Anomalies corrigées avec succès.
[2024-09-10T23:35:25.576+0000] {python.py:240} INFO - Done. Returned value was: None
[2024-09-10T23:35:27.568+0000] {taskinstance.py:340} INFO - ::group::Post task execution logs
[2024-09-10T23:35:27.570+0000] {taskinstance.py:352} INFO - Marking task as SUCCESS. dag_id=correction_Dag_Negative_Value, task_id=correct_negative_values, run_id=scheduled__2024-09-10T23:30:00+00:00, execution_date=20240910T233000, start_date=20240910T233511, end_date=20240910T233527
[2024-09-10T23:35:29.015+0000] {local_task_job_runner.py:266} INFO - Task exited with return code 0
[2024-09-10T23:35:29.413+0000] {taskinstance.py:3900} INFO - 0 downstream tasks scheduled from follow-on schedule check
[2024-09-10T23:35:29.430+0000] {local_task_job_runner.py:245} INFO - ::endgroup::
