[2024-09-22T16:00:11.274+0000] {local_task_job_runner.py:123} INFO - ::group::Pre task execution logs
[2024-09-22T16:00:12.381+0000] {taskinstance.py:2612} INFO - Dependencies all met for dep_context=non-requeueable deps ti=<TaskInstance: Corrrect_Dag_detect_and_correct_collective_anomalie.detect_and_correct_collective_anomalie scheduled__2024-09-22T15:55:00+00:00 [queued]>
[2024-09-22T16:00:12.457+0000] {taskinstance.py:2612} INFO - Dependencies all met for dep_context=requeueable deps ti=<TaskInstance: Corrrect_Dag_detect_and_correct_collective_anomalie.detect_and_correct_collective_anomalie scheduled__2024-09-22T15:55:00+00:00 [queued]>
[2024-09-22T16:00:12.464+0000] {taskinstance.py:2865} INFO - Starting attempt 1 of 2
[2024-09-22T16:00:12.555+0000] {taskinstance.py:2888} INFO - Executing <Task(PythonOperator): detect_and_correct_collective_anomalie> on 2024-09-22 15:55:00+00:00
[2024-09-22T16:00:12.863+0000] {logging_mixin.py:190} WARNING - /home/airflow/.local/lib/python3.12/site-packages/airflow/task/task_runner/standard_task_runner.py:70 DeprecationWarning: This process (pid=14045) is multi-threaded, use of fork() may lead to deadlocks in the child.
[2024-09-22T16:00:12.960+0000] {standard_task_runner.py:72} INFO - Started process 14122 to run task
[2024-09-22T16:00:12.783+0000] {standard_task_runner.py:104} INFO - Running: ['airflow', 'tasks', 'run', 'Corrrect_Dag_detect_and_correct_collective_anomalie', 'detect_and_correct_collective_anomalie', 'scheduled__2024-09-22T15:55:00+00:00', '--job-id', '5267', '--raw', '--subdir', 'DAGS_FOLDER/Corrrect_Dag_detect_and_correct_collective_anomalie.py', '--cfg-path', '/tmp/tmp7a2ugzxh']
[2024-09-22T16:00:12.984+0000] {standard_task_runner.py:105} INFO - Job 5267: Subtask detect_and_correct_collective_anomalie
[2024-09-22T16:00:17.466+0000] {task_command.py:467} INFO - Running <TaskInstance: Corrrect_Dag_detect_and_correct_collective_anomalie.detect_and_correct_collective_anomalie scheduled__2024-09-22T15:55:00+00:00 [running]> on host 93b0c38322b3
[2024-09-22T16:00:42.642+0000] {job.py:229} INFO - Heartbeat recovered after 33.89 seconds
[2024-09-22T16:00:50.252+0000] {taskinstance.py:3131} INFO - Exporting env vars: AIRFLOW_CTX_DAG_OWNER='airflow' AIRFLOW_CTX_DAG_ID='Corrrect_Dag_detect_and_correct_collective_anomalie' AIRFLOW_CTX_TASK_ID='detect_and_correct_collective_anomalie' AIRFLOW_CTX_EXECUTION_DATE='2024-09-22T15:55:00+00:00' AIRFLOW_CTX_TRY_NUMBER='1' AIRFLOW_CTX_DAG_RUN_ID='scheduled__2024-09-22T15:55:00+00:00'
[2024-09-22T16:00:50.270+0000] {taskinstance.py:731} INFO - ::endgroup::
[2024-09-22T16:00:52.734+0000] {logging_mixin.py:190} WARNING - /opt/airflow/dags/Corrrect_Dag_detect_and_correct_collective_anomalie.py:15 UserWarning: pandas only supports SQLAlchemy connectable (engine/connection) or database string URI or sqlite3 DBAPI2 connection. Other DBAPI2 objects are not tested. Please consider using SQLAlchemy.
[2024-09-22T16:00:54.199+0000] {job.py:229} INFO - Heartbeat recovered after 20.16 seconds
[2024-09-22T16:00:54.775+0000] {python.py:240} INFO - Done. Returned value was: None
[2024-09-22T16:00:56.587+0000] {taskinstance.py:340} INFO - ::group::Post task execution logs
[2024-09-22T16:00:56.590+0000] {taskinstance.py:352} INFO - Marking task as SUCCESS. dag_id=Corrrect_Dag_detect_and_correct_collective_anomalie, task_id=detect_and_correct_collective_anomalie, run_id=scheduled__2024-09-22T15:55:00+00:00, execution_date=20240922T155500, start_date=20240922T160012, end_date=20240922T160056
[2024-09-22T16:00:56.949+0000] {local_task_job_runner.py:266} INFO - Task exited with return code 0
[2024-09-22T16:00:57.603+0000] {standard_task_runner.py:217} INFO - Process not found (most likely exited), stop collecting metrics
[2024-09-22T16:00:58.062+0000] {taskinstance.py:3900} INFO - 0 downstream tasks scheduled from follow-on schedule check
[2024-09-22T16:00:58.082+0000] {local_task_job_runner.py:245} INFO - ::endgroup::
