[2024-10-23T12:00:26.310+0000] {local_task_job_runner.py:123} INFO - ::group::Pre task execution logs
[2024-10-23T12:00:27.196+0000] {taskinstance.py:2612} INFO - Dependencies all met for dep_context=non-requeueable deps ti=<TaskInstance: welcome_dag.print_welcome scheduled__2024-10-23T12:00:04+00:00 [queued]>
[2024-10-23T12:00:27.258+0000] {taskinstance.py:2612} INFO - Dependencies all met for dep_context=requeueable deps ti=<TaskInstance: welcome_dag.print_welcome scheduled__2024-10-23T12:00:04+00:00 [queued]>
[2024-10-23T12:00:27.262+0000] {taskinstance.py:2865} INFO - Starting attempt 1 of 1
[2024-10-23T12:00:27.347+0000] {taskinstance.py:2888} INFO - Executing <Task(PythonOperator): print_welcome> on 2024-10-23 12:00:04+00:00
[2024-10-23T12:00:27.385+0000] {standard_task_runner.py:104} INFO - Running: ['airflow', 'tasks', 'run', 'welcome_dag', 'print_welcome', 'scheduled__2024-10-23T12:00:04+00:00', '--job-id', '6104', '--raw', '--subdir', 'DAGS_FOLDER/Awelcome_dags.py', '--cfg-path', '/tmp/tmpfyk34nke']
[2024-10-23T12:00:27.424+0000] {standard_task_runner.py:105} INFO - Job 6104: Subtask print_welcome
[2024-10-23T12:00:27.500+0000] {logging_mixin.py:190} WARNING - /home/airflow/.local/lib/python3.12/site-packages/airflow/task/task_runner/standard_task_runner.py:70 DeprecationWarning: This process (pid=5900) is multi-threaded, use of fork() may lead to deadlocks in the child.
[2024-10-23T12:00:27.501+0000] {standard_task_runner.py:72} INFO - Started process 5933 to run task
[2024-10-23T12:00:42.454+0000] {job.py:229} INFO - Heartbeat recovered after 18.54 seconds
[2024-10-23T12:00:45.188+0000] {task_command.py:467} INFO - Running <TaskInstance: welcome_dag.print_welcome scheduled__2024-10-23T12:00:04+00:00 [running]> on host 696ca67245ce
[2024-10-23T12:00:53.967+0000] {taskinstance.py:3131} INFO - Exporting env vars: AIRFLOW_CTX_DAG_OWNER='airflow' AIRFLOW_CTX_DAG_ID='welcome_dag' AIRFLOW_CTX_TASK_ID='print_welcome' AIRFLOW_CTX_EXECUTION_DATE='2024-10-23T12:00:04+00:00' AIRFLOW_CTX_TRY_NUMBER='1' AIRFLOW_CTX_DAG_RUN_ID='scheduled__2024-10-23T12:00:04+00:00'
[2024-10-23T12:00:53.986+0000] {taskinstance.py:731} INFO - ::endgroup::
[2024-10-23T12:00:54.197+0000] {logging_mixin.py:190} INFO - Welcome to Airflow!
[2024-10-23T12:00:54.208+0000] {python.py:240} INFO - Done. Returned value was: None
[2024-10-23T12:00:55.239+0000] {taskinstance.py:340} INFO - ::group::Post task execution logs
[2024-10-23T12:00:55.249+0000] {taskinstance.py:352} INFO - Marking task as SUCCESS. dag_id=welcome_dag, task_id=print_welcome, run_id=scheduled__2024-10-23T12:00:04+00:00, execution_date=20241023T120004, start_date=20241023T120027, end_date=20241023T120055
[2024-10-23T12:00:55.452+0000] {local_task_job_runner.py:266} INFO - Task exited with return code 0
[2024-10-23T12:00:56.328+0000] {local_task_job_runner.py:245} INFO - ::endgroup::
[2024-10-23T12:00:57.371+0000] {standard_task_runner.py:217} INFO - Process not found (most likely exited), stop collecting metrics
