[2024-09-08T14:40:09.168+0000] {local_task_job_runner.py:123} INFO - ::group::Pre task execution logs
[2024-09-08T14:40:10.597+0000] {taskinstance.py:2612} INFO - Dependencies all met for dep_context=non-requeueable deps ti=<TaskInstance: Correction_dag_high_total_amount.Correction_dag_high_total_amount scheduled__2024-09-08T14:35:00+00:00 [queued]>
[2024-09-08T14:40:10.731+0000] {taskinstance.py:2612} INFO - Dependencies all met for dep_context=requeueable deps ti=<TaskInstance: Correction_dag_high_total_amount.Correction_dag_high_total_amount scheduled__2024-09-08T14:35:00+00:00 [queued]>
[2024-09-08T14:40:10.735+0000] {taskinstance.py:2865} INFO - Starting attempt 1 of 2
[2024-09-08T14:40:11.949+0000] {taskinstance.py:2888} INFO - Executing <Task(PythonOperator): Correction_dag_high_total_amount> on 2024-09-08 14:35:00+00:00
[2024-09-08T14:40:12.559+0000] {standard_task_runner.py:104} INFO - Running: ['airflow', 'tasks', 'run', 'Correction_dag_high_total_amount', 'Correction_dag_high_total_amount', 'scheduled__2024-09-08T14:35:00+00:00', '--job-id', '1178', '--raw', '--subdir', 'DAGS_FOLDER/Correction_dag_high_total_amount.py', '--cfg-path', '/tmp/tmpslxh9fxu']
[2024-09-08T14:40:12.656+0000] {standard_task_runner.py:105} INFO - Job 1178: Subtask Correction_dag_high_total_amount
[2024-09-08T14:40:12.702+0000] {logging_mixin.py:190} WARNING - /home/airflow/.local/lib/python3.12/site-packages/airflow/task/task_runner/standard_task_runner.py:70 DeprecationWarning: This process (pid=28855) is multi-threaded, use of fork() may lead to deadlocks in the child.
[2024-09-08T14:40:12.757+0000] {standard_task_runner.py:72} INFO - Started process 28895 to run task
[2024-09-08T14:40:15.267+0000] {task_command.py:467} INFO - Running <TaskInstance: Correction_dag_high_total_amount.Correction_dag_high_total_amount scheduled__2024-09-08T14:35:00+00:00 [running]> on host 13d1dadf4f15
[2024-09-08T14:40:18.566+0000] {taskinstance.py:3131} INFO - Exporting env vars: AIRFLOW_CTX_DAG_OWNER='airflow' AIRFLOW_CTX_DAG_ID='Correction_dag_high_total_amount' AIRFLOW_CTX_TASK_ID='Correction_dag_high_total_amount' AIRFLOW_CTX_EXECUTION_DATE='2024-09-08T14:35:00+00:00' AIRFLOW_CTX_TRY_NUMBER='1' AIRFLOW_CTX_DAG_RUN_ID='scheduled__2024-09-08T14:35:00+00:00'
[2024-09-08T14:40:18.585+0000] {taskinstance.py:731} INFO - ::endgroup::
[2024-09-08T14:40:18.922+0000] {logging_mixin.py:190} INFO - Les anomalies ont été corrigées dans la base de données.
[2024-09-08T14:40:18.927+0000] {python.py:240} INFO - Done. Returned value was: None
[2024-09-08T14:40:19.283+0000] {job.py:229} INFO - Heartbeat recovered after 13.59 seconds
[2024-09-08T14:40:19.805+0000] {taskinstance.py:340} INFO - ::group::Post task execution logs
[2024-09-08T14:40:19.807+0000] {taskinstance.py:352} INFO - Marking task as SUCCESS. dag_id=Correction_dag_high_total_amount, task_id=Correction_dag_high_total_amount, run_id=scheduled__2024-09-08T14:35:00+00:00, execution_date=20240908T143500, start_date=20240908T144010, end_date=20240908T144019
[2024-09-08T14:40:19.988+0000] {local_task_job_runner.py:266} INFO - Task exited with return code 0
[2024-09-08T14:40:20.354+0000] {taskinstance.py:3900} INFO - 0 downstream tasks scheduled from follow-on schedule check
[2024-09-08T14:40:20.372+0000] {local_task_job_runner.py:245} INFO - ::endgroup::
