[2024-09-12T14:00:05.358+0000] {local_task_job_runner.py:123} INFO - ::group::Pre task execution logs
[2024-09-12T14:00:06.034+0000] {taskinstance.py:2612} INFO - Dependencies all met for dep_context=non-requeueable deps ti=<TaskInstance: correction_Dag_Valeu_NULL.correct_transactions_anomalies scheduled__2024-09-12T13:55:00+00:00 [queued]>
[2024-09-12T14:00:06.237+0000] {taskinstance.py:2612} INFO - Dependencies all met for dep_context=requeueable deps ti=<TaskInstance: correction_Dag_Valeu_NULL.correct_transactions_anomalies scheduled__2024-09-12T13:55:00+00:00 [queued]>
[2024-09-12T14:00:06.248+0000] {taskinstance.py:2865} INFO - Starting attempt 1 of 2
[2024-09-12T14:00:06.474+0000] {taskinstance.py:2888} INFO - Executing <Task(PythonOperator): correct_transactions_anomalies> on 2024-09-12 13:55:00+00:00
[2024-09-12T14:00:07.255+0000] {logging_mixin.py:190} WARNING - /home/airflow/.local/lib/python3.12/site-packages/airflow/task/task_runner/standard_task_runner.py:70 DeprecationWarning: This process (pid=28169) is multi-threaded, use of fork() may lead to deadlocks in the child.
[2024-09-12T14:00:07.416+0000] {standard_task_runner.py:72} INFO - Started process 28194 to run task
[2024-09-12T14:00:07.361+0000] {standard_task_runner.py:104} INFO - Running: ['airflow', 'tasks', 'run', 'correction_Dag_Valeu_NULL', 'correct_transactions_anomalies', 'scheduled__2024-09-12T13:55:00+00:00', '--job-id', '2035', '--raw', '--subdir', 'DAGS_FOLDER/Correction_dag_Valeur_NULL.py', '--cfg-path', '/tmp/tmp1dtpqa6c']
[2024-09-12T14:00:07.652+0000] {standard_task_runner.py:105} INFO - Job 2035: Subtask correct_transactions_anomalies
[2024-09-12T14:00:11.405+0000] {task_command.py:467} INFO - Running <TaskInstance: correction_Dag_Valeu_NULL.correct_transactions_anomalies scheduled__2024-09-12T13:55:00+00:00 [running]> on host 7403e816bcf5
[2024-09-12T14:00:20.484+0000] {job.py:229} INFO - Heartbeat recovered after 17.23 seconds
[2024-09-12T14:00:23.118+0000] {taskinstance.py:3131} INFO - Exporting env vars: AIRFLOW_CTX_DAG_OWNER='airflow' AIRFLOW_CTX_DAG_ID='correction_Dag_Valeu_NULL' AIRFLOW_CTX_TASK_ID='correct_transactions_anomalies' AIRFLOW_CTX_EXECUTION_DATE='2024-09-12T13:55:00+00:00' AIRFLOW_CTX_TRY_NUMBER='1' AIRFLOW_CTX_DAG_RUN_ID='scheduled__2024-09-12T13:55:00+00:00'
[2024-09-12T14:00:23.128+0000] {taskinstance.py:731} INFO - ::endgroup::
[2024-09-12T14:00:24.000+0000] {logging_mixin.py:190} INFO - Correction des anomalies dans la table Transactions réussie.
[2024-09-12T14:00:24.002+0000] {python.py:240} INFO - Done. Returned value was: None
[2024-09-12T14:00:25.020+0000] {taskinstance.py:340} INFO - ::group::Post task execution logs
[2024-09-12T14:00:25.023+0000] {taskinstance.py:352} INFO - Marking task as SUCCESS. dag_id=correction_Dag_Valeu_NULL, task_id=correct_transactions_anomalies, run_id=scheduled__2024-09-12T13:55:00+00:00, execution_date=20240912T135500, start_date=20240912T140006, end_date=20240912T140025
[2024-09-12T14:00:25.455+0000] {local_task_job_runner.py:266} INFO - Task exited with return code 0
[2024-09-12T14:00:29.688+0000] {standard_task_runner.py:217} INFO - Process not found (most likely exited), stop collecting metrics
[2024-09-12T14:00:34.036+0000] {taskinstance.py:3900} INFO - 0 downstream tasks scheduled from follow-on schedule check
[2024-09-12T14:00:34.112+0000] {local_task_job_runner.py:245} INFO - ::endgroup::
