[2024-09-10T21:35:07.482+0000] {local_task_job_runner.py:123} INFO - ::group::Pre task execution logs
[2024-09-10T21:35:08.809+0000] {taskinstance.py:2612} INFO - Dependencies all met for dep_context=non-requeueable deps ti=<TaskInstance: correction_Dag_Negative_Value.correct_negative_values scheduled__2024-09-10T21:30:00+00:00 [queued]>
[2024-09-10T21:35:08.918+0000] {taskinstance.py:2612} INFO - Dependencies all met for dep_context=requeueable deps ti=<TaskInstance: correction_Dag_Negative_Value.correct_negative_values scheduled__2024-09-10T21:30:00+00:00 [queued]>
[2024-09-10T21:35:08.920+0000] {taskinstance.py:2865} INFO - Starting attempt 1 of 2
[2024-09-10T21:35:09.272+0000] {taskinstance.py:2888} INFO - Executing <Task(PythonOperator): correct_negative_values> on 2024-09-10 21:30:00+00:00
[2024-09-10T21:35:09.512+0000] {logging_mixin.py:190} WARNING - /home/airflow/.local/lib/python3.12/site-packages/airflow/task/task_runner/standard_task_runner.py:70 DeprecationWarning: This process (pid=2630) is multi-threaded, use of fork() may lead to deadlocks in the child.
[2024-09-10T21:35:09.573+0000] {standard_task_runner.py:72} INFO - Started process 2657 to run task
[2024-09-10T21:35:09.791+0000] {standard_task_runner.py:104} INFO - Running: ['airflow', 'tasks', 'run', 'correction_Dag_Negative_Value', 'correct_negative_values', 'scheduled__2024-09-10T21:30:00+00:00', '--job-id', '3555', '--raw', '--subdir', 'DAGS_FOLDER/Correction_dag_Negative_Value.py', '--cfg-path', '/tmp/tmpl47b5un0']
[2024-09-10T21:35:09.959+0000] {standard_task_runner.py:105} INFO - Job 3555: Subtask correct_negative_values
[2024-09-10T21:35:14.171+0000] {task_command.py:467} INFO - Running <TaskInstance: correction_Dag_Negative_Value.correct_negative_values scheduled__2024-09-10T21:30:00+00:00 [running]> on host f0946a6cef1f
[2024-09-10T21:35:18.842+0000] {job.py:229} INFO - Heartbeat recovered after 14.83 seconds
[2024-09-10T21:35:21.201+0000] {taskinstance.py:3131} INFO - Exporting env vars: AIRFLOW_CTX_DAG_OWNER='airflow' AIRFLOW_CTX_DAG_ID='correction_Dag_Negative_Value' AIRFLOW_CTX_TASK_ID='correct_negative_values' AIRFLOW_CTX_EXECUTION_DATE='2024-09-10T21:30:00+00:00' AIRFLOW_CTX_TRY_NUMBER='1' AIRFLOW_CTX_DAG_RUN_ID='scheduled__2024-09-10T21:30:00+00:00'
[2024-09-10T21:35:21.216+0000] {taskinstance.py:731} INFO - ::endgroup::
[2024-09-10T21:35:22.181+0000] {logging_mixin.py:190} INFO - Anomalies corrigées avec succès.
[2024-09-10T21:35:22.196+0000] {python.py:240} INFO - Done. Returned value was: None
[2024-09-10T21:35:23.375+0000] {taskinstance.py:340} INFO - ::group::Post task execution logs
[2024-09-10T21:35:23.396+0000] {taskinstance.py:352} INFO - Marking task as SUCCESS. dag_id=correction_Dag_Negative_Value, task_id=correct_negative_values, run_id=scheduled__2024-09-10T21:30:00+00:00, execution_date=20240910T213000, start_date=20240910T213508, end_date=20240910T213523
[2024-09-10T21:35:23.889+0000] {local_task_job_runner.py:266} INFO - Task exited with return code 0
[2024-09-10T21:35:24.775+0000] {local_task_job_runner.py:245} INFO - ::endgroup::
[2024-09-10T21:35:25.056+0000] {standard_task_runner.py:217} INFO - Process not found (most likely exited), stop collecting metrics
