[2024-09-13T23:00:16.970+0000] {local_task_job_runner.py:123} INFO - ::group::Pre task execution logs
[2024-09-13T23:00:21.822+0000] {taskinstance.py:2612} INFO - Dependencies all met for dep_context=non-requeueable deps ti=<TaskInstance: correction_Dag_Negative_Value.correct_negative_values scheduled__2024-09-13T22:55:00+00:00 [queued]>
[2024-09-13T23:00:22.238+0000] {taskinstance.py:2612} INFO - Dependencies all met for dep_context=requeueable deps ti=<TaskInstance: correction_Dag_Negative_Value.correct_negative_values scheduled__2024-09-13T22:55:00+00:00 [queued]>
[2024-09-13T23:00:22.280+0000] {taskinstance.py:2865} INFO - Starting attempt 1 of 2
[2024-09-13T23:00:23.588+0000] {taskinstance.py:2888} INFO - Executing <Task(PythonOperator): correct_negative_values> on 2024-09-13 22:55:00+00:00
[2024-09-13T23:00:25.184+0000] {standard_task_runner.py:104} INFO - Running: ['airflow', 'tasks', 'run', 'correction_Dag_Negative_Value', 'correct_negative_values', 'scheduled__2024-09-13T22:55:00+00:00', '--job-id', '3898', '--raw', '--subdir', 'DAGS_FOLDER/Correction_dag_Negative_Value.py', '--cfg-path', '/tmp/tmpmyco5wxa']
[2024-09-13T23:00:26.166+0000] {standard_task_runner.py:105} INFO - Job 3898: Subtask correct_negative_values
[2024-09-13T23:00:26.643+0000] {logging_mixin.py:190} WARNING - /home/airflow/.local/lib/python3.12/site-packages/airflow/task/task_runner/standard_task_runner.py:70 DeprecationWarning: This process (pid=85105) is multi-threaded, use of fork() may lead to deadlocks in the child.
[2024-09-13T23:00:26.666+0000] {standard_task_runner.py:72} INFO - Started process 85139 to run task
[2024-09-13T23:00:43.123+0000] {job.py:229} INFO - Heartbeat recovered after 38.12 seconds
[2024-09-13T23:00:51.572+0000] {task_command.py:467} INFO - Running <TaskInstance: correction_Dag_Negative_Value.correct_negative_values scheduled__2024-09-13T22:55:00+00:00 [running]> on host 7403e816bcf5
[2024-09-13T23:00:55.326+0000] {job.py:229} INFO - Heartbeat recovered after 13.80 seconds
[2024-09-13T23:01:09.466+0000] {job.py:229} INFO - Heartbeat recovered after 14.29 seconds
[2024-09-13T23:01:22.087+0000] {job.py:229} INFO - Heartbeat recovered after 12.86 seconds
[2024-09-13T23:01:25.244+0000] {taskinstance.py:3131} INFO - Exporting env vars: AIRFLOW_CTX_DAG_OWNER='airflow' AIRFLOW_CTX_DAG_ID='correction_Dag_Negative_Value' AIRFLOW_CTX_TASK_ID='correct_negative_values' AIRFLOW_CTX_EXECUTION_DATE='2024-09-13T22:55:00+00:00' AIRFLOW_CTX_TRY_NUMBER='1' AIRFLOW_CTX_DAG_RUN_ID='scheduled__2024-09-13T22:55:00+00:00'
[2024-09-13T23:01:26.111+0000] {taskinstance.py:731} INFO - ::endgroup::
[2024-09-13T23:01:29.836+0000] {logging_mixin.py:190} INFO - Anomalies corrigées avec succès.
[2024-09-13T23:01:29.844+0000] {python.py:240} INFO - Done. Returned value was: None
[2024-09-13T23:01:33.480+0000] {taskinstance.py:340} INFO - ::group::Post task execution logs
[2024-09-13T23:01:33.542+0000] {taskinstance.py:352} INFO - Marking task as SUCCESS. dag_id=correction_Dag_Negative_Value, task_id=correct_negative_values, run_id=scheduled__2024-09-13T22:55:00+00:00, execution_date=20240913T225500, start_date=20240913T230021, end_date=20240913T230133
[2024-09-13T23:01:36.130+0000] {job.py:229} INFO - Heartbeat recovered after 14.13 seconds
[2024-09-13T23:01:39.287+0000] {local_task_job_runner.py:266} INFO - Task exited with return code 0
[2024-09-13T23:01:42.795+0000] {standard_task_runner.py:217} INFO - Process not found (most likely exited), stop collecting metrics
[2024-09-13T23:01:46.895+0000] {taskinstance.py:3900} INFO - 0 downstream tasks scheduled from follow-on schedule check
[2024-09-13T23:01:46.946+0000] {local_task_job_runner.py:245} INFO - ::endgroup::
