[2024-09-14T18:20:25.830+0000] {local_task_job_runner.py:123} INFO - ::group::Pre task execution logs
[2024-09-14T18:20:30.298+0000] {taskinstance.py:2612} INFO - Dependencies all met for dep_context=non-requeueable deps ti=<TaskInstance: correction_Dag_Valeu_NULL.correct_transactions_anomalies scheduled__2024-09-14T18:15:00+00:00 [queued]>
[2024-09-14T18:20:31.457+0000] {taskinstance.py:2612} INFO - Dependencies all met for dep_context=requeueable deps ti=<TaskInstance: correction_Dag_Valeu_NULL.correct_transactions_anomalies scheduled__2024-09-14T18:15:00+00:00 [queued]>
[2024-09-14T18:20:31.478+0000] {taskinstance.py:2865} INFO - Starting attempt 1 of 2
[2024-09-14T18:20:33.285+0000] {taskinstance.py:2888} INFO - Executing <Task(PythonOperator): correct_transactions_anomalies> on 2024-09-14 18:15:00+00:00
[2024-09-14T18:20:36.531+0000] {logging_mixin.py:190} WARNING - /home/airflow/.local/lib/python3.12/site-packages/airflow/task/task_runner/standard_task_runner.py:70 DeprecationWarning: This process (pid=98540) is multi-threaded, use of fork() may lead to deadlocks in the child.
[2024-09-14T18:20:36.565+0000] {standard_task_runner.py:72} INFO - Started process 98566 to run task
[2024-09-14T18:20:39.965+0000] {standard_task_runner.py:104} INFO - Running: ['airflow', 'tasks', 'run', 'correction_Dag_Valeu_NULL', 'correct_transactions_anomalies', 'scheduled__2024-09-14T18:15:00+00:00', '--job-id', '4231', '--raw', '--subdir', 'DAGS_FOLDER/Correction_dag_Valeur_NULL.py', '--cfg-path', '/tmp/tmpdtp6qmc9']
[2024-09-14T18:20:40.311+0000] {standard_task_runner.py:105} INFO - Job 4231: Subtask correct_transactions_anomalies
[2024-09-14T18:20:50.172+0000] {job.py:229} INFO - Heartbeat recovered after 33.74 seconds
[2024-09-14T18:20:55.345+0000] {task_command.py:467} INFO - Running <TaskInstance: correction_Dag_Valeu_NULL.correct_transactions_anomalies scheduled__2024-09-14T18:15:00+00:00 [running]> on host 7403e816bcf5
[2024-09-14T18:21:02.357+0000] {job.py:229} INFO - Heartbeat recovered after 13.35 seconds
[2024-09-14T18:21:08.225+0000] {taskinstance.py:3131} INFO - Exporting env vars: AIRFLOW_CTX_DAG_OWNER='airflow' AIRFLOW_CTX_DAG_ID='correction_Dag_Valeu_NULL' AIRFLOW_CTX_TASK_ID='correct_transactions_anomalies' AIRFLOW_CTX_EXECUTION_DATE='2024-09-14T18:15:00+00:00' AIRFLOW_CTX_TRY_NUMBER='1' AIRFLOW_CTX_DAG_RUN_ID='scheduled__2024-09-14T18:15:00+00:00'
[2024-09-14T18:21:08.680+0000] {taskinstance.py:731} INFO - ::endgroup::
[2024-09-14T18:21:11.979+0000] {logging_mixin.py:190} INFO - Correction des anomalies dans la table Transactions réussie.
[2024-09-14T18:21:12.007+0000] {python.py:240} INFO - Done. Returned value was: None
[2024-09-14T18:21:14.536+0000] {taskinstance.py:340} INFO - ::group::Post task execution logs
[2024-09-14T18:21:14.576+0000] {taskinstance.py:352} INFO - Marking task as SUCCESS. dag_id=correction_Dag_Valeu_NULL, task_id=correct_transactions_anomalies, run_id=scheduled__2024-09-14T18:15:00+00:00, execution_date=20240914T181500, start_date=20240914T182030, end_date=20240914T182114
[2024-09-14T18:21:15.775+0000] {local_task_job_runner.py:266} INFO - Task exited with return code 0
[2024-09-14T18:21:16.782+0000] {taskinstance.py:3900} INFO - 0 downstream tasks scheduled from follow-on schedule check
[2024-09-14T18:21:16.818+0000] {local_task_job_runner.py:245} INFO - ::endgroup::
[2024-09-14T18:21:21.044+0000] {standard_task_runner.py:217} INFO - Process not found (most likely exited), stop collecting metrics
