[2024-09-11T16:00:14.037+0000] {local_task_job_runner.py:123} INFO - ::group::Pre task execution logs
[2024-09-11T16:00:15.068+0000] {taskinstance.py:2612} INFO - Dependencies all met for dep_context=non-requeueable deps ti=<TaskInstance: Dag_detect_invalid_customer_ids.run_anomaly_detection scheduled__2024-09-11T15:45:00+00:00 [queued]>
[2024-09-11T16:00:15.164+0000] {taskinstance.py:2612} INFO - Dependencies all met for dep_context=requeueable deps ti=<TaskInstance: Dag_detect_invalid_customer_ids.run_anomaly_detection scheduled__2024-09-11T15:45:00+00:00 [queued]>
[2024-09-11T16:00:15.165+0000] {taskinstance.py:2865} INFO - Starting attempt 1 of 2
[2024-09-11T16:00:16.405+0000] {taskinstance.py:2888} INFO - Executing <Task(PythonOperator): run_anomaly_detection> on 2024-09-11 15:45:00+00:00
[2024-09-11T16:00:16.542+0000] {logging_mixin.py:190} WARNING - /home/airflow/.local/lib/python3.12/site-packages/airflow/task/task_runner/standard_task_runner.py:70 DeprecationWarning: This process (pid=2410) is multi-threaded, use of fork() may lead to deadlocks in the child.
[2024-09-11T16:00:16.601+0000] {standard_task_runner.py:72} INFO - Started process 2460 to run task
[2024-09-11T16:00:16.569+0000] {standard_task_runner.py:104} INFO - Running: ['airflow', 'tasks', 'run', 'Dag_detect_invalid_customer_ids', 'run_anomaly_detection', 'scheduled__2024-09-11T15:45:00+00:00', '--job-id', '971', '--raw', '--subdir', 'DAGS_FOLDER/dag_detect_invalid_customer_ids.py', '--cfg-path', '/tmp/tmpzjs2ftk0']
[2024-09-11T16:00:17.120+0000] {standard_task_runner.py:105} INFO - Job 971: Subtask run_anomaly_detection
[2024-09-11T16:00:23.613+0000] {job.py:229} INFO - Heartbeat recovered after 11.76 seconds
[2024-09-11T16:00:26.756+0000] {task_command.py:467} INFO - Running <TaskInstance: Dag_detect_invalid_customer_ids.run_anomaly_detection scheduled__2024-09-11T15:45:00+00:00 [running]> on host b8b5351e8a6b
[2024-09-11T16:00:39.125+0000] {taskinstance.py:3131} INFO - Exporting env vars: AIRFLOW_CTX_DAG_OWNER='airflow' AIRFLOW_CTX_DAG_ID='Dag_detect_invalid_customer_ids' AIRFLOW_CTX_TASK_ID='run_anomaly_detection' AIRFLOW_CTX_EXECUTION_DATE='2024-09-11T15:45:00+00:00' AIRFLOW_CTX_TRY_NUMBER='1' AIRFLOW_CTX_DAG_RUN_ID='scheduled__2024-09-11T15:45:00+00:00'
[2024-09-11T16:00:39.236+0000] {taskinstance.py:731} INFO - ::endgroup::
[2024-09-11T16:00:39.739+0000] {dag_detect_invalid_customer_ids.py:101} INFO - Starting anomaly detection process
[2024-09-11T16:00:46.089+0000] {dag_detect_invalid_customer_ids.py:105} INFO - Loaded 15 transactions
[2024-09-11T16:00:46.887+0000] {dag_detect_invalid_customer_ids.py:108} INFO - Detected 1 anomalies
[2024-09-11T16:00:47.112+0000] {dag_detect_invalid_customer_ids.py:94} INFO - Inserted 1 new anomalies.
[2024-09-11T16:00:47.131+0000] {dag_detect_invalid_customer_ids.py:111} INFO - Anomaly detection process completed successfully
[2024-09-11T16:00:47.172+0000] {python.py:240} INFO - Done. Returned value was: None
[2024-09-11T16:00:55.851+0000] {taskinstance.py:340} INFO - ::group::Post task execution logs
[2024-09-11T16:00:56.138+0000] {taskinstance.py:352} INFO - Marking task as SUCCESS. dag_id=Dag_detect_invalid_customer_ids, task_id=run_anomaly_detection, run_id=scheduled__2024-09-11T15:45:00+00:00, execution_date=20240911T154500, start_date=20240911T160015, end_date=20240911T160056
[2024-09-11T16:00:57.900+0000] {job.py:229} INFO - Heartbeat recovered after 15.55 seconds
[2024-09-11T16:01:02.167+0000] {local_task_job_runner.py:266} INFO - Task exited with return code 0
[2024-09-11T16:01:02.196+0000] {standard_task_runner.py:217} INFO - Process not found (most likely exited), stop collecting metrics
[2024-09-11T16:01:05.437+0000] {taskinstance.py:3900} INFO - 0 downstream tasks scheduled from follow-on schedule check
[2024-09-11T16:01:05.443+0000] {local_task_job_runner.py:245} INFO - ::endgroup::
