[2024-09-13T14:01:11.719+0000] {local_task_job_runner.py:123} INFO - ::group::Pre task execution logs
[2024-09-13T14:01:13.291+0000] {taskinstance.py:2612} INFO - Dependencies all met for dep_context=non-requeueable deps ti=<TaskInstance: welcome_dag.print_date scheduled__2024-09-13T13:00:59+00:00 [queued]>
[2024-09-13T14:01:13.332+0000] {taskinstance.py:2612} INFO - Dependencies all met for dep_context=requeueable deps ti=<TaskInstance: welcome_dag.print_date scheduled__2024-09-13T13:00:59+00:00 [queued]>
[2024-09-13T14:01:13.335+0000] {taskinstance.py:2865} INFO - Starting attempt 1 of 1
[2024-09-13T14:01:13.446+0000] {taskinstance.py:2888} INFO - Executing <Task(PythonOperator): print_date> on 2024-09-13 13:00:59+00:00
[2024-09-13T14:01:13.484+0000] {standard_task_runner.py:104} INFO - Running: ['airflow', 'tasks', 'run', 'welcome_dag', 'print_date', 'scheduled__2024-09-13T13:00:59+00:00', '--job-id', '2393', '--raw', '--subdir', 'DAGS_FOLDER/Awelcome_dags.py', '--cfg-path', '/tmp/tmp6bv_c41q']
[2024-09-13T14:01:13.497+0000] {standard_task_runner.py:105} INFO - Job 2393: Subtask print_date
[2024-09-13T14:01:13.551+0000] {logging_mixin.py:190} WARNING - /home/airflow/.local/lib/python3.12/site-packages/airflow/task/task_runner/standard_task_runner.py:70 DeprecationWarning: This process (pid=98354) is multi-threaded, use of fork() may lead to deadlocks in the child.
[2024-09-13T14:01:13.569+0000] {standard_task_runner.py:72} INFO - Started process 98390 to run task
[2024-09-13T14:01:15.829+0000] {task_command.py:467} INFO - Running <TaskInstance: welcome_dag.print_date scheduled__2024-09-13T13:00:59+00:00 [running]> on host 7403e816bcf5
[2024-09-13T14:01:19.140+0000] {taskinstance.py:3131} INFO - Exporting env vars: AIRFLOW_CTX_DAG_OWNER='airflow' AIRFLOW_CTX_DAG_ID='welcome_dag' AIRFLOW_CTX_TASK_ID='print_date' AIRFLOW_CTX_EXECUTION_DATE='2024-09-13T13:00:59+00:00' AIRFLOW_CTX_TRY_NUMBER='1' AIRFLOW_CTX_DAG_RUN_ID='scheduled__2024-09-13T13:00:59+00:00'
[2024-09-13T14:01:19.144+0000] {taskinstance.py:731} INFO - ::endgroup::
[2024-09-13T14:01:19.190+0000] {logging_mixin.py:190} INFO - Today is 2024-09-13
[2024-09-13T14:01:19.192+0000] {python.py:240} INFO - Done. Returned value was: None
[2024-09-13T14:01:19.247+0000] {job.py:229} INFO - Heartbeat recovered after 11.36 seconds
[2024-09-13T14:01:19.849+0000] {taskinstance.py:340} INFO - ::group::Post task execution logs
[2024-09-13T14:01:19.851+0000] {taskinstance.py:352} INFO - Marking task as SUCCESS. dag_id=welcome_dag, task_id=print_date, run_id=scheduled__2024-09-13T13:00:59+00:00, execution_date=20240913T130059, start_date=20240913T140113, end_date=20240913T140119
[2024-09-13T14:01:20.041+0000] {local_task_job_runner.py:266} INFO - Task exited with return code 0
[2024-09-13T14:01:20.615+0000] {taskinstance.py:3900} INFO - 0 downstream tasks scheduled from follow-on schedule check
[2024-09-13T14:01:20.624+0000] {local_task_job_runner.py:245} INFO - ::endgroup::
