[2024-09-08T14:01:26.961+0000] {local_task_job_runner.py:123} INFO - ::group::Pre task execution logs
[2024-09-08T14:01:28.192+0000] {taskinstance.py:2612} INFO - Dependencies all met for dep_context=non-requeueable deps ti=<TaskInstance: welcome_dag.print_date scheduled__2024-09-08T14:00:26+00:00 [queued]>
[2024-09-08T14:01:28.272+0000] {taskinstance.py:2612} INFO - Dependencies all met for dep_context=requeueable deps ti=<TaskInstance: welcome_dag.print_date scheduled__2024-09-08T14:00:26+00:00 [queued]>
[2024-09-08T14:01:28.274+0000] {taskinstance.py:2865} INFO - Starting attempt 1 of 1
[2024-09-08T14:01:28.375+0000] {taskinstance.py:2888} INFO - Executing <Task(PythonOperator): print_date> on 2024-09-08 14:00:26+00:00
[2024-09-08T14:01:28.471+0000] {logging_mixin.py:190} WARNING - /home/airflow/.local/lib/python3.12/site-packages/airflow/task/task_runner/standard_task_runner.py:70 DeprecationWarning: This process (pid=22753) is multi-threaded, use of fork() may lead to deadlocks in the child.
[2024-09-08T14:01:28.484+0000] {standard_task_runner.py:72} INFO - Started process 22790 to run task
[2024-09-08T14:01:28.487+0000] {standard_task_runner.py:104} INFO - Running: ['airflow', 'tasks', 'run', 'welcome_dag', 'print_date', 'scheduled__2024-09-08T14:00:26+00:00', '--job-id', '1059', '--raw', '--subdir', 'DAGS_FOLDER/Awelcome_dags.py', '--cfg-path', '/tmp/tmpnaa5mqia']
[2024-09-08T14:01:28.511+0000] {standard_task_runner.py:105} INFO - Job 1059: Subtask print_date
[2024-09-08T14:01:31.194+0000] {task_command.py:467} INFO - Running <TaskInstance: welcome_dag.print_date scheduled__2024-09-08T14:00:26+00:00 [running]> on host 13d1dadf4f15
[2024-09-08T14:01:34.515+0000] {job.py:229} INFO - Heartbeat recovered after 12.75 seconds
[2024-09-08T14:01:35.124+0000] {taskinstance.py:3131} INFO - Exporting env vars: AIRFLOW_CTX_DAG_OWNER='airflow' AIRFLOW_CTX_DAG_ID='welcome_dag' AIRFLOW_CTX_TASK_ID='print_date' AIRFLOW_CTX_EXECUTION_DATE='2024-09-08T14:00:26+00:00' AIRFLOW_CTX_TRY_NUMBER='1' AIRFLOW_CTX_DAG_RUN_ID='scheduled__2024-09-08T14:00:26+00:00'
[2024-09-08T14:01:35.135+0000] {taskinstance.py:731} INFO - ::endgroup::
[2024-09-08T14:01:35.236+0000] {logging_mixin.py:190} INFO - Today is 2024-09-08
[2024-09-08T14:01:35.243+0000] {python.py:240} INFO - Done. Returned value was: None
[2024-09-08T14:01:36.694+0000] {taskinstance.py:340} INFO - ::group::Post task execution logs
[2024-09-08T14:01:36.698+0000] {taskinstance.py:352} INFO - Marking task as SUCCESS. dag_id=welcome_dag, task_id=print_date, run_id=scheduled__2024-09-08T14:00:26+00:00, execution_date=20240908T140026, start_date=20240908T140128, end_date=20240908T140136
[2024-09-08T14:01:36.895+0000] {local_task_job_runner.py:266} INFO - Task exited with return code 0
[2024-09-08T14:01:37.950+0000] {local_task_job_runner.py:245} INFO - ::endgroup::
[2024-09-08T14:01:38.507+0000] {standard_task_runner.py:217} INFO - Process not found (most likely exited), stop collecting metrics
