[2024-09-07T22:00:40.296+0000] {local_task_job_runner.py:123} INFO - ::group::Pre task execution logs
[2024-09-07T22:00:41.995+0000] {taskinstance.py:2612} INFO - Dependencies all met for dep_context=non-requeueable deps ti=<TaskInstance: welcome_dag.print_date scheduled__2024-09-07T22:00:12+00:00 [queued]>
[2024-09-07T22:00:42.056+0000] {taskinstance.py:2612} INFO - Dependencies all met for dep_context=requeueable deps ti=<TaskInstance: welcome_dag.print_date scheduled__2024-09-07T22:00:12+00:00 [queued]>
[2024-09-07T22:00:42.061+0000] {taskinstance.py:2865} INFO - Starting attempt 1 of 1
[2024-09-07T22:00:42.144+0000] {taskinstance.py:2888} INFO - Executing <Task(PythonOperator): print_date> on 2024-09-07 22:00:12+00:00
[2024-09-07T22:00:42.185+0000] {standard_task_runner.py:104} INFO - Running: ['airflow', 'tasks', 'run', 'welcome_dag', 'print_date', 'scheduled__2024-09-07T22:00:12+00:00', '--job-id', '220', '--raw', '--subdir', 'DAGS_FOLDER/Awelcome_dags.py', '--cfg-path', '/tmp/tmp6f36il0r']
[2024-09-07T22:00:42.211+0000] {standard_task_runner.py:105} INFO - Job 220: Subtask print_date
[2024-09-07T22:00:42.221+0000] {logging_mixin.py:190} WARNING - /home/airflow/.local/lib/python3.12/site-packages/airflow/task/task_runner/standard_task_runner.py:70 DeprecationWarning: This process (pid=4262) is multi-threaded, use of fork() may lead to deadlocks in the child.
[2024-09-07T22:00:42.239+0000] {standard_task_runner.py:72} INFO - Started process 4289 to run task
[2024-09-07T22:00:45.107+0000] {task_command.py:467} INFO - Running <TaskInstance: welcome_dag.print_date scheduled__2024-09-07T22:00:12+00:00 [running]> on host 13d1dadf4f15
[2024-09-07T22:00:47.708+0000] {taskinstance.py:3131} INFO - Exporting env vars: AIRFLOW_CTX_DAG_OWNER='airflow' AIRFLOW_CTX_DAG_ID='welcome_dag' AIRFLOW_CTX_TASK_ID='print_date' AIRFLOW_CTX_EXECUTION_DATE='2024-09-07T22:00:12+00:00' AIRFLOW_CTX_TRY_NUMBER='1' AIRFLOW_CTX_DAG_RUN_ID='scheduled__2024-09-07T22:00:12+00:00'
[2024-09-07T22:00:47.717+0000] {taskinstance.py:731} INFO - ::endgroup::
[2024-09-07T22:00:47.764+0000] {logging_mixin.py:190} INFO - Today is 2024-09-07
[2024-09-07T22:00:47.766+0000] {python.py:240} INFO - Done. Returned value was: None
[2024-09-07T22:00:47.939+0000] {job.py:229} INFO - Heartbeat recovered after 11.72 seconds
[2024-09-07T22:00:48.331+0000] {taskinstance.py:340} INFO - ::group::Post task execution logs
[2024-09-07T22:00:48.333+0000] {taskinstance.py:352} INFO - Marking task as SUCCESS. dag_id=welcome_dag, task_id=print_date, run_id=scheduled__2024-09-07T22:00:12+00:00, execution_date=20240907T220012, start_date=20240907T220041, end_date=20240907T220048
[2024-09-07T22:00:48.610+0000] {local_task_job_runner.py:266} INFO - Task exited with return code 0
[2024-09-07T22:00:49.209+0000] {taskinstance.py:3900} INFO - 0 downstream tasks scheduled from follow-on schedule check
[2024-09-07T22:00:49.223+0000] {local_task_job_runner.py:245} INFO - ::endgroup::
