[2024-09-11T14:00:20.869+0000] {local_task_job_runner.py:123} INFO - ::group::Pre task execution logs
[2024-09-11T14:00:26.779+0000] {taskinstance.py:2612} INFO - Dependencies all met for dep_context=non-requeueable deps ti=<TaskInstance: correction_Dag_Negative_Value.correct_negative_values scheduled__2024-09-11T13:55:00+00:00 [queued]>
[2024-09-11T14:00:27.383+0000] {taskinstance.py:2612} INFO - Dependencies all met for dep_context=requeueable deps ti=<TaskInstance: correction_Dag_Negative_Value.correct_negative_values scheduled__2024-09-11T13:55:00+00:00 [queued]>
[2024-09-11T14:00:27.387+0000] {taskinstance.py:2865} INFO - Starting attempt 1 of 2
[2024-09-11T14:00:28.599+0000] {taskinstance.py:2888} INFO - Executing <Task(PythonOperator): correct_negative_values> on 2024-09-11 13:55:00+00:00
[2024-09-11T14:00:28.811+0000] {logging_mixin.py:190} WARNING - /home/airflow/.local/lib/python3.12/site-packages/airflow/task/task_runner/standard_task_runner.py:70 DeprecationWarning: This process (pid=7480) is multi-threaded, use of fork() may lead to deadlocks in the child.
[2024-09-11T14:00:28.976+0000] {standard_task_runner.py:72} INFO - Started process 7524 to run task
[2024-09-11T14:00:29.021+0000] {standard_task_runner.py:104} INFO - Running: ['airflow', 'tasks', 'run', 'correction_Dag_Negative_Value', 'correct_negative_values', 'scheduled__2024-09-11T13:55:00+00:00', '--job-id', '700', '--raw', '--subdir', 'DAGS_FOLDER/Correction_dag_Negative_Value.py', '--cfg-path', '/tmp/tmpcrwlxhuf']
[2024-09-11T14:00:29.303+0000] {standard_task_runner.py:105} INFO - Job 700: Subtask correct_negative_values
[2024-09-11T14:00:49.741+0000] {cli_action_loggers.py:177} WARNING - Failed to log action (psycopg2.OperationalError) could not translate host name "postgres" to address: Temporary failure in name resolution

(Background on this error at: https://sqlalche.me/e/14/e3q8)
[2024-09-11T14:01:00.607+0000] {job.py:229} INFO - Heartbeat recovered after 53.70 seconds
[2024-09-11T14:01:03.210+0000] {task_command.py:467} INFO - Running <TaskInstance: correction_Dag_Negative_Value.correct_negative_values scheduled__2024-09-11T13:55:00+00:00 [running]> on host 180117ed1726
[2024-09-11T14:01:11.088+0000] {job.py:229} INFO - Heartbeat recovered after 10.94 seconds
[2024-09-11T14:01:14.168+0000] {taskinstance.py:3131} INFO - Exporting env vars: AIRFLOW_CTX_DAG_OWNER='airflow' AIRFLOW_CTX_DAG_ID='correction_Dag_Negative_Value' AIRFLOW_CTX_TASK_ID='correct_negative_values' AIRFLOW_CTX_EXECUTION_DATE='2024-09-11T13:55:00+00:00' AIRFLOW_CTX_TRY_NUMBER='1' AIRFLOW_CTX_DAG_RUN_ID='scheduled__2024-09-11T13:55:00+00:00'
[2024-09-11T14:01:14.381+0000] {taskinstance.py:731} INFO - ::endgroup::
[2024-09-11T14:01:17.671+0000] {logging_mixin.py:190} INFO - Anomalies corrigées avec succès.
[2024-09-11T14:01:17.678+0000] {python.py:240} INFO - Done. Returned value was: None
[2024-09-11T14:01:19.099+0000] {taskinstance.py:340} INFO - ::group::Post task execution logs
[2024-09-11T14:01:19.104+0000] {taskinstance.py:352} INFO - Marking task as SUCCESS. dag_id=correction_Dag_Negative_Value, task_id=correct_negative_values, run_id=scheduled__2024-09-11T13:55:00+00:00, execution_date=20240911T135500, start_date=20240911T140026, end_date=20240911T140119
[2024-09-11T14:01:20.446+0000] {local_task_job_runner.py:266} INFO - Task exited with return code 0
[2024-09-11T14:01:22.627+0000] {taskinstance.py:3900} INFO - 0 downstream tasks scheduled from follow-on schedule check
[2024-09-11T14:01:22.653+0000] {local_task_job_runner.py:245} INFO - ::endgroup::
[2024-09-11T14:01:24.929+0000] {standard_task_runner.py:217} INFO - Process not found (most likely exited), stop collecting metrics
