[2024-09-10T21:23:07.562+0000] {local_task_job_runner.py:123} INFO - ::group::Pre task execution logs
[2024-09-10T21:23:07.671+0000] {taskinstance.py:2612} INFO - Dependencies all met for dep_context=non-requeueable deps ti=<TaskInstance: detect_1fn_anomalies_dag.detect_1nf_and_insert_anomalies manual__2024-09-10T21:07:48.932534+00:00 [queued]>
[2024-09-10T21:23:07.683+0000] {taskinstance.py:2612} INFO - Dependencies all met for dep_context=requeueable deps ti=<TaskInstance: detect_1fn_anomalies_dag.detect_1nf_and_insert_anomalies manual__2024-09-10T21:07:48.932534+00:00 [queued]>
[2024-09-10T21:23:07.684+0000] {taskinstance.py:2865} INFO - Starting attempt 4 of 4
[2024-09-10T21:23:07.704+0000] {taskinstance.py:2888} INFO - Executing <Task(PythonOperator): detect_1nf_and_insert_anomalies> on 2024-09-10 21:07:48.932534+00:00
[2024-09-10T21:23:07.720+0000] {logging_mixin.py:190} WARNING - /home/airflow/.local/lib/python3.12/site-packages/airflow/task/task_runner/standard_task_runner.py:70 DeprecationWarning: This process (pid=540) is multi-threaded, use of fork() may lead to deadlocks in the child.
[2024-09-10T21:23:07.718+0000] {standard_task_runner.py:104} INFO - Running: ['airflow', 'tasks', 'run', 'detect_1fn_anomalies_dag', 'detect_1nf_and_insert_anomalies', 'manual__2024-09-10T21:07:48.932534+00:00', '--job-id', '3519', '--raw', '--subdir', 'DAGS_FOLDER/Dag_detect_1FN_anomaly.py', '--cfg-path', '/tmp/tmpqahjeg8q']
[2024-09-10T21:23:07.721+0000] {standard_task_runner.py:72} INFO - Started process 549 to run task
[2024-09-10T21:23:07.721+0000] {standard_task_runner.py:105} INFO - Job 3519: Subtask detect_1nf_and_insert_anomalies
[2024-09-10T21:23:08.075+0000] {task_command.py:467} INFO - Running <TaskInstance: detect_1fn_anomalies_dag.detect_1nf_and_insert_anomalies manual__2024-09-10T21:07:48.932534+00:00 [running]> on host f0946a6cef1f
[2024-09-10T21:23:08.530+0000] {taskinstance.py:3131} INFO - Exporting env vars: AIRFLOW_CTX_DAG_OWNER='airflow' AIRFLOW_CTX_DAG_ID='detect_1fn_anomalies_dag' AIRFLOW_CTX_TASK_ID='detect_1nf_and_insert_anomalies' AIRFLOW_CTX_EXECUTION_DATE='2024-09-10T21:07:48.932534+00:00' AIRFLOW_CTX_TRY_NUMBER='4' AIRFLOW_CTX_DAG_RUN_ID='manual__2024-09-10T21:07:48.932534+00:00'
[2024-09-10T21:23:08.532+0000] {taskinstance.py:731} INFO - ::endgroup::
[2024-09-10T21:23:08.657+0000] {Dag_detect_1FN_anomaly.py:82} INFO - Processing table: customers
[2024-09-10T21:23:08.659+0000] {Dag_detect_1FN_anomaly.py:82} INFO - Processing table: transactions
[2024-09-10T21:23:08.661+0000] {Dag_detect_1FN_anomaly.py:93} ERROR - Error processing table customers: type object 'TaskInstance' has no attribute 'latest_heartbeat'
[2024-09-10T21:23:08.659+0000] {Dag_detect_1FN_anomaly.py:82} INFO - Processing table: products
[2024-09-10T21:23:08.662+0000] {Dag_detect_1FN_anomaly.py:82} INFO - Processing table: productsuppliers
[2024-09-10T21:23:08.665+0000] {Dag_detect_1FN_anomaly.py:93} ERROR - Error processing table transactions: type object 'TaskInstance' has no attribute 'latest_heartbeat'
[2024-09-10T21:23:08.670+0000] {Dag_detect_1FN_anomaly.py:82} INFO - Processing table: log
[2024-09-10T21:23:08.666+0000] {Dag_detect_1FN_anomaly.py:82} INFO - Processing table: anomalies
[2024-09-10T21:23:08.668+0000] {Dag_detect_1FN_anomaly.py:93} ERROR - Error processing table products: type object 'TaskInstance' has no attribute 'latest_heartbeat'
[2024-09-10T21:23:08.669+0000] {Dag_detect_1FN_anomaly.py:93} ERROR - Error processing table productsuppliers: type object 'TaskInstance' has no attribute 'latest_heartbeat'
[2024-09-10T21:23:08.662+0000] {Dag_detect_1FN_anomaly.py:82} INFO - Processing table: orderdetails
[2024-09-10T21:23:08.671+0000] {Dag_detect_1FN_anomaly.py:93} ERROR - Error processing table log: type object 'TaskInstance' has no attribute 'latest_heartbeat'
[2024-09-10T21:23:08.672+0000] {Dag_detect_1FN_anomaly.py:93} ERROR - Error processing table anomalies: type object 'TaskInstance' has no attribute 'latest_heartbeat'
[2024-09-10T21:23:08.673+0000] {Dag_detect_1FN_anomaly.py:82} INFO - Processing table: dag_priority_parsing_request
[2024-09-10T21:23:08.674+0000] {Dag_detect_1FN_anomaly.py:82} INFO - Processing table: job
[2024-09-10T21:23:08.675+0000] {Dag_detect_1FN_anomaly.py:93} ERROR - Error processing table orderdetails: type object 'TaskInstance' has no attribute 'latest_heartbeat'
[2024-09-10T21:23:08.676+0000] {Dag_detect_1FN_anomaly.py:82} INFO - Processing table: anomalies1
[2024-09-10T21:23:08.677+0000] {Dag_detect_1FN_anomaly.py:82} INFO - Processing table: slot_pool
[2024-09-10T21:23:08.678+0000] {Dag_detect_1FN_anomaly.py:93} ERROR - Error processing table dag_priority_parsing_request: type object 'TaskInstance' has no attribute 'latest_heartbeat'
[2024-09-10T21:23:08.680+0000] {Dag_detect_1FN_anomaly.py:93} ERROR - Error processing table job: type object 'TaskInstance' has no attribute 'latest_heartbeat'
[2024-09-10T21:23:08.680+0000] {Dag_detect_1FN_anomaly.py:82} INFO - Processing table: callback_request
[2024-09-10T21:23:08.682+0000] {Dag_detect_1FN_anomaly.py:93} ERROR - Error processing table anomalies1: type object 'TaskInstance' has no attribute 'latest_heartbeat'
[2024-09-10T21:23:08.683+0000] {Dag_detect_1FN_anomaly.py:93} ERROR - Error processing table slot_pool: type object 'TaskInstance' has no attribute 'latest_heartbeat'
[2024-09-10T21:23:08.683+0000] {Dag_detect_1FN_anomaly.py:82} INFO - Processing table: dag_code
[2024-09-10T21:23:08.684+0000] {Dag_detect_1FN_anomaly.py:82} INFO - Processing table: dag_pickle
[2024-09-10T21:23:08.686+0000] {Dag_detect_1FN_anomaly.py:93} ERROR - Error processing table callback_request: type object 'TaskInstance' has no attribute 'latest_heartbeat'
[2024-09-10T21:23:08.686+0000] {Dag_detect_1FN_anomaly.py:82} INFO - Processing table: ab_user
[2024-09-10T21:23:08.687+0000] {Dag_detect_1FN_anomaly.py:82} INFO - Processing table: ab_register_user
[2024-09-10T21:23:08.688+0000] {Dag_detect_1FN_anomaly.py:93} ERROR - Error processing table dag_code: type object 'TaskInstance' has no attribute 'latest_heartbeat'
[2024-09-10T21:23:08.689+0000] {Dag_detect_1FN_anomaly.py:93} ERROR - Error processing table dag_pickle: type object 'TaskInstance' has no attribute 'latest_heartbeat'
[2024-09-10T21:23:08.690+0000] {Dag_detect_1FN_anomaly.py:82} INFO - Processing table: connection
[2024-09-10T21:23:08.691+0000] {Dag_detect_1FN_anomaly.py:93} ERROR - Error processing table ab_user: type object 'TaskInstance' has no attribute 'latest_heartbeat'
[2024-09-10T21:23:08.692+0000] {Dag_detect_1FN_anomaly.py:93} ERROR - Error processing table ab_register_user: type object 'TaskInstance' has no attribute 'latest_heartbeat'
[2024-09-10T21:23:08.693+0000] {Dag_detect_1FN_anomaly.py:82} INFO - Processing table: sla_miss
[2024-09-10T21:23:08.693+0000] {Dag_detect_1FN_anomaly.py:82} INFO - Processing table: variable
[2024-09-10T21:23:08.695+0000] {Dag_detect_1FN_anomaly.py:93} ERROR - Error processing table connection: type object 'TaskInstance' has no attribute 'latest_heartbeat'
[2024-09-10T21:23:08.695+0000] {Dag_detect_1FN_anomaly.py:82} INFO - Processing table: import_error
[2024-09-10T21:23:08.696+0000] {Dag_detect_1FN_anomaly.py:82} INFO - Processing table: serialized_dag
[2024-09-10T21:23:08.697+0000] {Dag_detect_1FN_anomaly.py:93} ERROR - Error processing table sla_miss: type object 'TaskInstance' has no attribute 'latest_heartbeat'
[2024-09-10T21:23:08.698+0000] {Dag_detect_1FN_anomaly.py:93} ERROR - Error processing table variable: type object 'TaskInstance' has no attribute 'latest_heartbeat'
[2024-09-10T21:23:08.699+0000] {Dag_detect_1FN_anomaly.py:82} INFO - Processing table: dataset_alias
[2024-09-10T21:23:08.700+0000] {Dag_detect_1FN_anomaly.py:93} ERROR - Error processing table import_error: type object 'TaskInstance' has no attribute 'latest_heartbeat'
[2024-09-10T21:23:08.701+0000] {Dag_detect_1FN_anomaly.py:93} ERROR - Error processing table serialized_dag: type object 'TaskInstance' has no attribute 'latest_heartbeat'
[2024-09-10T21:23:08.702+0000] {Dag_detect_1FN_anomaly.py:82} INFO - Processing table: dataset_alias_dataset
[2024-09-10T21:23:08.702+0000] {Dag_detect_1FN_anomaly.py:82} INFO - Processing table: dataset
[2024-09-10T21:23:08.704+0000] {Dag_detect_1FN_anomaly.py:93} ERROR - Error processing table dataset_alias: type object 'TaskInstance' has no attribute 'latest_heartbeat'
[2024-09-10T21:23:08.704+0000] {Dag_detect_1FN_anomaly.py:82} INFO - Processing table: dataset_alias_dataset_event
[2024-09-10T21:23:08.705+0000] {Dag_detect_1FN_anomaly.py:82} INFO - Processing table: dataset_event
[2024-09-10T21:23:08.706+0000] {Dag_detect_1FN_anomaly.py:93} ERROR - Error processing table dataset_alias_dataset: type object 'TaskInstance' has no attribute 'latest_heartbeat'
[2024-09-10T21:23:08.707+0000] {Dag_detect_1FN_anomaly.py:93} ERROR - Error processing table dataset: type object 'TaskInstance' has no attribute 'latest_heartbeat'
[2024-09-10T21:23:08.708+0000] {Dag_detect_1FN_anomaly.py:82} INFO - Processing table: dag_schedule_dataset_alias_reference
[2024-09-10T21:23:08.709+0000] {Dag_detect_1FN_anomaly.py:93} ERROR - Error processing table dataset_alias_dataset_event: type object 'TaskInstance' has no attribute 'latest_heartbeat'
[2024-09-10T21:23:08.710+0000] {Dag_detect_1FN_anomaly.py:93} ERROR - Error processing table dataset_event: type object 'TaskInstance' has no attribute 'latest_heartbeat'
[2024-09-10T21:23:08.711+0000] {Dag_detect_1FN_anomaly.py:82} INFO - Processing table: dag
[2024-09-10T21:23:08.712+0000] {Dag_detect_1FN_anomaly.py:82} INFO - Processing table: dag_schedule_dataset_reference
[2024-09-10T21:23:08.713+0000] {Dag_detect_1FN_anomaly.py:93} ERROR - Error processing table dag_schedule_dataset_alias_reference: type object 'TaskInstance' has no attribute 'latest_heartbeat'
[2024-09-10T21:23:08.713+0000] {Dag_detect_1FN_anomaly.py:82} INFO - Processing table: task_outlet_dataset_reference
[2024-09-10T21:23:08.714+0000] {Dag_detect_1FN_anomaly.py:82} INFO - Processing table: dataset_dag_run_queue
[2024-09-10T21:23:08.715+0000] {Dag_detect_1FN_anomaly.py:93} ERROR - Error processing table dag: type object 'TaskInstance' has no attribute 'latest_heartbeat'
[2024-09-10T21:23:08.717+0000] {Dag_detect_1FN_anomaly.py:93} ERROR - Error processing table dag_schedule_dataset_reference: type object 'TaskInstance' has no attribute 'latest_heartbeat'
[2024-09-10T21:23:08.717+0000] {Dag_detect_1FN_anomaly.py:82} INFO - Processing table: log_template
[2024-09-10T21:23:08.718+0000] {Dag_detect_1FN_anomaly.py:93} ERROR - Error processing table task_outlet_dataset_reference: type object 'TaskInstance' has no attribute 'latest_heartbeat'
[2024-09-10T21:23:08.719+0000] {Dag_detect_1FN_anomaly.py:93} ERROR - Error processing table dataset_dag_run_queue: type object 'TaskInstance' has no attribute 'latest_heartbeat'
[2024-09-10T21:23:08.719+0000] {Dag_detect_1FN_anomaly.py:82} INFO - Processing table: dag_run
[2024-09-10T21:23:08.720+0000] {Dag_detect_1FN_anomaly.py:82} INFO - Processing table: dag_tag
[2024-09-10T21:23:08.721+0000] {Dag_detect_1FN_anomaly.py:93} ERROR - Error processing table log_template: type object 'TaskInstance' has no attribute 'latest_heartbeat'
[2024-09-10T21:23:08.722+0000] {Dag_detect_1FN_anomaly.py:82} INFO - Processing table: dag_owner_attributes
[2024-09-10T21:23:08.722+0000] {Dag_detect_1FN_anomaly.py:82} INFO - Processing table: ab_permission
[2024-09-10T21:23:08.723+0000] {Dag_detect_1FN_anomaly.py:93} ERROR - Error processing table dag_run: type object 'TaskInstance' has no attribute 'latest_heartbeat'
[2024-09-10T21:23:08.725+0000] {Dag_detect_1FN_anomaly.py:93} ERROR - Error processing table dag_tag: type object 'TaskInstance' has no attribute 'latest_heartbeat'
[2024-09-10T21:23:08.725+0000] {Dag_detect_1FN_anomaly.py:82} INFO - Processing table: ab_permission_view
[2024-09-10T21:23:08.726+0000] {Dag_detect_1FN_anomaly.py:93} ERROR - Error processing table dag_owner_attributes: type object 'TaskInstance' has no attribute 'latest_heartbeat'
[2024-09-10T21:23:08.727+0000] {Dag_detect_1FN_anomaly.py:93} ERROR - Error processing table ab_permission: type object 'TaskInstance' has no attribute 'latest_heartbeat'
[2024-09-10T21:23:08.728+0000] {Dag_detect_1FN_anomaly.py:82} INFO - Processing table: ab_view_menu
[2024-09-10T21:23:08.729+0000] {Dag_detect_1FN_anomaly.py:82} INFO - Processing table: ab_user_role
[2024-09-10T21:23:08.730+0000] {Dag_detect_1FN_anomaly.py:93} ERROR - Error processing table ab_permission_view: type object 'TaskInstance' has no attribute 'latest_heartbeat'
[2024-09-10T21:23:08.730+0000] {Dag_detect_1FN_anomaly.py:82} INFO - Processing table: ab_role
[2024-09-10T21:23:08.731+0000] {Dag_detect_1FN_anomaly.py:82} INFO - Processing table: dag_warning
[2024-09-10T21:23:08.732+0000] {Dag_detect_1FN_anomaly.py:93} ERROR - Error processing table ab_view_menu: type object 'TaskInstance' has no attribute 'latest_heartbeat'
[2024-09-10T21:23:08.734+0000] {Dag_detect_1FN_anomaly.py:93} ERROR - Error processing table ab_user_role: type object 'TaskInstance' has no attribute 'latest_heartbeat'
[2024-09-10T21:23:08.734+0000] {Dag_detect_1FN_anomaly.py:82} INFO - Processing table: dagrun_dataset_event
[2024-09-10T21:23:08.735+0000] {Dag_detect_1FN_anomaly.py:93} ERROR - Error processing table ab_role: type object 'TaskInstance' has no attribute 'latest_heartbeat'
[2024-09-10T21:23:08.736+0000] {Dag_detect_1FN_anomaly.py:93} ERROR - Error processing table dag_warning: type object 'TaskInstance' has no attribute 'latest_heartbeat'
[2024-09-10T21:23:08.737+0000] {Dag_detect_1FN_anomaly.py:82} INFO - Processing table: trigger
[2024-09-10T21:23:08.738+0000] {Dag_detect_1FN_anomaly.py:82} INFO - Processing table: task_instance
[2024-09-10T21:23:08.739+0000] {Dag_detect_1FN_anomaly.py:93} ERROR - Error processing table dagrun_dataset_event: type object 'TaskInstance' has no attribute 'latest_heartbeat'
[2024-09-10T21:23:08.739+0000] {Dag_detect_1FN_anomaly.py:82} INFO - Processing table: dag_run_note
[2024-09-10T21:23:08.740+0000] {Dag_detect_1FN_anomaly.py:82} INFO - Processing table: ab_permission_view_role
[2024-09-10T21:23:08.741+0000] {Dag_detect_1FN_anomaly.py:93} ERROR - Error processing table trigger: type object 'TaskInstance' has no attribute 'latest_heartbeat'
[2024-09-10T21:23:08.742+0000] {Dag_detect_1FN_anomaly.py:93} ERROR - Error processing table task_instance: type object 'TaskInstance' has no attribute 'latest_heartbeat'
[2024-09-10T21:23:08.742+0000] {Dag_detect_1FN_anomaly.py:82} INFO - Processing table: rendered_task_instance_fields
[2024-09-10T21:23:08.743+0000] {Dag_detect_1FN_anomaly.py:93} ERROR - Error processing table dag_run_note: type object 'TaskInstance' has no attribute 'latest_heartbeat'
[2024-09-10T21:23:08.744+0000] {Dag_detect_1FN_anomaly.py:93} ERROR - Error processing table ab_permission_view_role: type object 'TaskInstance' has no attribute 'latest_heartbeat'
[2024-09-10T21:23:08.745+0000] {Dag_detect_1FN_anomaly.py:82} INFO - Processing table: task_fail
[2024-09-10T21:23:08.745+0000] {Dag_detect_1FN_anomaly.py:82} INFO - Processing table: task_map
[2024-09-10T21:23:08.746+0000] {Dag_detect_1FN_anomaly.py:93} ERROR - Error processing table rendered_task_instance_fields: type object 'TaskInstance' has no attribute 'latest_heartbeat'
[2024-09-10T21:23:08.747+0000] {Dag_detect_1FN_anomaly.py:82} INFO - Processing table: task_reschedule
[2024-09-10T21:23:08.748+0000] {Dag_detect_1FN_anomaly.py:82} INFO - Processing table: xcom
[2024-09-10T21:23:08.749+0000] {Dag_detect_1FN_anomaly.py:93} ERROR - Error processing table task_fail: type object 'TaskInstance' has no attribute 'latest_heartbeat'
[2024-09-10T21:23:08.750+0000] {Dag_detect_1FN_anomaly.py:93} ERROR - Error processing table task_map: type object 'TaskInstance' has no attribute 'latest_heartbeat'
[2024-09-10T21:23:08.750+0000] {Dag_detect_1FN_anomaly.py:82} INFO - Processing table: task_instance_note
[2024-09-10T21:23:08.751+0000] {Dag_detect_1FN_anomaly.py:93} ERROR - Error processing table task_reschedule: type object 'TaskInstance' has no attribute 'latest_heartbeat'
[2024-09-10T21:23:08.752+0000] {Dag_detect_1FN_anomaly.py:93} ERROR - Error processing table xcom: type object 'TaskInstance' has no attribute 'latest_heartbeat'
[2024-09-10T21:23:08.753+0000] {Dag_detect_1FN_anomaly.py:82} INFO - Processing table: task_instance_history
[2024-09-10T21:23:08.754+0000] {Dag_detect_1FN_anomaly.py:82} INFO - Processing table: session
[2024-09-10T21:23:08.755+0000] {Dag_detect_1FN_anomaly.py:93} ERROR - Error processing table task_instance_note: type object 'TaskInstance' has no attribute 'latest_heartbeat'
[2024-09-10T21:23:08.755+0000] {Dag_detect_1FN_anomaly.py:82} INFO - Processing table: alembic_version
[2024-09-10T21:23:08.756+0000] {Dag_detect_1FN_anomaly.py:82} INFO - Processing table: orders
[2024-09-10T21:23:08.757+0000] {Dag_detect_1FN_anomaly.py:93} ERROR - Error processing table task_instance_history: type object 'TaskInstance' has no attribute 'latest_heartbeat'
[2024-09-10T21:23:08.758+0000] {Dag_detect_1FN_anomaly.py:93} ERROR - Error processing table session: type object 'TaskInstance' has no attribute 'latest_heartbeat'
[2024-09-10T21:23:08.759+0000] {Dag_detect_1FN_anomaly.py:82} INFO - Processing table: anomalieDetected
[2024-09-10T21:23:08.760+0000] {Dag_detect_1FN_anomaly.py:93} ERROR - Error processing table alembic_version: type object 'TaskInstance' has no attribute 'latest_heartbeat'
[2024-09-10T21:23:08.761+0000] {Dag_detect_1FN_anomaly.py:93} ERROR - Error processing table orders: type object 'TaskInstance' has no attribute 'latest_heartbeat'
[2024-09-10T21:23:08.763+0000] {Dag_detect_1FN_anomaly.py:93} ERROR - Error processing table anomalieDetected: type object 'TaskInstance' has no attribute 'latest_heartbeat'
[2024-09-10T21:23:08.765+0000] {Dag_detect_1FN_anomaly.py:107} ERROR - Une erreur s'est produite : type object 'TaskInstance' has no attribute 'latest_heartbeat'
[2024-09-10T21:23:08.765+0000] {taskinstance.py:3310} ERROR - Task failed with exception
Traceback (most recent call last):
  File "/home/airflow/.local/lib/python3.12/site-packages/airflow/models/taskinstance.py", line 762, in _execute_task
    result = _execute_callable(context=context, **execute_callable_kwargs)
             ^^^^^^^^^^^^^^^^^^^^^^^^^^^^^^^^^^^^^^^^^^^^^^^^^^^^^^^^^^^^^
  File "/home/airflow/.local/lib/python3.12/site-packages/airflow/models/taskinstance.py", line 733, in _execute_callable
    return ExecutionCallableRunner(
           ^^^^^^^^^^^^^^^^^^^^^^^^
  File "/home/airflow/.local/lib/python3.12/site-packages/airflow/utils/operator_helpers.py", line 252, in run
    return self.func(*args, **kwargs)
           ^^^^^^^^^^^^^^^^^^^^^^^^^^
  File "/home/airflow/.local/lib/python3.12/site-packages/airflow/models/baseoperator.py", line 406, in wrapper
    return func(self, *args, **kwargs)
           ^^^^^^^^^^^^^^^^^^^^^^^^^^^
  File "/home/airflow/.local/lib/python3.12/site-packages/airflow/operators/python.py", line 238, in execute
    return_value = self.execute_callable()
                   ^^^^^^^^^^^^^^^^^^^^^^^
  File "/home/airflow/.local/lib/python3.12/site-packages/airflow/operators/python.py", line 256, in execute_callable
    return runner.run(*self.op_args, **self.op_kwargs)
           ^^^^^^^^^^^^^^^^^^^^^^^^^^^^^^^^^^^^^^^^^^^
  File "/home/airflow/.local/lib/python3.12/site-packages/airflow/utils/operator_helpers.py", line 252, in run
    return self.func(*args, **kwargs)
           ^^^^^^^^^^^^^^^^^^^^^^^^^^
  File "/opt/airflow/dags/Dag_detect_1FN_anomaly.py", line 103, in detect_and_insert_anomalies
    future.result()
  File "/usr/local/lib/python3.12/concurrent/futures/_base.py", line 449, in result
    return self.__get_result()
           ^^^^^^^^^^^^^^^^^^^
  File "/usr/local/lib/python3.12/concurrent/futures/_base.py", line 401, in __get_result
    raise self._exception
  File "/usr/local/lib/python3.12/concurrent/futures/thread.py", line 58, in run
    result = self.fn(*self.args, **self.kwargs)
             ^^^^^^^^^^^^^^^^^^^^^^^^^^^^^^^^^^
  File "/opt/airflow/dags/Dag_detect_1FN_anomaly.py", line 83, in process_table
    heartbeat(task_instance)
  File "/home/airflow/.local/lib/python3.12/site-packages/airflow/utils/session.py", line 97, in wrapper
    return func(*args, session=session, **kwargs)
           ^^^^^^^^^^^^^^^^^^^^^^^^^^^^^^^^^^^^^^
  File "/opt/airflow/dags/Dag_detect_1FN_anomaly.py", line 77, in heartbeat
    ).update({TaskInstance.latest_heartbeat: datetime.utcnow()})
              ^^^^^^^^^^^^^^^^^^^^^^^^^^^^^
AttributeError: type object 'TaskInstance' has no attribute 'latest_heartbeat'
[2024-09-10T21:23:08.890+0000] {taskinstance.py:1225} INFO - Marking task as FAILED. dag_id=detect_1fn_anomalies_dag, task_id=detect_1nf_and_insert_anomalies, run_id=manual__2024-09-10T21:07:48.932534+00:00, execution_date=20240910T210748, start_date=20240910T212307, end_date=20240910T212308
[2024-09-10T21:23:08.923+0000] {taskinstance.py:340} INFO - ::group::Post task execution logs
[2024-09-10T21:23:08.924+0000] {standard_task_runner.py:124} ERROR - Failed to execute job 3519 for task detect_1nf_and_insert_anomalies (type object 'TaskInstance' has no attribute 'latest_heartbeat'; 549)
Traceback (most recent call last):
  File "/home/airflow/.local/lib/python3.12/site-packages/airflow/task/task_runner/standard_task_runner.py", line 117, in _start_by_fork
    ret = args.func(args, dag=self.dag)
          ^^^^^^^^^^^^^^^^^^^^^^^^^^^^^
  File "/home/airflow/.local/lib/python3.12/site-packages/airflow/cli/cli_config.py", line 49, in command
    return func(*args, **kwargs)
           ^^^^^^^^^^^^^^^^^^^^^
  File "/home/airflow/.local/lib/python3.12/site-packages/airflow/utils/cli.py", line 115, in wrapper
    return f(*args, **kwargs)
           ^^^^^^^^^^^^^^^^^^
  File "/home/airflow/.local/lib/python3.12/site-packages/airflow/cli/commands/task_command.py", line 483, in task_run
    task_return_code = _run_task_by_selected_method(args, _dag, ti)
                       ^^^^^^^^^^^^^^^^^^^^^^^^^^^^^^^^^^^^^^^^^^^^
  File "/home/airflow/.local/lib/python3.12/site-packages/airflow/cli/commands/task_command.py", line 256, in _run_task_by_selected_method
    return _run_raw_task(args, ti)
           ^^^^^^^^^^^^^^^^^^^^^^^
  File "/home/airflow/.local/lib/python3.12/site-packages/airflow/cli/commands/task_command.py", line 341, in _run_raw_task
    return ti._run_raw_task(
           ^^^^^^^^^^^^^^^^^
  File "/home/airflow/.local/lib/python3.12/site-packages/airflow/utils/session.py", line 97, in wrapper
    return func(*args, session=session, **kwargs)
           ^^^^^^^^^^^^^^^^^^^^^^^^^^^^^^^^^^^^^^
  File "/home/airflow/.local/lib/python3.12/site-packages/airflow/models/taskinstance.py", line 3004, in _run_raw_task
    return _run_raw_task(
           ^^^^^^^^^^^^^^
  File "/home/airflow/.local/lib/python3.12/site-packages/airflow/models/taskinstance.py", line 273, in _run_raw_task
    TaskInstance._execute_task_with_callbacks(
  File "/home/airflow/.local/lib/python3.12/site-packages/airflow/models/taskinstance.py", line 3158, in _execute_task_with_callbacks
    result = self._execute_task(context, task_orig)
             ^^^^^^^^^^^^^^^^^^^^^^^^^^^^^^^^^^^^^^
  File "/home/airflow/.local/lib/python3.12/site-packages/airflow/models/taskinstance.py", line 3182, in _execute_task
    return _execute_task(self, context, task_orig)
           ^^^^^^^^^^^^^^^^^^^^^^^^^^^^^^^^^^^^^^^
  File "/home/airflow/.local/lib/python3.12/site-packages/airflow/models/taskinstance.py", line 762, in _execute_task
    result = _execute_callable(context=context, **execute_callable_kwargs)
             ^^^^^^^^^^^^^^^^^^^^^^^^^^^^^^^^^^^^^^^^^^^^^^^^^^^^^^^^^^^^^
  File "/home/airflow/.local/lib/python3.12/site-packages/airflow/models/taskinstance.py", line 733, in _execute_callable
    return ExecutionCallableRunner(
           ^^^^^^^^^^^^^^^^^^^^^^^^
  File "/home/airflow/.local/lib/python3.12/site-packages/airflow/utils/operator_helpers.py", line 252, in run
    return self.func(*args, **kwargs)
           ^^^^^^^^^^^^^^^^^^^^^^^^^^
  File "/home/airflow/.local/lib/python3.12/site-packages/airflow/models/baseoperator.py", line 406, in wrapper
    return func(self, *args, **kwargs)
           ^^^^^^^^^^^^^^^^^^^^^^^^^^^
  File "/home/airflow/.local/lib/python3.12/site-packages/airflow/operators/python.py", line 238, in execute
    return_value = self.execute_callable()
                   ^^^^^^^^^^^^^^^^^^^^^^^
  File "/home/airflow/.local/lib/python3.12/site-packages/airflow/operators/python.py", line 256, in execute_callable
    return runner.run(*self.op_args, **self.op_kwargs)
           ^^^^^^^^^^^^^^^^^^^^^^^^^^^^^^^^^^^^^^^^^^^
  File "/home/airflow/.local/lib/python3.12/site-packages/airflow/utils/operator_helpers.py", line 252, in run
    return self.func(*args, **kwargs)
           ^^^^^^^^^^^^^^^^^^^^^^^^^^
  File "/opt/airflow/dags/Dag_detect_1FN_anomaly.py", line 103, in detect_and_insert_anomalies
    future.result()
  File "/usr/local/lib/python3.12/concurrent/futures/_base.py", line 449, in result
    return self.__get_result()
           ^^^^^^^^^^^^^^^^^^^
  File "/usr/local/lib/python3.12/concurrent/futures/_base.py", line 401, in __get_result
    raise self._exception
  File "/usr/local/lib/python3.12/concurrent/futures/thread.py", line 58, in run
    result = self.fn(*self.args, **self.kwargs)
             ^^^^^^^^^^^^^^^^^^^^^^^^^^^^^^^^^^
  File "/opt/airflow/dags/Dag_detect_1FN_anomaly.py", line 83, in process_table
    heartbeat(task_instance)
  File "/home/airflow/.local/lib/python3.12/site-packages/airflow/utils/session.py", line 97, in wrapper
    return func(*args, session=session, **kwargs)
           ^^^^^^^^^^^^^^^^^^^^^^^^^^^^^^^^^^^^^^
  File "/opt/airflow/dags/Dag_detect_1FN_anomaly.py", line 77, in heartbeat
    ).update({TaskInstance.latest_heartbeat: datetime.utcnow()})
              ^^^^^^^^^^^^^^^^^^^^^^^^^^^^^
AttributeError: type object 'TaskInstance' has no attribute 'latest_heartbeat'
[2024-09-10T21:23:08.980+0000] {local_task_job_runner.py:266} INFO - Task exited with return code 1
[2024-09-10T21:23:09.072+0000] {taskinstance.py:3900} INFO - 0 downstream tasks scheduled from follow-on schedule check
[2024-09-10T21:23:09.079+0000] {local_task_job_runner.py:245} INFO - ::endgroup::
