[2024-09-10T15:50:24.909+0000] {local_task_job_runner.py:123} INFO - ::group::Pre task execution logs
[2024-09-10T15:50:25.142+0000] {taskinstance.py:2612} INFO - Dependencies all met for dep_context=non-requeueable deps ti=<TaskInstance: detect_1fn_anomalies_dag.detect_1nf_and_insert_anomalies scheduled__2024-09-10T15:30:00+00:00 [queued]>
[2024-09-10T15:50:25.166+0000] {taskinstance.py:2612} INFO - Dependencies all met for dep_context=requeueable deps ti=<TaskInstance: detect_1fn_anomalies_dag.detect_1nf_and_insert_anomalies scheduled__2024-09-10T15:30:00+00:00 [queued]>
[2024-09-10T15:50:25.168+0000] {taskinstance.py:2865} INFO - Starting attempt 2 of 2
[2024-09-10T15:50:25.211+0000] {taskinstance.py:2888} INFO - Executing <Task(PythonOperator): detect_1nf_and_insert_anomalies> on 2024-09-10 15:30:00+00:00
[2024-09-10T15:50:25.239+0000] {logging_mixin.py:190} WARNING - /home/airflow/.local/lib/python3.12/site-packages/airflow/task/task_runner/standard_task_runner.py:70 DeprecationWarning: This process (pid=24016) is multi-threaded, use of fork() may lead to deadlocks in the child.
[2024-09-10T15:50:25.241+0000] {standard_task_runner.py:72} INFO - Started process 24031 to run task
[2024-09-10T15:50:25.236+0000] {standard_task_runner.py:104} INFO - Running: ['airflow', 'tasks', 'run', 'detect_1fn_anomalies_dag', 'detect_1nf_and_insert_anomalies', 'scheduled__2024-09-10T15:30:00+00:00', '--job-id', '2699', '--raw', '--subdir', 'DAGS_FOLDER/Dag_detect_1FN_anomaly.py', '--cfg-path', '/tmp/tmph4rlvju5']
[2024-09-10T15:50:25.246+0000] {standard_task_runner.py:105} INFO - Job 2699: Subtask detect_1nf_and_insert_anomalies
[2024-09-10T15:50:26.094+0000] {task_command.py:467} INFO - Running <TaskInstance: detect_1fn_anomalies_dag.detect_1nf_and_insert_anomalies scheduled__2024-09-10T15:30:00+00:00 [running]> on host 5f241b76205c
[2024-09-10T15:50:27.911+0000] {taskinstance.py:3131} INFO - Exporting env vars: AIRFLOW_CTX_DAG_OWNER='airflow' AIRFLOW_CTX_DAG_ID='detect_1fn_anomalies_dag' AIRFLOW_CTX_TASK_ID='detect_1nf_and_insert_anomalies' AIRFLOW_CTX_EXECUTION_DATE='2024-09-10T15:30:00+00:00' AIRFLOW_CTX_TRY_NUMBER='2' AIRFLOW_CTX_DAG_RUN_ID='scheduled__2024-09-10T15:30:00+00:00'
[2024-09-10T15:50:27.914+0000] {taskinstance.py:731} INFO - ::endgroup::
[2024-09-10T15:50:28.204+0000] {Dag_detect_1FN_anomaly.py:78} INFO - Processing table: customers
[2024-09-10T15:50:28.205+0000] {Dag_detect_1FN_anomaly.py:78} INFO - Processing table: transactions
[2024-09-10T15:50:28.208+0000] {Dag_detect_1FN_anomaly.py:78} INFO - Processing table: orderdetails
[2024-09-10T15:50:28.206+0000] {Dag_detect_1FN_anomaly.py:78} INFO - Processing table: products
[2024-09-10T15:50:28.209+0000] {Dag_detect_1FN_anomaly.py:78} INFO - Processing table: productsuppliers
[2024-09-10T15:50:28.599+0000] {Dag_detect_1FN_anomaly.py:85} INFO - No anomalies detected for table orderdetails
[2024-09-10T15:50:28.607+0000] {Dag_detect_1FN_anomaly.py:85} INFO - No anomalies detected for table transactions
[2024-09-10T15:50:28.610+0000] {Dag_detect_1FN_anomaly.py:78} INFO - Processing table: anomalies
[2024-09-10T15:50:28.623+0000] {Dag_detect_1FN_anomaly.py:85} INFO - No anomalies detected for table customers
[2024-09-10T15:50:28.625+0000] {Dag_detect_1FN_anomaly.py:78} INFO - Processing table: log
[2024-09-10T15:50:28.634+0000] {Dag_detect_1FN_anomaly.py:85} INFO - No anomalies detected for table products
[2024-09-10T15:50:28.656+0000] {Dag_detect_1FN_anomaly.py:78} INFO - Processing table: job
[2024-09-10T15:50:28.646+0000] {Dag_detect_1FN_anomaly.py:78} INFO - Processing table: dag_priority_parsing_request
[2024-09-10T15:50:28.681+0000] {Dag_detect_1FN_anomaly.py:85} INFO - No anomalies detected for table productsuppliers
[2024-09-10T15:50:28.683+0000] {Dag_detect_1FN_anomaly.py:78} INFO - Processing table: anomalies1
[2024-09-10T15:50:28.927+0000] {Dag_detect_1FN_anomaly.py:82} INFO - Detected 2 anomalies for table anomalies
[2024-09-10T15:50:28.974+0000] {Dag_detect_1FN_anomaly.py:85} INFO - No anomalies detected for table dag_priority_parsing_request
[2024-09-10T15:50:29.052+0000] {Dag_detect_1FN_anomaly.py:78} INFO - Processing table: slot_pool
[2024-09-10T15:50:29.275+0000] {Dag_detect_1FN_anomaly.py:82} INFO - Detected 2 anomalies for table anomalies1
[2024-09-10T15:50:29.283+0000] {Dag_detect_1FN_anomaly.py:85} INFO - No anomalies detected for table job
[2024-09-10T15:50:29.289+0000] {Dag_detect_1FN_anomaly.py:78} INFO - Processing table: callback_request
[2024-09-10T15:50:29.342+0000] {Dag_detect_1FN_anomaly.py:85} INFO - No anomalies detected for table slot_pool
[2024-09-10T15:50:29.345+0000] {Dag_detect_1FN_anomaly.py:78} INFO - Processing table: dag_code
[2024-09-10T15:50:29.660+0000] {Dag_detect_1FN_anomaly.py:78} INFO - Processing table: dag_pickle
[2024-09-10T15:50:29.786+0000] {Dag_detect_1FN_anomaly.py:82} INFO - Detected 15 anomalies for table dag_code
[2024-09-10T15:50:29.817+0000] {Dag_detect_1FN_anomaly.py:85} INFO - No anomalies detected for table callback_request
[2024-09-10T15:50:29.824+0000] {Dag_detect_1FN_anomaly.py:78} INFO - Processing table: ab_user
[2024-09-10T15:50:29.848+0000] {Dag_detect_1FN_anomaly.py:78} INFO - Processing table: ab_register_user
[2024-09-10T15:50:30.016+0000] {Dag_detect_1FN_anomaly.py:82} INFO - Detected 6612 anomalies for table log
[2024-09-10T15:50:30.038+0000] {Dag_detect_1FN_anomaly.py:85} INFO - No anomalies detected for table dag_pickle
[2024-09-10T15:50:30.043+0000] {Dag_detect_1FN_anomaly.py:78} INFO - Processing table: connection
[2024-09-10T15:50:30.095+0000] {Dag_detect_1FN_anomaly.py:85} INFO - No anomalies detected for table ab_user
[2024-09-10T15:50:30.100+0000] {Dag_detect_1FN_anomaly.py:78} INFO - Processing table: sla_miss
[2024-09-10T15:50:30.112+0000] {Dag_detect_1FN_anomaly.py:85} INFO - No anomalies detected for table ab_register_user
[2024-09-10T15:50:30.118+0000] {Dag_detect_1FN_anomaly.py:78} INFO - Processing table: variable
[2024-09-10T15:50:30.294+0000] {Dag_detect_1FN_anomaly.py:85} INFO - No anomalies detected for table connection
[2024-09-10T15:50:30.296+0000] {Dag_detect_1FN_anomaly.py:78} INFO - Processing table: import_error
[2024-09-10T15:50:30.300+0000] {Dag_detect_1FN_anomaly.py:78} INFO - Processing table: serialized_dag
[2024-09-10T15:50:30.380+0000] {Dag_detect_1FN_anomaly.py:85} INFO - No anomalies detected for table sla_miss
[2024-09-10T15:50:30.382+0000] {Dag_detect_1FN_anomaly.py:78} INFO - Processing table: dataset_alias
[2024-09-10T15:50:30.413+0000] {Dag_detect_1FN_anomaly.py:85} INFO - No anomalies detected for table variable
[2024-09-10T15:50:30.414+0000] {Dag_detect_1FN_anomaly.py:78} INFO - Processing table: dataset_alias_dataset
[2024-09-10T15:50:30.680+0000] {Dag_detect_1FN_anomaly.py:82} INFO - Detected 15 anomalies for table serialized_dag
[2024-09-10T15:50:30.703+0000] {Dag_detect_1FN_anomaly.py:85} INFO - No anomalies detected for table import_error
[2024-09-10T15:50:30.716+0000] {Dag_detect_1FN_anomaly.py:78} INFO - Processing table: dataset
[2024-09-10T15:50:30.723+0000] {Dag_detect_1FN_anomaly.py:85} INFO - No anomalies detected for table dataset_alias
[2024-09-10T15:50:30.728+0000] {Dag_detect_1FN_anomaly.py:78} INFO - Processing table: dataset_alias_dataset_event
[2024-09-10T15:50:30.740+0000] {Dag_detect_1FN_anomaly.py:85} INFO - No anomalies detected for table dataset_alias_dataset
[2024-09-10T15:50:30.741+0000] {Dag_detect_1FN_anomaly.py:78} INFO - Processing table: dataset_event
[2024-09-10T15:50:30.969+0000] {Dag_detect_1FN_anomaly.py:85} INFO - No anomalies detected for table dataset
[2024-09-10T15:50:30.978+0000] {Dag_detect_1FN_anomaly.py:78} INFO - Processing table: dag_schedule_dataset_alias_reference
[2024-09-10T15:50:30.987+0000] {Dag_detect_1FN_anomaly.py:85} INFO - No anomalies detected for table dataset_alias_dataset_event
[2024-09-10T15:50:30.997+0000] {Dag_detect_1FN_anomaly.py:78} INFO - Processing table: dag
[2024-09-10T15:50:30.999+0000] {Dag_detect_1FN_anomaly.py:85} INFO - No anomalies detected for table dataset_event
[2024-09-10T15:50:31.017+0000] {Dag_detect_1FN_anomaly.py:78} INFO - Processing table: dag_schedule_dataset_reference
[2024-09-10T15:50:31.140+0000] {Dag_detect_1FN_anomaly.py:78} INFO - Processing table: task_outlet_dataset_reference
[2024-09-10T15:50:31.157+0000] {Dag_detect_1FN_anomaly.py:78} INFO - Processing table: dataset_dag_run_queue
[2024-09-10T15:50:31.296+0000] {Dag_detect_1FN_anomaly.py:85} INFO - No anomalies detected for table dag_schedule_dataset_alias_reference
[2024-09-10T15:50:31.298+0000] {Dag_detect_1FN_anomaly.py:78} INFO - Processing table: log_template
[2024-09-10T15:50:31.408+0000] {Dag_detect_1FN_anomaly.py:82} INFO - Detected 7 anomalies for table dag
[2024-09-10T15:50:31.437+0000] {Dag_detect_1FN_anomaly.py:85} INFO - No anomalies detected for table dag_schedule_dataset_reference
[2024-09-10T15:50:31.443+0000] {Dag_detect_1FN_anomaly.py:78} INFO - Processing table: dag_run
[2024-09-10T15:50:31.453+0000] {Dag_detect_1FN_anomaly.py:85} INFO - No anomalies detected for table task_outlet_dataset_reference
[2024-09-10T15:50:31.466+0000] {Dag_detect_1FN_anomaly.py:85} INFO - No anomalies detected for table dataset_dag_run_queue
[2024-09-10T15:50:31.469+0000] {Dag_detect_1FN_anomaly.py:78} INFO - Processing table: dag_owner_attributes
[2024-09-10T15:50:31.467+0000] {Dag_detect_1FN_anomaly.py:78} INFO - Processing table: dag_tag
[2024-09-10T15:50:31.534+0000] {Dag_detect_1FN_anomaly.py:85} INFO - No anomalies detected for table log_template
[2024-09-10T15:50:31.536+0000] {Dag_detect_1FN_anomaly.py:78} INFO - Processing table: ab_permission
[2024-09-10T15:50:31.770+0000] {Dag_detect_1FN_anomaly.py:85} INFO - No anomalies detected for table dag_owner_attributes
[2024-09-10T15:50:31.841+0000] {Dag_detect_1FN_anomaly.py:78} INFO - Processing table: ab_permission_view
[2024-09-10T15:50:32.459+0000] {Dag_detect_1FN_anomaly.py:85} INFO - No anomalies detected for table dag_tag
[2024-09-10T15:50:32.470+0000] {Dag_detect_1FN_anomaly.py:78} INFO - Processing table: ab_view_menu
[2024-09-10T15:50:32.471+0000] {Dag_detect_1FN_anomaly.py:78} INFO - Processing table: ab_user_role
[2024-09-10T15:50:32.477+0000] {Dag_detect_1FN_anomaly.py:85} INFO - No anomalies detected for table ab_permission
[2024-09-10T15:50:32.511+0000] {Dag_detect_1FN_anomaly.py:78} INFO - Processing table: ab_role
[2024-09-10T15:50:32.541+0000] {Dag_detect_1FN_anomaly.py:85} INFO - No anomalies detected for table ab_permission_view
[2024-09-10T15:50:32.542+0000] {Dag_detect_1FN_anomaly.py:78} INFO - Processing table: dag_warning
[2024-09-10T15:50:32.986+0000] {Dag_detect_1FN_anomaly.py:85} INFO - No anomalies detected for table dag_run
[2024-09-10T15:50:32.990+0000] {Dag_detect_1FN_anomaly.py:78} INFO - Processing table: dagrun_dataset_event
[2024-09-10T15:50:33.012+0000] {Dag_detect_1FN_anomaly.py:85} INFO - No anomalies detected for table ab_user_role
[2024-09-10T15:50:33.016+0000] {Dag_detect_1FN_anomaly.py:78} INFO - Processing table: trigger
[2024-09-10T15:50:33.045+0000] {Dag_detect_1FN_anomaly.py:85} INFO - No anomalies detected for table ab_role
[2024-09-10T15:50:33.040+0000] {Dag_detect_1FN_anomaly.py:85} INFO - No anomalies detected for table ab_view_menu
[2024-09-10T15:50:33.046+0000] {Dag_detect_1FN_anomaly.py:78} INFO - Processing table: task_instance
[2024-09-10T15:50:33.050+0000] {Dag_detect_1FN_anomaly.py:78} INFO - Processing table: dag_run_note
[2024-09-10T15:50:33.067+0000] {Dag_detect_1FN_anomaly.py:85} INFO - No anomalies detected for table dag_warning
[2024-09-10T15:50:33.069+0000] {Dag_detect_1FN_anomaly.py:78} INFO - Processing table: ab_permission_view_role
[2024-09-10T15:50:33.373+0000] {Dag_detect_1FN_anomaly.py:85} INFO - No anomalies detected for table dagrun_dataset_event
[2024-09-10T15:50:33.379+0000] {Dag_detect_1FN_anomaly.py:78} INFO - Processing table: rendered_task_instance_fields
[2024-09-10T15:50:33.449+0000] {Dag_detect_1FN_anomaly.py:85} INFO - No anomalies detected for table trigger
[2024-09-10T15:50:33.451+0000] {Dag_detect_1FN_anomaly.py:78} INFO - Processing table: task_fail
[2024-09-10T15:50:33.476+0000] {Dag_detect_1FN_anomaly.py:85} INFO - No anomalies detected for table ab_permission_view_role
[2024-09-10T15:50:33.480+0000] {Dag_detect_1FN_anomaly.py:78} INFO - Processing table: task_map
[2024-09-10T15:50:33.514+0000] {Dag_detect_1FN_anomaly.py:85} INFO - No anomalies detected for table dag_run_note
[2024-09-10T15:50:33.516+0000] {Dag_detect_1FN_anomaly.py:78} INFO - Processing table: task_reschedule
[2024-09-10T15:50:34.014+0000] {Dag_detect_1FN_anomaly.py:85} INFO - No anomalies detected for table task_map
[2024-09-10T15:50:34.044+0000] {Dag_detect_1FN_anomaly.py:78} INFO - Processing table: xcom
[2024-09-10T15:50:34.067+0000] {Dag_detect_1FN_anomaly.py:85} INFO - No anomalies detected for table task_reschedule
[2024-09-10T15:50:34.088+0000] {Dag_detect_1FN_anomaly.py:78} INFO - Processing table: task_instance_note
[2024-09-10T15:50:34.089+0000] {Dag_detect_1FN_anomaly.py:82} INFO - Detected 555 anomalies for table rendered_task_instance_fields
[2024-09-10T15:50:34.333+0000] {Dag_detect_1FN_anomaly.py:85} INFO - No anomalies detected for table task_fail
[2024-09-10T15:50:34.343+0000] {Dag_detect_1FN_anomaly.py:78} INFO - Processing table: task_instance_history
[2024-09-10T15:50:34.407+0000] {Dag_detect_1FN_anomaly.py:85} INFO - No anomalies detected for table task_instance
[2024-09-10T15:50:34.423+0000] {Dag_detect_1FN_anomaly.py:78} INFO - Processing table: session
[2024-09-10T15:50:34.430+0000] {Dag_detect_1FN_anomaly.py:85} INFO - No anomalies detected for table xcom
[2024-09-10T15:50:34.450+0000] {Dag_detect_1FN_anomaly.py:85} INFO - No anomalies detected for table task_instance_note
[2024-09-10T15:50:34.451+0000] {Dag_detect_1FN_anomaly.py:78} INFO - Processing table: alembic_version
[2024-09-10T15:50:34.453+0000] {Dag_detect_1FN_anomaly.py:78} INFO - Processing table: orders
[2024-09-10T15:50:34.757+0000] {Dag_detect_1FN_anomaly.py:85} INFO - No anomalies detected for table task_instance_history
[2024-09-10T15:50:34.759+0000] {Dag_detect_1FN_anomaly.py:78} INFO - Processing table: anomalieDetected
[2024-09-10T15:50:34.789+0000] {Dag_detect_1FN_anomaly.py:85} INFO - No anomalies detected for table alembic_version
[2024-09-10T15:50:34.802+0000] {Dag_detect_1FN_anomaly.py:85} INFO - No anomalies detected for table session
[2024-09-10T15:50:34.811+0000] {Dag_detect_1FN_anomaly.py:85} INFO - No anomalies detected for table orders
[2024-09-10T15:50:34.952+0000] {Dag_detect_1FN_anomaly.py:96} ERROR - An error occurred: (psycopg2.errors.UndefinedTable) relation "anomaliedetected" does not exist
LINE 1: SELECT * FROM anomalieDetected
                      ^

[SQL: SELECT * FROM anomalieDetected]
(Background on this error at: https://sqlalche.me/e/14/f405)
[2024-09-10T15:50:34.954+0000] {taskinstance.py:3310} ERROR - Task failed with exception
Traceback (most recent call last):
  File "/home/airflow/.local/lib/python3.12/site-packages/sqlalchemy/engine/base.py", line 1910, in _execute_context
    self.dialect.do_execute(
  File "/home/airflow/.local/lib/python3.12/site-packages/sqlalchemy/engine/default.py", line 736, in do_execute
    cursor.execute(statement, parameters)
psycopg2.errors.UndefinedTable: relation "anomaliedetected" does not exist
LINE 1: SELECT * FROM anomalieDetected
                      ^


The above exception was the direct cause of the following exception:

Traceback (most recent call last):
  File "/home/airflow/.local/lib/python3.12/site-packages/airflow/models/taskinstance.py", line 767, in _execute_task
    result = _execute_callable(context=context, **execute_callable_kwargs)
             ^^^^^^^^^^^^^^^^^^^^^^^^^^^^^^^^^^^^^^^^^^^^^^^^^^^^^^^^^^^^^
  File "/home/airflow/.local/lib/python3.12/site-packages/airflow/models/taskinstance.py", line 733, in _execute_callable
    return ExecutionCallableRunner(
           ^^^^^^^^^^^^^^^^^^^^^^^^
  File "/home/airflow/.local/lib/python3.12/site-packages/airflow/utils/operator_helpers.py", line 252, in run
    return self.func(*args, **kwargs)
           ^^^^^^^^^^^^^^^^^^^^^^^^^^
  File "/home/airflow/.local/lib/python3.12/site-packages/airflow/models/baseoperator.py", line 406, in wrapper
    return func(self, *args, **kwargs)
           ^^^^^^^^^^^^^^^^^^^^^^^^^^^
  File "/home/airflow/.local/lib/python3.12/site-packages/airflow/operators/python.py", line 238, in execute
    return_value = self.execute_callable()
                   ^^^^^^^^^^^^^^^^^^^^^^^
  File "/home/airflow/.local/lib/python3.12/site-packages/airflow/operators/python.py", line 256, in execute_callable
    return runner.run(*self.op_args, **self.op_kwargs)
           ^^^^^^^^^^^^^^^^^^^^^^^^^^^^^^^^^^^^^^^^^^^
  File "/home/airflow/.local/lib/python3.12/site-packages/airflow/utils/operator_helpers.py", line 252, in run
    return self.func(*args, **kwargs)
           ^^^^^^^^^^^^^^^^^^^^^^^^^^
  File "/opt/airflow/dags/Dag_detect_1FN_anomaly.py", line 93, in detect_and_insert_anomalies
    future.result()  # This will raise an exception if the task failed
    ^^^^^^^^^^^^^^^
  File "/usr/local/lib/python3.12/concurrent/futures/_base.py", line 449, in result
    return self.__get_result()
           ^^^^^^^^^^^^^^^^^^^
  File "/usr/local/lib/python3.12/concurrent/futures/_base.py", line 401, in __get_result
    raise self._exception
  File "/usr/local/lib/python3.12/concurrent/futures/thread.py", line 58, in run
    result = self.fn(*self.args, **self.kwargs)
             ^^^^^^^^^^^^^^^^^^^^^^^^^^^^^^^^^^
  File "/opt/airflow/dags/Dag_detect_1FN_anomaly.py", line 79, in process_table
    df = table_to_dataframe(table_name)
         ^^^^^^^^^^^^^^^^^^^^^^^^^^^^^^
  File "/opt/airflow/dags/Dag_detect_1FN_anomaly.py", line 40, in table_to_dataframe
    return pd.read_sql(query, connection)
           ^^^^^^^^^^^^^^^^^^^^^^^^^^^^^^
  File "/home/airflow/.local/lib/python3.12/site-packages/pandas/io/sql.py", line 682, in read_sql
    return pandas_sql.read_query(
           ^^^^^^^^^^^^^^^^^^^^^^
  File "/home/airflow/.local/lib/python3.12/site-packages/pandas/io/sql.py", line 1776, in read_query
    result = self.execute(sql, params)
             ^^^^^^^^^^^^^^^^^^^^^^^^^
  File "/home/airflow/.local/lib/python3.12/site-packages/pandas/io/sql.py", line 1599, in execute
    return self.con.exec_driver_sql(sql, *args)
           ^^^^^^^^^^^^^^^^^^^^^^^^^^^^^^^^^^^^
  File "/home/airflow/.local/lib/python3.12/site-packages/sqlalchemy/engine/base.py", line 1770, in exec_driver_sql
    return self._exec_driver_sql(
           ^^^^^^^^^^^^^^^^^^^^^^
  File "/home/airflow/.local/lib/python3.12/site-packages/sqlalchemy/engine/base.py", line 1674, in _exec_driver_sql
    ret = self._execute_context(
          ^^^^^^^^^^^^^^^^^^^^^^
  File "/home/airflow/.local/lib/python3.12/site-packages/sqlalchemy/engine/base.py", line 1953, in _execute_context
    self._handle_dbapi_exception(
  File "/home/airflow/.local/lib/python3.12/site-packages/sqlalchemy/engine/base.py", line 2134, in _handle_dbapi_exception
    util.raise_(
  File "/home/airflow/.local/lib/python3.12/site-packages/sqlalchemy/util/compat.py", line 211, in raise_
    raise exception
  File "/home/airflow/.local/lib/python3.12/site-packages/sqlalchemy/engine/base.py", line 1910, in _execute_context
    self.dialect.do_execute(
  File "/home/airflow/.local/lib/python3.12/site-packages/sqlalchemy/engine/default.py", line 736, in do_execute
    cursor.execute(statement, parameters)
sqlalchemy.exc.ProgrammingError: (psycopg2.errors.UndefinedTable) relation "anomaliedetected" does not exist
LINE 1: SELECT * FROM anomalieDetected
                      ^

[SQL: SELECT * FROM anomalieDetected]
(Background on this error at: https://sqlalche.me/e/14/f405)
[2024-09-10T15:50:35.100+0000] {taskinstance.py:1225} INFO - Marking task as FAILED. dag_id=detect_1fn_anomalies_dag, task_id=detect_1nf_and_insert_anomalies, run_id=scheduled__2024-09-10T15:30:00+00:00, execution_date=20240910T153000, start_date=20240910T155025, end_date=20240910T155035
[2024-09-10T15:50:35.134+0000] {taskinstance.py:340} INFO - ::group::Post task execution logs
[2024-09-10T15:50:35.136+0000] {standard_task_runner.py:124} ERROR - Failed to execute job 2699 for task detect_1nf_and_insert_anomalies ((psycopg2.errors.UndefinedTable) relation "anomaliedetected" does not exist
LINE 1: SELECT * FROM anomalieDetected
                      ^

[SQL: SELECT * FROM anomalieDetected]
(Background on this error at: https://sqlalche.me/e/14/f405); 24031)
Traceback (most recent call last):
  File "/home/airflow/.local/lib/python3.12/site-packages/sqlalchemy/engine/base.py", line 1910, in _execute_context
    self.dialect.do_execute(
  File "/home/airflow/.local/lib/python3.12/site-packages/sqlalchemy/engine/default.py", line 736, in do_execute
    cursor.execute(statement, parameters)
psycopg2.errors.UndefinedTable: relation "anomaliedetected" does not exist
LINE 1: SELECT * FROM anomalieDetected
                      ^


The above exception was the direct cause of the following exception:

Traceback (most recent call last):
  File "/home/airflow/.local/lib/python3.12/site-packages/airflow/task/task_runner/standard_task_runner.py", line 117, in _start_by_fork
    ret = args.func(args, dag=self.dag)
          ^^^^^^^^^^^^^^^^^^^^^^^^^^^^^
  File "/home/airflow/.local/lib/python3.12/site-packages/airflow/cli/cli_config.py", line 49, in command
    return func(*args, **kwargs)
           ^^^^^^^^^^^^^^^^^^^^^
  File "/home/airflow/.local/lib/python3.12/site-packages/airflow/utils/cli.py", line 115, in wrapper
    return f(*args, **kwargs)
           ^^^^^^^^^^^^^^^^^^
  File "/home/airflow/.local/lib/python3.12/site-packages/airflow/cli/commands/task_command.py", line 483, in task_run
    task_return_code = _run_task_by_selected_method(args, _dag, ti)
                       ^^^^^^^^^^^^^^^^^^^^^^^^^^^^^^^^^^^^^^^^^^^^
  File "/home/airflow/.local/lib/python3.12/site-packages/airflow/cli/commands/task_command.py", line 256, in _run_task_by_selected_method
    return _run_raw_task(args, ti)
           ^^^^^^^^^^^^^^^^^^^^^^^
  File "/home/airflow/.local/lib/python3.12/site-packages/airflow/cli/commands/task_command.py", line 341, in _run_raw_task
    return ti._run_raw_task(
           ^^^^^^^^^^^^^^^^^
  File "/home/airflow/.local/lib/python3.12/site-packages/airflow/utils/session.py", line 97, in wrapper
    return func(*args, session=session, **kwargs)
           ^^^^^^^^^^^^^^^^^^^^^^^^^^^^^^^^^^^^^^
  File "/home/airflow/.local/lib/python3.12/site-packages/airflow/models/taskinstance.py", line 3004, in _run_raw_task
    return _run_raw_task(
           ^^^^^^^^^^^^^^
  File "/home/airflow/.local/lib/python3.12/site-packages/airflow/models/taskinstance.py", line 273, in _run_raw_task
    TaskInstance._execute_task_with_callbacks(
  File "/home/airflow/.local/lib/python3.12/site-packages/airflow/models/taskinstance.py", line 3158, in _execute_task_with_callbacks
    result = self._execute_task(context, task_orig)
             ^^^^^^^^^^^^^^^^^^^^^^^^^^^^^^^^^^^^^^
  File "/home/airflow/.local/lib/python3.12/site-packages/airflow/models/taskinstance.py", line 3182, in _execute_task
    return _execute_task(self, context, task_orig)
           ^^^^^^^^^^^^^^^^^^^^^^^^^^^^^^^^^^^^^^^
  File "/home/airflow/.local/lib/python3.12/site-packages/airflow/models/taskinstance.py", line 767, in _execute_task
    result = _execute_callable(context=context, **execute_callable_kwargs)
             ^^^^^^^^^^^^^^^^^^^^^^^^^^^^^^^^^^^^^^^^^^^^^^^^^^^^^^^^^^^^^
  File "/home/airflow/.local/lib/python3.12/site-packages/airflow/models/taskinstance.py", line 733, in _execute_callable
    return ExecutionCallableRunner(
           ^^^^^^^^^^^^^^^^^^^^^^^^
  File "/home/airflow/.local/lib/python3.12/site-packages/airflow/utils/operator_helpers.py", line 252, in run
    return self.func(*args, **kwargs)
           ^^^^^^^^^^^^^^^^^^^^^^^^^^
  File "/home/airflow/.local/lib/python3.12/site-packages/airflow/models/baseoperator.py", line 406, in wrapper
    return func(self, *args, **kwargs)
           ^^^^^^^^^^^^^^^^^^^^^^^^^^^
  File "/home/airflow/.local/lib/python3.12/site-packages/airflow/operators/python.py", line 238, in execute
    return_value = self.execute_callable()
                   ^^^^^^^^^^^^^^^^^^^^^^^
  File "/home/airflow/.local/lib/python3.12/site-packages/airflow/operators/python.py", line 256, in execute_callable
    return runner.run(*self.op_args, **self.op_kwargs)
           ^^^^^^^^^^^^^^^^^^^^^^^^^^^^^^^^^^^^^^^^^^^
  File "/home/airflow/.local/lib/python3.12/site-packages/airflow/utils/operator_helpers.py", line 252, in run
    return self.func(*args, **kwargs)
           ^^^^^^^^^^^^^^^^^^^^^^^^^^
  File "/opt/airflow/dags/Dag_detect_1FN_anomaly.py", line 93, in detect_and_insert_anomalies
    future.result()  # This will raise an exception if the task failed
    ^^^^^^^^^^^^^^^
  File "/usr/local/lib/python3.12/concurrent/futures/_base.py", line 449, in result
    return self.__get_result()
           ^^^^^^^^^^^^^^^^^^^
  File "/usr/local/lib/python3.12/concurrent/futures/_base.py", line 401, in __get_result
    raise self._exception
  File "/usr/local/lib/python3.12/concurrent/futures/thread.py", line 58, in run
    result = self.fn(*self.args, **self.kwargs)
             ^^^^^^^^^^^^^^^^^^^^^^^^^^^^^^^^^^
  File "/opt/airflow/dags/Dag_detect_1FN_anomaly.py", line 79, in process_table
    df = table_to_dataframe(table_name)
         ^^^^^^^^^^^^^^^^^^^^^^^^^^^^^^
  File "/opt/airflow/dags/Dag_detect_1FN_anomaly.py", line 40, in table_to_dataframe
    return pd.read_sql(query, connection)
           ^^^^^^^^^^^^^^^^^^^^^^^^^^^^^^
  File "/home/airflow/.local/lib/python3.12/site-packages/pandas/io/sql.py", line 682, in read_sql
    return pandas_sql.read_query(
           ^^^^^^^^^^^^^^^^^^^^^^
  File "/home/airflow/.local/lib/python3.12/site-packages/pandas/io/sql.py", line 1776, in read_query
    result = self.execute(sql, params)
             ^^^^^^^^^^^^^^^^^^^^^^^^^
  File "/home/airflow/.local/lib/python3.12/site-packages/pandas/io/sql.py", line 1599, in execute
    return self.con.exec_driver_sql(sql, *args)
           ^^^^^^^^^^^^^^^^^^^^^^^^^^^^^^^^^^^^
  File "/home/airflow/.local/lib/python3.12/site-packages/sqlalchemy/engine/base.py", line 1770, in exec_driver_sql
    return self._exec_driver_sql(
           ^^^^^^^^^^^^^^^^^^^^^^
  File "/home/airflow/.local/lib/python3.12/site-packages/sqlalchemy/engine/base.py", line 1674, in _exec_driver_sql
    ret = self._execute_context(
          ^^^^^^^^^^^^^^^^^^^^^^
  File "/home/airflow/.local/lib/python3.12/site-packages/sqlalchemy/engine/base.py", line 1953, in _execute_context
    self._handle_dbapi_exception(
  File "/home/airflow/.local/lib/python3.12/site-packages/sqlalchemy/engine/base.py", line 2134, in _handle_dbapi_exception
    util.raise_(
  File "/home/airflow/.local/lib/python3.12/site-packages/sqlalchemy/util/compat.py", line 211, in raise_
    raise exception
  File "/home/airflow/.local/lib/python3.12/site-packages/sqlalchemy/engine/base.py", line 1910, in _execute_context
    self.dialect.do_execute(
  File "/home/airflow/.local/lib/python3.12/site-packages/sqlalchemy/engine/default.py", line 736, in do_execute
    cursor.execute(statement, parameters)
sqlalchemy.exc.ProgrammingError: (psycopg2.errors.UndefinedTable) relation "anomaliedetected" does not exist
LINE 1: SELECT * FROM anomalieDetected
                      ^

[SQL: SELECT * FROM anomalieDetected]
(Background on this error at: https://sqlalche.me/e/14/f405)
[2024-09-10T15:50:35.187+0000] {local_task_job_runner.py:266} INFO - Task exited with return code 1
[2024-09-10T15:50:35.248+0000] {standard_task_runner.py:217} INFO - Process not found (most likely exited), stop collecting metrics
[2024-09-10T15:50:35.328+0000] {taskinstance.py:3900} INFO - 0 downstream tasks scheduled from follow-on schedule check
[2024-09-10T15:50:35.337+0000] {local_task_job_runner.py:245} INFO - ::endgroup::
