[2024-09-08T16:20:04.235+0000] {local_task_job_runner.py:123} INFO - ::group::Pre task execution logs
[2024-09-08T16:20:04.477+0000] {taskinstance.py:2612} INFO - Dependencies all met for dep_context=non-requeueable deps ti=<TaskInstance: correction_Dag_Negative_Value.correct_negative_values scheduled__2024-09-08T16:15:00+00:00 [queued]>
[2024-09-08T16:20:04.500+0000] {taskinstance.py:2612} INFO - Dependencies all met for dep_context=requeueable deps ti=<TaskInstance: correction_Dag_Negative_Value.correct_negative_values scheduled__2024-09-08T16:15:00+00:00 [queued]>
[2024-09-08T16:20:04.501+0000] {taskinstance.py:2865} INFO - Starting attempt 1 of 2
[2024-09-08T16:20:04.683+0000] {taskinstance.py:2888} INFO - Executing <Task(PythonOperator): correct_negative_values> on 2024-09-08 16:15:00+00:00
[2024-09-08T16:20:04.791+0000] {standard_task_runner.py:104} INFO - Running: ['airflow', 'tasks', 'run', 'correction_Dag_Negative_Value', 'correct_negative_values', 'scheduled__2024-09-08T16:15:00+00:00', '--job-id', '1494', '--raw', '--subdir', 'DAGS_FOLDER/Correction_dag_Negative_Value.py', '--cfg-path', '/tmp/tmp1n476svv']
[2024-09-08T16:20:04.887+0000] {standard_task_runner.py:105} INFO - Job 1494: Subtask correct_negative_values
[2024-09-08T16:20:04.888+0000] {logging_mixin.py:190} WARNING - /home/airflow/.local/lib/python3.12/site-packages/airflow/task/task_runner/standard_task_runner.py:70 DeprecationWarning: This process (pid=44578) is multi-threaded, use of fork() may lead to deadlocks in the child.
[2024-09-08T16:20:04.890+0000] {standard_task_runner.py:72} INFO - Started process 44611 to run task
[2024-09-08T16:20:07.060+0000] {task_command.py:467} INFO - Running <TaskInstance: correction_Dag_Negative_Value.correct_negative_values scheduled__2024-09-08T16:15:00+00:00 [running]> on host 13d1dadf4f15
[2024-09-08T16:20:09.934+0000] {taskinstance.py:3131} INFO - Exporting env vars: AIRFLOW_CTX_DAG_OWNER='airflow' AIRFLOW_CTX_DAG_ID='correction_Dag_Negative_Value' AIRFLOW_CTX_TASK_ID='correct_negative_values' AIRFLOW_CTX_EXECUTION_DATE='2024-09-08T16:15:00+00:00' AIRFLOW_CTX_TRY_NUMBER='1' AIRFLOW_CTX_DAG_RUN_ID='scheduled__2024-09-08T16:15:00+00:00'
[2024-09-08T16:20:09.963+0000] {taskinstance.py:731} INFO - ::endgroup::
[2024-09-08T16:20:12.859+0000] {logging_mixin.py:190} INFO - Anomalies corrigées avec succès.
[2024-09-08T16:20:12.871+0000] {python.py:240} INFO - Done. Returned value was: None
[2024-09-08T16:20:14.190+0000] {job.py:229} INFO - Heartbeat recovered after 11.15 seconds
[2024-09-08T16:20:15.904+0000] {taskinstance.py:340} INFO - ::group::Post task execution logs
[2024-09-08T16:20:15.909+0000] {taskinstance.py:352} INFO - Marking task as SUCCESS. dag_id=correction_Dag_Negative_Value, task_id=correct_negative_values, run_id=scheduled__2024-09-08T16:15:00+00:00, execution_date=20240908T161500, start_date=20240908T162004, end_date=20240908T162015
[2024-09-08T16:20:16.810+0000] {local_task_job_runner.py:266} INFO - Task exited with return code 0
[2024-09-08T16:20:17.369+0000] {taskinstance.py:3900} INFO - 0 downstream tasks scheduled from follow-on schedule check
[2024-09-08T16:20:17.383+0000] {local_task_job_runner.py:245} INFO - ::endgroup::
