[2024-10-23T12:40:33.412+0000] {local_task_job_runner.py:123} INFO - ::group::Pre task execution logs
[2024-10-23T12:40:33.640+0000] {taskinstance.py:2612} INFO - Dependencies all met for dep_context=non-requeueable deps ti=<TaskInstance: Dag_detect_invalid_customer_ids.run_anomaly_detection scheduled__2024-10-23T12:15:00+00:00 [queued]>
[2024-10-23T12:40:33.661+0000] {taskinstance.py:2612} INFO - Dependencies all met for dep_context=requeueable deps ti=<TaskInstance: Dag_detect_invalid_customer_ids.run_anomaly_detection scheduled__2024-10-23T12:15:00+00:00 [queued]>
[2024-10-23T12:40:33.663+0000] {taskinstance.py:2865} INFO - Starting attempt 2 of 2
[2024-10-23T12:40:33.699+0000] {taskinstance.py:2888} INFO - Executing <Task(PythonOperator): run_anomaly_detection> on 2024-10-23 12:15:00+00:00
[2024-10-23T12:40:33.715+0000] {logging_mixin.py:190} WARNING - /home/airflow/.local/lib/python3.12/site-packages/airflow/task/task_runner/standard_task_runner.py:70 DeprecationWarning: This process (pid=7982) is multi-threaded, use of fork() may lead to deadlocks in the child.
[2024-10-23T12:40:33.715+0000] {standard_task_runner.py:104} INFO - Running: ['airflow', 'tasks', 'run', 'Dag_detect_invalid_customer_ids', 'run_anomaly_detection', 'scheduled__2024-10-23T12:15:00+00:00', '--job-id', '6176', '--raw', '--subdir', 'DAGS_FOLDER/dag_detect_invalid_customer_ids.py', '--cfg-path', '/tmp/tmp58avfhj6']
[2024-10-23T12:40:33.718+0000] {standard_task_runner.py:72} INFO - Started process 7984 to run task
[2024-10-23T12:40:33.718+0000] {standard_task_runner.py:105} INFO - Job 6176: Subtask run_anomaly_detection
[2024-10-23T12:40:34.047+0000] {task_command.py:467} INFO - Running <TaskInstance: Dag_detect_invalid_customer_ids.run_anomaly_detection scheduled__2024-10-23T12:15:00+00:00 [running]> on host 696ca67245ce
[2024-10-23T12:40:34.538+0000] {taskinstance.py:3131} INFO - Exporting env vars: AIRFLOW_CTX_DAG_OWNER='airflow' AIRFLOW_CTX_DAG_ID='Dag_detect_invalid_customer_ids' AIRFLOW_CTX_TASK_ID='run_anomaly_detection' AIRFLOW_CTX_EXECUTION_DATE='2024-10-23T12:15:00+00:00' AIRFLOW_CTX_TRY_NUMBER='2' AIRFLOW_CTX_DAG_RUN_ID='scheduled__2024-10-23T12:15:00+00:00'
[2024-10-23T12:40:34.540+0000] {taskinstance.py:731} INFO - ::endgroup::
[2024-10-23T12:40:34.566+0000] {dag_detect_invalid_customer_ids.py:101} INFO - Starting anomaly detection process
[2024-10-23T12:40:34.883+0000] {dag_detect_invalid_customer_ids.py:105} INFO - Loaded 19 transactions
[2024-10-23T12:40:34.892+0000] {dag_detect_invalid_customer_ids.py:108} INFO - Detected 5 anomalies
[2024-10-23T12:40:34.909+0000] {dag_detect_invalid_customer_ids.py:94} INFO - Inserted 5 new anomalies.
[2024-10-23T12:40:34.910+0000] {dag_detect_invalid_customer_ids.py:111} INFO - Anomaly detection process completed successfully
[2024-10-23T12:40:34.911+0000] {python.py:240} INFO - Done. Returned value was: None
[2024-10-23T12:40:35.028+0000] {taskinstance.py:340} INFO - ::group::Post task execution logs
[2024-10-23T12:40:35.030+0000] {taskinstance.py:352} INFO - Marking task as SUCCESS. dag_id=Dag_detect_invalid_customer_ids, task_id=run_anomaly_detection, run_id=scheduled__2024-10-23T12:15:00+00:00, execution_date=20241023T121500, start_date=20241023T124033, end_date=20241023T124035
[2024-10-23T12:40:35.100+0000] {local_task_job_runner.py:266} INFO - Task exited with return code 0
[2024-10-23T12:40:35.259+0000] {taskinstance.py:3900} INFO - 0 downstream tasks scheduled from follow-on schedule check
[2024-10-23T12:40:35.268+0000] {local_task_job_runner.py:245} INFO - ::endgroup::
