[2024-10-12T21:00:50.171+0000] {local_task_job_runner.py:123} INFO - ::group::Pre task execution logs
[2024-10-12T21:00:52.208+0000] {taskinstance.py:2612} INFO - Dependencies all met for dep_context=non-requeueable deps ti=<TaskInstance: welcome_dag.print_welcome scheduled__2024-10-12T21:00:08+00:00 [queued]>
[2024-10-12T21:00:52.328+0000] {taskinstance.py:2612} INFO - Dependencies all met for dep_context=requeueable deps ti=<TaskInstance: welcome_dag.print_welcome scheduled__2024-10-12T21:00:08+00:00 [queued]>
[2024-10-12T21:00:52.337+0000] {taskinstance.py:2865} INFO - Starting attempt 1 of 1
[2024-10-12T21:00:52.595+0000] {taskinstance.py:2888} INFO - Executing <Task(PythonOperator): print_welcome> on 2024-10-12 21:00:08+00:00
[2024-10-12T21:00:52.676+0000] {standard_task_runner.py:104} INFO - Running: ['airflow', 'tasks', 'run', 'welcome_dag', 'print_welcome', 'scheduled__2024-10-12T21:00:08+00:00', '--job-id', '5955', '--raw', '--subdir', 'DAGS_FOLDER/Awelcome_dags.py', '--cfg-path', '/tmp/tmpg6kopcmg']
[2024-10-12T21:00:52.745+0000] {standard_task_runner.py:105} INFO - Job 5955: Subtask print_welcome
[2024-10-12T21:00:53.288+0000] {logging_mixin.py:190} WARNING - /home/airflow/.local/lib/python3.12/site-packages/airflow/task/task_runner/standard_task_runner.py:70 DeprecationWarning: This process (pid=3165) is multi-threaded, use of fork() may lead to deadlocks in the child.
[2024-10-12T21:00:53.297+0000] {standard_task_runner.py:72} INFO - Started process 3224 to run task
[2024-10-12T21:01:51.984+0000] {job.py:229} INFO - Heartbeat recovered after 72.94 seconds
[2024-10-12T21:01:56.719+0000] {task_command.py:467} INFO - Running <TaskInstance: welcome_dag.print_welcome scheduled__2024-10-12T21:00:08+00:00 [running]> on host 20dad67a3f18
[2024-10-12T21:02:03.459+0000] {job.py:229} INFO - Heartbeat recovered after 11.66 seconds
[2024-10-12T21:02:05.168+0000] {taskinstance.py:3131} INFO - Exporting env vars: AIRFLOW_CTX_DAG_OWNER='airflow' AIRFLOW_CTX_DAG_ID='welcome_dag' AIRFLOW_CTX_TASK_ID='print_welcome' AIRFLOW_CTX_EXECUTION_DATE='2024-10-12T21:00:08+00:00' AIRFLOW_CTX_TRY_NUMBER='1' AIRFLOW_CTX_DAG_RUN_ID='scheduled__2024-10-12T21:00:08+00:00'
[2024-10-12T21:02:05.190+0000] {taskinstance.py:731} INFO - ::endgroup::
[2024-10-12T21:02:05.332+0000] {logging_mixin.py:190} INFO - Welcome to Airflow!
[2024-10-12T21:02:05.348+0000] {python.py:240} INFO - Done. Returned value was: None
[2024-10-12T21:02:07.405+0000] {taskinstance.py:340} INFO - ::group::Post task execution logs
[2024-10-12T21:02:07.409+0000] {taskinstance.py:352} INFO - Marking task as SUCCESS. dag_id=welcome_dag, task_id=print_welcome, run_id=scheduled__2024-10-12T21:00:08+00:00, execution_date=20241012T210008, start_date=20241012T210052, end_date=20241012T210207
[2024-10-12T21:02:07.762+0000] {local_task_job_runner.py:266} INFO - Task exited with return code 0
[2024-10-12T21:02:09.686+0000] {local_task_job_runner.py:245} INFO - ::endgroup::
[2024-10-12T21:02:09.828+0000] {standard_task_runner.py:217} INFO - Process not found (most likely exited), stop collecting metrics
