[2024-09-11T16:51:37.630+0000] {local_task_job_runner.py:123} INFO - ::group::Pre task execution logs
[2024-09-11T16:51:38.779+0000] {taskinstance.py:2612} INFO - Dependencies all met for dep_context=non-requeueable deps ti=<TaskInstance: Dag_detect_invalid_customer_ids.run_anomaly_detection scheduled__2024-09-11T16:30:00+00:00 [queued]>
[2024-09-11T16:51:39.055+0000] {taskinstance.py:2612} INFO - Dependencies all met for dep_context=requeueable deps ti=<TaskInstance: Dag_detect_invalid_customer_ids.run_anomaly_detection scheduled__2024-09-11T16:30:00+00:00 [queued]>
[2024-09-11T16:51:39.064+0000] {taskinstance.py:2865} INFO - Starting attempt 2 of 2
[2024-09-11T16:51:39.279+0000] {taskinstance.py:2888} INFO - Executing <Task(PythonOperator): run_anomaly_detection> on 2024-09-11 16:30:00+00:00
[2024-09-11T16:51:39.928+0000] {logging_mixin.py:190} WARNING - /home/airflow/.local/lib/python3.12/site-packages/airflow/task/task_runner/standard_task_runner.py:70 DeprecationWarning: This process (pid=10489) is multi-threaded, use of fork() may lead to deadlocks in the child.
[2024-09-11T16:51:39.856+0000] {standard_task_runner.py:104} INFO - Running: ['airflow', 'tasks', 'run', 'Dag_detect_invalid_customer_ids', 'run_anomaly_detection', 'scheduled__2024-09-11T16:30:00+00:00', '--job-id', '1114', '--raw', '--subdir', 'DAGS_FOLDER/dag_detect_invalid_customer_ids.py', '--cfg-path', '/tmp/tmp07n_7zwb']
[2024-09-11T16:51:39.968+0000] {standard_task_runner.py:72} INFO - Started process 10535 to run task
[2024-09-11T16:51:39.983+0000] {standard_task_runner.py:105} INFO - Job 1114: Subtask run_anomaly_detection
[2024-09-11T16:51:48.235+0000] {job.py:229} INFO - Heartbeat recovered after 13.04 seconds
[2024-09-11T16:51:50.360+0000] {task_command.py:467} INFO - Running <TaskInstance: Dag_detect_invalid_customer_ids.run_anomaly_detection scheduled__2024-09-11T16:30:00+00:00 [running]> on host b8b5351e8a6b
[2024-09-11T16:51:59.949+0000] {job.py:229} INFO - Heartbeat recovered after 11.79 seconds
[2024-09-11T16:52:05.809+0000] {taskinstance.py:3131} INFO - Exporting env vars: AIRFLOW_CTX_DAG_OWNER='airflow' AIRFLOW_CTX_DAG_ID='Dag_detect_invalid_customer_ids' AIRFLOW_CTX_TASK_ID='run_anomaly_detection' AIRFLOW_CTX_EXECUTION_DATE='2024-09-11T16:30:00+00:00' AIRFLOW_CTX_TRY_NUMBER='2' AIRFLOW_CTX_DAG_RUN_ID='scheduled__2024-09-11T16:30:00+00:00'
[2024-09-11T16:52:05.963+0000] {taskinstance.py:731} INFO - ::endgroup::
[2024-09-11T16:52:06.424+0000] {dag_detect_invalid_customer_ids.py:101} INFO - Starting anomaly detection process
[2024-09-11T16:52:10.406+0000] {job.py:229} INFO - Heartbeat recovered after 10.52 seconds
[2024-09-11T16:52:15.037+0000] {dag_detect_invalid_customer_ids.py:105} INFO - Loaded 15 transactions
[2024-09-11T16:52:15.295+0000] {dag_detect_invalid_customer_ids.py:108} INFO - Detected 1 anomalies
[2024-09-11T16:52:15.386+0000] {dag_detect_invalid_customer_ids.py:94} INFO - Inserted 1 new anomalies.
[2024-09-11T16:52:15.390+0000] {dag_detect_invalid_customer_ids.py:111} INFO - Anomaly detection process completed successfully
[2024-09-11T16:52:15.396+0000] {python.py:240} INFO - Done. Returned value was: None
[2024-09-11T16:52:18.715+0000] {taskinstance.py:340} INFO - ::group::Post task execution logs
[2024-09-11T16:52:18.961+0000] {taskinstance.py:352} INFO - Marking task as SUCCESS. dag_id=Dag_detect_invalid_customer_ids, task_id=run_anomaly_detection, run_id=scheduled__2024-09-11T16:30:00+00:00, execution_date=20240911T163000, start_date=20240911T165138, end_date=20240911T165218
[2024-09-11T16:52:21.054+0000] {job.py:229} INFO - Heartbeat recovered after 10.97 seconds
[2024-09-11T16:52:25.622+0000] {local_task_job_runner.py:266} INFO - Task exited with return code 0
[2024-09-11T16:52:28.213+0000] {taskinstance.py:3900} INFO - 0 downstream tasks scheduled from follow-on schedule check
[2024-09-11T16:52:28.247+0000] {local_task_job_runner.py:245} INFO - ::endgroup::
[2024-09-11T16:52:30.251+0000] {standard_task_runner.py:217} INFO - Process not found (most likely exited), stop collecting metrics
