[2024-09-10T15:30:12.454+0000] {local_task_job_runner.py:123} INFO - ::group::Pre task execution logs
[2024-09-10T15:30:13.408+0000] {taskinstance.py:2612} INFO - Dependencies all met for dep_context=non-requeueable deps ti=<TaskInstance: detect_transaction_date_anomalies_dag.run_anomaly_detection scheduled__2024-09-10T15:25:00+00:00 [queued]>
[2024-09-10T15:30:13.461+0000] {taskinstance.py:2612} INFO - Dependencies all met for dep_context=requeueable deps ti=<TaskInstance: detect_transaction_date_anomalies_dag.run_anomaly_detection scheduled__2024-09-10T15:25:00+00:00 [queued]>
[2024-09-10T15:30:13.464+0000] {taskinstance.py:2865} INFO - Starting attempt 1 of 2
[2024-09-10T15:30:13.662+0000] {taskinstance.py:2888} INFO - Executing <Task(PythonOperator): run_anomaly_detection> on 2024-09-10 15:25:00+00:00
[2024-09-10T15:30:13.739+0000] {logging_mixin.py:190} WARNING - /home/airflow/.local/lib/python3.12/site-packages/airflow/task/task_runner/standard_task_runner.py:70 DeprecationWarning: This process (pid=20474) is multi-threaded, use of fork() may lead to deadlocks in the child.
[2024-09-10T15:30:13.752+0000] {standard_task_runner.py:72} INFO - Started process 20518 to run task
[2024-09-10T15:30:13.752+0000] {standard_task_runner.py:104} INFO - Running: ['airflow', 'tasks', 'run', 'detect_transaction_date_anomalies_dag', 'run_anomaly_detection', 'scheduled__2024-09-10T15:25:00+00:00', '--job-id', '2648', '--raw', '--subdir', 'DAGS_FOLDER/Dag-Transaction-Date-in-the-Paste.py', '--cfg-path', '/tmp/tmpp4hge0p_']
[2024-09-10T15:30:13.780+0000] {standard_task_runner.py:105} INFO - Job 2648: Subtask run_anomaly_detection
[2024-09-10T15:30:15.701+0000] {task_command.py:467} INFO - Running <TaskInstance: detect_transaction_date_anomalies_dag.run_anomaly_detection scheduled__2024-09-10T15:25:00+00:00 [running]> on host 5f241b76205c
[2024-09-10T15:30:17.603+0000] {taskinstance.py:3131} INFO - Exporting env vars: AIRFLOW_CTX_DAG_OWNER='airflow' AIRFLOW_CTX_DAG_ID='detect_transaction_date_anomalies_dag' AIRFLOW_CTX_TASK_ID='run_anomaly_detection' AIRFLOW_CTX_EXECUTION_DATE='2024-09-10T15:25:00+00:00' AIRFLOW_CTX_TRY_NUMBER='1' AIRFLOW_CTX_DAG_RUN_ID='scheduled__2024-09-10T15:25:00+00:00'
[2024-09-10T15:30:17.608+0000] {taskinstance.py:731} INFO - ::endgroup::
[2024-09-10T15:30:18.925+0000] {Dag-Transaction-Date-in-the-Paste.py:97} INFO - Inserting 1 detected anomalies
[2024-09-10T15:30:20.375+0000] {job.py:229} INFO - Heartbeat recovered after 13.17 seconds
[2024-09-10T15:30:21.936+0000] {python.py:240} INFO - Done. Returned value was: None
[2024-09-10T15:30:22.668+0000] {taskinstance.py:340} INFO - ::group::Post task execution logs
[2024-09-10T15:30:22.670+0000] {taskinstance.py:352} INFO - Marking task as SUCCESS. dag_id=detect_transaction_date_anomalies_dag, task_id=run_anomaly_detection, run_id=scheduled__2024-09-10T15:25:00+00:00, execution_date=20240910T152500, start_date=20240910T153013, end_date=20240910T153022
[2024-09-10T15:30:22.781+0000] {local_task_job_runner.py:266} INFO - Task exited with return code 0
[2024-09-10T15:30:23.784+0000] {standard_task_runner.py:217} INFO - Process not found (most likely exited), stop collecting metrics
[2024-09-10T15:30:23.792+0000] {taskinstance.py:3900} INFO - 0 downstream tasks scheduled from follow-on schedule check
[2024-09-10T15:30:23.817+0000] {local_task_job_runner.py:245} INFO - ::endgroup::
