[2024-09-13T17:51:13.592+0000] {local_task_job_runner.py:123} INFO - ::group::Pre task execution logs
[2024-09-13T17:51:14.115+0000] {taskinstance.py:2612} INFO - Dependencies all met for dep_context=non-requeueable deps ti=<TaskInstance: Dag_Multiple_Transactions_in_Short_Timeframe.run_anomaly_detection scheduled__2024-09-13T17:40:00+00:00 [queued]>
[2024-09-13T17:51:14.153+0000] {taskinstance.py:2612} INFO - Dependencies all met for dep_context=requeueable deps ti=<TaskInstance: Dag_Multiple_Transactions_in_Short_Timeframe.run_anomaly_detection scheduled__2024-09-13T17:40:00+00:00 [queued]>
[2024-09-13T17:51:14.157+0000] {taskinstance.py:2865} INFO - Starting attempt 2 of 2
[2024-09-13T17:51:14.253+0000] {taskinstance.py:2888} INFO - Executing <Task(PythonOperator): run_anomaly_detection> on 2024-09-13 17:40:00+00:00
[2024-09-13T17:51:14.306+0000] {logging_mixin.py:190} WARNING - /home/airflow/.local/lib/python3.12/site-packages/airflow/task/task_runner/standard_task_runner.py:70 DeprecationWarning: This process (pid=35442) is multi-threaded, use of fork() may lead to deadlocks in the child.
[2024-09-13T17:51:14.315+0000] {standard_task_runner.py:72} INFO - Started process 35495 to run task
[2024-09-13T17:51:14.313+0000] {standard_task_runner.py:104} INFO - Running: ['airflow', 'tasks', 'run', 'Dag_Multiple_Transactions_in_Short_Timeframe', 'run_anomaly_detection', 'scheduled__2024-09-13T17:40:00+00:00', '--job-id', '3025', '--raw', '--subdir', 'DAGS_FOLDER/Dag_MultipleTransactions-in-a-ShortTimeframe.py', '--cfg-path', '/tmp/tmp2yo9lptq']
[2024-09-13T17:51:14.325+0000] {standard_task_runner.py:105} INFO - Job 3025: Subtask run_anomaly_detection
[2024-09-13T17:51:17.013+0000] {task_command.py:467} INFO - Running <TaskInstance: Dag_Multiple_Transactions_in_Short_Timeframe.run_anomaly_detection scheduled__2024-09-13T17:40:00+00:00 [running]> on host 7403e816bcf5
[2024-09-13T17:51:21.610+0000] {taskinstance.py:3131} INFO - Exporting env vars: AIRFLOW_CTX_DAG_OWNER='airflow' AIRFLOW_CTX_DAG_ID='Dag_Multiple_Transactions_in_Short_Timeframe' AIRFLOW_CTX_TASK_ID='run_anomaly_detection' AIRFLOW_CTX_EXECUTION_DATE='2024-09-13T17:40:00+00:00' AIRFLOW_CTX_TRY_NUMBER='2' AIRFLOW_CTX_DAG_RUN_ID='scheduled__2024-09-13T17:40:00+00:00'
[2024-09-13T17:51:21.620+0000] {taskinstance.py:731} INFO - ::endgroup::
[2024-09-13T17:51:22.979+0000] {logging_mixin.py:190} WARNING - /opt/airflow/dags/Dag_MultipleTransactions-in-a-ShortTimeframe.py:59 SettingWithCopyWarning:
A value is trying to be set on a copy of a slice from a DataFrame.
Try using .loc[row_indexer,col_indexer] = value instead

See the caveats in the documentation: https://pandas.pydata.org/pandas-docs/stable/user_guide/indexing.html#returning-a-view-versus-a-copy
[2024-09-13T17:51:23.006+0000] {logging_mixin.py:190} WARNING - /opt/airflow/dags/Dag_MultipleTransactions-in-a-ShortTimeframe.py:59 SettingWithCopyWarning:
A value is trying to be set on a copy of a slice from a DataFrame.
Try using .loc[row_indexer,col_indexer] = value instead

See the caveats in the documentation: https://pandas.pydata.org/pandas-docs/stable/user_guide/indexing.html#returning-a-view-versus-a-copy
[2024-09-13T17:51:23.016+0000] {logging_mixin.py:190} WARNING - /opt/airflow/dags/Dag_MultipleTransactions-in-a-ShortTimeframe.py:59 SettingWithCopyWarning:
A value is trying to be set on a copy of a slice from a DataFrame.
Try using .loc[row_indexer,col_indexer] = value instead

See the caveats in the documentation: https://pandas.pydata.org/pandas-docs/stable/user_guide/indexing.html#returning-a-view-versus-a-copy
[2024-09-13T17:51:23.027+0000] {logging_mixin.py:190} WARNING - /opt/airflow/dags/Dag_MultipleTransactions-in-a-ShortTimeframe.py:59 SettingWithCopyWarning:
A value is trying to be set on a copy of a slice from a DataFrame.
Try using .loc[row_indexer,col_indexer] = value instead

See the caveats in the documentation: https://pandas.pydata.org/pandas-docs/stable/user_guide/indexing.html#returning-a-view-versus-a-copy
[2024-09-13T17:51:23.039+0000] {logging_mixin.py:190} WARNING - /opt/airflow/dags/Dag_MultipleTransactions-in-a-ShortTimeframe.py:59 SettingWithCopyWarning:
A value is trying to be set on a copy of a slice from a DataFrame.
Try using .loc[row_indexer,col_indexer] = value instead

See the caveats in the documentation: https://pandas.pydata.org/pandas-docs/stable/user_guide/indexing.html#returning-a-view-versus-a-copy
[2024-09-13T17:51:23.050+0000] {logging_mixin.py:190} WARNING - /opt/airflow/dags/Dag_MultipleTransactions-in-a-ShortTimeframe.py:59 SettingWithCopyWarning:
A value is trying to be set on a copy of a slice from a DataFrame.
Try using .loc[row_indexer,col_indexer] = value instead

See the caveats in the documentation: https://pandas.pydata.org/pandas-docs/stable/user_guide/indexing.html#returning-a-view-versus-a-copy
[2024-09-13T17:51:23.060+0000] {logging_mixin.py:190} WARNING - /opt/airflow/dags/Dag_MultipleTransactions-in-a-ShortTimeframe.py:59 SettingWithCopyWarning:
A value is trying to be set on a copy of a slice from a DataFrame.
Try using .loc[row_indexer,col_indexer] = value instead

See the caveats in the documentation: https://pandas.pydata.org/pandas-docs/stable/user_guide/indexing.html#returning-a-view-versus-a-copy
[2024-09-13T17:51:23.073+0000] {logging_mixin.py:190} WARNING - /opt/airflow/dags/Dag_MultipleTransactions-in-a-ShortTimeframe.py:59 SettingWithCopyWarning:
A value is trying to be set on a copy of a slice from a DataFrame.
Try using .loc[row_indexer,col_indexer] = value instead

See the caveats in the documentation: https://pandas.pydata.org/pandas-docs/stable/user_guide/indexing.html#returning-a-view-versus-a-copy
[2024-09-13T17:51:23.081+0000] {logging_mixin.py:190} WARNING - /opt/airflow/dags/Dag_MultipleTransactions-in-a-ShortTimeframe.py:59 SettingWithCopyWarning:
A value is trying to be set on a copy of a slice from a DataFrame.
Try using .loc[row_indexer,col_indexer] = value instead

See the caveats in the documentation: https://pandas.pydata.org/pandas-docs/stable/user_guide/indexing.html#returning-a-view-versus-a-copy
[2024-09-13T17:51:23.099+0000] {Dag_MultipleTransactions-in-a-ShortTimeframe.py:123} INFO - No anomalies detected.
[2024-09-13T17:51:23.101+0000] {python.py:240} INFO - Done. Returned value was: None
[2024-09-13T17:51:23.583+0000] {taskinstance.py:340} INFO - ::group::Post task execution logs
[2024-09-13T17:51:23.585+0000] {taskinstance.py:352} INFO - Marking task as SUCCESS. dag_id=Dag_Multiple_Transactions_in_Short_Timeframe, task_id=run_anomaly_detection, run_id=scheduled__2024-09-13T17:40:00+00:00, execution_date=20240913T174000, start_date=20240913T175114, end_date=20240913T175123
[2024-09-13T17:51:23.690+0000] {local_task_job_runner.py:266} INFO - Task exited with return code 0
[2024-09-13T17:51:24.285+0000] {taskinstance.py:3900} INFO - 0 downstream tasks scheduled from follow-on schedule check
[2024-09-13T17:51:24.304+0000] {local_task_job_runner.py:245} INFO - ::endgroup::
[2024-09-13T17:51:24.345+0000] {standard_task_runner.py:217} INFO - Process not found (most likely exited), stop collecting metrics
