[2024-09-13T18:00:32.954+0000] {local_task_job_runner.py:123} INFO - ::group::Pre task execution logs
[2024-09-13T18:00:36.617+0000] {taskinstance.py:2612} INFO - Dependencies all met for dep_context=non-requeueable deps ti=<TaskInstance: welcome_dag.print_welcome scheduled__2024-09-13T18:00:02+00:00 [queued]>
[2024-09-13T18:00:36.759+0000] {taskinstance.py:2612} INFO - Dependencies all met for dep_context=requeueable deps ti=<TaskInstance: welcome_dag.print_welcome scheduled__2024-09-13T18:00:02+00:00 [queued]>
[2024-09-13T18:00:36.781+0000] {taskinstance.py:2865} INFO - Starting attempt 1 of 1
[2024-09-13T18:00:38.402+0000] {taskinstance.py:2888} INFO - Executing <Task(PythonOperator): print_welcome> on 2024-09-13 18:00:02+00:00
[2024-09-13T18:00:40.246+0000] {standard_task_runner.py:104} INFO - Running: ['airflow', 'tasks', 'run', 'welcome_dag', 'print_welcome', 'scheduled__2024-09-13T18:00:02+00:00', '--job-id', '3045', '--raw', '--subdir', 'DAGS_FOLDER/Awelcome_dags.py', '--cfg-path', '/tmp/tmp0qjeysrg']
[2024-09-13T18:00:41.856+0000] {standard_task_runner.py:105} INFO - Job 3045: Subtask print_welcome
[2024-09-13T18:00:42.552+0000] {logging_mixin.py:190} WARNING - /home/airflow/.local/lib/python3.12/site-packages/airflow/task/task_runner/standard_task_runner.py:70 DeprecationWarning: This process (pid=36823) is multi-threaded, use of fork() may lead to deadlocks in the child.
[2024-09-13T18:00:42.562+0000] {standard_task_runner.py:72} INFO - Started process 36867 to run task
[2024-09-13T18:00:51.157+0000] {task_command.py:467} INFO - Running <TaskInstance: welcome_dag.print_welcome scheduled__2024-09-13T18:00:02+00:00 [running]> on host 7403e816bcf5
[2024-09-13T18:00:51.252+0000] {job.py:229} INFO - Heartbeat recovered after 31.68 seconds
[2024-09-13T18:01:04.265+0000] {job.py:229} INFO - Heartbeat recovered after 13.32 seconds
[2024-09-13T18:01:14.800+0000] {taskinstance.py:3131} INFO - Exporting env vars: AIRFLOW_CTX_DAG_OWNER='airflow' AIRFLOW_CTX_DAG_ID='welcome_dag' AIRFLOW_CTX_TASK_ID='print_welcome' AIRFLOW_CTX_EXECUTION_DATE='2024-09-13T18:00:02+00:00' AIRFLOW_CTX_TRY_NUMBER='1' AIRFLOW_CTX_DAG_RUN_ID='scheduled__2024-09-13T18:00:02+00:00'
[2024-09-13T18:01:15.057+0000] {taskinstance.py:731} INFO - ::endgroup::
[2024-09-13T18:01:18.726+0000] {job.py:229} INFO - Heartbeat recovered after 14.58 seconds
[2024-09-13T18:01:20.168+0000] {logging_mixin.py:190} INFO - Welcome to Airflow!
[2024-09-13T18:01:20.177+0000] {python.py:240} INFO - Done. Returned value was: None
[2024-09-13T18:01:24.706+0000] {taskinstance.py:340} INFO - ::group::Post task execution logs
[2024-09-13T18:01:24.745+0000] {taskinstance.py:352} INFO - Marking task as SUCCESS. dag_id=welcome_dag, task_id=print_welcome, run_id=scheduled__2024-09-13T18:00:02+00:00, execution_date=20240913T180002, start_date=20240913T180036, end_date=20240913T180124
[2024-09-13T18:01:26.461+0000] {local_task_job_runner.py:266} INFO - Task exited with return code 0
[2024-09-13T18:01:28.533+0000] {standard_task_runner.py:217} INFO - Process not found (most likely exited), stop collecting metrics
[2024-09-13T18:01:31.352+0000] {taskinstance.py:3900} INFO - 0 downstream tasks scheduled from follow-on schedule check
[2024-09-13T18:01:31.410+0000] {local_task_job_runner.py:245} INFO - ::endgroup::
