[2024-09-22T18:30:05.601+0000] {local_task_job_runner.py:123} INFO - ::group::Pre task execution logs
[2024-09-22T18:30:05.904+0000] {taskinstance.py:2612} INFO - Dependencies all met for dep_context=non-requeueable deps ti=<TaskInstance: correction_Dag_no_NumericValues.Correct_Non_numeric_Quantity scheduled__2024-09-22T18:25:00+00:00 [queued]>
[2024-09-22T18:30:05.948+0000] {taskinstance.py:2612} INFO - Dependencies all met for dep_context=requeueable deps ti=<TaskInstance: correction_Dag_no_NumericValues.Correct_Non_numeric_Quantity scheduled__2024-09-22T18:25:00+00:00 [queued]>
[2024-09-22T18:30:05.949+0000] {taskinstance.py:2865} INFO - Starting attempt 1 of 2
[2024-09-22T18:30:06.012+0000] {taskinstance.py:2888} INFO - Executing <Task(PythonOperator): Correct_Non_numeric_Quantity> on 2024-09-22 18:25:00+00:00
[2024-09-22T18:30:06.090+0000] {logging_mixin.py:190} WARNING - /home/airflow/.local/lib/python3.12/site-packages/airflow/task/task_runner/standard_task_runner.py:70 DeprecationWarning: This process (pid=3328) is multi-threaded, use of fork() may lead to deadlocks in the child.
[2024-09-22T18:30:06.108+0000] {standard_task_runner.py:72} INFO - Started process 3359 to run task
[2024-09-22T18:30:06.093+0000] {standard_task_runner.py:104} INFO - Running: ['airflow', 'tasks', 'run', 'correction_Dag_no_NumericValues', 'Correct_Non_numeric_Quantity', 'scheduled__2024-09-22T18:25:00+00:00', '--job-id', '5814', '--raw', '--subdir', 'DAGS_FOLDER/correction_Dag_no_NumericValues.py', '--cfg-path', '/tmp/tmpsedsnqve']
[2024-09-22T18:30:06.142+0000] {standard_task_runner.py:105} INFO - Job 5814: Subtask Correct_Non_numeric_Quantity
[2024-09-22T18:30:07.164+0000] {task_command.py:467} INFO - Running <TaskInstance: correction_Dag_no_NumericValues.Correct_Non_numeric_Quantity scheduled__2024-09-22T18:25:00+00:00 [running]> on host 4000165cea79
[2024-09-22T18:30:08.413+0000] {taskinstance.py:3131} INFO - Exporting env vars: AIRFLOW_CTX_DAG_OWNER='airflow' AIRFLOW_CTX_DAG_ID='correction_Dag_no_NumericValues' AIRFLOW_CTX_TASK_ID='Correct_Non_numeric_Quantity' AIRFLOW_CTX_EXECUTION_DATE='2024-09-22T18:25:00+00:00' AIRFLOW_CTX_TRY_NUMBER='1' AIRFLOW_CTX_DAG_RUN_ID='scheduled__2024-09-22T18:25:00+00:00'
[2024-09-22T18:30:08.424+0000] {taskinstance.py:731} INFO - ::endgroup::
[2024-09-22T18:30:09.967+0000] {logging_mixin.py:190} INFO - Anomalies textuelles corrigées avec succès dans la table Transactions.
[2024-09-22T18:30:09.981+0000] {python.py:240} INFO - Done. Returned value was: None
[2024-09-22T18:30:11.523+0000] {taskinstance.py:340} INFO - ::group::Post task execution logs
[2024-09-22T18:30:11.537+0000] {taskinstance.py:352} INFO - Marking task as SUCCESS. dag_id=correction_Dag_no_NumericValues, task_id=Correct_Non_numeric_Quantity, run_id=scheduled__2024-09-22T18:25:00+00:00, execution_date=20240922T182500, start_date=20240922T183005, end_date=20240922T183011
[2024-09-22T18:30:13.574+0000] {local_task_job_runner.py:266} INFO - Task exited with return code 0
[2024-09-22T18:30:14.971+0000] {taskinstance.py:3900} INFO - 0 downstream tasks scheduled from follow-on schedule check
[2024-09-22T18:30:14.995+0000] {local_task_job_runner.py:245} INFO - ::endgroup::
[2024-09-22T18:30:16.139+0000] {standard_task_runner.py:217} INFO - Process not found (most likely exited), stop collecting metrics
