[2024-09-08T17:00:39.754+0000] {local_task_job_runner.py:123} INFO - ::group::Pre task execution logs
[2024-09-08T17:00:40.937+0000] {taskinstance.py:2612} INFO - Dependencies all met for dep_context=non-requeueable deps ti=<TaskInstance: welcome_dag.print_date scheduled__2024-09-08T16:00:59+00:00 [queued]>
[2024-09-08T17:00:41.015+0000] {taskinstance.py:2612} INFO - Dependencies all met for dep_context=requeueable deps ti=<TaskInstance: welcome_dag.print_date scheduled__2024-09-08T16:00:59+00:00 [queued]>
[2024-09-08T17:00:41.018+0000] {taskinstance.py:2865} INFO - Starting attempt 1 of 1
[2024-09-08T17:00:41.107+0000] {taskinstance.py:2888} INFO - Executing <Task(PythonOperator): print_date> on 2024-09-08 16:00:59+00:00
[2024-09-08T17:00:41.147+0000] {standard_task_runner.py:104} INFO - Running: ['airflow', 'tasks', 'run', 'welcome_dag', 'print_date', 'scheduled__2024-09-08T16:00:59+00:00', '--job-id', '1607', '--raw', '--subdir', 'DAGS_FOLDER/Awelcome_dags.py', '--cfg-path', '/tmp/tmptilgu3qc']
[2024-09-08T17:00:41.159+0000] {standard_task_runner.py:105} INFO - Job 1607: Subtask print_date
[2024-09-08T17:00:41.263+0000] {logging_mixin.py:190} WARNING - /home/airflow/.local/lib/python3.12/site-packages/airflow/task/task_runner/standard_task_runner.py:70 DeprecationWarning: This process (pid=735) is multi-threaded, use of fork() may lead to deadlocks in the child.
[2024-09-08T17:00:41.269+0000] {standard_task_runner.py:72} INFO - Started process 762 to run task
[2024-09-08T17:00:44.828+0000] {task_command.py:467} INFO - Running <TaskInstance: welcome_dag.print_date scheduled__2024-09-08T16:00:59+00:00 [running]> on host f09432de7c82
[2024-09-08T17:00:47.693+0000] {job.py:229} INFO - Heartbeat recovered after 11.53 seconds
[2024-09-08T17:00:49.350+0000] {taskinstance.py:3131} INFO - Exporting env vars: AIRFLOW_CTX_DAG_OWNER='airflow' AIRFLOW_CTX_DAG_ID='welcome_dag' AIRFLOW_CTX_TASK_ID='print_date' AIRFLOW_CTX_EXECUTION_DATE='2024-09-08T16:00:59+00:00' AIRFLOW_CTX_TRY_NUMBER='1' AIRFLOW_CTX_DAG_RUN_ID='scheduled__2024-09-08T16:00:59+00:00'
[2024-09-08T17:00:49.354+0000] {taskinstance.py:731} INFO - ::endgroup::
[2024-09-08T17:00:49.399+0000] {logging_mixin.py:190} INFO - Today is 2024-09-08
[2024-09-08T17:00:49.401+0000] {python.py:240} INFO - Done. Returned value was: None
[2024-09-08T17:00:50.102+0000] {taskinstance.py:340} INFO - ::group::Post task execution logs
[2024-09-08T17:00:50.105+0000] {taskinstance.py:352} INFO - Marking task as SUCCESS. dag_id=welcome_dag, task_id=print_date, run_id=scheduled__2024-09-08T16:00:59+00:00, execution_date=20240908T160059, start_date=20240908T170040, end_date=20240908T170050
[2024-09-08T17:00:51.138+0000] {local_task_job_runner.py:266} INFO - Task exited with return code 0
[2024-09-08T17:00:51.335+0000] {standard_task_runner.py:217} INFO - Process not found (most likely exited), stop collecting metrics
[2024-09-08T17:00:51.950+0000] {taskinstance.py:3900} INFO - 0 downstream tasks scheduled from follow-on schedule check
[2024-09-08T17:00:51.957+0000] {local_task_job_runner.py:245} INFO - ::endgroup::
