[2024-09-10T16:41:04.284+0000] {local_task_job_runner.py:123} INFO - ::group::Pre task execution logs
[2024-09-10T16:41:05.102+0000] {taskinstance.py:2612} INFO - Dependencies all met for dep_context=non-requeueable deps ti=<TaskInstance: Dag_detect_invalid_customer_ids.run_anomaly_detection scheduled__2024-09-10T15:45:00+00:00 [queued]>
[2024-09-10T16:41:05.149+0000] {taskinstance.py:2612} INFO - Dependencies all met for dep_context=requeueable deps ti=<TaskInstance: Dag_detect_invalid_customer_ids.run_anomaly_detection scheduled__2024-09-10T15:45:00+00:00 [queued]>
[2024-09-10T16:41:05.152+0000] {taskinstance.py:2865} INFO - Starting attempt 2 of 2
[2024-09-10T16:41:05.647+0000] {taskinstance.py:2888} INFO - Executing <Task(PythonOperator): run_anomaly_detection> on 2024-09-10 15:45:00+00:00
[2024-09-10T16:41:05.743+0000] {logging_mixin.py:190} WARNING - /home/airflow/.local/lib/python3.12/site-packages/airflow/task/task_runner/standard_task_runner.py:70 DeprecationWarning: This process (pid=26018) is multi-threaded, use of fork() may lead to deadlocks in the child.
[2024-09-10T16:41:05.758+0000] {standard_task_runner.py:72} INFO - Started process 26091 to run task
[2024-09-10T16:41:05.756+0000] {standard_task_runner.py:104} INFO - Running: ['airflow', 'tasks', 'run', 'Dag_detect_invalid_customer_ids', 'run_anomaly_detection', 'scheduled__2024-09-10T15:45:00+00:00', '--job-id', '2759', '--raw', '--subdir', 'DAGS_FOLDER/dag_detect_invalid_customer_ids.py', '--cfg-path', '/tmp/tmpw9s9rp52']
[2024-09-10T16:41:05.775+0000] {standard_task_runner.py:105} INFO - Job 2759: Subtask run_anomaly_detection
[2024-09-10T16:41:08.113+0000] {task_command.py:467} INFO - Running <TaskInstance: Dag_detect_invalid_customer_ids.run_anomaly_detection scheduled__2024-09-10T15:45:00+00:00 [running]> on host 5f241b76205c
[2024-09-10T16:41:11.019+0000] {taskinstance.py:3131} INFO - Exporting env vars: AIRFLOW_CTX_DAG_OWNER='airflow' AIRFLOW_CTX_DAG_ID='Dag_detect_invalid_customer_ids' AIRFLOW_CTX_TASK_ID='run_anomaly_detection' AIRFLOW_CTX_EXECUTION_DATE='2024-09-10T15:45:00+00:00' AIRFLOW_CTX_TRY_NUMBER='2' AIRFLOW_CTX_DAG_RUN_ID='scheduled__2024-09-10T15:45:00+00:00'
[2024-09-10T16:41:11.022+0000] {taskinstance.py:731} INFO - ::endgroup::
[2024-09-10T16:41:11.076+0000] {dag_detect_invalid_customer_ids.py:101} INFO - Starting anomaly detection process
[2024-09-10T16:41:12.817+0000] {dag_detect_invalid_customer_ids.py:105} INFO - Loaded 15 transactions
[2024-09-10T16:41:12.873+0000] {dag_detect_invalid_customer_ids.py:108} INFO - Detected 1 anomalies
[2024-09-10T16:41:13.587+0000] {dag_detect_invalid_customer_ids.py:94} INFO - Inserted 1 new anomalies.
[2024-09-10T16:41:13.589+0000] {dag_detect_invalid_customer_ids.py:111} INFO - Anomaly detection process completed successfully
[2024-09-10T16:41:13.592+0000] {python.py:240} INFO - Done. Returned value was: None
[2024-09-10T16:41:14.264+0000] {taskinstance.py:340} INFO - ::group::Post task execution logs
[2024-09-10T16:41:14.267+0000] {taskinstance.py:352} INFO - Marking task as SUCCESS. dag_id=Dag_detect_invalid_customer_ids, task_id=run_anomaly_detection, run_id=scheduled__2024-09-10T15:45:00+00:00, execution_date=20240910T154500, start_date=20240910T164105, end_date=20240910T164114
[2024-09-10T16:41:14.472+0000] {local_task_job_runner.py:266} INFO - Task exited with return code 0
[2024-09-10T16:41:15.504+0000] {taskinstance.py:3900} INFO - 0 downstream tasks scheduled from follow-on schedule check
[2024-09-10T16:41:15.511+0000] {local_task_job_runner.py:245} INFO - ::endgroup::
[2024-09-10T16:41:15.777+0000] {standard_task_runner.py:217} INFO - Process not found (most likely exited), stop collecting metrics
