[2024-09-10T12:15:18.460+0000] {local_task_job_runner.py:123} INFO - ::group::Pre task execution logs
[2024-09-10T12:15:27.530+0000] {taskinstance.py:2612} INFO - Dependencies all met for dep_context=non-requeueable deps ti=<TaskInstance: Correction_dag_high_total_amount.Correction_dag_high_total_amount scheduled__2024-09-10T12:10:00+00:00 [queued]>
[2024-09-10T12:15:27.666+0000] {taskinstance.py:2612} INFO - Dependencies all met for dep_context=requeueable deps ti=<TaskInstance: Correction_dag_high_total_amount.Correction_dag_high_total_amount scheduled__2024-09-10T12:10:00+00:00 [queued]>
[2024-09-10T12:15:27.669+0000] {taskinstance.py:2865} INFO - Starting attempt 1 of 2
[2024-09-10T12:15:28.051+0000] {taskinstance.py:2888} INFO - Executing <Task(PythonOperator): Correction_dag_high_total_amount> on 2024-09-10 12:10:00+00:00
[2024-09-10T12:15:28.472+0000] {logging_mixin.py:190} WARNING - /home/airflow/.local/lib/python3.12/site-packages/airflow/task/task_runner/standard_task_runner.py:70 DeprecationWarning: This process (pid=4133) is multi-threaded, use of fork() may lead to deadlocks in the child.
[2024-09-10T12:15:28.321+0000] {standard_task_runner.py:104} INFO - Running: ['airflow', 'tasks', 'run', 'Correction_dag_high_total_amount', 'Correction_dag_high_total_amount', 'scheduled__2024-09-10T12:10:00+00:00', '--job-id', '2149', '--raw', '--subdir', 'DAGS_FOLDER/Correction_dag_high_total_amount.py', '--cfg-path', '/tmp/tmpanlylwv5']
[2024-09-10T12:15:28.590+0000] {standard_task_runner.py:105} INFO - Job 2149: Subtask Correction_dag_high_total_amount
[2024-09-10T12:15:28.591+0000] {standard_task_runner.py:72} INFO - Started process 4174 to run task
[2024-09-10T12:16:13.320+0000] {cli_action_loggers.py:177} WARNING - Failed to log action (psycopg2.OperationalError) could not translate host name "postgres" to address: Temporary failure in name resolution

(Background on this error at: https://sqlalche.me/e/14/e3q8)
[2024-09-10T12:16:17.497+0000] {job.py:229} INFO - Heartbeat recovered after 66.75 seconds
[2024-09-10T12:16:19.129+0000] {task_command.py:467} INFO - Running <TaskInstance: Correction_dag_high_total_amount.Correction_dag_high_total_amount scheduled__2024-09-10T12:10:00+00:00 [running]> on host 6d70a6e2c42a
[2024-09-10T12:16:23.234+0000] {taskinstance.py:3131} INFO - Exporting env vars: AIRFLOW_CTX_DAG_OWNER='airflow' AIRFLOW_CTX_DAG_ID='Correction_dag_high_total_amount' AIRFLOW_CTX_TASK_ID='Correction_dag_high_total_amount' AIRFLOW_CTX_EXECUTION_DATE='2024-09-10T12:10:00+00:00' AIRFLOW_CTX_TRY_NUMBER='1' AIRFLOW_CTX_DAG_RUN_ID='scheduled__2024-09-10T12:10:00+00:00'
[2024-09-10T12:16:23.241+0000] {taskinstance.py:731} INFO - ::endgroup::
[2024-09-10T12:16:23.487+0000] {logging_mixin.py:190} INFO - Les anomalies ont été corrigées dans la base de données.
[2024-09-10T12:16:23.498+0000] {python.py:240} INFO - Done. Returned value was: None
[2024-09-10T12:16:24.966+0000] {taskinstance.py:340} INFO - ::group::Post task execution logs
[2024-09-10T12:16:24.973+0000] {taskinstance.py:352} INFO - Marking task as SUCCESS. dag_id=Correction_dag_high_total_amount, task_id=Correction_dag_high_total_amount, run_id=scheduled__2024-09-10T12:10:00+00:00, execution_date=20240910T121000, start_date=20240910T121527, end_date=20240910T121624
[2024-09-10T12:16:27.882+0000] {local_task_job_runner.py:266} INFO - Task exited with return code 0
[2024-09-10T12:16:28.666+0000] {standard_task_runner.py:217} INFO - Process not found (most likely exited), stop collecting metrics
[2024-09-10T12:16:29.597+0000] {taskinstance.py:3900} INFO - 0 downstream tasks scheduled from follow-on schedule check
[2024-09-10T12:16:29.622+0000] {local_task_job_runner.py:245} INFO - ::endgroup::
