[2024-09-10T17:40:21.341+0000] {local_task_job_runner.py:123} INFO - ::group::Pre task execution logs
[2024-09-10T17:40:21.677+0000] {taskinstance.py:2612} INFO - Dependencies all met for dep_context=non-requeueable deps ti=<TaskInstance: detect_1fn_anomalies_dag.detect_1nf_and_insert_anomalies manual__2024-09-10T17:22:21.063648+00:00 [queued]>
[2024-09-10T17:40:21.716+0000] {taskinstance.py:2612} INFO - Dependencies all met for dep_context=requeueable deps ti=<TaskInstance: detect_1fn_anomalies_dag.detect_1nf_and_insert_anomalies manual__2024-09-10T17:22:21.063648+00:00 [queued]>
[2024-09-10T17:40:21.718+0000] {taskinstance.py:2865} INFO - Starting attempt 2 of 4
[2024-09-10T17:40:21.794+0000] {taskinstance.py:2888} INFO - Executing <Task(PythonOperator): detect_1nf_and_insert_anomalies> on 2024-09-10 17:22:21.063648+00:00
[2024-09-10T17:40:21.815+0000] {logging_mixin.py:190} WARNING - /home/airflow/.local/lib/python3.12/site-packages/airflow/task/task_runner/standard_task_runner.py:70 DeprecationWarning: This process (pid=785) is multi-threaded, use of fork() may lead to deadlocks in the child.
[2024-09-10T17:40:21.817+0000] {standard_task_runner.py:72} INFO - Started process 801 to run task
[2024-09-10T17:40:21.814+0000] {standard_task_runner.py:104} INFO - Running: ['airflow', 'tasks', 'run', 'detect_1fn_anomalies_dag', 'detect_1nf_and_insert_anomalies', 'manual__2024-09-10T17:22:21.063648+00:00', '--job-id', '2951', '--raw', '--subdir', 'DAGS_FOLDER/Dag_detect_1FN_anomaly.py', '--cfg-path', '/tmp/tmp7m6i6kom']
[2024-09-10T17:40:21.822+0000] {standard_task_runner.py:105} INFO - Job 2951: Subtask detect_1nf_and_insert_anomalies
[2024-09-10T17:40:22.391+0000] {task_command.py:467} INFO - Running <TaskInstance: detect_1fn_anomalies_dag.detect_1nf_and_insert_anomalies manual__2024-09-10T17:22:21.063648+00:00 [running]> on host 5f241b76205c
[2024-09-10T17:40:23.006+0000] {taskinstance.py:3131} INFO - Exporting env vars: AIRFLOW_CTX_DAG_OWNER='airflow' AIRFLOW_CTX_DAG_ID='detect_1fn_anomalies_dag' AIRFLOW_CTX_TASK_ID='detect_1nf_and_insert_anomalies' AIRFLOW_CTX_EXECUTION_DATE='2024-09-10T17:22:21.063648+00:00' AIRFLOW_CTX_TRY_NUMBER='2' AIRFLOW_CTX_DAG_RUN_ID='manual__2024-09-10T17:22:21.063648+00:00'
[2024-09-10T17:40:23.009+0000] {taskinstance.py:731} INFO - ::endgroup::
[2024-09-10T17:40:23.190+0000] {Dag_detect_1FN_anomaly.py:83} INFO - Processing table: customers
[2024-09-10T17:40:23.192+0000] {Dag_detect_1FN_anomaly.py:83} INFO - Processing table: transactions
[2024-09-10T17:40:23.194+0000] {Dag_detect_1FN_anomaly.py:83} INFO - Processing table: products
[2024-09-10T17:40:23.196+0000] {Dag_detect_1FN_anomaly.py:83} INFO - Processing table: orderdetails
[2024-09-10T17:40:23.198+0000] {Dag_detect_1FN_anomaly.py:83} INFO - Processing table: productsuppliers
[2024-09-10T17:40:23.943+0000] {Dag_detect_1FN_anomaly.py:90} INFO - No anomalies detected for table orderdetails
[2024-09-10T17:40:23.945+0000] {Dag_detect_1FN_anomaly.py:90} INFO - No anomalies detected for table products
[2024-09-10T17:40:23.951+0000] {Dag_detect_1FN_anomaly.py:90} INFO - No anomalies detected for table customers
[2024-09-10T17:40:23.953+0000] {Dag_detect_1FN_anomaly.py:83} INFO - Processing table: anomalies
[2024-09-10T17:40:23.957+0000] {Dag_detect_1FN_anomaly.py:83} INFO - Processing table: log
[2024-09-10T17:40:23.961+0000] {Dag_detect_1FN_anomaly.py:83} INFO - Processing table: dag_priority_parsing_request
[2024-09-10T17:40:23.994+0000] {Dag_detect_1FN_anomaly.py:90} INFO - No anomalies detected for table productsuppliers
[2024-09-10T17:40:23.997+0000] {Dag_detect_1FN_anomaly.py:83} INFO - Processing table: job
[2024-09-10T17:40:24.022+0000] {Dag_detect_1FN_anomaly.py:90} INFO - No anomalies detected for table transactions
[2024-09-10T17:40:24.023+0000] {Dag_detect_1FN_anomaly.py:83} INFO - Processing table: anomalies1
[2024-09-10T17:40:24.784+0000] {Dag_detect_1FN_anomaly.py:90} INFO - No anomalies detected for table dag_priority_parsing_request
[2024-09-10T17:40:24.789+0000] {Dag_detect_1FN_anomaly.py:83} INFO - Processing table: slot_pool
[2024-09-10T17:40:25.140+0000] {Dag_detect_1FN_anomaly.py:90} INFO - No anomalies detected for table job
[2024-09-10T17:40:25.142+0000] {Dag_detect_1FN_anomaly.py:83} INFO - Processing table: callback_request
[2024-09-10T17:40:25.653+0000] {Dag_detect_1FN_anomaly.py:88} INFO - Inserted 2 anomalies for table anomalies
[2024-09-10T17:40:25.675+0000] {Dag_detect_1FN_anomaly.py:83} INFO - Processing table: dag_code
[2024-09-10T17:40:25.736+0000] {Dag_detect_1FN_anomaly.py:90} INFO - No anomalies detected for table slot_pool
[2024-09-10T17:40:25.739+0000] {Dag_detect_1FN_anomaly.py:83} INFO - Processing table: dag_pickle
[2024-09-10T17:40:25.881+0000] {Dag_detect_1FN_anomaly.py:88} INFO - Inserted 2 anomalies for table anomalies1
[2024-09-10T17:40:25.888+0000] {Dag_detect_1FN_anomaly.py:83} INFO - Processing table: ab_user
[2024-09-10T17:40:26.145+0000] {Dag_detect_1FN_anomaly.py:90} INFO - No anomalies detected for table callback_request
[2024-09-10T17:40:26.147+0000] {Dag_detect_1FN_anomaly.py:83} INFO - Processing table: ab_register_user
[2024-09-10T17:40:26.646+0000] {Dag_detect_1FN_anomaly.py:90} INFO - No anomalies detected for table dag_pickle
[2024-09-10T17:40:26.649+0000] {Dag_detect_1FN_anomaly.py:83} INFO - Processing table: connection
[2024-09-10T17:40:26.751+0000] {logging_mixin.py:190} WARNING - /opt/airflow/dags/Dag_detect_1FN_anomaly.py:47 SAWarning: Skipped unsupported reflection of expression-based index idx_ab_user_username
[2024-09-10T17:40:26.915+0000] {Dag_detect_1FN_anomaly.py:90} INFO - No anomalies detected for table ab_user
[2024-09-10T17:40:26.917+0000] {Dag_detect_1FN_anomaly.py:83} INFO - Processing table: sla_miss
[2024-09-10T17:40:26.947+0000] {logging_mixin.py:190} WARNING - /opt/airflow/dags/Dag_detect_1FN_anomaly.py:47 SAWarning: Skipped unsupported reflection of expression-based index idx_ab_register_user_username
[2024-09-10T17:40:27.019+0000] {Dag_detect_1FN_anomaly.py:90} INFO - No anomalies detected for table ab_register_user
[2024-09-10T17:40:27.025+0000] {Dag_detect_1FN_anomaly.py:83} INFO - Processing table: variable
[2024-09-10T17:40:27.265+0000] {Dag_detect_1FN_anomaly.py:88} INFO - Inserted 15 anomalies for table dag_code
[2024-09-10T17:40:27.267+0000] {Dag_detect_1FN_anomaly.py:83} INFO - Processing table: import_error
[2024-09-10T17:40:27.846+0000] {Dag_detect_1FN_anomaly.py:90} INFO - No anomalies detected for table connection
[2024-09-10T17:40:27.871+0000] {Dag_detect_1FN_anomaly.py:83} INFO - Processing table: serialized_dag
[2024-09-10T17:40:27.993+0000] {Dag_detect_1FN_anomaly.py:88} INFO - Inserted 7203 anomalies for table log
[2024-09-10T17:40:28.013+0000] {Dag_detect_1FN_anomaly.py:83} INFO - Processing table: dataset_alias
[2024-09-10T17:40:28.090+0000] {Dag_detect_1FN_anomaly.py:90} INFO - No anomalies detected for table variable
[2024-09-10T17:40:28.100+0000] {Dag_detect_1FN_anomaly.py:90} INFO - No anomalies detected for table sla_miss
[2024-09-10T17:40:28.100+0000] {Dag_detect_1FN_anomaly.py:83} INFO - Processing table: dataset_alias_dataset
[2024-09-10T17:40:28.107+0000] {Dag_detect_1FN_anomaly.py:83} INFO - Processing table: dataset
[2024-09-10T17:40:28.406+0000] {Dag_detect_1FN_anomaly.py:90} INFO - No anomalies detected for table import_error
[2024-09-10T17:40:28.414+0000] {Dag_detect_1FN_anomaly.py:83} INFO - Processing table: dataset_alias_dataset_event
[2024-09-10T17:40:28.709+0000] {Dag_detect_1FN_anomaly.py:90} INFO - No anomalies detected for table serialized_dag
[2024-09-10T17:40:28.710+0000] {Dag_detect_1FN_anomaly.py:83} INFO - Processing table: dataset_event
[2024-09-10T17:40:28.851+0000] {Dag_detect_1FN_anomaly.py:90} INFO - No anomalies detected for table dataset_alias
[2024-09-10T17:40:28.856+0000] {Dag_detect_1FN_anomaly.py:83} INFO - Processing table: dag_schedule_dataset_alias_reference
[2024-09-10T17:40:28.878+0000] {Dag_detect_1FN_anomaly.py:90} INFO - No anomalies detected for table dataset
[2024-09-10T17:40:28.881+0000] {Dag_detect_1FN_anomaly.py:83} INFO - Processing table: dag
[2024-09-10T17:40:28.971+0000] {Dag_detect_1FN_anomaly.py:90} INFO - No anomalies detected for table dataset_alias_dataset
[2024-09-10T17:40:28.973+0000] {Dag_detect_1FN_anomaly.py:83} INFO - Processing table: dag_schedule_dataset_reference
[2024-09-10T17:40:29.271+0000] {Dag_detect_1FN_anomaly.py:90} INFO - No anomalies detected for table dataset_alias_dataset_event
[2024-09-10T17:40:29.281+0000] {Dag_detect_1FN_anomaly.py:83} INFO - Processing table: task_outlet_dataset_reference
[2024-09-10T17:40:29.535+0000] {Dag_detect_1FN_anomaly.py:90} INFO - No anomalies detected for table dataset_event
[2024-09-10T17:40:29.537+0000] {Dag_detect_1FN_anomaly.py:83} INFO - Processing table: dataset_dag_run_queue
[2024-09-10T17:40:29.992+0000] {Dag_detect_1FN_anomaly.py:90} INFO - No anomalies detected for table dag_schedule_dataset_alias_reference
[2024-09-10T17:40:29.995+0000] {Dag_detect_1FN_anomaly.py:83} INFO - Processing table: log_template
[2024-09-10T17:40:30.066+0000] {Dag_detect_1FN_anomaly.py:90} INFO - No anomalies detected for table dag_schedule_dataset_reference
[2024-09-10T17:40:30.068+0000] {Dag_detect_1FN_anomaly.py:83} INFO - Processing table: dag_run
[2024-09-10T17:40:30.202+0000] {Dag_detect_1FN_anomaly.py:90} INFO - No anomalies detected for table task_outlet_dataset_reference
[2024-09-10T17:40:30.212+0000] {Dag_detect_1FN_anomaly.py:83} INFO - Processing table: dag_tag
[2024-09-10T17:40:30.542+0000] {Dag_detect_1FN_anomaly.py:90} INFO - No anomalies detected for table dataset_dag_run_queue
[2024-09-10T17:40:30.544+0000] {Dag_detect_1FN_anomaly.py:83} INFO - Processing table: dag_owner_attributes
[2024-09-10T17:40:30.708+0000] {Dag_detect_1FN_anomaly.py:88} INFO - Inserted 7 anomalies for table dag
[2024-09-10T17:40:30.710+0000] {Dag_detect_1FN_anomaly.py:83} INFO - Processing table: ab_permission
[2024-09-10T17:40:30.789+0000] {Dag_detect_1FN_anomaly.py:90} INFO - No anomalies detected for table log_template
[2024-09-10T17:40:30.790+0000] {Dag_detect_1FN_anomaly.py:83} INFO - Processing table: ab_permission_view
[2024-09-10T17:40:31.091+0000] {Dag_detect_1FN_anomaly.py:90} INFO - No anomalies detected for table dag_tag
[2024-09-10T17:40:31.141+0000] {Dag_detect_1FN_anomaly.py:83} INFO - Processing table: ab_view_menu
[2024-09-10T17:40:31.350+0000] {Dag_detect_1FN_anomaly.py:90} INFO - No anomalies detected for table dag_run
[2024-09-10T17:40:31.355+0000] {Dag_detect_1FN_anomaly.py:83} INFO - Processing table: ab_user_role
[2024-09-10T17:40:31.388+0000] {Dag_detect_1FN_anomaly.py:90} INFO - No anomalies detected for table dag_owner_attributes
[2024-09-10T17:40:31.402+0000] {Dag_detect_1FN_anomaly.py:90} INFO - No anomalies detected for table ab_permission
[2024-09-10T17:40:31.395+0000] {Dag_detect_1FN_anomaly.py:83} INFO - Processing table: ab_role
[2024-09-10T17:40:31.403+0000] {Dag_detect_1FN_anomaly.py:83} INFO - Processing table: dag_warning
[2024-09-10T17:40:31.552+0000] {Dag_detect_1FN_anomaly.py:90} INFO - No anomalies detected for table ab_permission_view
[2024-09-10T17:40:31.556+0000] {Dag_detect_1FN_anomaly.py:83} INFO - Processing table: dagrun_dataset_event
[2024-09-10T17:40:31.849+0000] {Dag_detect_1FN_anomaly.py:90} INFO - No anomalies detected for table ab_view_menu
[2024-09-10T17:40:31.855+0000] {Dag_detect_1FN_anomaly.py:83} INFO - Processing table: trigger
[2024-09-10T17:40:32.339+0000] {logging_mixin.py:190} WARNING - /opt/airflow/dags/Dag_detect_1FN_anomaly.py:47 SAWarning: Skipped unsupported reflection of expression-based index idx_ab_user_username
[2024-09-10T17:40:32.369+0000] {Dag_detect_1FN_anomaly.py:90} INFO - No anomalies detected for table ab_role
[2024-09-10T17:40:32.373+0000] {Dag_detect_1FN_anomaly.py:83} INFO - Processing table: task_instance
[2024-09-10T17:40:32.401+0000] {Dag_detect_1FN_anomaly.py:90} INFO - No anomalies detected for table ab_user_role
[2024-09-10T17:40:32.402+0000] {Dag_detect_1FN_anomaly.py:83} INFO - Processing table: dag_run_note
[2024-09-10T17:40:32.423+0000] {Dag_detect_1FN_anomaly.py:90} INFO - No anomalies detected for table dag_warning
[2024-09-10T17:40:32.428+0000] {Dag_detect_1FN_anomaly.py:83} INFO - Processing table: ab_permission_view_role
[2024-09-10T17:40:32.704+0000] {Dag_detect_1FN_anomaly.py:90} INFO - No anomalies detected for table dagrun_dataset_event
[2024-09-10T17:40:32.713+0000] {Dag_detect_1FN_anomaly.py:83} INFO - Processing table: rendered_task_instance_fields
[2024-09-10T17:40:32.832+0000] {Dag_detect_1FN_anomaly.py:90} INFO - No anomalies detected for table trigger
[2024-09-10T17:40:32.837+0000] {Dag_detect_1FN_anomaly.py:83} INFO - Processing table: task_fail
[2024-09-10T17:40:33.474+0000] {logging_mixin.py:190} WARNING - /opt/airflow/dags/Dag_detect_1FN_anomaly.py:47 SAWarning: Skipped unsupported reflection of expression-based index idx_ab_user_username
[2024-09-10T17:40:33.535+0000] {Dag_detect_1FN_anomaly.py:90} INFO - No anomalies detected for table dag_run_note
[2024-09-10T17:40:33.541+0000] {Dag_detect_1FN_anomaly.py:83} INFO - Processing table: task_map
[2024-09-10T17:40:33.812+0000] {Dag_detect_1FN_anomaly.py:90} INFO - No anomalies detected for table ab_permission_view_role
[2024-09-10T17:40:33.823+0000] {Dag_detect_1FN_anomaly.py:83} INFO - Processing table: task_reschedule
[2024-09-10T17:40:34.070+0000] {Dag_detect_1FN_anomaly.py:90} INFO - No anomalies detected for table task_instance
[2024-09-10T17:40:34.076+0000] {Dag_detect_1FN_anomaly.py:83} INFO - Processing table: xcom
[2024-09-10T17:40:34.164+0000] {Dag_detect_1FN_anomaly.py:90} INFO - No anomalies detected for table rendered_task_instance_fields
[2024-09-10T17:40:34.166+0000] {Dag_detect_1FN_anomaly.py:83} INFO - Processing table: task_instance_note
[2024-09-10T17:40:34.297+0000] {Dag_detect_1FN_anomaly.py:90} INFO - No anomalies detected for table task_fail
[2024-09-10T17:40:34.299+0000] {Dag_detect_1FN_anomaly.py:83} INFO - Processing table: task_instance_history
[2024-09-10T17:40:34.402+0000] {Dag_detect_1FN_anomaly.py:90} INFO - No anomalies detected for table task_map
[2024-09-10T17:40:34.404+0000] {Dag_detect_1FN_anomaly.py:83} INFO - Processing table: session
[2024-09-10T17:40:34.679+0000] {Dag_detect_1FN_anomaly.py:90} INFO - No anomalies detected for table task_reschedule
[2024-09-10T17:40:34.681+0000] {Dag_detect_1FN_anomaly.py:83} INFO - Processing table: alembic_version
[2024-09-10T17:40:34.997+0000] {Dag_detect_1FN_anomaly.py:90} INFO - No anomalies detected for table xcom
[2024-09-10T17:40:34.999+0000] {Dag_detect_1FN_anomaly.py:83} INFO - Processing table: orders
[2024-09-10T17:40:35.024+0000] {logging_mixin.py:190} WARNING - /opt/airflow/dags/Dag_detect_1FN_anomaly.py:47 SAWarning: Skipped unsupported reflection of expression-based index idx_ab_user_username
[2024-09-10T17:40:35.063+0000] {Dag_detect_1FN_anomaly.py:90} INFO - No anomalies detected for table task_instance_note
[2024-09-10T17:40:35.064+0000] {Dag_detect_1FN_anomaly.py:83} INFO - Processing table: anomalieDetected
[2024-09-10T17:40:35.194+0000] {Dag_detect_1FN_anomaly.py:90} INFO - No anomalies detected for table session
[2024-09-10T17:40:35.397+0000] {Dag_detect_1FN_anomaly.py:90} INFO - No anomalies detected for table task_instance_history
[2024-09-10T17:40:35.522+0000] {Dag_detect_1FN_anomaly.py:90} INFO - No anomalies detected for table alembic_version
[2024-09-10T17:40:35.765+0000] {Dag_detect_1FN_anomaly.py:90} INFO - No anomalies detected for table orders
[2024-09-10T17:41:22.828+0000] {Dag_detect_1FN_anomaly.py:88} INFO - Inserted 264967 anomalies for table anomalieDetected
[2024-09-10T17:41:23.203+0000] {Dag_detect_1FN_anomaly.py:101} INFO - Détection et insertion des anomalies terminées avec succès.
[2024-09-10T17:41:23.206+0000] {python.py:240} INFO - Done. Returned value was: None
[2024-09-10T17:41:23.451+0000] {taskinstance.py:340} INFO - ::group::Post task execution logs
[2024-09-10T17:41:23.454+0000] {taskinstance.py:352} INFO - Marking task as SUCCESS. dag_id=detect_1fn_anomalies_dag, task_id=detect_1nf_and_insert_anomalies, run_id=manual__2024-09-10T17:22:21.063648+00:00, execution_date=20240910T172221, start_date=20240910T174021, end_date=20240910T174123
[2024-09-10T17:41:23.698+0000] {local_task_job_runner.py:266} INFO - Task exited with return code 0
[2024-09-10T17:41:23.989+0000] {taskinstance.py:3900} INFO - 0 downstream tasks scheduled from follow-on schedule check
[2024-09-10T17:41:23.996+0000] {local_task_job_runner.py:245} INFO - ::endgroup::
