[2024-09-13T21:45:12.320+0000] {local_task_job_runner.py:123} INFO - ::group::Pre task execution logs
[2024-09-13T21:45:16.349+0000] {taskinstance.py:2612} INFO - Dependencies all met for dep_context=non-requeueable deps ti=<TaskInstance: correction_Dag_Negative_Value.correct_negative_values scheduled__2024-09-13T21:40:00+00:00 [queued]>
[2024-09-13T21:45:16.620+0000] {taskinstance.py:2612} INFO - Dependencies all met for dep_context=requeueable deps ti=<TaskInstance: correction_Dag_Negative_Value.correct_negative_values scheduled__2024-09-13T21:40:00+00:00 [queued]>
[2024-09-13T21:45:16.634+0000] {taskinstance.py:2865} INFO - Starting attempt 1 of 2
[2024-09-13T21:45:17.010+0000] {taskinstance.py:2888} INFO - Executing <Task(PythonOperator): correct_negative_values> on 2024-09-13 21:40:00+00:00
[2024-09-13T21:45:17.396+0000] {standard_task_runner.py:104} INFO - Running: ['airflow', 'tasks', 'run', 'correction_Dag_Negative_Value', 'correct_negative_values', 'scheduled__2024-09-13T21:40:00+00:00', '--job-id', '3712', '--raw', '--subdir', 'DAGS_FOLDER/Correction_dag_Negative_Value.py', '--cfg-path', '/tmp/tmpwbthb771']
[2024-09-13T21:45:17.432+0000] {standard_task_runner.py:105} INFO - Job 3712: Subtask correct_negative_values
[2024-09-13T21:45:17.511+0000] {logging_mixin.py:190} WARNING - /home/airflow/.local/lib/python3.12/site-packages/airflow/task/task_runner/standard_task_runner.py:70 DeprecationWarning: This process (pid=73715) is multi-threaded, use of fork() may lead to deadlocks in the child.
[2024-09-13T21:45:17.533+0000] {standard_task_runner.py:72} INFO - Started process 73742 to run task
[2024-09-13T21:45:23.696+0000] {task_command.py:467} INFO - Running <TaskInstance: correction_Dag_Negative_Value.correct_negative_values scheduled__2024-09-13T21:40:00+00:00 [running]> on host 7403e816bcf5
[2024-09-13T21:45:24.026+0000] {job.py:229} INFO - Heartbeat recovered after 16.43 seconds
[2024-09-13T21:45:31.343+0000] {taskinstance.py:3131} INFO - Exporting env vars: AIRFLOW_CTX_DAG_OWNER='airflow' AIRFLOW_CTX_DAG_ID='correction_Dag_Negative_Value' AIRFLOW_CTX_TASK_ID='correct_negative_values' AIRFLOW_CTX_EXECUTION_DATE='2024-09-13T21:40:00+00:00' AIRFLOW_CTX_TRY_NUMBER='1' AIRFLOW_CTX_DAG_RUN_ID='scheduled__2024-09-13T21:40:00+00:00'
[2024-09-13T21:45:31.509+0000] {taskinstance.py:731} INFO - ::endgroup::
[2024-09-13T21:45:34.649+0000] {job.py:229} INFO - Heartbeat recovered after 10.69 seconds
[2024-09-13T21:45:34.823+0000] {logging_mixin.py:190} INFO - Anomalies corrigées avec succès.
[2024-09-13T21:45:34.824+0000] {python.py:240} INFO - Done. Returned value was: None
[2024-09-13T21:45:35.872+0000] {taskinstance.py:340} INFO - ::group::Post task execution logs
[2024-09-13T21:45:35.894+0000] {taskinstance.py:352} INFO - Marking task as SUCCESS. dag_id=correction_Dag_Negative_Value, task_id=correct_negative_values, run_id=scheduled__2024-09-13T21:40:00+00:00, execution_date=20240913T214000, start_date=20240913T214516, end_date=20240913T214535
[2024-09-13T21:45:39.922+0000] {local_task_job_runner.py:266} INFO - Task exited with return code 0
[2024-09-13T21:45:40.513+0000] {local_task_job_runner.py:245} INFO - ::endgroup::
