[2024-09-10T14:20:09.480+0000] {local_task_job_runner.py:123} INFO - ::group::Pre task execution logs
[2024-09-10T14:20:09.730+0000] {taskinstance.py:2612} INFO - Dependencies all met for dep_context=non-requeueable deps ti=<TaskInstance: Dag_Multiple_Transactions_in_Short_Timeframe.run_anomaly_detection scheduled__2024-09-10T14:15:00+00:00 [queued]>
[2024-09-10T14:20:09.777+0000] {taskinstance.py:2612} INFO - Dependencies all met for dep_context=requeueable deps ti=<TaskInstance: Dag_Multiple_Transactions_in_Short_Timeframe.run_anomaly_detection scheduled__2024-09-10T14:15:00+00:00 [queued]>
[2024-09-10T14:20:09.779+0000] {taskinstance.py:2865} INFO - Starting attempt 1 of 2
[2024-09-10T14:20:09.834+0000] {taskinstance.py:2888} INFO - Executing <Task(PythonOperator): run_anomaly_detection> on 2024-09-10 14:15:00+00:00
[2024-09-10T14:20:09.857+0000] {logging_mixin.py:190} WARNING - /home/airflow/.local/lib/python3.12/site-packages/airflow/task/task_runner/standard_task_runner.py:70 DeprecationWarning: This process (pid=8565) is multi-threaded, use of fork() may lead to deadlocks in the child.
[2024-09-10T14:20:09.859+0000] {standard_task_runner.py:72} INFO - Started process 8615 to run task
[2024-09-10T14:20:09.856+0000] {standard_task_runner.py:104} INFO - Running: ['airflow', 'tasks', 'run', 'Dag_Multiple_Transactions_in_Short_Timeframe', 'run_anomaly_detection', 'scheduled__2024-09-10T14:15:00+00:00', '--job-id', '2442', '--raw', '--subdir', 'DAGS_FOLDER/Dag_MultipleTransactions-in-a-ShortTimeframe.py', '--cfg-path', '/tmp/tmpj7nrzku_']
[2024-09-10T14:20:09.861+0000] {standard_task_runner.py:105} INFO - Job 2442: Subtask run_anomaly_detection
[2024-09-10T14:20:10.708+0000] {task_command.py:467} INFO - Running <TaskInstance: Dag_Multiple_Transactions_in_Short_Timeframe.run_anomaly_detection scheduled__2024-09-10T14:15:00+00:00 [running]> on host 5f241b76205c
[2024-09-10T14:20:11.582+0000] {taskinstance.py:3131} INFO - Exporting env vars: AIRFLOW_CTX_DAG_OWNER='airflow' AIRFLOW_CTX_DAG_ID='Dag_Multiple_Transactions_in_Short_Timeframe' AIRFLOW_CTX_TASK_ID='run_anomaly_detection' AIRFLOW_CTX_EXECUTION_DATE='2024-09-10T14:15:00+00:00' AIRFLOW_CTX_TRY_NUMBER='1' AIRFLOW_CTX_DAG_RUN_ID='scheduled__2024-09-10T14:15:00+00:00'
[2024-09-10T14:20:11.585+0000] {taskinstance.py:731} INFO - ::endgroup::
[2024-09-10T14:20:12.242+0000] {logging_mixin.py:190} WARNING - /opt/airflow/dags/Dag_MultipleTransactions-in-a-ShortTimeframe.py:59 SettingWithCopyWarning:
A value is trying to be set on a copy of a slice from a DataFrame.
Try using .loc[row_indexer,col_indexer] = value instead

See the caveats in the documentation: https://pandas.pydata.org/pandas-docs/stable/user_guide/indexing.html#returning-a-view-versus-a-copy
[2024-09-10T14:20:12.253+0000] {logging_mixin.py:190} WARNING - /opt/airflow/dags/Dag_MultipleTransactions-in-a-ShortTimeframe.py:59 SettingWithCopyWarning:
A value is trying to be set on a copy of a slice from a DataFrame.
Try using .loc[row_indexer,col_indexer] = value instead

See the caveats in the documentation: https://pandas.pydata.org/pandas-docs/stable/user_guide/indexing.html#returning-a-view-versus-a-copy
[2024-09-10T14:20:12.261+0000] {logging_mixin.py:190} WARNING - /opt/airflow/dags/Dag_MultipleTransactions-in-a-ShortTimeframe.py:59 SettingWithCopyWarning:
A value is trying to be set on a copy of a slice from a DataFrame.
Try using .loc[row_indexer,col_indexer] = value instead

See the caveats in the documentation: https://pandas.pydata.org/pandas-docs/stable/user_guide/indexing.html#returning-a-view-versus-a-copy
[2024-09-10T14:20:12.271+0000] {logging_mixin.py:190} WARNING - /opt/airflow/dags/Dag_MultipleTransactions-in-a-ShortTimeframe.py:59 SettingWithCopyWarning:
A value is trying to be set on a copy of a slice from a DataFrame.
Try using .loc[row_indexer,col_indexer] = value instead

See the caveats in the documentation: https://pandas.pydata.org/pandas-docs/stable/user_guide/indexing.html#returning-a-view-versus-a-copy
[2024-09-10T14:20:12.278+0000] {logging_mixin.py:190} WARNING - /opt/airflow/dags/Dag_MultipleTransactions-in-a-ShortTimeframe.py:59 SettingWithCopyWarning:
A value is trying to be set on a copy of a slice from a DataFrame.
Try using .loc[row_indexer,col_indexer] = value instead

See the caveats in the documentation: https://pandas.pydata.org/pandas-docs/stable/user_guide/indexing.html#returning-a-view-versus-a-copy
[2024-09-10T14:20:12.287+0000] {logging_mixin.py:190} WARNING - /opt/airflow/dags/Dag_MultipleTransactions-in-a-ShortTimeframe.py:59 SettingWithCopyWarning:
A value is trying to be set on a copy of a slice from a DataFrame.
Try using .loc[row_indexer,col_indexer] = value instead

See the caveats in the documentation: https://pandas.pydata.org/pandas-docs/stable/user_guide/indexing.html#returning-a-view-versus-a-copy
[2024-09-10T14:20:12.294+0000] {logging_mixin.py:190} WARNING - /opt/airflow/dags/Dag_MultipleTransactions-in-a-ShortTimeframe.py:59 SettingWithCopyWarning:
A value is trying to be set on a copy of a slice from a DataFrame.
Try using .loc[row_indexer,col_indexer] = value instead

See the caveats in the documentation: https://pandas.pydata.org/pandas-docs/stable/user_guide/indexing.html#returning-a-view-versus-a-copy
[2024-09-10T14:20:12.303+0000] {logging_mixin.py:190} WARNING - /opt/airflow/dags/Dag_MultipleTransactions-in-a-ShortTimeframe.py:59 SettingWithCopyWarning:
A value is trying to be set on a copy of a slice from a DataFrame.
Try using .loc[row_indexer,col_indexer] = value instead

See the caveats in the documentation: https://pandas.pydata.org/pandas-docs/stable/user_guide/indexing.html#returning-a-view-versus-a-copy
[2024-09-10T14:20:12.310+0000] {logging_mixin.py:190} WARNING - /opt/airflow/dags/Dag_MultipleTransactions-in-a-ShortTimeframe.py:59 SettingWithCopyWarning:
A value is trying to be set on a copy of a slice from a DataFrame.
Try using .loc[row_indexer,col_indexer] = value instead

See the caveats in the documentation: https://pandas.pydata.org/pandas-docs/stable/user_guide/indexing.html#returning-a-view-versus-a-copy
[2024-09-10T14:20:12.318+0000] {logging_mixin.py:190} WARNING - /opt/airflow/dags/Dag_MultipleTransactions-in-a-ShortTimeframe.py:59 SettingWithCopyWarning:
A value is trying to be set on a copy of a slice from a DataFrame.
Try using .loc[row_indexer,col_indexer] = value instead

See the caveats in the documentation: https://pandas.pydata.org/pandas-docs/stable/user_guide/indexing.html#returning-a-view-versus-a-copy
[2024-09-10T14:20:12.327+0000] {logging_mixin.py:190} WARNING - /opt/airflow/dags/Dag_MultipleTransactions-in-a-ShortTimeframe.py:59 SettingWithCopyWarning:
A value is trying to be set on a copy of a slice from a DataFrame.
Try using .loc[row_indexer,col_indexer] = value instead

See the caveats in the documentation: https://pandas.pydata.org/pandas-docs/stable/user_guide/indexing.html#returning-a-view-versus-a-copy
[2024-09-10T14:20:12.334+0000] {logging_mixin.py:190} WARNING - /opt/airflow/dags/Dag_MultipleTransactions-in-a-ShortTimeframe.py:59 SettingWithCopyWarning:
A value is trying to be set on a copy of a slice from a DataFrame.
Try using .loc[row_indexer,col_indexer] = value instead

See the caveats in the documentation: https://pandas.pydata.org/pandas-docs/stable/user_guide/indexing.html#returning-a-view-versus-a-copy
[2024-09-10T14:20:12.339+0000] {Dag_MultipleTransactions-in-a-ShortTimeframe.py:123} INFO - No anomalies detected.
[2024-09-10T14:20:12.340+0000] {python.py:240} INFO - Done. Returned value was: None
[2024-09-10T14:20:12.643+0000] {taskinstance.py:340} INFO - ::group::Post task execution logs
[2024-09-10T14:20:12.644+0000] {taskinstance.py:352} INFO - Marking task as SUCCESS. dag_id=Dag_Multiple_Transactions_in_Short_Timeframe, task_id=run_anomaly_detection, run_id=scheduled__2024-09-10T14:15:00+00:00, execution_date=20240910T141500, start_date=20240910T142009, end_date=20240910T142012
[2024-09-10T14:20:12.732+0000] {local_task_job_runner.py:266} INFO - Task exited with return code 0
[2024-09-10T14:20:13.030+0000] {taskinstance.py:3900} INFO - 0 downstream tasks scheduled from follow-on schedule check
[2024-09-10T14:20:13.044+0000] {local_task_job_runner.py:245} INFO - ::endgroup::
