[2024-09-11T19:45:08.704+0000] {local_task_job_runner.py:123} INFO - ::group::Pre task execution logs
[2024-09-11T19:45:09.817+0000] {taskinstance.py:2612} INFO - Dependencies all met for dep_context=non-requeueable deps ti=<TaskInstance: correction_Dag_Valeu_NULL.correct_transactions_anomalies scheduled__2024-09-11T19:40:00+00:00 [queued]>
[2024-09-11T19:45:09.947+0000] {taskinstance.py:2612} INFO - Dependencies all met for dep_context=requeueable deps ti=<TaskInstance: correction_Dag_Valeu_NULL.correct_transactions_anomalies scheduled__2024-09-11T19:40:00+00:00 [queued]>
[2024-09-11T19:45:09.948+0000] {taskinstance.py:2865} INFO - Starting attempt 1 of 2
[2024-09-11T19:45:10.224+0000] {taskinstance.py:2888} INFO - Executing <Task(PythonOperator): correct_transactions_anomalies> on 2024-09-11 19:40:00+00:00
[2024-09-11T19:45:10.844+0000] {logging_mixin.py:190} WARNING - /home/airflow/.local/lib/python3.12/site-packages/airflow/task/task_runner/standard_task_runner.py:70 DeprecationWarning: This process (pid=30106) is multi-threaded, use of fork() may lead to deadlocks in the child.
[2024-09-11T19:45:10.859+0000] {standard_task_runner.py:72} INFO - Started process 30133 to run task
[2024-09-11T19:45:10.736+0000] {standard_task_runner.py:104} INFO - Running: ['airflow', 'tasks', 'run', 'correction_Dag_Valeu_NULL', 'correct_transactions_anomalies', 'scheduled__2024-09-11T19:40:00+00:00', '--job-id', '1503', '--raw', '--subdir', 'DAGS_FOLDER/Correction_dag_Valeur_NULL.py', '--cfg-path', '/tmp/tmpc6w386r1']
[2024-09-11T19:45:10.864+0000] {standard_task_runner.py:105} INFO - Job 1503: Subtask correct_transactions_anomalies
[2024-09-11T19:45:17.632+0000] {task_command.py:467} INFO - Running <TaskInstance: correction_Dag_Valeu_NULL.correct_transactions_anomalies scheduled__2024-09-11T19:40:00+00:00 [running]> on host b8b5351e8a6b
[2024-09-11T19:45:20.782+0000] {job.py:229} INFO - Heartbeat recovered after 14.64 seconds
[2024-09-11T19:45:25.765+0000] {taskinstance.py:3131} INFO - Exporting env vars: AIRFLOW_CTX_DAG_OWNER='airflow' AIRFLOW_CTX_DAG_ID='correction_Dag_Valeu_NULL' AIRFLOW_CTX_TASK_ID='correct_transactions_anomalies' AIRFLOW_CTX_EXECUTION_DATE='2024-09-11T19:40:00+00:00' AIRFLOW_CTX_TRY_NUMBER='1' AIRFLOW_CTX_DAG_RUN_ID='scheduled__2024-09-11T19:40:00+00:00'
[2024-09-11T19:45:25.827+0000] {taskinstance.py:731} INFO - ::endgroup::
[2024-09-11T19:45:27.792+0000] {logging_mixin.py:190} INFO - Correction des anomalies dans la table Transactions réussie.
[2024-09-11T19:45:27.794+0000] {python.py:240} INFO - Done. Returned value was: None
[2024-09-11T19:45:33.339+0000] {job.py:229} INFO - Heartbeat recovered after 12.75 seconds
[2024-09-11T19:45:33.622+0000] {taskinstance.py:340} INFO - ::group::Post task execution logs
[2024-09-11T19:45:33.824+0000] {taskinstance.py:352} INFO - Marking task as SUCCESS. dag_id=correction_Dag_Valeu_NULL, task_id=correct_transactions_anomalies, run_id=scheduled__2024-09-11T19:40:00+00:00, execution_date=20240911T194000, start_date=20240911T194509, end_date=20240911T194533
[2024-09-11T19:45:35.649+0000] {local_task_job_runner.py:266} INFO - Task exited with return code 0
[2024-09-11T19:45:36.064+0000] {standard_task_runner.py:217} INFO - Process not found (most likely exited), stop collecting metrics
[2024-09-11T19:45:38.920+0000] {taskinstance.py:3900} INFO - 0 downstream tasks scheduled from follow-on schedule check
[2024-09-11T19:45:38.987+0000] {local_task_job_runner.py:245} INFO - ::endgroup::
