[2024-09-22T16:50:04.295+0000] {local_task_job_runner.py:123} INFO - ::group::Pre task execution logs
[2024-09-22T16:50:05.133+0000] {taskinstance.py:2612} INFO - Dependencies all met for dep_context=non-requeueable deps ti=<TaskInstance: detect_transaction_date_anomalies_dag.run_anomaly_detection scheduled__2024-09-22T16:45:00+00:00 [queued]>
[2024-09-22T16:50:05.180+0000] {taskinstance.py:2612} INFO - Dependencies all met for dep_context=requeueable deps ti=<TaskInstance: detect_transaction_date_anomalies_dag.run_anomaly_detection scheduled__2024-09-22T16:45:00+00:00 [queued]>
[2024-09-22T16:50:05.186+0000] {taskinstance.py:2865} INFO - Starting attempt 1 of 2
[2024-09-22T16:50:05.326+0000] {taskinstance.py:2888} INFO - Executing <Task(PythonOperator): run_anomaly_detection> on 2024-09-22 16:45:00+00:00
[2024-09-22T16:50:05.369+0000] {logging_mixin.py:190} WARNING - /home/airflow/.local/lib/python3.12/site-packages/airflow/task/task_runner/standard_task_runner.py:70 DeprecationWarning: This process (pid=22640) is multi-threaded, use of fork() may lead to deadlocks in the child.
[2024-09-22T16:50:05.374+0000] {standard_task_runner.py:72} INFO - Started process 22668 to run task
[2024-09-22T16:50:05.372+0000] {standard_task_runner.py:104} INFO - Running: ['airflow', 'tasks', 'run', 'detect_transaction_date_anomalies_dag', 'run_anomaly_detection', 'scheduled__2024-09-22T16:45:00+00:00', '--job-id', '5415', '--raw', '--subdir', 'DAGS_FOLDER/Dag-Transaction-Date-in-the-Paste.py', '--cfg-path', '/tmp/tmpfl2k4hst']
[2024-09-22T16:50:05.389+0000] {standard_task_runner.py:105} INFO - Job 5415: Subtask run_anomaly_detection
[2024-09-22T16:50:07.036+0000] {task_command.py:467} INFO - Running <TaskInstance: detect_transaction_date_anomalies_dag.run_anomaly_detection scheduled__2024-09-22T16:45:00+00:00 [running]> on host 93b0c38322b3
[2024-09-22T16:50:08.588+0000] {taskinstance.py:3131} INFO - Exporting env vars: AIRFLOW_CTX_DAG_OWNER='airflow' AIRFLOW_CTX_DAG_ID='detect_transaction_date_anomalies_dag' AIRFLOW_CTX_TASK_ID='run_anomaly_detection' AIRFLOW_CTX_EXECUTION_DATE='2024-09-22T16:45:00+00:00' AIRFLOW_CTX_TRY_NUMBER='1' AIRFLOW_CTX_DAG_RUN_ID='scheduled__2024-09-22T16:45:00+00:00'
[2024-09-22T16:50:08.591+0000] {taskinstance.py:731} INFO - ::endgroup::
[2024-09-22T16:50:09.141+0000] {Dag-Transaction-Date-in-the-Paste.py:97} INFO - Inserting 2 detected anomalies
[2024-09-22T16:50:09.903+0000] {python.py:240} INFO - Done. Returned value was: None
[2024-09-22T16:50:10.141+0000] {taskinstance.py:340} INFO - ::group::Post task execution logs
[2024-09-22T16:50:10.142+0000] {taskinstance.py:352} INFO - Marking task as SUCCESS. dag_id=detect_transaction_date_anomalies_dag, task_id=run_anomaly_detection, run_id=scheduled__2024-09-22T16:45:00+00:00, execution_date=20240922T164500, start_date=20240922T165005, end_date=20240922T165010
[2024-09-22T16:50:10.218+0000] {local_task_job_runner.py:266} INFO - Task exited with return code 0
[2024-09-22T16:50:10.388+0000] {standard_task_runner.py:217} INFO - Process not found (most likely exited), stop collecting metrics
[2024-09-22T16:50:10.419+0000] {taskinstance.py:3900} INFO - 0 downstream tasks scheduled from follow-on schedule check
[2024-09-22T16:50:10.423+0000] {local_task_job_runner.py:245} INFO - ::endgroup::
