[2024-09-13T21:50:53.418+0000] {local_task_job_runner.py:123} INFO - ::group::Pre task execution logs
[2024-09-13T21:50:53.958+0000] {taskinstance.py:2612} INFO - Dependencies all met for dep_context=non-requeueable deps ti=<TaskInstance: correction_Dag_no_NumericValues.Correct_Non_numeric_Quantity scheduled__2024-09-13T21:40:00+00:00 [queued]>
[2024-09-13T21:50:54.006+0000] {taskinstance.py:2612} INFO - Dependencies all met for dep_context=requeueable deps ti=<TaskInstance: correction_Dag_no_NumericValues.Correct_Non_numeric_Quantity scheduled__2024-09-13T21:40:00+00:00 [queued]>
[2024-09-13T21:50:54.010+0000] {taskinstance.py:2865} INFO - Starting attempt 2 of 2
[2024-09-13T21:50:54.093+0000] {taskinstance.py:2888} INFO - Executing <Task(PythonOperator): Correct_Non_numeric_Quantity> on 2024-09-13 21:40:00+00:00
[2024-09-13T21:50:54.130+0000] {logging_mixin.py:190} WARNING - /home/airflow/.local/lib/python3.12/site-packages/airflow/task/task_runner/standard_task_runner.py:70 DeprecationWarning: This process (pid=74639) is multi-threaded, use of fork() may lead to deadlocks in the child.
[2024-09-13T21:50:54.141+0000] {standard_task_runner.py:72} INFO - Started process 74669 to run task
[2024-09-13T21:50:54.152+0000] {standard_task_runner.py:104} INFO - Running: ['airflow', 'tasks', 'run', 'correction_Dag_no_NumericValues', 'Correct_Non_numeric_Quantity', 'scheduled__2024-09-13T21:40:00+00:00', '--job-id', '3724', '--raw', '--subdir', 'DAGS_FOLDER/correction_Dag_no_NumericValues.py', '--cfg-path', '/tmp/tmpj7tf9_ou']
[2024-09-13T21:50:54.169+0000] {standard_task_runner.py:105} INFO - Job 3724: Subtask Correct_Non_numeric_Quantity
[2024-09-13T21:50:58.917+0000] {task_command.py:467} INFO - Running <TaskInstance: correction_Dag_no_NumericValues.Correct_Non_numeric_Quantity scheduled__2024-09-13T21:40:00+00:00 [running]> on host 7403e816bcf5
[2024-09-13T21:51:05.419+0000] {taskinstance.py:3131} INFO - Exporting env vars: AIRFLOW_CTX_DAG_OWNER='airflow' AIRFLOW_CTX_DAG_ID='correction_Dag_no_NumericValues' AIRFLOW_CTX_TASK_ID='Correct_Non_numeric_Quantity' AIRFLOW_CTX_EXECUTION_DATE='2024-09-13T21:40:00+00:00' AIRFLOW_CTX_TRY_NUMBER='2' AIRFLOW_CTX_DAG_RUN_ID='scheduled__2024-09-13T21:40:00+00:00'
[2024-09-13T21:51:05.432+0000] {taskinstance.py:731} INFO - ::endgroup::
[2024-09-13T21:51:06.511+0000] {logging_mixin.py:190} INFO - Anomalies textuelles corrigées avec succès dans la table Transactions.
[2024-09-13T21:51:06.513+0000] {python.py:240} INFO - Done. Returned value was: None
[2024-09-13T21:51:07.184+0000] {taskinstance.py:340} INFO - ::group::Post task execution logs
[2024-09-13T21:51:07.186+0000] {taskinstance.py:352} INFO - Marking task as SUCCESS. dag_id=correction_Dag_no_NumericValues, task_id=Correct_Non_numeric_Quantity, run_id=scheduled__2024-09-13T21:40:00+00:00, execution_date=20240913T214000, start_date=20240913T215053, end_date=20240913T215107
[2024-09-13T21:51:07.307+0000] {local_task_job_runner.py:266} INFO - Task exited with return code 0
[2024-09-13T21:51:07.874+0000] {taskinstance.py:3900} INFO - 0 downstream tasks scheduled from follow-on schedule check
[2024-09-13T21:51:07.920+0000] {local_task_job_runner.py:245} INFO - ::endgroup::
[2024-09-13T21:51:09.185+0000] {standard_task_runner.py:217} INFO - Process not found (most likely exited), stop collecting metrics
