[2024-09-11T00:00:41.278+0000] {local_task_job_runner.py:123} INFO - ::group::Pre task execution logs
[2024-09-11T00:00:47.134+0000] {taskinstance.py:2612} INFO - Dependencies all met for dep_context=non-requeueable deps ti=<TaskInstance: welcome_dag.print_welcome scheduled__2024-09-11T00:00:07+00:00 [queued]>
[2024-09-11T00:00:47.302+0000] {taskinstance.py:2612} INFO - Dependencies all met for dep_context=requeueable deps ti=<TaskInstance: welcome_dag.print_welcome scheduled__2024-09-11T00:00:07+00:00 [queued]>
[2024-09-11T00:00:47.307+0000] {taskinstance.py:2865} INFO - Starting attempt 1 of 1
[2024-09-11T00:00:48.551+0000] {taskinstance.py:2888} INFO - Executing <Task(PythonOperator): print_welcome> on 2024-09-11 00:00:07+00:00
[2024-09-11T00:00:48.788+0000] {logging_mixin.py:190} WARNING - /home/airflow/.local/lib/python3.12/site-packages/airflow/task/task_runner/standard_task_runner.py:70 DeprecationWarning: This process (pid=7096) is multi-threaded, use of fork() may lead to deadlocks in the child.
[2024-09-11T00:00:48.823+0000] {standard_task_runner.py:72} INFO - Started process 7135 to run task
[2024-09-11T00:00:49.224+0000] {standard_task_runner.py:104} INFO - Running: ['airflow', 'tasks', 'run', 'welcome_dag', 'print_welcome', 'scheduled__2024-09-11T00:00:07+00:00', '--job-id', '224', '--raw', '--subdir', 'DAGS_FOLDER/Awelcome_dags.py', '--cfg-path', '/tmp/tmpincja4sw']
[2024-09-11T00:00:49.312+0000] {standard_task_runner.py:105} INFO - Job 224: Subtask print_welcome
[2024-09-11T00:01:06.223+0000] {cli_action_loggers.py:177} WARNING - Failed to log action (psycopg2.OperationalError) could not translate host name "postgres" to address: Temporary failure in name resolution

(Background on this error at: https://sqlalche.me/e/14/e3q8)
[2024-09-11T00:01:19.393+0000] {job.py:229} INFO - Heartbeat recovered after 48.06 seconds
[2024-09-11T00:01:25.776+0000] {task_command.py:467} INFO - Running <TaskInstance: welcome_dag.print_welcome scheduled__2024-09-11T00:00:07+00:00 [running]> on host 5cd9362923f6
[2024-09-11T00:01:32.607+0000] {job.py:229} INFO - Heartbeat recovered after 13.46 seconds
[2024-09-11T00:01:41.168+0000] {taskinstance.py:3131} INFO - Exporting env vars: AIRFLOW_CTX_DAG_OWNER='airflow' AIRFLOW_CTX_DAG_ID='welcome_dag' AIRFLOW_CTX_TASK_ID='print_welcome' AIRFLOW_CTX_EXECUTION_DATE='2024-09-11T00:00:07+00:00' AIRFLOW_CTX_TRY_NUMBER='1' AIRFLOW_CTX_DAG_RUN_ID='scheduled__2024-09-11T00:00:07+00:00'
[2024-09-11T00:01:41.188+0000] {taskinstance.py:731} INFO - ::endgroup::
[2024-09-11T00:01:41.365+0000] {logging_mixin.py:190} INFO - Welcome to Airflow!
[2024-09-11T00:01:41.383+0000] {python.py:240} INFO - Done. Returned value was: None
[2024-09-11T00:01:42.686+0000] {taskinstance.py:340} INFO - ::group::Post task execution logs
[2024-09-11T00:01:42.697+0000] {taskinstance.py:352} INFO - Marking task as SUCCESS. dag_id=welcome_dag, task_id=print_welcome, run_id=scheduled__2024-09-11T00:00:07+00:00, execution_date=20240911T000007, start_date=20240911T000047, end_date=20240911T000142
[2024-09-11T00:01:43.458+0000] {local_task_job_runner.py:266} INFO - Task exited with return code 0
[2024-09-11T00:01:45.068+0000] {taskinstance.py:3900} INFO - 0 downstream tasks scheduled from follow-on schedule check
[2024-09-11T00:01:45.116+0000] {local_task_job_runner.py:245} INFO - ::endgroup::
[2024-09-11T00:01:46.149+0000] {standard_task_runner.py:217} INFO - Process not found (most likely exited), stop collecting metrics
