[2024-09-13T21:15:07.555+0000] {local_task_job_runner.py:123} INFO - ::group::Pre task execution logs
[2024-09-13T21:15:07.786+0000] {taskinstance.py:2612} INFO - Dependencies all met for dep_context=non-requeueable deps ti=<TaskInstance: dag_detect_excessively_high_total_amount.run_anomaly_detection scheduled__2024-09-13T21:00:00+00:00 [queued]>
[2024-09-13T21:15:07.809+0000] {taskinstance.py:2612} INFO - Dependencies all met for dep_context=requeueable deps ti=<TaskInstance: dag_detect_excessively_high_total_amount.run_anomaly_detection scheduled__2024-09-13T21:00:00+00:00 [queued]>
[2024-09-13T21:15:07.811+0000] {taskinstance.py:2865} INFO - Starting attempt 1 of 2
[2024-09-13T21:15:07.997+0000] {taskinstance.py:2888} INFO - Executing <Task(PythonOperator): run_anomaly_detection> on 2024-09-13 21:00:00+00:00
[2024-09-13T21:15:08.028+0000] {logging_mixin.py:190} WARNING - /home/airflow/.local/lib/python3.12/site-packages/airflow/task/task_runner/standard_task_runner.py:70 DeprecationWarning: This process (pid=68786) is multi-threaded, use of fork() may lead to deadlocks in the child.
[2024-09-13T21:15:08.032+0000] {standard_task_runner.py:72} INFO - Started process 68841 to run task
[2024-09-13T21:15:08.033+0000] {standard_task_runner.py:104} INFO - Running: ['airflow', 'tasks', 'run', 'dag_detect_excessively_high_total_amount', 'run_anomaly_detection', 'scheduled__2024-09-13T21:00:00+00:00', '--job-id', '3648', '--raw', '--subdir', 'DAGS_FOLDER/dag_detect_excessively_high_total_amount.py', '--cfg-path', '/tmp/tmpcmxz56hg']
[2024-09-13T21:15:08.040+0000] {standard_task_runner.py:105} INFO - Job 3648: Subtask run_anomaly_detection
[2024-09-13T21:15:09.036+0000] {task_command.py:467} INFO - Running <TaskInstance: dag_detect_excessively_high_total_amount.run_anomaly_detection scheduled__2024-09-13T21:00:00+00:00 [running]> on host 7403e816bcf5
[2024-09-13T21:15:10.398+0000] {taskinstance.py:3131} INFO - Exporting env vars: AIRFLOW_CTX_DAG_OWNER='airflow' AIRFLOW_CTX_DAG_ID='dag_detect_excessively_high_total_amount' AIRFLOW_CTX_TASK_ID='run_anomaly_detection' AIRFLOW_CTX_EXECUTION_DATE='2024-09-13T21:00:00+00:00' AIRFLOW_CTX_TRY_NUMBER='1' AIRFLOW_CTX_DAG_RUN_ID='scheduled__2024-09-13T21:00:00+00:00'
[2024-09-13T21:15:10.409+0000] {taskinstance.py:731} INFO - ::endgroup::
[2024-09-13T21:15:10.468+0000] {dag_detect_excessively_high_total_amount.py:118} INFO - Starting anomaly detection process
[2024-09-13T21:15:12.232+0000] {dag_detect_excessively_high_total_amount.py:124} INFO - Loaded 15 transactions and 4 products
[2024-09-13T21:15:12.314+0000] {dag_detect_excessively_high_total_amount.py:127} INFO - Detected 0 anomalies
[2024-09-13T21:15:12.799+0000] {dag_detect_excessively_high_total_amount.py:111} INFO - Inserted 0 new anomalies.
[2024-09-13T21:15:12.800+0000] {dag_detect_excessively_high_total_amount.py:130} INFO - Anomaly detection process completed successfully
[2024-09-13T21:15:12.800+0000] {python.py:240} INFO - Done. Returned value was: None
[2024-09-13T21:15:12.993+0000] {taskinstance.py:340} INFO - ::group::Post task execution logs
[2024-09-13T21:15:12.994+0000] {taskinstance.py:352} INFO - Marking task as SUCCESS. dag_id=dag_detect_excessively_high_total_amount, task_id=run_anomaly_detection, run_id=scheduled__2024-09-13T21:00:00+00:00, execution_date=20240913T210000, start_date=20240913T211507, end_date=20240913T211512
[2024-09-13T21:15:13.081+0000] {local_task_job_runner.py:266} INFO - Task exited with return code 0
[2024-09-13T21:15:13.278+0000] {taskinstance.py:3900} INFO - 0 downstream tasks scheduled from follow-on schedule check
[2024-09-13T21:15:13.282+0000] {local_task_job_runner.py:245} INFO - ::endgroup::
