[2024-09-07T23:30:09.046+0000] {local_task_job_runner.py:123} INFO - ::group::Pre task execution logs
[2024-09-07T23:30:09.962+0000] {taskinstance.py:2612} INFO - Dependencies all met for dep_context=non-requeueable deps ti=<TaskInstance: correction_Dag_Negative_Value.correct_negative_values scheduled__2024-09-07T23:25:00+00:00 [queued]>
[2024-09-07T23:30:10.079+0000] {taskinstance.py:2612} INFO - Dependencies all met for dep_context=requeueable deps ti=<TaskInstance: correction_Dag_Negative_Value.correct_negative_values scheduled__2024-09-07T23:25:00+00:00 [queued]>
[2024-09-07T23:30:10.081+0000] {taskinstance.py:2865} INFO - Starting attempt 1 of 2
[2024-09-07T23:30:10.291+0000] {taskinstance.py:2888} INFO - Executing <Task(PythonOperator): correct_negative_values> on 2024-09-07 23:25:00+00:00
[2024-09-07T23:30:10.457+0000] {standard_task_runner.py:104} INFO - Running: ['airflow', 'tasks', 'run', 'correction_Dag_Negative_Value', 'correct_negative_values', 'scheduled__2024-09-07T23:25:00+00:00', '--job-id', '537', '--raw', '--subdir', 'DAGS_FOLDER/Correction_dag_Negative_Value.py', '--cfg-path', '/tmp/tmpfkm75ze7']
[2024-09-07T23:30:10.532+0000] {standard_task_runner.py:105} INFO - Job 537: Subtask correct_negative_values
[2024-09-07T23:30:10.536+0000] {logging_mixin.py:190} WARNING - /home/airflow/.local/lib/python3.12/site-packages/airflow/task/task_runner/standard_task_runner.py:70 DeprecationWarning: This process (pid=4857) is multi-threaded, use of fork() may lead to deadlocks in the child.
[2024-09-07T23:30:10.586+0000] {standard_task_runner.py:72} INFO - Started process 4879 to run task
[2024-09-07T23:30:17.595+0000] {task_command.py:467} INFO - Running <TaskInstance: correction_Dag_Negative_Value.correct_negative_values scheduled__2024-09-07T23:25:00+00:00 [running]> on host 13d1dadf4f15
[2024-09-07T23:30:22.687+0000] {job.py:229} INFO - Heartbeat recovered after 18.90 seconds
[2024-09-07T23:30:38.600+0000] {taskinstance.py:3131} INFO - Exporting env vars: AIRFLOW_CTX_DAG_OWNER='airflow' AIRFLOW_CTX_DAG_ID='correction_Dag_Negative_Value' AIRFLOW_CTX_TASK_ID='correct_negative_values' AIRFLOW_CTX_EXECUTION_DATE='2024-09-07T23:25:00+00:00' AIRFLOW_CTX_TRY_NUMBER='1' AIRFLOW_CTX_DAG_RUN_ID='scheduled__2024-09-07T23:25:00+00:00'
[2024-09-07T23:30:38.625+0000] {taskinstance.py:731} INFO - ::endgroup::
[2024-09-07T23:30:39.025+0000] {job.py:229} INFO - Heartbeat recovered after 17.56 seconds
[2024-09-07T23:30:40.605+0000] {logging_mixin.py:190} INFO - Anomalies corrigées avec succès.
[2024-09-07T23:30:40.627+0000] {python.py:240} INFO - Done. Returned value was: None
[2024-09-07T23:30:42.070+0000] {taskinstance.py:340} INFO - ::group::Post task execution logs
[2024-09-07T23:30:42.081+0000] {taskinstance.py:352} INFO - Marking task as SUCCESS. dag_id=correction_Dag_Negative_Value, task_id=correct_negative_values, run_id=scheduled__2024-09-07T23:25:00+00:00, execution_date=20240907T232500, start_date=20240907T233009, end_date=20240907T233042
[2024-09-07T23:30:42.344+0000] {local_task_job_runner.py:266} INFO - Task exited with return code 0
[2024-09-07T23:30:43.047+0000] {local_task_job_runner.py:245} INFO - ::endgroup::
