[2024-09-13T15:00:17.943+0000] {local_task_job_runner.py:123} INFO - ::group::Pre task execution logs
[2024-09-13T15:01:44.669+0000] {taskinstance.py:2612} INFO - Dependencies all met for dep_context=non-requeueable deps ti=<TaskInstance: welcome_dag.print_welcome scheduled__2024-09-13T15:00:02+00:00 [queued]>
[2024-09-13T15:01:44.945+0000] {taskinstance.py:2612} INFO - Dependencies all met for dep_context=requeueable deps ti=<TaskInstance: welcome_dag.print_welcome scheduled__2024-09-13T15:00:02+00:00 [queued]>
[2024-09-13T15:01:44.989+0000] {taskinstance.py:2865} INFO - Starting attempt 1 of 1
[2024-09-13T15:01:45.572+0000] {taskinstance.py:2888} INFO - Executing <Task(PythonOperator): print_welcome> on 2024-09-13 15:00:02+00:00
[2024-09-13T15:01:45.871+0000] {logging_mixin.py:190} WARNING - /home/airflow/.local/lib/python3.12/site-packages/airflow/task/task_runner/standard_task_runner.py:70 DeprecationWarning: This process (pid=8791) is multi-threaded, use of fork() may lead to deadlocks in the child.
[2024-09-13T15:01:45.883+0000] {standard_task_runner.py:72} INFO - Started process 8826 to run task
[2024-09-13T15:01:45.819+0000] {standard_task_runner.py:104} INFO - Running: ['airflow', 'tasks', 'run', 'welcome_dag', 'print_welcome', 'scheduled__2024-09-13T15:00:02+00:00', '--job-id', '2561', '--raw', '--subdir', 'DAGS_FOLDER/Awelcome_dags.py', '--cfg-path', '/tmp/tmpnbv7inwk']
[2024-09-13T15:01:45.909+0000] {standard_task_runner.py:105} INFO - Job 2561: Subtask print_welcome
[2024-09-13T15:01:53.086+0000] {job.py:229} INFO - Heartbeat recovered after 102.16 seconds
[2024-09-13T15:01:53.520+0000] {task_command.py:467} INFO - Running <TaskInstance: welcome_dag.print_welcome scheduled__2024-09-13T15:00:02+00:00 [running]> on host 7403e816bcf5
[2024-09-13T15:01:57.575+0000] {taskinstance.py:3131} INFO - Exporting env vars: AIRFLOW_CTX_DAG_OWNER='airflow' AIRFLOW_CTX_DAG_ID='welcome_dag' AIRFLOW_CTX_TASK_ID='print_welcome' AIRFLOW_CTX_EXECUTION_DATE='2024-09-13T15:00:02+00:00' AIRFLOW_CTX_TRY_NUMBER='1' AIRFLOW_CTX_DAG_RUN_ID='scheduled__2024-09-13T15:00:02+00:00'
[2024-09-13T15:01:57.606+0000] {taskinstance.py:731} INFO - ::endgroup::
[2024-09-13T15:01:57.915+0000] {logging_mixin.py:190} INFO - Welcome to Airflow!
[2024-09-13T15:01:57.918+0000] {python.py:240} INFO - Done. Returned value was: None
[2024-09-13T15:01:58.638+0000] {taskinstance.py:340} INFO - ::group::Post task execution logs
[2024-09-13T15:01:58.639+0000] {taskinstance.py:352} INFO - Marking task as SUCCESS. dag_id=welcome_dag, task_id=print_welcome, run_id=scheduled__2024-09-13T15:00:02+00:00, execution_date=20240913T150002, start_date=20240913T150144, end_date=20240913T150158
[2024-09-13T15:02:01.635+0000] {local_task_job_runner.py:266} INFO - Task exited with return code 0
[2024-09-13T15:02:02.858+0000] {taskinstance.py:3900} INFO - 0 downstream tasks scheduled from follow-on schedule check
[2024-09-13T15:02:02.870+0000] {local_task_job_runner.py:245} INFO - ::endgroup::
