[2024-09-14T19:15:06.577+0000] {local_task_job_runner.py:123} INFO - ::group::Pre task execution logs
[2024-09-14T19:15:07.273+0000] {taskinstance.py:2612} INFO - Dependencies all met for dep_context=non-requeueable deps ti=<TaskInstance: correction_Dag_Valeu_NULL.correct_transactions_anomalies scheduled__2024-09-14T19:10:00+00:00 [queued]>
[2024-09-14T19:15:07.458+0000] {taskinstance.py:2612} INFO - Dependencies all met for dep_context=requeueable deps ti=<TaskInstance: correction_Dag_Valeu_NULL.correct_transactions_anomalies scheduled__2024-09-14T19:10:00+00:00 [queued]>
[2024-09-14T19:15:07.477+0000] {taskinstance.py:2865} INFO - Starting attempt 1 of 2
[2024-09-14T19:15:08.067+0000] {taskinstance.py:2888} INFO - Executing <Task(PythonOperator): correct_transactions_anomalies> on 2024-09-14 19:10:00+00:00
[2024-09-14T19:15:08.610+0000] {logging_mixin.py:190} WARNING - /home/airflow/.local/lib/python3.12/site-packages/airflow/task/task_runner/standard_task_runner.py:70 DeprecationWarning: This process (pid=6724) is multi-threaded, use of fork() may lead to deadlocks in the child.
[2024-09-14T19:15:08.662+0000] {standard_task_runner.py:72} INFO - Started process 6746 to run task
[2024-09-14T19:15:08.646+0000] {standard_task_runner.py:104} INFO - Running: ['airflow', 'tasks', 'run', 'correction_Dag_Valeu_NULL', 'correct_transactions_anomalies', 'scheduled__2024-09-14T19:10:00+00:00', '--job-id', '4375', '--raw', '--subdir', 'DAGS_FOLDER/Correction_dag_Valeur_NULL.py', '--cfg-path', '/tmp/tmptyfaygvo']
[2024-09-14T19:15:08.817+0000] {standard_task_runner.py:105} INFO - Job 4375: Subtask correct_transactions_anomalies
[2024-09-14T19:15:13.040+0000] {task_command.py:467} INFO - Running <TaskInstance: correction_Dag_Valeu_NULL.correct_transactions_anomalies scheduled__2024-09-14T19:10:00+00:00 [running]> on host 7403e816bcf5
[2024-09-14T19:15:15.433+0000] {job.py:229} INFO - Heartbeat recovered after 11.26 seconds
[2024-09-14T19:15:18.504+0000] {taskinstance.py:3131} INFO - Exporting env vars: AIRFLOW_CTX_DAG_OWNER='airflow' AIRFLOW_CTX_DAG_ID='correction_Dag_Valeu_NULL' AIRFLOW_CTX_TASK_ID='correct_transactions_anomalies' AIRFLOW_CTX_EXECUTION_DATE='2024-09-14T19:10:00+00:00' AIRFLOW_CTX_TRY_NUMBER='1' AIRFLOW_CTX_DAG_RUN_ID='scheduled__2024-09-14T19:10:00+00:00'
[2024-09-14T19:15:18.541+0000] {taskinstance.py:731} INFO - ::endgroup::
[2024-09-14T19:15:19.729+0000] {logging_mixin.py:190} INFO - Correction des anomalies dans la table Transactions réussie.
[2024-09-14T19:15:19.738+0000] {python.py:240} INFO - Done. Returned value was: None
[2024-09-14T19:15:20.741+0000] {taskinstance.py:340} INFO - ::group::Post task execution logs
[2024-09-14T19:15:20.746+0000] {taskinstance.py:352} INFO - Marking task as SUCCESS. dag_id=correction_Dag_Valeu_NULL, task_id=correct_transactions_anomalies, run_id=scheduled__2024-09-14T19:10:00+00:00, execution_date=20240914T191000, start_date=20240914T191507, end_date=20240914T191520
[2024-09-14T19:15:21.352+0000] {local_task_job_runner.py:266} INFO - Task exited with return code 0
[2024-09-14T19:15:22.980+0000] {taskinstance.py:3900} INFO - 0 downstream tasks scheduled from follow-on schedule check
[2024-09-14T19:15:23.051+0000] {local_task_job_runner.py:245} INFO - ::endgroup::
[2024-09-14T19:15:23.802+0000] {standard_task_runner.py:217} INFO - Process not found (most likely exited), stop collecting metrics
