[2024-09-11T00:10:27.157+0000] {local_task_job_runner.py:123} INFO - ::group::Pre task execution logs
[2024-09-11T00:10:31.589+0000] {taskinstance.py:2612} INFO - Dependencies all met for dep_context=non-requeueable deps ti=<TaskInstance: Correction_dag_high_total_amount.Correction_dag_high_total_amount scheduled__2024-09-11T00:00:00+00:00 [queued]>
[2024-09-11T00:10:32.177+0000] {taskinstance.py:2612} INFO - Dependencies all met for dep_context=requeueable deps ti=<TaskInstance: Correction_dag_high_total_amount.Correction_dag_high_total_amount scheduled__2024-09-11T00:00:00+00:00 [queued]>
[2024-09-11T00:10:32.185+0000] {taskinstance.py:2865} INFO - Starting attempt 2 of 2
[2024-09-11T00:10:33.168+0000] {taskinstance.py:2888} INFO - Executing <Task(PythonOperator): Correction_dag_high_total_amount> on 2024-09-11 00:00:00+00:00
[2024-09-11T00:10:33.844+0000] {standard_task_runner.py:104} INFO - Running: ['airflow', 'tasks', 'run', 'Correction_dag_high_total_amount', 'Correction_dag_high_total_amount', 'scheduled__2024-09-11T00:00:00+00:00', '--job-id', '297', '--raw', '--subdir', 'DAGS_FOLDER/Correction_dag_high_total_amount.py', '--cfg-path', '/tmp/tmpxvkstl2d']
[2024-09-11T00:10:33.891+0000] {standard_task_runner.py:105} INFO - Job 297: Subtask Correction_dag_high_total_amount
[2024-09-11T00:10:33.615+0000] {logging_mixin.py:190} WARNING - /home/airflow/.local/lib/python3.12/site-packages/airflow/task/task_runner/standard_task_runner.py:70 DeprecationWarning: This process (pid=521) is multi-threaded, use of fork() may lead to deadlocks in the child.
[2024-09-11T00:10:33.904+0000] {standard_task_runner.py:72} INFO - Started process 570 to run task
[2024-09-11T00:10:41.834+0000] {task_command.py:467} INFO - Running <TaskInstance: Correction_dag_high_total_amount.Correction_dag_high_total_amount scheduled__2024-09-11T00:00:00+00:00 [running]> on host 5cd9362923f6
[2024-09-11T00:10:42.237+0000] {job.py:229} INFO - Heartbeat recovered after 23.75 seconds
[2024-09-11T00:10:53.309+0000] {job.py:229} INFO - Heartbeat recovered after 11.12 seconds
[2024-09-11T00:10:54.477+0000] {taskinstance.py:3131} INFO - Exporting env vars: AIRFLOW_CTX_DAG_OWNER='airflow' AIRFLOW_CTX_DAG_ID='Correction_dag_high_total_amount' AIRFLOW_CTX_TASK_ID='Correction_dag_high_total_amount' AIRFLOW_CTX_EXECUTION_DATE='2024-09-11T00:00:00+00:00' AIRFLOW_CTX_TRY_NUMBER='2' AIRFLOW_CTX_DAG_RUN_ID='scheduled__2024-09-11T00:00:00+00:00'
[2024-09-11T00:10:54.511+0000] {taskinstance.py:731} INFO - ::endgroup::
[2024-09-11T00:10:55.142+0000] {logging_mixin.py:190} INFO - Les anomalies ont été corrigées dans la base de données.
[2024-09-11T00:10:55.206+0000] {python.py:240} INFO - Done. Returned value was: None
[2024-09-11T00:10:58.118+0000] {taskinstance.py:340} INFO - ::group::Post task execution logs
[2024-09-11T00:10:58.123+0000] {taskinstance.py:352} INFO - Marking task as SUCCESS. dag_id=Correction_dag_high_total_amount, task_id=Correction_dag_high_total_amount, run_id=scheduled__2024-09-11T00:00:00+00:00, execution_date=20240911T000000, start_date=20240911T001031, end_date=20240911T001058
[2024-09-11T00:10:59.013+0000] {local_task_job_runner.py:266} INFO - Task exited with return code 0
[2024-09-11T00:10:59.035+0000] {standard_task_runner.py:217} INFO - Process not found (most likely exited), stop collecting metrics
[2024-09-11T00:11:01.358+0000] {taskinstance.py:3900} INFO - 0 downstream tasks scheduled from follow-on schedule check
[2024-09-11T00:11:01.406+0000] {local_task_job_runner.py:245} INFO - ::endgroup::
