[2024-10-23T12:34:57.826+0000] {local_task_job_runner.py:123} INFO - ::group::Pre task execution logs
[2024-10-23T12:34:59.763+0000] {taskinstance.py:2612} INFO - Dependencies all met for dep_context=non-requeueable deps ti=<TaskInstance: Correction_dag_high_total_amount.Correction_dag_high_total_amount scheduled__2024-10-23T12:25:00+00:00 [queued]>
[2024-10-23T12:35:00.086+0000] {taskinstance.py:2612} INFO - Dependencies all met for dep_context=requeueable deps ti=<TaskInstance: Correction_dag_high_total_amount.Correction_dag_high_total_amount scheduled__2024-10-23T12:25:00+00:00 [queued]>
[2024-10-23T12:35:00.100+0000] {taskinstance.py:2865} INFO - Starting attempt 1 of 2
[2024-10-23T12:35:00.539+0000] {taskinstance.py:2888} INFO - Executing <Task(PythonOperator): Correction_dag_high_total_amount> on 2024-10-23 12:25:00+00:00
[2024-10-23T12:35:02.419+0000] {logging_mixin.py:190} WARNING - /home/airflow/.local/lib/python3.12/site-packages/airflow/task/task_runner/standard_task_runner.py:70 DeprecationWarning: This process (pid=7324) is multi-threaded, use of fork() may lead to deadlocks in the child.
[2024-10-23T12:35:03.621+0000] {standard_task_runner.py:72} INFO - Started process 7362 to run task
[2024-10-23T12:35:02.516+0000] {standard_task_runner.py:104} INFO - Running: ['airflow', 'tasks', 'run', 'Correction_dag_high_total_amount', 'Correction_dag_high_total_amount', 'scheduled__2024-10-23T12:25:00+00:00', '--job-id', '6158', '--raw', '--subdir', 'DAGS_FOLDER/Correction_dag_high_total_amount.py', '--cfg-path', '/tmp/tmpcbesw2pc']
[2024-10-23T12:35:04.089+0000] {standard_task_runner.py:105} INFO - Job 6158: Subtask Correction_dag_high_total_amount
[2024-10-23T12:35:31.224+0000] {job.py:229} INFO - Heartbeat recovered after 37.18 seconds
[2024-10-23T12:35:36.988+0000] {task_command.py:467} INFO - Running <TaskInstance: Correction_dag_high_total_amount.Correction_dag_high_total_amount scheduled__2024-10-23T12:25:00+00:00 [running]> on host 696ca67245ce
[2024-10-23T12:35:41.767+0000] {job.py:229} INFO - Heartbeat recovered after 10.74 seconds
[2024-10-23T12:35:59.013+0000] {job.py:229} INFO - Heartbeat recovered after 17.72 seconds
[2024-10-23T12:36:00.254+0000] {taskinstance.py:3131} INFO - Exporting env vars: AIRFLOW_CTX_DAG_OWNER='airflow' AIRFLOW_CTX_DAG_ID='Correction_dag_high_total_amount' AIRFLOW_CTX_TASK_ID='Correction_dag_high_total_amount' AIRFLOW_CTX_EXECUTION_DATE='2024-10-23T12:25:00+00:00' AIRFLOW_CTX_TRY_NUMBER='1' AIRFLOW_CTX_DAG_RUN_ID='scheduled__2024-10-23T12:25:00+00:00'
[2024-10-23T12:36:00.664+0000] {taskinstance.py:731} INFO - ::endgroup::
[2024-10-23T12:36:02.110+0000] {logging_mixin.py:190} INFO - Les anomalies ont été corrigées dans la base de données.
[2024-10-23T12:36:02.295+0000] {python.py:240} INFO - Done. Returned value was: None
[2024-10-23T12:36:04.775+0000] {taskinstance.py:340} INFO - ::group::Post task execution logs
[2024-10-23T12:36:04.858+0000] {taskinstance.py:352} INFO - Marking task as SUCCESS. dag_id=Correction_dag_high_total_amount, task_id=Correction_dag_high_total_amount, run_id=scheduled__2024-10-23T12:25:00+00:00, execution_date=20241023T122500, start_date=20241023T123459, end_date=20241023T123604
[2024-10-23T12:36:47.651+0000] {job.py:229} INFO - Heartbeat recovered after 49.06 seconds
[2024-10-23T12:36:48.784+0000] {local_task_job_runner.py:266} INFO - Task exited with return code 0
[2024-10-23T12:36:50.964+0000] {taskinstance.py:3900} INFO - 0 downstream tasks scheduled from follow-on schedule check
[2024-10-23T12:36:51.023+0000] {local_task_job_runner.py:245} INFO - ::endgroup::
[2024-10-23T12:36:51.329+0000] {standard_task_runner.py:217} INFO - Process not found (most likely exited), stop collecting metrics
