[2024-09-11T17:00:18.692+0000] {local_task_job_runner.py:123} INFO - ::group::Pre task execution logs
[2024-09-11T17:00:23.281+0000] {taskinstance.py:2612} INFO - Dependencies all met for dep_context=non-requeueable deps ti=<TaskInstance: Correction_dag_high_total_amount.Correction_dag_high_total_amount scheduled__2024-09-11T16:55:00+00:00 [queued]>
[2024-09-11T17:00:23.647+0000] {taskinstance.py:2612} INFO - Dependencies all met for dep_context=requeueable deps ti=<TaskInstance: Correction_dag_high_total_amount.Correction_dag_high_total_amount scheduled__2024-09-11T16:55:00+00:00 [queued]>
[2024-09-11T17:00:23.650+0000] {taskinstance.py:2865} INFO - Starting attempt 1 of 2
[2024-09-11T17:00:24.045+0000] {taskinstance.py:2888} INFO - Executing <Task(PythonOperator): Correction_dag_high_total_amount> on 2024-09-11 16:55:00+00:00
[2024-09-11T17:00:24.535+0000] {standard_task_runner.py:104} INFO - Running: ['airflow', 'tasks', 'run', 'Correction_dag_high_total_amount', 'Correction_dag_high_total_amount', 'scheduled__2024-09-11T16:55:00+00:00', '--job-id', '1140', '--raw', '--subdir', 'DAGS_FOLDER/Correction_dag_high_total_amount.py', '--cfg-path', '/tmp/tmpot60bzms']
[2024-09-11T17:00:24.776+0000] {standard_task_runner.py:105} INFO - Job 1140: Subtask Correction_dag_high_total_amount
[2024-09-11T17:00:24.827+0000] {logging_mixin.py:190} WARNING - /home/airflow/.local/lib/python3.12/site-packages/airflow/task/task_runner/standard_task_runner.py:70 DeprecationWarning: This process (pid=11680) is multi-threaded, use of fork() may lead to deadlocks in the child.
[2024-09-11T17:00:24.856+0000] {standard_task_runner.py:72} INFO - Started process 11725 to run task
[2024-09-11T17:00:32.067+0000] {job.py:229} INFO - Heartbeat recovered after 21.57 seconds
[2024-09-11T17:00:36.278+0000] {task_command.py:467} INFO - Running <TaskInstance: Correction_dag_high_total_amount.Correction_dag_high_total_amount scheduled__2024-09-11T16:55:00+00:00 [running]> on host b8b5351e8a6b
[2024-09-11T17:00:42.452+0000] {job.py:229} INFO - Heartbeat recovered after 10.52 seconds
[2024-09-11T17:00:42.645+0000] {taskinstance.py:3131} INFO - Exporting env vars: AIRFLOW_CTX_DAG_OWNER='airflow' AIRFLOW_CTX_DAG_ID='Correction_dag_high_total_amount' AIRFLOW_CTX_TASK_ID='Correction_dag_high_total_amount' AIRFLOW_CTX_EXECUTION_DATE='2024-09-11T16:55:00+00:00' AIRFLOW_CTX_TRY_NUMBER='1' AIRFLOW_CTX_DAG_RUN_ID='scheduled__2024-09-11T16:55:00+00:00'
[2024-09-11T17:00:42.678+0000] {taskinstance.py:731} INFO - ::endgroup::
[2024-09-11T17:00:43.016+0000] {logging_mixin.py:190} INFO - Les anomalies ont été corrigées dans la base de données.
[2024-09-11T17:00:43.022+0000] {python.py:240} INFO - Done. Returned value was: None
[2024-09-11T17:00:44.203+0000] {taskinstance.py:340} INFO - ::group::Post task execution logs
[2024-09-11T17:00:44.205+0000] {taskinstance.py:352} INFO - Marking task as SUCCESS. dag_id=Correction_dag_high_total_amount, task_id=Correction_dag_high_total_amount, run_id=scheduled__2024-09-11T16:55:00+00:00, execution_date=20240911T165500, start_date=20240911T170023, end_date=20240911T170044
[2024-09-11T17:00:44.311+0000] {local_task_job_runner.py:266} INFO - Task exited with return code 0
[2024-09-11T17:00:44.910+0000] {standard_task_runner.py:217} INFO - Process not found (most likely exited), stop collecting metrics
[2024-09-11T17:00:45.506+0000] {taskinstance.py:3900} INFO - 0 downstream tasks scheduled from follow-on schedule check
[2024-09-11T17:00:45.521+0000] {local_task_job_runner.py:245} INFO - ::endgroup::
