[2024-09-08T14:01:22.188+0000] {local_task_job_runner.py:123} INFO - ::group::Pre task execution logs
[2024-09-08T14:01:24.399+0000] {taskinstance.py:2612} INFO - Dependencies all met for dep_context=non-requeueable deps ti=<TaskInstance: correction_Dag_Valeu_NULL.correct_transactions_anomalies scheduled__2024-09-08T13:50:00+00:00 [queued]>
[2024-09-08T14:01:24.572+0000] {taskinstance.py:2612} INFO - Dependencies all met for dep_context=requeueable deps ti=<TaskInstance: correction_Dag_Valeu_NULL.correct_transactions_anomalies scheduled__2024-09-08T13:50:00+00:00 [queued]>
[2024-09-08T14:01:24.595+0000] {taskinstance.py:2865} INFO - Starting attempt 2 of 2
[2024-09-08T14:01:25.021+0000] {taskinstance.py:2888} INFO - Executing <Task(PythonOperator): correct_transactions_anomalies> on 2024-09-08 13:50:00+00:00
[2024-09-08T14:01:25.279+0000] {standard_task_runner.py:104} INFO - Running: ['airflow', 'tasks', 'run', 'correction_Dag_Valeu_NULL', 'correct_transactions_anomalies', 'scheduled__2024-09-08T13:50:00+00:00', '--job-id', '1047', '--raw', '--subdir', 'DAGS_FOLDER/Correction_dag_Valeur_NULL.py', '--cfg-path', '/tmp/tmp1y206aon']
[2024-09-08T14:01:25.395+0000] {standard_task_runner.py:105} INFO - Job 1047: Subtask correct_transactions_anomalies
[2024-09-08T14:01:25.583+0000] {logging_mixin.py:190} WARNING - /home/airflow/.local/lib/python3.12/site-packages/airflow/task/task_runner/standard_task_runner.py:70 DeprecationWarning: This process (pid=22742) is multi-threaded, use of fork() may lead to deadlocks in the child.
[2024-09-08T14:01:25.586+0000] {standard_task_runner.py:72} INFO - Started process 22764 to run task
[2024-09-08T14:01:28.769+0000] {task_command.py:467} INFO - Running <TaskInstance: correction_Dag_Valeu_NULL.correct_transactions_anomalies scheduled__2024-09-08T13:50:00+00:00 [running]> on host 13d1dadf4f15
[2024-09-08T14:01:31.522+0000] {job.py:229} INFO - Heartbeat recovered after 16.11 seconds
[2024-09-08T14:01:31.742+0000] {taskinstance.py:3131} INFO - Exporting env vars: AIRFLOW_CTX_DAG_OWNER='airflow' AIRFLOW_CTX_DAG_ID='correction_Dag_Valeu_NULL' AIRFLOW_CTX_TASK_ID='correct_transactions_anomalies' AIRFLOW_CTX_EXECUTION_DATE='2024-09-08T13:50:00+00:00' AIRFLOW_CTX_TRY_NUMBER='2' AIRFLOW_CTX_DAG_RUN_ID='scheduled__2024-09-08T13:50:00+00:00'
[2024-09-08T14:01:31.748+0000] {taskinstance.py:731} INFO - ::endgroup::
[2024-09-08T14:01:33.292+0000] {logging_mixin.py:190} INFO - Correction des anomalies dans la table Transactions réussie.
[2024-09-08T14:01:33.298+0000] {python.py:240} INFO - Done. Returned value was: None
[2024-09-08T14:01:34.344+0000] {taskinstance.py:340} INFO - ::group::Post task execution logs
[2024-09-08T14:01:34.354+0000] {taskinstance.py:352} INFO - Marking task as SUCCESS. dag_id=correction_Dag_Valeu_NULL, task_id=correct_transactions_anomalies, run_id=scheduled__2024-09-08T13:50:00+00:00, execution_date=20240908T135000, start_date=20240908T140124, end_date=20240908T140134
[2024-09-08T14:01:34.538+0000] {local_task_job_runner.py:266} INFO - Task exited with return code 0
[2024-09-08T14:01:35.768+0000] {taskinstance.py:3900} INFO - 0 downstream tasks scheduled from follow-on schedule check
[2024-09-08T14:01:35.784+0000] {local_task_job_runner.py:245} INFO - ::endgroup::
[2024-09-08T14:01:35.854+0000] {standard_task_runner.py:217} INFO - Process not found (most likely exited), stop collecting metrics
