[2024-10-12T20:47:24.711+0000] {local_task_job_runner.py:123} INFO - ::group::Pre task execution logs
[2024-10-12T20:47:26.116+0000] {taskinstance.py:2612} INFO - Dependencies all met for dep_context=non-requeueable deps ti=<TaskInstance: correction_Dag_no_NumericValues.Correct_Non_numeric_Quantity scheduled__2024-09-22T18:50:00+00:00 [queued]>
[2024-10-12T20:47:26.205+0000] {taskinstance.py:2612} INFO - Dependencies all met for dep_context=requeueable deps ti=<TaskInstance: correction_Dag_no_NumericValues.Correct_Non_numeric_Quantity scheduled__2024-09-22T18:50:00+00:00 [queued]>
[2024-10-12T20:47:26.208+0000] {taskinstance.py:2865} INFO - Starting attempt 2 of 2
[2024-10-12T20:47:26.355+0000] {taskinstance.py:2888} INFO - Executing <Task(PythonOperator): Correct_Non_numeric_Quantity> on 2024-09-22 18:50:00+00:00
[2024-10-12T20:47:26.499+0000] {logging_mixin.py:190} WARNING - /home/airflow/.local/lib/python3.12/site-packages/airflow/task/task_runner/standard_task_runner.py:70 DeprecationWarning: This process (pid=1063) is multi-threaded, use of fork() may lead to deadlocks in the child.
[2024-10-12T20:47:26.506+0000] {standard_task_runner.py:72} INFO - Started process 1117 to run task
[2024-10-12T20:47:26.502+0000] {standard_task_runner.py:104} INFO - Running: ['airflow', 'tasks', 'run', 'correction_Dag_no_NumericValues', 'Correct_Non_numeric_Quantity', 'scheduled__2024-09-22T18:50:00+00:00', '--job-id', '5900', '--raw', '--subdir', 'DAGS_FOLDER/correction_Dag_no_NumericValues.py', '--cfg-path', '/tmp/tmpcqt9pbth']
[2024-10-12T20:47:26.519+0000] {standard_task_runner.py:105} INFO - Job 5900: Subtask Correct_Non_numeric_Quantity
[2024-10-12T20:47:29.484+0000] {task_command.py:467} INFO - Running <TaskInstance: correction_Dag_no_NumericValues.Correct_Non_numeric_Quantity scheduled__2024-09-22T18:50:00+00:00 [running]> on host 20dad67a3f18
[2024-10-12T20:47:32.143+0000] {job.py:229} INFO - Heartbeat recovered after 11.96 seconds
[2024-10-12T20:47:32.333+0000] {taskinstance.py:3131} INFO - Exporting env vars: AIRFLOW_CTX_DAG_OWNER='airflow' AIRFLOW_CTX_DAG_ID='correction_Dag_no_NumericValues' AIRFLOW_CTX_TASK_ID='Correct_Non_numeric_Quantity' AIRFLOW_CTX_EXECUTION_DATE='2024-09-22T18:50:00+00:00' AIRFLOW_CTX_TRY_NUMBER='2' AIRFLOW_CTX_DAG_RUN_ID='scheduled__2024-09-22T18:50:00+00:00'
[2024-10-12T20:47:32.338+0000] {taskinstance.py:731} INFO - ::endgroup::
[2024-10-12T20:47:32.738+0000] {logging_mixin.py:190} INFO - Anomalies textuelles corrigées avec succès dans la table Transactions.
[2024-10-12T20:47:32.743+0000] {python.py:240} INFO - Done. Returned value was: None
[2024-10-12T20:47:33.087+0000] {taskinstance.py:340} INFO - ::group::Post task execution logs
[2024-10-12T20:47:33.091+0000] {taskinstance.py:352} INFO - Marking task as SUCCESS. dag_id=correction_Dag_no_NumericValues, task_id=Correct_Non_numeric_Quantity, run_id=scheduled__2024-09-22T18:50:00+00:00, execution_date=20240922T185000, start_date=20241012T204726, end_date=20241012T204733
[2024-10-12T20:47:33.369+0000] {local_task_job_runner.py:266} INFO - Task exited with return code 0
[2024-10-12T20:47:34.008+0000] {taskinstance.py:3900} INFO - 0 downstream tasks scheduled from follow-on schedule check
[2024-10-12T20:47:34.032+0000] {local_task_job_runner.py:245} INFO - ::endgroup::
