[2024-10-12T21:02:11.966+0000] {local_task_job_runner.py:123} INFO - ::group::Pre task execution logs
[2024-10-12T21:02:13.517+0000] {taskinstance.py:2612} INFO - Dependencies all met for dep_context=non-requeueable deps ti=<TaskInstance: welcome_dag.print_welcome scheduled__2024-10-12T21:00:58+00:00 [queued]>
[2024-10-12T21:02:13.635+0000] {taskinstance.py:2612} INFO - Dependencies all met for dep_context=requeueable deps ti=<TaskInstance: welcome_dag.print_welcome scheduled__2024-10-12T21:00:58+00:00 [queued]>
[2024-10-12T21:02:13.637+0000] {taskinstance.py:2865} INFO - Starting attempt 1 of 1
[2024-10-12T21:02:14.289+0000] {taskinstance.py:2888} INFO - Executing <Task(PythonOperator): print_welcome> on 2024-10-12 21:00:58+00:00
[2024-10-12T21:02:14.377+0000] {standard_task_runner.py:104} INFO - Running: ['airflow', 'tasks', 'run', 'welcome_dag', 'print_welcome', 'scheduled__2024-10-12T21:00:58+00:00', '--job-id', '5963', '--raw', '--subdir', 'DAGS_FOLDER/Awelcome_dags.py', '--cfg-path', '/tmp/tmp_t0adn3x']
[2024-10-12T21:02:14.394+0000] {standard_task_runner.py:105} INFO - Job 5963: Subtask print_welcome
[2024-10-12T21:02:14.442+0000] {logging_mixin.py:190} WARNING - /home/airflow/.local/lib/python3.12/site-packages/airflow/task/task_runner/standard_task_runner.py:70 DeprecationWarning: This process (pid=3256) is multi-threaded, use of fork() may lead to deadlocks in the child.
[2024-10-12T21:02:14.445+0000] {standard_task_runner.py:72} INFO - Started process 3299 to run task
[2024-10-12T21:02:17.373+0000] {task_command.py:467} INFO - Running <TaskInstance: welcome_dag.print_welcome scheduled__2024-10-12T21:00:58+00:00 [running]> on host 20dad67a3f18
[2024-10-12T21:02:20.139+0000] {taskinstance.py:3131} INFO - Exporting env vars: AIRFLOW_CTX_DAG_OWNER='airflow' AIRFLOW_CTX_DAG_ID='welcome_dag' AIRFLOW_CTX_TASK_ID='print_welcome' AIRFLOW_CTX_EXECUTION_DATE='2024-10-12T21:00:58+00:00' AIRFLOW_CTX_TRY_NUMBER='1' AIRFLOW_CTX_DAG_RUN_ID='scheduled__2024-10-12T21:00:58+00:00'
[2024-10-12T21:02:20.142+0000] {taskinstance.py:731} INFO - ::endgroup::
[2024-10-12T21:02:20.217+0000] {job.py:229} INFO - Heartbeat recovered after 13.58 seconds
[2024-10-12T21:02:20.222+0000] {logging_mixin.py:190} INFO - Welcome to Airflow!
[2024-10-12T21:02:20.226+0000] {python.py:240} INFO - Done. Returned value was: None
[2024-10-12T21:02:21.123+0000] {taskinstance.py:340} INFO - ::group::Post task execution logs
[2024-10-12T21:02:21.125+0000] {taskinstance.py:352} INFO - Marking task as SUCCESS. dag_id=welcome_dag, task_id=print_welcome, run_id=scheduled__2024-10-12T21:00:58+00:00, execution_date=20241012T210058, start_date=20241012T210213, end_date=20241012T210221
[2024-10-12T21:02:21.244+0000] {local_task_job_runner.py:266} INFO - Task exited with return code 0
[2024-10-12T21:02:21.949+0000] {taskinstance.py:3900} INFO - 1 downstream tasks scheduled from follow-on schedule check
[2024-10-12T21:02:21.978+0000] {local_task_job_runner.py:245} INFO - ::endgroup::
