[2024-09-10T20:35:48.544+0000] {local_task_job_runner.py:123} INFO - ::group::Pre task execution logs
[2024-09-10T20:35:49.405+0000] {taskinstance.py:2612} INFO - Dependencies all met for dep_context=non-requeueable deps ti=<TaskInstance: dag_detect_excessively_high_total_amount.run_anomaly_detection scheduled__2024-09-10T19:15:00+00:00 [queued]>
[2024-09-10T20:35:49.464+0000] {taskinstance.py:2612} INFO - Dependencies all met for dep_context=requeueable deps ti=<TaskInstance: dag_detect_excessively_high_total_amount.run_anomaly_detection scheduled__2024-09-10T19:15:00+00:00 [queued]>
[2024-09-10T20:35:49.469+0000] {taskinstance.py:2865} INFO - Starting attempt 2 of 2
[2024-09-10T20:35:49.595+0000] {taskinstance.py:2888} INFO - Executing <Task(PythonOperator): run_anomaly_detection> on 2024-09-10 19:15:00+00:00
[2024-09-10T20:35:49.756+0000] {logging_mixin.py:190} WARNING - /home/airflow/.local/lib/python3.12/site-packages/airflow/task/task_runner/standard_task_runner.py:70 DeprecationWarning: This process (pid=385) is multi-threaded, use of fork() may lead to deadlocks in the child.
[2024-09-10T20:35:49.810+0000] {standard_task_runner.py:72} INFO - Started process 439 to run task
[2024-09-10T20:35:49.802+0000] {standard_task_runner.py:104} INFO - Running: ['airflow', 'tasks', 'run', 'dag_detect_excessively_high_total_amount', 'run_anomaly_detection', 'scheduled__2024-09-10T19:15:00+00:00', '--job-id', '3337', '--raw', '--subdir', 'DAGS_FOLDER/dag_detect_excessively_high_total_amount.py', '--cfg-path', '/tmp/tmprwxnpaxs']
[2024-09-10T20:35:49.848+0000] {standard_task_runner.py:105} INFO - Job 3337: Subtask run_anomaly_detection
[2024-09-10T20:35:55.542+0000] {task_command.py:467} INFO - Running <TaskInstance: dag_detect_excessively_high_total_amount.run_anomaly_detection scheduled__2024-09-10T19:15:00+00:00 [running]> on host f0946a6cef1f
[2024-09-10T20:35:59.339+0000] {taskinstance.py:3131} INFO - Exporting env vars: AIRFLOW_CTX_DAG_OWNER='airflow' AIRFLOW_CTX_DAG_ID='dag_detect_excessively_high_total_amount' AIRFLOW_CTX_TASK_ID='run_anomaly_detection' AIRFLOW_CTX_EXECUTION_DATE='2024-09-10T19:15:00+00:00' AIRFLOW_CTX_TRY_NUMBER='2' AIRFLOW_CTX_DAG_RUN_ID='scheduled__2024-09-10T19:15:00+00:00'
[2024-09-10T20:35:59.341+0000] {taskinstance.py:731} INFO - ::endgroup::
[2024-09-10T20:35:59.405+0000] {dag_detect_excessively_high_total_amount.py:118} INFO - Starting anomaly detection process
[2024-09-10T20:36:05.200+0000] {dag_detect_excessively_high_total_amount.py:124} INFO - Loaded 15 transactions and 54 products
[2024-09-10T20:36:05.328+0000] {dag_detect_excessively_high_total_amount.py:127} INFO - Detected 0 anomalies
[2024-09-10T20:36:07.509+0000] {dag_detect_excessively_high_total_amount.py:111} INFO - Inserted 0 new anomalies.
[2024-09-10T20:36:07.517+0000] {dag_detect_excessively_high_total_amount.py:130} INFO - Anomaly detection process completed successfully
[2024-09-10T20:36:07.520+0000] {python.py:240} INFO - Done. Returned value was: None
[2024-09-10T20:36:08.157+0000] {taskinstance.py:340} INFO - ::group::Post task execution logs
[2024-09-10T20:36:08.160+0000] {taskinstance.py:352} INFO - Marking task as SUCCESS. dag_id=dag_detect_excessively_high_total_amount, task_id=run_anomaly_detection, run_id=scheduled__2024-09-10T19:15:00+00:00, execution_date=20240910T191500, start_date=20240910T203549, end_date=20240910T203608
[2024-09-10T20:36:08.310+0000] {local_task_job_runner.py:266} INFO - Task exited with return code 0
[2024-09-10T20:36:09.014+0000] {taskinstance.py:3900} INFO - 0 downstream tasks scheduled from follow-on schedule check
[2024-09-10T20:36:09.037+0000] {local_task_job_runner.py:245} INFO - ::endgroup::
[2024-09-10T20:36:09.874+0000] {standard_task_runner.py:217} INFO - Process not found (most likely exited), stop collecting metrics
