[2024-09-14T16:49:57.348+0000] {local_task_job_runner.py:123} INFO - ::group::Pre task execution logs
[2024-09-14T16:50:00.537+0000] {taskinstance.py:2612} INFO - Dependencies all met for dep_context=non-requeueable deps ti=<TaskInstance: Correction_dag_high_total_amount.Correction_dag_high_total_amount scheduled__2024-09-14T10:45:00+00:00 [queued]>
[2024-09-14T16:50:00.913+0000] {taskinstance.py:2612} INFO - Dependencies all met for dep_context=requeueable deps ti=<TaskInstance: Correction_dag_high_total_amount.Correction_dag_high_total_amount scheduled__2024-09-14T10:45:00+00:00 [queued]>
[2024-09-14T16:50:00.923+0000] {taskinstance.py:2865} INFO - Starting attempt 1 of 2
[2024-09-14T16:50:01.639+0000] {taskinstance.py:2888} INFO - Executing <Task(PythonOperator): Correction_dag_high_total_amount> on 2024-09-14 10:45:00+00:00
[2024-09-14T16:50:02.299+0000] {standard_task_runner.py:104} INFO - Running: ['airflow', 'tasks', 'run', 'Correction_dag_high_total_amount', 'Correction_dag_high_total_amount', 'scheduled__2024-09-14T10:45:00+00:00', '--job-id', '3989', '--raw', '--subdir', 'DAGS_FOLDER/Correction_dag_high_total_amount.py', '--cfg-path', '/tmp/tmpsvu23z32']
[2024-09-14T16:50:02.516+0000] {standard_task_runner.py:105} INFO - Job 3989: Subtask Correction_dag_high_total_amount
[2024-09-14T16:50:03.888+0000] {logging_mixin.py:190} WARNING - /home/airflow/.local/lib/python3.12/site-packages/airflow/task/task_runner/standard_task_runner.py:70 DeprecationWarning: This process (pid=87297) is multi-threaded, use of fork() may lead to deadlocks in the child.
[2024-09-14T16:50:03.918+0000] {standard_task_runner.py:72} INFO - Started process 87356 to run task
[2024-09-14T16:50:14.182+0000] {job.py:229} INFO - Heartbeat recovered after 25.56 seconds
[2024-09-14T16:50:21.238+0000] {task_command.py:467} INFO - Running <TaskInstance: Correction_dag_high_total_amount.Correction_dag_high_total_amount scheduled__2024-09-14T10:45:00+00:00 [running]> on host 7403e816bcf5
[2024-09-14T16:50:25.538+0000] {job.py:229} INFO - Heartbeat recovered after 11.64 seconds
[2024-09-14T16:50:35.857+0000] {taskinstance.py:3131} INFO - Exporting env vars: AIRFLOW_CTX_DAG_OWNER='airflow' AIRFLOW_CTX_DAG_ID='Correction_dag_high_total_amount' AIRFLOW_CTX_TASK_ID='Correction_dag_high_total_amount' AIRFLOW_CTX_EXECUTION_DATE='2024-09-14T10:45:00+00:00' AIRFLOW_CTX_TRY_NUMBER='1' AIRFLOW_CTX_DAG_RUN_ID='scheduled__2024-09-14T10:45:00+00:00'
[2024-09-14T16:50:36.201+0000] {taskinstance.py:731} INFO - ::endgroup::
[2024-09-14T16:50:39.699+0000] {logging_mixin.py:190} INFO - Les anomalies ont été corrigées dans la base de données.
[2024-09-14T16:50:39.850+0000] {python.py:240} INFO - Done. Returned value was: None
[2024-09-14T16:50:41.362+0000] {taskinstance.py:340} INFO - ::group::Post task execution logs
[2024-09-14T16:50:41.375+0000] {taskinstance.py:352} INFO - Marking task as SUCCESS. dag_id=Correction_dag_high_total_amount, task_id=Correction_dag_high_total_amount, run_id=scheduled__2024-09-14T10:45:00+00:00, execution_date=20240914T104500, start_date=20240914T165000, end_date=20240914T165041
[2024-09-14T16:51:07.826+0000] {job.py:229} INFO - Heartbeat recovered after 33.31 seconds
[2024-09-14T16:51:10.783+0000] {local_task_job_runner.py:266} INFO - Task exited with return code 0
[2024-09-14T16:51:12.209+0000] {standard_task_runner.py:217} INFO - Process not found (most likely exited), stop collecting metrics
[2024-09-14T16:51:14.004+0000] {taskinstance.py:3900} INFO - 0 downstream tasks scheduled from follow-on schedule check
[2024-09-14T16:51:14.012+0000] {local_task_job_runner.py:245} INFO - ::endgroup::
