[2024-10-23T13:01:03.166+0000] {local_task_job_runner.py:123} INFO - ::group::Pre task execution logs
[2024-10-23T13:01:04.506+0000] {taskinstance.py:2612} INFO - Dependencies all met for dep_context=non-requeueable deps ti=<TaskInstance: welcome_dag.print_date scheduled__2024-10-23T13:00:10+00:00 [queued]>
[2024-10-23T13:01:04.551+0000] {taskinstance.py:2612} INFO - Dependencies all met for dep_context=requeueable deps ti=<TaskInstance: welcome_dag.print_date scheduled__2024-10-23T13:00:10+00:00 [queued]>
[2024-10-23T13:01:04.556+0000] {taskinstance.py:2865} INFO - Starting attempt 1 of 1
[2024-10-23T13:01:04.648+0000] {taskinstance.py:2888} INFO - Executing <Task(PythonOperator): print_date> on 2024-10-23 13:00:10+00:00
[2024-10-23T13:01:04.692+0000] {logging_mixin.py:190} WARNING - /home/airflow/.local/lib/python3.12/site-packages/airflow/task/task_runner/standard_task_runner.py:70 DeprecationWarning: This process (pid=9904) is multi-threaded, use of fork() may lead to deadlocks in the child.
[2024-10-23T13:01:04.706+0000] {standard_task_runner.py:72} INFO - Started process 9937 to run task
[2024-10-23T13:01:04.704+0000] {standard_task_runner.py:104} INFO - Running: ['airflow', 'tasks', 'run', 'welcome_dag', 'print_date', 'scheduled__2024-10-23T13:00:10+00:00', '--job-id', '6251', '--raw', '--subdir', 'DAGS_FOLDER/Awelcome_dags.py', '--cfg-path', '/tmp/tmpicw805r1']
[2024-10-23T13:01:04.722+0000] {standard_task_runner.py:105} INFO - Job 6251: Subtask print_date
[2024-10-23T13:01:08.337+0000] {task_command.py:467} INFO - Running <TaskInstance: welcome_dag.print_date scheduled__2024-10-23T13:00:10+00:00 [running]> on host 696ca67245ce
[2024-10-23T13:01:11.778+0000] {job.py:229} INFO - Heartbeat recovered after 11.68 seconds
[2024-10-23T13:01:13.744+0000] {taskinstance.py:3131} INFO - Exporting env vars: AIRFLOW_CTX_DAG_OWNER='airflow' AIRFLOW_CTX_DAG_ID='welcome_dag' AIRFLOW_CTX_TASK_ID='print_date' AIRFLOW_CTX_EXECUTION_DATE='2024-10-23T13:00:10+00:00' AIRFLOW_CTX_TRY_NUMBER='1' AIRFLOW_CTX_DAG_RUN_ID='scheduled__2024-10-23T13:00:10+00:00'
[2024-10-23T13:01:13.746+0000] {taskinstance.py:731} INFO - ::endgroup::
[2024-10-23T13:01:13.791+0000] {logging_mixin.py:190} INFO - Today is 2024-10-23
[2024-10-23T13:01:13.805+0000] {python.py:240} INFO - Done. Returned value was: None
[2024-10-23T13:01:14.541+0000] {taskinstance.py:340} INFO - ::group::Post task execution logs
[2024-10-23T13:01:14.544+0000] {taskinstance.py:352} INFO - Marking task as SUCCESS. dag_id=welcome_dag, task_id=print_date, run_id=scheduled__2024-10-23T13:00:10+00:00, execution_date=20241023T130010, start_date=20241023T130104, end_date=20241023T130114
[2024-10-23T13:01:14.654+0000] {local_task_job_runner.py:266} INFO - Task exited with return code 0
[2024-10-23T13:01:14.729+0000] {standard_task_runner.py:217} INFO - Process not found (most likely exited), stop collecting metrics
[2024-10-23T13:01:15.263+0000] {local_task_job_runner.py:245} INFO - ::endgroup::
