[2024-09-10T20:35:19.696+0000] {local_task_job_runner.py:123} INFO - ::group::Pre task execution logs
[2024-09-10T20:35:21.345+0000] {taskinstance.py:2612} INFO - Dependencies all met for dep_context=non-requeueable deps ti=<TaskInstance: Dag_NegativeQuantity_andTotalAmount.run_anomaly_detection scheduled__2024-09-10T20:30:00+00:00 [queued]>
[2024-09-10T20:35:21.694+0000] {taskinstance.py:2612} INFO - Dependencies all met for dep_context=requeueable deps ti=<TaskInstance: Dag_NegativeQuantity_andTotalAmount.run_anomaly_detection scheduled__2024-09-10T20:30:00+00:00 [queued]>
[2024-09-10T20:35:21.700+0000] {taskinstance.py:2865} INFO - Starting attempt 1 of 2
[2024-09-10T20:35:22.695+0000] {taskinstance.py:2888} INFO - Executing <Task(PythonOperator): run_anomaly_detection> on 2024-09-10 20:30:00+00:00
[2024-09-10T20:35:23.415+0000] {standard_task_runner.py:104} INFO - Running: ['airflow', 'tasks', 'run', 'Dag_NegativeQuantity_andTotalAmount', 'run_anomaly_detection', 'scheduled__2024-09-10T20:30:00+00:00', '--job-id', '3325', '--raw', '--subdir', 'DAGS_FOLDER/Dag_NegativeQuantity_andTotalAmount.py', '--cfg-path', '/tmp/tmput_uw5_q']
[2024-09-10T20:35:23.559+0000] {standard_task_runner.py:105} INFO - Job 3325: Subtask run_anomaly_detection
[2024-09-10T20:35:23.679+0000] {logging_mixin.py:190} WARNING - /home/airflow/.local/lib/python3.12/site-packages/airflow/task/task_runner/standard_task_runner.py:70 DeprecationWarning: This process (pid=350) is multi-threaded, use of fork() may lead to deadlocks in the child.
[2024-09-10T20:35:23.694+0000] {standard_task_runner.py:72} INFO - Started process 416 to run task
[2024-09-10T20:35:28.186+0000] {task_command.py:467} INFO - Running <TaskInstance: Dag_NegativeQuantity_andTotalAmount.run_anomaly_detection scheduled__2024-09-10T20:30:00+00:00 [running]> on host f0946a6cef1f
[2024-09-10T20:35:30.206+0000] {job.py:229} INFO - Heartbeat recovered after 19.31 seconds
[2024-09-10T20:35:31.830+0000] {taskinstance.py:3131} INFO - Exporting env vars: AIRFLOW_CTX_DAG_OWNER='airflow' AIRFLOW_CTX_DAG_ID='Dag_NegativeQuantity_andTotalAmount' AIRFLOW_CTX_TASK_ID='run_anomaly_detection' AIRFLOW_CTX_EXECUTION_DATE='2024-09-10T20:30:00+00:00' AIRFLOW_CTX_TRY_NUMBER='1' AIRFLOW_CTX_DAG_RUN_ID='scheduled__2024-09-10T20:30:00+00:00'
[2024-09-10T20:35:31.841+0000] {taskinstance.py:731} INFO - ::endgroup::
[2024-09-10T20:35:35.474+0000] {python.py:240} INFO - Done. Returned value was: None
[2024-09-10T20:35:35.903+0000] {taskinstance.py:340} INFO - ::group::Post task execution logs
[2024-09-10T20:35:35.905+0000] {taskinstance.py:352} INFO - Marking task as SUCCESS. dag_id=Dag_NegativeQuantity_andTotalAmount, task_id=run_anomaly_detection, run_id=scheduled__2024-09-10T20:30:00+00:00, execution_date=20240910T203000, start_date=20240910T203521, end_date=20240910T203535
[2024-09-10T20:35:38.678+0000] {local_task_job_runner.py:266} INFO - Task exited with return code 0
[2024-09-10T20:35:39.310+0000] {standard_task_runner.py:217} INFO - Process not found (most likely exited), stop collecting metrics
[2024-09-10T20:35:40.214+0000] {taskinstance.py:3900} INFO - 0 downstream tasks scheduled from follow-on schedule check
[2024-09-10T20:35:40.236+0000] {local_task_job_runner.py:245} INFO - ::endgroup::
