[2024-09-14T19:02:32.615+0000] {local_task_job_runner.py:123} INFO - ::group::Pre task execution logs
[2024-09-14T19:02:36.415+0000] {taskinstance.py:2612} INFO - Dependencies all met for dep_context=non-requeueable deps ti=<TaskInstance: welcome_dag.print_date scheduled__2024-09-14T19:00:10+00:00 [queued]>
[2024-09-14T19:02:36.753+0000] {taskinstance.py:2612} INFO - Dependencies all met for dep_context=requeueable deps ti=<TaskInstance: welcome_dag.print_date scheduled__2024-09-14T19:00:10+00:00 [queued]>
[2024-09-14T19:02:36.757+0000] {taskinstance.py:2865} INFO - Starting attempt 1 of 1
[2024-09-14T19:02:37.331+0000] {taskinstance.py:2888} INFO - Executing <Task(PythonOperator): print_date> on 2024-09-14 19:00:10+00:00
[2024-09-14T19:02:37.667+0000] {standard_task_runner.py:104} INFO - Running: ['airflow', 'tasks', 'run', 'welcome_dag', 'print_date', 'scheduled__2024-09-14T19:00:10+00:00', '--job-id', '4340', '--raw', '--subdir', 'DAGS_FOLDER/Awelcome_dags.py', '--cfg-path', '/tmp/tmp8sgq5yax']
[2024-09-14T19:02:37.802+0000] {standard_task_runner.py:105} INFO - Job 4340: Subtask print_date
[2024-09-14T19:02:38.121+0000] {logging_mixin.py:190} WARNING - /home/airflow/.local/lib/python3.12/site-packages/airflow/task/task_runner/standard_task_runner.py:70 DeprecationWarning: This process (pid=4763) is multi-threaded, use of fork() may lead to deadlocks in the child.
[2024-09-14T19:02:38.151+0000] {standard_task_runner.py:72} INFO - Started process 4786 to run task
[2024-09-14T19:02:48.318+0000] {job.py:229} INFO - Heartbeat recovered after 33.50 seconds
[2024-09-14T19:02:52.563+0000] {task_command.py:467} INFO - Running <TaskInstance: welcome_dag.print_date scheduled__2024-09-14T19:00:10+00:00 [running]> on host 7403e816bcf5
[2024-09-14T19:03:02.563+0000] {taskinstance.py:3131} INFO - Exporting env vars: AIRFLOW_CTX_DAG_OWNER='airflow' AIRFLOW_CTX_DAG_ID='welcome_dag' AIRFLOW_CTX_TASK_ID='print_date' AIRFLOW_CTX_EXECUTION_DATE='2024-09-14T19:00:10+00:00' AIRFLOW_CTX_TRY_NUMBER='1' AIRFLOW_CTX_DAG_RUN_ID='scheduled__2024-09-14T19:00:10+00:00'
[2024-09-14T19:03:02.583+0000] {taskinstance.py:731} INFO - ::endgroup::
[2024-09-14T19:03:02.728+0000] {logging_mixin.py:190} INFO - Today is 2024-09-14
[2024-09-14T19:03:02.738+0000] {python.py:240} INFO - Done. Returned value was: None
[2024-09-14T19:03:05.738+0000] {taskinstance.py:340} INFO - ::group::Post task execution logs
[2024-09-14T19:03:05.754+0000] {taskinstance.py:352} INFO - Marking task as SUCCESS. dag_id=welcome_dag, task_id=print_date, run_id=scheduled__2024-09-14T19:00:10+00:00, execution_date=20240914T190010, start_date=20240914T190236, end_date=20240914T190305
[2024-09-14T19:03:08.013+0000] {local_task_job_runner.py:266} INFO - Task exited with return code 0
[2024-09-14T19:03:08.605+0000] {local_task_job_runner.py:245} INFO - ::endgroup::
[2024-09-14T19:03:10.506+0000] {standard_task_runner.py:217} INFO - Process not found (most likely exited), stop collecting metrics
