[2024-09-08T18:10:18.710+0000] {local_task_job_runner.py:123} INFO - ::group::Pre task execution logs
[2024-09-08T18:10:19.293+0000] {taskinstance.py:2612} INFO - Dependencies all met for dep_context=non-requeueable deps ti=<TaskInstance: Dag_detect_invalid_customer_ids.run_anomaly_detection scheduled__2024-09-08T17:55:00+00:00 [queued]>
[2024-09-08T18:10:19.380+0000] {taskinstance.py:2612} INFO - Dependencies all met for dep_context=requeueable deps ti=<TaskInstance: Dag_detect_invalid_customer_ids.run_anomaly_detection scheduled__2024-09-08T17:55:00+00:00 [queued]>
[2024-09-08T18:10:19.412+0000] {taskinstance.py:2865} INFO - Starting attempt 1 of 2
[2024-09-08T18:10:19.554+0000] {taskinstance.py:2888} INFO - Executing <Task(PythonOperator): run_anomaly_detection> on 2024-09-08 17:55:00+00:00
[2024-09-08T18:10:19.594+0000] {logging_mixin.py:190} WARNING - /home/airflow/.local/lib/python3.12/site-packages/airflow/task/task_runner/standard_task_runner.py:70 DeprecationWarning: This process (pid=2269) is multi-threaded, use of fork() may lead to deadlocks in the child.
[2024-09-08T18:10:19.609+0000] {standard_task_runner.py:72} INFO - Started process 2327 to run task
[2024-09-08T18:10:19.614+0000] {standard_task_runner.py:104} INFO - Running: ['airflow', 'tasks', 'run', 'Dag_detect_invalid_customer_ids', 'run_anomaly_detection', 'scheduled__2024-09-08T17:55:00+00:00', '--job-id', '1822', '--raw', '--subdir', 'DAGS_FOLDER/dag_detect_invalid_customer_ids.py', '--cfg-path', '/tmp/tmpm_obn45b']
[2024-09-08T18:10:19.629+0000] {standard_task_runner.py:105} INFO - Job 1822: Subtask run_anomaly_detection
[2024-09-08T18:10:21.044+0000] {task_command.py:467} INFO - Running <TaskInstance: Dag_detect_invalid_customer_ids.run_anomaly_detection scheduled__2024-09-08T17:55:00+00:00 [running]> on host 255f2021b117
[2024-09-08T18:10:22.517+0000] {taskinstance.py:3131} INFO - Exporting env vars: AIRFLOW_CTX_DAG_OWNER='airflow' AIRFLOW_CTX_DAG_ID='Dag_detect_invalid_customer_ids' AIRFLOW_CTX_TASK_ID='run_anomaly_detection' AIRFLOW_CTX_EXECUTION_DATE='2024-09-08T17:55:00+00:00' AIRFLOW_CTX_TRY_NUMBER='1' AIRFLOW_CTX_DAG_RUN_ID='scheduled__2024-09-08T17:55:00+00:00'
[2024-09-08T18:10:22.520+0000] {taskinstance.py:731} INFO - ::endgroup::
[2024-09-08T18:10:22.601+0000] {dag_detect_invalid_customer_ids.py:101} INFO - Starting anomaly detection process
[2024-09-08T18:12:20.659+0000] {dag_detect_invalid_customer_ids.py:105} INFO - Loaded 15 transactions
[2024-09-08T18:12:20.817+0000] {dag_detect_invalid_customer_ids.py:108} INFO - Detected 1 anomalies
[2024-09-08T18:12:21.552+0000] {dag_detect_invalid_customer_ids.py:94} INFO - Inserted 1 new anomalies.
[2024-09-08T18:12:21.554+0000] {dag_detect_invalid_customer_ids.py:111} INFO - Anomaly detection process completed successfully
[2024-09-08T18:12:21.584+0000] {python.py:240} INFO - Done. Returned value was: None
[2024-09-08T18:12:24.765+0000] {taskinstance.py:340} INFO - ::group::Post task execution logs
[2024-09-08T18:12:24.804+0000] {taskinstance.py:352} INFO - Marking task as SUCCESS. dag_id=Dag_detect_invalid_customer_ids, task_id=run_anomaly_detection, run_id=scheduled__2024-09-08T17:55:00+00:00, execution_date=20240908T175500, start_date=20240908T181019, end_date=20240908T181224
[2024-09-08T18:12:25.160+0000] {job.py:229} INFO - Heartbeat recovered after 130.47 seconds
[2024-09-08T18:12:25.801+0000] {local_task_job_runner.py:266} INFO - Task exited with return code 0
[2024-09-08T18:12:26.247+0000] {taskinstance.py:3900} INFO - 0 downstream tasks scheduled from follow-on schedule check
[2024-09-08T18:12:26.253+0000] {local_task_job_runner.py:245} INFO - ::endgroup::
