[2024-09-13T23:01:25.691+0000] {local_task_job_runner.py:123} INFO - ::group::Pre task execution logs
[2024-09-13T23:01:28.531+0000] {taskinstance.py:2612} INFO - Dependencies all met for dep_context=non-requeueable deps ti=<TaskInstance: welcome_dag.print_welcome scheduled__2024-09-13T23:00:41+00:00 [queued]>
[2024-09-13T23:01:28.859+0000] {taskinstance.py:2612} INFO - Dependencies all met for dep_context=requeueable deps ti=<TaskInstance: welcome_dag.print_welcome scheduled__2024-09-13T23:00:41+00:00 [queued]>
[2024-09-13T23:01:28.883+0000] {taskinstance.py:2865} INFO - Starting attempt 1 of 1
[2024-09-13T23:01:29.672+0000] {taskinstance.py:2888} INFO - Executing <Task(PythonOperator): print_welcome> on 2024-09-13 23:00:41+00:00
[2024-09-13T23:01:29.971+0000] {standard_task_runner.py:104} INFO - Running: ['airflow', 'tasks', 'run', 'welcome_dag', 'print_welcome', 'scheduled__2024-09-13T23:00:41+00:00', '--job-id', '3916', '--raw', '--subdir', 'DAGS_FOLDER/Awelcome_dags.py', '--cfg-path', '/tmp/tmpzjen6xk4']
[2024-09-13T23:01:30.007+0000] {standard_task_runner.py:105} INFO - Job 3916: Subtask print_welcome
[2024-09-13T23:01:30.054+0000] {logging_mixin.py:190} WARNING - /home/airflow/.local/lib/python3.12/site-packages/airflow/task/task_runner/standard_task_runner.py:70 DeprecationWarning: This process (pid=85154) is multi-threaded, use of fork() may lead to deadlocks in the child.
[2024-09-13T23:01:30.139+0000] {standard_task_runner.py:72} INFO - Started process 85183 to run task
[2024-09-13T23:01:38.251+0000] {job.py:229} INFO - Heartbeat recovered after 22.03 seconds
[2024-09-13T23:01:39.301+0000] {task_command.py:467} INFO - Running <TaskInstance: welcome_dag.print_welcome scheduled__2024-09-13T23:00:41+00:00 [running]> on host 7403e816bcf5
[2024-09-13T23:01:50.219+0000] {job.py:229} INFO - Heartbeat recovered after 11.94 seconds
[2024-09-13T23:01:53.179+0000] {taskinstance.py:3131} INFO - Exporting env vars: AIRFLOW_CTX_DAG_OWNER='airflow' AIRFLOW_CTX_DAG_ID='welcome_dag' AIRFLOW_CTX_TASK_ID='print_welcome' AIRFLOW_CTX_EXECUTION_DATE='2024-09-13T23:00:41+00:00' AIRFLOW_CTX_TRY_NUMBER='1' AIRFLOW_CTX_DAG_RUN_ID='scheduled__2024-09-13T23:00:41+00:00'
[2024-09-13T23:01:53.494+0000] {taskinstance.py:731} INFO - ::endgroup::
[2024-09-13T23:01:54.630+0000] {logging_mixin.py:190} INFO - Welcome to Airflow!
[2024-09-13T23:01:54.644+0000] {python.py:240} INFO - Done. Returned value was: None
[2024-09-13T23:01:57.319+0000] {taskinstance.py:340} INFO - ::group::Post task execution logs
[2024-09-13T23:01:57.337+0000] {taskinstance.py:352} INFO - Marking task as SUCCESS. dag_id=welcome_dag, task_id=print_welcome, run_id=scheduled__2024-09-13T23:00:41+00:00, execution_date=20240913T230041, start_date=20240913T230128, end_date=20240913T230157
[2024-09-13T23:02:02.754+0000] {local_task_job_runner.py:266} INFO - Task exited with return code 0
[2024-09-13T23:02:05.343+0000] {standard_task_runner.py:217} INFO - Process not found (most likely exited), stop collecting metrics
[2024-09-13T23:02:06.917+0000] {local_task_job_runner.py:245} INFO - ::endgroup::
