[2024-09-10T21:10:13.754+0000] {local_task_job_runner.py:123} INFO - ::group::Pre task execution logs
[2024-09-10T21:10:15.973+0000] {taskinstance.py:2612} INFO - Dependencies all met for dep_context=non-requeueable deps ti=<TaskInstance: correction_Dag_no_NumericValues.Correct_Non_numeric_Quantity scheduled__2024-09-10T21:05:00+00:00 [queued]>
[2024-09-10T21:10:16.082+0000] {taskinstance.py:2612} INFO - Dependencies all met for dep_context=requeueable deps ti=<TaskInstance: correction_Dag_no_NumericValues.Correct_Non_numeric_Quantity scheduled__2024-09-10T21:05:00+00:00 [queued]>
[2024-09-10T21:10:16.086+0000] {taskinstance.py:2865} INFO - Starting attempt 1 of 2
[2024-09-10T21:10:16.351+0000] {taskinstance.py:2888} INFO - Executing <Task(PythonOperator): Correct_Non_numeric_Quantity> on 2024-09-10 21:05:00+00:00
[2024-09-10T21:10:16.417+0000] {logging_mixin.py:190} WARNING - /home/airflow/.local/lib/python3.12/site-packages/airflow/task/task_runner/standard_task_runner.py:70 DeprecationWarning: This process (pid=5946) is multi-threaded, use of fork() may lead to deadlocks in the child.
[2024-09-10T21:10:16.432+0000] {standard_task_runner.py:72} INFO - Started process 5989 to run task
[2024-09-10T21:10:16.420+0000] {standard_task_runner.py:104} INFO - Running: ['airflow', 'tasks', 'run', 'correction_Dag_no_NumericValues', 'Correct_Non_numeric_Quantity', 'scheduled__2024-09-10T21:05:00+00:00', '--job-id', '3459', '--raw', '--subdir', 'DAGS_FOLDER/correction_Dag_no_NumericValues.py', '--cfg-path', '/tmp/tmp4ca673l3']
[2024-09-10T21:10:16.437+0000] {standard_task_runner.py:105} INFO - Job 3459: Subtask Correct_Non_numeric_Quantity
[2024-09-10T21:10:19.143+0000] {task_command.py:467} INFO - Running <TaskInstance: correction_Dag_no_NumericValues.Correct_Non_numeric_Quantity scheduled__2024-09-10T21:05:00+00:00 [running]> on host f0946a6cef1f
[2024-09-10T21:10:23.872+0000] {job.py:229} INFO - Heartbeat recovered after 13.97 seconds
[2024-09-10T21:10:25.873+0000] {taskinstance.py:3131} INFO - Exporting env vars: AIRFLOW_CTX_DAG_OWNER='airflow' AIRFLOW_CTX_DAG_ID='correction_Dag_no_NumericValues' AIRFLOW_CTX_TASK_ID='Correct_Non_numeric_Quantity' AIRFLOW_CTX_EXECUTION_DATE='2024-09-10T21:05:00+00:00' AIRFLOW_CTX_TRY_NUMBER='1' AIRFLOW_CTX_DAG_RUN_ID='scheduled__2024-09-10T21:05:00+00:00'
[2024-09-10T21:10:25.879+0000] {taskinstance.py:731} INFO - ::endgroup::
[2024-09-10T21:10:26.570+0000] {logging_mixin.py:190} INFO - Anomalies textuelles corrigées avec succès dans la table Transactions.
[2024-09-10T21:10:26.575+0000] {python.py:240} INFO - Done. Returned value was: None
[2024-09-10T21:10:27.437+0000] {taskinstance.py:340} INFO - ::group::Post task execution logs
[2024-09-10T21:10:27.439+0000] {taskinstance.py:352} INFO - Marking task as SUCCESS. dag_id=correction_Dag_no_NumericValues, task_id=Correct_Non_numeric_Quantity, run_id=scheduled__2024-09-10T21:05:00+00:00, execution_date=20240910T210500, start_date=20240910T211016, end_date=20240910T211027
[2024-09-10T21:10:27.577+0000] {local_task_job_runner.py:266} INFO - Task exited with return code 0
[2024-09-10T21:10:28.492+0000] {taskinstance.py:3900} INFO - 0 downstream tasks scheduled from follow-on schedule check
[2024-09-10T21:10:28.504+0000] {local_task_job_runner.py:245} INFO - ::endgroup::
