[2024-09-12T21:52:41.496+0000] {local_task_job_runner.py:123} INFO - ::group::Pre task execution logs
[2024-09-12T21:52:42.186+0000] {taskinstance.py:2612} INFO - Dependencies all met for dep_context=non-requeueable deps ti=<TaskInstance: correction_Dag_Valeu_NULL.correct_transactions_anomalies scheduled__2024-09-12T21:45:00+00:00 [queued]>
[2024-09-12T21:52:42.276+0000] {taskinstance.py:2612} INFO - Dependencies all met for dep_context=requeueable deps ti=<TaskInstance: correction_Dag_Valeu_NULL.correct_transactions_anomalies scheduled__2024-09-12T21:45:00+00:00 [queued]>
[2024-09-12T21:52:42.278+0000] {taskinstance.py:2865} INFO - Starting attempt 1 of 2
[2024-09-12T21:52:42.502+0000] {taskinstance.py:2888} INFO - Executing <Task(PythonOperator): correct_transactions_anomalies> on 2024-09-12 21:45:00+00:00
[2024-09-12T21:52:42.719+0000] {logging_mixin.py:190} WARNING - /home/airflow/.local/lib/python3.12/site-packages/airflow/task/task_runner/standard_task_runner.py:70 DeprecationWarning: This process (pid=64479) is multi-threaded, use of fork() may lead to deadlocks in the child.
[2024-09-12T21:52:42.721+0000] {standard_task_runner.py:72} INFO - Started process 64495 to run task
[2024-09-12T21:52:42.707+0000] {standard_task_runner.py:104} INFO - Running: ['airflow', 'tasks', 'run', 'correction_Dag_Valeu_NULL', 'correct_transactions_anomalies', 'scheduled__2024-09-12T21:45:00+00:00', '--job-id', '2146', '--raw', '--subdir', 'DAGS_FOLDER/Correction_dag_Valeur_NULL.py', '--cfg-path', '/tmp/tmplk80p73l']
[2024-09-12T21:52:42.730+0000] {standard_task_runner.py:105} INFO - Job 2146: Subtask correct_transactions_anomalies
[2024-09-12T21:52:46.925+0000] {task_command.py:467} INFO - Running <TaskInstance: correction_Dag_Valeu_NULL.correct_transactions_anomalies scheduled__2024-09-12T21:45:00+00:00 [running]> on host 7403e816bcf5
[2024-09-12T21:52:51.514+0000] {job.py:229} INFO - Heartbeat recovered after 13.34 seconds
[2024-09-12T21:52:54.201+0000] {taskinstance.py:3131} INFO - Exporting env vars: AIRFLOW_CTX_DAG_OWNER='airflow' AIRFLOW_CTX_DAG_ID='correction_Dag_Valeu_NULL' AIRFLOW_CTX_TASK_ID='correct_transactions_anomalies' AIRFLOW_CTX_EXECUTION_DATE='2024-09-12T21:45:00+00:00' AIRFLOW_CTX_TRY_NUMBER='1' AIRFLOW_CTX_DAG_RUN_ID='scheduled__2024-09-12T21:45:00+00:00'
[2024-09-12T21:52:54.262+0000] {taskinstance.py:731} INFO - ::endgroup::
[2024-09-12T21:52:55.145+0000] {logging_mixin.py:190} INFO - Correction des anomalies dans la table Transactions réussie.
[2024-09-12T21:52:55.166+0000] {python.py:240} INFO - Done. Returned value was: None
[2024-09-12T21:52:56.759+0000] {taskinstance.py:340} INFO - ::group::Post task execution logs
[2024-09-12T21:52:56.778+0000] {taskinstance.py:352} INFO - Marking task as SUCCESS. dag_id=correction_Dag_Valeu_NULL, task_id=correct_transactions_anomalies, run_id=scheduled__2024-09-12T21:45:00+00:00, execution_date=20240912T214500, start_date=20240912T215242, end_date=20240912T215256
[2024-09-12T21:52:57.253+0000] {local_task_job_runner.py:266} INFO - Task exited with return code 0
[2024-09-12T21:52:57.972+0000] {standard_task_runner.py:217} INFO - Process not found (most likely exited), stop collecting metrics
[2024-09-12T21:52:58.626+0000] {taskinstance.py:3900} INFO - 0 downstream tasks scheduled from follow-on schedule check
[2024-09-12T21:52:58.660+0000] {local_task_job_runner.py:245} INFO - ::endgroup::
