[2024-09-08T13:52:12.491+0000] {local_task_job_runner.py:123} INFO - ::group::Pre task execution logs
[2024-09-08T13:52:12.809+0000] {taskinstance.py:2612} INFO - Dependencies all met for dep_context=non-requeueable deps ti=<TaskInstance: Correction_dag_high_total_amount.Correction_dag_high_total_amount scheduled__2024-09-08T13:40:00+00:00 [queued]>
[2024-09-08T13:52:13.012+0000] {taskinstance.py:2612} INFO - Dependencies all met for dep_context=requeueable deps ti=<TaskInstance: Correction_dag_high_total_amount.Correction_dag_high_total_amount scheduled__2024-09-08T13:40:00+00:00 [queued]>
[2024-09-08T13:52:13.017+0000] {taskinstance.py:2865} INFO - Starting attempt 2 of 2
[2024-09-08T13:52:13.417+0000] {taskinstance.py:2888} INFO - Executing <Task(PythonOperator): Correction_dag_high_total_amount> on 2024-09-08 13:40:00+00:00
[2024-09-08T13:52:14.326+0000] {logging_mixin.py:190} WARNING - /home/airflow/.local/lib/python3.12/site-packages/airflow/task/task_runner/standard_task_runner.py:70 DeprecationWarning: This process (pid=22060) is multi-threaded, use of fork() may lead to deadlocks in the child.
[2024-09-08T13:52:14.379+0000] {standard_task_runner.py:72} INFO - Started process 22108 to run task
[2024-09-08T13:52:14.205+0000] {standard_task_runner.py:104} INFO - Running: ['airflow', 'tasks', 'run', 'Correction_dag_high_total_amount', 'Correction_dag_high_total_amount', 'scheduled__2024-09-08T13:40:00+00:00', '--job-id', '1006', '--raw', '--subdir', 'DAGS_FOLDER/Correction_dag_high_total_amount.py', '--cfg-path', '/tmp/tmpyji4p5bf']
[2024-09-08T13:52:14.409+0000] {standard_task_runner.py:105} INFO - Job 1006: Subtask Correction_dag_high_total_amount
[2024-09-08T13:52:21.745+0000] {task_command.py:467} INFO - Running <TaskInstance: Correction_dag_high_total_amount.Correction_dag_high_total_amount scheduled__2024-09-08T13:40:00+00:00 [running]> on host 13d1dadf4f15
[2024-09-08T13:52:23.191+0000] {job.py:229} INFO - Heartbeat recovered after 12.05 seconds
[2024-09-08T13:52:29.218+0000] {taskinstance.py:3131} INFO - Exporting env vars: AIRFLOW_CTX_DAG_OWNER='airflow' AIRFLOW_CTX_DAG_ID='Correction_dag_high_total_amount' AIRFLOW_CTX_TASK_ID='Correction_dag_high_total_amount' AIRFLOW_CTX_EXECUTION_DATE='2024-09-08T13:40:00+00:00' AIRFLOW_CTX_TRY_NUMBER='2' AIRFLOW_CTX_DAG_RUN_ID='scheduled__2024-09-08T13:40:00+00:00'
[2024-09-08T13:52:29.431+0000] {taskinstance.py:731} INFO - ::endgroup::
[2024-09-08T13:52:33.604+0000] {logging_mixin.py:190} INFO - Les anomalies ont été corrigées dans la base de données.
[2024-09-08T13:52:33.874+0000] {python.py:240} INFO - Done. Returned value was: None
[2024-09-08T13:52:35.228+0000] {job.py:229} INFO - Heartbeat recovered after 12.37 seconds
[2024-09-08T13:52:37.902+0000] {taskinstance.py:340} INFO - ::group::Post task execution logs
[2024-09-08T13:52:37.932+0000] {taskinstance.py:352} INFO - Marking task as SUCCESS. dag_id=Correction_dag_high_total_amount, task_id=Correction_dag_high_total_amount, run_id=scheduled__2024-09-08T13:40:00+00:00, execution_date=20240908T134000, start_date=20240908T135212, end_date=20240908T135237
[2024-09-08T13:52:40.009+0000] {local_task_job_runner.py:266} INFO - Task exited with return code 0
[2024-09-08T13:52:41.398+0000] {local_task_job_runner.py:245} INFO - ::endgroup::
[2024-09-08T13:52:44.842+0000] {standard_task_runner.py:217} INFO - Process not found (most likely exited), stop collecting metrics
