[2024-09-10T21:30:41.135+0000] {local_task_job_runner.py:123} INFO - ::group::Pre task execution logs
[2024-09-10T21:30:42.827+0000] {taskinstance.py:2612} INFO - Dependencies all met for dep_context=non-requeueable deps ti=<TaskInstance: Dag_Non-numeric-Quantity.run_anomaly_detection scheduled__2024-09-10T21:25:00+00:00 [queued]>
[2024-09-10T21:30:42.873+0000] {taskinstance.py:2612} INFO - Dependencies all met for dep_context=requeueable deps ti=<TaskInstance: Dag_Non-numeric-Quantity.run_anomaly_detection scheduled__2024-09-10T21:25:00+00:00 [queued]>
[2024-09-10T21:30:42.875+0000] {taskinstance.py:2865} INFO - Starting attempt 1 of 2
[2024-09-10T21:30:43.006+0000] {taskinstance.py:2888} INFO - Executing <Task(PythonOperator): run_anomaly_detection> on 2024-09-10 21:25:00+00:00
[2024-09-10T21:30:43.093+0000] {standard_task_runner.py:104} INFO - Running: ['airflow', 'tasks', 'run', 'Dag_Non-numeric-Quantity', 'run_anomaly_detection', 'scheduled__2024-09-10T21:25:00+00:00', '--job-id', '3552', '--raw', '--subdir', 'DAGS_FOLDER/Dag_Non-numeric-Quantity.py', '--cfg-path', '/tmp/tmpatpt5qm2']
[2024-09-10T21:30:43.216+0000] {logging_mixin.py:190} WARNING - /home/airflow/.local/lib/python3.12/site-packages/airflow/task/task_runner/standard_task_runner.py:70 DeprecationWarning: This process (pid=1835) is multi-threaded, use of fork() may lead to deadlocks in the child.
[2024-09-10T21:30:43.244+0000] {standard_task_runner.py:105} INFO - Job 3552: Subtask run_anomaly_detection
[2024-09-10T21:30:43.260+0000] {standard_task_runner.py:72} INFO - Started process 1900 to run task
[2024-09-10T21:30:47.713+0000] {task_command.py:467} INFO - Running <TaskInstance: Dag_Non-numeric-Quantity.run_anomaly_detection scheduled__2024-09-10T21:25:00+00:00 [running]> on host f0946a6cef1f
[2024-09-10T21:30:50.048+0000] {job.py:229} INFO - Heartbeat recovered after 14.77 seconds
[2024-09-10T21:30:51.939+0000] {taskinstance.py:3131} INFO - Exporting env vars: AIRFLOW_CTX_DAG_OWNER='airflow' AIRFLOW_CTX_DAG_ID='Dag_Non-numeric-Quantity' AIRFLOW_CTX_TASK_ID='run_anomaly_detection' AIRFLOW_CTX_EXECUTION_DATE='2024-09-10T21:25:00+00:00' AIRFLOW_CTX_TRY_NUMBER='1' AIRFLOW_CTX_DAG_RUN_ID='scheduled__2024-09-10T21:25:00+00:00'
[2024-09-10T21:30:51.942+0000] {taskinstance.py:731} INFO - ::endgroup::
[2024-09-10T21:30:52.063+0000] {python.py:240} INFO - Done. Returned value was: None
[2024-09-10T21:30:52.683+0000] {taskinstance.py:340} INFO - ::group::Post task execution logs
[2024-09-10T21:30:52.687+0000] {taskinstance.py:352} INFO - Marking task as SUCCESS. dag_id=Dag_Non-numeric-Quantity, task_id=run_anomaly_detection, run_id=scheduled__2024-09-10T21:25:00+00:00, execution_date=20240910T212500, start_date=20240910T213042, end_date=20240910T213052
[2024-09-10T21:30:52.816+0000] {local_task_job_runner.py:266} INFO - Task exited with return code 0
[2024-09-10T21:30:53.289+0000] {standard_task_runner.py:217} INFO - Process not found (most likely exited), stop collecting metrics
[2024-09-10T21:30:53.527+0000] {taskinstance.py:3900} INFO - 0 downstream tasks scheduled from follow-on schedule check
[2024-09-10T21:30:53.541+0000] {local_task_job_runner.py:245} INFO - ::endgroup::
