[2024-09-14T22:05:13.495+0000] {local_task_job_runner.py:123} INFO - ::group::Pre task execution logs
[2024-09-14T22:05:15.188+0000] {taskinstance.py:2612} INFO - Dependencies all met for dep_context=non-requeueable deps ti=<TaskInstance: Correction_dag_high_total_amount.Correction_dag_high_total_amount scheduled__2024-09-14T22:00:00+00:00 [queued]>
[2024-09-14T22:05:15.294+0000] {taskinstance.py:2612} INFO - Dependencies all met for dep_context=requeueable deps ti=<TaskInstance: Correction_dag_high_total_amount.Correction_dag_high_total_amount scheduled__2024-09-14T22:00:00+00:00 [queued]>
[2024-09-14T22:05:15.302+0000] {taskinstance.py:2865} INFO - Starting attempt 1 of 2
[2024-09-14T22:05:15.814+0000] {taskinstance.py:2888} INFO - Executing <Task(PythonOperator): Correction_dag_high_total_amount> on 2024-09-14 22:00:00+00:00
[2024-09-14T22:05:16.232+0000] {standard_task_runner.py:104} INFO - Running: ['airflow', 'tasks', 'run', 'Correction_dag_high_total_amount', 'Correction_dag_high_total_amount', 'scheduled__2024-09-14T22:00:00+00:00', '--job-id', '4802', '--raw', '--subdir', 'DAGS_FOLDER/Correction_dag_high_total_amount.py', '--cfg-path', '/tmp/tmp0p21e68d']
[2024-09-14T22:05:16.303+0000] {standard_task_runner.py:105} INFO - Job 4802: Subtask Correction_dag_high_total_amount
[2024-09-14T22:05:16.499+0000] {logging_mixin.py:190} WARNING - /home/airflow/.local/lib/python3.12/site-packages/airflow/task/task_runner/standard_task_runner.py:70 DeprecationWarning: This process (pid=11238) is multi-threaded, use of fork() may lead to deadlocks in the child.
[2024-09-14T22:05:16.508+0000] {standard_task_runner.py:72} INFO - Started process 11263 to run task
[2024-09-14T22:05:21.622+0000] {task_command.py:467} INFO - Running <TaskInstance: Correction_dag_high_total_amount.Correction_dag_high_total_amount scheduled__2024-09-14T22:00:00+00:00 [running]> on host 7403e816bcf5
[2024-09-14T22:05:23.936+0000] {job.py:229} INFO - Heartbeat recovered after 14.66 seconds
[2024-09-14T22:05:28.777+0000] {taskinstance.py:3131} INFO - Exporting env vars: AIRFLOW_CTX_DAG_OWNER='airflow' AIRFLOW_CTX_DAG_ID='Correction_dag_high_total_amount' AIRFLOW_CTX_TASK_ID='Correction_dag_high_total_amount' AIRFLOW_CTX_EXECUTION_DATE='2024-09-14T22:00:00+00:00' AIRFLOW_CTX_TRY_NUMBER='1' AIRFLOW_CTX_DAG_RUN_ID='scheduled__2024-09-14T22:00:00+00:00'
[2024-09-14T22:05:28.802+0000] {taskinstance.py:731} INFO - ::endgroup::
[2024-09-14T22:05:29.216+0000] {logging_mixin.py:190} INFO - Les anomalies ont été corrigées dans la base de données.
[2024-09-14T22:05:29.223+0000] {python.py:240} INFO - Done. Returned value was: None
[2024-09-14T22:05:30.259+0000] {taskinstance.py:340} INFO - ::group::Post task execution logs
[2024-09-14T22:05:30.261+0000] {taskinstance.py:352} INFO - Marking task as SUCCESS. dag_id=Correction_dag_high_total_amount, task_id=Correction_dag_high_total_amount, run_id=scheduled__2024-09-14T22:00:00+00:00, execution_date=20240914T220000, start_date=20240914T220515, end_date=20240914T220530
[2024-09-14T22:05:30.399+0000] {local_task_job_runner.py:266} INFO - Task exited with return code 0
[2024-09-14T22:05:30.950+0000] {taskinstance.py:3900} INFO - 0 downstream tasks scheduled from follow-on schedule check
[2024-09-14T22:05:30.963+0000] {local_task_job_runner.py:245} INFO - ::endgroup::
[2024-09-14T22:05:31.628+0000] {standard_task_runner.py:217} INFO - Process not found (most likely exited), stop collecting metrics
