[2024-10-12T20:50:59.000+0000] {local_task_job_runner.py:123} INFO - ::group::Pre task execution logs
[2024-10-12T20:50:59.463+0000] {taskinstance.py:2612} INFO - Dependencies all met for dep_context=non-requeueable deps ti=<TaskInstance: Dag_Non-numeric-Quantity.run_anomaly_detection scheduled__2024-10-12T20:40:00+00:00 [queued]>
[2024-10-12T20:50:59.503+0000] {taskinstance.py:2612} INFO - Dependencies all met for dep_context=requeueable deps ti=<TaskInstance: Dag_Non-numeric-Quantity.run_anomaly_detection scheduled__2024-10-12T20:40:00+00:00 [queued]>
[2024-10-12T20:50:59.504+0000] {taskinstance.py:2865} INFO - Starting attempt 2 of 2
[2024-10-12T20:50:59.693+0000] {taskinstance.py:2888} INFO - Executing <Task(PythonOperator): run_anomaly_detection> on 2024-10-12 20:40:00+00:00
[2024-10-12T20:50:59.827+0000] {standard_task_runner.py:104} INFO - Running: ['airflow', 'tasks', 'run', 'Dag_Non-numeric-Quantity', 'run_anomaly_detection', 'scheduled__2024-10-12T20:40:00+00:00', '--job-id', '5923', '--raw', '--subdir', 'DAGS_FOLDER/Dag_Non-numeric-Quantity.py', '--cfg-path', '/tmp/tmpct0_cpcc']
[2024-10-12T20:50:59.840+0000] {standard_task_runner.py:105} INFO - Job 5923: Subtask run_anomaly_detection
[2024-10-12T20:50:59.862+0000] {logging_mixin.py:190} WARNING - /home/airflow/.local/lib/python3.12/site-packages/airflow/task/task_runner/standard_task_runner.py:70 DeprecationWarning: This process (pid=1689) is multi-threaded, use of fork() may lead to deadlocks in the child.
[2024-10-12T20:50:59.864+0000] {standard_task_runner.py:72} INFO - Started process 1745 to run task
[2024-10-12T20:51:01.659+0000] {task_command.py:467} INFO - Running <TaskInstance: Dag_Non-numeric-Quantity.run_anomaly_detection scheduled__2024-10-12T20:40:00+00:00 [running]> on host 20dad67a3f18
[2024-10-12T20:52:00.168+0000] {job.py:229} INFO - Heartbeat recovered after 62.40 seconds
[2024-10-12T20:52:00.307+0000] {taskinstance.py:3131} INFO - Exporting env vars: AIRFLOW_CTX_DAG_OWNER='airflow' AIRFLOW_CTX_DAG_ID='Dag_Non-numeric-Quantity' AIRFLOW_CTX_TASK_ID='run_anomaly_detection' AIRFLOW_CTX_EXECUTION_DATE='2024-10-12T20:40:00+00:00' AIRFLOW_CTX_TRY_NUMBER='2' AIRFLOW_CTX_DAG_RUN_ID='scheduled__2024-10-12T20:40:00+00:00'
[2024-10-12T20:52:00.320+0000] {taskinstance.py:731} INFO - ::endgroup::
[2024-10-12T20:52:00.482+0000] {python.py:240} INFO - Done. Returned value was: None
[2024-10-12T20:52:01.284+0000] {taskinstance.py:340} INFO - ::group::Post task execution logs
[2024-10-12T20:52:01.287+0000] {taskinstance.py:352} INFO - Marking task as SUCCESS. dag_id=Dag_Non-numeric-Quantity, task_id=run_anomaly_detection, run_id=scheduled__2024-10-12T20:40:00+00:00, execution_date=20241012T204000, start_date=20241012T205059, end_date=20241012T205201
[2024-10-12T20:52:01.397+0000] {local_task_job_runner.py:266} INFO - Task exited with return code 0
[2024-10-12T20:52:01.739+0000] {standard_task_runner.py:217} INFO - Process not found (most likely exited), stop collecting metrics
[2024-10-12T20:52:01.975+0000] {taskinstance.py:3900} INFO - 0 downstream tasks scheduled from follow-on schedule check
[2024-10-12T20:52:01.991+0000] {local_task_job_runner.py:245} INFO - ::endgroup::
