[2024-09-10T22:01:30.909+0000] {local_task_job_runner.py:123} INFO - ::group::Pre task execution logs
[2024-09-10T22:01:32.145+0000] {taskinstance.py:2612} INFO - Dependencies all met for dep_context=non-requeueable deps ti=<TaskInstance: welcome_dag.print_date scheduled__2024-09-10T22:00:03+00:00 [queued]>
[2024-09-10T22:01:32.208+0000] {taskinstance.py:2612} INFO - Dependencies all met for dep_context=requeueable deps ti=<TaskInstance: welcome_dag.print_date scheduled__2024-09-10T22:00:03+00:00 [queued]>
[2024-09-10T22:01:32.217+0000] {taskinstance.py:2865} INFO - Starting attempt 1 of 1
[2024-09-10T22:01:32.655+0000] {taskinstance.py:2888} INFO - Executing <Task(PythonOperator): print_date> on 2024-09-10 22:00:03+00:00
[2024-09-10T22:01:32.679+0000] {logging_mixin.py:190} WARNING - /home/airflow/.local/lib/python3.12/site-packages/airflow/task/task_runner/standard_task_runner.py:70 DeprecationWarning: This process (pid=2566) is multi-threaded, use of fork() may lead to deadlocks in the child.
[2024-09-10T22:01:32.676+0000] {standard_task_runner.py:104} INFO - Running: ['airflow', 'tasks', 'run', 'welcome_dag', 'print_date', 'scheduled__2024-09-10T22:00:03+00:00', '--job-id', '3664', '--raw', '--subdir', 'DAGS_FOLDER/Awelcome_dags.py', '--cfg-path', '/tmp/tmpel7z1u2s']
[2024-09-10T22:01:32.684+0000] {standard_task_runner.py:105} INFO - Job 3664: Subtask print_date
[2024-09-10T22:01:32.683+0000] {standard_task_runner.py:72} INFO - Started process 2611 to run task
[2024-09-10T22:01:35.738+0000] {task_command.py:467} INFO - Running <TaskInstance: welcome_dag.print_date scheduled__2024-09-10T22:00:03+00:00 [running]> on host f0946a6cef1f
[2024-09-10T22:01:38.319+0000] {taskinstance.py:3131} INFO - Exporting env vars: AIRFLOW_CTX_DAG_OWNER='airflow' AIRFLOW_CTX_DAG_ID='welcome_dag' AIRFLOW_CTX_TASK_ID='print_date' AIRFLOW_CTX_EXECUTION_DATE='2024-09-10T22:00:03+00:00' AIRFLOW_CTX_TRY_NUMBER='1' AIRFLOW_CTX_DAG_RUN_ID='scheduled__2024-09-10T22:00:03+00:00'
[2024-09-10T22:01:38.323+0000] {taskinstance.py:731} INFO - ::endgroup::
[2024-09-10T22:01:38.436+0000] {job.py:229} INFO - Heartbeat recovered after 10.94 seconds
[2024-09-10T22:01:38.446+0000] {logging_mixin.py:190} INFO - Today is 2024-09-10
[2024-09-10T22:01:38.458+0000] {python.py:240} INFO - Done. Returned value was: None
[2024-09-10T22:01:39.100+0000] {taskinstance.py:340} INFO - ::group::Post task execution logs
[2024-09-10T22:01:39.104+0000] {taskinstance.py:352} INFO - Marking task as SUCCESS. dag_id=welcome_dag, task_id=print_date, run_id=scheduled__2024-09-10T22:00:03+00:00, execution_date=20240910T220003, start_date=20240910T220132, end_date=20240910T220139
[2024-09-10T22:01:39.204+0000] {local_task_job_runner.py:266} INFO - Task exited with return code 0
[2024-09-10T22:01:39.944+0000] {taskinstance.py:3900} INFO - 0 downstream tasks scheduled from follow-on schedule check
[2024-09-10T22:01:39.960+0000] {local_task_job_runner.py:245} INFO - ::endgroup::
