[2024-09-10T23:30:38.823+0000] {local_task_job_runner.py:123} INFO - ::group::Pre task execution logs
[2024-09-10T23:30:41.461+0000] {taskinstance.py:2612} INFO - Dependencies all met for dep_context=non-requeueable deps ti=<TaskInstance: detect_1fn_anomalies_dag.detect_1nf_and_insert_anomalies scheduled__2024-09-10T23:25:00+00:00 [queued]>
[2024-09-10T23:30:41.624+0000] {taskinstance.py:2612} INFO - Dependencies all met for dep_context=requeueable deps ti=<TaskInstance: detect_1fn_anomalies_dag.detect_1nf_and_insert_anomalies scheduled__2024-09-10T23:25:00+00:00 [queued]>
[2024-09-10T23:30:41.638+0000] {taskinstance.py:2865} INFO - Starting attempt 1 of 2
[2024-09-10T23:30:41.932+0000] {taskinstance.py:2888} INFO - Executing <Task(PythonOperator): detect_1nf_and_insert_anomalies> on 2024-09-10 23:25:00+00:00
[2024-09-10T23:30:42.686+0000] {logging_mixin.py:190} WARNING - /home/airflow/.local/lib/python3.12/site-packages/airflow/task/task_runner/standard_task_runner.py:70 DeprecationWarning: This process (pid=2362) is multi-threaded, use of fork() may lead to deadlocks in the child.
[2024-09-10T23:30:43.082+0000] {standard_task_runner.py:72} INFO - Started process 2439 to run task
[2024-09-10T23:30:42.707+0000] {standard_task_runner.py:104} INFO - Running: ['airflow', 'tasks', 'run', 'detect_1fn_anomalies_dag', 'detect_1nf_and_insert_anomalies', 'scheduled__2024-09-10T23:25:00+00:00', '--job-id', '154', '--raw', '--subdir', 'DAGS_FOLDER/Dag_detect_1FN_anomaly.py', '--cfg-path', '/tmp/tmpr0tyqzr2']
[2024-09-10T23:30:43.204+0000] {standard_task_runner.py:105} INFO - Job 154: Subtask detect_1nf_and_insert_anomalies
[2024-09-10T23:30:50.395+0000] {job.py:229} INFO - Heartbeat recovered after 18.04 seconds
[2024-09-10T23:30:51.161+0000] {task_command.py:467} INFO - Running <TaskInstance: detect_1fn_anomalies_dag.detect_1nf_and_insert_anomalies scheduled__2024-09-10T23:25:00+00:00 [running]> on host 5cd9362923f6
[2024-09-10T23:31:01.352+0000] {taskinstance.py:3131} INFO - Exporting env vars: AIRFLOW_CTX_DAG_OWNER='airflow' AIRFLOW_CTX_DAG_ID='detect_1fn_anomalies_dag' AIRFLOW_CTX_TASK_ID='detect_1nf_and_insert_anomalies' AIRFLOW_CTX_EXECUTION_DATE='2024-09-10T23:25:00+00:00' AIRFLOW_CTX_TRY_NUMBER='1' AIRFLOW_CTX_DAG_RUN_ID='scheduled__2024-09-10T23:25:00+00:00'
[2024-09-10T23:31:01.383+0000] {taskinstance.py:731} INFO - ::endgroup::
[2024-09-10T23:31:01.759+0000] {python.py:240} INFO - Done. Returned value was: None
[2024-09-10T23:31:02.806+0000] {taskinstance.py:340} INFO - ::group::Post task execution logs
[2024-09-10T23:31:02.809+0000] {taskinstance.py:352} INFO - Marking task as SUCCESS. dag_id=detect_1fn_anomalies_dag, task_id=detect_1nf_and_insert_anomalies, run_id=scheduled__2024-09-10T23:25:00+00:00, execution_date=20240910T232500, start_date=20240910T233041, end_date=20240910T233102
[2024-09-10T23:31:02.956+0000] {local_task_job_runner.py:266} INFO - Task exited with return code 0
[2024-09-10T23:31:03.479+0000] {standard_task_runner.py:217} INFO - Process not found (most likely exited), stop collecting metrics
[2024-09-10T23:31:03.729+0000] {taskinstance.py:3900} INFO - 0 downstream tasks scheduled from follow-on schedule check
[2024-09-10T23:31:03.740+0000] {local_task_job_runner.py:245} INFO - ::endgroup::
