[2024-09-08T15:00:23.145+0000] {local_task_job_runner.py:123} INFO - ::group::Pre task execution logs
[2024-09-08T15:00:26.147+0000] {taskinstance.py:2612} INFO - Dependencies all met for dep_context=non-requeueable deps ti=<TaskInstance: welcome_dag.print_welcome scheduled__2024-09-08T15:00:00+00:00 [queued]>
[2024-09-08T15:00:26.530+0000] {taskinstance.py:2612} INFO - Dependencies all met for dep_context=requeueable deps ti=<TaskInstance: welcome_dag.print_welcome scheduled__2024-09-08T15:00:00+00:00 [queued]>
[2024-09-08T15:00:26.534+0000] {taskinstance.py:2865} INFO - Starting attempt 1 of 1
[2024-09-08T15:00:28.224+0000] {taskinstance.py:2888} INFO - Executing <Task(PythonOperator): print_welcome> on 2024-09-08 15:00:00+00:00
[2024-09-08T15:00:29.211+0000] {logging_mixin.py:190} WARNING - /home/airflow/.local/lib/python3.12/site-packages/airflow/task/task_runner/standard_task_runner.py:70 DeprecationWarning: This process (pid=32271) is multi-threaded, use of fork() may lead to deadlocks in the child.
[2024-09-08T15:00:29.267+0000] {standard_task_runner.py:72} INFO - Started process 32299 to run task
[2024-09-08T15:00:29.217+0000] {standard_task_runner.py:104} INFO - Running: ['airflow', 'tasks', 'run', 'welcome_dag', 'print_welcome', 'scheduled__2024-09-08T15:00:00+00:00', '--job-id', '1252', '--raw', '--subdir', 'DAGS_FOLDER/Awelcome_dags.py', '--cfg-path', '/tmp/tmpcw46m2rk']
[2024-09-08T15:00:29.366+0000] {standard_task_runner.py:105} INFO - Job 1252: Subtask print_welcome
[2024-09-08T15:00:41.095+0000] {job.py:229} INFO - Heartbeat recovered after 23.84 seconds
[2024-09-08T15:00:43.487+0000] {task_command.py:467} INFO - Running <TaskInstance: welcome_dag.print_welcome scheduled__2024-09-08T15:00:00+00:00 [running]> on host 13d1dadf4f15
[2024-09-08T15:00:52.042+0000] {job.py:229} INFO - Heartbeat recovered after 11.40 seconds
[2024-09-08T15:00:59.010+0000] {taskinstance.py:3131} INFO - Exporting env vars: AIRFLOW_CTX_DAG_OWNER='airflow' AIRFLOW_CTX_DAG_ID='welcome_dag' AIRFLOW_CTX_TASK_ID='print_welcome' AIRFLOW_CTX_EXECUTION_DATE='2024-09-08T15:00:00+00:00' AIRFLOW_CTX_TRY_NUMBER='1' AIRFLOW_CTX_DAG_RUN_ID='scheduled__2024-09-08T15:00:00+00:00'
[2024-09-08T15:00:59.174+0000] {taskinstance.py:731} INFO - ::endgroup::
[2024-09-08T15:01:01.161+0000] {logging_mixin.py:190} INFO - Welcome to Airflow!
[2024-09-08T15:01:01.170+0000] {python.py:240} INFO - Done. Returned value was: None
[2024-09-08T15:01:03.493+0000] {taskinstance.py:340} INFO - ::group::Post task execution logs
[2024-09-08T15:01:03.501+0000] {taskinstance.py:352} INFO - Marking task as SUCCESS. dag_id=welcome_dag, task_id=print_welcome, run_id=scheduled__2024-09-08T15:00:00+00:00, execution_date=20240908T150000, start_date=20240908T150026, end_date=20240908T150103
[2024-09-08T15:01:03.621+0000] {job.py:229} INFO - Heartbeat recovered after 11.66 seconds
[2024-09-08T15:01:05.412+0000] {local_task_job_runner.py:266} INFO - Task exited with return code 0
[2024-09-08T15:01:08.891+0000] {local_task_job_runner.py:245} INFO - ::endgroup::
[2024-09-08T15:01:09.722+0000] {standard_task_runner.py:217} INFO - Process not found (most likely exited), stop collecting metrics
