[2024-09-10T12:10:19.869+0000] {local_task_job_runner.py:123} INFO - ::group::Pre task execution logs
[2024-09-10T12:10:22.961+0000] {taskinstance.py:2612} INFO - Dependencies all met for dep_context=non-requeueable deps ti=<TaskInstance: Correction_dag_high_total_amount.Correction_dag_high_total_amount scheduled__2024-09-10T12:05:00+00:00 [queued]>
[2024-09-10T12:10:23.214+0000] {taskinstance.py:2612} INFO - Dependencies all met for dep_context=requeueable deps ti=<TaskInstance: Correction_dag_high_total_amount.Correction_dag_high_total_amount scheduled__2024-09-10T12:05:00+00:00 [queued]>
[2024-09-10T12:10:23.232+0000] {taskinstance.py:2865} INFO - Starting attempt 1 of 2
[2024-09-10T12:10:23.722+0000] {taskinstance.py:2888} INFO - Executing <Task(PythonOperator): Correction_dag_high_total_amount> on 2024-09-10 12:05:00+00:00
[2024-09-10T12:10:23.843+0000] {logging_mixin.py:190} WARNING - /home/airflow/.local/lib/python3.12/site-packages/airflow/task/task_runner/standard_task_runner.py:70 DeprecationWarning: This process (pid=3358) is multi-threaded, use of fork() may lead to deadlocks in the child.
[2024-09-10T12:10:23.847+0000] {standard_task_runner.py:72} INFO - Started process 3385 to run task
[2024-09-10T12:10:23.846+0000] {standard_task_runner.py:104} INFO - Running: ['airflow', 'tasks', 'run', 'Correction_dag_high_total_amount', 'Correction_dag_high_total_amount', 'scheduled__2024-09-10T12:05:00+00:00', '--job-id', '2140', '--raw', '--subdir', 'DAGS_FOLDER/Correction_dag_high_total_amount.py', '--cfg-path', '/tmp/tmpmul4ct7o']
[2024-09-10T12:10:23.881+0000] {standard_task_runner.py:105} INFO - Job 2140: Subtask Correction_dag_high_total_amount
[2024-09-10T12:10:31.747+0000] {job.py:229} INFO - Heartbeat recovered after 22.09 seconds
[2024-09-10T12:10:33.374+0000] {task_command.py:467} INFO - Running <TaskInstance: Correction_dag_high_total_amount.Correction_dag_high_total_amount scheduled__2024-09-10T12:05:00+00:00 [running]> on host 6d70a6e2c42a
[2024-09-10T12:10:40.262+0000] {taskinstance.py:3131} INFO - Exporting env vars: AIRFLOW_CTX_DAG_OWNER='airflow' AIRFLOW_CTX_DAG_ID='Correction_dag_high_total_amount' AIRFLOW_CTX_TASK_ID='Correction_dag_high_total_amount' AIRFLOW_CTX_EXECUTION_DATE='2024-09-10T12:05:00+00:00' AIRFLOW_CTX_TRY_NUMBER='1' AIRFLOW_CTX_DAG_RUN_ID='scheduled__2024-09-10T12:05:00+00:00'
[2024-09-10T12:10:40.273+0000] {taskinstance.py:731} INFO - ::endgroup::
[2024-09-10T12:10:40.424+0000] {logging_mixin.py:190} INFO - Les anomalies ont été corrigées dans la base de données.
[2024-09-10T12:10:40.437+0000] {python.py:240} INFO - Done. Returned value was: None
[2024-09-10T12:10:40.865+0000] {taskinstance.py:340} INFO - ::group::Post task execution logs
[2024-09-10T12:10:40.867+0000] {taskinstance.py:352} INFO - Marking task as SUCCESS. dag_id=Correction_dag_high_total_amount, task_id=Correction_dag_high_total_amount, run_id=scheduled__2024-09-10T12:05:00+00:00, execution_date=20240910T120500, start_date=20240910T121022, end_date=20240910T121040
[2024-09-10T12:10:41.049+0000] {local_task_job_runner.py:266} INFO - Task exited with return code 0
[2024-09-10T12:10:41.813+0000] {taskinstance.py:3900} INFO - 0 downstream tasks scheduled from follow-on schedule check
[2024-09-10T12:10:41.829+0000] {local_task_job_runner.py:245} INFO - ::endgroup::
