[2024-09-13T18:02:26.462+0000] {local_task_job_runner.py:123} INFO - ::group::Pre task execution logs
[2024-09-13T18:02:28.028+0000] {taskinstance.py:2612} INFO - Dependencies all met for dep_context=non-requeueable deps ti=<TaskInstance: welcome_dag.print_date scheduled__2024-09-13T17:00:59+00:00 [queued]>
[2024-09-13T18:02:28.266+0000] {taskinstance.py:2612} INFO - Dependencies all met for dep_context=requeueable deps ti=<TaskInstance: welcome_dag.print_date scheduled__2024-09-13T17:00:59+00:00 [queued]>
[2024-09-13T18:02:28.277+0000] {taskinstance.py:2865} INFO - Starting attempt 1 of 1
[2024-09-13T18:02:29.025+0000] {taskinstance.py:2888} INFO - Executing <Task(PythonOperator): print_date> on 2024-09-13 17:00:59+00:00
[2024-09-13T18:02:29.644+0000] {standard_task_runner.py:104} INFO - Running: ['airflow', 'tasks', 'run', 'welcome_dag', 'print_date', 'scheduled__2024-09-13T17:00:59+00:00', '--job-id', '3060', '--raw', '--subdir', 'DAGS_FOLDER/Awelcome_dags.py', '--cfg-path', '/tmp/tmpguvur4wt']
[2024-09-13T18:02:29.814+0000] {standard_task_runner.py:105} INFO - Job 3060: Subtask print_date
[2024-09-13T18:02:30.553+0000] {logging_mixin.py:190} WARNING - /home/airflow/.local/lib/python3.12/site-packages/airflow/task/task_runner/standard_task_runner.py:70 DeprecationWarning: This process (pid=36923) is multi-threaded, use of fork() may lead to deadlocks in the child.
[2024-09-13T18:02:30.560+0000] {standard_task_runner.py:72} INFO - Started process 36965 to run task
[2024-09-13T18:02:36.438+0000] {task_command.py:467} INFO - Running <TaskInstance: welcome_dag.print_date scheduled__2024-09-13T17:00:59+00:00 [running]> on host 7403e816bcf5
[2024-09-13T18:02:38.626+0000] {job.py:229} INFO - Heartbeat recovered after 21.40 seconds
[2024-09-13T18:02:48.597+0000] {taskinstance.py:3131} INFO - Exporting env vars: AIRFLOW_CTX_DAG_OWNER='airflow' AIRFLOW_CTX_DAG_ID='welcome_dag' AIRFLOW_CTX_TASK_ID='print_date' AIRFLOW_CTX_EXECUTION_DATE='2024-09-13T17:00:59+00:00' AIRFLOW_CTX_TRY_NUMBER='1' AIRFLOW_CTX_DAG_RUN_ID='scheduled__2024-09-13T17:00:59+00:00'
[2024-09-13T18:02:48.887+0000] {taskinstance.py:731} INFO - ::endgroup::
[2024-09-13T18:02:49.741+0000] {logging_mixin.py:190} INFO - Today is 2024-09-13
[2024-09-13T18:02:49.744+0000] {python.py:240} INFO - Done. Returned value was: None
[2024-09-13T18:02:51.856+0000] {job.py:229} INFO - Heartbeat recovered after 13.51 seconds
[2024-09-13T18:02:53.867+0000] {taskinstance.py:340} INFO - ::group::Post task execution logs
[2024-09-13T18:02:53.893+0000] {taskinstance.py:352} INFO - Marking task as SUCCESS. dag_id=welcome_dag, task_id=print_date, run_id=scheduled__2024-09-13T17:00:59+00:00, execution_date=20240913T170059, start_date=20240913T180228, end_date=20240913T180253
[2024-09-13T18:02:54.932+0000] {local_task_job_runner.py:266} INFO - Task exited with return code 0
[2024-09-13T18:02:55.679+0000] {standard_task_runner.py:217} INFO - Process not found (most likely exited), stop collecting metrics
[2024-09-13T18:02:57.511+0000] {local_task_job_runner.py:245} INFO - ::endgroup::
