[2024-09-08T16:26:02.491+0000] {local_task_job_runner.py:123} INFO - ::group::Pre task execution logs
[2024-09-08T16:26:03.412+0000] {taskinstance.py:2612} INFO - Dependencies all met for dep_context=non-requeueable deps ti=<TaskInstance: Dag_detect_invalid_customer_ids.run_anomaly_detection scheduled__2024-09-08T16:10:00+00:00 [queued]>
[2024-09-08T16:26:03.475+0000] {taskinstance.py:2612} INFO - Dependencies all met for dep_context=requeueable deps ti=<TaskInstance: Dag_detect_invalid_customer_ids.run_anomaly_detection scheduled__2024-09-08T16:10:00+00:00 [queued]>
[2024-09-08T16:26:03.476+0000] {taskinstance.py:2865} INFO - Starting attempt 1 of 2
[2024-09-08T16:26:03.615+0000] {taskinstance.py:2888} INFO - Executing <Task(PythonOperator): run_anomaly_detection> on 2024-09-08 16:10:00+00:00
[2024-09-08T16:26:03.702+0000] {standard_task_runner.py:104} INFO - Running: ['airflow', 'tasks', 'run', 'Dag_detect_invalid_customer_ids', 'run_anomaly_detection', 'scheduled__2024-09-08T16:10:00+00:00', '--job-id', '1513', '--raw', '--subdir', 'DAGS_FOLDER/dag_detect_invalid_customer_ids.py', '--cfg-path', '/tmp/tmp38t30t6b']
[2024-09-08T16:26:03.746+0000] {logging_mixin.py:190} WARNING - /home/airflow/.local/lib/python3.12/site-packages/airflow/task/task_runner/standard_task_runner.py:70 DeprecationWarning: This process (pid=45437) is multi-threaded, use of fork() may lead to deadlocks in the child.
[2024-09-08T16:26:03.758+0000] {standard_task_runner.py:105} INFO - Job 1513: Subtask run_anomaly_detection
[2024-09-08T16:26:03.762+0000] {standard_task_runner.py:72} INFO - Started process 45507 to run task
[2024-09-08T16:26:05.195+0000] {task_command.py:467} INFO - Running <TaskInstance: Dag_detect_invalid_customer_ids.run_anomaly_detection scheduled__2024-09-08T16:10:00+00:00 [running]> on host 13d1dadf4f15
[2024-09-08T16:26:06.370+0000] {taskinstance.py:3131} INFO - Exporting env vars: AIRFLOW_CTX_DAG_OWNER='airflow' AIRFLOW_CTX_DAG_ID='Dag_detect_invalid_customer_ids' AIRFLOW_CTX_TASK_ID='run_anomaly_detection' AIRFLOW_CTX_EXECUTION_DATE='2024-09-08T16:10:00+00:00' AIRFLOW_CTX_TRY_NUMBER='1' AIRFLOW_CTX_DAG_RUN_ID='scheduled__2024-09-08T16:10:00+00:00'
[2024-09-08T16:26:06.377+0000] {taskinstance.py:731} INFO - ::endgroup::
[2024-09-08T16:26:06.471+0000] {dag_detect_invalid_customer_ids.py:101} INFO - Starting anomaly detection process
[2024-09-08T16:26:07.179+0000] {dag_detect_invalid_customer_ids.py:105} INFO - Loaded 15 transactions
[2024-09-08T16:26:07.281+0000] {dag_detect_invalid_customer_ids.py:108} INFO - Detected 1 anomalies
[2024-09-08T16:26:09.194+0000] {job.py:229} INFO - Heartbeat recovered after 14.18 seconds
[2024-09-08T16:26:09.788+0000] {dag_detect_invalid_customer_ids.py:94} INFO - Inserted 1 new anomalies.
[2024-09-08T16:26:09.789+0000] {dag_detect_invalid_customer_ids.py:111} INFO - Anomaly detection process completed successfully
[2024-09-08T16:26:09.791+0000] {python.py:240} INFO - Done. Returned value was: None
[2024-09-08T16:26:09.989+0000] {taskinstance.py:340} INFO - ::group::Post task execution logs
[2024-09-08T16:26:09.991+0000] {taskinstance.py:352} INFO - Marking task as SUCCESS. dag_id=Dag_detect_invalid_customer_ids, task_id=run_anomaly_detection, run_id=scheduled__2024-09-08T16:10:00+00:00, execution_date=20240908T161000, start_date=20240908T162603, end_date=20240908T162609
[2024-09-08T16:26:10.154+0000] {local_task_job_runner.py:266} INFO - Task exited with return code 0
[2024-09-08T16:26:10.395+0000] {taskinstance.py:3900} INFO - 0 downstream tasks scheduled from follow-on schedule check
[2024-09-08T16:26:10.403+0000] {local_task_job_runner.py:245} INFO - ::endgroup::
