[2024-09-14T21:25:23.327+0000] {local_task_job_runner.py:123} INFO - ::group::Pre task execution logs
[2024-09-14T21:25:23.987+0000] {taskinstance.py:2612} INFO - Dependencies all met for dep_context=non-requeueable deps ti=<TaskInstance: detect_transaction_date_anomalies_dag.run_anomaly_detection scheduled__2024-09-14T21:20:00+00:00 [queued]>
[2024-09-14T21:25:24.109+0000] {taskinstance.py:2612} INFO - Dependencies all met for dep_context=requeueable deps ti=<TaskInstance: detect_transaction_date_anomalies_dag.run_anomaly_detection scheduled__2024-09-14T21:20:00+00:00 [queued]>
[2024-09-14T21:25:24.123+0000] {taskinstance.py:2865} INFO - Starting attempt 1 of 2
[2024-09-14T21:25:24.404+0000] {taskinstance.py:2888} INFO - Executing <Task(PythonOperator): run_anomaly_detection> on 2024-09-14 21:20:00+00:00
[2024-09-14T21:25:24.639+0000] {logging_mixin.py:190} WARNING - /home/airflow/.local/lib/python3.12/site-packages/airflow/task/task_runner/standard_task_runner.py:70 DeprecationWarning: This process (pid=4917) is multi-threaded, use of fork() may lead to deadlocks in the child.
[2024-09-14T21:25:24.645+0000] {standard_task_runner.py:72} INFO - Started process 4966 to run task
[2024-09-14T21:25:24.661+0000] {standard_task_runner.py:104} INFO - Running: ['airflow', 'tasks', 'run', 'detect_transaction_date_anomalies_dag', 'run_anomaly_detection', 'scheduled__2024-09-14T21:20:00+00:00', '--job-id', '4694', '--raw', '--subdir', 'DAGS_FOLDER/Dag-Transaction-Date-in-the-Paste.py', '--cfg-path', '/tmp/tmpi_z8_r00']
[2024-09-14T21:25:24.696+0000] {standard_task_runner.py:105} INFO - Job 4694: Subtask run_anomaly_detection
[2024-09-14T21:25:25.942+0000] {task_command.py:467} INFO - Running <TaskInstance: detect_transaction_date_anomalies_dag.run_anomaly_detection scheduled__2024-09-14T21:20:00+00:00 [running]> on host 7403e816bcf5
[2024-09-14T21:25:27.354+0000] {taskinstance.py:3131} INFO - Exporting env vars: AIRFLOW_CTX_DAG_OWNER='airflow' AIRFLOW_CTX_DAG_ID='detect_transaction_date_anomalies_dag' AIRFLOW_CTX_TASK_ID='run_anomaly_detection' AIRFLOW_CTX_EXECUTION_DATE='2024-09-14T21:20:00+00:00' AIRFLOW_CTX_TRY_NUMBER='1' AIRFLOW_CTX_DAG_RUN_ID='scheduled__2024-09-14T21:20:00+00:00'
[2024-09-14T21:25:27.359+0000] {taskinstance.py:731} INFO - ::endgroup::
[2024-09-14T21:25:28.324+0000] {Dag-Transaction-Date-in-the-Paste.py:97} INFO - Inserting 2 detected anomalies
[2024-09-14T21:25:28.839+0000] {python.py:240} INFO - Done. Returned value was: None
[2024-09-14T21:25:29.189+0000] {taskinstance.py:340} INFO - ::group::Post task execution logs
[2024-09-14T21:25:29.191+0000] {taskinstance.py:352} INFO - Marking task as SUCCESS. dag_id=detect_transaction_date_anomalies_dag, task_id=run_anomaly_detection, run_id=scheduled__2024-09-14T21:20:00+00:00, execution_date=20240914T212000, start_date=20240914T212523, end_date=20240914T212529
[2024-09-14T21:25:29.290+0000] {local_task_job_runner.py:266} INFO - Task exited with return code 0
[2024-09-14T21:25:29.586+0000] {taskinstance.py:3900} INFO - 0 downstream tasks scheduled from follow-on schedule check
[2024-09-14T21:25:29.593+0000] {local_task_job_runner.py:245} INFO - ::endgroup::
[2024-09-14T21:25:29.716+0000] {standard_task_runner.py:217} INFO - Process not found (most likely exited), stop collecting metrics
