[2024-09-11T09:02:53.590+0000] {local_task_job_runner.py:123} INFO - ::group::Pre task execution logs
[2024-09-11T09:02:57.208+0000] {taskinstance.py:2612} INFO - Dependencies all met for dep_context=non-requeueable deps ti=<TaskInstance: correction_Dag_Negative_Value.correct_negative_values scheduled__2024-09-11T08:55:00+00:00 [queued]>
[2024-09-11T09:02:57.729+0000] {taskinstance.py:2612} INFO - Dependencies all met for dep_context=requeueable deps ti=<TaskInstance: correction_Dag_Negative_Value.correct_negative_values scheduled__2024-09-11T08:55:00+00:00 [queued]>
[2024-09-11T09:02:57.732+0000] {taskinstance.py:2865} INFO - Starting attempt 1 of 2
[2024-09-11T09:02:58.099+0000] {taskinstance.py:2888} INFO - Executing <Task(PythonOperator): correct_negative_values> on 2024-09-11 08:55:00+00:00
[2024-09-11T09:02:58.477+0000] {logging_mixin.py:190} WARNING - /home/airflow/.local/lib/python3.12/site-packages/airflow/task/task_runner/standard_task_runner.py:70 DeprecationWarning: This process (pid=12818) is multi-threaded, use of fork() may lead to deadlocks in the child.
[2024-09-11T09:02:58.490+0000] {standard_task_runner.py:72} INFO - Started process 12872 to run task
[2024-09-11T09:02:58.716+0000] {standard_task_runner.py:104} INFO - Running: ['airflow', 'tasks', 'run', 'correction_Dag_Negative_Value', 'correct_negative_values', 'scheduled__2024-09-11T08:55:00+00:00', '--job-id', '523', '--raw', '--subdir', 'DAGS_FOLDER/Correction_dag_Negative_Value.py', '--cfg-path', '/tmp/tmpwsi4yemg']
[2024-09-11T09:02:58.946+0000] {standard_task_runner.py:105} INFO - Job 523: Subtask correct_negative_values
[2024-09-11T09:03:07.866+0000] {job.py:229} INFO - Heartbeat recovered after 25.94 seconds
[2024-09-11T09:03:08.620+0000] {task_command.py:467} INFO - Running <TaskInstance: correction_Dag_Negative_Value.correct_negative_values scheduled__2024-09-11T08:55:00+00:00 [running]> on host 5cd9362923f6
[2024-09-11T09:03:22.408+0000] {taskinstance.py:3131} INFO - Exporting env vars: AIRFLOW_CTX_DAG_OWNER='airflow' AIRFLOW_CTX_DAG_ID='correction_Dag_Negative_Value' AIRFLOW_CTX_TASK_ID='correct_negative_values' AIRFLOW_CTX_EXECUTION_DATE='2024-09-11T08:55:00+00:00' AIRFLOW_CTX_TRY_NUMBER='1' AIRFLOW_CTX_DAG_RUN_ID='scheduled__2024-09-11T08:55:00+00:00'
[2024-09-11T09:03:22.475+0000] {taskinstance.py:731} INFO - ::endgroup::
[2024-09-11T09:03:26.414+0000] {logging_mixin.py:190} INFO - Anomalies corrigées avec succès.
[2024-09-11T09:03:26.438+0000] {python.py:240} INFO - Done. Returned value was: None
[2024-09-11T09:03:29.024+0000] {taskinstance.py:340} INFO - ::group::Post task execution logs
[2024-09-11T09:03:29.034+0000] {taskinstance.py:352} INFO - Marking task as SUCCESS. dag_id=correction_Dag_Negative_Value, task_id=correct_negative_values, run_id=scheduled__2024-09-11T08:55:00+00:00, execution_date=20240911T085500, start_date=20240911T090257, end_date=20240911T090329
[2024-09-11T09:03:29.865+0000] {local_task_job_runner.py:266} INFO - Task exited with return code 0
[2024-09-11T09:03:31.866+0000] {taskinstance.py:3900} INFO - 0 downstream tasks scheduled from follow-on schedule check
[2024-09-11T09:03:31.878+0000] {local_task_job_runner.py:245} INFO - ::endgroup::
