[2024-09-14T16:52:57.745+0000] {local_task_job_runner.py:123} INFO - ::group::Pre task execution logs
[2024-09-14T16:52:59.615+0000] {taskinstance.py:2612} INFO - Dependencies all met for dep_context=non-requeueable deps ti=<TaskInstance: correction_Dag_Valeu_NULL.correct_transactions_anomalies scheduled__2024-09-14T16:40:00+00:00 [queued]>
[2024-09-14T16:52:59.732+0000] {taskinstance.py:2612} INFO - Dependencies all met for dep_context=requeueable deps ti=<TaskInstance: correction_Dag_Valeu_NULL.correct_transactions_anomalies scheduled__2024-09-14T16:40:00+00:00 [queued]>
[2024-09-14T16:52:59.768+0000] {taskinstance.py:2865} INFO - Starting attempt 1 of 2
[2024-09-14T16:53:00.084+0000] {taskinstance.py:2888} INFO - Executing <Task(PythonOperator): correct_transactions_anomalies> on 2024-09-14 16:40:00+00:00
[2024-09-14T16:53:01.889+0000] {standard_task_runner.py:104} INFO - Running: ['airflow', 'tasks', 'run', 'correction_Dag_Valeu_NULL', 'correct_transactions_anomalies', 'scheduled__2024-09-14T16:40:00+00:00', '--job-id', '4004', '--raw', '--subdir', 'DAGS_FOLDER/Correction_dag_Valeur_NULL.py', '--cfg-path', '/tmp/tmpcxtf1tsf']
[2024-09-14T16:53:02.622+0000] {standard_task_runner.py:105} INFO - Job 4004: Subtask correct_transactions_anomalies
[2024-09-14T16:53:02.627+0000] {logging_mixin.py:190} WARNING - /home/airflow/.local/lib/python3.12/site-packages/airflow/task/task_runner/standard_task_runner.py:70 DeprecationWarning: This process (pid=87462) is multi-threaded, use of fork() may lead to deadlocks in the child.
[2024-09-14T16:53:02.652+0000] {standard_task_runner.py:72} INFO - Started process 87487 to run task
[2024-09-14T16:53:27.001+0000] {task_command.py:467} INFO - Running <TaskInstance: correction_Dag_Valeu_NULL.correct_transactions_anomalies scheduled__2024-09-14T16:40:00+00:00 [running]> on host 7403e816bcf5
[2024-09-14T16:53:28.037+0000] {job.py:229} INFO - Heartbeat recovered after 36.45 seconds
[2024-09-14T16:53:34.981+0000] {taskinstance.py:3131} INFO - Exporting env vars: AIRFLOW_CTX_DAG_OWNER='airflow' AIRFLOW_CTX_DAG_ID='correction_Dag_Valeu_NULL' AIRFLOW_CTX_TASK_ID='correct_transactions_anomalies' AIRFLOW_CTX_EXECUTION_DATE='2024-09-14T16:40:00+00:00' AIRFLOW_CTX_TRY_NUMBER='1' AIRFLOW_CTX_DAG_RUN_ID='scheduled__2024-09-14T16:40:00+00:00'
[2024-09-14T16:53:35.068+0000] {taskinstance.py:731} INFO - ::endgroup::
[2024-09-14T16:53:37.637+0000] {logging_mixin.py:190} INFO - Correction des anomalies dans la table Transactions réussie.
[2024-09-14T16:53:37.638+0000] {python.py:240} INFO - Done. Returned value was: None
[2024-09-14T16:53:38.424+0000] {taskinstance.py:340} INFO - ::group::Post task execution logs
[2024-09-14T16:53:38.426+0000] {taskinstance.py:352} INFO - Marking task as SUCCESS. dag_id=correction_Dag_Valeu_NULL, task_id=correct_transactions_anomalies, run_id=scheduled__2024-09-14T16:40:00+00:00, execution_date=20240914T164000, start_date=20240914T165259, end_date=20240914T165338
[2024-09-14T16:53:39.381+0000] {local_task_job_runner.py:266} INFO - Task exited with return code 0
[2024-09-14T16:53:40.033+0000] {local_task_job_runner.py:245} INFO - ::endgroup::
[2024-09-14T16:53:40.220+0000] {standard_task_runner.py:217} INFO - Process not found (most likely exited), stop collecting metrics
