[2024-09-13T19:00:21.075+0000] {local_task_job_runner.py:123} INFO - ::group::Pre task execution logs
[2024-09-13T19:00:26.063+0000] {taskinstance.py:2612} INFO - Dependencies all met for dep_context=non-requeueable deps ti=<TaskInstance: detect_1fn_anomalies_dag.detect_1nf_and_insert_anomalies scheduled__2024-09-13T18:55:00+00:00 [queued]>
[2024-09-13T19:00:26.848+0000] {taskinstance.py:2612} INFO - Dependencies all met for dep_context=requeueable deps ti=<TaskInstance: detect_1fn_anomalies_dag.detect_1nf_and_insert_anomalies scheduled__2024-09-13T18:55:00+00:00 [queued]>
[2024-09-13T19:00:26.875+0000] {taskinstance.py:2865} INFO - Starting attempt 1 of 2
[2024-09-13T19:00:27.329+0000] {taskinstance.py:2888} INFO - Executing <Task(PythonOperator): detect_1nf_and_insert_anomalies> on 2024-09-13 18:55:00+00:00
[2024-09-13T19:00:28.188+0000] {logging_mixin.py:190} WARNING - /home/airflow/.local/lib/python3.12/site-packages/airflow/task/task_runner/standard_task_runner.py:70 DeprecationWarning: This process (pid=46181) is multi-threaded, use of fork() may lead to deadlocks in the child.
[2024-09-13T19:00:28.373+0000] {standard_task_runner.py:72} INFO - Started process 46270 to run task
[2024-09-13T19:00:27.594+0000] {standard_task_runner.py:104} INFO - Running: ['airflow', 'tasks', 'run', 'detect_1fn_anomalies_dag', 'detect_1nf_and_insert_anomalies', 'scheduled__2024-09-13T18:55:00+00:00', '--job-id', '3222', '--raw', '--subdir', 'DAGS_FOLDER/Dag_detect_1FN_anomaly.py', '--cfg-path', '/tmp/tmpmhedpm30']
[2024-09-13T19:00:29.038+0000] {standard_task_runner.py:105} INFO - Job 3222: Subtask detect_1nf_and_insert_anomalies
[2024-09-13T19:02:08.599+0000] {job.py:229} INFO - Heartbeat recovered after 115.94 seconds
[2024-09-13T19:02:16.043+0000] {task_command.py:467} INFO - Running <TaskInstance: detect_1fn_anomalies_dag.detect_1nf_and_insert_anomalies scheduled__2024-09-13T18:55:00+00:00 [running]> on host 7403e816bcf5
[2024-09-13T19:02:21.963+0000] {job.py:229} INFO - Heartbeat recovered after 13.92 seconds
[2024-09-13T19:02:32.895+0000] {taskinstance.py:3131} INFO - Exporting env vars: AIRFLOW_CTX_DAG_OWNER='airflow' AIRFLOW_CTX_DAG_ID='detect_1fn_anomalies_dag' AIRFLOW_CTX_TASK_ID='detect_1nf_and_insert_anomalies' AIRFLOW_CTX_EXECUTION_DATE='2024-09-13T18:55:00+00:00' AIRFLOW_CTX_TRY_NUMBER='1' AIRFLOW_CTX_DAG_RUN_ID='scheduled__2024-09-13T18:55:00+00:00'
[2024-09-13T19:02:35.296+0000] {taskinstance.py:731} INFO - ::endgroup::
[2024-09-13T19:02:40.745+0000] {job.py:229} INFO - Heartbeat recovered after 18.90 seconds
[2024-09-13T19:02:46.281+0000] {python.py:240} INFO - Done. Returned value was: None
[2024-09-13T19:02:48.830+0000] {taskinstance.py:340} INFO - ::group::Post task execution logs
[2024-09-13T19:02:48.847+0000] {taskinstance.py:352} INFO - Marking task as SUCCESS. dag_id=detect_1fn_anomalies_dag, task_id=detect_1nf_and_insert_anomalies, run_id=scheduled__2024-09-13T18:55:00+00:00, execution_date=20240913T185500, start_date=20240913T190026, end_date=20240913T190248
[2024-09-13T19:02:51.388+0000] {job.py:229} INFO - Heartbeat recovered after 11.19 seconds
[2024-09-13T19:02:52.526+0000] {local_task_job_runner.py:266} INFO - Task exited with return code 0
[2024-09-13T19:02:54.081+0000] {taskinstance.py:3900} INFO - 0 downstream tasks scheduled from follow-on schedule check
[2024-09-13T19:02:54.118+0000] {local_task_job_runner.py:245} INFO - ::endgroup::
[2024-09-13T19:02:55.212+0000] {standard_task_runner.py:217} INFO - Process not found (most likely exited), stop collecting metrics
