[2024-09-13T22:02:48.173+0000] {local_task_job_runner.py:123} INFO - ::group::Pre task execution logs
[2024-09-13T22:02:53.023+0000] {taskinstance.py:2612} INFO - Dependencies all met for dep_context=non-requeueable deps ti=<TaskInstance: welcome_dag.print_date scheduled__2024-09-13T22:00:19+00:00 [queued]>
[2024-09-13T22:02:53.691+0000] {taskinstance.py:2612} INFO - Dependencies all met for dep_context=requeueable deps ti=<TaskInstance: welcome_dag.print_date scheduled__2024-09-13T22:00:19+00:00 [queued]>
[2024-09-13T22:02:53.697+0000] {taskinstance.py:2865} INFO - Starting attempt 1 of 1
[2024-09-13T22:02:57.488+0000] {taskinstance.py:2888} INFO - Executing <Task(PythonOperator): print_date> on 2024-09-13 22:00:19+00:00
[2024-09-13T22:02:58.840+0000] {standard_task_runner.py:104} INFO - Running: ['airflow', 'tasks', 'run', 'welcome_dag', 'print_date', 'scheduled__2024-09-13T22:00:19+00:00', '--job-id', '3768', '--raw', '--subdir', 'DAGS_FOLDER/Awelcome_dags.py', '--cfg-path', '/tmp/tmp7udkth2d']
[2024-09-13T22:02:59.355+0000] {standard_task_runner.py:105} INFO - Job 3768: Subtask print_date
[2024-09-13T22:02:59.912+0000] {logging_mixin.py:190} WARNING - /home/airflow/.local/lib/python3.12/site-packages/airflow/task/task_runner/standard_task_runner.py:70 DeprecationWarning: This process (pid=76297) is multi-threaded, use of fork() may lead to deadlocks in the child.
[2024-09-13T22:02:59.936+0000] {standard_task_runner.py:72} INFO - Started process 76331 to run task
[2024-09-13T22:03:10.849+0000] {cli_action_loggers.py:177} WARNING - Failed to log action (psycopg2.OperationalError) could not translate host name "postgres" to address: Temporary failure in name resolution

(Background on this error at: https://sqlalche.me/e/14/e3q8)
[2024-09-13T22:04:36.062+0000] {job.py:229} INFO - Heartbeat recovered after 131.87 seconds
[2024-09-13T22:04:39.764+0000] {task_command.py:467} INFO - Running <TaskInstance: welcome_dag.print_date scheduled__2024-09-13T22:00:19+00:00 [running]> on host 7403e816bcf5
[2024-09-13T22:04:47.899+0000] {job.py:229} INFO - Heartbeat recovered after 12.26 seconds
[2024-09-13T22:04:49.113+0000] {taskinstance.py:3131} INFO - Exporting env vars: AIRFLOW_CTX_DAG_OWNER='airflow' AIRFLOW_CTX_DAG_ID='welcome_dag' AIRFLOW_CTX_TASK_ID='print_date' AIRFLOW_CTX_EXECUTION_DATE='2024-09-13T22:00:19+00:00' AIRFLOW_CTX_TRY_NUMBER='1' AIRFLOW_CTX_DAG_RUN_ID='scheduled__2024-09-13T22:00:19+00:00'
[2024-09-13T22:04:49.147+0000] {taskinstance.py:731} INFO - ::endgroup::
[2024-09-13T22:04:49.294+0000] {logging_mixin.py:190} INFO - Today is 2024-09-13
[2024-09-13T22:04:49.306+0000] {python.py:240} INFO - Done. Returned value was: None
[2024-09-13T22:04:50.432+0000] {taskinstance.py:340} INFO - ::group::Post task execution logs
[2024-09-13T22:04:50.435+0000] {taskinstance.py:352} INFO - Marking task as SUCCESS. dag_id=welcome_dag, task_id=print_date, run_id=scheduled__2024-09-13T22:00:19+00:00, execution_date=20240913T220019, start_date=20240913T220253, end_date=20240913T220450
[2024-09-13T22:04:51.058+0000] {local_task_job_runner.py:266} INFO - Task exited with return code 0
[2024-09-13T22:04:53.492+0000] {taskinstance.py:3900} INFO - 0 downstream tasks scheduled from follow-on schedule check
[2024-09-13T22:04:53.508+0000] {local_task_job_runner.py:245} INFO - ::endgroup::
[2024-09-13T22:04:55.463+0000] {standard_task_runner.py:217} INFO - Process not found (most likely exited), stop collecting metrics
