[2024-09-22T14:45:04.740+0000] {local_task_job_runner.py:123} INFO - ::group::Pre task execution logs
[2024-09-22T14:45:05.446+0000] {taskinstance.py:2612} INFO - Dependencies all met for dep_context=non-requeueable deps ti=<TaskInstance: correction_Dag_1FN.correct_1nf_violations scheduled__2024-09-22T14:40:00+00:00 [queued]>
[2024-09-22T14:45:05.530+0000] {taskinstance.py:2612} INFO - Dependencies all met for dep_context=requeueable deps ti=<TaskInstance: correction_Dag_1FN.correct_1nf_violations scheduled__2024-09-22T14:40:00+00:00 [queued]>
[2024-09-22T14:45:05.532+0000] {taskinstance.py:2865} INFO - Starting attempt 1 of 2
[2024-09-22T14:45:06.124+0000] {taskinstance.py:2888} INFO - Executing <Task(PythonOperator): correct_1nf_violations> on 2024-09-22 14:40:00+00:00
[2024-09-22T14:45:06.298+0000] {logging_mixin.py:190} WARNING - /home/airflow/.local/lib/python3.12/site-packages/airflow/task/task_runner/standard_task_runner.py:70 DeprecationWarning: This process (pid=1209) is multi-threaded, use of fork() may lead to deadlocks in the child.
[2024-09-22T14:45:06.314+0000] {standard_task_runner.py:72} INFO - Started process 1241 to run task
[2024-09-22T14:45:06.327+0000] {standard_task_runner.py:104} INFO - Running: ['airflow', 'tasks', 'run', 'correction_Dag_1FN', 'correct_1nf_violations', 'scheduled__2024-09-22T14:40:00+00:00', '--job-id', '5046', '--raw', '--subdir', 'DAGS_FOLDER/Correction_dag_1FN.py', '--cfg-path', '/tmp/tmpz8bhpbzh']
[2024-09-22T14:45:06.381+0000] {standard_task_runner.py:105} INFO - Job 5046: Subtask correct_1nf_violations
[2024-09-22T14:45:10.707+0000] {task_command.py:467} INFO - Running <TaskInstance: correction_Dag_1FN.correct_1nf_violations scheduled__2024-09-22T14:40:00+00:00 [running]> on host 93b0c38322b3
[2024-09-22T14:45:13.321+0000] {taskinstance.py:3131} INFO - Exporting env vars: AIRFLOW_CTX_DAG_OWNER='airflow' AIRFLOW_CTX_DAG_ID='correction_Dag_1FN' AIRFLOW_CTX_TASK_ID='correct_1nf_violations' AIRFLOW_CTX_EXECUTION_DATE='2024-09-22T14:40:00+00:00' AIRFLOW_CTX_TRY_NUMBER='1' AIRFLOW_CTX_DAG_RUN_ID='scheduled__2024-09-22T14:40:00+00:00'
[2024-09-22T14:45:13.326+0000] {taskinstance.py:731} INFO - ::endgroup::
[2024-09-22T14:45:13.980+0000] {logging_mixin.py:190} INFO - Table Orders mise à jour avec succès, violations 1FN corrigées.
[2024-09-22T14:45:13.982+0000] {python.py:240} INFO - Done. Returned value was: None
[2024-09-22T14:45:14.454+0000] {taskinstance.py:340} INFO - ::group::Post task execution logs
[2024-09-22T14:45:14.455+0000] {taskinstance.py:352} INFO - Marking task as SUCCESS. dag_id=correction_Dag_1FN, task_id=correct_1nf_violations, run_id=scheduled__2024-09-22T14:40:00+00:00, execution_date=20240922T144000, start_date=20240922T144505, end_date=20240922T144514
[2024-09-22T14:45:14.823+0000] {local_task_job_runner.py:266} INFO - Task exited with return code 0
[2024-09-22T14:45:15.539+0000] {taskinstance.py:3900} INFO - 0 downstream tasks scheduled from follow-on schedule check
[2024-09-22T14:45:15.559+0000] {local_task_job_runner.py:245} INFO - ::endgroup::
[2024-09-22T14:45:16.334+0000] {standard_task_runner.py:217} INFO - Process not found (most likely exited), stop collecting metrics
