[2024-09-10T14:40:02.961+0000] {local_task_job_runner.py:123} INFO - ::group::Pre task execution logs
[2024-09-10T14:40:03.322+0000] {taskinstance.py:2612} INFO - Dependencies all met for dep_context=non-requeueable deps ti=<TaskInstance: correction_Dag_1FN.correct_1nf_violations scheduled__2024-09-10T14:35:00+00:00 [queued]>
[2024-09-10T14:40:03.372+0000] {taskinstance.py:2612} INFO - Dependencies all met for dep_context=requeueable deps ti=<TaskInstance: correction_Dag_1FN.correct_1nf_violations scheduled__2024-09-10T14:35:00+00:00 [queued]>
[2024-09-10T14:40:03.375+0000] {taskinstance.py:2865} INFO - Starting attempt 1 of 2
[2024-09-10T14:40:03.443+0000] {taskinstance.py:2888} INFO - Executing <Task(PythonOperator): correct_1nf_violations> on 2024-09-10 14:35:00+00:00
[2024-09-10T14:40:03.556+0000] {standard_task_runner.py:104} INFO - Running: ['airflow', 'tasks', 'run', 'correction_Dag_1FN', 'correct_1nf_violations', 'scheduled__2024-09-10T14:35:00+00:00', '--job-id', '2483', '--raw', '--subdir', 'DAGS_FOLDER/Correction_dag_1FN.py', '--cfg-path', '/tmp/tmppamkaa51']
[2024-09-10T14:40:03.561+0000] {logging_mixin.py:190} WARNING - /home/airflow/.local/lib/python3.12/site-packages/airflow/task/task_runner/standard_task_runner.py:70 DeprecationWarning: This process (pid=11956) is multi-threaded, use of fork() may lead to deadlocks in the child.
[2024-09-10T14:40:03.568+0000] {standard_task_runner.py:72} INFO - Started process 11969 to run task
[2024-09-10T14:40:03.568+0000] {standard_task_runner.py:105} INFO - Job 2483: Subtask correct_1nf_violations
[2024-09-10T14:40:04.592+0000] {task_command.py:467} INFO - Running <TaskInstance: correction_Dag_1FN.correct_1nf_violations scheduled__2024-09-10T14:35:00+00:00 [running]> on host 5f241b76205c
[2024-09-10T14:40:06.390+0000] {taskinstance.py:3131} INFO - Exporting env vars: AIRFLOW_CTX_DAG_OWNER='airflow' AIRFLOW_CTX_DAG_ID='correction_Dag_1FN' AIRFLOW_CTX_TASK_ID='correct_1nf_violations' AIRFLOW_CTX_EXECUTION_DATE='2024-09-10T14:35:00+00:00' AIRFLOW_CTX_TRY_NUMBER='1' AIRFLOW_CTX_DAG_RUN_ID='scheduled__2024-09-10T14:35:00+00:00'
[2024-09-10T14:40:06.394+0000] {taskinstance.py:731} INFO - ::endgroup::
[2024-09-10T14:40:06.788+0000] {logging_mixin.py:190} INFO - Erreur lors de la correction des anomalies : column "product_ids" does not exist
LINE 2:         SELECT customer_id, product_ids, order_date, total_a...
                                    ^
HINT:  Perhaps you meant to reference the column "orders.product_id".
[2024-09-10T14:40:06.792+0000] {python.py:240} INFO - Done. Returned value was: None
[2024-09-10T14:40:07.224+0000] {taskinstance.py:340} INFO - ::group::Post task execution logs
[2024-09-10T14:40:07.226+0000] {taskinstance.py:352} INFO - Marking task as SUCCESS. dag_id=correction_Dag_1FN, task_id=correct_1nf_violations, run_id=scheduled__2024-09-10T14:35:00+00:00, execution_date=20240910T143500, start_date=20240910T144003, end_date=20240910T144007
[2024-09-10T14:40:07.325+0000] {local_task_job_runner.py:266} INFO - Task exited with return code 0
[2024-09-10T14:40:07.657+0000] {local_task_job_runner.py:245} INFO - ::endgroup::
