[2024-09-11T14:45:17.867+0000] {local_task_job_runner.py:123} INFO - ::group::Pre task execution logs
[2024-09-11T14:45:18.568+0000] {taskinstance.py:2612} INFO - Dependencies all met for dep_context=non-requeueable deps ti=<TaskInstance: dag_detect_excessively_high_total_amount.run_anomaly_detection scheduled__2024-09-11T14:30:00+00:00 [queued]>
[2024-09-11T14:45:18.620+0000] {taskinstance.py:2612} INFO - Dependencies all met for dep_context=requeueable deps ti=<TaskInstance: dag_detect_excessively_high_total_amount.run_anomaly_detection scheduled__2024-09-11T14:30:00+00:00 [queued]>
[2024-09-11T14:45:18.621+0000] {taskinstance.py:2865} INFO - Starting attempt 1 of 2
[2024-09-11T14:45:18.699+0000] {taskinstance.py:2888} INFO - Executing <Task(PythonOperator): run_anomaly_detection> on 2024-09-11 14:30:00+00:00
[2024-09-11T14:45:18.793+0000] {logging_mixin.py:190} WARNING - /home/airflow/.local/lib/python3.12/site-packages/airflow/task/task_runner/standard_task_runner.py:70 DeprecationWarning: This process (pid=14499) is multi-threaded, use of fork() may lead to deadlocks in the child.
[2024-09-11T14:45:18.808+0000] {standard_task_runner.py:72} INFO - Started process 14539 to run task
[2024-09-11T14:45:18.790+0000] {standard_task_runner.py:104} INFO - Running: ['airflow', 'tasks', 'run', 'dag_detect_excessively_high_total_amount', 'run_anomaly_detection', 'scheduled__2024-09-11T14:30:00+00:00', '--job-id', '809', '--raw', '--subdir', 'DAGS_FOLDER/dag_detect_excessively_high_total_amount.py', '--cfg-path', '/tmp/tmp61j1b3s0']
[2024-09-11T14:45:18.816+0000] {standard_task_runner.py:105} INFO - Job 809: Subtask run_anomaly_detection
[2024-09-11T14:45:23.282+0000] {task_command.py:467} INFO - Running <TaskInstance: dag_detect_excessively_high_total_amount.run_anomaly_detection scheduled__2024-09-11T14:30:00+00:00 [running]> on host 180117ed1726
[2024-09-11T14:45:25.350+0000] {job.py:229} INFO - Heartbeat recovered after 10.94 seconds
[2024-09-11T14:45:30.142+0000] {taskinstance.py:3131} INFO - Exporting env vars: AIRFLOW_CTX_DAG_OWNER='airflow' AIRFLOW_CTX_DAG_ID='dag_detect_excessively_high_total_amount' AIRFLOW_CTX_TASK_ID='run_anomaly_detection' AIRFLOW_CTX_EXECUTION_DATE='2024-09-11T14:30:00+00:00' AIRFLOW_CTX_TRY_NUMBER='1' AIRFLOW_CTX_DAG_RUN_ID='scheduled__2024-09-11T14:30:00+00:00'
[2024-09-11T14:45:30.201+0000] {taskinstance.py:731} INFO - ::endgroup::
[2024-09-11T14:45:30.429+0000] {dag_detect_excessively_high_total_amount.py:118} INFO - Starting anomaly detection process
[2024-09-11T14:45:33.471+0000] {dag_detect_excessively_high_total_amount.py:124} INFO - Loaded 15 transactions and 4 products
[2024-09-11T14:45:33.647+0000] {dag_detect_excessively_high_total_amount.py:127} INFO - Detected 2 anomalies
[2024-09-11T14:45:35.377+0000] {dag_detect_excessively_high_total_amount.py:111} INFO - Inserted 2 new anomalies.
[2024-09-11T14:45:35.379+0000] {dag_detect_excessively_high_total_amount.py:130} INFO - Anomaly detection process completed successfully
[2024-09-11T14:45:35.380+0000] {python.py:240} INFO - Done. Returned value was: None
[2024-09-11T14:45:35.705+0000] {taskinstance.py:340} INFO - ::group::Post task execution logs
[2024-09-11T14:45:35.707+0000] {taskinstance.py:352} INFO - Marking task as SUCCESS. dag_id=dag_detect_excessively_high_total_amount, task_id=run_anomaly_detection, run_id=scheduled__2024-09-11T14:30:00+00:00, execution_date=20240911T143000, start_date=20240911T144518, end_date=20240911T144535
[2024-09-11T14:45:36.020+0000] {local_task_job_runner.py:266} INFO - Task exited with return code 0
[2024-09-11T14:45:36.313+0000] {local_task_job_runner.py:245} INFO - ::endgroup::
