[2024-09-11T13:45:04.413+0000] {local_task_job_runner.py:123} INFO - ::group::Pre task execution logs
[2024-09-11T13:45:04.641+0000] {taskinstance.py:2612} INFO - Dependencies all met for dep_context=non-requeueable deps ti=<TaskInstance: correction_Dag_no_NumericValues.Correct_Non_numeric_Quantity scheduled__2024-09-11T13:40:00+00:00 [queued]>
[2024-09-11T13:45:04.663+0000] {taskinstance.py:2612} INFO - Dependencies all met for dep_context=requeueable deps ti=<TaskInstance: correction_Dag_no_NumericValues.Correct_Non_numeric_Quantity scheduled__2024-09-11T13:40:00+00:00 [queued]>
[2024-09-11T13:45:04.664+0000] {taskinstance.py:2865} INFO - Starting attempt 1 of 2
[2024-09-11T13:45:04.693+0000] {taskinstance.py:2888} INFO - Executing <Task(PythonOperator): Correct_Non_numeric_Quantity> on 2024-09-11 13:40:00+00:00
[2024-09-11T13:45:04.723+0000] {standard_task_runner.py:104} INFO - Running: ['airflow', 'tasks', 'run', 'correction_Dag_no_NumericValues', 'Correct_Non_numeric_Quantity', 'scheduled__2024-09-11T13:40:00+00:00', '--job-id', '666', '--raw', '--subdir', 'DAGS_FOLDER/correction_Dag_no_NumericValues.py', '--cfg-path', '/tmp/tmptjlj8n8s']
[2024-09-11T13:45:04.724+0000] {logging_mixin.py:190} WARNING - /home/airflow/.local/lib/python3.12/site-packages/airflow/task/task_runner/standard_task_runner.py:70 DeprecationWarning: This process (pid=4941) is multi-threaded, use of fork() may lead to deadlocks in the child.
[2024-09-11T13:45:04.726+0000] {standard_task_runner.py:105} INFO - Job 666: Subtask Correct_Non_numeric_Quantity
[2024-09-11T13:45:04.727+0000] {standard_task_runner.py:72} INFO - Started process 4975 to run task
[2024-09-11T13:45:06.144+0000] {task_command.py:467} INFO - Running <TaskInstance: correction_Dag_no_NumericValues.Correct_Non_numeric_Quantity scheduled__2024-09-11T13:40:00+00:00 [running]> on host 180117ed1726
[2024-09-11T13:45:18.400+0000] {job.py:229} INFO - Heartbeat recovered after 14.98 seconds
[2024-09-11T13:45:19.821+0000] {taskinstance.py:3131} INFO - Exporting env vars: AIRFLOW_CTX_DAG_OWNER='airflow' AIRFLOW_CTX_DAG_ID='correction_Dag_no_NumericValues' AIRFLOW_CTX_TASK_ID='Correct_Non_numeric_Quantity' AIRFLOW_CTX_EXECUTION_DATE='2024-09-11T13:40:00+00:00' AIRFLOW_CTX_TRY_NUMBER='1' AIRFLOW_CTX_DAG_RUN_ID='scheduled__2024-09-11T13:40:00+00:00'
[2024-09-11T13:45:19.829+0000] {taskinstance.py:731} INFO - ::endgroup::
[2024-09-11T13:45:20.600+0000] {logging_mixin.py:190} INFO - Anomalies textuelles corrigées avec succès dans la table Transactions.
[2024-09-11T13:45:20.616+0000] {python.py:240} INFO - Done. Returned value was: None
[2024-09-11T13:45:32.346+0000] {job.py:229} INFO - Heartbeat recovered after 13.97 seconds
[2024-09-11T13:45:32.456+0000] {taskinstance.py:340} INFO - ::group::Post task execution logs
[2024-09-11T13:45:32.460+0000] {taskinstance.py:352} INFO - Marking task as SUCCESS. dag_id=correction_Dag_no_NumericValues, task_id=Correct_Non_numeric_Quantity, run_id=scheduled__2024-09-11T13:40:00+00:00, execution_date=20240911T134000, start_date=20240911T134504, end_date=20240911T134532
[2024-09-11T13:45:33.307+0000] {local_task_job_runner.py:266} INFO - Task exited with return code 0
[2024-09-11T13:45:33.660+0000] {taskinstance.py:3900} INFO - 0 downstream tasks scheduled from follow-on schedule check
[2024-09-11T13:45:33.665+0000] {local_task_job_runner.py:245} INFO - ::endgroup::
