[2024-09-11T14:45:17.832+0000] {local_task_job_runner.py:123} INFO - ::group::Pre task execution logs
[2024-09-11T14:45:18.626+0000] {taskinstance.py:2612} INFO - Dependencies all met for dep_context=non-requeueable deps ti=<TaskInstance: Dag_detect_invalid_customer_ids.run_anomaly_detection scheduled__2024-09-11T14:30:00+00:00 [queued]>
[2024-09-11T14:45:18.687+0000] {taskinstance.py:2612} INFO - Dependencies all met for dep_context=requeueable deps ti=<TaskInstance: Dag_detect_invalid_customer_ids.run_anomaly_detection scheduled__2024-09-11T14:30:00+00:00 [queued]>
[2024-09-11T14:45:18.689+0000] {taskinstance.py:2865} INFO - Starting attempt 1 of 2
[2024-09-11T14:45:18.759+0000] {taskinstance.py:2888} INFO - Executing <Task(PythonOperator): run_anomaly_detection> on 2024-09-11 14:30:00+00:00
[2024-09-11T14:45:18.835+0000] {logging_mixin.py:190} WARNING - /home/airflow/.local/lib/python3.12/site-packages/airflow/task/task_runner/standard_task_runner.py:70 DeprecationWarning: This process (pid=14495) is multi-threaded, use of fork() may lead to deadlocks in the child.
[2024-09-11T14:45:18.843+0000] {standard_task_runner.py:72} INFO - Started process 14541 to run task
[2024-09-11T14:45:18.874+0000] {standard_task_runner.py:104} INFO - Running: ['airflow', 'tasks', 'run', 'Dag_detect_invalid_customer_ids', 'run_anomaly_detection', 'scheduled__2024-09-11T14:30:00+00:00', '--job-id', '810', '--raw', '--subdir', 'DAGS_FOLDER/dag_detect_invalid_customer_ids.py', '--cfg-path', '/tmp/tmpepvg3kfv']
[2024-09-11T14:45:18.881+0000] {standard_task_runner.py:105} INFO - Job 810: Subtask run_anomaly_detection
[2024-09-11T14:45:23.416+0000] {task_command.py:467} INFO - Running <TaskInstance: Dag_detect_invalid_customer_ids.run_anomaly_detection scheduled__2024-09-11T14:30:00+00:00 [running]> on host 180117ed1726
[2024-09-11T14:45:25.395+0000] {job.py:229} INFO - Heartbeat recovered after 10.87 seconds
[2024-09-11T14:45:30.168+0000] {taskinstance.py:3131} INFO - Exporting env vars: AIRFLOW_CTX_DAG_OWNER='airflow' AIRFLOW_CTX_DAG_ID='Dag_detect_invalid_customer_ids' AIRFLOW_CTX_TASK_ID='run_anomaly_detection' AIRFLOW_CTX_EXECUTION_DATE='2024-09-11T14:30:00+00:00' AIRFLOW_CTX_TRY_NUMBER='1' AIRFLOW_CTX_DAG_RUN_ID='scheduled__2024-09-11T14:30:00+00:00'
[2024-09-11T14:45:30.216+0000] {taskinstance.py:731} INFO - ::endgroup::
[2024-09-11T14:45:30.422+0000] {dag_detect_invalid_customer_ids.py:101} INFO - Starting anomaly detection process
[2024-09-11T14:45:32.286+0000] {dag_detect_invalid_customer_ids.py:105} INFO - Loaded 15 transactions
[2024-09-11T14:45:32.417+0000] {dag_detect_invalid_customer_ids.py:108} INFO - Detected 1 anomalies
[2024-09-11T14:45:32.463+0000] {dag_detect_invalid_customer_ids.py:94} INFO - Inserted 1 new anomalies.
[2024-09-11T14:45:32.465+0000] {dag_detect_invalid_customer_ids.py:111} INFO - Anomaly detection process completed successfully
[2024-09-11T14:45:32.468+0000] {python.py:240} INFO - Done. Returned value was: None
[2024-09-11T14:45:33.018+0000] {taskinstance.py:340} INFO - ::group::Post task execution logs
[2024-09-11T14:45:33.024+0000] {taskinstance.py:352} INFO - Marking task as SUCCESS. dag_id=Dag_detect_invalid_customer_ids, task_id=run_anomaly_detection, run_id=scheduled__2024-09-11T14:30:00+00:00, execution_date=20240911T143000, start_date=20240911T144518, end_date=20240911T144533
[2024-09-11T14:45:33.158+0000] {local_task_job_runner.py:266} INFO - Task exited with return code 0
[2024-09-11T14:45:33.725+0000] {taskinstance.py:3900} INFO - 0 downstream tasks scheduled from follow-on schedule check
[2024-09-11T14:45:33.737+0000] {local_task_job_runner.py:245} INFO - ::endgroup::
[2024-09-11T14:45:33.879+0000] {standard_task_runner.py:217} INFO - Process not found (most likely exited), stop collecting metrics
