[2024-09-10T11:48:11.571+0000] {local_task_job_runner.py:123} INFO - ::group::Pre task execution logs
[2024-09-10T11:48:15.351+0000] {taskinstance.py:2612} INFO - Dependencies all met for dep_context=non-requeueable deps ti=<TaskInstance: dag_detect_excessively_high_total_amount.run_anomaly_detection scheduled__2024-09-08T19:00:00+00:00 [queued]>
[2024-09-10T11:48:15.894+0000] {taskinstance.py:2612} INFO - Dependencies all met for dep_context=requeueable deps ti=<TaskInstance: dag_detect_excessively_high_total_amount.run_anomaly_detection scheduled__2024-09-08T19:00:00+00:00 [queued]>
[2024-09-10T11:48:16.042+0000] {taskinstance.py:2865} INFO - Starting attempt 1 of 2
[2024-09-10T11:48:17.644+0000] {taskinstance.py:2888} INFO - Executing <Task(PythonOperator): run_anomaly_detection> on 2024-09-08 19:00:00+00:00
[2024-09-10T11:48:18.047+0000] {logging_mixin.py:190} WARNING - /home/airflow/.local/lib/python3.12/site-packages/airflow/task/task_runner/standard_task_runner.py:70 DeprecationWarning: This process (pid=266) is multi-threaded, use of fork() may lead to deadlocks in the child.
[2024-09-10T11:48:18.124+0000] {standard_task_runner.py:72} INFO - Started process 360 to run task
[2024-09-10T11:48:17.957+0000] {standard_task_runner.py:104} INFO - Running: ['airflow', 'tasks', 'run', 'dag_detect_excessively_high_total_amount', 'run_anomaly_detection', 'scheduled__2024-09-08T19:00:00+00:00', '--job-id', '2043', '--raw', '--subdir', 'DAGS_FOLDER/dag_detect_excessively_high_total_amount.py', '--cfg-path', '/tmp/tmp6zw_lcfd']
[2024-09-10T11:48:18.181+0000] {standard_task_runner.py:105} INFO - Job 2043: Subtask run_anomaly_detection
[2024-09-10T11:48:30.018+0000] {job.py:229} INFO - Heartbeat recovered after 29.49 seconds
[2024-09-10T11:48:31.044+0000] {task_command.py:467} INFO - Running <TaskInstance: dag_detect_excessively_high_total_amount.run_anomaly_detection scheduled__2024-09-08T19:00:00+00:00 [running]> on host 6d70a6e2c42a
[2024-09-10T11:48:40.163+0000] {job.py:229} INFO - Heartbeat recovered after 10.58 seconds
[2024-09-10T11:48:41.562+0000] {taskinstance.py:3131} INFO - Exporting env vars: AIRFLOW_CTX_DAG_OWNER='airflow' AIRFLOW_CTX_DAG_ID='dag_detect_excessively_high_total_amount' AIRFLOW_CTX_TASK_ID='run_anomaly_detection' AIRFLOW_CTX_EXECUTION_DATE='2024-09-08T19:00:00+00:00' AIRFLOW_CTX_TRY_NUMBER='1' AIRFLOW_CTX_DAG_RUN_ID='scheduled__2024-09-08T19:00:00+00:00'
[2024-09-10T11:48:41.830+0000] {taskinstance.py:731} INFO - ::endgroup::
[2024-09-10T11:48:43.112+0000] {dag_detect_excessively_high_total_amount.py:118} INFO - Starting anomaly detection process
[2024-09-10T11:48:51.553+0000] {dag_detect_excessively_high_total_amount.py:124} INFO - Loaded 15 transactions and 54 products
[2024-09-10T11:48:54.576+0000] {dag_detect_excessively_high_total_amount.py:127} INFO - Detected 0 anomalies
[2024-09-10T11:48:58.901+0000] {dag_detect_excessively_high_total_amount.py:111} INFO - Inserted 0 new anomalies.
[2024-09-10T11:48:58.904+0000] {dag_detect_excessively_high_total_amount.py:130} INFO - Anomaly detection process completed successfully
[2024-09-10T11:48:58.914+0000] {python.py:240} INFO - Done. Returned value was: None
[2024-09-10T11:49:00.133+0000] {taskinstance.py:340} INFO - ::group::Post task execution logs
[2024-09-10T11:49:00.140+0000] {taskinstance.py:352} INFO - Marking task as SUCCESS. dag_id=dag_detect_excessively_high_total_amount, task_id=run_anomaly_detection, run_id=scheduled__2024-09-08T19:00:00+00:00, execution_date=20240908T190000, start_date=20240910T114815, end_date=20240910T114900
[2024-09-10T11:49:01.251+0000] {local_task_job_runner.py:266} INFO - Task exited with return code 0
[2024-09-10T11:49:03.298+0000] {local_task_job_runner.py:245} INFO - ::endgroup::
[2024-09-10T11:49:03.382+0000] {standard_task_runner.py:217} INFO - Process not found (most likely exited), stop collecting metrics
