[2024-09-11T16:50:31.167+0000] {local_task_job_runner.py:123} INFO - ::group::Pre task execution logs
[2024-09-11T16:50:36.413+0000] {taskinstance.py:2612} INFO - Dependencies all met for dep_context=non-requeueable deps ti=<TaskInstance: correction_Dag_Valeu_NULL.correct_transactions_anomalies scheduled__2024-09-11T16:45:00+00:00 [queued]>
[2024-09-11T16:50:36.656+0000] {taskinstance.py:2612} INFO - Dependencies all met for dep_context=requeueable deps ti=<TaskInstance: correction_Dag_Valeu_NULL.correct_transactions_anomalies scheduled__2024-09-11T16:45:00+00:00 [queued]>
[2024-09-11T16:50:36.671+0000] {taskinstance.py:2865} INFO - Starting attempt 1 of 2
[2024-09-11T16:50:37.477+0000] {taskinstance.py:2888} INFO - Executing <Task(PythonOperator): correct_transactions_anomalies> on 2024-09-11 16:45:00+00:00
[2024-09-11T16:50:38.066+0000] {logging_mixin.py:190} WARNING - /home/airflow/.local/lib/python3.12/site-packages/airflow/task/task_runner/standard_task_runner.py:70 DeprecationWarning: This process (pid=10413) is multi-threaded, use of fork() may lead to deadlocks in the child.
[2024-09-11T16:50:38.113+0000] {standard_task_runner.py:72} INFO - Started process 10442 to run task
[2024-09-11T16:50:38.025+0000] {standard_task_runner.py:104} INFO - Running: ['airflow', 'tasks', 'run', 'correction_Dag_Valeu_NULL', 'correct_transactions_anomalies', 'scheduled__2024-09-11T16:45:00+00:00', '--job-id', '1112', '--raw', '--subdir', 'DAGS_FOLDER/Correction_dag_Valeur_NULL.py', '--cfg-path', '/tmp/tmputbsh018']
[2024-09-11T16:50:38.143+0000] {standard_task_runner.py:105} INFO - Job 1112: Subtask correct_transactions_anomalies
[2024-09-11T16:50:46.765+0000] {job.py:229} INFO - Heartbeat recovered after 28.80 seconds
[2024-09-11T16:50:47.325+0000] {task_command.py:467} INFO - Running <TaskInstance: correction_Dag_Valeu_NULL.correct_transactions_anomalies scheduled__2024-09-11T16:45:00+00:00 [running]> on host b8b5351e8a6b
[2024-09-11T16:50:58.409+0000] {job.py:229} INFO - Heartbeat recovered after 11.77 seconds
[2024-09-11T16:51:02.603+0000] {taskinstance.py:3131} INFO - Exporting env vars: AIRFLOW_CTX_DAG_OWNER='airflow' AIRFLOW_CTX_DAG_ID='correction_Dag_Valeu_NULL' AIRFLOW_CTX_TASK_ID='correct_transactions_anomalies' AIRFLOW_CTX_EXECUTION_DATE='2024-09-11T16:45:00+00:00' AIRFLOW_CTX_TRY_NUMBER='1' AIRFLOW_CTX_DAG_RUN_ID='scheduled__2024-09-11T16:45:00+00:00'
[2024-09-11T16:51:02.807+0000] {taskinstance.py:731} INFO - ::endgroup::
[2024-09-11T16:51:10.184+0000] {logging_mixin.py:190} INFO - Correction des anomalies dans la table Transactions réussie.
[2024-09-11T16:51:10.249+0000] {python.py:240} INFO - Done. Returned value was: None
[2024-09-11T16:51:12.578+0000] {job.py:229} INFO - Heartbeat recovered after 14.28 seconds
[2024-09-11T16:51:12.609+0000] {taskinstance.py:340} INFO - ::group::Post task execution logs
[2024-09-11T16:51:12.621+0000] {taskinstance.py:352} INFO - Marking task as SUCCESS. dag_id=correction_Dag_Valeu_NULL, task_id=correct_transactions_anomalies, run_id=scheduled__2024-09-11T16:45:00+00:00, execution_date=20240911T164500, start_date=20240911T165036, end_date=20240911T165112
[2024-09-11T16:51:14.209+0000] {local_task_job_runner.py:266} INFO - Task exited with return code 0
[2024-09-11T16:51:16.929+0000] {taskinstance.py:3900} INFO - 0 downstream tasks scheduled from follow-on schedule check
[2024-09-11T16:51:16.958+0000] {local_task_job_runner.py:245} INFO - ::endgroup::
