[2024-09-11T16:20:03.904+0000] {local_task_job_runner.py:123} INFO - ::group::Pre task execution logs
[2024-09-11T16:20:04.085+0000] {taskinstance.py:2612} INFO - Dependencies all met for dep_context=non-requeueable deps ti=<TaskInstance: correction_Dag_1FN.correct_1nf_violations scheduled__2024-09-11T16:15:00+00:00 [queued]>
[2024-09-11T16:20:04.122+0000] {taskinstance.py:2612} INFO - Dependencies all met for dep_context=requeueable deps ti=<TaskInstance: correction_Dag_1FN.correct_1nf_violations scheduled__2024-09-11T16:15:00+00:00 [queued]>
[2024-09-11T16:20:04.123+0000] {taskinstance.py:2865} INFO - Starting attempt 1 of 2
[2024-09-11T16:20:04.167+0000] {taskinstance.py:2888} INFO - Executing <Task(PythonOperator): correct_1nf_violations> on 2024-09-11 16:15:00+00:00
[2024-09-11T16:20:04.184+0000] {standard_task_runner.py:104} INFO - Running: ['airflow', 'tasks', 'run', 'correction_Dag_1FN', 'correct_1nf_violations', 'scheduled__2024-09-11T16:15:00+00:00', '--job-id', '1050', '--raw', '--subdir', 'DAGS_FOLDER/Correction_dag_1FN.py', '--cfg-path', '/tmp/tmpwxd0q3ex']
[2024-09-11T16:20:04.206+0000] {standard_task_runner.py:105} INFO - Job 1050: Subtask correct_1nf_violations
[2024-09-11T16:20:04.219+0000] {logging_mixin.py:190} WARNING - /home/airflow/.local/lib/python3.12/site-packages/airflow/task/task_runner/standard_task_runner.py:70 DeprecationWarning: This process (pid=5752) is multi-threaded, use of fork() may lead to deadlocks in the child.
[2024-09-11T16:20:04.220+0000] {standard_task_runner.py:72} INFO - Started process 5770 to run task
[2024-09-11T16:20:04.905+0000] {task_command.py:467} INFO - Running <TaskInstance: correction_Dag_1FN.correct_1nf_violations scheduled__2024-09-11T16:15:00+00:00 [running]> on host b8b5351e8a6b
[2024-09-11T16:20:06.101+0000] {taskinstance.py:3131} INFO - Exporting env vars: AIRFLOW_CTX_DAG_OWNER='airflow' AIRFLOW_CTX_DAG_ID='correction_Dag_1FN' AIRFLOW_CTX_TASK_ID='correct_1nf_violations' AIRFLOW_CTX_EXECUTION_DATE='2024-09-11T16:15:00+00:00' AIRFLOW_CTX_TRY_NUMBER='1' AIRFLOW_CTX_DAG_RUN_ID='scheduled__2024-09-11T16:15:00+00:00'
[2024-09-11T16:20:06.107+0000] {taskinstance.py:731} INFO - ::endgroup::
[2024-09-11T16:20:06.779+0000] {logging_mixin.py:190} INFO - Erreur lors de la correction des anomalies : column "product_ids" does not exist
LINE 2:         SELECT customer_id, product_ids, order_date, total_a...
                                    ^
[2024-09-11T16:20:06.787+0000] {python.py:240} INFO - Done. Returned value was: None
[2024-09-11T16:20:07.154+0000] {taskinstance.py:340} INFO - ::group::Post task execution logs
[2024-09-11T16:20:07.159+0000] {taskinstance.py:352} INFO - Marking task as SUCCESS. dag_id=correction_Dag_1FN, task_id=correct_1nf_violations, run_id=scheduled__2024-09-11T16:15:00+00:00, execution_date=20240911T161500, start_date=20240911T162004, end_date=20240911T162007
[2024-09-11T16:20:07.260+0000] {local_task_job_runner.py:266} INFO - Task exited with return code 0
[2024-09-11T16:20:07.837+0000] {taskinstance.py:3900} INFO - 0 downstream tasks scheduled from follow-on schedule check
[2024-09-11T16:20:07.851+0000] {local_task_job_runner.py:245} INFO - ::endgroup::
[2024-09-11T16:20:09.243+0000] {standard_task_runner.py:217} INFO - Process not found (most likely exited), stop collecting metrics
