[2024-09-10T18:30:38.913+0000] {local_task_job_runner.py:123} INFO - ::group::Pre task execution logs
[2024-09-10T18:30:39.530+0000] {taskinstance.py:2612} INFO - Dependencies all met for dep_context=non-requeueable deps ti=<TaskInstance: detect_1fn_anomalies_dag.detect_1nf_and_insert_anomalies manual__2024-09-10T18:07:25.936870+00:00 [queued]>
[2024-09-10T18:30:39.560+0000] {taskinstance.py:2612} INFO - Dependencies all met for dep_context=requeueable deps ti=<TaskInstance: detect_1fn_anomalies_dag.detect_1nf_and_insert_anomalies manual__2024-09-10T18:07:25.936870+00:00 [queued]>
[2024-09-10T18:30:39.562+0000] {taskinstance.py:2865} INFO - Starting attempt 4 of 4
[2024-09-10T18:30:39.613+0000] {taskinstance.py:2888} INFO - Executing <Task(PythonOperator): detect_1nf_and_insert_anomalies> on 2024-09-10 18:07:25.936870+00:00
[2024-09-10T18:30:39.640+0000] {standard_task_runner.py:104} INFO - Running: ['airflow', 'tasks', 'run', 'detect_1fn_anomalies_dag', 'detect_1nf_and_insert_anomalies', 'manual__2024-09-10T18:07:25.936870+00:00', '--job-id', '3145', '--raw', '--subdir', 'DAGS_FOLDER/Dag_detect_1FN_anomaly.py', '--cfg-path', '/tmp/tmpndzdv79c']
[2024-09-10T18:30:39.650+0000] {logging_mixin.py:190} WARNING - /home/airflow/.local/lib/python3.12/site-packages/airflow/task/task_runner/standard_task_runner.py:70 DeprecationWarning: This process (pid=4347) is multi-threaded, use of fork() may lead to deadlocks in the child.
[2024-09-10T18:30:39.661+0000] {standard_task_runner.py:72} INFO - Started process 4368 to run task
[2024-09-10T18:30:39.666+0000] {standard_task_runner.py:105} INFO - Job 3145: Subtask detect_1nf_and_insert_anomalies
[2024-09-10T18:30:40.610+0000] {task_command.py:467} INFO - Running <TaskInstance: detect_1fn_anomalies_dag.detect_1nf_and_insert_anomalies manual__2024-09-10T18:07:25.936870+00:00 [running]> on host 5f241b76205c
[2024-09-10T18:30:41.578+0000] {taskinstance.py:3131} INFO - Exporting env vars: AIRFLOW_CTX_DAG_OWNER='airflow' AIRFLOW_CTX_DAG_ID='detect_1fn_anomalies_dag' AIRFLOW_CTX_TASK_ID='detect_1nf_and_insert_anomalies' AIRFLOW_CTX_EXECUTION_DATE='2024-09-10T18:07:25.936870+00:00' AIRFLOW_CTX_TRY_NUMBER='4' AIRFLOW_CTX_DAG_RUN_ID='manual__2024-09-10T18:07:25.936870+00:00'
[2024-09-10T18:30:41.581+0000] {taskinstance.py:731} INFO - ::endgroup::
[2024-09-10T18:30:41.830+0000] {Dag_detect_1FN_anomaly.py:83} INFO - Processing table: customers
[2024-09-10T18:30:41.833+0000] {Dag_detect_1FN_anomaly.py:83} INFO - Processing table: transactions
[2024-09-10T18:30:41.834+0000] {Dag_detect_1FN_anomaly.py:83} INFO - Processing table: products
[2024-09-10T18:30:41.837+0000] {Dag_detect_1FN_anomaly.py:83} INFO - Processing table: orderdetails
[2024-09-10T18:30:41.839+0000] {Dag_detect_1FN_anomaly.py:83} INFO - Processing table: productsuppliers
[2024-09-10T18:30:42.708+0000] {Dag_detect_1FN_anomaly.py:90} INFO - No anomalies detected for table customers
[2024-09-10T18:30:42.715+0000] {Dag_detect_1FN_anomaly.py:83} INFO - Processing table: anomalies
[2024-09-10T18:30:42.731+0000] {Dag_detect_1FN_anomaly.py:90} INFO - No anomalies detected for table products
[2024-09-10T18:30:42.738+0000] {Dag_detect_1FN_anomaly.py:83} INFO - Processing table: log
[2024-09-10T18:30:42.756+0000] {Dag_detect_1FN_anomaly.py:90} INFO - No anomalies detected for table orderdetails
[2024-09-10T18:30:42.761+0000] {Dag_detect_1FN_anomaly.py:83} INFO - Processing table: dag_priority_parsing_request
[2024-09-10T18:30:42.816+0000] {Dag_detect_1FN_anomaly.py:90} INFO - No anomalies detected for table productsuppliers
[2024-09-10T18:30:42.818+0000] {Dag_detect_1FN_anomaly.py:83} INFO - Processing table: job
[2024-09-10T18:30:42.853+0000] {Dag_detect_1FN_anomaly.py:90} INFO - No anomalies detected for table transactions
[2024-09-10T18:30:42.855+0000] {Dag_detect_1FN_anomaly.py:83} INFO - Processing table: anomalies1
[2024-09-10T18:30:43.501+0000] {Dag_detect_1FN_anomaly.py:90} INFO - No anomalies detected for table dag_priority_parsing_request
[2024-09-10T18:30:43.504+0000] {Dag_detect_1FN_anomaly.py:83} INFO - Processing table: slot_pool
[2024-09-10T18:30:43.737+0000] {Dag_detect_1FN_anomaly.py:90} INFO - No anomalies detected for table job
[2024-09-10T18:30:43.740+0000] {Dag_detect_1FN_anomaly.py:83} INFO - Processing table: callback_request
[2024-09-10T18:30:44.682+0000] {Dag_detect_1FN_anomaly.py:88} INFO - Inserted 2 anomalies for table anomalies1
[2024-09-10T18:30:44.701+0000] {Dag_detect_1FN_anomaly.py:88} INFO - Inserted 2 anomalies for table anomalies
[2024-09-10T18:30:44.703+0000] {Dag_detect_1FN_anomaly.py:83} INFO - Processing table: dag_code
[2024-09-10T18:30:44.725+0000] {Dag_detect_1FN_anomaly.py:90} INFO - No anomalies detected for table slot_pool
[2024-09-10T18:30:44.711+0000] {Dag_detect_1FN_anomaly.py:83} INFO - Processing table: dag_pickle
[2024-09-10T18:30:44.751+0000] {Dag_detect_1FN_anomaly.py:90} INFO - No anomalies detected for table callback_request
[2024-09-10T18:30:44.768+0000] {Dag_detect_1FN_anomaly.py:83} INFO - Processing table: ab_user
[2024-09-10T18:30:44.806+0000] {Dag_detect_1FN_anomaly.py:83} INFO - Processing table: ab_register_user
[2024-09-10T18:30:46.024+0000] {Dag_detect_1FN_anomaly.py:90} INFO - No anomalies detected for table dag_pickle
[2024-09-10T18:30:46.034+0000] {Dag_detect_1FN_anomaly.py:83} INFO - Processing table: connection
[2024-09-10T18:30:46.087+0000] {logging_mixin.py:190} WARNING - /opt/airflow/dags/Dag_detect_1FN_anomaly.py:47 SAWarning: Skipped unsupported reflection of expression-based index idx_ab_register_user_username
[2024-09-10T18:30:46.101+0000] {logging_mixin.py:190} WARNING - /opt/airflow/dags/Dag_detect_1FN_anomaly.py:47 SAWarning: Skipped unsupported reflection of expression-based index idx_ab_user_username
[2024-09-10T18:30:46.208+0000] {Dag_detect_1FN_anomaly.py:90} INFO - No anomalies detected for table ab_register_user
[2024-09-10T18:30:46.211+0000] {Dag_detect_1FN_anomaly.py:83} INFO - Processing table: sla_miss
[2024-09-10T18:30:46.248+0000] {Dag_detect_1FN_anomaly.py:90} INFO - No anomalies detected for table ab_user
[2024-09-10T18:30:46.250+0000] {Dag_detect_1FN_anomaly.py:83} INFO - Processing table: variable
[2024-09-10T18:30:46.916+0000] {Dag_detect_1FN_anomaly.py:88} INFO - Inserted 15 anomalies for table dag_code
[2024-09-10T18:30:46.918+0000] {Dag_detect_1FN_anomaly.py:83} INFO - Processing table: import_error
[2024-09-10T18:30:47.176+0000] {Dag_detect_1FN_anomaly.py:90} INFO - No anomalies detected for table connection
[2024-09-10T18:30:47.184+0000] {Dag_detect_1FN_anomaly.py:83} INFO - Processing table: serialized_dag
[2024-09-10T18:30:47.338+0000] {Dag_detect_1FN_anomaly.py:90} INFO - No anomalies detected for table sla_miss
[2024-09-10T18:30:47.344+0000] {Dag_detect_1FN_anomaly.py:83} INFO - Processing table: dataset_alias
[2024-09-10T18:30:47.357+0000] {Dag_detect_1FN_anomaly.py:90} INFO - No anomalies detected for table variable
[2024-09-10T18:30:47.365+0000] {Dag_detect_1FN_anomaly.py:83} INFO - Processing table: dataset_alias_dataset
[2024-09-10T18:30:47.383+0000] {Dag_detect_1FN_anomaly.py:88} INFO - Inserted 7576 anomalies for table log
[2024-09-10T18:30:47.392+0000] {Dag_detect_1FN_anomaly.py:83} INFO - Processing table: dataset
[2024-09-10T18:30:47.636+0000] {Dag_detect_1FN_anomaly.py:90} INFO - No anomalies detected for table import_error
[2024-09-10T18:30:47.638+0000] {Dag_detect_1FN_anomaly.py:83} INFO - Processing table: dataset_alias_dataset_event
[2024-09-10T18:30:47.884+0000] {Dag_detect_1FN_anomaly.py:90} INFO - No anomalies detected for table serialized_dag
[2024-09-10T18:30:47.887+0000] {Dag_detect_1FN_anomaly.py:83} INFO - Processing table: dataset_event
[2024-09-10T18:30:48.147+0000] {Dag_detect_1FN_anomaly.py:90} INFO - No anomalies detected for table dataset_alias
[2024-09-10T18:30:48.150+0000] {Dag_detect_1FN_anomaly.py:83} INFO - Processing table: dag_schedule_dataset_alias_reference
[2024-09-10T18:30:48.213+0000] {Dag_detect_1FN_anomaly.py:90} INFO - No anomalies detected for table dataset
[2024-09-10T18:30:48.217+0000] {Dag_detect_1FN_anomaly.py:83} INFO - Processing table: dag
[2024-09-10T18:30:48.252+0000] {Dag_detect_1FN_anomaly.py:90} INFO - No anomalies detected for table dataset_alias_dataset
[2024-09-10T18:30:48.255+0000] {Dag_detect_1FN_anomaly.py:83} INFO - Processing table: dag_schedule_dataset_reference
[2024-09-10T18:30:48.572+0000] {Dag_detect_1FN_anomaly.py:90} INFO - No anomalies detected for table dataset_alias_dataset_event
[2024-09-10T18:30:48.575+0000] {Dag_detect_1FN_anomaly.py:83} INFO - Processing table: task_outlet_dataset_reference
[2024-09-10T18:30:48.922+0000] {Dag_detect_1FN_anomaly.py:90} INFO - No anomalies detected for table dag_schedule_dataset_alias_reference
[2024-09-10T18:30:48.946+0000] {Dag_detect_1FN_anomaly.py:83} INFO - Processing table: dataset_dag_run_queue
[2024-09-10T18:30:49.102+0000] {Dag_detect_1FN_anomaly.py:90} INFO - No anomalies detected for table dataset_event
[2024-09-10T18:30:49.104+0000] {Dag_detect_1FN_anomaly.py:83} INFO - Processing table: log_template
[2024-09-10T18:30:49.179+0000] {Dag_detect_1FN_anomaly.py:90} INFO - No anomalies detected for table dag_schedule_dataset_reference
[2024-09-10T18:30:49.187+0000] {Dag_detect_1FN_anomaly.py:83} INFO - Processing table: dag_run
[2024-09-10T18:30:49.507+0000] {Dag_detect_1FN_anomaly.py:90} INFO - No anomalies detected for table task_outlet_dataset_reference
[2024-09-10T18:30:49.509+0000] {Dag_detect_1FN_anomaly.py:83} INFO - Processing table: dag_tag
[2024-09-10T18:30:49.707+0000] {Dag_detect_1FN_anomaly.py:90} INFO - No anomalies detected for table dataset_dag_run_queue
[2024-09-10T18:30:49.713+0000] {Dag_detect_1FN_anomaly.py:83} INFO - Processing table: dag_owner_attributes
[2024-09-10T18:30:49.725+0000] {Dag_detect_1FN_anomaly.py:88} INFO - Inserted 7 anomalies for table dag
[2024-09-10T18:30:49.727+0000] {Dag_detect_1FN_anomaly.py:83} INFO - Processing table: ab_permission
[2024-09-10T18:30:49.843+0000] {Dag_detect_1FN_anomaly.py:90} INFO - No anomalies detected for table log_template
[2024-09-10T18:30:49.846+0000] {Dag_detect_1FN_anomaly.py:83} INFO - Processing table: ab_permission_view
[2024-09-10T18:30:50.365+0000] {Dag_detect_1FN_anomaly.py:90} INFO - No anomalies detected for table dag_run
[2024-09-10T18:30:50.368+0000] {Dag_detect_1FN_anomaly.py:83} INFO - Processing table: ab_view_menu
[2024-09-10T18:30:50.458+0000] {Dag_detect_1FN_anomaly.py:90} INFO - No anomalies detected for table dag_tag
[2024-09-10T18:30:50.459+0000] {Dag_detect_1FN_anomaly.py:83} INFO - Processing table: ab_user_role
[2024-09-10T18:30:50.663+0000] {Dag_detect_1FN_anomaly.py:90} INFO - No anomalies detected for table ab_permission
[2024-09-10T18:30:50.666+0000] {Dag_detect_1FN_anomaly.py:83} INFO - Processing table: ab_role
[2024-09-10T18:30:50.708+0000] {Dag_detect_1FN_anomaly.py:90} INFO - No anomalies detected for table dag_owner_attributes
[2024-09-10T18:30:50.710+0000] {Dag_detect_1FN_anomaly.py:83} INFO - Processing table: dag_warning
[2024-09-10T18:30:50.882+0000] {Dag_detect_1FN_anomaly.py:90} INFO - No anomalies detected for table ab_permission_view
[2024-09-10T18:30:50.885+0000] {Dag_detect_1FN_anomaly.py:83} INFO - Processing table: dagrun_dataset_event
[2024-09-10T18:30:51.236+0000] {Dag_detect_1FN_anomaly.py:90} INFO - No anomalies detected for table ab_view_menu
[2024-09-10T18:30:51.240+0000] {Dag_detect_1FN_anomaly.py:83} INFO - Processing table: trigger
[2024-09-10T18:30:51.412+0000] {logging_mixin.py:190} WARNING - /opt/airflow/dags/Dag_detect_1FN_anomaly.py:47 SAWarning: Skipped unsupported reflection of expression-based index idx_ab_user_username
[2024-09-10T18:30:51.455+0000] {Dag_detect_1FN_anomaly.py:90} INFO - No anomalies detected for table ab_user_role
[2024-09-10T18:30:51.458+0000] {Dag_detect_1FN_anomaly.py:83} INFO - Processing table: task_instance
[2024-09-10T18:30:51.534+0000] {Dag_detect_1FN_anomaly.py:90} INFO - No anomalies detected for table ab_role
[2024-09-10T18:30:51.539+0000] {Dag_detect_1FN_anomaly.py:83} INFO - Processing table: dag_run_note
[2024-09-10T18:30:51.609+0000] {Dag_detect_1FN_anomaly.py:90} INFO - No anomalies detected for table dag_warning
[2024-09-10T18:30:51.614+0000] {Dag_detect_1FN_anomaly.py:83} INFO - Processing table: ab_permission_view_role
[2024-09-10T18:30:51.846+0000] {Dag_detect_1FN_anomaly.py:90} INFO - No anomalies detected for table dagrun_dataset_event
[2024-09-10T18:30:51.848+0000] {Dag_detect_1FN_anomaly.py:83} INFO - Processing table: rendered_task_instance_fields
[2024-09-10T18:30:52.114+0000] {Dag_detect_1FN_anomaly.py:90} INFO - No anomalies detected for table trigger
[2024-09-10T18:30:52.116+0000] {Dag_detect_1FN_anomaly.py:83} INFO - Processing table: task_fail
[2024-09-10T18:30:52.655+0000] {logging_mixin.py:190} WARNING - /opt/airflow/dags/Dag_detect_1FN_anomaly.py:47 SAWarning: Skipped unsupported reflection of expression-based index idx_ab_user_username
[2024-09-10T18:30:52.803+0000] {Dag_detect_1FN_anomaly.py:90} INFO - No anomalies detected for table dag_run_note
[2024-09-10T18:30:52.805+0000] {Dag_detect_1FN_anomaly.py:83} INFO - Processing table: task_map
[2024-09-10T18:30:53.003+0000] {Dag_detect_1FN_anomaly.py:90} INFO - No anomalies detected for table task_instance
[2024-09-10T18:30:53.014+0000] {Dag_detect_1FN_anomaly.py:83} INFO - Processing table: task_reschedule
[2024-09-10T18:30:53.058+0000] {Dag_detect_1FN_anomaly.py:90} INFO - No anomalies detected for table ab_permission_view_role
[2024-09-10T18:30:53.064+0000] {Dag_detect_1FN_anomaly.py:83} INFO - Processing table: xcom
[2024-09-10T18:30:53.194+0000] {Dag_detect_1FN_anomaly.py:90} INFO - No anomalies detected for table rendered_task_instance_fields
[2024-09-10T18:30:53.199+0000] {Dag_detect_1FN_anomaly.py:83} INFO - Processing table: task_instance_note
[2024-09-10T18:30:53.368+0000] {Dag_detect_1FN_anomaly.py:90} INFO - No anomalies detected for table task_fail
[2024-09-10T18:30:53.371+0000] {Dag_detect_1FN_anomaly.py:83} INFO - Processing table: task_instance_history
[2024-09-10T18:30:53.903+0000] {Dag_detect_1FN_anomaly.py:90} INFO - No anomalies detected for table task_map
[2024-09-10T18:30:53.911+0000] {Dag_detect_1FN_anomaly.py:83} INFO - Processing table: session
[2024-09-10T18:30:54.461+0000] {Dag_detect_1FN_anomaly.py:90} INFO - No anomalies detected for table task_reschedule
[2024-09-10T18:30:54.468+0000] {Dag_detect_1FN_anomaly.py:83} INFO - Processing table: alembic_version
[2024-09-10T18:30:54.554+0000] {Dag_detect_1FN_anomaly.py:90} INFO - No anomalies detected for table xcom
[2024-09-10T18:30:54.562+0000] {Dag_detect_1FN_anomaly.py:83} INFO - Processing table: orders
[2024-09-10T18:30:54.598+0000] {Dag_detect_1FN_anomaly.py:90} INFO - No anomalies detected for table session
[2024-09-10T18:30:54.602+0000] {Dag_detect_1FN_anomaly.py:83} INFO - Processing table: anomalieDetected
[2024-09-10T18:30:54.614+0000] {logging_mixin.py:190} WARNING - /opt/airflow/dags/Dag_detect_1FN_anomaly.py:47 SAWarning: Skipped unsupported reflection of expression-based index idx_ab_user_username
[2024-09-10T18:30:54.657+0000] {Dag_detect_1FN_anomaly.py:90} INFO - No anomalies detected for table task_instance_note
[2024-09-10T18:30:54.809+0000] {Dag_detect_1FN_anomaly.py:90} INFO - No anomalies detected for table task_instance_history
[2024-09-10T18:30:55.041+0000] {Dag_detect_1FN_anomaly.py:90} INFO - No anomalies detected for table alembic_version
[2024-09-10T18:30:55.115+0000] {Dag_detect_1FN_anomaly.py:90} INFO - No anomalies detected for table orders
[2024-09-10T18:32:37.471+0000] {job.py:229} INFO - Heartbeat recovered after 34.08 seconds
[2024-09-10T18:32:37.696+0000] {local_task_job_runner.py:266} INFO - Task exited with return code -9For more information, see https://airflow.apache.org/docs/apache-airflow/stable/troubleshooting.html#LocalTaskJob-killed
[2024-09-10T18:32:37.993+0000] {taskinstance.py:3900} INFO - 0 downstream tasks scheduled from follow-on schedule check
[2024-09-10T18:32:38.002+0000] {local_task_job_runner.py:245} INFO - ::endgroup::
