[2024-10-12T20:42:05.294+0000] {processor.py:186} INFO - Started process (PID=301) to work on /opt/airflow/dags/Correction_dag_Negative_Value.py
[2024-10-12T20:42:05.296+0000] {processor.py:914} INFO - Processing file /opt/airflow/dags/Correction_dag_Negative_Value.py for tasks to queue
[2024-10-12T20:42:05.299+0000] {logging_mixin.py:190} INFO - [2024-10-12T20:42:05.298+0000] {dagbag.py:587} INFO - Filling up the DagBag from /opt/airflow/dags/Correction_dag_Negative_Value.py
[2024-10-12T20:42:05.337+0000] {processor.py:925} INFO - DAG(s) 'correction_Dag_Negative_Value' retrieved from /opt/airflow/dags/Correction_dag_Negative_Value.py
[2024-10-12T20:42:05.466+0000] {logging_mixin.py:190} INFO - [2024-10-12T20:42:05.466+0000] {dag.py:3229} INFO - Sync 1 DAGs
[2024-10-12T20:42:05.522+0000] {logging_mixin.py:190} INFO - [2024-10-12T20:42:05.522+0000] {dag.py:4156} INFO - Setting next_dagrun for correction_Dag_Negative_Value to 2024-10-12 20:40:00+00:00, run_after=2024-10-12 20:45:00+00:00
[2024-10-12T20:42:05.565+0000] {processor.py:208} INFO - Processing /opt/airflow/dags/Correction_dag_Negative_Value.py took 0.283 seconds
[2024-10-12T20:42:36.485+0000] {processor.py:186} INFO - Started process (PID=386) to work on /opt/airflow/dags/Correction_dag_Negative_Value.py
[2024-10-12T20:42:36.486+0000] {processor.py:914} INFO - Processing file /opt/airflow/dags/Correction_dag_Negative_Value.py for tasks to queue
[2024-10-12T20:42:36.489+0000] {logging_mixin.py:190} INFO - [2024-10-12T20:42:36.489+0000] {dagbag.py:587} INFO - Filling up the DagBag from /opt/airflow/dags/Correction_dag_Negative_Value.py
[2024-10-12T20:42:36.514+0000] {processor.py:925} INFO - DAG(s) 'correction_Dag_Negative_Value' retrieved from /opt/airflow/dags/Correction_dag_Negative_Value.py
[2024-10-12T20:42:36.610+0000] {logging_mixin.py:190} INFO - [2024-10-12T20:42:36.610+0000] {dag.py:3229} INFO - Sync 1 DAGs
[2024-10-12T20:42:36.666+0000] {logging_mixin.py:190} INFO - [2024-10-12T20:42:36.665+0000] {dag.py:4156} INFO - Setting next_dagrun for correction_Dag_Negative_Value to 2024-10-12 20:40:00+00:00, run_after=2024-10-12 20:45:00+00:00
[2024-10-12T20:42:36.708+0000] {processor.py:208} INFO - Processing /opt/airflow/dags/Correction_dag_Negative_Value.py took 0.232 seconds
[2024-10-12T20:43:08.527+0000] {processor.py:186} INFO - Started process (PID=471) to work on /opt/airflow/dags/Correction_dag_Negative_Value.py
[2024-10-12T20:43:08.529+0000] {processor.py:914} INFO - Processing file /opt/airflow/dags/Correction_dag_Negative_Value.py for tasks to queue
[2024-10-12T20:43:08.533+0000] {logging_mixin.py:190} INFO - [2024-10-12T20:43:08.532+0000] {dagbag.py:587} INFO - Filling up the DagBag from /opt/airflow/dags/Correction_dag_Negative_Value.py
[2024-10-12T20:43:08.569+0000] {processor.py:925} INFO - DAG(s) 'correction_Dag_Negative_Value' retrieved from /opt/airflow/dags/Correction_dag_Negative_Value.py
[2024-10-12T20:43:08.691+0000] {logging_mixin.py:190} INFO - [2024-10-12T20:43:08.690+0000] {dag.py:3229} INFO - Sync 1 DAGs
[2024-10-12T20:43:08.748+0000] {logging_mixin.py:190} INFO - [2024-10-12T20:43:08.747+0000] {dag.py:4156} INFO - Setting next_dagrun for correction_Dag_Negative_Value to 2024-10-12 20:40:00+00:00, run_after=2024-10-12 20:45:00+00:00
[2024-10-12T20:43:08.794+0000] {processor.py:208} INFO - Processing /opt/airflow/dags/Correction_dag_Negative_Value.py took 0.283 seconds
[2024-10-12T20:43:41.079+0000] {processor.py:186} INFO - Started process (PID=566) to work on /opt/airflow/dags/Correction_dag_Negative_Value.py
[2024-10-12T20:43:41.081+0000] {processor.py:914} INFO - Processing file /opt/airflow/dags/Correction_dag_Negative_Value.py for tasks to queue
[2024-10-12T20:43:41.084+0000] {logging_mixin.py:190} INFO - [2024-10-12T20:43:41.083+0000] {dagbag.py:587} INFO - Filling up the DagBag from /opt/airflow/dags/Correction_dag_Negative_Value.py
[2024-10-12T20:43:41.121+0000] {processor.py:925} INFO - DAG(s) 'correction_Dag_Negative_Value' retrieved from /opt/airflow/dags/Correction_dag_Negative_Value.py
[2024-10-12T20:43:41.265+0000] {logging_mixin.py:190} INFO - [2024-10-12T20:43:41.265+0000] {dag.py:3229} INFO - Sync 1 DAGs
[2024-10-12T20:43:41.320+0000] {logging_mixin.py:190} INFO - [2024-10-12T20:43:41.320+0000] {dag.py:4156} INFO - Setting next_dagrun for correction_Dag_Negative_Value to 2024-10-12 20:40:00+00:00, run_after=2024-10-12 20:45:00+00:00
[2024-10-12T20:43:41.363+0000] {processor.py:208} INFO - Processing /opt/airflow/dags/Correction_dag_Negative_Value.py took 0.297 seconds
[2024-10-12T20:44:13.135+0000] {processor.py:186} INFO - Started process (PID=651) to work on /opt/airflow/dags/Correction_dag_Negative_Value.py
[2024-10-12T20:44:13.137+0000] {processor.py:914} INFO - Processing file /opt/airflow/dags/Correction_dag_Negative_Value.py for tasks to queue
[2024-10-12T20:44:13.140+0000] {logging_mixin.py:190} INFO - [2024-10-12T20:44:13.139+0000] {dagbag.py:587} INFO - Filling up the DagBag from /opt/airflow/dags/Correction_dag_Negative_Value.py
[2024-10-12T20:44:13.169+0000] {processor.py:925} INFO - DAG(s) 'correction_Dag_Negative_Value' retrieved from /opt/airflow/dags/Correction_dag_Negative_Value.py
[2024-10-12T20:44:13.300+0000] {logging_mixin.py:190} INFO - [2024-10-12T20:44:13.300+0000] {dag.py:3229} INFO - Sync 1 DAGs
[2024-10-12T20:44:13.353+0000] {logging_mixin.py:190} INFO - [2024-10-12T20:44:13.353+0000] {dag.py:4156} INFO - Setting next_dagrun for correction_Dag_Negative_Value to 2024-10-12 20:40:00+00:00, run_after=2024-10-12 20:45:00+00:00
[2024-10-12T20:44:13.397+0000] {processor.py:208} INFO - Processing /opt/airflow/dags/Correction_dag_Negative_Value.py took 0.270 seconds
[2024-10-12T20:44:45.189+0000] {processor.py:186} INFO - Started process (PID=736) to work on /opt/airflow/dags/Correction_dag_Negative_Value.py
[2024-10-12T20:44:45.191+0000] {processor.py:914} INFO - Processing file /opt/airflow/dags/Correction_dag_Negative_Value.py for tasks to queue
[2024-10-12T20:44:45.193+0000] {logging_mixin.py:190} INFO - [2024-10-12T20:44:45.193+0000] {dagbag.py:587} INFO - Filling up the DagBag from /opt/airflow/dags/Correction_dag_Negative_Value.py
[2024-10-12T20:44:45.231+0000] {processor.py:925} INFO - DAG(s) 'correction_Dag_Negative_Value' retrieved from /opt/airflow/dags/Correction_dag_Negative_Value.py
[2024-10-12T20:44:45.406+0000] {logging_mixin.py:190} INFO - [2024-10-12T20:44:45.405+0000] {dag.py:3229} INFO - Sync 1 DAGs
[2024-10-12T20:44:45.501+0000] {logging_mixin.py:190} INFO - [2024-10-12T20:44:45.500+0000] {dag.py:4156} INFO - Setting next_dagrun for correction_Dag_Negative_Value to 2024-10-12 20:40:00+00:00, run_after=2024-10-12 20:45:00+00:00
[2024-10-12T20:44:45.550+0000] {processor.py:208} INFO - Processing /opt/airflow/dags/Correction_dag_Negative_Value.py took 0.371 seconds
[2024-10-12T20:45:54.938+0000] {processor.py:186} INFO - Started process (PID=859) to work on /opt/airflow/dags/Correction_dag_Negative_Value.py
[2024-10-12T20:45:54.941+0000] {processor.py:914} INFO - Processing file /opt/airflow/dags/Correction_dag_Negative_Value.py for tasks to queue
[2024-10-12T20:45:54.944+0000] {logging_mixin.py:190} INFO - [2024-10-12T20:45:54.943+0000] {dagbag.py:587} INFO - Filling up the DagBag from /opt/airflow/dags/Correction_dag_Negative_Value.py
[2024-10-12T20:45:54.978+0000] {processor.py:925} INFO - DAG(s) 'correction_Dag_Negative_Value' retrieved from /opt/airflow/dags/Correction_dag_Negative_Value.py
[2024-10-12T20:45:55.163+0000] {logging_mixin.py:190} INFO - [2024-10-12T20:45:55.162+0000] {dag.py:3229} INFO - Sync 1 DAGs
[2024-10-12T20:45:55.234+0000] {logging_mixin.py:190} INFO - [2024-10-12T20:45:55.232+0000] {dag.py:4156} INFO - Setting next_dagrun for correction_Dag_Negative_Value to 2024-10-12 20:45:00+00:00, run_after=2024-10-12 20:50:00+00:00
[2024-10-12T20:45:55.280+0000] {processor.py:208} INFO - Processing /opt/airflow/dags/Correction_dag_Negative_Value.py took 0.351 seconds
[2024-10-12T20:46:26.459+0000] {processor.py:186} INFO - Started process (PID=938) to work on /opt/airflow/dags/Correction_dag_Negative_Value.py
[2024-10-12T20:46:26.461+0000] {processor.py:914} INFO - Processing file /opt/airflow/dags/Correction_dag_Negative_Value.py for tasks to queue
[2024-10-12T20:46:26.463+0000] {logging_mixin.py:190} INFO - [2024-10-12T20:46:26.463+0000] {dagbag.py:587} INFO - Filling up the DagBag from /opt/airflow/dags/Correction_dag_Negative_Value.py
[2024-10-12T20:46:26.495+0000] {processor.py:925} INFO - DAG(s) 'correction_Dag_Negative_Value' retrieved from /opt/airflow/dags/Correction_dag_Negative_Value.py
[2024-10-12T20:46:26.650+0000] {logging_mixin.py:190} INFO - [2024-10-12T20:46:26.649+0000] {dag.py:3229} INFO - Sync 1 DAGs
[2024-10-12T20:46:26.703+0000] {logging_mixin.py:190} INFO - [2024-10-12T20:46:26.703+0000] {dag.py:4156} INFO - Setting next_dagrun for correction_Dag_Negative_Value to 2024-10-12 20:45:00+00:00, run_after=2024-10-12 20:50:00+00:00
[2024-10-12T20:46:26.743+0000] {processor.py:208} INFO - Processing /opt/airflow/dags/Correction_dag_Negative_Value.py took 0.295 seconds
[2024-10-12T20:46:59.056+0000] {processor.py:186} INFO - Started process (PID=1037) to work on /opt/airflow/dags/Correction_dag_Negative_Value.py
[2024-10-12T20:46:59.058+0000] {processor.py:914} INFO - Processing file /opt/airflow/dags/Correction_dag_Negative_Value.py for tasks to queue
[2024-10-12T20:46:59.062+0000] {logging_mixin.py:190} INFO - [2024-10-12T20:46:59.061+0000] {dagbag.py:587} INFO - Filling up the DagBag from /opt/airflow/dags/Correction_dag_Negative_Value.py
[2024-10-12T20:46:59.134+0000] {processor.py:925} INFO - DAG(s) 'correction_Dag_Negative_Value' retrieved from /opt/airflow/dags/Correction_dag_Negative_Value.py
[2024-10-12T20:46:59.400+0000] {logging_mixin.py:190} INFO - [2024-10-12T20:46:59.400+0000] {dag.py:3229} INFO - Sync 1 DAGs
[2024-10-12T20:46:59.536+0000] {logging_mixin.py:190} INFO - [2024-10-12T20:46:59.535+0000] {dag.py:4156} INFO - Setting next_dagrun for correction_Dag_Negative_Value to 2024-10-12 20:45:00+00:00, run_after=2024-10-12 20:50:00+00:00
[2024-10-12T20:46:59.655+0000] {processor.py:208} INFO - Processing /opt/airflow/dags/Correction_dag_Negative_Value.py took 0.615 seconds
[2024-10-12T20:47:40.127+0000] {processor.py:186} INFO - Started process (PID=1177) to work on /opt/airflow/dags/Correction_dag_Negative_Value.py
[2024-10-12T20:47:40.133+0000] {processor.py:914} INFO - Processing file /opt/airflow/dags/Correction_dag_Negative_Value.py for tasks to queue
[2024-10-12T20:47:40.135+0000] {logging_mixin.py:190} INFO - [2024-10-12T20:47:40.134+0000] {dagbag.py:587} INFO - Filling up the DagBag from /opt/airflow/dags/Correction_dag_Negative_Value.py
[2024-10-12T20:47:40.165+0000] {processor.py:925} INFO - DAG(s) 'correction_Dag_Negative_Value' retrieved from /opt/airflow/dags/Correction_dag_Negative_Value.py
[2024-10-12T20:47:40.353+0000] {logging_mixin.py:190} INFO - [2024-10-12T20:47:40.352+0000] {dag.py:3229} INFO - Sync 1 DAGs
[2024-10-12T20:47:40.421+0000] {logging_mixin.py:190} INFO - [2024-10-12T20:47:40.421+0000] {dag.py:4156} INFO - Setting next_dagrun for correction_Dag_Negative_Value to 2024-10-12 20:45:00+00:00, run_after=2024-10-12 20:50:00+00:00
[2024-10-12T20:47:40.698+0000] {processor.py:208} INFO - Processing /opt/airflow/dags/Correction_dag_Negative_Value.py took 0.582 seconds
[2024-10-12T20:48:11.578+0000] {processor.py:186} INFO - Started process (PID=1262) to work on /opt/airflow/dags/Correction_dag_Negative_Value.py
[2024-10-12T20:48:11.580+0000] {processor.py:914} INFO - Processing file /opt/airflow/dags/Correction_dag_Negative_Value.py for tasks to queue
[2024-10-12T20:48:11.582+0000] {logging_mixin.py:190} INFO - [2024-10-12T20:48:11.582+0000] {dagbag.py:587} INFO - Filling up the DagBag from /opt/airflow/dags/Correction_dag_Negative_Value.py
[2024-10-12T20:48:11.612+0000] {processor.py:925} INFO - DAG(s) 'correction_Dag_Negative_Value' retrieved from /opt/airflow/dags/Correction_dag_Negative_Value.py
[2024-10-12T20:48:11.755+0000] {logging_mixin.py:190} INFO - [2024-10-12T20:48:11.754+0000] {dag.py:3229} INFO - Sync 1 DAGs
[2024-10-12T20:48:11.827+0000] {logging_mixin.py:190} INFO - [2024-10-12T20:48:11.827+0000] {dag.py:4156} INFO - Setting next_dagrun for correction_Dag_Negative_Value to 2024-10-12 20:45:00+00:00, run_after=2024-10-12 20:50:00+00:00
[2024-10-12T20:48:11.877+0000] {processor.py:208} INFO - Processing /opt/airflow/dags/Correction_dag_Negative_Value.py took 0.309 seconds
[2024-10-12T20:48:43.373+0000] {processor.py:186} INFO - Started process (PID=1347) to work on /opt/airflow/dags/Correction_dag_Negative_Value.py
[2024-10-12T20:48:43.374+0000] {processor.py:914} INFO - Processing file /opt/airflow/dags/Correction_dag_Negative_Value.py for tasks to queue
[2024-10-12T20:48:43.378+0000] {logging_mixin.py:190} INFO - [2024-10-12T20:48:43.377+0000] {dagbag.py:587} INFO - Filling up the DagBag from /opt/airflow/dags/Correction_dag_Negative_Value.py
[2024-10-12T20:48:43.408+0000] {processor.py:925} INFO - DAG(s) 'correction_Dag_Negative_Value' retrieved from /opt/airflow/dags/Correction_dag_Negative_Value.py
[2024-10-12T20:48:43.606+0000] {logging_mixin.py:190} INFO - [2024-10-12T20:48:43.605+0000] {dag.py:3229} INFO - Sync 1 DAGs
[2024-10-12T20:48:43.671+0000] {logging_mixin.py:190} INFO - [2024-10-12T20:48:43.671+0000] {dag.py:4156} INFO - Setting next_dagrun for correction_Dag_Negative_Value to 2024-10-12 20:45:00+00:00, run_after=2024-10-12 20:50:00+00:00
[2024-10-12T20:48:43.724+0000] {processor.py:208} INFO - Processing /opt/airflow/dags/Correction_dag_Negative_Value.py took 0.358 seconds
[2024-10-12T20:49:14.516+0000] {processor.py:186} INFO - Started process (PID=1432) to work on /opt/airflow/dags/Correction_dag_Negative_Value.py
[2024-10-12T20:49:14.517+0000] {processor.py:914} INFO - Processing file /opt/airflow/dags/Correction_dag_Negative_Value.py for tasks to queue
[2024-10-12T20:49:14.519+0000] {logging_mixin.py:190} INFO - [2024-10-12T20:49:14.519+0000] {dagbag.py:587} INFO - Filling up the DagBag from /opt/airflow/dags/Correction_dag_Negative_Value.py
[2024-10-12T20:49:14.561+0000] {processor.py:925} INFO - DAG(s) 'correction_Dag_Negative_Value' retrieved from /opt/airflow/dags/Correction_dag_Negative_Value.py
[2024-10-12T20:49:14.742+0000] {logging_mixin.py:190} INFO - [2024-10-12T20:49:14.742+0000] {dag.py:3229} INFO - Sync 1 DAGs
[2024-10-12T20:49:14.810+0000] {logging_mixin.py:190} INFO - [2024-10-12T20:49:14.810+0000] {dag.py:4156} INFO - Setting next_dagrun for correction_Dag_Negative_Value to 2024-10-12 20:45:00+00:00, run_after=2024-10-12 20:50:00+00:00
[2024-10-12T20:49:14.867+0000] {processor.py:208} INFO - Processing /opt/airflow/dags/Correction_dag_Negative_Value.py took 0.358 seconds
[2024-10-12T20:49:46.119+0000] {processor.py:186} INFO - Started process (PID=1511) to work on /opt/airflow/dags/Correction_dag_Negative_Value.py
[2024-10-12T20:49:46.121+0000] {processor.py:914} INFO - Processing file /opt/airflow/dags/Correction_dag_Negative_Value.py for tasks to queue
[2024-10-12T20:49:46.123+0000] {logging_mixin.py:190} INFO - [2024-10-12T20:49:46.123+0000] {dagbag.py:587} INFO - Filling up the DagBag from /opt/airflow/dags/Correction_dag_Negative_Value.py
[2024-10-12T20:49:46.161+0000] {processor.py:925} INFO - DAG(s) 'correction_Dag_Negative_Value' retrieved from /opt/airflow/dags/Correction_dag_Negative_Value.py
[2024-10-12T20:49:46.317+0000] {logging_mixin.py:190} INFO - [2024-10-12T20:49:46.317+0000] {dag.py:3229} INFO - Sync 1 DAGs
[2024-10-12T20:49:46.380+0000] {logging_mixin.py:190} INFO - [2024-10-12T20:49:46.380+0000] {dag.py:4156} INFO - Setting next_dagrun for correction_Dag_Negative_Value to 2024-10-12 20:45:00+00:00, run_after=2024-10-12 20:50:00+00:00
[2024-10-12T20:49:46.426+0000] {processor.py:208} INFO - Processing /opt/airflow/dags/Correction_dag_Negative_Value.py took 0.318 seconds
[2024-10-12T20:50:31.884+0000] {processor.py:186} INFO - Started process (PID=1648) to work on /opt/airflow/dags/Correction_dag_Negative_Value.py
[2024-10-12T20:50:31.886+0000] {processor.py:914} INFO - Processing file /opt/airflow/dags/Correction_dag_Negative_Value.py for tasks to queue
[2024-10-12T20:50:31.889+0000] {logging_mixin.py:190} INFO - [2024-10-12T20:50:31.888+0000] {dagbag.py:587} INFO - Filling up the DagBag from /opt/airflow/dags/Correction_dag_Negative_Value.py
[2024-10-12T20:50:31.932+0000] {processor.py:925} INFO - DAG(s) 'correction_Dag_Negative_Value' retrieved from /opt/airflow/dags/Correction_dag_Negative_Value.py
[2024-10-12T20:50:32.111+0000] {logging_mixin.py:190} INFO - [2024-10-12T20:50:32.110+0000] {dag.py:3229} INFO - Sync 1 DAGs
[2024-10-12T20:50:32.207+0000] {logging_mixin.py:190} INFO - [2024-10-12T20:50:32.206+0000] {dag.py:4156} INFO - Setting next_dagrun for correction_Dag_Negative_Value to 2024-10-12 20:50:00+00:00, run_after=2024-10-12 20:55:00+00:00
[2024-10-12T20:50:32.295+0000] {processor.py:208} INFO - Processing /opt/airflow/dags/Correction_dag_Negative_Value.py took 0.426 seconds
[2024-10-12T20:52:05.422+0000] {processor.py:186} INFO - Started process (PID=1796) to work on /opt/airflow/dags/Correction_dag_Negative_Value.py
[2024-10-12T20:52:05.424+0000] {processor.py:914} INFO - Processing file /opt/airflow/dags/Correction_dag_Negative_Value.py for tasks to queue
[2024-10-12T20:52:05.426+0000] {logging_mixin.py:190} INFO - [2024-10-12T20:52:05.426+0000] {dagbag.py:587} INFO - Filling up the DagBag from /opt/airflow/dags/Correction_dag_Negative_Value.py
[2024-10-12T20:52:05.461+0000] {processor.py:925} INFO - DAG(s) 'correction_Dag_Negative_Value' retrieved from /opt/airflow/dags/Correction_dag_Negative_Value.py
[2024-10-12T20:52:05.623+0000] {logging_mixin.py:190} INFO - [2024-10-12T20:52:05.623+0000] {dag.py:3229} INFO - Sync 1 DAGs
[2024-10-12T20:52:05.687+0000] {logging_mixin.py:190} INFO - [2024-10-12T20:52:05.687+0000] {dag.py:4156} INFO - Setting next_dagrun for correction_Dag_Negative_Value to 2024-10-12 20:50:00+00:00, run_after=2024-10-12 20:55:00+00:00
[2024-10-12T20:52:05.734+0000] {processor.py:208} INFO - Processing /opt/airflow/dags/Correction_dag_Negative_Value.py took 0.322 seconds
[2024-10-12T20:52:36.501+0000] {processor.py:186} INFO - Started process (PID=1881) to work on /opt/airflow/dags/Correction_dag_Negative_Value.py
[2024-10-12T20:52:36.503+0000] {processor.py:914} INFO - Processing file /opt/airflow/dags/Correction_dag_Negative_Value.py for tasks to queue
[2024-10-12T20:52:36.505+0000] {logging_mixin.py:190} INFO - [2024-10-12T20:52:36.505+0000] {dagbag.py:587} INFO - Filling up the DagBag from /opt/airflow/dags/Correction_dag_Negative_Value.py
[2024-10-12T20:52:36.539+0000] {processor.py:925} INFO - DAG(s) 'correction_Dag_Negative_Value' retrieved from /opt/airflow/dags/Correction_dag_Negative_Value.py
[2024-10-12T20:52:36.691+0000] {logging_mixin.py:190} INFO - [2024-10-12T20:52:36.691+0000] {dag.py:3229} INFO - Sync 1 DAGs
[2024-10-12T20:52:36.743+0000] {logging_mixin.py:190} INFO - [2024-10-12T20:52:36.743+0000] {dag.py:4156} INFO - Setting next_dagrun for correction_Dag_Negative_Value to 2024-10-12 20:50:00+00:00, run_after=2024-10-12 20:55:00+00:00
[2024-10-12T20:52:36.795+0000] {processor.py:208} INFO - Processing /opt/airflow/dags/Correction_dag_Negative_Value.py took 0.304 seconds
[2024-10-12T20:53:07.628+0000] {processor.py:186} INFO - Started process (PID=1966) to work on /opt/airflow/dags/Correction_dag_Negative_Value.py
[2024-10-12T20:53:07.630+0000] {processor.py:914} INFO - Processing file /opt/airflow/dags/Correction_dag_Negative_Value.py for tasks to queue
[2024-10-12T20:53:07.632+0000] {logging_mixin.py:190} INFO - [2024-10-12T20:53:07.631+0000] {dagbag.py:587} INFO - Filling up the DagBag from /opt/airflow/dags/Correction_dag_Negative_Value.py
[2024-10-12T20:53:07.671+0000] {processor.py:925} INFO - DAG(s) 'correction_Dag_Negative_Value' retrieved from /opt/airflow/dags/Correction_dag_Negative_Value.py
[2024-10-12T20:53:07.888+0000] {logging_mixin.py:190} INFO - [2024-10-12T20:53:07.888+0000] {dag.py:3229} INFO - Sync 1 DAGs
[2024-10-12T20:53:07.963+0000] {logging_mixin.py:190} INFO - [2024-10-12T20:53:07.963+0000] {dag.py:4156} INFO - Setting next_dagrun for correction_Dag_Negative_Value to 2024-10-12 20:50:00+00:00, run_after=2024-10-12 20:55:00+00:00
[2024-10-12T20:53:07.999+0000] {processor.py:208} INFO - Processing /opt/airflow/dags/Correction_dag_Negative_Value.py took 0.379 seconds
[2024-10-12T20:53:38.833+0000] {processor.py:186} INFO - Started process (PID=2050) to work on /opt/airflow/dags/Correction_dag_Negative_Value.py
[2024-10-12T20:53:38.835+0000] {processor.py:914} INFO - Processing file /opt/airflow/dags/Correction_dag_Negative_Value.py for tasks to queue
[2024-10-12T20:53:38.838+0000] {logging_mixin.py:190} INFO - [2024-10-12T20:53:38.837+0000] {dagbag.py:587} INFO - Filling up the DagBag from /opt/airflow/dags/Correction_dag_Negative_Value.py
[2024-10-12T20:53:38.888+0000] {processor.py:925} INFO - DAG(s) 'correction_Dag_Negative_Value' retrieved from /opt/airflow/dags/Correction_dag_Negative_Value.py
[2024-10-12T20:53:39.071+0000] {logging_mixin.py:190} INFO - [2024-10-12T20:53:39.070+0000] {dag.py:3229} INFO - Sync 1 DAGs
[2024-10-12T20:53:39.132+0000] {logging_mixin.py:190} INFO - [2024-10-12T20:53:39.132+0000] {dag.py:4156} INFO - Setting next_dagrun for correction_Dag_Negative_Value to 2024-10-12 20:50:00+00:00, run_after=2024-10-12 20:55:00+00:00
[2024-10-12T20:53:39.175+0000] {processor.py:208} INFO - Processing /opt/airflow/dags/Correction_dag_Negative_Value.py took 0.354 seconds
[2024-10-12T20:54:09.836+0000] {processor.py:186} INFO - Started process (PID=2130) to work on /opt/airflow/dags/Correction_dag_Negative_Value.py
[2024-10-12T20:54:09.839+0000] {processor.py:914} INFO - Processing file /opt/airflow/dags/Correction_dag_Negative_Value.py for tasks to queue
[2024-10-12T20:54:09.844+0000] {logging_mixin.py:190} INFO - [2024-10-12T20:54:09.842+0000] {dagbag.py:587} INFO - Filling up the DagBag from /opt/airflow/dags/Correction_dag_Negative_Value.py
[2024-10-12T20:54:09.876+0000] {processor.py:925} INFO - DAG(s) 'correction_Dag_Negative_Value' retrieved from /opt/airflow/dags/Correction_dag_Negative_Value.py
[2024-10-12T20:54:09.980+0000] {logging_mixin.py:190} INFO - [2024-10-12T20:54:09.979+0000] {dag.py:3229} INFO - Sync 1 DAGs
[2024-10-12T20:54:10.025+0000] {logging_mixin.py:190} INFO - [2024-10-12T20:54:10.025+0000] {dag.py:4156} INFO - Setting next_dagrun for correction_Dag_Negative_Value to 2024-10-12 20:50:00+00:00, run_after=2024-10-12 20:55:00+00:00
[2024-10-12T20:54:10.064+0000] {processor.py:208} INFO - Processing /opt/airflow/dags/Correction_dag_Negative_Value.py took 0.244 seconds
[2024-10-12T20:54:40.778+0000] {processor.py:186} INFO - Started process (PID=2220) to work on /opt/airflow/dags/Correction_dag_Negative_Value.py
[2024-10-12T20:54:40.780+0000] {processor.py:914} INFO - Processing file /opt/airflow/dags/Correction_dag_Negative_Value.py for tasks to queue
[2024-10-12T20:54:40.782+0000] {logging_mixin.py:190} INFO - [2024-10-12T20:54:40.781+0000] {dagbag.py:587} INFO - Filling up the DagBag from /opt/airflow/dags/Correction_dag_Negative_Value.py
[2024-10-12T20:54:40.809+0000] {processor.py:925} INFO - DAG(s) 'correction_Dag_Negative_Value' retrieved from /opt/airflow/dags/Correction_dag_Negative_Value.py
[2024-10-12T20:54:40.934+0000] {logging_mixin.py:190} INFO - [2024-10-12T20:54:40.933+0000] {dag.py:3229} INFO - Sync 1 DAGs
[2024-10-12T20:54:41.022+0000] {logging_mixin.py:190} INFO - [2024-10-12T20:54:41.021+0000] {dag.py:4156} INFO - Setting next_dagrun for correction_Dag_Negative_Value to 2024-10-12 20:50:00+00:00, run_after=2024-10-12 20:55:00+00:00
[2024-10-12T20:54:41.062+0000] {processor.py:208} INFO - Processing /opt/airflow/dags/Correction_dag_Negative_Value.py took 0.291 seconds
[2024-10-12T20:55:14.183+0000] {processor.py:186} INFO - Started process (PID=2346) to work on /opt/airflow/dags/Correction_dag_Negative_Value.py
[2024-10-12T20:55:14.189+0000] {processor.py:914} INFO - Processing file /opt/airflow/dags/Correction_dag_Negative_Value.py for tasks to queue
[2024-10-12T20:55:14.192+0000] {logging_mixin.py:190} INFO - [2024-10-12T20:55:14.191+0000] {dagbag.py:587} INFO - Filling up the DagBag from /opt/airflow/dags/Correction_dag_Negative_Value.py
[2024-10-12T20:55:14.233+0000] {processor.py:925} INFO - DAG(s) 'correction_Dag_Negative_Value' retrieved from /opt/airflow/dags/Correction_dag_Negative_Value.py
[2024-10-12T20:55:14.464+0000] {logging_mixin.py:190} INFO - [2024-10-12T20:55:14.464+0000] {dag.py:3229} INFO - Sync 1 DAGs
[2024-10-12T20:55:14.527+0000] {logging_mixin.py:190} INFO - [2024-10-12T20:55:14.526+0000] {dag.py:4156} INFO - Setting next_dagrun for correction_Dag_Negative_Value to 2024-10-12 20:55:00+00:00, run_after=2024-10-12 21:00:00+00:00
[2024-10-12T20:55:14.570+0000] {processor.py:208} INFO - Processing /opt/airflow/dags/Correction_dag_Negative_Value.py took 0.402 seconds
[2024-10-12T20:55:45.188+0000] {processor.py:186} INFO - Started process (PID=2430) to work on /opt/airflow/dags/Correction_dag_Negative_Value.py
[2024-10-12T20:55:45.189+0000] {processor.py:914} INFO - Processing file /opt/airflow/dags/Correction_dag_Negative_Value.py for tasks to queue
[2024-10-12T20:55:45.191+0000] {logging_mixin.py:190} INFO - [2024-10-12T20:55:45.191+0000] {dagbag.py:587} INFO - Filling up the DagBag from /opt/airflow/dags/Correction_dag_Negative_Value.py
[2024-10-12T20:55:45.220+0000] {processor.py:925} INFO - DAG(s) 'correction_Dag_Negative_Value' retrieved from /opt/airflow/dags/Correction_dag_Negative_Value.py
[2024-10-12T20:55:45.380+0000] {logging_mixin.py:190} INFO - [2024-10-12T20:55:45.379+0000] {dag.py:3229} INFO - Sync 1 DAGs
[2024-10-12T20:55:45.468+0000] {logging_mixin.py:190} INFO - [2024-10-12T20:55:45.467+0000] {dag.py:4156} INFO - Setting next_dagrun for correction_Dag_Negative_Value to 2024-10-12 20:55:00+00:00, run_after=2024-10-12 21:00:00+00:00
[2024-10-12T20:55:45.513+0000] {processor.py:208} INFO - Processing /opt/airflow/dags/Correction_dag_Negative_Value.py took 0.333 seconds
[2024-10-12T20:56:16.406+0000] {processor.py:186} INFO - Started process (PID=2515) to work on /opt/airflow/dags/Correction_dag_Negative_Value.py
[2024-10-12T20:56:16.408+0000] {processor.py:914} INFO - Processing file /opt/airflow/dags/Correction_dag_Negative_Value.py for tasks to queue
[2024-10-12T20:56:16.410+0000] {logging_mixin.py:190} INFO - [2024-10-12T20:56:16.409+0000] {dagbag.py:587} INFO - Filling up the DagBag from /opt/airflow/dags/Correction_dag_Negative_Value.py
[2024-10-12T20:56:16.441+0000] {processor.py:925} INFO - DAG(s) 'correction_Dag_Negative_Value' retrieved from /opt/airflow/dags/Correction_dag_Negative_Value.py
[2024-10-12T20:56:16.585+0000] {logging_mixin.py:190} INFO - [2024-10-12T20:56:16.585+0000] {dag.py:3229} INFO - Sync 1 DAGs
[2024-10-12T20:56:16.662+0000] {logging_mixin.py:190} INFO - [2024-10-12T20:56:16.661+0000] {dag.py:4156} INFO - Setting next_dagrun for correction_Dag_Negative_Value to 2024-10-12 20:55:00+00:00, run_after=2024-10-12 21:00:00+00:00
[2024-10-12T20:56:16.717+0000] {processor.py:208} INFO - Processing /opt/airflow/dags/Correction_dag_Negative_Value.py took 0.321 seconds
[2024-10-12T20:56:47.302+0000] {processor.py:186} INFO - Started process (PID=2594) to work on /opt/airflow/dags/Correction_dag_Negative_Value.py
[2024-10-12T20:56:47.304+0000] {processor.py:914} INFO - Processing file /opt/airflow/dags/Correction_dag_Negative_Value.py for tasks to queue
[2024-10-12T20:56:47.306+0000] {logging_mixin.py:190} INFO - [2024-10-12T20:56:47.306+0000] {dagbag.py:587} INFO - Filling up the DagBag from /opt/airflow/dags/Correction_dag_Negative_Value.py
[2024-10-12T20:56:47.337+0000] {processor.py:925} INFO - DAG(s) 'correction_Dag_Negative_Value' retrieved from /opt/airflow/dags/Correction_dag_Negative_Value.py
[2024-10-12T20:56:47.500+0000] {logging_mixin.py:190} INFO - [2024-10-12T20:56:47.499+0000] {dag.py:3229} INFO - Sync 1 DAGs
[2024-10-12T20:56:47.561+0000] {logging_mixin.py:190} INFO - [2024-10-12T20:56:47.560+0000] {dag.py:4156} INFO - Setting next_dagrun for correction_Dag_Negative_Value to 2024-10-12 20:55:00+00:00, run_after=2024-10-12 21:00:00+00:00
[2024-10-12T20:56:47.618+0000] {processor.py:208} INFO - Processing /opt/airflow/dags/Correction_dag_Negative_Value.py took 0.325 seconds
[2024-10-12T20:57:18.216+0000] {processor.py:186} INFO - Started process (PID=2674) to work on /opt/airflow/dags/Correction_dag_Negative_Value.py
[2024-10-12T20:57:18.219+0000] {processor.py:914} INFO - Processing file /opt/airflow/dags/Correction_dag_Negative_Value.py for tasks to queue
[2024-10-12T20:57:18.223+0000] {logging_mixin.py:190} INFO - [2024-10-12T20:57:18.222+0000] {dagbag.py:587} INFO - Filling up the DagBag from /opt/airflow/dags/Correction_dag_Negative_Value.py
[2024-10-12T20:57:18.262+0000] {processor.py:925} INFO - DAG(s) 'correction_Dag_Negative_Value' retrieved from /opt/airflow/dags/Correction_dag_Negative_Value.py
[2024-10-12T20:57:18.422+0000] {logging_mixin.py:190} INFO - [2024-10-12T20:57:18.421+0000] {dag.py:3229} INFO - Sync 1 DAGs
[2024-10-12T20:57:18.477+0000] {logging_mixin.py:190} INFO - [2024-10-12T20:57:18.477+0000] {dag.py:4156} INFO - Setting next_dagrun for correction_Dag_Negative_Value to 2024-10-12 20:55:00+00:00, run_after=2024-10-12 21:00:00+00:00
[2024-10-12T20:57:18.519+0000] {processor.py:208} INFO - Processing /opt/airflow/dags/Correction_dag_Negative_Value.py took 0.314 seconds
[2024-10-12T20:57:49.283+0000] {processor.py:186} INFO - Started process (PID=2759) to work on /opt/airflow/dags/Correction_dag_Negative_Value.py
[2024-10-12T20:57:49.285+0000] {processor.py:914} INFO - Processing file /opt/airflow/dags/Correction_dag_Negative_Value.py for tasks to queue
[2024-10-12T20:57:49.287+0000] {logging_mixin.py:190} INFO - [2024-10-12T20:57:49.287+0000] {dagbag.py:587} INFO - Filling up the DagBag from /opt/airflow/dags/Correction_dag_Negative_Value.py
[2024-10-12T20:57:49.316+0000] {processor.py:925} INFO - DAG(s) 'correction_Dag_Negative_Value' retrieved from /opt/airflow/dags/Correction_dag_Negative_Value.py
[2024-10-12T20:57:49.448+0000] {logging_mixin.py:190} INFO - [2024-10-12T20:57:49.448+0000] {dag.py:3229} INFO - Sync 1 DAGs
[2024-10-12T20:57:49.520+0000] {logging_mixin.py:190} INFO - [2024-10-12T20:57:49.520+0000] {dag.py:4156} INFO - Setting next_dagrun for correction_Dag_Negative_Value to 2024-10-12 20:55:00+00:00, run_after=2024-10-12 21:00:00+00:00
[2024-10-12T20:57:49.577+0000] {processor.py:208} INFO - Processing /opt/airflow/dags/Correction_dag_Negative_Value.py took 0.303 seconds
[2024-10-12T20:58:20.558+0000] {processor.py:186} INFO - Started process (PID=2843) to work on /opt/airflow/dags/Correction_dag_Negative_Value.py
[2024-10-12T20:58:20.559+0000] {processor.py:914} INFO - Processing file /opt/airflow/dags/Correction_dag_Negative_Value.py for tasks to queue
[2024-10-12T20:58:20.562+0000] {logging_mixin.py:190} INFO - [2024-10-12T20:58:20.562+0000] {dagbag.py:587} INFO - Filling up the DagBag from /opt/airflow/dags/Correction_dag_Negative_Value.py
[2024-10-12T20:58:20.586+0000] {processor.py:925} INFO - DAG(s) 'correction_Dag_Negative_Value' retrieved from /opt/airflow/dags/Correction_dag_Negative_Value.py
[2024-10-12T20:58:20.714+0000] {logging_mixin.py:190} INFO - [2024-10-12T20:58:20.713+0000] {dag.py:3229} INFO - Sync 1 DAGs
[2024-10-12T20:58:20.760+0000] {logging_mixin.py:190} INFO - [2024-10-12T20:58:20.760+0000] {dag.py:4156} INFO - Setting next_dagrun for correction_Dag_Negative_Value to 2024-10-12 20:55:00+00:00, run_after=2024-10-12 21:00:00+00:00
[2024-10-12T20:58:20.796+0000] {processor.py:208} INFO - Processing /opt/airflow/dags/Correction_dag_Negative_Value.py took 0.249 seconds
[2024-10-12T20:58:52.587+0000] {processor.py:186} INFO - Started process (PID=2923) to work on /opt/airflow/dags/Correction_dag_Negative_Value.py
[2024-10-12T20:58:52.589+0000] {processor.py:914} INFO - Processing file /opt/airflow/dags/Correction_dag_Negative_Value.py for tasks to queue
[2024-10-12T20:58:52.593+0000] {logging_mixin.py:190} INFO - [2024-10-12T20:58:52.592+0000] {dagbag.py:587} INFO - Filling up the DagBag from /opt/airflow/dags/Correction_dag_Negative_Value.py
[2024-10-12T20:58:52.641+0000] {processor.py:925} INFO - DAG(s) 'correction_Dag_Negative_Value' retrieved from /opt/airflow/dags/Correction_dag_Negative_Value.py
[2024-10-12T20:58:52.795+0000] {logging_mixin.py:190} INFO - [2024-10-12T20:58:52.795+0000] {dag.py:3229} INFO - Sync 1 DAGs
[2024-10-12T20:58:52.846+0000] {logging_mixin.py:190} INFO - [2024-10-12T20:58:52.845+0000] {dag.py:4156} INFO - Setting next_dagrun for correction_Dag_Negative_Value to 2024-10-12 20:55:00+00:00, run_after=2024-10-12 21:00:00+00:00
[2024-10-12T20:58:52.879+0000] {processor.py:208} INFO - Processing /opt/airflow/dags/Correction_dag_Negative_Value.py took 0.308 seconds
[2024-10-12T20:59:24.800+0000] {processor.py:186} INFO - Started process (PID=3020) to work on /opt/airflow/dags/Correction_dag_Negative_Value.py
[2024-10-12T20:59:24.802+0000] {processor.py:914} INFO - Processing file /opt/airflow/dags/Correction_dag_Negative_Value.py for tasks to queue
[2024-10-12T20:59:24.805+0000] {logging_mixin.py:190} INFO - [2024-10-12T20:59:24.804+0000] {dagbag.py:587} INFO - Filling up the DagBag from /opt/airflow/dags/Correction_dag_Negative_Value.py
[2024-10-12T20:59:24.835+0000] {processor.py:925} INFO - DAG(s) 'correction_Dag_Negative_Value' retrieved from /opt/airflow/dags/Correction_dag_Negative_Value.py
[2024-10-12T20:59:24.984+0000] {logging_mixin.py:190} INFO - [2024-10-12T20:59:24.984+0000] {dag.py:3229} INFO - Sync 1 DAGs
[2024-10-12T20:59:25.041+0000] {logging_mixin.py:190} INFO - [2024-10-12T20:59:25.040+0000] {dag.py:4156} INFO - Setting next_dagrun for correction_Dag_Negative_Value to 2024-10-12 20:55:00+00:00, run_after=2024-10-12 21:00:00+00:00
[2024-10-12T20:59:25.083+0000] {processor.py:208} INFO - Processing /opt/airflow/dags/Correction_dag_Negative_Value.py took 0.295 seconds
[2024-10-12T20:59:56.257+0000] {processor.py:186} INFO - Started process (PID=3111) to work on /opt/airflow/dags/Correction_dag_Negative_Value.py
[2024-10-12T20:59:56.260+0000] {processor.py:914} INFO - Processing file /opt/airflow/dags/Correction_dag_Negative_Value.py for tasks to queue
[2024-10-12T20:59:56.263+0000] {logging_mixin.py:190} INFO - [2024-10-12T20:59:56.262+0000] {dagbag.py:587} INFO - Filling up the DagBag from /opt/airflow/dags/Correction_dag_Negative_Value.py
[2024-10-12T20:59:56.305+0000] {processor.py:925} INFO - DAG(s) 'correction_Dag_Negative_Value' retrieved from /opt/airflow/dags/Correction_dag_Negative_Value.py
[2024-10-12T20:59:56.442+0000] {logging_mixin.py:190} INFO - [2024-10-12T20:59:56.441+0000] {dag.py:3229} INFO - Sync 1 DAGs
[2024-10-12T20:59:56.507+0000] {logging_mixin.py:190} INFO - [2024-10-12T20:59:56.507+0000] {dag.py:4156} INFO - Setting next_dagrun for correction_Dag_Negative_Value to 2024-10-12 20:55:00+00:00, run_after=2024-10-12 21:00:00+00:00
[2024-10-12T20:59:56.546+0000] {processor.py:208} INFO - Processing /opt/airflow/dags/Correction_dag_Negative_Value.py took 0.305 seconds
[2024-10-12T21:02:01.571+0000] {processor.py:186} INFO - Started process (PID=3261) to work on /opt/airflow/dags/Correction_dag_Negative_Value.py
[2024-10-12T21:02:01.619+0000] {processor.py:914} INFO - Processing file /opt/airflow/dags/Correction_dag_Negative_Value.py for tasks to queue
[2024-10-12T21:02:01.703+0000] {logging_mixin.py:190} INFO - [2024-10-12T21:02:01.682+0000] {dagbag.py:587} INFO - Filling up the DagBag from /opt/airflow/dags/Correction_dag_Negative_Value.py
[2024-10-12T21:02:02.409+0000] {processor.py:925} INFO - DAG(s) 'correction_Dag_Negative_Value' retrieved from /opt/airflow/dags/Correction_dag_Negative_Value.py
[2024-10-12T21:02:05.808+0000] {logging_mixin.py:190} INFO - [2024-10-12T21:02:05.782+0000] {taskinstance.py:3312} ERROR - {'DAG Id': 'correction_Dag_Negative_Value', 'Task Id': 'correct_negative_values', 'Run Id': 'scheduled__2024-10-12T20:55:00+00:00', 'Hostname': '20dad67a3f18'}
[2024-10-12T21:02:06.625+0000] {logging_mixin.py:190} INFO - [2024-10-12T21:02:06.624+0000] {taskinstance.py:1225} INFO - Marking task as UP_FOR_RETRY. dag_id=correction_Dag_Negative_Value, task_id=correct_negative_values, run_id=scheduled__2024-10-12T20:55:00+00:00, execution_date=20241012T205500, start_date=20241012T210018, end_date=20241012T210206
[2024-10-12T21:02:07.041+0000] {logging_mixin.py:190} INFO - [2024-10-12T21:02:07.040+0000] {processor.py:876} INFO - Executed callback for <TaskInstance: correction_Dag_Negative_Value.correct_negative_values scheduled__2024-10-12T20:55:00+00:00 [up_for_retry]> in state up_for_retry
[2024-10-12T21:02:07.050+0000] {logging_mixin.py:190} INFO - [2024-10-12T21:02:07.049+0000] {taskinstance.py:3312} ERROR - {'DAG Id': 'correction_Dag_Negative_Value', 'Task Id': 'correct_negative_values', 'Run Id': 'scheduled__2024-10-12T20:55:00+00:00', 'Hostname': '20dad67a3f18'}
[2024-10-12T21:02:07.142+0000] {logging_mixin.py:190} INFO - [2024-10-12T21:02:07.131+0000] {taskinstance.py:1225} INFO - Marking task as UP_FOR_RETRY. dag_id=correction_Dag_Negative_Value, task_id=correct_negative_values, run_id=scheduled__2024-10-12T20:55:00+00:00, execution_date=20241012T205500, start_date=20241012T210018, end_date=20241012T210207
[2024-10-12T21:02:07.200+0000] {logging_mixin.py:190} INFO - [2024-10-12T21:02:07.199+0000] {processor.py:876} INFO - Executed callback for <TaskInstance: correction_Dag_Negative_Value.correct_negative_values scheduled__2024-10-12T20:55:00+00:00 [up_for_retry]> in state up_for_retry
[2024-10-12T21:02:07.352+0000] {logging_mixin.py:190} INFO - [2024-10-12T21:02:07.351+0000] {dag.py:3229} INFO - Sync 1 DAGs
[2024-10-12T21:02:07.751+0000] {logging_mixin.py:190} INFO - [2024-10-12T21:02:07.750+0000] {dag.py:4156} INFO - Setting next_dagrun for correction_Dag_Negative_Value to 2024-10-12 21:00:00+00:00, run_after=2024-10-12 21:05:00+00:00
[2024-10-12T21:02:07.988+0000] {processor.py:208} INFO - Processing /opt/airflow/dags/Correction_dag_Negative_Value.py took 6.511 seconds
[2024-10-12T21:02:14.997+0000] {processor.py:186} INFO - Started process (PID=3303) to work on /opt/airflow/dags/Correction_dag_Negative_Value.py
[2024-10-12T21:02:15.002+0000] {processor.py:914} INFO - Processing file /opt/airflow/dags/Correction_dag_Negative_Value.py for tasks to queue
[2024-10-12T21:02:15.011+0000] {logging_mixin.py:190} INFO - [2024-10-12T21:02:15.010+0000] {dagbag.py:587} INFO - Filling up the DagBag from /opt/airflow/dags/Correction_dag_Negative_Value.py
[2024-10-12T21:02:15.160+0000] {processor.py:925} INFO - DAG(s) 'correction_Dag_Negative_Value' retrieved from /opt/airflow/dags/Correction_dag_Negative_Value.py
[2024-10-12T21:02:16.411+0000] {logging_mixin.py:190} INFO - [2024-10-12T21:02:16.410+0000] {taskinstance.py:3312} ERROR - {'DAG Id': 'correction_Dag_Negative_Value', 'Task Id': 'correct_negative_values', 'Run Id': 'scheduled__2024-10-12T20:55:00+00:00', 'Hostname': '20dad67a3f18'}
[2024-10-12T21:02:16.543+0000] {logging_mixin.py:190} INFO - [2024-10-12T21:02:16.542+0000] {taskinstance.py:1225} INFO - Marking task as UP_FOR_RETRY. dag_id=correction_Dag_Negative_Value, task_id=correct_negative_values, run_id=scheduled__2024-10-12T20:55:00+00:00, execution_date=20241012T205500, start_date=20241012T210018, end_date=20241012T210216
[2024-10-12T21:02:16.678+0000] {logging_mixin.py:190} INFO - [2024-10-12T21:02:16.677+0000] {processor.py:876} INFO - Executed callback for <TaskInstance: correction_Dag_Negative_Value.correct_negative_values scheduled__2024-10-12T20:55:00+00:00 [up_for_retry]> in state up_for_retry
[2024-10-12T21:02:16.742+0000] {logging_mixin.py:190} INFO - [2024-10-12T21:02:16.742+0000] {dag.py:3229} INFO - Sync 1 DAGs
[2024-10-12T21:02:16.875+0000] {logging_mixin.py:190} INFO - [2024-10-12T21:02:16.874+0000] {dag.py:4156} INFO - Setting next_dagrun for correction_Dag_Negative_Value to 2024-10-12 21:00:00+00:00, run_after=2024-10-12 21:05:00+00:00
[2024-10-12T21:02:17.025+0000] {processor.py:208} INFO - Processing /opt/airflow/dags/Correction_dag_Negative_Value.py took 2.052 seconds
[2024-10-12T21:02:47.539+0000] {processor.py:186} INFO - Started process (PID=3407) to work on /opt/airflow/dags/Correction_dag_Negative_Value.py
[2024-10-12T21:02:47.541+0000] {processor.py:914} INFO - Processing file /opt/airflow/dags/Correction_dag_Negative_Value.py for tasks to queue
[2024-10-12T21:02:47.545+0000] {logging_mixin.py:190} INFO - [2024-10-12T21:02:47.544+0000] {dagbag.py:587} INFO - Filling up the DagBag from /opt/airflow/dags/Correction_dag_Negative_Value.py
[2024-10-12T21:02:47.583+0000] {processor.py:925} INFO - DAG(s) 'correction_Dag_Negative_Value' retrieved from /opt/airflow/dags/Correction_dag_Negative_Value.py
[2024-10-12T21:02:47.732+0000] {logging_mixin.py:190} INFO - [2024-10-12T21:02:47.732+0000] {dag.py:3229} INFO - Sync 1 DAGs
[2024-10-12T21:02:47.799+0000] {logging_mixin.py:190} INFO - [2024-10-12T21:02:47.798+0000] {dag.py:4156} INFO - Setting next_dagrun for correction_Dag_Negative_Value to 2024-10-12 21:00:00+00:00, run_after=2024-10-12 21:05:00+00:00
[2024-10-12T21:02:47.845+0000] {processor.py:208} INFO - Processing /opt/airflow/dags/Correction_dag_Negative_Value.py took 0.326 seconds
[2024-10-12T21:03:18.140+0000] {processor.py:186} INFO - Started process (PID=3488) to work on /opt/airflow/dags/Correction_dag_Negative_Value.py
[2024-10-12T21:03:18.142+0000] {processor.py:914} INFO - Processing file /opt/airflow/dags/Correction_dag_Negative_Value.py for tasks to queue
[2024-10-12T21:03:18.145+0000] {logging_mixin.py:190} INFO - [2024-10-12T21:03:18.144+0000] {dagbag.py:587} INFO - Filling up the DagBag from /opt/airflow/dags/Correction_dag_Negative_Value.py
[2024-10-12T21:03:18.187+0000] {processor.py:925} INFO - DAG(s) 'correction_Dag_Negative_Value' retrieved from /opt/airflow/dags/Correction_dag_Negative_Value.py
[2024-10-12T21:03:18.418+0000] {logging_mixin.py:190} INFO - [2024-10-12T21:03:18.418+0000] {dag.py:3229} INFO - Sync 1 DAGs
[2024-10-12T21:03:18.489+0000] {logging_mixin.py:190} INFO - [2024-10-12T21:03:18.489+0000] {dag.py:4156} INFO - Setting next_dagrun for correction_Dag_Negative_Value to 2024-10-12 21:00:00+00:00, run_after=2024-10-12 21:05:00+00:00
[2024-10-12T21:03:18.552+0000] {processor.py:208} INFO - Processing /opt/airflow/dags/Correction_dag_Negative_Value.py took 0.421 seconds
[2024-10-12T21:03:49.458+0000] {processor.py:186} INFO - Started process (PID=3573) to work on /opt/airflow/dags/Correction_dag_Negative_Value.py
[2024-10-12T21:03:49.460+0000] {processor.py:914} INFO - Processing file /opt/airflow/dags/Correction_dag_Negative_Value.py for tasks to queue
[2024-10-12T21:03:49.462+0000] {logging_mixin.py:190} INFO - [2024-10-12T21:03:49.462+0000] {dagbag.py:587} INFO - Filling up the DagBag from /opt/airflow/dags/Correction_dag_Negative_Value.py
[2024-10-12T21:03:49.490+0000] {processor.py:925} INFO - DAG(s) 'correction_Dag_Negative_Value' retrieved from /opt/airflow/dags/Correction_dag_Negative_Value.py
[2024-10-12T21:03:49.603+0000] {logging_mixin.py:190} INFO - [2024-10-12T21:03:49.603+0000] {dag.py:3229} INFO - Sync 1 DAGs
[2024-10-12T21:03:49.657+0000] {logging_mixin.py:190} INFO - [2024-10-12T21:03:49.656+0000] {dag.py:4156} INFO - Setting next_dagrun for correction_Dag_Negative_Value to 2024-10-12 21:00:00+00:00, run_after=2024-10-12 21:05:00+00:00
[2024-10-12T21:03:49.692+0000] {processor.py:208} INFO - Processing /opt/airflow/dags/Correction_dag_Negative_Value.py took 0.244 seconds
[2024-10-12T21:04:20.254+0000] {processor.py:186} INFO - Started process (PID=3658) to work on /opt/airflow/dags/Correction_dag_Negative_Value.py
[2024-10-12T21:04:20.256+0000] {processor.py:914} INFO - Processing file /opt/airflow/dags/Correction_dag_Negative_Value.py for tasks to queue
[2024-10-12T21:04:20.258+0000] {logging_mixin.py:190} INFO - [2024-10-12T21:04:20.257+0000] {dagbag.py:587} INFO - Filling up the DagBag from /opt/airflow/dags/Correction_dag_Negative_Value.py
[2024-10-12T21:04:20.291+0000] {processor.py:925} INFO - DAG(s) 'correction_Dag_Negative_Value' retrieved from /opt/airflow/dags/Correction_dag_Negative_Value.py
[2024-10-12T21:04:20.433+0000] {logging_mixin.py:190} INFO - [2024-10-12T21:04:20.433+0000] {dag.py:3229} INFO - Sync 1 DAGs
[2024-10-12T21:04:20.504+0000] {logging_mixin.py:190} INFO - [2024-10-12T21:04:20.504+0000] {dag.py:4156} INFO - Setting next_dagrun for correction_Dag_Negative_Value to 2024-10-12 21:00:00+00:00, run_after=2024-10-12 21:05:00+00:00
[2024-10-12T21:04:20.561+0000] {processor.py:208} INFO - Processing /opt/airflow/dags/Correction_dag_Negative_Value.py took 0.314 seconds
[2024-10-12T21:04:51.288+0000] {processor.py:186} INFO - Started process (PID=3741) to work on /opt/airflow/dags/Correction_dag_Negative_Value.py
[2024-10-12T21:04:51.290+0000] {processor.py:914} INFO - Processing file /opt/airflow/dags/Correction_dag_Negative_Value.py for tasks to queue
[2024-10-12T21:04:51.292+0000] {logging_mixin.py:190} INFO - [2024-10-12T21:04:51.292+0000] {dagbag.py:587} INFO - Filling up the DagBag from /opt/airflow/dags/Correction_dag_Negative_Value.py
[2024-10-12T21:04:51.325+0000] {processor.py:925} INFO - DAG(s) 'correction_Dag_Negative_Value' retrieved from /opt/airflow/dags/Correction_dag_Negative_Value.py
[2024-10-12T21:04:51.492+0000] {logging_mixin.py:190} INFO - [2024-10-12T21:04:51.492+0000] {dag.py:3229} INFO - Sync 1 DAGs
[2024-10-12T21:04:51.590+0000] {logging_mixin.py:190} INFO - [2024-10-12T21:04:51.589+0000] {dag.py:4156} INFO - Setting next_dagrun for correction_Dag_Negative_Value to 2024-10-12 21:00:00+00:00, run_after=2024-10-12 21:05:00+00:00
[2024-10-12T21:04:51.656+0000] {processor.py:208} INFO - Processing /opt/airflow/dags/Correction_dag_Negative_Value.py took 0.380 seconds
[2024-10-12T21:05:22.608+0000] {processor.py:186} INFO - Started process (PID=3865) to work on /opt/airflow/dags/Correction_dag_Negative_Value.py
[2024-10-12T21:05:22.623+0000] {processor.py:914} INFO - Processing file /opt/airflow/dags/Correction_dag_Negative_Value.py for tasks to queue
[2024-10-12T21:05:22.661+0000] {logging_mixin.py:190} INFO - [2024-10-12T21:05:22.660+0000] {dagbag.py:587} INFO - Filling up the DagBag from /opt/airflow/dags/Correction_dag_Negative_Value.py
[2024-10-12T21:05:22.793+0000] {processor.py:925} INFO - DAG(s) 'correction_Dag_Negative_Value' retrieved from /opt/airflow/dags/Correction_dag_Negative_Value.py
[2024-10-12T21:05:25.464+0000] {logging_mixin.py:190} INFO - [2024-10-12T21:05:25.462+0000] {dag.py:3229} INFO - Sync 1 DAGs
[2024-10-12T21:05:25.771+0000] {logging_mixin.py:190} INFO - [2024-10-12T21:05:25.770+0000] {dag.py:4156} INFO - Setting next_dagrun for correction_Dag_Negative_Value to 2024-10-12 21:05:00+00:00, run_after=2024-10-12 21:10:00+00:00
[2024-10-12T21:05:26.142+0000] {processor.py:208} INFO - Processing /opt/airflow/dags/Correction_dag_Negative_Value.py took 3.592 seconds
[2024-10-12T21:05:56.349+0000] {processor.py:186} INFO - Started process (PID=3959) to work on /opt/airflow/dags/Correction_dag_Negative_Value.py
[2024-10-12T21:05:56.355+0000] {processor.py:914} INFO - Processing file /opt/airflow/dags/Correction_dag_Negative_Value.py for tasks to queue
[2024-10-12T21:05:56.357+0000] {logging_mixin.py:190} INFO - [2024-10-12T21:05:56.357+0000] {dagbag.py:587} INFO - Filling up the DagBag from /opt/airflow/dags/Correction_dag_Negative_Value.py
[2024-10-12T21:05:56.391+0000] {processor.py:925} INFO - DAG(s) 'correction_Dag_Negative_Value' retrieved from /opt/airflow/dags/Correction_dag_Negative_Value.py
[2024-10-12T21:05:56.530+0000] {logging_mixin.py:190} INFO - [2024-10-12T21:05:56.529+0000] {dag.py:3229} INFO - Sync 1 DAGs
[2024-10-12T21:05:56.593+0000] {logging_mixin.py:190} INFO - [2024-10-12T21:05:56.592+0000] {dag.py:4156} INFO - Setting next_dagrun for correction_Dag_Negative_Value to 2024-10-12 21:05:00+00:00, run_after=2024-10-12 21:10:00+00:00
[2024-10-12T21:05:56.644+0000] {processor.py:208} INFO - Processing /opt/airflow/dags/Correction_dag_Negative_Value.py took 0.304 seconds
[2024-10-12T21:06:27.079+0000] {processor.py:186} INFO - Started process (PID=4044) to work on /opt/airflow/dags/Correction_dag_Negative_Value.py
[2024-10-12T21:06:27.081+0000] {processor.py:914} INFO - Processing file /opt/airflow/dags/Correction_dag_Negative_Value.py for tasks to queue
[2024-10-12T21:06:27.085+0000] {logging_mixin.py:190} INFO - [2024-10-12T21:06:27.084+0000] {dagbag.py:587} INFO - Filling up the DagBag from /opt/airflow/dags/Correction_dag_Negative_Value.py
[2024-10-12T21:06:27.135+0000] {processor.py:925} INFO - DAG(s) 'correction_Dag_Negative_Value' retrieved from /opt/airflow/dags/Correction_dag_Negative_Value.py
[2024-10-12T21:06:27.355+0000] {logging_mixin.py:190} INFO - [2024-10-12T21:06:27.355+0000] {dag.py:3229} INFO - Sync 1 DAGs
[2024-10-12T21:06:27.447+0000] {logging_mixin.py:190} INFO - [2024-10-12T21:06:27.446+0000] {dag.py:4156} INFO - Setting next_dagrun for correction_Dag_Negative_Value to 2024-10-12 21:05:00+00:00, run_after=2024-10-12 21:10:00+00:00
[2024-10-12T21:06:27.500+0000] {processor.py:208} INFO - Processing /opt/airflow/dags/Correction_dag_Negative_Value.py took 0.438 seconds
[2024-10-12T21:06:58.266+0000] {processor.py:186} INFO - Started process (PID=4129) to work on /opt/airflow/dags/Correction_dag_Negative_Value.py
[2024-10-12T21:06:58.267+0000] {processor.py:914} INFO - Processing file /opt/airflow/dags/Correction_dag_Negative_Value.py for tasks to queue
[2024-10-12T21:06:58.269+0000] {logging_mixin.py:190} INFO - [2024-10-12T21:06:58.269+0000] {dagbag.py:587} INFO - Filling up the DagBag from /opt/airflow/dags/Correction_dag_Negative_Value.py
[2024-10-12T21:06:58.308+0000] {processor.py:925} INFO - DAG(s) 'correction_Dag_Negative_Value' retrieved from /opt/airflow/dags/Correction_dag_Negative_Value.py
[2024-10-12T21:06:58.580+0000] {logging_mixin.py:190} INFO - [2024-10-12T21:06:58.580+0000] {dag.py:3229} INFO - Sync 1 DAGs
[2024-10-12T21:06:58.658+0000] {logging_mixin.py:190} INFO - [2024-10-12T21:06:58.658+0000] {dag.py:4156} INFO - Setting next_dagrun for correction_Dag_Negative_Value to 2024-10-12 21:05:00+00:00, run_after=2024-10-12 21:10:00+00:00
[2024-10-12T21:06:58.714+0000] {processor.py:208} INFO - Processing /opt/airflow/dags/Correction_dag_Negative_Value.py took 0.456 seconds
[2024-10-12T21:07:29.356+0000] {processor.py:186} INFO - Started process (PID=4225) to work on /opt/airflow/dags/Correction_dag_Negative_Value.py
[2024-10-12T21:07:29.359+0000] {processor.py:914} INFO - Processing file /opt/airflow/dags/Correction_dag_Negative_Value.py for tasks to queue
[2024-10-12T21:07:29.364+0000] {logging_mixin.py:190} INFO - [2024-10-12T21:07:29.363+0000] {dagbag.py:587} INFO - Filling up the DagBag from /opt/airflow/dags/Correction_dag_Negative_Value.py
[2024-10-12T21:07:29.409+0000] {processor.py:925} INFO - DAG(s) 'correction_Dag_Negative_Value' retrieved from /opt/airflow/dags/Correction_dag_Negative_Value.py
[2024-10-12T21:07:29.608+0000] {logging_mixin.py:190} INFO - [2024-10-12T21:07:29.608+0000] {dag.py:3229} INFO - Sync 1 DAGs
[2024-10-12T21:07:29.664+0000] {logging_mixin.py:190} INFO - [2024-10-12T21:07:29.663+0000] {dag.py:4156} INFO - Setting next_dagrun for correction_Dag_Negative_Value to 2024-10-12 21:05:00+00:00, run_after=2024-10-12 21:10:00+00:00
[2024-10-12T21:07:29.730+0000] {processor.py:208} INFO - Processing /opt/airflow/dags/Correction_dag_Negative_Value.py took 0.388 seconds
[2024-10-12T21:08:00.166+0000] {processor.py:186} INFO - Started process (PID=4314) to work on /opt/airflow/dags/Correction_dag_Negative_Value.py
[2024-10-12T21:08:00.172+0000] {processor.py:914} INFO - Processing file /opt/airflow/dags/Correction_dag_Negative_Value.py for tasks to queue
[2024-10-12T21:08:00.175+0000] {logging_mixin.py:190} INFO - [2024-10-12T21:08:00.175+0000] {dagbag.py:587} INFO - Filling up the DagBag from /opt/airflow/dags/Correction_dag_Negative_Value.py
[2024-10-12T21:08:00.218+0000] {processor.py:925} INFO - DAG(s) 'correction_Dag_Negative_Value' retrieved from /opt/airflow/dags/Correction_dag_Negative_Value.py
[2024-10-12T21:08:00.500+0000] {logging_mixin.py:190} INFO - [2024-10-12T21:08:00.499+0000] {dag.py:3229} INFO - Sync 1 DAGs
[2024-10-12T21:08:00.575+0000] {logging_mixin.py:190} INFO - [2024-10-12T21:08:00.574+0000] {dag.py:4156} INFO - Setting next_dagrun for correction_Dag_Negative_Value to 2024-10-12 21:05:00+00:00, run_after=2024-10-12 21:10:00+00:00
[2024-10-12T21:08:00.650+0000] {processor.py:208} INFO - Processing /opt/airflow/dags/Correction_dag_Negative_Value.py took 0.492 seconds
[2024-10-12T21:08:30.944+0000] {processor.py:186} INFO - Started process (PID=4399) to work on /opt/airflow/dags/Correction_dag_Negative_Value.py
[2024-10-12T21:08:30.946+0000] {processor.py:914} INFO - Processing file /opt/airflow/dags/Correction_dag_Negative_Value.py for tasks to queue
[2024-10-12T21:08:30.950+0000] {logging_mixin.py:190} INFO - [2024-10-12T21:08:30.949+0000] {dagbag.py:587} INFO - Filling up the DagBag from /opt/airflow/dags/Correction_dag_Negative_Value.py
[2024-10-12T21:08:30.999+0000] {processor.py:925} INFO - DAG(s) 'correction_Dag_Negative_Value' retrieved from /opt/airflow/dags/Correction_dag_Negative_Value.py
[2024-10-12T21:08:31.191+0000] {logging_mixin.py:190} INFO - [2024-10-12T21:08:31.191+0000] {dag.py:3229} INFO - Sync 1 DAGs
[2024-10-12T21:08:31.277+0000] {logging_mixin.py:190} INFO - [2024-10-12T21:08:31.276+0000] {dag.py:4156} INFO - Setting next_dagrun for correction_Dag_Negative_Value to 2024-10-12 21:05:00+00:00, run_after=2024-10-12 21:10:00+00:00
[2024-10-12T21:08:31.343+0000] {processor.py:208} INFO - Processing /opt/airflow/dags/Correction_dag_Negative_Value.py took 0.413 seconds
[2024-10-12T21:09:01.532+0000] {processor.py:186} INFO - Started process (PID=4484) to work on /opt/airflow/dags/Correction_dag_Negative_Value.py
[2024-10-12T21:09:01.534+0000] {processor.py:914} INFO - Processing file /opt/airflow/dags/Correction_dag_Negative_Value.py for tasks to queue
[2024-10-12T21:09:01.537+0000] {logging_mixin.py:190} INFO - [2024-10-12T21:09:01.536+0000] {dagbag.py:587} INFO - Filling up the DagBag from /opt/airflow/dags/Correction_dag_Negative_Value.py
[2024-10-12T21:09:01.588+0000] {processor.py:925} INFO - DAG(s) 'correction_Dag_Negative_Value' retrieved from /opt/airflow/dags/Correction_dag_Negative_Value.py
[2024-10-12T21:09:01.902+0000] {logging_mixin.py:190} INFO - [2024-10-12T21:09:01.901+0000] {dag.py:3229} INFO - Sync 1 DAGs
[2024-10-12T21:09:01.969+0000] {logging_mixin.py:190} INFO - [2024-10-12T21:09:01.968+0000] {dag.py:4156} INFO - Setting next_dagrun for correction_Dag_Negative_Value to 2024-10-12 21:05:00+00:00, run_after=2024-10-12 21:10:00+00:00
[2024-10-12T21:09:02.023+0000] {processor.py:208} INFO - Processing /opt/airflow/dags/Correction_dag_Negative_Value.py took 0.505 seconds
[2024-10-12T21:09:32.680+0000] {processor.py:186} INFO - Started process (PID=4569) to work on /opt/airflow/dags/Correction_dag_Negative_Value.py
[2024-10-12T21:09:32.682+0000] {processor.py:914} INFO - Processing file /opt/airflow/dags/Correction_dag_Negative_Value.py for tasks to queue
[2024-10-12T21:09:32.684+0000] {logging_mixin.py:190} INFO - [2024-10-12T21:09:32.683+0000] {dagbag.py:587} INFO - Filling up the DagBag from /opt/airflow/dags/Correction_dag_Negative_Value.py
[2024-10-12T21:09:32.712+0000] {processor.py:925} INFO - DAG(s) 'correction_Dag_Negative_Value' retrieved from /opt/airflow/dags/Correction_dag_Negative_Value.py
[2024-10-12T21:09:32.870+0000] {logging_mixin.py:190} INFO - [2024-10-12T21:09:32.870+0000] {dag.py:3229} INFO - Sync 1 DAGs
[2024-10-12T21:09:32.920+0000] {logging_mixin.py:190} INFO - [2024-10-12T21:09:32.920+0000] {dag.py:4156} INFO - Setting next_dagrun for correction_Dag_Negative_Value to 2024-10-12 21:05:00+00:00, run_after=2024-10-12 21:10:00+00:00
[2024-10-12T21:09:32.970+0000] {processor.py:208} INFO - Processing /opt/airflow/dags/Correction_dag_Negative_Value.py took 0.298 seconds
[2024-10-12T21:10:11.599+0000] {processor.py:186} INFO - Started process (PID=4683) to work on /opt/airflow/dags/Correction_dag_Negative_Value.py
[2024-10-12T21:10:11.602+0000] {processor.py:914} INFO - Processing file /opt/airflow/dags/Correction_dag_Negative_Value.py for tasks to queue
[2024-10-12T21:10:11.610+0000] {logging_mixin.py:190} INFO - [2024-10-12T21:10:11.608+0000] {dagbag.py:587} INFO - Filling up the DagBag from /opt/airflow/dags/Correction_dag_Negative_Value.py
[2024-10-12T21:10:11.829+0000] {processor.py:925} INFO - DAG(s) 'correction_Dag_Negative_Value' retrieved from /opt/airflow/dags/Correction_dag_Negative_Value.py
[2024-10-12T21:10:12.372+0000] {logging_mixin.py:190} INFO - [2024-10-12T21:10:12.372+0000] {dag.py:3229} INFO - Sync 1 DAGs
[2024-10-12T21:10:12.478+0000] {logging_mixin.py:190} INFO - [2024-10-12T21:10:12.478+0000] {dag.py:4156} INFO - Setting next_dagrun for correction_Dag_Negative_Value to 2024-10-12 21:10:00+00:00, run_after=2024-10-12 21:15:00+00:00
[2024-10-12T21:10:12.570+0000] {processor.py:208} INFO - Processing /opt/airflow/dags/Correction_dag_Negative_Value.py took 1.089 seconds
[2024-10-12T21:10:42.909+0000] {processor.py:186} INFO - Started process (PID=4782) to work on /opt/airflow/dags/Correction_dag_Negative_Value.py
[2024-10-12T21:10:42.911+0000] {processor.py:914} INFO - Processing file /opt/airflow/dags/Correction_dag_Negative_Value.py for tasks to queue
[2024-10-12T21:10:42.914+0000] {logging_mixin.py:190} INFO - [2024-10-12T21:10:42.913+0000] {dagbag.py:587} INFO - Filling up the DagBag from /opt/airflow/dags/Correction_dag_Negative_Value.py
[2024-10-12T21:10:42.946+0000] {processor.py:925} INFO - DAG(s) 'correction_Dag_Negative_Value' retrieved from /opt/airflow/dags/Correction_dag_Negative_Value.py
[2024-10-12T21:10:43.080+0000] {logging_mixin.py:190} INFO - [2024-10-12T21:10:43.080+0000] {dag.py:3229} INFO - Sync 1 DAGs
[2024-10-12T21:10:43.141+0000] {logging_mixin.py:190} INFO - [2024-10-12T21:10:43.141+0000] {dag.py:4156} INFO - Setting next_dagrun for correction_Dag_Negative_Value to 2024-10-12 21:10:00+00:00, run_after=2024-10-12 21:15:00+00:00
[2024-10-12T21:10:43.189+0000] {processor.py:208} INFO - Processing /opt/airflow/dags/Correction_dag_Negative_Value.py took 0.288 seconds
[2024-10-12T21:11:13.936+0000] {processor.py:186} INFO - Started process (PID=4866) to work on /opt/airflow/dags/Correction_dag_Negative_Value.py
[2024-10-12T21:11:13.937+0000] {processor.py:914} INFO - Processing file /opt/airflow/dags/Correction_dag_Negative_Value.py for tasks to queue
[2024-10-12T21:11:13.940+0000] {logging_mixin.py:190} INFO - [2024-10-12T21:11:13.939+0000] {dagbag.py:587} INFO - Filling up the DagBag from /opt/airflow/dags/Correction_dag_Negative_Value.py
[2024-10-12T21:11:13.977+0000] {processor.py:925} INFO - DAG(s) 'correction_Dag_Negative_Value' retrieved from /opt/airflow/dags/Correction_dag_Negative_Value.py
[2024-10-12T21:11:14.102+0000] {logging_mixin.py:190} INFO - [2024-10-12T21:11:14.102+0000] {dag.py:3229} INFO - Sync 1 DAGs
[2024-10-12T21:11:14.155+0000] {logging_mixin.py:190} INFO - [2024-10-12T21:11:14.155+0000] {dag.py:4156} INFO - Setting next_dagrun for correction_Dag_Negative_Value to 2024-10-12 21:10:00+00:00, run_after=2024-10-12 21:15:00+00:00
[2024-10-12T21:11:14.202+0000] {processor.py:208} INFO - Processing /opt/airflow/dags/Correction_dag_Negative_Value.py took 0.276 seconds
[2024-10-12T21:11:45.860+0000] {processor.py:186} INFO - Started process (PID=5021) to work on /opt/airflow/dags/Correction_dag_Negative_Value.py
[2024-10-12T21:11:45.862+0000] {processor.py:914} INFO - Processing file /opt/airflow/dags/Correction_dag_Negative_Value.py for tasks to queue
[2024-10-12T21:11:45.865+0000] {logging_mixin.py:190} INFO - [2024-10-12T21:11:45.864+0000] {dagbag.py:587} INFO - Filling up the DagBag from /opt/airflow/dags/Correction_dag_Negative_Value.py
[2024-10-12T21:11:45.929+0000] {processor.py:925} INFO - DAG(s) 'correction_Dag_Negative_Value' retrieved from /opt/airflow/dags/Correction_dag_Negative_Value.py
[2024-10-12T21:11:46.134+0000] {logging_mixin.py:190} INFO - [2024-10-12T21:11:46.133+0000] {dag.py:3229} INFO - Sync 1 DAGs
[2024-10-12T21:11:47.389+0000] {logging_mixin.py:190} INFO - [2024-10-12T21:11:47.389+0000] {process_utils.py:266} INFO - Waiting up to 5 seconds for processes to exit...
