[2024-10-12T20:41:52.426+0000] {processor.py:186} INFO - Started process (PID=265) to work on /opt/airflow/dags/Corrrect_Dag_detect_and_correct_collective_anomalie.py
[2024-10-12T20:41:52.444+0000] {processor.py:914} INFO - Processing file /opt/airflow/dags/Corrrect_Dag_detect_and_correct_collective_anomalie.py for tasks to queue
[2024-10-12T20:41:52.459+0000] {logging_mixin.py:190} INFO - [2024-10-12T20:41:52.458+0000] {dagbag.py:587} INFO - Filling up the DagBag from /opt/airflow/dags/Corrrect_Dag_detect_and_correct_collective_anomalie.py
[2024-10-12T20:42:02.641+0000] {processor.py:925} INFO - DAG(s) 'Corrrect_Dag_detect_and_correct_collective_anomalie' retrieved from /opt/airflow/dags/Corrrect_Dag_detect_and_correct_collective_anomalie.py
[2024-10-12T20:42:02.911+0000] {logging_mixin.py:190} INFO - [2024-10-12T20:42:02.909+0000] {dag.py:3229} INFO - Sync 1 DAGs
[2024-10-12T20:42:02.994+0000] {logging_mixin.py:190} INFO - [2024-10-12T20:42:02.994+0000] {dag.py:4156} INFO - Setting next_dagrun for Corrrect_Dag_detect_and_correct_collective_anomalie to 2024-10-12 20:40:00+00:00, run_after=2024-10-12 20:45:00+00:00
[2024-10-12T20:42:03.050+0000] {processor.py:208} INFO - Processing /opt/airflow/dags/Corrrect_Dag_detect_and_correct_collective_anomalie.py took 10.656 seconds
[2024-10-12T20:42:33.174+0000] {processor.py:186} INFO - Started process (PID=353) to work on /opt/airflow/dags/Corrrect_Dag_detect_and_correct_collective_anomalie.py
[2024-10-12T20:42:33.177+0000] {processor.py:914} INFO - Processing file /opt/airflow/dags/Corrrect_Dag_detect_and_correct_collective_anomalie.py for tasks to queue
[2024-10-12T20:42:33.180+0000] {logging_mixin.py:190} INFO - [2024-10-12T20:42:33.180+0000] {dagbag.py:587} INFO - Filling up the DagBag from /opt/airflow/dags/Corrrect_Dag_detect_and_correct_collective_anomalie.py
[2024-10-12T20:42:33.859+0000] {processor.py:925} INFO - DAG(s) 'Corrrect_Dag_detect_and_correct_collective_anomalie' retrieved from /opt/airflow/dags/Corrrect_Dag_detect_and_correct_collective_anomalie.py
[2024-10-12T20:42:34.094+0000] {logging_mixin.py:190} INFO - [2024-10-12T20:42:34.093+0000] {dag.py:3229} INFO - Sync 1 DAGs
[2024-10-12T20:42:34.143+0000] {logging_mixin.py:190} INFO - [2024-10-12T20:42:34.142+0000] {dag.py:4156} INFO - Setting next_dagrun for Corrrect_Dag_detect_and_correct_collective_anomalie to 2024-10-12 20:40:00+00:00, run_after=2024-10-12 20:45:00+00:00
[2024-10-12T20:42:34.177+0000] {processor.py:208} INFO - Processing /opt/airflow/dags/Corrrect_Dag_detect_and_correct_collective_anomalie.py took 1.014 seconds
[2024-10-12T20:43:04.751+0000] {processor.py:186} INFO - Started process (PID=438) to work on /opt/airflow/dags/Corrrect_Dag_detect_and_correct_collective_anomalie.py
[2024-10-12T20:43:04.756+0000] {processor.py:914} INFO - Processing file /opt/airflow/dags/Corrrect_Dag_detect_and_correct_collective_anomalie.py for tasks to queue
[2024-10-12T20:43:04.760+0000] {logging_mixin.py:190} INFO - [2024-10-12T20:43:04.759+0000] {dagbag.py:587} INFO - Filling up the DagBag from /opt/airflow/dags/Corrrect_Dag_detect_and_correct_collective_anomalie.py
[2024-10-12T20:43:05.955+0000] {processor.py:925} INFO - DAG(s) 'Corrrect_Dag_detect_and_correct_collective_anomalie' retrieved from /opt/airflow/dags/Corrrect_Dag_detect_and_correct_collective_anomalie.py
[2024-10-12T20:43:06.113+0000] {logging_mixin.py:190} INFO - [2024-10-12T20:43:06.112+0000] {dag.py:3229} INFO - Sync 1 DAGs
[2024-10-12T20:43:06.172+0000] {logging_mixin.py:190} INFO - [2024-10-12T20:43:06.172+0000] {dag.py:4156} INFO - Setting next_dagrun for Corrrect_Dag_detect_and_correct_collective_anomalie to 2024-10-12 20:40:00+00:00, run_after=2024-10-12 20:45:00+00:00
[2024-10-12T20:43:06.214+0000] {processor.py:208} INFO - Processing /opt/airflow/dags/Corrrect_Dag_detect_and_correct_collective_anomalie.py took 1.489 seconds
[2024-10-12T20:43:36.486+0000] {processor.py:186} INFO - Started process (PID=528) to work on /opt/airflow/dags/Corrrect_Dag_detect_and_correct_collective_anomalie.py
[2024-10-12T20:43:36.488+0000] {processor.py:914} INFO - Processing file /opt/airflow/dags/Corrrect_Dag_detect_and_correct_collective_anomalie.py for tasks to queue
[2024-10-12T20:43:36.490+0000] {logging_mixin.py:190} INFO - [2024-10-12T20:43:36.490+0000] {dagbag.py:587} INFO - Filling up the DagBag from /opt/airflow/dags/Corrrect_Dag_detect_and_correct_collective_anomalie.py
[2024-10-12T20:43:37.746+0000] {processor.py:925} INFO - DAG(s) 'Corrrect_Dag_detect_and_correct_collective_anomalie' retrieved from /opt/airflow/dags/Corrrect_Dag_detect_and_correct_collective_anomalie.py
[2024-10-12T20:43:37.876+0000] {logging_mixin.py:190} INFO - [2024-10-12T20:43:37.875+0000] {dag.py:3229} INFO - Sync 1 DAGs
[2024-10-12T20:43:37.947+0000] {logging_mixin.py:190} INFO - [2024-10-12T20:43:37.947+0000] {dag.py:4156} INFO - Setting next_dagrun for Corrrect_Dag_detect_and_correct_collective_anomalie to 2024-10-12 20:40:00+00:00, run_after=2024-10-12 20:45:00+00:00
[2024-10-12T20:43:37.989+0000] {processor.py:208} INFO - Processing /opt/airflow/dags/Corrrect_Dag_detect_and_correct_collective_anomalie.py took 1.514 seconds
[2024-10-12T20:44:08.285+0000] {processor.py:186} INFO - Started process (PID=613) to work on /opt/airflow/dags/Corrrect_Dag_detect_and_correct_collective_anomalie.py
[2024-10-12T20:44:08.287+0000] {processor.py:914} INFO - Processing file /opt/airflow/dags/Corrrect_Dag_detect_and_correct_collective_anomalie.py for tasks to queue
[2024-10-12T20:44:08.290+0000] {logging_mixin.py:190} INFO - [2024-10-12T20:44:08.289+0000] {dagbag.py:587} INFO - Filling up the DagBag from /opt/airflow/dags/Corrrect_Dag_detect_and_correct_collective_anomalie.py
[2024-10-12T20:44:09.022+0000] {processor.py:925} INFO - DAG(s) 'Corrrect_Dag_detect_and_correct_collective_anomalie' retrieved from /opt/airflow/dags/Corrrect_Dag_detect_and_correct_collective_anomalie.py
[2024-10-12T20:44:09.191+0000] {logging_mixin.py:190} INFO - [2024-10-12T20:44:09.189+0000] {dag.py:3229} INFO - Sync 1 DAGs
[2024-10-12T20:44:09.259+0000] {logging_mixin.py:190} INFO - [2024-10-12T20:44:09.259+0000] {dag.py:4156} INFO - Setting next_dagrun for Corrrect_Dag_detect_and_correct_collective_anomalie to 2024-10-12 20:40:00+00:00, run_after=2024-10-12 20:45:00+00:00
[2024-10-12T20:44:09.312+0000] {processor.py:208} INFO - Processing /opt/airflow/dags/Corrrect_Dag_detect_and_correct_collective_anomalie.py took 1.038 seconds
[2024-10-12T20:44:39.575+0000] {processor.py:186} INFO - Started process (PID=698) to work on /opt/airflow/dags/Corrrect_Dag_detect_and_correct_collective_anomalie.py
[2024-10-12T20:44:39.578+0000] {processor.py:914} INFO - Processing file /opt/airflow/dags/Corrrect_Dag_detect_and_correct_collective_anomalie.py for tasks to queue
[2024-10-12T20:44:39.581+0000] {logging_mixin.py:190} INFO - [2024-10-12T20:44:39.580+0000] {dagbag.py:587} INFO - Filling up the DagBag from /opt/airflow/dags/Corrrect_Dag_detect_and_correct_collective_anomalie.py
[2024-10-12T20:44:40.412+0000] {processor.py:925} INFO - DAG(s) 'Corrrect_Dag_detect_and_correct_collective_anomalie' retrieved from /opt/airflow/dags/Corrrect_Dag_detect_and_correct_collective_anomalie.py
[2024-10-12T20:44:40.543+0000] {logging_mixin.py:190} INFO - [2024-10-12T20:44:40.543+0000] {dag.py:3229} INFO - Sync 1 DAGs
[2024-10-12T20:44:40.638+0000] {logging_mixin.py:190} INFO - [2024-10-12T20:44:40.638+0000] {dag.py:4156} INFO - Setting next_dagrun for Corrrect_Dag_detect_and_correct_collective_anomalie to 2024-10-12 20:40:00+00:00, run_after=2024-10-12 20:45:00+00:00
[2024-10-12T20:44:40.710+0000] {processor.py:208} INFO - Processing /opt/airflow/dags/Corrrect_Dag_detect_and_correct_collective_anomalie.py took 1.145 seconds
[2024-10-12T20:45:12.058+0000] {processor.py:186} INFO - Started process (PID=805) to work on /opt/airflow/dags/Corrrect_Dag_detect_and_correct_collective_anomalie.py
[2024-10-12T20:45:12.083+0000] {processor.py:914} INFO - Processing file /opt/airflow/dags/Corrrect_Dag_detect_and_correct_collective_anomalie.py for tasks to queue
[2024-10-12T20:45:12.178+0000] {logging_mixin.py:190} INFO - [2024-10-12T20:45:12.163+0000] {dagbag.py:587} INFO - Filling up the DagBag from /opt/airflow/dags/Corrrect_Dag_detect_and_correct_collective_anomalie.py
[2024-10-12T20:45:46.678+0000] {logging_mixin.py:190} INFO - [2024-10-12T20:45:46.671+0000] {timeout.py:68} ERROR - Process timed out, PID: 805
[2024-10-12T20:45:46.685+0000] {logging_mixin.py:190} WARNING - Exception ignored in: <function WeakKeyDictionary.__init__.<locals>.remove at 0x7fc66e952980>
[2024-10-12T20:45:46.687+0000] {logging_mixin.py:190} WARNING - Traceback (most recent call last):
[2024-10-12T20:45:46.690+0000] {logging_mixin.py:190} WARNING -   File "/usr/local/lib/python3.12/weakref.py", line 369, in remove
[2024-10-12T20:45:46.701+0000] {logging_mixin.py:190} WARNING -     def remove(k, selfref=ref(self)):
[2024-10-12T20:45:46.720+0000] {logging_mixin.py:190} WARNING -   File "/home/airflow/.local/lib/python3.12/site-packages/airflow/utils/timeout.py", line 69, in handle_timeout
[2024-10-12T20:45:46.729+0000] {logging_mixin.py:190} WARNING -     raise AirflowTaskTimeout(self.error_message)
[2024-10-12T20:45:46.737+0000] {logging_mixin.py:190} WARNING - airflow.exceptions.AirflowTaskTimeout: DagBag import timeout for /opt/airflow/dags/Corrrect_Dag_detect_and_correct_collective_anomalie.py after 30.0s.
Please take a look at these docs to improve your DAG import time:
* https://airflow.apache.org/docs/apache-airflow/2.10.1/best-practices.html#top-level-python-code
* https://airflow.apache.org/docs/apache-airflow/2.10.1/best-practices.html#reducing-dag-complexity, PID: 805
[2024-10-12T20:45:49.307+0000] {processor.py:925} INFO - DAG(s) 'Corrrect_Dag_detect_and_correct_collective_anomalie' retrieved from /opt/airflow/dags/Corrrect_Dag_detect_and_correct_collective_anomalie.py
[2024-10-12T20:45:49.612+0000] {logging_mixin.py:190} INFO - [2024-10-12T20:45:49.611+0000] {dag.py:3229} INFO - Sync 1 DAGs
[2024-10-12T20:45:49.736+0000] {logging_mixin.py:190} INFO - [2024-10-12T20:45:49.736+0000] {dag.py:4156} INFO - Setting next_dagrun for Corrrect_Dag_detect_and_correct_collective_anomalie to 2024-10-12 20:45:00+00:00, run_after=2024-10-12 20:50:00+00:00
[2024-10-12T20:45:49.799+0000] {processor.py:208} INFO - Processing /opt/airflow/dags/Corrrect_Dag_detect_and_correct_collective_anomalie.py took 38.177 seconds
[2024-10-12T20:46:20.644+0000] {processor.py:186} INFO - Started process (PID=905) to work on /opt/airflow/dags/Corrrect_Dag_detect_and_correct_collective_anomalie.py
[2024-10-12T20:46:20.652+0000] {processor.py:914} INFO - Processing file /opt/airflow/dags/Corrrect_Dag_detect_and_correct_collective_anomalie.py for tasks to queue
[2024-10-12T20:46:20.655+0000] {logging_mixin.py:190} INFO - [2024-10-12T20:46:20.655+0000] {dagbag.py:587} INFO - Filling up the DagBag from /opt/airflow/dags/Corrrect_Dag_detect_and_correct_collective_anomalie.py
[2024-10-12T20:46:21.364+0000] {processor.py:925} INFO - DAG(s) 'Corrrect_Dag_detect_and_correct_collective_anomalie' retrieved from /opt/airflow/dags/Corrrect_Dag_detect_and_correct_collective_anomalie.py
[2024-10-12T20:46:21.564+0000] {logging_mixin.py:190} INFO - [2024-10-12T20:46:21.564+0000] {dag.py:3229} INFO - Sync 1 DAGs
[2024-10-12T20:46:21.605+0000] {logging_mixin.py:190} INFO - [2024-10-12T20:46:21.605+0000] {dag.py:4156} INFO - Setting next_dagrun for Corrrect_Dag_detect_and_correct_collective_anomalie to 2024-10-12 20:45:00+00:00, run_after=2024-10-12 20:50:00+00:00
[2024-10-12T20:46:21.645+0000] {processor.py:208} INFO - Processing /opt/airflow/dags/Corrrect_Dag_detect_and_correct_collective_anomalie.py took 1.014 seconds
[2024-10-12T20:46:52.387+0000] {processor.py:186} INFO - Started process (PID=990) to work on /opt/airflow/dags/Corrrect_Dag_detect_and_correct_collective_anomalie.py
[2024-10-12T20:46:52.389+0000] {processor.py:914} INFO - Processing file /opt/airflow/dags/Corrrect_Dag_detect_and_correct_collective_anomalie.py for tasks to queue
[2024-10-12T20:46:52.393+0000] {logging_mixin.py:190} INFO - [2024-10-12T20:46:52.393+0000] {dagbag.py:587} INFO - Filling up the DagBag from /opt/airflow/dags/Corrrect_Dag_detect_and_correct_collective_anomalie.py
[2024-10-12T20:46:53.022+0000] {processor.py:925} INFO - DAG(s) 'Corrrect_Dag_detect_and_correct_collective_anomalie' retrieved from /opt/airflow/dags/Corrrect_Dag_detect_and_correct_collective_anomalie.py
[2024-10-12T20:46:53.137+0000] {logging_mixin.py:190} INFO - [2024-10-12T20:46:53.136+0000] {dag.py:3229} INFO - Sync 1 DAGs
[2024-10-12T20:46:53.185+0000] {logging_mixin.py:190} INFO - [2024-10-12T20:46:53.185+0000] {dag.py:4156} INFO - Setting next_dagrun for Corrrect_Dag_detect_and_correct_collective_anomalie to 2024-10-12 20:45:00+00:00, run_after=2024-10-12 20:50:00+00:00
[2024-10-12T20:46:53.225+0000] {processor.py:208} INFO - Processing /opt/airflow/dags/Corrrect_Dag_detect_and_correct_collective_anomalie.py took 0.845 seconds
[2024-10-12T20:47:37.066+0000] {processor.py:186} INFO - Started process (PID=1158) to work on /opt/airflow/dags/Corrrect_Dag_detect_and_correct_collective_anomalie.py
[2024-10-12T20:47:37.068+0000] {processor.py:914} INFO - Processing file /opt/airflow/dags/Corrrect_Dag_detect_and_correct_collective_anomalie.py for tasks to queue
[2024-10-12T20:47:37.070+0000] {logging_mixin.py:190} INFO - [2024-10-12T20:47:37.070+0000] {dagbag.py:587} INFO - Filling up the DagBag from /opt/airflow/dags/Corrrect_Dag_detect_and_correct_collective_anomalie.py
[2024-10-12T20:47:38.553+0000] {processor.py:925} INFO - DAG(s) 'Corrrect_Dag_detect_and_correct_collective_anomalie' retrieved from /opt/airflow/dags/Corrrect_Dag_detect_and_correct_collective_anomalie.py
[2024-10-12T20:47:38.686+0000] {logging_mixin.py:190} INFO - [2024-10-12T20:47:38.685+0000] {dag.py:3229} INFO - Sync 1 DAGs
[2024-10-12T20:47:38.750+0000] {logging_mixin.py:190} INFO - [2024-10-12T20:47:38.749+0000] {dag.py:4156} INFO - Setting next_dagrun for Corrrect_Dag_detect_and_correct_collective_anomalie to 2024-10-12 20:45:00+00:00, run_after=2024-10-12 20:50:00+00:00
[2024-10-12T20:47:38.806+0000] {processor.py:208} INFO - Processing /opt/airflow/dags/Corrrect_Dag_detect_and_correct_collective_anomalie.py took 1.757 seconds
[2024-10-12T20:48:09.608+0000] {processor.py:186} INFO - Started process (PID=1243) to work on /opt/airflow/dags/Corrrect_Dag_detect_and_correct_collective_anomalie.py
[2024-10-12T20:48:09.611+0000] {processor.py:914} INFO - Processing file /opt/airflow/dags/Corrrect_Dag_detect_and_correct_collective_anomalie.py for tasks to queue
[2024-10-12T20:48:09.613+0000] {logging_mixin.py:190} INFO - [2024-10-12T20:48:09.613+0000] {dagbag.py:587} INFO - Filling up the DagBag from /opt/airflow/dags/Corrrect_Dag_detect_and_correct_collective_anomalie.py
[2024-10-12T20:48:10.108+0000] {processor.py:925} INFO - DAG(s) 'Corrrect_Dag_detect_and_correct_collective_anomalie' retrieved from /opt/airflow/dags/Corrrect_Dag_detect_and_correct_collective_anomalie.py
[2024-10-12T20:48:10.296+0000] {logging_mixin.py:190} INFO - [2024-10-12T20:48:10.294+0000] {dag.py:3229} INFO - Sync 1 DAGs
[2024-10-12T20:48:10.401+0000] {logging_mixin.py:190} INFO - [2024-10-12T20:48:10.401+0000] {dag.py:4156} INFO - Setting next_dagrun for Corrrect_Dag_detect_and_correct_collective_anomalie to 2024-10-12 20:45:00+00:00, run_after=2024-10-12 20:50:00+00:00
[2024-10-12T20:48:10.471+0000] {processor.py:208} INFO - Processing /opt/airflow/dags/Corrrect_Dag_detect_and_correct_collective_anomalie.py took 0.872 seconds
[2024-10-12T20:48:41.306+0000] {processor.py:186} INFO - Started process (PID=1328) to work on /opt/airflow/dags/Corrrect_Dag_detect_and_correct_collective_anomalie.py
[2024-10-12T20:48:41.308+0000] {processor.py:914} INFO - Processing file /opt/airflow/dags/Corrrect_Dag_detect_and_correct_collective_anomalie.py for tasks to queue
[2024-10-12T20:48:41.310+0000] {logging_mixin.py:190} INFO - [2024-10-12T20:48:41.309+0000] {dagbag.py:587} INFO - Filling up the DagBag from /opt/airflow/dags/Corrrect_Dag_detect_and_correct_collective_anomalie.py
[2024-10-12T20:48:41.995+0000] {processor.py:925} INFO - DAG(s) 'Corrrect_Dag_detect_and_correct_collective_anomalie' retrieved from /opt/airflow/dags/Corrrect_Dag_detect_and_correct_collective_anomalie.py
[2024-10-12T20:48:42.213+0000] {logging_mixin.py:190} INFO - [2024-10-12T20:48:42.212+0000] {dag.py:3229} INFO - Sync 1 DAGs
[2024-10-12T20:48:42.286+0000] {logging_mixin.py:190} INFO - [2024-10-12T20:48:42.285+0000] {dag.py:4156} INFO - Setting next_dagrun for Corrrect_Dag_detect_and_correct_collective_anomalie to 2024-10-12 20:45:00+00:00, run_after=2024-10-12 20:50:00+00:00
[2024-10-12T20:48:42.335+0000] {processor.py:208} INFO - Processing /opt/airflow/dags/Corrrect_Dag_detect_and_correct_collective_anomalie.py took 1.040 seconds
[2024-10-12T20:49:12.514+0000] {processor.py:186} INFO - Started process (PID=1410) to work on /opt/airflow/dags/Corrrect_Dag_detect_and_correct_collective_anomalie.py
[2024-10-12T20:49:12.515+0000] {processor.py:914} INFO - Processing file /opt/airflow/dags/Corrrect_Dag_detect_and_correct_collective_anomalie.py for tasks to queue
[2024-10-12T20:49:12.518+0000] {logging_mixin.py:190} INFO - [2024-10-12T20:49:12.518+0000] {dagbag.py:587} INFO - Filling up the DagBag from /opt/airflow/dags/Corrrect_Dag_detect_and_correct_collective_anomalie.py
[2024-10-12T20:49:12.926+0000] {processor.py:925} INFO - DAG(s) 'Corrrect_Dag_detect_and_correct_collective_anomalie' retrieved from /opt/airflow/dags/Corrrect_Dag_detect_and_correct_collective_anomalie.py
[2024-10-12T20:49:13.238+0000] {logging_mixin.py:190} INFO - [2024-10-12T20:49:13.237+0000] {dag.py:3229} INFO - Sync 1 DAGs
[2024-10-12T20:49:13.280+0000] {logging_mixin.py:190} INFO - [2024-10-12T20:49:13.279+0000] {dag.py:4156} INFO - Setting next_dagrun for Corrrect_Dag_detect_and_correct_collective_anomalie to 2024-10-12 20:45:00+00:00, run_after=2024-10-12 20:50:00+00:00
[2024-10-12T20:49:13.319+0000] {processor.py:208} INFO - Processing /opt/airflow/dags/Corrrect_Dag_detect_and_correct_collective_anomalie.py took 0.813 seconds
[2024-10-12T20:49:43.954+0000] {processor.py:186} INFO - Started process (PID=1495) to work on /opt/airflow/dags/Corrrect_Dag_detect_and_correct_collective_anomalie.py
[2024-10-12T20:49:43.957+0000] {processor.py:914} INFO - Processing file /opt/airflow/dags/Corrrect_Dag_detect_and_correct_collective_anomalie.py for tasks to queue
[2024-10-12T20:49:43.961+0000] {logging_mixin.py:190} INFO - [2024-10-12T20:49:43.960+0000] {dagbag.py:587} INFO - Filling up the DagBag from /opt/airflow/dags/Corrrect_Dag_detect_and_correct_collective_anomalie.py
[2024-10-12T20:49:44.463+0000] {processor.py:925} INFO - DAG(s) 'Corrrect_Dag_detect_and_correct_collective_anomalie' retrieved from /opt/airflow/dags/Corrrect_Dag_detect_and_correct_collective_anomalie.py
[2024-10-12T20:49:44.776+0000] {logging_mixin.py:190} INFO - [2024-10-12T20:49:44.775+0000] {dag.py:3229} INFO - Sync 1 DAGs
[2024-10-12T20:49:44.850+0000] {logging_mixin.py:190} INFO - [2024-10-12T20:49:44.850+0000] {dag.py:4156} INFO - Setting next_dagrun for Corrrect_Dag_detect_and_correct_collective_anomalie to 2024-10-12 20:45:00+00:00, run_after=2024-10-12 20:50:00+00:00
[2024-10-12T20:49:44.898+0000] {processor.py:208} INFO - Processing /opt/airflow/dags/Corrrect_Dag_detect_and_correct_collective_anomalie.py took 0.961 seconds
[2024-10-12T20:50:26.435+0000] {processor.py:186} INFO - Started process (PID=1624) to work on /opt/airflow/dags/Corrrect_Dag_detect_and_correct_collective_anomalie.py
[2024-10-12T20:50:26.466+0000] {processor.py:914} INFO - Processing file /opt/airflow/dags/Corrrect_Dag_detect_and_correct_collective_anomalie.py for tasks to queue
[2024-10-12T20:50:26.524+0000] {logging_mixin.py:190} INFO - [2024-10-12T20:50:26.519+0000] {dagbag.py:587} INFO - Filling up the DagBag from /opt/airflow/dags/Corrrect_Dag_detect_and_correct_collective_anomalie.py
[2024-10-12T20:50:29.581+0000] {processor.py:925} INFO - DAG(s) 'Corrrect_Dag_detect_and_correct_collective_anomalie' retrieved from /opt/airflow/dags/Corrrect_Dag_detect_and_correct_collective_anomalie.py
[2024-10-12T20:50:30.338+0000] {logging_mixin.py:190} INFO - [2024-10-12T20:50:30.338+0000] {dag.py:3229} INFO - Sync 1 DAGs
[2024-10-12T20:50:30.433+0000] {logging_mixin.py:190} INFO - [2024-10-12T20:50:30.433+0000] {dag.py:4156} INFO - Setting next_dagrun for Corrrect_Dag_detect_and_correct_collective_anomalie to 2024-10-12 20:50:00+00:00, run_after=2024-10-12 20:55:00+00:00
[2024-10-12T20:50:30.499+0000] {processor.py:208} INFO - Processing /opt/airflow/dags/Corrrect_Dag_detect_and_correct_collective_anomalie.py took 4.166 seconds
[2024-10-12T20:51:57.591+0000] {processor.py:186} INFO - Started process (PID=1747) to work on /opt/airflow/dags/Corrrect_Dag_detect_and_correct_collective_anomalie.py
[2024-10-12T20:51:57.606+0000] {processor.py:914} INFO - Processing file /opt/airflow/dags/Corrrect_Dag_detect_and_correct_collective_anomalie.py for tasks to queue
[2024-10-12T20:51:57.690+0000] {logging_mixin.py:190} INFO - [2024-10-12T20:51:57.682+0000] {dagbag.py:587} INFO - Filling up the DagBag from /opt/airflow/dags/Corrrect_Dag_detect_and_correct_collective_anomalie.py
[2024-10-12T20:52:01.441+0000] {processor.py:925} INFO - DAG(s) 'Corrrect_Dag_detect_and_correct_collective_anomalie' retrieved from /opt/airflow/dags/Corrrect_Dag_detect_and_correct_collective_anomalie.py
[2024-10-12T20:52:02.065+0000] {logging_mixin.py:190} INFO - [2024-10-12T20:52:02.062+0000] {dag.py:3229} INFO - Sync 1 DAGs
[2024-10-12T20:52:02.182+0000] {logging_mixin.py:190} INFO - [2024-10-12T20:52:02.182+0000] {dag.py:4156} INFO - Setting next_dagrun for Corrrect_Dag_detect_and_correct_collective_anomalie to 2024-10-12 20:50:00+00:00, run_after=2024-10-12 20:55:00+00:00
[2024-10-12T20:52:02.295+0000] {processor.py:208} INFO - Processing /opt/airflow/dags/Corrrect_Dag_detect_and_correct_collective_anomalie.py took 4.823 seconds
[2024-10-12T20:52:32.755+0000] {processor.py:186} INFO - Started process (PID=1832) to work on /opt/airflow/dags/Corrrect_Dag_detect_and_correct_collective_anomalie.py
[2024-10-12T20:52:32.758+0000] {processor.py:914} INFO - Processing file /opt/airflow/dags/Corrrect_Dag_detect_and_correct_collective_anomalie.py for tasks to queue
[2024-10-12T20:52:32.761+0000] {logging_mixin.py:190} INFO - [2024-10-12T20:52:32.760+0000] {dagbag.py:587} INFO - Filling up the DagBag from /opt/airflow/dags/Corrrect_Dag_detect_and_correct_collective_anomalie.py
[2024-10-12T20:52:33.339+0000] {processor.py:925} INFO - DAG(s) 'Corrrect_Dag_detect_and_correct_collective_anomalie' retrieved from /opt/airflow/dags/Corrrect_Dag_detect_and_correct_collective_anomalie.py
[2024-10-12T20:52:33.493+0000] {logging_mixin.py:190} INFO - [2024-10-12T20:52:33.492+0000] {dag.py:3229} INFO - Sync 1 DAGs
[2024-10-12T20:52:33.542+0000] {logging_mixin.py:190} INFO - [2024-10-12T20:52:33.542+0000] {dag.py:4156} INFO - Setting next_dagrun for Corrrect_Dag_detect_and_correct_collective_anomalie to 2024-10-12 20:50:00+00:00, run_after=2024-10-12 20:55:00+00:00
[2024-10-12T20:52:33.593+0000] {processor.py:208} INFO - Processing /opt/airflow/dags/Corrrect_Dag_detect_and_correct_collective_anomalie.py took 0.848 seconds
[2024-10-12T20:53:04.435+0000] {processor.py:186} INFO - Started process (PID=1920) to work on /opt/airflow/dags/Corrrect_Dag_detect_and_correct_collective_anomalie.py
[2024-10-12T20:53:04.439+0000] {processor.py:914} INFO - Processing file /opt/airflow/dags/Corrrect_Dag_detect_and_correct_collective_anomalie.py for tasks to queue
[2024-10-12T20:53:04.444+0000] {logging_mixin.py:190} INFO - [2024-10-12T20:53:04.444+0000] {dagbag.py:587} INFO - Filling up the DagBag from /opt/airflow/dags/Corrrect_Dag_detect_and_correct_collective_anomalie.py
[2024-10-12T20:53:04.927+0000] {processor.py:925} INFO - DAG(s) 'Corrrect_Dag_detect_and_correct_collective_anomalie' retrieved from /opt/airflow/dags/Corrrect_Dag_detect_and_correct_collective_anomalie.py
[2024-10-12T20:53:05.102+0000] {logging_mixin.py:190} INFO - [2024-10-12T20:53:05.102+0000] {dag.py:3229} INFO - Sync 1 DAGs
[2024-10-12T20:53:05.217+0000] {logging_mixin.py:190} INFO - [2024-10-12T20:53:05.217+0000] {dag.py:4156} INFO - Setting next_dagrun for Corrrect_Dag_detect_and_correct_collective_anomalie to 2024-10-12 20:50:00+00:00, run_after=2024-10-12 20:55:00+00:00
[2024-10-12T20:53:05.282+0000] {processor.py:208} INFO - Processing /opt/airflow/dags/Corrrect_Dag_detect_and_correct_collective_anomalie.py took 0.864 seconds
[2024-10-12T20:53:35.386+0000] {processor.py:186} INFO - Started process (PID=2007) to work on /opt/airflow/dags/Corrrect_Dag_detect_and_correct_collective_anomalie.py
[2024-10-12T20:53:35.389+0000] {processor.py:914} INFO - Processing file /opt/airflow/dags/Corrrect_Dag_detect_and_correct_collective_anomalie.py for tasks to queue
[2024-10-12T20:53:35.392+0000] {logging_mixin.py:190} INFO - [2024-10-12T20:53:35.391+0000] {dagbag.py:587} INFO - Filling up the DagBag from /opt/airflow/dags/Corrrect_Dag_detect_and_correct_collective_anomalie.py
[2024-10-12T20:53:35.939+0000] {processor.py:925} INFO - DAG(s) 'Corrrect_Dag_detect_and_correct_collective_anomalie' retrieved from /opt/airflow/dags/Corrrect_Dag_detect_and_correct_collective_anomalie.py
[2024-10-12T20:53:36.111+0000] {logging_mixin.py:190} INFO - [2024-10-12T20:53:36.111+0000] {dag.py:3229} INFO - Sync 1 DAGs
[2024-10-12T20:53:36.193+0000] {logging_mixin.py:190} INFO - [2024-10-12T20:53:36.193+0000] {dag.py:4156} INFO - Setting next_dagrun for Corrrect_Dag_detect_and_correct_collective_anomalie to 2024-10-12 20:50:00+00:00, run_after=2024-10-12 20:55:00+00:00
[2024-10-12T20:53:36.239+0000] {processor.py:208} INFO - Processing /opt/airflow/dags/Corrrect_Dag_detect_and_correct_collective_anomalie.py took 0.868 seconds
[2024-10-12T20:54:06.483+0000] {processor.py:186} INFO - Started process (PID=2092) to work on /opt/airflow/dags/Corrrect_Dag_detect_and_correct_collective_anomalie.py
[2024-10-12T20:54:06.485+0000] {processor.py:914} INFO - Processing file /opt/airflow/dags/Corrrect_Dag_detect_and_correct_collective_anomalie.py for tasks to queue
[2024-10-12T20:54:06.487+0000] {logging_mixin.py:190} INFO - [2024-10-12T20:54:06.487+0000] {dagbag.py:587} INFO - Filling up the DagBag from /opt/airflow/dags/Corrrect_Dag_detect_and_correct_collective_anomalie.py
[2024-10-12T20:54:06.904+0000] {processor.py:925} INFO - DAG(s) 'Corrrect_Dag_detect_and_correct_collective_anomalie' retrieved from /opt/airflow/dags/Corrrect_Dag_detect_and_correct_collective_anomalie.py
[2024-10-12T20:54:07.012+0000] {logging_mixin.py:190} INFO - [2024-10-12T20:54:07.011+0000] {dag.py:3229} INFO - Sync 1 DAGs
[2024-10-12T20:54:07.062+0000] {logging_mixin.py:190} INFO - [2024-10-12T20:54:07.062+0000] {dag.py:4156} INFO - Setting next_dagrun for Corrrect_Dag_detect_and_correct_collective_anomalie to 2024-10-12 20:50:00+00:00, run_after=2024-10-12 20:55:00+00:00
[2024-10-12T20:54:07.096+0000] {processor.py:208} INFO - Processing /opt/airflow/dags/Corrrect_Dag_detect_and_correct_collective_anomalie.py took 0.625 seconds
[2024-10-12T20:54:37.313+0000] {processor.py:186} INFO - Started process (PID=2180) to work on /opt/airflow/dags/Corrrect_Dag_detect_and_correct_collective_anomalie.py
[2024-10-12T20:54:37.315+0000] {processor.py:914} INFO - Processing file /opt/airflow/dags/Corrrect_Dag_detect_and_correct_collective_anomalie.py for tasks to queue
[2024-10-12T20:54:37.318+0000] {logging_mixin.py:190} INFO - [2024-10-12T20:54:37.317+0000] {dagbag.py:587} INFO - Filling up the DagBag from /opt/airflow/dags/Corrrect_Dag_detect_and_correct_collective_anomalie.py
[2024-10-12T20:54:37.743+0000] {processor.py:925} INFO - DAG(s) 'Corrrect_Dag_detect_and_correct_collective_anomalie' retrieved from /opt/airflow/dags/Corrrect_Dag_detect_and_correct_collective_anomalie.py
[2024-10-12T20:54:37.882+0000] {logging_mixin.py:190} INFO - [2024-10-12T20:54:37.881+0000] {dag.py:3229} INFO - Sync 1 DAGs
[2024-10-12T20:54:37.934+0000] {logging_mixin.py:190} INFO - [2024-10-12T20:54:37.933+0000] {dag.py:4156} INFO - Setting next_dagrun for Corrrect_Dag_detect_and_correct_collective_anomalie to 2024-10-12 20:50:00+00:00, run_after=2024-10-12 20:55:00+00:00
[2024-10-12T20:54:37.973+0000] {processor.py:208} INFO - Processing /opt/airflow/dags/Corrrect_Dag_detect_and_correct_collective_anomalie.py took 0.675 seconds
[2024-10-12T20:55:11.490+0000] {processor.py:186} INFO - Started process (PID=2311) to work on /opt/airflow/dags/Corrrect_Dag_detect_and_correct_collective_anomalie.py
[2024-10-12T20:55:11.492+0000] {processor.py:914} INFO - Processing file /opt/airflow/dags/Corrrect_Dag_detect_and_correct_collective_anomalie.py for tasks to queue
[2024-10-12T20:55:11.494+0000] {logging_mixin.py:190} INFO - [2024-10-12T20:55:11.494+0000] {dagbag.py:587} INFO - Filling up the DagBag from /opt/airflow/dags/Corrrect_Dag_detect_and_correct_collective_anomalie.py
[2024-10-12T20:55:12.076+0000] {processor.py:925} INFO - DAG(s) 'Corrrect_Dag_detect_and_correct_collective_anomalie' retrieved from /opt/airflow/dags/Corrrect_Dag_detect_and_correct_collective_anomalie.py
[2024-10-12T20:55:12.371+0000] {logging_mixin.py:190} INFO - [2024-10-12T20:55:12.370+0000] {dag.py:3229} INFO - Sync 1 DAGs
[2024-10-12T20:55:12.436+0000] {logging_mixin.py:190} INFO - [2024-10-12T20:55:12.435+0000] {dag.py:4156} INFO - Setting next_dagrun for Corrrect_Dag_detect_and_correct_collective_anomalie to 2024-10-12 20:55:00+00:00, run_after=2024-10-12 21:00:00+00:00
[2024-10-12T20:55:12.480+0000] {processor.py:208} INFO - Processing /opt/airflow/dags/Corrrect_Dag_detect_and_correct_collective_anomalie.py took 0.999 seconds
[2024-10-12T20:55:42.633+0000] {processor.py:186} INFO - Started process (PID=2398) to work on /opt/airflow/dags/Corrrect_Dag_detect_and_correct_collective_anomalie.py
[2024-10-12T20:55:42.634+0000] {processor.py:914} INFO - Processing file /opt/airflow/dags/Corrrect_Dag_detect_and_correct_collective_anomalie.py for tasks to queue
[2024-10-12T20:55:42.636+0000] {logging_mixin.py:190} INFO - [2024-10-12T20:55:42.636+0000] {dagbag.py:587} INFO - Filling up the DagBag from /opt/airflow/dags/Corrrect_Dag_detect_and_correct_collective_anomalie.py
[2024-10-12T20:55:43.178+0000] {processor.py:925} INFO - DAG(s) 'Corrrect_Dag_detect_and_correct_collective_anomalie' retrieved from /opt/airflow/dags/Corrrect_Dag_detect_and_correct_collective_anomalie.py
[2024-10-12T20:55:43.336+0000] {logging_mixin.py:190} INFO - [2024-10-12T20:55:43.335+0000] {dag.py:3229} INFO - Sync 1 DAGs
[2024-10-12T20:55:43.379+0000] {logging_mixin.py:190} INFO - [2024-10-12T20:55:43.378+0000] {dag.py:4156} INFO - Setting next_dagrun for Corrrect_Dag_detect_and_correct_collective_anomalie to 2024-10-12 20:55:00+00:00, run_after=2024-10-12 21:00:00+00:00
[2024-10-12T20:55:43.410+0000] {processor.py:208} INFO - Processing /opt/airflow/dags/Corrrect_Dag_detect_and_correct_collective_anomalie.py took 0.787 seconds
[2024-10-12T20:56:13.765+0000] {processor.py:186} INFO - Started process (PID=2481) to work on /opt/airflow/dags/Corrrect_Dag_detect_and_correct_collective_anomalie.py
[2024-10-12T20:56:13.767+0000] {processor.py:914} INFO - Processing file /opt/airflow/dags/Corrrect_Dag_detect_and_correct_collective_anomalie.py for tasks to queue
[2024-10-12T20:56:13.772+0000] {logging_mixin.py:190} INFO - [2024-10-12T20:56:13.771+0000] {dagbag.py:587} INFO - Filling up the DagBag from /opt/airflow/dags/Corrrect_Dag_detect_and_correct_collective_anomalie.py
[2024-10-12T20:56:14.265+0000] {processor.py:925} INFO - DAG(s) 'Corrrect_Dag_detect_and_correct_collective_anomalie' retrieved from /opt/airflow/dags/Corrrect_Dag_detect_and_correct_collective_anomalie.py
[2024-10-12T20:56:14.440+0000] {logging_mixin.py:190} INFO - [2024-10-12T20:56:14.439+0000] {dag.py:3229} INFO - Sync 1 DAGs
[2024-10-12T20:56:14.510+0000] {logging_mixin.py:190} INFO - [2024-10-12T20:56:14.509+0000] {dag.py:4156} INFO - Setting next_dagrun for Corrrect_Dag_detect_and_correct_collective_anomalie to 2024-10-12 20:55:00+00:00, run_after=2024-10-12 21:00:00+00:00
[2024-10-12T20:56:14.555+0000] {processor.py:208} INFO - Processing /opt/airflow/dags/Corrrect_Dag_detect_and_correct_collective_anomalie.py took 0.808 seconds
[2024-10-12T20:56:45.454+0000] {processor.py:186} INFO - Started process (PID=2566) to work on /opt/airflow/dags/Corrrect_Dag_detect_and_correct_collective_anomalie.py
[2024-10-12T20:56:45.456+0000] {processor.py:914} INFO - Processing file /opt/airflow/dags/Corrrect_Dag_detect_and_correct_collective_anomalie.py for tasks to queue
[2024-10-12T20:56:45.458+0000] {logging_mixin.py:190} INFO - [2024-10-12T20:56:45.458+0000] {dagbag.py:587} INFO - Filling up the DagBag from /opt/airflow/dags/Corrrect_Dag_detect_and_correct_collective_anomalie.py
[2024-10-12T20:56:46.019+0000] {processor.py:925} INFO - DAG(s) 'Corrrect_Dag_detect_and_correct_collective_anomalie' retrieved from /opt/airflow/dags/Corrrect_Dag_detect_and_correct_collective_anomalie.py
[2024-10-12T20:56:46.204+0000] {logging_mixin.py:190} INFO - [2024-10-12T20:56:46.203+0000] {dag.py:3229} INFO - Sync 1 DAGs
[2024-10-12T20:56:46.265+0000] {logging_mixin.py:190} INFO - [2024-10-12T20:56:46.265+0000] {dag.py:4156} INFO - Setting next_dagrun for Corrrect_Dag_detect_and_correct_collective_anomalie to 2024-10-12 20:55:00+00:00, run_after=2024-10-12 21:00:00+00:00
[2024-10-12T20:56:46.314+0000] {processor.py:208} INFO - Processing /opt/airflow/dags/Corrrect_Dag_detect_and_correct_collective_anomalie.py took 0.871 seconds
[2024-10-12T20:57:17.165+0000] {processor.py:186} INFO - Started process (PID=2656) to work on /opt/airflow/dags/Corrrect_Dag_detect_and_correct_collective_anomalie.py
[2024-10-12T20:57:17.177+0000] {processor.py:914} INFO - Processing file /opt/airflow/dags/Corrrect_Dag_detect_and_correct_collective_anomalie.py for tasks to queue
[2024-10-12T20:57:17.179+0000] {logging_mixin.py:190} INFO - [2024-10-12T20:57:17.179+0000] {dagbag.py:587} INFO - Filling up the DagBag from /opt/airflow/dags/Corrrect_Dag_detect_and_correct_collective_anomalie.py
[2024-10-12T20:57:17.751+0000] {processor.py:925} INFO - DAG(s) 'Corrrect_Dag_detect_and_correct_collective_anomalie' retrieved from /opt/airflow/dags/Corrrect_Dag_detect_and_correct_collective_anomalie.py
[2024-10-12T20:57:17.875+0000] {logging_mixin.py:190} INFO - [2024-10-12T20:57:17.874+0000] {dag.py:3229} INFO - Sync 1 DAGs
[2024-10-12T20:57:17.933+0000] {logging_mixin.py:190} INFO - [2024-10-12T20:57:17.932+0000] {dag.py:4156} INFO - Setting next_dagrun for Corrrect_Dag_detect_and_correct_collective_anomalie to 2024-10-12 20:55:00+00:00, run_after=2024-10-12 21:00:00+00:00
[2024-10-12T20:57:17.982+0000] {processor.py:208} INFO - Processing /opt/airflow/dags/Corrrect_Dag_detect_and_correct_collective_anomalie.py took 0.836 seconds
[2024-10-12T20:57:48.258+0000] {processor.py:186} INFO - Started process (PID=2746) to work on /opt/airflow/dags/Corrrect_Dag_detect_and_correct_collective_anomalie.py
[2024-10-12T20:57:48.259+0000] {processor.py:914} INFO - Processing file /opt/airflow/dags/Corrrect_Dag_detect_and_correct_collective_anomalie.py for tasks to queue
[2024-10-12T20:57:48.262+0000] {logging_mixin.py:190} INFO - [2024-10-12T20:57:48.261+0000] {dagbag.py:587} INFO - Filling up the DagBag from /opt/airflow/dags/Corrrect_Dag_detect_and_correct_collective_anomalie.py
[2024-10-12T20:57:48.646+0000] {processor.py:925} INFO - DAG(s) 'Corrrect_Dag_detect_and_correct_collective_anomalie' retrieved from /opt/airflow/dags/Corrrect_Dag_detect_and_correct_collective_anomalie.py
[2024-10-12T20:57:48.811+0000] {logging_mixin.py:190} INFO - [2024-10-12T20:57:48.810+0000] {dag.py:3229} INFO - Sync 1 DAGs
[2024-10-12T20:57:48.888+0000] {logging_mixin.py:190} INFO - [2024-10-12T20:57:48.887+0000] {dag.py:4156} INFO - Setting next_dagrun for Corrrect_Dag_detect_and_correct_collective_anomalie to 2024-10-12 20:55:00+00:00, run_after=2024-10-12 21:00:00+00:00
[2024-10-12T20:57:48.950+0000] {processor.py:208} INFO - Processing /opt/airflow/dags/Corrrect_Dag_detect_and_correct_collective_anomalie.py took 0.703 seconds
[2024-10-12T20:58:19.748+0000] {processor.py:186} INFO - Started process (PID=2827) to work on /opt/airflow/dags/Corrrect_Dag_detect_and_correct_collective_anomalie.py
[2024-10-12T20:58:19.749+0000] {processor.py:914} INFO - Processing file /opt/airflow/dags/Corrrect_Dag_detect_and_correct_collective_anomalie.py for tasks to queue
[2024-10-12T20:58:19.751+0000] {logging_mixin.py:190} INFO - [2024-10-12T20:58:19.751+0000] {dagbag.py:587} INFO - Filling up the DagBag from /opt/airflow/dags/Corrrect_Dag_detect_and_correct_collective_anomalie.py
[2024-10-12T20:58:20.211+0000] {processor.py:925} INFO - DAG(s) 'Corrrect_Dag_detect_and_correct_collective_anomalie' retrieved from /opt/airflow/dags/Corrrect_Dag_detect_and_correct_collective_anomalie.py
[2024-10-12T20:58:20.327+0000] {logging_mixin.py:190} INFO - [2024-10-12T20:58:20.326+0000] {dag.py:3229} INFO - Sync 1 DAGs
[2024-10-12T20:58:20.379+0000] {logging_mixin.py:190} INFO - [2024-10-12T20:58:20.379+0000] {dag.py:4156} INFO - Setting next_dagrun for Corrrect_Dag_detect_and_correct_collective_anomalie to 2024-10-12 20:55:00+00:00, run_after=2024-10-12 21:00:00+00:00
[2024-10-12T20:58:20.412+0000] {processor.py:208} INFO - Processing /opt/airflow/dags/Corrrect_Dag_detect_and_correct_collective_anomalie.py took 0.677 seconds
[2024-10-12T20:58:51.884+0000] {processor.py:186} INFO - Started process (PID=2912) to work on /opt/airflow/dags/Corrrect_Dag_detect_and_correct_collective_anomalie.py
[2024-10-12T20:58:51.886+0000] {processor.py:914} INFO - Processing file /opt/airflow/dags/Corrrect_Dag_detect_and_correct_collective_anomalie.py for tasks to queue
[2024-10-12T20:58:51.889+0000] {logging_mixin.py:190} INFO - [2024-10-12T20:58:51.889+0000] {dagbag.py:587} INFO - Filling up the DagBag from /opt/airflow/dags/Corrrect_Dag_detect_and_correct_collective_anomalie.py
[2024-10-12T20:58:52.403+0000] {processor.py:925} INFO - DAG(s) 'Corrrect_Dag_detect_and_correct_collective_anomalie' retrieved from /opt/airflow/dags/Corrrect_Dag_detect_and_correct_collective_anomalie.py
[2024-10-12T20:58:52.546+0000] {logging_mixin.py:190} INFO - [2024-10-12T20:58:52.546+0000] {dag.py:3229} INFO - Sync 1 DAGs
[2024-10-12T20:58:52.621+0000] {logging_mixin.py:190} INFO - [2024-10-12T20:58:52.621+0000] {dag.py:4156} INFO - Setting next_dagrun for Corrrect_Dag_detect_and_correct_collective_anomalie to 2024-10-12 20:55:00+00:00, run_after=2024-10-12 21:00:00+00:00
[2024-10-12T20:58:52.672+0000] {processor.py:208} INFO - Processing /opt/airflow/dags/Corrrect_Dag_detect_and_correct_collective_anomalie.py took 0.797 seconds
[2024-10-12T20:59:23.206+0000] {processor.py:186} INFO - Started process (PID=2999) to work on /opt/airflow/dags/Corrrect_Dag_detect_and_correct_collective_anomalie.py
[2024-10-12T20:59:23.208+0000] {processor.py:914} INFO - Processing file /opt/airflow/dags/Corrrect_Dag_detect_and_correct_collective_anomalie.py for tasks to queue
[2024-10-12T20:59:23.211+0000] {logging_mixin.py:190} INFO - [2024-10-12T20:59:23.211+0000] {dagbag.py:587} INFO - Filling up the DagBag from /opt/airflow/dags/Corrrect_Dag_detect_and_correct_collective_anomalie.py
[2024-10-12T20:59:23.695+0000] {processor.py:925} INFO - DAG(s) 'Corrrect_Dag_detect_and_correct_collective_anomalie' retrieved from /opt/airflow/dags/Corrrect_Dag_detect_and_correct_collective_anomalie.py
[2024-10-12T20:59:23.881+0000] {logging_mixin.py:190} INFO - [2024-10-12T20:59:23.881+0000] {dag.py:3229} INFO - Sync 1 DAGs
[2024-10-12T20:59:23.934+0000] {logging_mixin.py:190} INFO - [2024-10-12T20:59:23.934+0000] {dag.py:4156} INFO - Setting next_dagrun for Corrrect_Dag_detect_and_correct_collective_anomalie to 2024-10-12 20:55:00+00:00, run_after=2024-10-12 21:00:00+00:00
[2024-10-12T20:59:23.972+0000] {processor.py:208} INFO - Processing /opt/airflow/dags/Corrrect_Dag_detect_and_correct_collective_anomalie.py took 0.774 seconds
[2024-10-12T20:59:54.076+0000] {processor.py:186} INFO - Started process (PID=3084) to work on /opt/airflow/dags/Corrrect_Dag_detect_and_correct_collective_anomalie.py
[2024-10-12T20:59:54.078+0000] {processor.py:914} INFO - Processing file /opt/airflow/dags/Corrrect_Dag_detect_and_correct_collective_anomalie.py for tasks to queue
[2024-10-12T20:59:54.080+0000] {logging_mixin.py:190} INFO - [2024-10-12T20:59:54.079+0000] {dagbag.py:587} INFO - Filling up the DagBag from /opt/airflow/dags/Corrrect_Dag_detect_and_correct_collective_anomalie.py
[2024-10-12T20:59:54.592+0000] {processor.py:925} INFO - DAG(s) 'Corrrect_Dag_detect_and_correct_collective_anomalie' retrieved from /opt/airflow/dags/Corrrect_Dag_detect_and_correct_collective_anomalie.py
[2024-10-12T20:59:54.767+0000] {logging_mixin.py:190} INFO - [2024-10-12T20:59:54.766+0000] {dag.py:3229} INFO - Sync 1 DAGs
[2024-10-12T20:59:54.816+0000] {logging_mixin.py:190} INFO - [2024-10-12T20:59:54.815+0000] {dag.py:4156} INFO - Setting next_dagrun for Corrrect_Dag_detect_and_correct_collective_anomalie to 2024-10-12 20:55:00+00:00, run_after=2024-10-12 21:00:00+00:00
[2024-10-12T20:59:54.907+0000] {processor.py:208} INFO - Processing /opt/airflow/dags/Corrrect_Dag_detect_and_correct_collective_anomalie.py took 0.841 seconds
[2024-10-12T21:02:02.647+0000] {processor.py:186} INFO - Started process (PID=3264) to work on /opt/airflow/dags/Corrrect_Dag_detect_and_correct_collective_anomalie.py
[2024-10-12T21:02:02.675+0000] {processor.py:914} INFO - Processing file /opt/airflow/dags/Corrrect_Dag_detect_and_correct_collective_anomalie.py for tasks to queue
[2024-10-12T21:02:02.732+0000] {logging_mixin.py:190} INFO - [2024-10-12T21:02:02.693+0000] {dagbag.py:587} INFO - Filling up the DagBag from /opt/airflow/dags/Corrrect_Dag_detect_and_correct_collective_anomalie.py
[2024-10-12T21:02:07.013+0000] {processor.py:925} INFO - DAG(s) 'Corrrect_Dag_detect_and_correct_collective_anomalie' retrieved from /opt/airflow/dags/Corrrect_Dag_detect_and_correct_collective_anomalie.py
[2024-10-12T21:02:09.238+0000] {logging_mixin.py:190} INFO - [2024-10-12T21:02:09.237+0000] {dag.py:3229} INFO - Sync 1 DAGs
[2024-10-12T21:02:09.638+0000] {logging_mixin.py:190} INFO - [2024-10-12T21:02:09.638+0000] {dag.py:4156} INFO - Setting next_dagrun for Corrrect_Dag_detect_and_correct_collective_anomalie to 2024-10-12 21:00:00+00:00, run_after=2024-10-12 21:05:00+00:00
[2024-10-12T21:02:09.844+0000] {processor.py:208} INFO - Processing /opt/airflow/dags/Corrrect_Dag_detect_and_correct_collective_anomalie.py took 7.274 seconds
[2024-10-12T21:02:12.215+0000] {processor.py:186} INFO - Started process (PID=3291) to work on /opt/airflow/dags/Corrrect_Dag_detect_and_correct_collective_anomalie.py
[2024-10-12T21:02:12.245+0000] {processor.py:914} INFO - Processing file /opt/airflow/dags/Corrrect_Dag_detect_and_correct_collective_anomalie.py for tasks to queue
[2024-10-12T21:02:12.265+0000] {logging_mixin.py:190} INFO - [2024-10-12T21:02:12.264+0000] {dagbag.py:587} INFO - Filling up the DagBag from /opt/airflow/dags/Corrrect_Dag_detect_and_correct_collective_anomalie.py
[2024-10-12T21:02:14.366+0000] {processor.py:925} INFO - DAG(s) 'Corrrect_Dag_detect_and_correct_collective_anomalie' retrieved from /opt/airflow/dags/Corrrect_Dag_detect_and_correct_collective_anomalie.py
[2024-10-12T21:02:15.539+0000] {logging_mixin.py:190} INFO - [2024-10-12T21:02:15.527+0000] {taskinstance.py:3312} ERROR - {'DAG Id': 'Corrrect_Dag_detect_and_correct_collective_anomalie', 'Task Id': 'detect_and_correct_collective_anomalie', 'Run Id': 'scheduled__2024-10-12T20:55:00+00:00', 'Hostname': '20dad67a3f18'}
[2024-10-12T21:02:15.885+0000] {logging_mixin.py:190} INFO - [2024-10-12T21:02:15.884+0000] {taskinstance.py:1225} INFO - Marking task as UP_FOR_RETRY. dag_id=Corrrect_Dag_detect_and_correct_collective_anomalie, task_id=detect_and_correct_collective_anomalie, run_id=scheduled__2024-10-12T20:55:00+00:00, execution_date=20241012T205500, start_date=20241012T210049, end_date=20241012T210215
[2024-10-12T21:02:16.031+0000] {logging_mixin.py:190} INFO - [2024-10-12T21:02:16.031+0000] {processor.py:876} INFO - Executed callback for <TaskInstance: Corrrect_Dag_detect_and_correct_collective_anomalie.detect_and_correct_collective_anomalie scheduled__2024-10-12T20:55:00+00:00 [up_for_retry]> in state up_for_retry
[2024-10-12T21:02:16.119+0000] {logging_mixin.py:190} INFO - [2024-10-12T21:02:16.117+0000] {dag.py:3229} INFO - Sync 1 DAGs
[2024-10-12T21:02:16.258+0000] {logging_mixin.py:190} INFO - [2024-10-12T21:02:16.257+0000] {dag.py:4156} INFO - Setting next_dagrun for Corrrect_Dag_detect_and_correct_collective_anomalie to 2024-10-12 21:00:00+00:00, run_after=2024-10-12 21:05:00+00:00
[2024-10-12T21:02:16.421+0000] {processor.py:208} INFO - Processing /opt/airflow/dags/Corrrect_Dag_detect_and_correct_collective_anomalie.py took 4.237 seconds
[2024-10-12T21:02:47.178+0000] {processor.py:186} INFO - Started process (PID=3403) to work on /opt/airflow/dags/Corrrect_Dag_detect_and_correct_collective_anomalie.py
[2024-10-12T21:02:47.179+0000] {processor.py:914} INFO - Processing file /opt/airflow/dags/Corrrect_Dag_detect_and_correct_collective_anomalie.py for tasks to queue
[2024-10-12T21:02:47.181+0000] {logging_mixin.py:190} INFO - [2024-10-12T21:02:47.181+0000] {dagbag.py:587} INFO - Filling up the DagBag from /opt/airflow/dags/Corrrect_Dag_detect_and_correct_collective_anomalie.py
[2024-10-12T21:02:47.810+0000] {processor.py:925} INFO - DAG(s) 'Corrrect_Dag_detect_and_correct_collective_anomalie' retrieved from /opt/airflow/dags/Corrrect_Dag_detect_and_correct_collective_anomalie.py
[2024-10-12T21:02:47.991+0000] {logging_mixin.py:190} INFO - [2024-10-12T21:02:47.990+0000] {dag.py:3229} INFO - Sync 1 DAGs
[2024-10-12T21:02:48.126+0000] {logging_mixin.py:190} INFO - [2024-10-12T21:02:48.101+0000] {dag.py:4156} INFO - Setting next_dagrun for Corrrect_Dag_detect_and_correct_collective_anomalie to 2024-10-12 21:00:00+00:00, run_after=2024-10-12 21:05:00+00:00
[2024-10-12T21:02:48.195+0000] {processor.py:208} INFO - Processing /opt/airflow/dags/Corrrect_Dag_detect_and_correct_collective_anomalie.py took 1.050 seconds
[2024-10-12T21:03:18.664+0000] {processor.py:186} INFO - Started process (PID=3493) to work on /opt/airflow/dags/Corrrect_Dag_detect_and_correct_collective_anomalie.py
[2024-10-12T21:03:18.666+0000] {processor.py:914} INFO - Processing file /opt/airflow/dags/Corrrect_Dag_detect_and_correct_collective_anomalie.py for tasks to queue
[2024-10-12T21:03:18.669+0000] {logging_mixin.py:190} INFO - [2024-10-12T21:03:18.668+0000] {dagbag.py:587} INFO - Filling up the DagBag from /opt/airflow/dags/Corrrect_Dag_detect_and_correct_collective_anomalie.py
[2024-10-12T21:03:19.121+0000] {processor.py:925} INFO - DAG(s) 'Corrrect_Dag_detect_and_correct_collective_anomalie' retrieved from /opt/airflow/dags/Corrrect_Dag_detect_and_correct_collective_anomalie.py
[2024-10-12T21:03:19.325+0000] {logging_mixin.py:190} INFO - [2024-10-12T21:03:19.325+0000] {dag.py:3229} INFO - Sync 1 DAGs
[2024-10-12T21:03:19.404+0000] {logging_mixin.py:190} INFO - [2024-10-12T21:03:19.404+0000] {dag.py:4156} INFO - Setting next_dagrun for Corrrect_Dag_detect_and_correct_collective_anomalie to 2024-10-12 21:00:00+00:00, run_after=2024-10-12 21:05:00+00:00
[2024-10-12T21:03:19.460+0000] {processor.py:208} INFO - Processing /opt/airflow/dags/Corrrect_Dag_detect_and_correct_collective_anomalie.py took 0.811 seconds
[2024-10-12T21:03:49.763+0000] {processor.py:186} INFO - Started process (PID=3578) to work on /opt/airflow/dags/Corrrect_Dag_detect_and_correct_collective_anomalie.py
[2024-10-12T21:03:49.765+0000] {processor.py:914} INFO - Processing file /opt/airflow/dags/Corrrect_Dag_detect_and_correct_collective_anomalie.py for tasks to queue
[2024-10-12T21:03:49.767+0000] {logging_mixin.py:190} INFO - [2024-10-12T21:03:49.766+0000] {dagbag.py:587} INFO - Filling up the DagBag from /opt/airflow/dags/Corrrect_Dag_detect_and_correct_collective_anomalie.py
[2024-10-12T21:03:50.284+0000] {processor.py:925} INFO - DAG(s) 'Corrrect_Dag_detect_and_correct_collective_anomalie' retrieved from /opt/airflow/dags/Corrrect_Dag_detect_and_correct_collective_anomalie.py
[2024-10-12T21:03:50.547+0000] {logging_mixin.py:190} INFO - [2024-10-12T21:03:50.546+0000] {dag.py:3229} INFO - Sync 1 DAGs
[2024-10-12T21:03:50.680+0000] {logging_mixin.py:190} INFO - [2024-10-12T21:03:50.679+0000] {dag.py:4156} INFO - Setting next_dagrun for Corrrect_Dag_detect_and_correct_collective_anomalie to 2024-10-12 21:00:00+00:00, run_after=2024-10-12 21:05:00+00:00
[2024-10-12T21:03:50.745+0000] {processor.py:208} INFO - Processing /opt/airflow/dags/Corrrect_Dag_detect_and_correct_collective_anomalie.py took 0.990 seconds
[2024-10-12T21:04:21.312+0000] {processor.py:186} INFO - Started process (PID=3663) to work on /opt/airflow/dags/Corrrect_Dag_detect_and_correct_collective_anomalie.py
[2024-10-12T21:04:21.314+0000] {processor.py:914} INFO - Processing file /opt/airflow/dags/Corrrect_Dag_detect_and_correct_collective_anomalie.py for tasks to queue
[2024-10-12T21:04:21.316+0000] {logging_mixin.py:190} INFO - [2024-10-12T21:04:21.316+0000] {dagbag.py:587} INFO - Filling up the DagBag from /opt/airflow/dags/Corrrect_Dag_detect_and_correct_collective_anomalie.py
[2024-10-12T21:04:21.801+0000] {processor.py:925} INFO - DAG(s) 'Corrrect_Dag_detect_and_correct_collective_anomalie' retrieved from /opt/airflow/dags/Corrrect_Dag_detect_and_correct_collective_anomalie.py
[2024-10-12T21:04:21.946+0000] {logging_mixin.py:190} INFO - [2024-10-12T21:04:21.946+0000] {dag.py:3229} INFO - Sync 1 DAGs
[2024-10-12T21:04:22.017+0000] {logging_mixin.py:190} INFO - [2024-10-12T21:04:22.016+0000] {dag.py:4156} INFO - Setting next_dagrun for Corrrect_Dag_detect_and_correct_collective_anomalie to 2024-10-12 21:00:00+00:00, run_after=2024-10-12 21:05:00+00:00
[2024-10-12T21:04:22.064+0000] {processor.py:208} INFO - Processing /opt/airflow/dags/Corrrect_Dag_detect_and_correct_collective_anomalie.py took 0.761 seconds
[2024-10-12T21:04:52.311+0000] {processor.py:186} INFO - Started process (PID=3753) to work on /opt/airflow/dags/Corrrect_Dag_detect_and_correct_collective_anomalie.py
[2024-10-12T21:04:52.314+0000] {processor.py:914} INFO - Processing file /opt/airflow/dags/Corrrect_Dag_detect_and_correct_collective_anomalie.py for tasks to queue
[2024-10-12T21:04:52.318+0000] {logging_mixin.py:190} INFO - [2024-10-12T21:04:52.317+0000] {dagbag.py:587} INFO - Filling up the DagBag from /opt/airflow/dags/Corrrect_Dag_detect_and_correct_collective_anomalie.py
[2024-10-12T21:04:52.847+0000] {processor.py:925} INFO - DAG(s) 'Corrrect_Dag_detect_and_correct_collective_anomalie' retrieved from /opt/airflow/dags/Corrrect_Dag_detect_and_correct_collective_anomalie.py
[2024-10-12T21:04:52.999+0000] {logging_mixin.py:190} INFO - [2024-10-12T21:04:52.998+0000] {dag.py:3229} INFO - Sync 1 DAGs
[2024-10-12T21:04:53.084+0000] {logging_mixin.py:190} INFO - [2024-10-12T21:04:53.084+0000] {dag.py:4156} INFO - Setting next_dagrun for Corrrect_Dag_detect_and_correct_collective_anomalie to 2024-10-12 21:00:00+00:00, run_after=2024-10-12 21:05:00+00:00
[2024-10-12T21:04:53.144+0000] {processor.py:208} INFO - Processing /opt/airflow/dags/Corrrect_Dag_detect_and_correct_collective_anomalie.py took 0.854 seconds
[2024-10-12T21:05:28.704+0000] {processor.py:186} INFO - Started process (PID=3876) to work on /opt/airflow/dags/Corrrect_Dag_detect_and_correct_collective_anomalie.py
[2024-10-12T21:05:28.708+0000] {processor.py:914} INFO - Processing file /opt/airflow/dags/Corrrect_Dag_detect_and_correct_collective_anomalie.py for tasks to queue
[2024-10-12T21:05:28.720+0000] {logging_mixin.py:190} INFO - [2024-10-12T21:05:28.719+0000] {dagbag.py:587} INFO - Filling up the DagBag from /opt/airflow/dags/Corrrect_Dag_detect_and_correct_collective_anomalie.py
[2024-10-12T21:05:30.208+0000] {processor.py:925} INFO - DAG(s) 'Corrrect_Dag_detect_and_correct_collective_anomalie' retrieved from /opt/airflow/dags/Corrrect_Dag_detect_and_correct_collective_anomalie.py
[2024-10-12T21:05:31.086+0000] {logging_mixin.py:190} INFO - [2024-10-12T21:05:31.085+0000] {dag.py:3229} INFO - Sync 1 DAGs
[2024-10-12T21:05:31.448+0000] {logging_mixin.py:190} INFO - [2024-10-12T21:05:31.447+0000] {dag.py:4156} INFO - Setting next_dagrun for Corrrect_Dag_detect_and_correct_collective_anomalie to 2024-10-12 21:05:00+00:00, run_after=2024-10-12 21:10:00+00:00
[2024-10-12T21:05:31.518+0000] {processor.py:208} INFO - Processing /opt/airflow/dags/Corrrect_Dag_detect_and_correct_collective_anomalie.py took 2.896 seconds
[2024-10-12T21:06:01.913+0000] {processor.py:186} INFO - Started process (PID=3978) to work on /opt/airflow/dags/Corrrect_Dag_detect_and_correct_collective_anomalie.py
[2024-10-12T21:06:01.916+0000] {processor.py:914} INFO - Processing file /opt/airflow/dags/Corrrect_Dag_detect_and_correct_collective_anomalie.py for tasks to queue
[2024-10-12T21:06:01.919+0000] {logging_mixin.py:190} INFO - [2024-10-12T21:06:01.918+0000] {dagbag.py:587} INFO - Filling up the DagBag from /opt/airflow/dags/Corrrect_Dag_detect_and_correct_collective_anomalie.py
[2024-10-12T21:06:02.491+0000] {processor.py:925} INFO - DAG(s) 'Corrrect_Dag_detect_and_correct_collective_anomalie' retrieved from /opt/airflow/dags/Corrrect_Dag_detect_and_correct_collective_anomalie.py
[2024-10-12T21:06:02.669+0000] {logging_mixin.py:190} INFO - [2024-10-12T21:06:02.669+0000] {dag.py:3229} INFO - Sync 1 DAGs
[2024-10-12T21:06:02.738+0000] {logging_mixin.py:190} INFO - [2024-10-12T21:06:02.738+0000] {dag.py:4156} INFO - Setting next_dagrun for Corrrect_Dag_detect_and_correct_collective_anomalie to 2024-10-12 21:05:00+00:00, run_after=2024-10-12 21:10:00+00:00
[2024-10-12T21:06:02.793+0000] {processor.py:208} INFO - Processing /opt/airflow/dags/Corrrect_Dag_detect_and_correct_collective_anomalie.py took 0.892 seconds
[2024-10-12T21:06:32.927+0000] {processor.py:186} INFO - Started process (PID=4065) to work on /opt/airflow/dags/Corrrect_Dag_detect_and_correct_collective_anomalie.py
[2024-10-12T21:06:32.929+0000] {processor.py:914} INFO - Processing file /opt/airflow/dags/Corrrect_Dag_detect_and_correct_collective_anomalie.py for tasks to queue
[2024-10-12T21:06:32.932+0000] {logging_mixin.py:190} INFO - [2024-10-12T21:06:32.931+0000] {dagbag.py:587} INFO - Filling up the DagBag from /opt/airflow/dags/Corrrect_Dag_detect_and_correct_collective_anomalie.py
[2024-10-12T21:06:33.538+0000] {processor.py:925} INFO - DAG(s) 'Corrrect_Dag_detect_and_correct_collective_anomalie' retrieved from /opt/airflow/dags/Corrrect_Dag_detect_and_correct_collective_anomalie.py
[2024-10-12T21:06:33.754+0000] {logging_mixin.py:190} INFO - [2024-10-12T21:06:33.753+0000] {dag.py:3229} INFO - Sync 1 DAGs
[2024-10-12T21:06:33.862+0000] {logging_mixin.py:190} INFO - [2024-10-12T21:06:33.861+0000] {dag.py:4156} INFO - Setting next_dagrun for Corrrect_Dag_detect_and_correct_collective_anomalie to 2024-10-12 21:05:00+00:00, run_after=2024-10-12 21:10:00+00:00
[2024-10-12T21:06:34.198+0000] {processor.py:208} INFO - Processing /opt/airflow/dags/Corrrect_Dag_detect_and_correct_collective_anomalie.py took 1.281 seconds
[2024-10-12T21:07:04.472+0000] {processor.py:186} INFO - Started process (PID=4150) to work on /opt/airflow/dags/Corrrect_Dag_detect_and_correct_collective_anomalie.py
[2024-10-12T21:07:04.474+0000] {processor.py:914} INFO - Processing file /opt/airflow/dags/Corrrect_Dag_detect_and_correct_collective_anomalie.py for tasks to queue
[2024-10-12T21:07:04.476+0000] {logging_mixin.py:190} INFO - [2024-10-12T21:07:04.475+0000] {dagbag.py:587} INFO - Filling up the DagBag from /opt/airflow/dags/Corrrect_Dag_detect_and_correct_collective_anomalie.py
[2024-10-12T21:07:04.911+0000] {processor.py:925} INFO - DAG(s) 'Corrrect_Dag_detect_and_correct_collective_anomalie' retrieved from /opt/airflow/dags/Corrrect_Dag_detect_and_correct_collective_anomalie.py
[2024-10-12T21:07:05.105+0000] {logging_mixin.py:190} INFO - [2024-10-12T21:07:05.105+0000] {dag.py:3229} INFO - Sync 1 DAGs
[2024-10-12T21:07:05.158+0000] {logging_mixin.py:190} INFO - [2024-10-12T21:07:05.158+0000] {dag.py:4156} INFO - Setting next_dagrun for Corrrect_Dag_detect_and_correct_collective_anomalie to 2024-10-12 21:05:00+00:00, run_after=2024-10-12 21:10:00+00:00
[2024-10-12T21:07:05.204+0000] {processor.py:208} INFO - Processing /opt/airflow/dags/Corrrect_Dag_detect_and_correct_collective_anomalie.py took 0.744 seconds
[2024-10-12T21:07:35.895+0000] {processor.py:186} INFO - Started process (PID=4246) to work on /opt/airflow/dags/Corrrect_Dag_detect_and_correct_collective_anomalie.py
[2024-10-12T21:07:35.897+0000] {processor.py:914} INFO - Processing file /opt/airflow/dags/Corrrect_Dag_detect_and_correct_collective_anomalie.py for tasks to queue
[2024-10-12T21:07:35.900+0000] {logging_mixin.py:190} INFO - [2024-10-12T21:07:35.899+0000] {dagbag.py:587} INFO - Filling up the DagBag from /opt/airflow/dags/Corrrect_Dag_detect_and_correct_collective_anomalie.py
[2024-10-12T21:07:36.307+0000] {processor.py:925} INFO - DAG(s) 'Corrrect_Dag_detect_and_correct_collective_anomalie' retrieved from /opt/airflow/dags/Corrrect_Dag_detect_and_correct_collective_anomalie.py
[2024-10-12T21:07:36.462+0000] {logging_mixin.py:190} INFO - [2024-10-12T21:07:36.461+0000] {dag.py:3229} INFO - Sync 1 DAGs
[2024-10-12T21:07:36.517+0000] {logging_mixin.py:190} INFO - [2024-10-12T21:07:36.517+0000] {dag.py:4156} INFO - Setting next_dagrun for Corrrect_Dag_detect_and_correct_collective_anomalie to 2024-10-12 21:05:00+00:00, run_after=2024-10-12 21:10:00+00:00
[2024-10-12T21:07:36.559+0000] {processor.py:208} INFO - Processing /opt/airflow/dags/Corrrect_Dag_detect_and_correct_collective_anomalie.py took 0.674 seconds
[2024-10-12T21:08:06.808+0000] {processor.py:186} INFO - Started process (PID=4335) to work on /opt/airflow/dags/Corrrect_Dag_detect_and_correct_collective_anomalie.py
[2024-10-12T21:08:06.813+0000] {processor.py:914} INFO - Processing file /opt/airflow/dags/Corrrect_Dag_detect_and_correct_collective_anomalie.py for tasks to queue
[2024-10-12T21:08:06.817+0000] {logging_mixin.py:190} INFO - [2024-10-12T21:08:06.815+0000] {dagbag.py:587} INFO - Filling up the DagBag from /opt/airflow/dags/Corrrect_Dag_detect_and_correct_collective_anomalie.py
[2024-10-12T21:08:07.338+0000] {processor.py:925} INFO - DAG(s) 'Corrrect_Dag_detect_and_correct_collective_anomalie' retrieved from /opt/airflow/dags/Corrrect_Dag_detect_and_correct_collective_anomalie.py
[2024-10-12T21:08:07.536+0000] {logging_mixin.py:190} INFO - [2024-10-12T21:08:07.535+0000] {dag.py:3229} INFO - Sync 1 DAGs
[2024-10-12T21:08:07.598+0000] {logging_mixin.py:190} INFO - [2024-10-12T21:08:07.597+0000] {dag.py:4156} INFO - Setting next_dagrun for Corrrect_Dag_detect_and_correct_collective_anomalie to 2024-10-12 21:05:00+00:00, run_after=2024-10-12 21:10:00+00:00
[2024-10-12T21:08:07.649+0000] {processor.py:208} INFO - Processing /opt/airflow/dags/Corrrect_Dag_detect_and_correct_collective_anomalie.py took 0.852 seconds
[2024-10-12T21:08:38.037+0000] {processor.py:186} INFO - Started process (PID=4420) to work on /opt/airflow/dags/Corrrect_Dag_detect_and_correct_collective_anomalie.py
[2024-10-12T21:08:38.039+0000] {processor.py:914} INFO - Processing file /opt/airflow/dags/Corrrect_Dag_detect_and_correct_collective_anomalie.py for tasks to queue
[2024-10-12T21:08:38.042+0000] {logging_mixin.py:190} INFO - [2024-10-12T21:08:38.041+0000] {dagbag.py:587} INFO - Filling up the DagBag from /opt/airflow/dags/Corrrect_Dag_detect_and_correct_collective_anomalie.py
[2024-10-12T21:08:38.559+0000] {processor.py:925} INFO - DAG(s) 'Corrrect_Dag_detect_and_correct_collective_anomalie' retrieved from /opt/airflow/dags/Corrrect_Dag_detect_and_correct_collective_anomalie.py
[2024-10-12T21:08:38.721+0000] {logging_mixin.py:190} INFO - [2024-10-12T21:08:38.720+0000] {dag.py:3229} INFO - Sync 1 DAGs
[2024-10-12T21:08:38.788+0000] {logging_mixin.py:190} INFO - [2024-10-12T21:08:38.788+0000] {dag.py:4156} INFO - Setting next_dagrun for Corrrect_Dag_detect_and_correct_collective_anomalie to 2024-10-12 21:05:00+00:00, run_after=2024-10-12 21:10:00+00:00
[2024-10-12T21:08:38.840+0000] {processor.py:208} INFO - Processing /opt/airflow/dags/Corrrect_Dag_detect_and_correct_collective_anomalie.py took 0.818 seconds
[2024-10-12T21:09:09.142+0000] {processor.py:186} INFO - Started process (PID=4505) to work on /opt/airflow/dags/Corrrect_Dag_detect_and_correct_collective_anomalie.py
[2024-10-12T21:09:09.145+0000] {processor.py:914} INFO - Processing file /opt/airflow/dags/Corrrect_Dag_detect_and_correct_collective_anomalie.py for tasks to queue
[2024-10-12T21:09:09.149+0000] {logging_mixin.py:190} INFO - [2024-10-12T21:09:09.148+0000] {dagbag.py:587} INFO - Filling up the DagBag from /opt/airflow/dags/Corrrect_Dag_detect_and_correct_collective_anomalie.py
[2024-10-12T21:09:09.626+0000] {processor.py:925} INFO - DAG(s) 'Corrrect_Dag_detect_and_correct_collective_anomalie' retrieved from /opt/airflow/dags/Corrrect_Dag_detect_and_correct_collective_anomalie.py
[2024-10-12T21:09:09.842+0000] {logging_mixin.py:190} INFO - [2024-10-12T21:09:09.842+0000] {dag.py:3229} INFO - Sync 1 DAGs
[2024-10-12T21:09:09.907+0000] {logging_mixin.py:190} INFO - [2024-10-12T21:09:09.906+0000] {dag.py:4156} INFO - Setting next_dagrun for Corrrect_Dag_detect_and_correct_collective_anomalie to 2024-10-12 21:05:00+00:00, run_after=2024-10-12 21:10:00+00:00
[2024-10-12T21:09:09.970+0000] {processor.py:208} INFO - Processing /opt/airflow/dags/Corrrect_Dag_detect_and_correct_collective_anomalie.py took 0.843 seconds
[2024-10-12T21:09:40.288+0000] {processor.py:186} INFO - Started process (PID=4590) to work on /opt/airflow/dags/Corrrect_Dag_detect_and_correct_collective_anomalie.py
[2024-10-12T21:09:40.291+0000] {processor.py:914} INFO - Processing file /opt/airflow/dags/Corrrect_Dag_detect_and_correct_collective_anomalie.py for tasks to queue
[2024-10-12T21:09:40.295+0000] {logging_mixin.py:190} INFO - [2024-10-12T21:09:40.294+0000] {dagbag.py:587} INFO - Filling up the DagBag from /opt/airflow/dags/Corrrect_Dag_detect_and_correct_collective_anomalie.py
[2024-10-12T21:09:40.773+0000] {processor.py:925} INFO - DAG(s) 'Corrrect_Dag_detect_and_correct_collective_anomalie' retrieved from /opt/airflow/dags/Corrrect_Dag_detect_and_correct_collective_anomalie.py
[2024-10-12T21:09:40.958+0000] {logging_mixin.py:190} INFO - [2024-10-12T21:09:40.957+0000] {dag.py:3229} INFO - Sync 1 DAGs
[2024-10-12T21:09:41.004+0000] {logging_mixin.py:190} INFO - [2024-10-12T21:09:41.004+0000] {dag.py:4156} INFO - Setting next_dagrun for Corrrect_Dag_detect_and_correct_collective_anomalie to 2024-10-12 21:05:00+00:00, run_after=2024-10-12 21:10:00+00:00
[2024-10-12T21:09:41.052+0000] {processor.py:208} INFO - Processing /opt/airflow/dags/Corrrect_Dag_detect_and_correct_collective_anomalie.py took 0.779 seconds
[2024-10-12T21:10:12.710+0000] {processor.py:186} INFO - Started process (PID=4701) to work on /opt/airflow/dags/Corrrect_Dag_detect_and_correct_collective_anomalie.py
[2024-10-12T21:10:12.713+0000] {processor.py:914} INFO - Processing file /opt/airflow/dags/Corrrect_Dag_detect_and_correct_collective_anomalie.py for tasks to queue
[2024-10-12T21:10:12.717+0000] {logging_mixin.py:190} INFO - [2024-10-12T21:10:12.716+0000] {dagbag.py:587} INFO - Filling up the DagBag from /opt/airflow/dags/Corrrect_Dag_detect_and_correct_collective_anomalie.py
[2024-10-12T21:10:13.874+0000] {processor.py:925} INFO - DAG(s) 'Corrrect_Dag_detect_and_correct_collective_anomalie' retrieved from /opt/airflow/dags/Corrrect_Dag_detect_and_correct_collective_anomalie.py
[2024-10-12T21:10:14.217+0000] {logging_mixin.py:190} INFO - [2024-10-12T21:10:14.216+0000] {dag.py:3229} INFO - Sync 1 DAGs
[2024-10-12T21:10:14.393+0000] {logging_mixin.py:190} INFO - [2024-10-12T21:10:14.392+0000] {dag.py:4156} INFO - Setting next_dagrun for Corrrect_Dag_detect_and_correct_collective_anomalie to 2024-10-12 21:10:00+00:00, run_after=2024-10-12 21:15:00+00:00
[2024-10-12T21:10:14.453+0000] {processor.py:208} INFO - Processing /opt/airflow/dags/Corrrect_Dag_detect_and_correct_collective_anomalie.py took 1.758 seconds
[2024-10-12T21:10:44.601+0000] {processor.py:186} INFO - Started process (PID=4794) to work on /opt/airflow/dags/Corrrect_Dag_detect_and_correct_collective_anomalie.py
[2024-10-12T21:10:44.603+0000] {processor.py:914} INFO - Processing file /opt/airflow/dags/Corrrect_Dag_detect_and_correct_collective_anomalie.py for tasks to queue
[2024-10-12T21:10:44.606+0000] {logging_mixin.py:190} INFO - [2024-10-12T21:10:44.605+0000] {dagbag.py:587} INFO - Filling up the DagBag from /opt/airflow/dags/Corrrect_Dag_detect_and_correct_collective_anomalie.py
[2024-10-12T21:10:45.062+0000] {processor.py:925} INFO - DAG(s) 'Corrrect_Dag_detect_and_correct_collective_anomalie' retrieved from /opt/airflow/dags/Corrrect_Dag_detect_and_correct_collective_anomalie.py
[2024-10-12T21:10:45.196+0000] {logging_mixin.py:190} INFO - [2024-10-12T21:10:45.195+0000] {dag.py:3229} INFO - Sync 1 DAGs
[2024-10-12T21:10:45.462+0000] {logging_mixin.py:190} INFO - [2024-10-12T21:10:45.462+0000] {dag.py:4156} INFO - Setting next_dagrun for Corrrect_Dag_detect_and_correct_collective_anomalie to 2024-10-12 21:10:00+00:00, run_after=2024-10-12 21:15:00+00:00
[2024-10-12T21:10:45.493+0000] {processor.py:208} INFO - Processing /opt/airflow/dags/Corrrect_Dag_detect_and_correct_collective_anomalie.py took 0.902 seconds
[2024-10-12T21:11:15.675+0000] {processor.py:186} INFO - Started process (PID=4879) to work on /opt/airflow/dags/Corrrect_Dag_detect_and_correct_collective_anomalie.py
[2024-10-12T21:11:15.678+0000] {processor.py:914} INFO - Processing file /opt/airflow/dags/Corrrect_Dag_detect_and_correct_collective_anomalie.py for tasks to queue
[2024-10-12T21:11:15.681+0000] {logging_mixin.py:190} INFO - [2024-10-12T21:11:15.681+0000] {dagbag.py:587} INFO - Filling up the DagBag from /opt/airflow/dags/Corrrect_Dag_detect_and_correct_collective_anomalie.py
[2024-10-12T21:11:16.101+0000] {processor.py:925} INFO - DAG(s) 'Corrrect_Dag_detect_and_correct_collective_anomalie' retrieved from /opt/airflow/dags/Corrrect_Dag_detect_and_correct_collective_anomalie.py
[2024-10-12T21:11:16.403+0000] {logging_mixin.py:190} INFO - [2024-10-12T21:11:16.402+0000] {dag.py:3229} INFO - Sync 1 DAGs
[2024-10-12T21:11:16.463+0000] {logging_mixin.py:190} INFO - [2024-10-12T21:11:16.463+0000] {dag.py:4156} INFO - Setting next_dagrun for Corrrect_Dag_detect_and_correct_collective_anomalie to 2024-10-12 21:10:00+00:00, run_after=2024-10-12 21:15:00+00:00
[2024-10-12T21:11:16.690+0000] {processor.py:208} INFO - Processing /opt/airflow/dags/Corrrect_Dag_detect_and_correct_collective_anomalie.py took 1.030 seconds
