[2024-10-12T20:40:53.561+0000] {processor.py:186} INFO - Started process (PID=173) to work on /opt/airflow/dags/Correction_dag_1FN.py
[2024-10-12T20:40:53.569+0000] {processor.py:914} INFO - Processing file /opt/airflow/dags/Correction_dag_1FN.py for tasks to queue
[2024-10-12T20:40:53.574+0000] {logging_mixin.py:190} INFO - [2024-10-12T20:40:53.573+0000] {dagbag.py:587} INFO - Filling up the DagBag from /opt/airflow/dags/Correction_dag_1FN.py
[2024-10-12T20:40:53.626+0000] {processor.py:925} INFO - DAG(s) 'correction_Dag_1FN' retrieved from /opt/airflow/dags/Correction_dag_1FN.py
[2024-10-12T20:40:54.004+0000] {logging_mixin.py:190} INFO - [2024-10-12T20:40:54.003+0000] {dag.py:3229} INFO - Sync 1 DAGs
[2024-10-12T20:40:54.202+0000] {logging_mixin.py:190} INFO - [2024-10-12T20:40:54.202+0000] {dag.py:4156} INFO - Setting next_dagrun for correction_Dag_1FN to 2024-10-12 20:35:00+00:00, run_after=2024-10-12 20:40:00+00:00
[2024-10-12T20:40:54.347+0000] {processor.py:208} INFO - Processing /opt/airflow/dags/Correction_dag_1FN.py took 0.801 seconds
[2024-10-12T20:42:07.412+0000] {processor.py:186} INFO - Started process (PID=329) to work on /opt/airflow/dags/Correction_dag_1FN.py
[2024-10-12T20:42:07.414+0000] {processor.py:914} INFO - Processing file /opt/airflow/dags/Correction_dag_1FN.py for tasks to queue
[2024-10-12T20:42:07.417+0000] {logging_mixin.py:190} INFO - [2024-10-12T20:42:07.416+0000] {dagbag.py:587} INFO - Filling up the DagBag from /opt/airflow/dags/Correction_dag_1FN.py
[2024-10-12T20:42:07.450+0000] {processor.py:925} INFO - DAG(s) 'correction_Dag_1FN' retrieved from /opt/airflow/dags/Correction_dag_1FN.py
[2024-10-12T20:42:07.581+0000] {logging_mixin.py:190} INFO - [2024-10-12T20:42:07.580+0000] {dag.py:3229} INFO - Sync 1 DAGs
[2024-10-12T20:42:07.639+0000] {logging_mixin.py:190} INFO - [2024-10-12T20:42:07.638+0000] {dag.py:4156} INFO - Setting next_dagrun for correction_Dag_1FN to 2024-10-12 20:40:00+00:00, run_after=2024-10-12 20:45:00+00:00
[2024-10-12T20:42:07.676+0000] {processor.py:208} INFO - Processing /opt/airflow/dags/Correction_dag_1FN.py took 0.274 seconds
[2024-10-12T20:42:38.565+0000] {processor.py:186} INFO - Started process (PID=410) to work on /opt/airflow/dags/Correction_dag_1FN.py
[2024-10-12T20:42:38.570+0000] {processor.py:914} INFO - Processing file /opt/airflow/dags/Correction_dag_1FN.py for tasks to queue
[2024-10-12T20:42:38.572+0000] {logging_mixin.py:190} INFO - [2024-10-12T20:42:38.572+0000] {dagbag.py:587} INFO - Filling up the DagBag from /opt/airflow/dags/Correction_dag_1FN.py
[2024-10-12T20:42:38.602+0000] {processor.py:925} INFO - DAG(s) 'correction_Dag_1FN' retrieved from /opt/airflow/dags/Correction_dag_1FN.py
[2024-10-12T20:42:38.726+0000] {logging_mixin.py:190} INFO - [2024-10-12T20:42:38.725+0000] {dag.py:3229} INFO - Sync 1 DAGs
[2024-10-12T20:42:38.785+0000] {logging_mixin.py:190} INFO - [2024-10-12T20:42:38.785+0000] {dag.py:4156} INFO - Setting next_dagrun for correction_Dag_1FN to 2024-10-12 20:40:00+00:00, run_after=2024-10-12 20:45:00+00:00
[2024-10-12T20:42:38.825+0000] {processor.py:208} INFO - Processing /opt/airflow/dags/Correction_dag_1FN.py took 0.269 seconds
[2024-10-12T20:43:09.594+0000] {processor.py:186} INFO - Started process (PID=493) to work on /opt/airflow/dags/Correction_dag_1FN.py
[2024-10-12T20:43:09.596+0000] {processor.py:914} INFO - Processing file /opt/airflow/dags/Correction_dag_1FN.py for tasks to queue
[2024-10-12T20:43:09.598+0000] {logging_mixin.py:190} INFO - [2024-10-12T20:43:09.598+0000] {dagbag.py:587} INFO - Filling up the DagBag from /opt/airflow/dags/Correction_dag_1FN.py
[2024-10-12T20:43:09.628+0000] {processor.py:925} INFO - DAG(s) 'correction_Dag_1FN' retrieved from /opt/airflow/dags/Correction_dag_1FN.py
[2024-10-12T20:43:09.744+0000] {logging_mixin.py:190} INFO - [2024-10-12T20:43:09.744+0000] {dag.py:3229} INFO - Sync 1 DAGs
[2024-10-12T20:43:09.803+0000] {logging_mixin.py:190} INFO - [2024-10-12T20:43:09.802+0000] {dag.py:4156} INFO - Setting next_dagrun for correction_Dag_1FN to 2024-10-12 20:40:00+00:00, run_after=2024-10-12 20:45:00+00:00
[2024-10-12T20:43:09.851+0000] {processor.py:208} INFO - Processing /opt/airflow/dags/Correction_dag_1FN.py took 0.267 seconds
[2024-10-12T20:43:40.606+0000] {processor.py:186} INFO - Started process (PID=556) to work on /opt/airflow/dags/Correction_dag_1FN.py
[2024-10-12T20:43:40.608+0000] {processor.py:914} INFO - Processing file /opt/airflow/dags/Correction_dag_1FN.py for tasks to queue
[2024-10-12T20:43:40.612+0000] {logging_mixin.py:190} INFO - [2024-10-12T20:43:40.611+0000] {dagbag.py:587} INFO - Filling up the DagBag from /opt/airflow/dags/Correction_dag_1FN.py
[2024-10-12T20:43:40.652+0000] {processor.py:925} INFO - DAG(s) 'correction_Dag_1FN' retrieved from /opt/airflow/dags/Correction_dag_1FN.py
[2024-10-12T20:43:40.807+0000] {logging_mixin.py:190} INFO - [2024-10-12T20:43:40.807+0000] {dag.py:3229} INFO - Sync 1 DAGs
[2024-10-12T20:43:40.877+0000] {logging_mixin.py:190} INFO - [2024-10-12T20:43:40.877+0000] {dag.py:4156} INFO - Setting next_dagrun for correction_Dag_1FN to 2024-10-12 20:40:00+00:00, run_after=2024-10-12 20:45:00+00:00
[2024-10-12T20:43:40.919+0000] {processor.py:208} INFO - Processing /opt/airflow/dags/Correction_dag_1FN.py took 0.336 seconds
[2024-10-12T20:44:11.695+0000] {processor.py:186} INFO - Started process (PID=629) to work on /opt/airflow/dags/Correction_dag_1FN.py
[2024-10-12T20:44:11.697+0000] {processor.py:914} INFO - Processing file /opt/airflow/dags/Correction_dag_1FN.py for tasks to queue
[2024-10-12T20:44:11.699+0000] {logging_mixin.py:190} INFO - [2024-10-12T20:44:11.698+0000] {dagbag.py:587} INFO - Filling up the DagBag from /opt/airflow/dags/Correction_dag_1FN.py
[2024-10-12T20:44:11.736+0000] {processor.py:925} INFO - DAG(s) 'correction_Dag_1FN' retrieved from /opt/airflow/dags/Correction_dag_1FN.py
[2024-10-12T20:44:11.905+0000] {logging_mixin.py:190} INFO - [2024-10-12T20:44:11.904+0000] {dag.py:3229} INFO - Sync 1 DAGs
[2024-10-12T20:44:11.974+0000] {logging_mixin.py:190} INFO - [2024-10-12T20:44:11.974+0000] {dag.py:4156} INFO - Setting next_dagrun for correction_Dag_1FN to 2024-10-12 20:40:00+00:00, run_after=2024-10-12 20:45:00+00:00
[2024-10-12T20:44:12.017+0000] {processor.py:208} INFO - Processing /opt/airflow/dags/Correction_dag_1FN.py took 0.330 seconds
[2024-10-12T20:44:42.688+0000] {processor.py:186} INFO - Started process (PID=708) to work on /opt/airflow/dags/Correction_dag_1FN.py
[2024-10-12T20:44:42.690+0000] {processor.py:914} INFO - Processing file /opt/airflow/dags/Correction_dag_1FN.py for tasks to queue
[2024-10-12T20:44:42.692+0000] {logging_mixin.py:190} INFO - [2024-10-12T20:44:42.692+0000] {dagbag.py:587} INFO - Filling up the DagBag from /opt/airflow/dags/Correction_dag_1FN.py
[2024-10-12T20:44:42.720+0000] {processor.py:925} INFO - DAG(s) 'correction_Dag_1FN' retrieved from /opt/airflow/dags/Correction_dag_1FN.py
[2024-10-12T20:44:42.862+0000] {logging_mixin.py:190} INFO - [2024-10-12T20:44:42.862+0000] {dag.py:3229} INFO - Sync 1 DAGs
[2024-10-12T20:44:42.929+0000] {logging_mixin.py:190} INFO - [2024-10-12T20:44:42.928+0000] {dag.py:4156} INFO - Setting next_dagrun for correction_Dag_1FN to 2024-10-12 20:40:00+00:00, run_after=2024-10-12 20:45:00+00:00
[2024-10-12T20:44:42.986+0000] {processor.py:208} INFO - Processing /opt/airflow/dags/Correction_dag_1FN.py took 0.309 seconds
[2024-10-12T20:45:16.609+0000] {processor.py:186} INFO - Started process (PID=811) to work on /opt/airflow/dags/Correction_dag_1FN.py
[2024-10-12T20:45:16.668+0000] {processor.py:914} INFO - Processing file /opt/airflow/dags/Correction_dag_1FN.py for tasks to queue
[2024-10-12T20:45:16.701+0000] {logging_mixin.py:190} INFO - [2024-10-12T20:45:16.699+0000] {dagbag.py:587} INFO - Filling up the DagBag from /opt/airflow/dags/Correction_dag_1FN.py
[2024-10-12T20:45:17.328+0000] {processor.py:925} INFO - DAG(s) 'correction_Dag_1FN' retrieved from /opt/airflow/dags/Correction_dag_1FN.py
[2024-10-12T20:45:21.686+0000] {logging_mixin.py:190} INFO - [2024-10-12T20:45:21.679+0000] {dag.py:3229} INFO - Sync 1 DAGs
[2024-10-12T20:45:23.175+0000] {logging_mixin.py:190} INFO - [2024-10-12T20:45:23.173+0000] {dag.py:4156} INFO - Setting next_dagrun for correction_Dag_1FN to 2024-10-12 20:45:00+00:00, run_after=2024-10-12 20:50:00+00:00
[2024-10-12T20:45:24.254+0000] {processor.py:208} INFO - Processing /opt/airflow/dags/Correction_dag_1FN.py took 8.285 seconds
[2024-10-12T20:45:57.406+0000] {processor.py:186} INFO - Started process (PID=887) to work on /opt/airflow/dags/Correction_dag_1FN.py
[2024-10-12T20:45:57.409+0000] {processor.py:914} INFO - Processing file /opt/airflow/dags/Correction_dag_1FN.py for tasks to queue
[2024-10-12T20:45:57.411+0000] {logging_mixin.py:190} INFO - [2024-10-12T20:45:57.410+0000] {dagbag.py:587} INFO - Filling up the DagBag from /opt/airflow/dags/Correction_dag_1FN.py
[2024-10-12T20:45:57.451+0000] {processor.py:925} INFO - DAG(s) 'correction_Dag_1FN' retrieved from /opt/airflow/dags/Correction_dag_1FN.py
[2024-10-12T20:45:57.627+0000] {logging_mixin.py:190} INFO - [2024-10-12T20:45:57.627+0000] {dag.py:3229} INFO - Sync 1 DAGs
[2024-10-12T20:45:57.702+0000] {logging_mixin.py:190} INFO - [2024-10-12T20:45:57.702+0000] {dag.py:4156} INFO - Setting next_dagrun for correction_Dag_1FN to 2024-10-12 20:45:00+00:00, run_after=2024-10-12 20:50:00+00:00
[2024-10-12T20:45:57.981+0000] {processor.py:208} INFO - Processing /opt/airflow/dags/Correction_dag_1FN.py took 0.586 seconds
[2024-10-12T20:46:28.633+0000] {processor.py:186} INFO - Started process (PID=968) to work on /opt/airflow/dags/Correction_dag_1FN.py
[2024-10-12T20:46:28.635+0000] {processor.py:914} INFO - Processing file /opt/airflow/dags/Correction_dag_1FN.py for tasks to queue
[2024-10-12T20:46:28.637+0000] {logging_mixin.py:190} INFO - [2024-10-12T20:46:28.637+0000] {dagbag.py:587} INFO - Filling up the DagBag from /opt/airflow/dags/Correction_dag_1FN.py
[2024-10-12T20:46:28.669+0000] {processor.py:925} INFO - DAG(s) 'correction_Dag_1FN' retrieved from /opt/airflow/dags/Correction_dag_1FN.py
[2024-10-12T20:46:28.798+0000] {logging_mixin.py:190} INFO - [2024-10-12T20:46:28.797+0000] {dag.py:3229} INFO - Sync 1 DAGs
[2024-10-12T20:46:28.848+0000] {logging_mixin.py:190} INFO - [2024-10-12T20:46:28.847+0000] {dag.py:4156} INFO - Setting next_dagrun for correction_Dag_1FN to 2024-10-12 20:45:00+00:00, run_after=2024-10-12 20:50:00+00:00
[2024-10-12T20:46:28.892+0000] {processor.py:208} INFO - Processing /opt/airflow/dags/Correction_dag_1FN.py took 0.269 seconds
[2024-10-12T20:46:59.520+0000] {processor.py:186} INFO - Started process (PID=1047) to work on /opt/airflow/dags/Correction_dag_1FN.py
[2024-10-12T20:46:59.526+0000] {processor.py:914} INFO - Processing file /opt/airflow/dags/Correction_dag_1FN.py for tasks to queue
[2024-10-12T20:46:59.533+0000] {logging_mixin.py:190} INFO - [2024-10-12T20:46:59.530+0000] {dagbag.py:587} INFO - Filling up the DagBag from /opt/airflow/dags/Correction_dag_1FN.py
[2024-10-12T20:46:59.663+0000] {processor.py:925} INFO - DAG(s) 'correction_Dag_1FN' retrieved from /opt/airflow/dags/Correction_dag_1FN.py
[2024-10-12T20:46:59.994+0000] {logging_mixin.py:190} INFO - [2024-10-12T20:46:59.993+0000] {dag.py:3229} INFO - Sync 1 DAGs
[2024-10-12T20:47:00.272+0000] {logging_mixin.py:190} INFO - [2024-10-12T20:47:00.272+0000] {dag.py:4156} INFO - Setting next_dagrun for correction_Dag_1FN to 2024-10-12 20:45:00+00:00, run_after=2024-10-12 20:50:00+00:00
[2024-10-12T20:47:01.433+0000] {processor.py:208} INFO - Processing /opt/airflow/dags/Correction_dag_1FN.py took 1.942 seconds
[2024-10-12T20:47:32.901+0000] {processor.py:186} INFO - Started process (PID=1136) to work on /opt/airflow/dags/Correction_dag_1FN.py
[2024-10-12T20:47:32.903+0000] {processor.py:914} INFO - Processing file /opt/airflow/dags/Correction_dag_1FN.py for tasks to queue
[2024-10-12T20:47:32.909+0000] {logging_mixin.py:190} INFO - [2024-10-12T20:47:32.907+0000] {dagbag.py:587} INFO - Filling up the DagBag from /opt/airflow/dags/Correction_dag_1FN.py
[2024-10-12T20:47:32.997+0000] {processor.py:925} INFO - DAG(s) 'correction_Dag_1FN' retrieved from /opt/airflow/dags/Correction_dag_1FN.py
[2024-10-12T20:47:33.482+0000] {logging_mixin.py:190} INFO - [2024-10-12T20:47:33.481+0000] {dag.py:3229} INFO - Sync 1 DAGs
[2024-10-12T20:47:33.707+0000] {logging_mixin.py:190} INFO - [2024-10-12T20:47:33.706+0000] {dag.py:4156} INFO - Setting next_dagrun for correction_Dag_1FN to 2024-10-12 20:45:00+00:00, run_after=2024-10-12 20:50:00+00:00
[2024-10-12T20:47:33.882+0000] {processor.py:208} INFO - Processing /opt/airflow/dags/Correction_dag_1FN.py took 1.001 seconds
[2024-10-12T20:48:04.023+0000] {processor.py:186} INFO - Started process (PID=1218) to work on /opt/airflow/dags/Correction_dag_1FN.py
[2024-10-12T20:48:04.026+0000] {processor.py:914} INFO - Processing file /opt/airflow/dags/Correction_dag_1FN.py for tasks to queue
[2024-10-12T20:48:04.029+0000] {logging_mixin.py:190} INFO - [2024-10-12T20:48:04.028+0000] {dagbag.py:587} INFO - Filling up the DagBag from /opt/airflow/dags/Correction_dag_1FN.py
[2024-10-12T20:48:04.066+0000] {processor.py:925} INFO - DAG(s) 'correction_Dag_1FN' retrieved from /opt/airflow/dags/Correction_dag_1FN.py
[2024-10-12T20:48:04.465+0000] {logging_mixin.py:190} INFO - [2024-10-12T20:48:04.465+0000] {dag.py:3229} INFO - Sync 1 DAGs
[2024-10-12T20:48:04.521+0000] {logging_mixin.py:190} INFO - [2024-10-12T20:48:04.521+0000] {dag.py:4156} INFO - Setting next_dagrun for correction_Dag_1FN to 2024-10-12 20:45:00+00:00, run_after=2024-10-12 20:50:00+00:00
[2024-10-12T20:48:04.558+0000] {processor.py:208} INFO - Processing /opt/airflow/dags/Correction_dag_1FN.py took 0.546 seconds
[2024-10-12T20:48:34.800+0000] {processor.py:186} INFO - Started process (PID=1303) to work on /opt/airflow/dags/Correction_dag_1FN.py
[2024-10-12T20:48:34.803+0000] {processor.py:914} INFO - Processing file /opt/airflow/dags/Correction_dag_1FN.py for tasks to queue
[2024-10-12T20:48:34.806+0000] {logging_mixin.py:190} INFO - [2024-10-12T20:48:34.805+0000] {dagbag.py:587} INFO - Filling up the DagBag from /opt/airflow/dags/Correction_dag_1FN.py
[2024-10-12T20:48:34.841+0000] {processor.py:925} INFO - DAG(s) 'correction_Dag_1FN' retrieved from /opt/airflow/dags/Correction_dag_1FN.py
[2024-10-12T20:48:34.978+0000] {logging_mixin.py:190} INFO - [2024-10-12T20:48:34.978+0000] {dag.py:3229} INFO - Sync 1 DAGs
[2024-10-12T20:48:35.039+0000] {logging_mixin.py:190} INFO - [2024-10-12T20:48:35.039+0000] {dag.py:4156} INFO - Setting next_dagrun for correction_Dag_1FN to 2024-10-12 20:45:00+00:00, run_after=2024-10-12 20:50:00+00:00
[2024-10-12T20:48:35.082+0000] {processor.py:208} INFO - Processing /opt/airflow/dags/Correction_dag_1FN.py took 0.294 seconds
[2024-10-12T20:49:06.403+0000] {processor.py:186} INFO - Started process (PID=1388) to work on /opt/airflow/dags/Correction_dag_1FN.py
[2024-10-12T20:49:06.405+0000] {processor.py:914} INFO - Processing file /opt/airflow/dags/Correction_dag_1FN.py for tasks to queue
[2024-10-12T20:49:06.408+0000] {logging_mixin.py:190} INFO - [2024-10-12T20:49:06.407+0000] {dagbag.py:587} INFO - Filling up the DagBag from /opt/airflow/dags/Correction_dag_1FN.py
[2024-10-12T20:49:06.439+0000] {processor.py:925} INFO - DAG(s) 'correction_Dag_1FN' retrieved from /opt/airflow/dags/Correction_dag_1FN.py
[2024-10-12T20:49:06.658+0000] {logging_mixin.py:190} INFO - [2024-10-12T20:49:06.658+0000] {dag.py:3229} INFO - Sync 1 DAGs
[2024-10-12T20:49:06.715+0000] {logging_mixin.py:190} INFO - [2024-10-12T20:49:06.714+0000] {dag.py:4156} INFO - Setting next_dagrun for correction_Dag_1FN to 2024-10-12 20:45:00+00:00, run_after=2024-10-12 20:50:00+00:00
[2024-10-12T20:49:06.778+0000] {processor.py:208} INFO - Processing /opt/airflow/dags/Correction_dag_1FN.py took 0.384 seconds
[2024-10-12T20:49:37.299+0000] {processor.py:186} INFO - Started process (PID=1468) to work on /opt/airflow/dags/Correction_dag_1FN.py
[2024-10-12T20:49:37.301+0000] {processor.py:914} INFO - Processing file /opt/airflow/dags/Correction_dag_1FN.py for tasks to queue
[2024-10-12T20:49:37.306+0000] {logging_mixin.py:190} INFO - [2024-10-12T20:49:37.305+0000] {dagbag.py:587} INFO - Filling up the DagBag from /opt/airflow/dags/Correction_dag_1FN.py
[2024-10-12T20:49:37.347+0000] {processor.py:925} INFO - DAG(s) 'correction_Dag_1FN' retrieved from /opt/airflow/dags/Correction_dag_1FN.py
[2024-10-12T20:49:37.472+0000] {logging_mixin.py:190} INFO - [2024-10-12T20:49:37.472+0000] {dag.py:3229} INFO - Sync 1 DAGs
[2024-10-12T20:49:37.532+0000] {logging_mixin.py:190} INFO - [2024-10-12T20:49:37.531+0000] {dag.py:4156} INFO - Setting next_dagrun for correction_Dag_1FN to 2024-10-12 20:45:00+00:00, run_after=2024-10-12 20:50:00+00:00
[2024-10-12T20:49:37.579+0000] {processor.py:208} INFO - Processing /opt/airflow/dags/Correction_dag_1FN.py took 0.292 seconds
[2024-10-12T20:50:13.257+0000] {processor.py:186} INFO - Started process (PID=1579) to work on /opt/airflow/dags/Correction_dag_1FN.py
[2024-10-12T20:50:13.263+0000] {processor.py:914} INFO - Processing file /opt/airflow/dags/Correction_dag_1FN.py for tasks to queue
[2024-10-12T20:50:13.280+0000] {logging_mixin.py:190} INFO - [2024-10-12T20:50:13.274+0000] {dagbag.py:587} INFO - Filling up the DagBag from /opt/airflow/dags/Correction_dag_1FN.py
[2024-10-12T20:50:13.524+0000] {processor.py:925} INFO - DAG(s) 'correction_Dag_1FN' retrieved from /opt/airflow/dags/Correction_dag_1FN.py
[2024-10-12T20:50:14.772+0000] {logging_mixin.py:190} INFO - [2024-10-12T20:50:14.771+0000] {dag.py:3229} INFO - Sync 1 DAGs
[2024-10-12T20:50:15.209+0000] {logging_mixin.py:190} INFO - [2024-10-12T20:50:15.207+0000] {dag.py:4156} INFO - Setting next_dagrun for correction_Dag_1FN to 2024-10-12 20:50:00+00:00, run_after=2024-10-12 20:55:00+00:00
[2024-10-12T20:50:15.614+0000] {processor.py:208} INFO - Processing /opt/airflow/dags/Correction_dag_1FN.py took 2.391 seconds
[2024-10-12T20:50:45.937+0000] {processor.py:186} INFO - Started process (PID=1678) to work on /opt/airflow/dags/Correction_dag_1FN.py
[2024-10-12T20:50:45.941+0000] {processor.py:914} INFO - Processing file /opt/airflow/dags/Correction_dag_1FN.py for tasks to queue
[2024-10-12T20:50:45.947+0000] {logging_mixin.py:190} INFO - [2024-10-12T20:50:45.946+0000] {dagbag.py:587} INFO - Filling up the DagBag from /opt/airflow/dags/Correction_dag_1FN.py
[2024-10-12T20:50:46.018+0000] {processor.py:925} INFO - DAG(s) 'correction_Dag_1FN' retrieved from /opt/airflow/dags/Correction_dag_1FN.py
[2024-10-12T20:50:46.193+0000] {logging_mixin.py:190} INFO - [2024-10-12T20:50:46.192+0000] {dag.py:3229} INFO - Sync 1 DAGs
[2024-10-12T20:50:46.290+0000] {logging_mixin.py:190} INFO - [2024-10-12T20:50:46.290+0000] {dag.py:4156} INFO - Setting next_dagrun for correction_Dag_1FN to 2024-10-12 20:50:00+00:00, run_after=2024-10-12 20:55:00+00:00
[2024-10-12T20:50:46.352+0000] {processor.py:208} INFO - Processing /opt/airflow/dags/Correction_dag_1FN.py took 0.429 seconds
[2024-10-12T20:52:02.474+0000] {processor.py:186} INFO - Started process (PID=1759) to work on /opt/airflow/dags/Correction_dag_1FN.py
[2024-10-12T20:52:02.477+0000] {processor.py:914} INFO - Processing file /opt/airflow/dags/Correction_dag_1FN.py for tasks to queue
[2024-10-12T20:52:02.484+0000] {logging_mixin.py:190} INFO - [2024-10-12T20:52:02.481+0000] {dagbag.py:587} INFO - Filling up the DagBag from /opt/airflow/dags/Correction_dag_1FN.py
[2024-10-12T20:52:02.561+0000] {processor.py:925} INFO - DAG(s) 'correction_Dag_1FN' retrieved from /opt/airflow/dags/Correction_dag_1FN.py
[2024-10-12T20:52:02.905+0000] {logging_mixin.py:190} INFO - [2024-10-12T20:52:02.905+0000] {dag.py:3229} INFO - Sync 1 DAGs
[2024-10-12T20:52:02.986+0000] {logging_mixin.py:190} INFO - [2024-10-12T20:52:02.985+0000] {dag.py:4156} INFO - Setting next_dagrun for correction_Dag_1FN to 2024-10-12 20:50:00+00:00, run_after=2024-10-12 20:55:00+00:00
[2024-10-12T20:52:03.039+0000] {processor.py:208} INFO - Processing /opt/airflow/dags/Correction_dag_1FN.py took 0.591 seconds
[2024-10-12T20:52:33.728+0000] {processor.py:186} INFO - Started process (PID=1844) to work on /opt/airflow/dags/Correction_dag_1FN.py
[2024-10-12T20:52:33.735+0000] {processor.py:914} INFO - Processing file /opt/airflow/dags/Correction_dag_1FN.py for tasks to queue
[2024-10-12T20:52:33.738+0000] {logging_mixin.py:190} INFO - [2024-10-12T20:52:33.737+0000] {dagbag.py:587} INFO - Filling up the DagBag from /opt/airflow/dags/Correction_dag_1FN.py
[2024-10-12T20:52:33.793+0000] {processor.py:925} INFO - DAG(s) 'correction_Dag_1FN' retrieved from /opt/airflow/dags/Correction_dag_1FN.py
[2024-10-12T20:52:34.040+0000] {logging_mixin.py:190} INFO - [2024-10-12T20:52:34.039+0000] {dag.py:3229} INFO - Sync 1 DAGs
[2024-10-12T20:52:34.096+0000] {logging_mixin.py:190} INFO - [2024-10-12T20:52:34.096+0000] {dag.py:4156} INFO - Setting next_dagrun for correction_Dag_1FN to 2024-10-12 20:50:00+00:00, run_after=2024-10-12 20:55:00+00:00
[2024-10-12T20:52:34.139+0000] {processor.py:208} INFO - Processing /opt/airflow/dags/Correction_dag_1FN.py took 0.425 seconds
[2024-10-12T20:53:04.415+0000] {processor.py:186} INFO - Started process (PID=1917) to work on /opt/airflow/dags/Correction_dag_1FN.py
[2024-10-12T20:53:04.416+0000] {processor.py:914} INFO - Processing file /opt/airflow/dags/Correction_dag_1FN.py for tasks to queue
[2024-10-12T20:53:04.419+0000] {logging_mixin.py:190} INFO - [2024-10-12T20:53:04.418+0000] {dagbag.py:587} INFO - Filling up the DagBag from /opt/airflow/dags/Correction_dag_1FN.py
[2024-10-12T20:53:04.454+0000] {processor.py:925} INFO - DAG(s) 'correction_Dag_1FN' retrieved from /opt/airflow/dags/Correction_dag_1FN.py
[2024-10-12T20:53:04.611+0000] {logging_mixin.py:190} INFO - [2024-10-12T20:53:04.611+0000] {dag.py:3229} INFO - Sync 1 DAGs
[2024-10-12T20:53:04.665+0000] {logging_mixin.py:190} INFO - [2024-10-12T20:53:04.665+0000] {dag.py:4156} INFO - Setting next_dagrun for correction_Dag_1FN to 2024-10-12 20:50:00+00:00, run_after=2024-10-12 20:55:00+00:00
[2024-10-12T20:53:04.710+0000] {processor.py:208} INFO - Processing /opt/airflow/dags/Correction_dag_1FN.py took 0.307 seconds
[2024-10-12T20:53:34.844+0000] {processor.py:186} INFO - Started process (PID=2002) to work on /opt/airflow/dags/Correction_dag_1FN.py
[2024-10-12T20:53:34.846+0000] {processor.py:914} INFO - Processing file /opt/airflow/dags/Correction_dag_1FN.py for tasks to queue
[2024-10-12T20:53:34.848+0000] {logging_mixin.py:190} INFO - [2024-10-12T20:53:34.847+0000] {dagbag.py:587} INFO - Filling up the DagBag from /opt/airflow/dags/Correction_dag_1FN.py
[2024-10-12T20:53:34.893+0000] {processor.py:925} INFO - DAG(s) 'correction_Dag_1FN' retrieved from /opt/airflow/dags/Correction_dag_1FN.py
[2024-10-12T20:53:35.153+0000] {logging_mixin.py:190} INFO - [2024-10-12T20:53:35.152+0000] {dag.py:3229} INFO - Sync 1 DAGs
[2024-10-12T20:53:35.236+0000] {logging_mixin.py:190} INFO - [2024-10-12T20:53:35.235+0000] {dag.py:4156} INFO - Setting next_dagrun for correction_Dag_1FN to 2024-10-12 20:50:00+00:00, run_after=2024-10-12 20:55:00+00:00
[2024-10-12T20:53:35.283+0000] {processor.py:208} INFO - Processing /opt/airflow/dags/Correction_dag_1FN.py took 0.452 seconds
[2024-10-12T20:54:05.417+0000] {processor.py:186} INFO - Started process (PID=2087) to work on /opt/airflow/dags/Correction_dag_1FN.py
[2024-10-12T20:54:05.419+0000] {processor.py:914} INFO - Processing file /opt/airflow/dags/Correction_dag_1FN.py for tasks to queue
[2024-10-12T20:54:05.421+0000] {logging_mixin.py:190} INFO - [2024-10-12T20:54:05.421+0000] {dagbag.py:587} INFO - Filling up the DagBag from /opt/airflow/dags/Correction_dag_1FN.py
[2024-10-12T20:54:05.456+0000] {processor.py:925} INFO - DAG(s) 'correction_Dag_1FN' retrieved from /opt/airflow/dags/Correction_dag_1FN.py
[2024-10-12T20:54:05.633+0000] {logging_mixin.py:190} INFO - [2024-10-12T20:54:05.632+0000] {dag.py:3229} INFO - Sync 1 DAGs
[2024-10-12T20:54:05.718+0000] {logging_mixin.py:190} INFO - [2024-10-12T20:54:05.717+0000] {dag.py:4156} INFO - Setting next_dagrun for correction_Dag_1FN to 2024-10-12 20:50:00+00:00, run_after=2024-10-12 20:55:00+00:00
[2024-10-12T20:54:05.763+0000] {processor.py:208} INFO - Processing /opt/airflow/dags/Correction_dag_1FN.py took 0.357 seconds
[2024-10-12T20:54:36.036+0000] {processor.py:186} INFO - Started process (PID=2172) to work on /opt/airflow/dags/Correction_dag_1FN.py
[2024-10-12T20:54:36.038+0000] {processor.py:914} INFO - Processing file /opt/airflow/dags/Correction_dag_1FN.py for tasks to queue
[2024-10-12T20:54:36.041+0000] {logging_mixin.py:190} INFO - [2024-10-12T20:54:36.040+0000] {dagbag.py:587} INFO - Filling up the DagBag from /opt/airflow/dags/Correction_dag_1FN.py
[2024-10-12T20:54:36.096+0000] {processor.py:925} INFO - DAG(s) 'correction_Dag_1FN' retrieved from /opt/airflow/dags/Correction_dag_1FN.py
[2024-10-12T20:54:36.272+0000] {logging_mixin.py:190} INFO - [2024-10-12T20:54:36.272+0000] {dag.py:3229} INFO - Sync 1 DAGs
[2024-10-12T20:54:36.327+0000] {logging_mixin.py:190} INFO - [2024-10-12T20:54:36.326+0000] {dag.py:4156} INFO - Setting next_dagrun for correction_Dag_1FN to 2024-10-12 20:50:00+00:00, run_after=2024-10-12 20:55:00+00:00
[2024-10-12T20:54:36.384+0000] {processor.py:208} INFO - Processing /opt/airflow/dags/Correction_dag_1FN.py took 0.361 seconds
[2024-10-12T20:55:09.834+0000] {processor.py:186} INFO - Started process (PID=2297) to work on /opt/airflow/dags/Correction_dag_1FN.py
[2024-10-12T20:55:09.836+0000] {processor.py:914} INFO - Processing file /opt/airflow/dags/Correction_dag_1FN.py for tasks to queue
[2024-10-12T20:55:09.840+0000] {logging_mixin.py:190} INFO - [2024-10-12T20:55:09.839+0000] {dagbag.py:587} INFO - Filling up the DagBag from /opt/airflow/dags/Correction_dag_1FN.py
[2024-10-12T20:55:09.908+0000] {processor.py:925} INFO - DAG(s) 'correction_Dag_1FN' retrieved from /opt/airflow/dags/Correction_dag_1FN.py
[2024-10-12T20:55:10.222+0000] {logging_mixin.py:190} INFO - [2024-10-12T20:55:10.222+0000] {dag.py:3229} INFO - Sync 1 DAGs
[2024-10-12T20:55:10.303+0000] {logging_mixin.py:190} INFO - [2024-10-12T20:55:10.302+0000] {dag.py:4156} INFO - Setting next_dagrun for correction_Dag_1FN to 2024-10-12 20:55:00+00:00, run_after=2024-10-12 21:00:00+00:00
[2024-10-12T20:55:10.371+0000] {processor.py:208} INFO - Processing /opt/airflow/dags/Correction_dag_1FN.py took 0.549 seconds
[2024-10-12T20:55:41.596+0000] {processor.py:186} INFO - Started process (PID=2382) to work on /opt/airflow/dags/Correction_dag_1FN.py
[2024-10-12T20:55:41.597+0000] {processor.py:914} INFO - Processing file /opt/airflow/dags/Correction_dag_1FN.py for tasks to queue
[2024-10-12T20:55:41.599+0000] {logging_mixin.py:190} INFO - [2024-10-12T20:55:41.598+0000] {dagbag.py:587} INFO - Filling up the DagBag from /opt/airflow/dags/Correction_dag_1FN.py
[2024-10-12T20:55:41.622+0000] {processor.py:925} INFO - DAG(s) 'correction_Dag_1FN' retrieved from /opt/airflow/dags/Correction_dag_1FN.py
[2024-10-12T20:55:41.704+0000] {logging_mixin.py:190} INFO - [2024-10-12T20:55:41.703+0000] {dag.py:3229} INFO - Sync 1 DAGs
[2024-10-12T20:55:41.762+0000] {logging_mixin.py:190} INFO - [2024-10-12T20:55:41.761+0000] {dag.py:4156} INFO - Setting next_dagrun for correction_Dag_1FN to 2024-10-12 20:55:00+00:00, run_after=2024-10-12 21:00:00+00:00
[2024-10-12T20:55:41.804+0000] {processor.py:208} INFO - Processing /opt/airflow/dags/Correction_dag_1FN.py took 0.216 seconds
[2024-10-12T20:56:12.872+0000] {processor.py:186} INFO - Started process (PID=2467) to work on /opt/airflow/dags/Correction_dag_1FN.py
[2024-10-12T20:56:12.874+0000] {processor.py:914} INFO - Processing file /opt/airflow/dags/Correction_dag_1FN.py for tasks to queue
[2024-10-12T20:56:12.875+0000] {logging_mixin.py:190} INFO - [2024-10-12T20:56:12.875+0000] {dagbag.py:587} INFO - Filling up the DagBag from /opt/airflow/dags/Correction_dag_1FN.py
[2024-10-12T20:56:12.907+0000] {processor.py:925} INFO - DAG(s) 'correction_Dag_1FN' retrieved from /opt/airflow/dags/Correction_dag_1FN.py
[2024-10-12T20:56:13.045+0000] {logging_mixin.py:190} INFO - [2024-10-12T20:56:13.044+0000] {dag.py:3229} INFO - Sync 1 DAGs
[2024-10-12T20:56:13.114+0000] {logging_mixin.py:190} INFO - [2024-10-12T20:56:13.114+0000] {dag.py:4156} INFO - Setting next_dagrun for correction_Dag_1FN to 2024-10-12 20:55:00+00:00, run_after=2024-10-12 21:00:00+00:00
[2024-10-12T20:56:13.175+0000] {processor.py:208} INFO - Processing /opt/airflow/dags/Correction_dag_1FN.py took 0.311 seconds
[2024-10-12T20:56:44.456+0000] {processor.py:186} INFO - Started process (PID=2552) to work on /opt/airflow/dags/Correction_dag_1FN.py
[2024-10-12T20:56:44.458+0000] {processor.py:914} INFO - Processing file /opt/airflow/dags/Correction_dag_1FN.py for tasks to queue
[2024-10-12T20:56:44.462+0000] {logging_mixin.py:190} INFO - [2024-10-12T20:56:44.461+0000] {dagbag.py:587} INFO - Filling up the DagBag from /opt/airflow/dags/Correction_dag_1FN.py
[2024-10-12T20:56:44.512+0000] {processor.py:925} INFO - DAG(s) 'correction_Dag_1FN' retrieved from /opt/airflow/dags/Correction_dag_1FN.py
[2024-10-12T20:56:44.695+0000] {logging_mixin.py:190} INFO - [2024-10-12T20:56:44.694+0000] {dag.py:3229} INFO - Sync 1 DAGs
[2024-10-12T20:56:44.787+0000] {logging_mixin.py:190} INFO - [2024-10-12T20:56:44.786+0000] {dag.py:4156} INFO - Setting next_dagrun for correction_Dag_1FN to 2024-10-12 20:55:00+00:00, run_after=2024-10-12 21:00:00+00:00
[2024-10-12T20:56:44.853+0000] {processor.py:208} INFO - Processing /opt/airflow/dags/Correction_dag_1FN.py took 0.410 seconds
[2024-10-12T20:57:15.731+0000] {processor.py:186} INFO - Started process (PID=2637) to work on /opt/airflow/dags/Correction_dag_1FN.py
[2024-10-12T20:57:15.734+0000] {processor.py:914} INFO - Processing file /opt/airflow/dags/Correction_dag_1FN.py for tasks to queue
[2024-10-12T20:57:15.738+0000] {logging_mixin.py:190} INFO - [2024-10-12T20:57:15.737+0000] {dagbag.py:587} INFO - Filling up the DagBag from /opt/airflow/dags/Correction_dag_1FN.py
[2024-10-12T20:57:15.792+0000] {processor.py:925} INFO - DAG(s) 'correction_Dag_1FN' retrieved from /opt/airflow/dags/Correction_dag_1FN.py
[2024-10-12T20:57:16.064+0000] {logging_mixin.py:190} INFO - [2024-10-12T20:57:16.064+0000] {dag.py:3229} INFO - Sync 1 DAGs
[2024-10-12T20:57:16.134+0000] {logging_mixin.py:190} INFO - [2024-10-12T20:57:16.134+0000] {dag.py:4156} INFO - Setting next_dagrun for correction_Dag_1FN to 2024-10-12 20:55:00+00:00, run_after=2024-10-12 21:00:00+00:00
[2024-10-12T20:57:16.188+0000] {processor.py:208} INFO - Processing /opt/airflow/dags/Correction_dag_1FN.py took 0.473 seconds
[2024-10-12T20:57:47.092+0000] {processor.py:186} INFO - Started process (PID=2722) to work on /opt/airflow/dags/Correction_dag_1FN.py
[2024-10-12T20:57:47.094+0000] {processor.py:914} INFO - Processing file /opt/airflow/dags/Correction_dag_1FN.py for tasks to queue
[2024-10-12T20:57:47.096+0000] {logging_mixin.py:190} INFO - [2024-10-12T20:57:47.095+0000] {dagbag.py:587} INFO - Filling up the DagBag from /opt/airflow/dags/Correction_dag_1FN.py
[2024-10-12T20:57:47.125+0000] {processor.py:925} INFO - DAG(s) 'correction_Dag_1FN' retrieved from /opt/airflow/dags/Correction_dag_1FN.py
[2024-10-12T20:57:47.309+0000] {logging_mixin.py:190} INFO - [2024-10-12T20:57:47.309+0000] {dag.py:3229} INFO - Sync 1 DAGs
[2024-10-12T20:57:47.366+0000] {logging_mixin.py:190} INFO - [2024-10-12T20:57:47.366+0000] {dag.py:4156} INFO - Setting next_dagrun for correction_Dag_1FN to 2024-10-12 20:55:00+00:00, run_after=2024-10-12 21:00:00+00:00
[2024-10-12T20:57:47.412+0000] {processor.py:208} INFO - Processing /opt/airflow/dags/Correction_dag_1FN.py took 0.328 seconds
[2024-10-12T20:58:18.492+0000] {processor.py:186} INFO - Started process (PID=2807) to work on /opt/airflow/dags/Correction_dag_1FN.py
[2024-10-12T20:58:18.493+0000] {processor.py:914} INFO - Processing file /opt/airflow/dags/Correction_dag_1FN.py for tasks to queue
[2024-10-12T20:58:18.496+0000] {logging_mixin.py:190} INFO - [2024-10-12T20:58:18.495+0000] {dagbag.py:587} INFO - Filling up the DagBag from /opt/airflow/dags/Correction_dag_1FN.py
[2024-10-12T20:58:18.539+0000] {processor.py:925} INFO - DAG(s) 'correction_Dag_1FN' retrieved from /opt/airflow/dags/Correction_dag_1FN.py
[2024-10-12T20:58:18.793+0000] {logging_mixin.py:190} INFO - [2024-10-12T20:58:18.793+0000] {dag.py:3229} INFO - Sync 1 DAGs
[2024-10-12T20:58:18.859+0000] {logging_mixin.py:190} INFO - [2024-10-12T20:58:18.859+0000] {dag.py:4156} INFO - Setting next_dagrun for correction_Dag_1FN to 2024-10-12 20:55:00+00:00, run_after=2024-10-12 21:00:00+00:00
[2024-10-12T20:58:18.903+0000] {processor.py:208} INFO - Processing /opt/airflow/dags/Correction_dag_1FN.py took 0.419 seconds
[2024-10-12T20:58:49.976+0000] {processor.py:186} INFO - Started process (PID=2892) to work on /opt/airflow/dags/Correction_dag_1FN.py
[2024-10-12T20:58:49.979+0000] {processor.py:914} INFO - Processing file /opt/airflow/dags/Correction_dag_1FN.py for tasks to queue
[2024-10-12T20:58:49.983+0000] {logging_mixin.py:190} INFO - [2024-10-12T20:58:49.982+0000] {dagbag.py:587} INFO - Filling up the DagBag from /opt/airflow/dags/Correction_dag_1FN.py
[2024-10-12T20:58:50.043+0000] {processor.py:925} INFO - DAG(s) 'correction_Dag_1FN' retrieved from /opt/airflow/dags/Correction_dag_1FN.py
[2024-10-12T20:58:50.204+0000] {logging_mixin.py:190} INFO - [2024-10-12T20:58:50.203+0000] {dag.py:3229} INFO - Sync 1 DAGs
[2024-10-12T20:58:50.263+0000] {logging_mixin.py:190} INFO - [2024-10-12T20:58:50.262+0000] {dag.py:4156} INFO - Setting next_dagrun for correction_Dag_1FN to 2024-10-12 20:55:00+00:00, run_after=2024-10-12 21:00:00+00:00
[2024-10-12T20:58:50.297+0000] {processor.py:208} INFO - Processing /opt/airflow/dags/Correction_dag_1FN.py took 0.334 seconds
[2024-10-12T20:59:21.111+0000] {processor.py:186} INFO - Started process (PID=2975) to work on /opt/airflow/dags/Correction_dag_1FN.py
[2024-10-12T20:59:21.112+0000] {processor.py:914} INFO - Processing file /opt/airflow/dags/Correction_dag_1FN.py for tasks to queue
[2024-10-12T20:59:21.114+0000] {logging_mixin.py:190} INFO - [2024-10-12T20:59:21.114+0000] {dagbag.py:587} INFO - Filling up the DagBag from /opt/airflow/dags/Correction_dag_1FN.py
[2024-10-12T20:59:21.144+0000] {processor.py:925} INFO - DAG(s) 'correction_Dag_1FN' retrieved from /opt/airflow/dags/Correction_dag_1FN.py
[2024-10-12T20:59:21.260+0000] {logging_mixin.py:190} INFO - [2024-10-12T20:59:21.259+0000] {dag.py:3229} INFO - Sync 1 DAGs
[2024-10-12T20:59:21.322+0000] {logging_mixin.py:190} INFO - [2024-10-12T20:59:21.322+0000] {dag.py:4156} INFO - Setting next_dagrun for correction_Dag_1FN to 2024-10-12 20:55:00+00:00, run_after=2024-10-12 21:00:00+00:00
[2024-10-12T20:59:21.363+0000] {processor.py:208} INFO - Processing /opt/airflow/dags/Correction_dag_1FN.py took 0.261 seconds
[2024-10-12T20:59:51.659+0000] {processor.py:186} INFO - Started process (PID=3050) to work on /opt/airflow/dags/Correction_dag_1FN.py
[2024-10-12T20:59:51.662+0000] {processor.py:914} INFO - Processing file /opt/airflow/dags/Correction_dag_1FN.py for tasks to queue
[2024-10-12T20:59:51.666+0000] {logging_mixin.py:190} INFO - [2024-10-12T20:59:51.666+0000] {dagbag.py:587} INFO - Filling up the DagBag from /opt/airflow/dags/Correction_dag_1FN.py
[2024-10-12T20:59:51.710+0000] {processor.py:925} INFO - DAG(s) 'correction_Dag_1FN' retrieved from /opt/airflow/dags/Correction_dag_1FN.py
[2024-10-12T20:59:51.841+0000] {logging_mixin.py:190} INFO - [2024-10-12T20:59:51.841+0000] {dag.py:3229} INFO - Sync 1 DAGs
[2024-10-12T20:59:51.902+0000] {logging_mixin.py:190} INFO - [2024-10-12T20:59:51.902+0000] {dag.py:4156} INFO - Setting next_dagrun for correction_Dag_1FN to 2024-10-12 20:55:00+00:00, run_after=2024-10-12 21:00:00+00:00
[2024-10-12T20:59:51.952+0000] {processor.py:208} INFO - Processing /opt/airflow/dags/Correction_dag_1FN.py took 0.309 seconds
[2024-10-12T21:00:25.293+0000] {processor.py:186} INFO - Started process (PID=3179) to work on /opt/airflow/dags/Correction_dag_1FN.py
[2024-10-12T21:00:38.506+0000] {processor.py:914} INFO - Processing file /opt/airflow/dags/Correction_dag_1FN.py for tasks to queue
[2024-10-12T21:00:38.840+0000] {logging_mixin.py:190} INFO - [2024-10-12T21:00:38.782+0000] {dagbag.py:587} INFO - Filling up the DagBag from /opt/airflow/dags/Correction_dag_1FN.py
[2024-10-12T21:00:41.083+0000] {processor.py:925} INFO - DAG(s) 'correction_Dag_1FN' retrieved from /opt/airflow/dags/Correction_dag_1FN.py
[2024-10-12T21:00:46.198+0000] {logging_mixin.py:190} INFO - [2024-10-12T21:00:46.196+0000] {dag.py:3229} INFO - Sync 1 DAGs
[2024-10-12T21:00:48.410+0000] {logging_mixin.py:190} INFO - [2024-10-12T21:00:48.402+0000] {dag.py:4156} INFO - Setting next_dagrun for correction_Dag_1FN to 2024-10-12 21:00:00+00:00, run_after=2024-10-12 21:05:00+00:00
[2024-10-12T21:00:49.161+0000] {processor.py:208} INFO - Processing /opt/airflow/dags/Correction_dag_1FN.py took 25.183 seconds
[2024-10-12T21:02:23.004+0000] {processor.py:186} INFO - Started process (PID=3353) to work on /opt/airflow/dags/Correction_dag_1FN.py
[2024-10-12T21:02:23.013+0000] {processor.py:914} INFO - Processing file /opt/airflow/dags/Correction_dag_1FN.py for tasks to queue
[2024-10-12T21:02:23.019+0000] {logging_mixin.py:190} INFO - [2024-10-12T21:02:23.018+0000] {dagbag.py:587} INFO - Filling up the DagBag from /opt/airflow/dags/Correction_dag_1FN.py
[2024-10-12T21:02:23.234+0000] {processor.py:925} INFO - DAG(s) 'correction_Dag_1FN' retrieved from /opt/airflow/dags/Correction_dag_1FN.py
[2024-10-12T21:02:23.971+0000] {logging_mixin.py:190} INFO - [2024-10-12T21:02:23.970+0000] {dag.py:3229} INFO - Sync 1 DAGs
[2024-10-12T21:02:24.190+0000] {logging_mixin.py:190} INFO - [2024-10-12T21:02:24.189+0000] {dag.py:4156} INFO - Setting next_dagrun for correction_Dag_1FN to 2024-10-12 21:00:00+00:00, run_after=2024-10-12 21:05:00+00:00
[2024-10-12T21:02:24.436+0000] {processor.py:208} INFO - Processing /opt/airflow/dags/Correction_dag_1FN.py took 1.459 seconds
[2024-10-12T21:02:54.783+0000] {processor.py:186} INFO - Started process (PID=3437) to work on /opt/airflow/dags/Correction_dag_1FN.py
[2024-10-12T21:02:54.784+0000] {processor.py:914} INFO - Processing file /opt/airflow/dags/Correction_dag_1FN.py for tasks to queue
[2024-10-12T21:02:54.785+0000] {logging_mixin.py:190} INFO - [2024-10-12T21:02:54.785+0000] {dagbag.py:587} INFO - Filling up the DagBag from /opt/airflow/dags/Correction_dag_1FN.py
[2024-10-12T21:02:54.812+0000] {processor.py:925} INFO - DAG(s) 'correction_Dag_1FN' retrieved from /opt/airflow/dags/Correction_dag_1FN.py
[2024-10-12T21:02:54.953+0000] {logging_mixin.py:190} INFO - [2024-10-12T21:02:54.953+0000] {dag.py:3229} INFO - Sync 1 DAGs
[2024-10-12T21:02:55.044+0000] {logging_mixin.py:190} INFO - [2024-10-12T21:02:55.044+0000] {dag.py:4156} INFO - Setting next_dagrun for correction_Dag_1FN to 2024-10-12 21:00:00+00:00, run_after=2024-10-12 21:05:00+00:00
[2024-10-12T21:02:55.111+0000] {processor.py:208} INFO - Processing /opt/airflow/dags/Correction_dag_1FN.py took 0.338 seconds
[2024-10-12T21:03:25.192+0000] {processor.py:186} INFO - Started process (PID=3520) to work on /opt/airflow/dags/Correction_dag_1FN.py
[2024-10-12T21:03:25.194+0000] {processor.py:914} INFO - Processing file /opt/airflow/dags/Correction_dag_1FN.py for tasks to queue
[2024-10-12T21:03:25.197+0000] {logging_mixin.py:190} INFO - [2024-10-12T21:03:25.196+0000] {dagbag.py:587} INFO - Filling up the DagBag from /opt/airflow/dags/Correction_dag_1FN.py
[2024-10-12T21:03:25.228+0000] {processor.py:925} INFO - DAG(s) 'correction_Dag_1FN' retrieved from /opt/airflow/dags/Correction_dag_1FN.py
[2024-10-12T21:03:25.355+0000] {logging_mixin.py:190} INFO - [2024-10-12T21:03:25.355+0000] {dag.py:3229} INFO - Sync 1 DAGs
[2024-10-12T21:03:25.410+0000] {logging_mixin.py:190} INFO - [2024-10-12T21:03:25.410+0000] {dag.py:4156} INFO - Setting next_dagrun for correction_Dag_1FN to 2024-10-12 21:00:00+00:00, run_after=2024-10-12 21:05:00+00:00
[2024-10-12T21:03:25.455+0000] {processor.py:208} INFO - Processing /opt/airflow/dags/Correction_dag_1FN.py took 0.278 seconds
[2024-10-12T21:03:56.001+0000] {processor.py:186} INFO - Started process (PID=3601) to work on /opt/airflow/dags/Correction_dag_1FN.py
[2024-10-12T21:03:56.002+0000] {processor.py:914} INFO - Processing file /opt/airflow/dags/Correction_dag_1FN.py for tasks to queue
[2024-10-12T21:03:56.005+0000] {logging_mixin.py:190} INFO - [2024-10-12T21:03:56.005+0000] {dagbag.py:587} INFO - Filling up the DagBag from /opt/airflow/dags/Correction_dag_1FN.py
[2024-10-12T21:03:56.034+0000] {processor.py:925} INFO - DAG(s) 'correction_Dag_1FN' retrieved from /opt/airflow/dags/Correction_dag_1FN.py
[2024-10-12T21:03:56.162+0000] {logging_mixin.py:190} INFO - [2024-10-12T21:03:56.162+0000] {dag.py:3229} INFO - Sync 1 DAGs
[2024-10-12T21:03:56.221+0000] {logging_mixin.py:190} INFO - [2024-10-12T21:03:56.221+0000] {dag.py:4156} INFO - Setting next_dagrun for correction_Dag_1FN to 2024-10-12 21:00:00+00:00, run_after=2024-10-12 21:05:00+00:00
[2024-10-12T21:03:56.268+0000] {processor.py:208} INFO - Processing /opt/airflow/dags/Correction_dag_1FN.py took 0.276 seconds
[2024-10-12T21:04:26.835+0000] {processor.py:186} INFO - Started process (PID=3686) to work on /opt/airflow/dags/Correction_dag_1FN.py
[2024-10-12T21:04:26.837+0000] {processor.py:914} INFO - Processing file /opt/airflow/dags/Correction_dag_1FN.py for tasks to queue
[2024-10-12T21:04:26.840+0000] {logging_mixin.py:190} INFO - [2024-10-12T21:04:26.839+0000] {dagbag.py:587} INFO - Filling up the DagBag from /opt/airflow/dags/Correction_dag_1FN.py
[2024-10-12T21:04:26.879+0000] {processor.py:925} INFO - DAG(s) 'correction_Dag_1FN' retrieved from /opt/airflow/dags/Correction_dag_1FN.py
[2024-10-12T21:04:27.032+0000] {logging_mixin.py:190} INFO - [2024-10-12T21:04:27.031+0000] {dag.py:3229} INFO - Sync 1 DAGs
[2024-10-12T21:04:27.088+0000] {logging_mixin.py:190} INFO - [2024-10-12T21:04:27.087+0000] {dag.py:4156} INFO - Setting next_dagrun for correction_Dag_1FN to 2024-10-12 21:00:00+00:00, run_after=2024-10-12 21:05:00+00:00
[2024-10-12T21:04:27.144+0000] {processor.py:208} INFO - Processing /opt/airflow/dags/Correction_dag_1FN.py took 0.321 seconds
[2024-10-12T21:04:57.295+0000] {processor.py:186} INFO - Started process (PID=3771) to work on /opt/airflow/dags/Correction_dag_1FN.py
[2024-10-12T21:04:57.298+0000] {processor.py:914} INFO - Processing file /opt/airflow/dags/Correction_dag_1FN.py for tasks to queue
[2024-10-12T21:04:57.302+0000] {logging_mixin.py:190} INFO - [2024-10-12T21:04:57.301+0000] {dagbag.py:587} INFO - Filling up the DagBag from /opt/airflow/dags/Correction_dag_1FN.py
[2024-10-12T21:04:57.358+0000] {processor.py:925} INFO - DAG(s) 'correction_Dag_1FN' retrieved from /opt/airflow/dags/Correction_dag_1FN.py
[2024-10-12T21:04:57.656+0000] {logging_mixin.py:190} INFO - [2024-10-12T21:04:57.656+0000] {dag.py:3229} INFO - Sync 1 DAGs
[2024-10-12T21:04:57.750+0000] {logging_mixin.py:190} INFO - [2024-10-12T21:04:57.750+0000] {dag.py:4156} INFO - Setting next_dagrun for correction_Dag_1FN to 2024-10-12 21:00:00+00:00, run_after=2024-10-12 21:05:00+00:00
[2024-10-12T21:04:57.811+0000] {processor.py:208} INFO - Processing /opt/airflow/dags/Correction_dag_1FN.py took 0.530 seconds
[2024-10-12T21:05:29.811+0000] {processor.py:186} INFO - Started process (PID=3882) to work on /opt/airflow/dags/Correction_dag_1FN.py
[2024-10-12T21:05:29.834+0000] {processor.py:914} INFO - Processing file /opt/airflow/dags/Correction_dag_1FN.py for tasks to queue
[2024-10-12T21:05:29.892+0000] {logging_mixin.py:190} INFO - [2024-10-12T21:05:29.853+0000] {dagbag.py:587} INFO - Filling up the DagBag from /opt/airflow/dags/Correction_dag_1FN.py
[2024-10-12T21:05:30.090+0000] {processor.py:925} INFO - DAG(s) 'correction_Dag_1FN' retrieved from /opt/airflow/dags/Correction_dag_1FN.py
[2024-10-12T21:05:30.748+0000] {logging_mixin.py:190} INFO - [2024-10-12T21:05:30.747+0000] {dag.py:3229} INFO - Sync 1 DAGs
[2024-10-12T21:05:31.040+0000] {logging_mixin.py:190} INFO - [2024-10-12T21:05:31.040+0000] {dag.py:4156} INFO - Setting next_dagrun for correction_Dag_1FN to 2024-10-12 21:05:00+00:00, run_after=2024-10-12 21:10:00+00:00
[2024-10-12T21:05:31.227+0000] {processor.py:208} INFO - Processing /opt/airflow/dags/Correction_dag_1FN.py took 1.472 seconds
[2024-10-12T21:06:01.899+0000] {processor.py:186} INFO - Started process (PID=3975) to work on /opt/airflow/dags/Correction_dag_1FN.py
[2024-10-12T21:06:01.901+0000] {processor.py:914} INFO - Processing file /opt/airflow/dags/Correction_dag_1FN.py for tasks to queue
[2024-10-12T21:06:01.903+0000] {logging_mixin.py:190} INFO - [2024-10-12T21:06:01.903+0000] {dagbag.py:587} INFO - Filling up the DagBag from /opt/airflow/dags/Correction_dag_1FN.py
[2024-10-12T21:06:01.953+0000] {processor.py:925} INFO - DAG(s) 'correction_Dag_1FN' retrieved from /opt/airflow/dags/Correction_dag_1FN.py
[2024-10-12T21:06:02.126+0000] {logging_mixin.py:190} INFO - [2024-10-12T21:06:02.126+0000] {dag.py:3229} INFO - Sync 1 DAGs
[2024-10-12T21:06:02.210+0000] {logging_mixin.py:190} INFO - [2024-10-12T21:06:02.210+0000] {dag.py:4156} INFO - Setting next_dagrun for correction_Dag_1FN to 2024-10-12 21:05:00+00:00, run_after=2024-10-12 21:10:00+00:00
[2024-10-12T21:06:02.256+0000] {processor.py:208} INFO - Processing /opt/airflow/dags/Correction_dag_1FN.py took 0.366 seconds
[2024-10-12T21:06:32.458+0000] {processor.py:186} INFO - Started process (PID=4060) to work on /opt/airflow/dags/Correction_dag_1FN.py
[2024-10-12T21:06:32.463+0000] {processor.py:914} INFO - Processing file /opt/airflow/dags/Correction_dag_1FN.py for tasks to queue
[2024-10-12T21:06:32.468+0000] {logging_mixin.py:190} INFO - [2024-10-12T21:06:32.466+0000] {dagbag.py:587} INFO - Filling up the DagBag from /opt/airflow/dags/Correction_dag_1FN.py
[2024-10-12T21:06:32.510+0000] {processor.py:925} INFO - DAG(s) 'correction_Dag_1FN' retrieved from /opt/airflow/dags/Correction_dag_1FN.py
[2024-10-12T21:06:32.685+0000] {logging_mixin.py:190} INFO - [2024-10-12T21:06:32.684+0000] {dag.py:3229} INFO - Sync 1 DAGs
[2024-10-12T21:06:32.786+0000] {logging_mixin.py:190} INFO - [2024-10-12T21:06:32.786+0000] {dag.py:4156} INFO - Setting next_dagrun for correction_Dag_1FN to 2024-10-12 21:05:00+00:00, run_after=2024-10-12 21:10:00+00:00
[2024-10-12T21:06:32.843+0000] {processor.py:208} INFO - Processing /opt/airflow/dags/Correction_dag_1FN.py took 0.395 seconds
[2024-10-12T21:07:03.418+0000] {processor.py:186} INFO - Started process (PID=4145) to work on /opt/airflow/dags/Correction_dag_1FN.py
[2024-10-12T21:07:03.420+0000] {processor.py:914} INFO - Processing file /opt/airflow/dags/Correction_dag_1FN.py for tasks to queue
[2024-10-12T21:07:03.423+0000] {logging_mixin.py:190} INFO - [2024-10-12T21:07:03.422+0000] {dagbag.py:587} INFO - Filling up the DagBag from /opt/airflow/dags/Correction_dag_1FN.py
[2024-10-12T21:07:03.461+0000] {processor.py:925} INFO - DAG(s) 'correction_Dag_1FN' retrieved from /opt/airflow/dags/Correction_dag_1FN.py
[2024-10-12T21:07:03.608+0000] {logging_mixin.py:190} INFO - [2024-10-12T21:07:03.607+0000] {dag.py:3229} INFO - Sync 1 DAGs
[2024-10-12T21:07:03.690+0000] {logging_mixin.py:190} INFO - [2024-10-12T21:07:03.690+0000] {dag.py:4156} INFO - Setting next_dagrun for correction_Dag_1FN to 2024-10-12 21:05:00+00:00, run_after=2024-10-12 21:10:00+00:00
[2024-10-12T21:07:03.759+0000] {processor.py:208} INFO - Processing /opt/airflow/dags/Correction_dag_1FN.py took 0.350 seconds
[2024-10-12T21:07:34.448+0000] {processor.py:186} INFO - Started process (PID=4241) to work on /opt/airflow/dags/Correction_dag_1FN.py
[2024-10-12T21:07:34.450+0000] {processor.py:914} INFO - Processing file /opt/airflow/dags/Correction_dag_1FN.py for tasks to queue
[2024-10-12T21:07:34.452+0000] {logging_mixin.py:190} INFO - [2024-10-12T21:07:34.452+0000] {dagbag.py:587} INFO - Filling up the DagBag from /opt/airflow/dags/Correction_dag_1FN.py
[2024-10-12T21:07:34.517+0000] {processor.py:925} INFO - DAG(s) 'correction_Dag_1FN' retrieved from /opt/airflow/dags/Correction_dag_1FN.py
[2024-10-12T21:07:34.740+0000] {logging_mixin.py:190} INFO - [2024-10-12T21:07:34.739+0000] {dag.py:3229} INFO - Sync 1 DAGs
[2024-10-12T21:07:34.801+0000] {logging_mixin.py:190} INFO - [2024-10-12T21:07:34.800+0000] {dag.py:4156} INFO - Setting next_dagrun for correction_Dag_1FN to 2024-10-12 21:05:00+00:00, run_after=2024-10-12 21:10:00+00:00
[2024-10-12T21:07:34.856+0000] {processor.py:208} INFO - Processing /opt/airflow/dags/Correction_dag_1FN.py took 0.421 seconds
[2024-10-12T21:08:05.331+0000] {processor.py:186} INFO - Started process (PID=4330) to work on /opt/airflow/dags/Correction_dag_1FN.py
[2024-10-12T21:08:05.338+0000] {processor.py:914} INFO - Processing file /opt/airflow/dags/Correction_dag_1FN.py for tasks to queue
[2024-10-12T21:08:05.342+0000] {logging_mixin.py:190} INFO - [2024-10-12T21:08:05.341+0000] {dagbag.py:587} INFO - Filling up the DagBag from /opt/airflow/dags/Correction_dag_1FN.py
[2024-10-12T21:08:05.391+0000] {processor.py:925} INFO - DAG(s) 'correction_Dag_1FN' retrieved from /opt/airflow/dags/Correction_dag_1FN.py
[2024-10-12T21:08:05.603+0000] {logging_mixin.py:190} INFO - [2024-10-12T21:08:05.602+0000] {dag.py:3229} INFO - Sync 1 DAGs
[2024-10-12T21:08:05.686+0000] {logging_mixin.py:190} INFO - [2024-10-12T21:08:05.685+0000] {dag.py:4156} INFO - Setting next_dagrun for correction_Dag_1FN to 2024-10-12 21:05:00+00:00, run_after=2024-10-12 21:10:00+00:00
[2024-10-12T21:08:05.742+0000] {processor.py:208} INFO - Processing /opt/airflow/dags/Correction_dag_1FN.py took 0.427 seconds
[2024-10-12T21:08:35.955+0000] {processor.py:186} INFO - Started process (PID=4415) to work on /opt/airflow/dags/Correction_dag_1FN.py
[2024-10-12T21:08:35.956+0000] {processor.py:914} INFO - Processing file /opt/airflow/dags/Correction_dag_1FN.py for tasks to queue
[2024-10-12T21:08:35.958+0000] {logging_mixin.py:190} INFO - [2024-10-12T21:08:35.958+0000] {dagbag.py:587} INFO - Filling up the DagBag from /opt/airflow/dags/Correction_dag_1FN.py
[2024-10-12T21:08:35.995+0000] {processor.py:925} INFO - DAG(s) 'correction_Dag_1FN' retrieved from /opt/airflow/dags/Correction_dag_1FN.py
[2024-10-12T21:08:36.151+0000] {logging_mixin.py:190} INFO - [2024-10-12T21:08:36.150+0000] {dag.py:3229} INFO - Sync 1 DAGs
[2024-10-12T21:08:36.243+0000] {logging_mixin.py:190} INFO - [2024-10-12T21:08:36.242+0000] {dag.py:4156} INFO - Setting next_dagrun for correction_Dag_1FN to 2024-10-12 21:05:00+00:00, run_after=2024-10-12 21:10:00+00:00
[2024-10-12T21:08:36.305+0000] {processor.py:208} INFO - Processing /opt/airflow/dags/Correction_dag_1FN.py took 0.358 seconds
[2024-10-12T21:09:06.691+0000] {processor.py:186} INFO - Started process (PID=4498) to work on /opt/airflow/dags/Correction_dag_1FN.py
[2024-10-12T21:09:06.693+0000] {processor.py:914} INFO - Processing file /opt/airflow/dags/Correction_dag_1FN.py for tasks to queue
[2024-10-12T21:09:06.695+0000] {logging_mixin.py:190} INFO - [2024-10-12T21:09:06.695+0000] {dagbag.py:587} INFO - Filling up the DagBag from /opt/airflow/dags/Correction_dag_1FN.py
[2024-10-12T21:09:06.725+0000] {processor.py:925} INFO - DAG(s) 'correction_Dag_1FN' retrieved from /opt/airflow/dags/Correction_dag_1FN.py
[2024-10-12T21:09:06.857+0000] {logging_mixin.py:190} INFO - [2024-10-12T21:09:06.857+0000] {dag.py:3229} INFO - Sync 1 DAGs
[2024-10-12T21:09:06.914+0000] {logging_mixin.py:190} INFO - [2024-10-12T21:09:06.914+0000] {dag.py:4156} INFO - Setting next_dagrun for correction_Dag_1FN to 2024-10-12 21:05:00+00:00, run_after=2024-10-12 21:10:00+00:00
[2024-10-12T21:09:06.972+0000] {processor.py:208} INFO - Processing /opt/airflow/dags/Correction_dag_1FN.py took 0.288 seconds
[2024-10-12T21:09:37.222+0000] {processor.py:186} INFO - Started process (PID=4579) to work on /opt/airflow/dags/Correction_dag_1FN.py
[2024-10-12T21:09:37.223+0000] {processor.py:914} INFO - Processing file /opt/airflow/dags/Correction_dag_1FN.py for tasks to queue
[2024-10-12T21:09:37.225+0000] {logging_mixin.py:190} INFO - [2024-10-12T21:09:37.224+0000] {dagbag.py:587} INFO - Filling up the DagBag from /opt/airflow/dags/Correction_dag_1FN.py
[2024-10-12T21:09:37.255+0000] {processor.py:925} INFO - DAG(s) 'correction_Dag_1FN' retrieved from /opt/airflow/dags/Correction_dag_1FN.py
[2024-10-12T21:09:37.380+0000] {logging_mixin.py:190} INFO - [2024-10-12T21:09:37.380+0000] {dag.py:3229} INFO - Sync 1 DAGs
[2024-10-12T21:09:37.441+0000] {logging_mixin.py:190} INFO - [2024-10-12T21:09:37.440+0000] {dag.py:4156} INFO - Setting next_dagrun for correction_Dag_1FN to 2024-10-12 21:05:00+00:00, run_after=2024-10-12 21:10:00+00:00
[2024-10-12T21:09:37.495+0000] {processor.py:208} INFO - Processing /opt/airflow/dags/Correction_dag_1FN.py took 0.282 seconds
[2024-10-12T21:10:12.494+0000] {processor.py:186} INFO - Started process (PID=4692) to work on /opt/airflow/dags/Correction_dag_1FN.py
[2024-10-12T21:10:12.496+0000] {processor.py:914} INFO - Processing file /opt/airflow/dags/Correction_dag_1FN.py for tasks to queue
[2024-10-12T21:10:12.501+0000] {logging_mixin.py:190} INFO - [2024-10-12T21:10:12.499+0000] {dagbag.py:587} INFO - Filling up the DagBag from /opt/airflow/dags/Correction_dag_1FN.py
[2024-10-12T21:10:12.595+0000] {processor.py:925} INFO - DAG(s) 'correction_Dag_1FN' retrieved from /opt/airflow/dags/Correction_dag_1FN.py
[2024-10-12T21:10:13.009+0000] {logging_mixin.py:190} INFO - [2024-10-12T21:10:13.009+0000] {dag.py:3229} INFO - Sync 1 DAGs
[2024-10-12T21:10:13.126+0000] {logging_mixin.py:190} INFO - [2024-10-12T21:10:13.126+0000] {dag.py:4156} INFO - Setting next_dagrun for correction_Dag_1FN to 2024-10-12 21:10:00+00:00, run_after=2024-10-12 21:15:00+00:00
[2024-10-12T21:10:13.198+0000] {processor.py:208} INFO - Processing /opt/airflow/dags/Correction_dag_1FN.py took 0.732 seconds
[2024-10-12T21:10:43.561+0000] {processor.py:186} INFO - Started process (PID=4789) to work on /opt/airflow/dags/Correction_dag_1FN.py
[2024-10-12T21:10:43.562+0000] {processor.py:914} INFO - Processing file /opt/airflow/dags/Correction_dag_1FN.py for tasks to queue
[2024-10-12T21:10:43.564+0000] {logging_mixin.py:190} INFO - [2024-10-12T21:10:43.564+0000] {dagbag.py:587} INFO - Filling up the DagBag from /opt/airflow/dags/Correction_dag_1FN.py
[2024-10-12T21:10:43.604+0000] {processor.py:925} INFO - DAG(s) 'correction_Dag_1FN' retrieved from /opt/airflow/dags/Correction_dag_1FN.py
[2024-10-12T21:10:43.764+0000] {logging_mixin.py:190} INFO - [2024-10-12T21:10:43.763+0000] {dag.py:3229} INFO - Sync 1 DAGs
[2024-10-12T21:10:43.831+0000] {logging_mixin.py:190} INFO - [2024-10-12T21:10:43.830+0000] {dag.py:4156} INFO - Setting next_dagrun for correction_Dag_1FN to 2024-10-12 21:10:00+00:00, run_after=2024-10-12 21:15:00+00:00
[2024-10-12T21:10:43.890+0000] {processor.py:208} INFO - Processing /opt/airflow/dags/Correction_dag_1FN.py took 0.338 seconds
[2024-10-12T21:11:14.261+0000] {processor.py:186} INFO - Started process (PID=4872) to work on /opt/airflow/dags/Correction_dag_1FN.py
[2024-10-12T21:11:14.263+0000] {processor.py:914} INFO - Processing file /opt/airflow/dags/Correction_dag_1FN.py for tasks to queue
[2024-10-12T21:11:14.266+0000] {logging_mixin.py:190} INFO - [2024-10-12T21:11:14.265+0000] {dagbag.py:587} INFO - Filling up the DagBag from /opt/airflow/dags/Correction_dag_1FN.py
[2024-10-12T21:11:14.298+0000] {processor.py:925} INFO - DAG(s) 'correction_Dag_1FN' retrieved from /opt/airflow/dags/Correction_dag_1FN.py
[2024-10-12T21:11:14.427+0000] {logging_mixin.py:190} INFO - [2024-10-12T21:11:14.427+0000] {dag.py:3229} INFO - Sync 1 DAGs
[2024-10-12T21:11:14.481+0000] {logging_mixin.py:190} INFO - [2024-10-12T21:11:14.481+0000] {dag.py:4156} INFO - Setting next_dagrun for correction_Dag_1FN to 2024-10-12 21:10:00+00:00, run_after=2024-10-12 21:15:00+00:00
[2024-10-12T21:11:14.526+0000] {processor.py:208} INFO - Processing /opt/airflow/dags/Correction_dag_1FN.py took 0.275 seconds
[2024-10-12T21:11:45.089+0000] {processor.py:186} INFO - Started process (PID=4948) to work on /opt/airflow/dags/Correction_dag_1FN.py
[2024-10-12T21:11:45.094+0000] {processor.py:914} INFO - Processing file /opt/airflow/dags/Correction_dag_1FN.py for tasks to queue
[2024-10-12T21:11:45.102+0000] {logging_mixin.py:190} INFO - [2024-10-12T21:11:45.101+0000] {dagbag.py:587} INFO - Filling up the DagBag from /opt/airflow/dags/Correction_dag_1FN.py
[2024-10-12T21:11:45.144+0000] {processor.py:925} INFO - DAG(s) 'correction_Dag_1FN' retrieved from /opt/airflow/dags/Correction_dag_1FN.py
[2024-10-12T21:11:45.567+0000] {logging_mixin.py:190} INFO - [2024-10-12T21:11:45.565+0000] {dag.py:3229} INFO - Sync 1 DAGs
[2024-10-12T21:11:45.718+0000] {logging_mixin.py:190} INFO - [2024-10-12T21:11:45.717+0000] {dag.py:4156} INFO - Setting next_dagrun for correction_Dag_1FN to 2024-10-12 21:10:00+00:00, run_after=2024-10-12 21:15:00+00:00
[2024-10-12T21:11:45.776+0000] {processor.py:208} INFO - Processing /opt/airflow/dags/Correction_dag_1FN.py took 0.712 seconds
