[2024-10-12T20:41:02.502+0000] {processor.py:186} INFO - Started process (PID=234) to work on /opt/airflow/dags/dag_detect_invalid_customer_ids.py
[2024-10-12T20:41:02.590+0000] {processor.py:914} INFO - Processing file /opt/airflow/dags/dag_detect_invalid_customer_ids.py for tasks to queue
[2024-10-12T20:41:02.958+0000] {logging_mixin.py:190} INFO - [2024-10-12T20:41:02.890+0000] {dagbag.py:587} INFO - Filling up the DagBag from /opt/airflow/dags/dag_detect_invalid_customer_ids.py
[2024-10-12T20:42:22.614+0000] {processor.py:186} INFO - Started process (PID=347) to work on /opt/airflow/dags/dag_detect_invalid_customer_ids.py
[2024-10-12T20:42:22.621+0000] {processor.py:914} INFO - Processing file /opt/airflow/dags/dag_detect_invalid_customer_ids.py for tasks to queue
[2024-10-12T20:42:22.625+0000] {logging_mixin.py:190} INFO - [2024-10-12T20:42:22.624+0000] {dagbag.py:587} INFO - Filling up the DagBag from /opt/airflow/dags/dag_detect_invalid_customer_ids.py
[2024-10-12T20:42:23.470+0000] {processor.py:925} INFO - DAG(s) 'Dag_detect_invalid_customer_ids' retrieved from /opt/airflow/dags/dag_detect_invalid_customer_ids.py
[2024-10-12T20:42:23.735+0000] {logging_mixin.py:190} INFO - [2024-10-12T20:42:23.734+0000] {dag.py:3229} INFO - Sync 1 DAGs
[2024-10-12T20:42:23.786+0000] {logging_mixin.py:190} INFO - [2024-10-12T20:42:23.786+0000] {dag.py:4156} INFO - Setting next_dagrun for Dag_detect_invalid_customer_ids to 2024-10-12 20:30:00+00:00, run_after=2024-10-12 20:45:00+00:00
[2024-10-12T20:42:23.835+0000] {processor.py:208} INFO - Processing /opt/airflow/dags/dag_detect_invalid_customer_ids.py took 1.234 seconds
[2024-10-12T20:42:54.456+0000] {processor.py:186} INFO - Started process (PID=432) to work on /opt/airflow/dags/dag_detect_invalid_customer_ids.py
[2024-10-12T20:42:54.459+0000] {processor.py:914} INFO - Processing file /opt/airflow/dags/dag_detect_invalid_customer_ids.py for tasks to queue
[2024-10-12T20:42:54.462+0000] {logging_mixin.py:190} INFO - [2024-10-12T20:42:54.461+0000] {dagbag.py:587} INFO - Filling up the DagBag from /opt/airflow/dags/dag_detect_invalid_customer_ids.py
[2024-10-12T20:42:55.254+0000] {processor.py:925} INFO - DAG(s) 'Dag_detect_invalid_customer_ids' retrieved from /opt/airflow/dags/dag_detect_invalid_customer_ids.py
[2024-10-12T20:42:55.406+0000] {logging_mixin.py:190} INFO - [2024-10-12T20:42:55.405+0000] {dag.py:3229} INFO - Sync 1 DAGs
[2024-10-12T20:42:55.461+0000] {logging_mixin.py:190} INFO - [2024-10-12T20:42:55.461+0000] {dag.py:4156} INFO - Setting next_dagrun for Dag_detect_invalid_customer_ids to 2024-10-12 20:30:00+00:00, run_after=2024-10-12 20:45:00+00:00
[2024-10-12T20:42:55.502+0000] {processor.py:208} INFO - Processing /opt/airflow/dags/dag_detect_invalid_customer_ids.py took 1.056 seconds
[2024-10-12T20:43:25.631+0000] {processor.py:186} INFO - Started process (PID=517) to work on /opt/airflow/dags/dag_detect_invalid_customer_ids.py
[2024-10-12T20:43:25.633+0000] {processor.py:914} INFO - Processing file /opt/airflow/dags/dag_detect_invalid_customer_ids.py for tasks to queue
[2024-10-12T20:43:25.635+0000] {logging_mixin.py:190} INFO - [2024-10-12T20:43:25.635+0000] {dagbag.py:587} INFO - Filling up the DagBag from /opt/airflow/dags/dag_detect_invalid_customer_ids.py
[2024-10-12T20:43:26.857+0000] {processor.py:925} INFO - DAG(s) 'Dag_detect_invalid_customer_ids' retrieved from /opt/airflow/dags/dag_detect_invalid_customer_ids.py
[2024-10-12T20:43:27.024+0000] {logging_mixin.py:190} INFO - [2024-10-12T20:43:27.023+0000] {dag.py:3229} INFO - Sync 1 DAGs
[2024-10-12T20:43:27.104+0000] {logging_mixin.py:190} INFO - [2024-10-12T20:43:27.103+0000] {dag.py:4156} INFO - Setting next_dagrun for Dag_detect_invalid_customer_ids to 2024-10-12 20:30:00+00:00, run_after=2024-10-12 20:45:00+00:00
[2024-10-12T20:43:27.155+0000] {processor.py:208} INFO - Processing /opt/airflow/dags/dag_detect_invalid_customer_ids.py took 1.532 seconds
[2024-10-12T20:43:57.611+0000] {processor.py:186} INFO - Started process (PID=602) to work on /opt/airflow/dags/dag_detect_invalid_customer_ids.py
[2024-10-12T20:43:57.614+0000] {processor.py:914} INFO - Processing file /opt/airflow/dags/dag_detect_invalid_customer_ids.py for tasks to queue
[2024-10-12T20:43:57.617+0000] {logging_mixin.py:190} INFO - [2024-10-12T20:43:57.616+0000] {dagbag.py:587} INFO - Filling up the DagBag from /opt/airflow/dags/dag_detect_invalid_customer_ids.py
[2024-10-12T20:43:58.591+0000] {processor.py:925} INFO - DAG(s) 'Dag_detect_invalid_customer_ids' retrieved from /opt/airflow/dags/dag_detect_invalid_customer_ids.py
[2024-10-12T20:43:58.768+0000] {logging_mixin.py:190} INFO - [2024-10-12T20:43:58.767+0000] {dag.py:3229} INFO - Sync 1 DAGs
[2024-10-12T20:43:58.821+0000] {logging_mixin.py:190} INFO - [2024-10-12T20:43:58.820+0000] {dag.py:4156} INFO - Setting next_dagrun for Dag_detect_invalid_customer_ids to 2024-10-12 20:30:00+00:00, run_after=2024-10-12 20:45:00+00:00
[2024-10-12T20:43:58.872+0000] {processor.py:208} INFO - Processing /opt/airflow/dags/dag_detect_invalid_customer_ids.py took 1.273 seconds
[2024-10-12T20:44:29.395+0000] {processor.py:186} INFO - Started process (PID=687) to work on /opt/airflow/dags/dag_detect_invalid_customer_ids.py
[2024-10-12T20:44:29.397+0000] {processor.py:914} INFO - Processing file /opt/airflow/dags/dag_detect_invalid_customer_ids.py for tasks to queue
[2024-10-12T20:44:29.399+0000] {logging_mixin.py:190} INFO - [2024-10-12T20:44:29.399+0000] {dagbag.py:587} INFO - Filling up the DagBag from /opt/airflow/dags/dag_detect_invalid_customer_ids.py
[2024-10-12T20:44:30.032+0000] {processor.py:925} INFO - DAG(s) 'Dag_detect_invalid_customer_ids' retrieved from /opt/airflow/dags/dag_detect_invalid_customer_ids.py
[2024-10-12T20:44:30.146+0000] {logging_mixin.py:190} INFO - [2024-10-12T20:44:30.145+0000] {dag.py:3229} INFO - Sync 1 DAGs
[2024-10-12T20:44:30.188+0000] {logging_mixin.py:190} INFO - [2024-10-12T20:44:30.188+0000] {dag.py:4156} INFO - Setting next_dagrun for Dag_detect_invalid_customer_ids to 2024-10-12 20:30:00+00:00, run_after=2024-10-12 20:45:00+00:00
[2024-10-12T20:44:30.221+0000] {processor.py:208} INFO - Processing /opt/airflow/dags/dag_detect_invalid_customer_ids.py took 0.836 seconds
[2024-10-12T20:45:00.530+0000] {processor.py:186} INFO - Started process (PID=772) to work on /opt/airflow/dags/dag_detect_invalid_customer_ids.py
[2024-10-12T20:45:00.533+0000] {processor.py:914} INFO - Processing file /opt/airflow/dags/dag_detect_invalid_customer_ids.py for tasks to queue
[2024-10-12T20:45:00.537+0000] {logging_mixin.py:190} INFO - [2024-10-12T20:45:00.536+0000] {dagbag.py:587} INFO - Filling up the DagBag from /opt/airflow/dags/dag_detect_invalid_customer_ids.py
[2024-10-12T20:45:02.512+0000] {processor.py:925} INFO - DAG(s) 'Dag_detect_invalid_customer_ids' retrieved from /opt/airflow/dags/dag_detect_invalid_customer_ids.py
[2024-10-12T20:45:02.806+0000] {logging_mixin.py:190} INFO - [2024-10-12T20:45:02.805+0000] {dag.py:3229} INFO - Sync 1 DAGs
[2024-10-12T20:45:02.974+0000] {logging_mixin.py:190} INFO - [2024-10-12T20:45:02.973+0000] {dag.py:4156} INFO - Setting next_dagrun for Dag_detect_invalid_customer_ids to 2024-10-12 20:30:00+00:00, run_after=2024-10-12 20:45:00+00:00
[2024-10-12T20:45:03.092+0000] {processor.py:208} INFO - Processing /opt/airflow/dags/dag_detect_invalid_customer_ids.py took 2.593 seconds
[2024-10-12T20:45:58.066+0000] {processor.py:186} INFO - Started process (PID=894) to work on /opt/airflow/dags/dag_detect_invalid_customer_ids.py
[2024-10-12T20:45:58.073+0000] {processor.py:914} INFO - Processing file /opt/airflow/dags/dag_detect_invalid_customer_ids.py for tasks to queue
[2024-10-12T20:45:58.076+0000] {logging_mixin.py:190} INFO - [2024-10-12T20:45:58.075+0000] {dagbag.py:587} INFO - Filling up the DagBag from /opt/airflow/dags/dag_detect_invalid_customer_ids.py
[2024-10-12T20:45:58.749+0000] {processor.py:925} INFO - DAG(s) 'Dag_detect_invalid_customer_ids' retrieved from /opt/airflow/dags/dag_detect_invalid_customer_ids.py
[2024-10-12T20:45:58.912+0000] {logging_mixin.py:190} INFO - [2024-10-12T20:45:58.911+0000] {dag.py:3229} INFO - Sync 1 DAGs
[2024-10-12T20:45:58.977+0000] {logging_mixin.py:190} INFO - [2024-10-12T20:45:58.976+0000] {dag.py:4156} INFO - Setting next_dagrun for Dag_detect_invalid_customer_ids to 2024-10-12 20:45:00+00:00, run_after=2024-10-12 21:00:00+00:00
[2024-10-12T20:45:59.030+0000] {processor.py:208} INFO - Processing /opt/airflow/dags/dag_detect_invalid_customer_ids.py took 0.979 seconds
[2024-10-12T20:46:29.829+0000] {processor.py:186} INFO - Started process (PID=977) to work on /opt/airflow/dags/dag_detect_invalid_customer_ids.py
[2024-10-12T20:46:29.831+0000] {processor.py:914} INFO - Processing file /opt/airflow/dags/dag_detect_invalid_customer_ids.py for tasks to queue
[2024-10-12T20:46:29.833+0000] {logging_mixin.py:190} INFO - [2024-10-12T20:46:29.833+0000] {dagbag.py:587} INFO - Filling up the DagBag from /opt/airflow/dags/dag_detect_invalid_customer_ids.py
[2024-10-12T20:46:30.565+0000] {processor.py:925} INFO - DAG(s) 'Dag_detect_invalid_customer_ids' retrieved from /opt/airflow/dags/dag_detect_invalid_customer_ids.py
[2024-10-12T20:46:30.706+0000] {logging_mixin.py:190} INFO - [2024-10-12T20:46:30.706+0000] {dag.py:3229} INFO - Sync 1 DAGs
[2024-10-12T20:46:30.762+0000] {logging_mixin.py:190} INFO - [2024-10-12T20:46:30.762+0000] {dag.py:4156} INFO - Setting next_dagrun for Dag_detect_invalid_customer_ids to 2024-10-12 20:45:00+00:00, run_after=2024-10-12 21:00:00+00:00
[2024-10-12T20:46:30.801+0000] {processor.py:208} INFO - Processing /opt/airflow/dags/dag_detect_invalid_customer_ids.py took 0.984 seconds
[2024-10-12T20:47:23.664+0000] {processor.py:186} INFO - Started process (PID=1108) to work on /opt/airflow/dags/dag_detect_invalid_customer_ids.py
[2024-10-12T20:47:23.673+0000] {processor.py:914} INFO - Processing file /opt/airflow/dags/dag_detect_invalid_customer_ids.py for tasks to queue
[2024-10-12T20:47:23.703+0000] {logging_mixin.py:190} INFO - [2024-10-12T20:47:23.695+0000] {dagbag.py:587} INFO - Filling up the DagBag from /opt/airflow/dags/dag_detect_invalid_customer_ids.py
[2024-10-12T20:47:30.635+0000] {processor.py:925} INFO - DAG(s) 'Dag_detect_invalid_customer_ids' retrieved from /opt/airflow/dags/dag_detect_invalid_customer_ids.py
[2024-10-12T20:47:31.337+0000] {logging_mixin.py:190} INFO - [2024-10-12T20:47:31.336+0000] {dag.py:3229} INFO - Sync 1 DAGs
[2024-10-12T20:47:31.455+0000] {logging_mixin.py:190} INFO - [2024-10-12T20:47:31.454+0000] {dag.py:4156} INFO - Setting next_dagrun for Dag_detect_invalid_customer_ids to 2024-10-12 20:45:00+00:00, run_after=2024-10-12 21:00:00+00:00
[2024-10-12T20:47:31.573+0000] {processor.py:208} INFO - Processing /opt/airflow/dags/dag_detect_invalid_customer_ids.py took 8.082 seconds
[2024-10-12T20:48:01.846+0000] {processor.py:186} INFO - Started process (PID=1201) to work on /opt/airflow/dags/dag_detect_invalid_customer_ids.py
[2024-10-12T20:48:01.851+0000] {processor.py:914} INFO - Processing file /opt/airflow/dags/dag_detect_invalid_customer_ids.py for tasks to queue
[2024-10-12T20:48:01.854+0000] {logging_mixin.py:190} INFO - [2024-10-12T20:48:01.853+0000] {dagbag.py:587} INFO - Filling up the DagBag from /opt/airflow/dags/dag_detect_invalid_customer_ids.py
[2024-10-12T20:48:02.603+0000] {processor.py:925} INFO - DAG(s) 'Dag_detect_invalid_customer_ids' retrieved from /opt/airflow/dags/dag_detect_invalid_customer_ids.py
[2024-10-12T20:48:02.752+0000] {logging_mixin.py:190} INFO - [2024-10-12T20:48:02.751+0000] {dag.py:3229} INFO - Sync 1 DAGs
[2024-10-12T20:48:02.807+0000] {logging_mixin.py:190} INFO - [2024-10-12T20:48:02.806+0000] {dag.py:4156} INFO - Setting next_dagrun for Dag_detect_invalid_customer_ids to 2024-10-12 20:45:00+00:00, run_after=2024-10-12 21:00:00+00:00
[2024-10-12T20:48:02.847+0000] {processor.py:208} INFO - Processing /opt/airflow/dags/dag_detect_invalid_customer_ids.py took 1.015 seconds
[2024-10-12T20:48:33.547+0000] {processor.py:186} INFO - Started process (PID=1286) to work on /opt/airflow/dags/dag_detect_invalid_customer_ids.py
[2024-10-12T20:48:33.549+0000] {processor.py:914} INFO - Processing file /opt/airflow/dags/dag_detect_invalid_customer_ids.py for tasks to queue
[2024-10-12T20:48:33.552+0000] {logging_mixin.py:190} INFO - [2024-10-12T20:48:33.551+0000] {dagbag.py:587} INFO - Filling up the DagBag from /opt/airflow/dags/dag_detect_invalid_customer_ids.py
[2024-10-12T20:48:34.099+0000] {processor.py:925} INFO - DAG(s) 'Dag_detect_invalid_customer_ids' retrieved from /opt/airflow/dags/dag_detect_invalid_customer_ids.py
[2024-10-12T20:48:34.258+0000] {logging_mixin.py:190} INFO - [2024-10-12T20:48:34.257+0000] {dag.py:3229} INFO - Sync 1 DAGs
[2024-10-12T20:48:34.319+0000] {logging_mixin.py:190} INFO - [2024-10-12T20:48:34.319+0000] {dag.py:4156} INFO - Setting next_dagrun for Dag_detect_invalid_customer_ids to 2024-10-12 20:45:00+00:00, run_after=2024-10-12 21:00:00+00:00
[2024-10-12T20:48:34.366+0000] {processor.py:208} INFO - Processing /opt/airflow/dags/dag_detect_invalid_customer_ids.py took 0.833 seconds
[2024-10-12T20:49:04.626+0000] {processor.py:186} INFO - Started process (PID=1371) to work on /opt/airflow/dags/dag_detect_invalid_customer_ids.py
[2024-10-12T20:49:04.631+0000] {processor.py:914} INFO - Processing file /opt/airflow/dags/dag_detect_invalid_customer_ids.py for tasks to queue
[2024-10-12T20:49:04.637+0000] {logging_mixin.py:190} INFO - [2024-10-12T20:49:04.636+0000] {dagbag.py:587} INFO - Filling up the DagBag from /opt/airflow/dags/dag_detect_invalid_customer_ids.py
[2024-10-12T20:49:05.546+0000] {processor.py:925} INFO - DAG(s) 'Dag_detect_invalid_customer_ids' retrieved from /opt/airflow/dags/dag_detect_invalid_customer_ids.py
[2024-10-12T20:49:05.721+0000] {logging_mixin.py:190} INFO - [2024-10-12T20:49:05.720+0000] {dag.py:3229} INFO - Sync 1 DAGs
[2024-10-12T20:49:05.811+0000] {logging_mixin.py:190} INFO - [2024-10-12T20:49:05.810+0000] {dag.py:4156} INFO - Setting next_dagrun for Dag_detect_invalid_customer_ids to 2024-10-12 20:45:00+00:00, run_after=2024-10-12 21:00:00+00:00
[2024-10-12T20:49:05.887+0000] {processor.py:208} INFO - Processing /opt/airflow/dags/dag_detect_invalid_customer_ids.py took 1.289 seconds
[2024-10-12T20:49:36.160+0000] {processor.py:186} INFO - Started process (PID=1456) to work on /opt/airflow/dags/dag_detect_invalid_customer_ids.py
[2024-10-12T20:49:36.162+0000] {processor.py:914} INFO - Processing file /opt/airflow/dags/dag_detect_invalid_customer_ids.py for tasks to queue
[2024-10-12T20:49:36.164+0000] {logging_mixin.py:190} INFO - [2024-10-12T20:49:36.163+0000] {dagbag.py:587} INFO - Filling up the DagBag from /opt/airflow/dags/dag_detect_invalid_customer_ids.py
[2024-10-12T20:49:36.847+0000] {processor.py:925} INFO - DAG(s) 'Dag_detect_invalid_customer_ids' retrieved from /opt/airflow/dags/dag_detect_invalid_customer_ids.py
[2024-10-12T20:49:37.065+0000] {logging_mixin.py:190} INFO - [2024-10-12T20:49:37.064+0000] {dag.py:3229} INFO - Sync 1 DAGs
[2024-10-12T20:49:37.168+0000] {logging_mixin.py:190} INFO - [2024-10-12T20:49:37.168+0000] {dag.py:4156} INFO - Setting next_dagrun for Dag_detect_invalid_customer_ids to 2024-10-12 20:45:00+00:00, run_after=2024-10-12 21:00:00+00:00
[2024-10-12T20:49:37.224+0000] {processor.py:208} INFO - Processing /opt/airflow/dags/dag_detect_invalid_customer_ids.py took 1.074 seconds
[2024-10-12T20:50:07.925+0000] {processor.py:186} INFO - Started process (PID=1562) to work on /opt/airflow/dags/dag_detect_invalid_customer_ids.py
[2024-10-12T20:50:07.941+0000] {processor.py:914} INFO - Processing file /opt/airflow/dags/dag_detect_invalid_customer_ids.py for tasks to queue
[2024-10-12T20:50:07.956+0000] {logging_mixin.py:190} INFO - [2024-10-12T20:50:07.955+0000] {dagbag.py:587} INFO - Filling up the DagBag from /opt/airflow/dags/dag_detect_invalid_customer_ids.py
[2024-10-12T20:50:11.580+0000] {processor.py:925} INFO - DAG(s) 'Dag_detect_invalid_customer_ids' retrieved from /opt/airflow/dags/dag_detect_invalid_customer_ids.py
[2024-10-12T20:50:12.561+0000] {logging_mixin.py:190} INFO - [2024-10-12T20:50:12.558+0000] {dag.py:3229} INFO - Sync 1 DAGs
[2024-10-12T20:50:12.786+0000] {logging_mixin.py:190} INFO - [2024-10-12T20:50:12.785+0000] {dag.py:4156} INFO - Setting next_dagrun for Dag_detect_invalid_customer_ids to 2024-10-12 20:45:00+00:00, run_after=2024-10-12 21:00:00+00:00
[2024-10-12T20:50:12.992+0000] {processor.py:208} INFO - Processing /opt/airflow/dags/dag_detect_invalid_customer_ids.py took 5.139 seconds
[2024-10-12T20:50:43.951+0000] {processor.py:186} INFO - Started process (PID=1670) to work on /opt/airflow/dags/dag_detect_invalid_customer_ids.py
[2024-10-12T20:50:43.953+0000] {processor.py:914} INFO - Processing file /opt/airflow/dags/dag_detect_invalid_customer_ids.py for tasks to queue
[2024-10-12T20:50:43.956+0000] {logging_mixin.py:190} INFO - [2024-10-12T20:50:43.955+0000] {dagbag.py:587} INFO - Filling up the DagBag from /opt/airflow/dags/dag_detect_invalid_customer_ids.py
[2024-10-12T20:50:44.378+0000] {processor.py:925} INFO - DAG(s) 'Dag_detect_invalid_customer_ids' retrieved from /opt/airflow/dags/dag_detect_invalid_customer_ids.py
[2024-10-12T20:50:44.598+0000] {logging_mixin.py:190} INFO - [2024-10-12T20:50:44.596+0000] {dag.py:3229} INFO - Sync 1 DAGs
[2024-10-12T20:50:44.683+0000] {logging_mixin.py:190} INFO - [2024-10-12T20:50:44.682+0000] {dag.py:4156} INFO - Setting next_dagrun for Dag_detect_invalid_customer_ids to 2024-10-12 20:45:00+00:00, run_after=2024-10-12 21:00:00+00:00
[2024-10-12T20:50:44.728+0000] {processor.py:208} INFO - Processing /opt/airflow/dags/dag_detect_invalid_customer_ids.py took 0.787 seconds
[2024-10-12T20:52:03.686+0000] {processor.py:186} INFO - Started process (PID=1773) to work on /opt/airflow/dags/dag_detect_invalid_customer_ids.py
[2024-10-12T20:52:03.688+0000] {processor.py:914} INFO - Processing file /opt/airflow/dags/dag_detect_invalid_customer_ids.py for tasks to queue
[2024-10-12T20:52:03.691+0000] {logging_mixin.py:190} INFO - [2024-10-12T20:52:03.690+0000] {dagbag.py:587} INFO - Filling up the DagBag from /opt/airflow/dags/dag_detect_invalid_customer_ids.py
[2024-10-12T20:52:04.262+0000] {processor.py:925} INFO - DAG(s) 'Dag_detect_invalid_customer_ids' retrieved from /opt/airflow/dags/dag_detect_invalid_customer_ids.py
[2024-10-12T20:52:04.443+0000] {logging_mixin.py:190} INFO - [2024-10-12T20:52:04.442+0000] {dag.py:3229} INFO - Sync 1 DAGs
[2024-10-12T20:52:04.504+0000] {logging_mixin.py:190} INFO - [2024-10-12T20:52:04.504+0000] {dag.py:4156} INFO - Setting next_dagrun for Dag_detect_invalid_customer_ids to 2024-10-12 20:45:00+00:00, run_after=2024-10-12 21:00:00+00:00
[2024-10-12T20:52:04.556+0000] {processor.py:208} INFO - Processing /opt/airflow/dags/dag_detect_invalid_customer_ids.py took 0.881 seconds
[2024-10-12T20:52:35.132+0000] {processor.py:186} INFO - Started process (PID=1860) to work on /opt/airflow/dags/dag_detect_invalid_customer_ids.py
[2024-10-12T20:52:35.135+0000] {processor.py:914} INFO - Processing file /opt/airflow/dags/dag_detect_invalid_customer_ids.py for tasks to queue
[2024-10-12T20:52:35.138+0000] {logging_mixin.py:190} INFO - [2024-10-12T20:52:35.137+0000] {dagbag.py:587} INFO - Filling up the DagBag from /opt/airflow/dags/dag_detect_invalid_customer_ids.py
[2024-10-12T20:52:35.712+0000] {processor.py:925} INFO - DAG(s) 'Dag_detect_invalid_customer_ids' retrieved from /opt/airflow/dags/dag_detect_invalid_customer_ids.py
[2024-10-12T20:52:35.902+0000] {logging_mixin.py:190} INFO - [2024-10-12T20:52:35.901+0000] {dag.py:3229} INFO - Sync 1 DAGs
[2024-10-12T20:52:35.957+0000] {logging_mixin.py:190} INFO - [2024-10-12T20:52:35.956+0000] {dag.py:4156} INFO - Setting next_dagrun for Dag_detect_invalid_customer_ids to 2024-10-12 20:45:00+00:00, run_after=2024-10-12 21:00:00+00:00
[2024-10-12T20:52:36.002+0000] {processor.py:208} INFO - Processing /opt/airflow/dags/dag_detect_invalid_customer_ids.py took 0.884 seconds
[2024-10-12T20:53:06.304+0000] {processor.py:186} INFO - Started process (PID=1945) to work on /opt/airflow/dags/dag_detect_invalid_customer_ids.py
[2024-10-12T20:53:06.310+0000] {processor.py:914} INFO - Processing file /opt/airflow/dags/dag_detect_invalid_customer_ids.py for tasks to queue
[2024-10-12T20:53:06.312+0000] {logging_mixin.py:190} INFO - [2024-10-12T20:53:06.311+0000] {dagbag.py:587} INFO - Filling up the DagBag from /opt/airflow/dags/dag_detect_invalid_customer_ids.py
[2024-10-12T20:53:06.847+0000] {processor.py:925} INFO - DAG(s) 'Dag_detect_invalid_customer_ids' retrieved from /opt/airflow/dags/dag_detect_invalid_customer_ids.py
[2024-10-12T20:53:06.994+0000] {logging_mixin.py:190} INFO - [2024-10-12T20:53:06.994+0000] {dag.py:3229} INFO - Sync 1 DAGs
[2024-10-12T20:53:07.060+0000] {logging_mixin.py:190} INFO - [2024-10-12T20:53:07.060+0000] {dag.py:4156} INFO - Setting next_dagrun for Dag_detect_invalid_customer_ids to 2024-10-12 20:45:00+00:00, run_after=2024-10-12 21:00:00+00:00
[2024-10-12T20:53:07.105+0000] {processor.py:208} INFO - Processing /opt/airflow/dags/dag_detect_invalid_customer_ids.py took 0.810 seconds
[2024-10-12T20:53:37.538+0000] {processor.py:186} INFO - Started process (PID=2033) to work on /opt/airflow/dags/dag_detect_invalid_customer_ids.py
[2024-10-12T20:53:37.540+0000] {processor.py:914} INFO - Processing file /opt/airflow/dags/dag_detect_invalid_customer_ids.py for tasks to queue
[2024-10-12T20:53:37.542+0000] {logging_mixin.py:190} INFO - [2024-10-12T20:53:37.542+0000] {dagbag.py:587} INFO - Filling up the DagBag from /opt/airflow/dags/dag_detect_invalid_customer_ids.py
[2024-10-12T20:53:38.242+0000] {processor.py:925} INFO - DAG(s) 'Dag_detect_invalid_customer_ids' retrieved from /opt/airflow/dags/dag_detect_invalid_customer_ids.py
[2024-10-12T20:53:38.488+0000] {logging_mixin.py:190} INFO - [2024-10-12T20:53:38.487+0000] {dag.py:3229} INFO - Sync 1 DAGs
[2024-10-12T20:53:38.563+0000] {logging_mixin.py:190} INFO - [2024-10-12T20:53:38.563+0000] {dag.py:4156} INFO - Setting next_dagrun for Dag_detect_invalid_customer_ids to 2024-10-12 20:45:00+00:00, run_after=2024-10-12 21:00:00+00:00
[2024-10-12T20:53:38.606+0000] {processor.py:208} INFO - Processing /opt/airflow/dags/dag_detect_invalid_customer_ids.py took 1.076 seconds
[2024-10-12T20:54:09.036+0000] {processor.py:186} INFO - Started process (PID=2120) to work on /opt/airflow/dags/dag_detect_invalid_customer_ids.py
[2024-10-12T20:54:09.037+0000] {processor.py:914} INFO - Processing file /opt/airflow/dags/dag_detect_invalid_customer_ids.py for tasks to queue
[2024-10-12T20:54:09.039+0000] {logging_mixin.py:190} INFO - [2024-10-12T20:54:09.039+0000] {dagbag.py:587} INFO - Filling up the DagBag from /opt/airflow/dags/dag_detect_invalid_customer_ids.py
[2024-10-12T20:54:09.441+0000] {processor.py:925} INFO - DAG(s) 'Dag_detect_invalid_customer_ids' retrieved from /opt/airflow/dags/dag_detect_invalid_customer_ids.py
[2024-10-12T20:54:09.591+0000] {logging_mixin.py:190} INFO - [2024-10-12T20:54:09.590+0000] {dag.py:3229} INFO - Sync 1 DAGs
[2024-10-12T20:54:09.681+0000] {logging_mixin.py:190} INFO - [2024-10-12T20:54:09.681+0000] {dag.py:4156} INFO - Setting next_dagrun for Dag_detect_invalid_customer_ids to 2024-10-12 20:45:00+00:00, run_after=2024-10-12 21:00:00+00:00
[2024-10-12T20:54:09.744+0000] {processor.py:208} INFO - Processing /opt/airflow/dags/dag_detect_invalid_customer_ids.py took 0.718 seconds
[2024-10-12T20:54:39.908+0000] {processor.py:186} INFO - Started process (PID=2203) to work on /opt/airflow/dags/dag_detect_invalid_customer_ids.py
[2024-10-12T20:54:39.909+0000] {processor.py:914} INFO - Processing file /opt/airflow/dags/dag_detect_invalid_customer_ids.py for tasks to queue
[2024-10-12T20:54:39.911+0000] {logging_mixin.py:190} INFO - [2024-10-12T20:54:39.911+0000] {dagbag.py:587} INFO - Filling up the DagBag from /opt/airflow/dags/dag_detect_invalid_customer_ids.py
[2024-10-12T20:54:40.402+0000] {processor.py:925} INFO - DAG(s) 'Dag_detect_invalid_customer_ids' retrieved from /opt/airflow/dags/dag_detect_invalid_customer_ids.py
[2024-10-12T20:54:40.546+0000] {logging_mixin.py:190} INFO - [2024-10-12T20:54:40.545+0000] {dag.py:3229} INFO - Sync 1 DAGs
[2024-10-12T20:54:40.602+0000] {logging_mixin.py:190} INFO - [2024-10-12T20:54:40.602+0000] {dag.py:4156} INFO - Setting next_dagrun for Dag_detect_invalid_customer_ids to 2024-10-12 20:45:00+00:00, run_after=2024-10-12 21:00:00+00:00
[2024-10-12T20:54:40.637+0000] {processor.py:208} INFO - Processing /opt/airflow/dags/dag_detect_invalid_customer_ids.py took 0.741 seconds
[2024-10-12T20:55:12.571+0000] {processor.py:186} INFO - Started process (PID=2328) to work on /opt/airflow/dags/dag_detect_invalid_customer_ids.py
[2024-10-12T20:55:12.573+0000] {processor.py:914} INFO - Processing file /opt/airflow/dags/dag_detect_invalid_customer_ids.py for tasks to queue
[2024-10-12T20:55:12.576+0000] {logging_mixin.py:190} INFO - [2024-10-12T20:55:12.575+0000] {dagbag.py:587} INFO - Filling up the DagBag from /opt/airflow/dags/dag_detect_invalid_customer_ids.py
[2024-10-12T20:55:13.121+0000] {processor.py:925} INFO - DAG(s) 'Dag_detect_invalid_customer_ids' retrieved from /opt/airflow/dags/dag_detect_invalid_customer_ids.py
[2024-10-12T20:55:13.241+0000] {logging_mixin.py:190} INFO - [2024-10-12T20:55:13.240+0000] {dag.py:3229} INFO - Sync 1 DAGs
[2024-10-12T20:55:13.282+0000] {logging_mixin.py:190} INFO - [2024-10-12T20:55:13.281+0000] {dag.py:4156} INFO - Setting next_dagrun for Dag_detect_invalid_customer_ids to 2024-10-12 20:45:00+00:00, run_after=2024-10-12 21:00:00+00:00
[2024-10-12T20:55:13.318+0000] {processor.py:208} INFO - Processing /opt/airflow/dags/dag_detect_invalid_customer_ids.py took 0.756 seconds
[2024-10-12T20:55:43.507+0000] {processor.py:186} INFO - Started process (PID=2409) to work on /opt/airflow/dags/dag_detect_invalid_customer_ids.py
[2024-10-12T20:55:43.508+0000] {processor.py:914} INFO - Processing file /opt/airflow/dags/dag_detect_invalid_customer_ids.py for tasks to queue
[2024-10-12T20:55:43.511+0000] {logging_mixin.py:190} INFO - [2024-10-12T20:55:43.510+0000] {dagbag.py:587} INFO - Filling up the DagBag from /opt/airflow/dags/dag_detect_invalid_customer_ids.py
[2024-10-12T20:55:44.039+0000] {processor.py:925} INFO - DAG(s) 'Dag_detect_invalid_customer_ids' retrieved from /opt/airflow/dags/dag_detect_invalid_customer_ids.py
[2024-10-12T20:55:44.169+0000] {logging_mixin.py:190} INFO - [2024-10-12T20:55:44.168+0000] {dag.py:3229} INFO - Sync 1 DAGs
[2024-10-12T20:55:44.228+0000] {logging_mixin.py:190} INFO - [2024-10-12T20:55:44.228+0000] {dag.py:4156} INFO - Setting next_dagrun for Dag_detect_invalid_customer_ids to 2024-10-12 20:45:00+00:00, run_after=2024-10-12 21:00:00+00:00
[2024-10-12T20:55:44.276+0000] {processor.py:208} INFO - Processing /opt/airflow/dags/dag_detect_invalid_customer_ids.py took 0.778 seconds
[2024-10-12T20:56:14.444+0000] {processor.py:186} INFO - Started process (PID=2492) to work on /opt/airflow/dags/dag_detect_invalid_customer_ids.py
[2024-10-12T20:56:14.447+0000] {processor.py:914} INFO - Processing file /opt/airflow/dags/dag_detect_invalid_customer_ids.py for tasks to queue
[2024-10-12T20:56:14.451+0000] {logging_mixin.py:190} INFO - [2024-10-12T20:56:14.450+0000] {dagbag.py:587} INFO - Filling up the DagBag from /opt/airflow/dags/dag_detect_invalid_customer_ids.py
[2024-10-12T20:56:14.954+0000] {processor.py:925} INFO - DAG(s) 'Dag_detect_invalid_customer_ids' retrieved from /opt/airflow/dags/dag_detect_invalid_customer_ids.py
[2024-10-12T20:56:15.099+0000] {logging_mixin.py:190} INFO - [2024-10-12T20:56:15.098+0000] {dag.py:3229} INFO - Sync 1 DAGs
[2024-10-12T20:56:15.158+0000] {logging_mixin.py:190} INFO - [2024-10-12T20:56:15.158+0000] {dag.py:4156} INFO - Setting next_dagrun for Dag_detect_invalid_customer_ids to 2024-10-12 20:45:00+00:00, run_after=2024-10-12 21:00:00+00:00
[2024-10-12T20:56:15.220+0000] {processor.py:208} INFO - Processing /opt/airflow/dags/dag_detect_invalid_customer_ids.py took 0.791 seconds
[2024-10-12T20:56:46.233+0000] {processor.py:186} INFO - Started process (PID=2577) to work on /opt/airflow/dags/dag_detect_invalid_customer_ids.py
[2024-10-12T20:56:46.237+0000] {processor.py:914} INFO - Processing file /opt/airflow/dags/dag_detect_invalid_customer_ids.py for tasks to queue
[2024-10-12T20:56:46.241+0000] {logging_mixin.py:190} INFO - [2024-10-12T20:56:46.240+0000] {dagbag.py:587} INFO - Filling up the DagBag from /opt/airflow/dags/dag_detect_invalid_customer_ids.py
[2024-10-12T20:56:46.787+0000] {processor.py:925} INFO - DAG(s) 'Dag_detect_invalid_customer_ids' retrieved from /opt/airflow/dags/dag_detect_invalid_customer_ids.py
[2024-10-12T20:56:47.033+0000] {logging_mixin.py:190} INFO - [2024-10-12T20:56:47.032+0000] {dag.py:3229} INFO - Sync 1 DAGs
[2024-10-12T20:56:47.100+0000] {logging_mixin.py:190} INFO - [2024-10-12T20:56:47.099+0000] {dag.py:4156} INFO - Setting next_dagrun for Dag_detect_invalid_customer_ids to 2024-10-12 20:45:00+00:00, run_after=2024-10-12 21:00:00+00:00
[2024-10-12T20:56:47.140+0000] {processor.py:208} INFO - Processing /opt/airflow/dags/dag_detect_invalid_customer_ids.py took 0.918 seconds
[2024-10-12T20:57:17.297+0000] {processor.py:186} INFO - Started process (PID=2662) to work on /opt/airflow/dags/dag_detect_invalid_customer_ids.py
[2024-10-12T20:57:17.298+0000] {processor.py:914} INFO - Processing file /opt/airflow/dags/dag_detect_invalid_customer_ids.py for tasks to queue
[2024-10-12T20:57:17.301+0000] {logging_mixin.py:190} INFO - [2024-10-12T20:57:17.300+0000] {dagbag.py:587} INFO - Filling up the DagBag from /opt/airflow/dags/dag_detect_invalid_customer_ids.py
[2024-10-12T20:57:17.868+0000] {processor.py:925} INFO - DAG(s) 'Dag_detect_invalid_customer_ids' retrieved from /opt/airflow/dags/dag_detect_invalid_customer_ids.py
[2024-10-12T20:57:18.031+0000] {logging_mixin.py:190} INFO - [2024-10-12T20:57:18.030+0000] {dag.py:3229} INFO - Sync 1 DAGs
[2024-10-12T20:57:18.077+0000] {logging_mixin.py:190} INFO - [2024-10-12T20:57:18.077+0000] {dag.py:4156} INFO - Setting next_dagrun for Dag_detect_invalid_customer_ids to 2024-10-12 20:45:00+00:00, run_after=2024-10-12 21:00:00+00:00
[2024-10-12T20:57:18.124+0000] {processor.py:208} INFO - Processing /opt/airflow/dags/dag_detect_invalid_customer_ids.py took 0.837 seconds
[2024-10-12T20:57:48.249+0000] {processor.py:186} INFO - Started process (PID=2743) to work on /opt/airflow/dags/dag_detect_invalid_customer_ids.py
[2024-10-12T20:57:48.250+0000] {processor.py:914} INFO - Processing file /opt/airflow/dags/dag_detect_invalid_customer_ids.py for tasks to queue
[2024-10-12T20:57:48.252+0000] {logging_mixin.py:190} INFO - [2024-10-12T20:57:48.252+0000] {dagbag.py:587} INFO - Filling up the DagBag from /opt/airflow/dags/dag_detect_invalid_customer_ids.py
[2024-10-12T20:57:48.633+0000] {processor.py:925} INFO - DAG(s) 'Dag_detect_invalid_customer_ids' retrieved from /opt/airflow/dags/dag_detect_invalid_customer_ids.py
[2024-10-12T20:57:48.795+0000] {logging_mixin.py:190} INFO - [2024-10-12T20:57:48.794+0000] {dag.py:3229} INFO - Sync 1 DAGs
[2024-10-12T20:57:48.855+0000] {logging_mixin.py:190} INFO - [2024-10-12T20:57:48.855+0000] {dag.py:4156} INFO - Setting next_dagrun for Dag_detect_invalid_customer_ids to 2024-10-12 20:45:00+00:00, run_after=2024-10-12 21:00:00+00:00
[2024-10-12T20:57:48.915+0000] {processor.py:208} INFO - Processing /opt/airflow/dags/dag_detect_invalid_customer_ids.py took 0.675 seconds
[2024-10-12T20:58:19.420+0000] {processor.py:186} INFO - Started process (PID=2821) to work on /opt/airflow/dags/dag_detect_invalid_customer_ids.py
[2024-10-12T20:58:19.423+0000] {processor.py:914} INFO - Processing file /opt/airflow/dags/dag_detect_invalid_customer_ids.py for tasks to queue
[2024-10-12T20:58:19.426+0000] {logging_mixin.py:190} INFO - [2024-10-12T20:58:19.425+0000] {dagbag.py:587} INFO - Filling up the DagBag from /opt/airflow/dags/dag_detect_invalid_customer_ids.py
[2024-10-12T20:58:19.953+0000] {processor.py:925} INFO - DAG(s) 'Dag_detect_invalid_customer_ids' retrieved from /opt/airflow/dags/dag_detect_invalid_customer_ids.py
[2024-10-12T20:58:20.128+0000] {logging_mixin.py:190} INFO - [2024-10-12T20:58:20.127+0000] {dag.py:3229} INFO - Sync 1 DAGs
[2024-10-12T20:58:20.171+0000] {logging_mixin.py:190} INFO - [2024-10-12T20:58:20.171+0000] {dag.py:4156} INFO - Setting next_dagrun for Dag_detect_invalid_customer_ids to 2024-10-12 20:45:00+00:00, run_after=2024-10-12 21:00:00+00:00
[2024-10-12T20:58:20.205+0000] {processor.py:208} INFO - Processing /opt/airflow/dags/dag_detect_invalid_customer_ids.py took 0.797 seconds
[2024-10-12T20:58:51.386+0000] {processor.py:186} INFO - Started process (PID=2906) to work on /opt/airflow/dags/dag_detect_invalid_customer_ids.py
[2024-10-12T20:58:51.388+0000] {processor.py:914} INFO - Processing file /opt/airflow/dags/dag_detect_invalid_customer_ids.py for tasks to queue
[2024-10-12T20:58:51.390+0000] {logging_mixin.py:190} INFO - [2024-10-12T20:58:51.390+0000] {dagbag.py:587} INFO - Filling up the DagBag from /opt/airflow/dags/dag_detect_invalid_customer_ids.py
[2024-10-12T20:58:51.903+0000] {processor.py:925} INFO - DAG(s) 'Dag_detect_invalid_customer_ids' retrieved from /opt/airflow/dags/dag_detect_invalid_customer_ids.py
[2024-10-12T20:58:52.062+0000] {logging_mixin.py:190} INFO - [2024-10-12T20:58:52.062+0000] {dag.py:3229} INFO - Sync 1 DAGs
[2024-10-12T20:58:52.107+0000] {logging_mixin.py:190} INFO - [2024-10-12T20:58:52.106+0000] {dag.py:4156} INFO - Setting next_dagrun for Dag_detect_invalid_customer_ids to 2024-10-12 20:45:00+00:00, run_after=2024-10-12 21:00:00+00:00
[2024-10-12T20:58:52.153+0000] {processor.py:208} INFO - Processing /opt/airflow/dags/dag_detect_invalid_customer_ids.py took 0.774 seconds
[2024-10-12T20:59:22.500+0000] {processor.py:186} INFO - Started process (PID=2990) to work on /opt/airflow/dags/dag_detect_invalid_customer_ids.py
[2024-10-12T20:59:22.502+0000] {processor.py:914} INFO - Processing file /opt/airflow/dags/dag_detect_invalid_customer_ids.py for tasks to queue
[2024-10-12T20:59:22.504+0000] {logging_mixin.py:190} INFO - [2024-10-12T20:59:22.503+0000] {dagbag.py:587} INFO - Filling up the DagBag from /opt/airflow/dags/dag_detect_invalid_customer_ids.py
[2024-10-12T20:59:22.911+0000] {processor.py:925} INFO - DAG(s) 'Dag_detect_invalid_customer_ids' retrieved from /opt/airflow/dags/dag_detect_invalid_customer_ids.py
[2024-10-12T20:59:23.050+0000] {logging_mixin.py:190} INFO - [2024-10-12T20:59:23.050+0000] {dag.py:3229} INFO - Sync 1 DAGs
[2024-10-12T20:59:23.098+0000] {logging_mixin.py:190} INFO - [2024-10-12T20:59:23.098+0000] {dag.py:4156} INFO - Setting next_dagrun for Dag_detect_invalid_customer_ids to 2024-10-12 20:45:00+00:00, run_after=2024-10-12 21:00:00+00:00
[2024-10-12T20:59:23.139+0000] {processor.py:208} INFO - Processing /opt/airflow/dags/dag_detect_invalid_customer_ids.py took 0.652 seconds
[2024-10-12T20:59:53.341+0000] {processor.py:186} INFO - Started process (PID=3075) to work on /opt/airflow/dags/dag_detect_invalid_customer_ids.py
[2024-10-12T20:59:53.343+0000] {processor.py:914} INFO - Processing file /opt/airflow/dags/dag_detect_invalid_customer_ids.py for tasks to queue
[2024-10-12T20:59:53.345+0000] {logging_mixin.py:190} INFO - [2024-10-12T20:59:53.345+0000] {dagbag.py:587} INFO - Filling up the DagBag from /opt/airflow/dags/dag_detect_invalid_customer_ids.py
[2024-10-12T20:59:53.809+0000] {processor.py:925} INFO - DAG(s) 'Dag_detect_invalid_customer_ids' retrieved from /opt/airflow/dags/dag_detect_invalid_customer_ids.py
[2024-10-12T20:59:53.935+0000] {logging_mixin.py:190} INFO - [2024-10-12T20:59:53.934+0000] {dag.py:3229} INFO - Sync 1 DAGs
[2024-10-12T20:59:53.986+0000] {logging_mixin.py:190} INFO - [2024-10-12T20:59:53.986+0000] {dag.py:4156} INFO - Setting next_dagrun for Dag_detect_invalid_customer_ids to 2024-10-12 20:45:00+00:00, run_after=2024-10-12 21:00:00+00:00
[2024-10-12T20:59:54.032+0000] {processor.py:208} INFO - Processing /opt/airflow/dags/dag_detect_invalid_customer_ids.py took 0.701 seconds
[2024-10-12T21:01:46.340+0000] {processor.py:186} INFO - Started process (PID=3244) to work on /opt/airflow/dags/dag_detect_invalid_customer_ids.py
[2024-10-12T21:01:46.356+0000] {processor.py:914} INFO - Processing file /opt/airflow/dags/dag_detect_invalid_customer_ids.py for tasks to queue
[2024-10-12T21:01:46.378+0000] {logging_mixin.py:190} INFO - [2024-10-12T21:01:46.377+0000] {dagbag.py:587} INFO - Filling up the DagBag from /opt/airflow/dags/dag_detect_invalid_customer_ids.py
[2024-10-12T21:01:58.250+0000] {processor.py:925} INFO - DAG(s) 'Dag_detect_invalid_customer_ids' retrieved from /opt/airflow/dags/dag_detect_invalid_customer_ids.py
[2024-10-12T21:02:00.114+0000] {logging_mixin.py:190} INFO - [2024-10-12T21:02:00.110+0000] {dag.py:3229} INFO - Sync 1 DAGs
[2024-10-12T21:02:00.692+0000] {logging_mixin.py:190} INFO - [2024-10-12T21:02:00.690+0000] {dag.py:4156} INFO - Setting next_dagrun for Dag_detect_invalid_customer_ids to 2024-10-12 21:00:00+00:00, run_after=2024-10-12 21:15:00+00:00
[2024-10-12T21:02:01.074+0000] {processor.py:208} INFO - Processing /opt/airflow/dags/dag_detect_invalid_customer_ids.py took 14.782 seconds
[2024-10-12T21:02:31.803+0000] {processor.py:186} INFO - Started process (PID=3383) to work on /opt/airflow/dags/dag_detect_invalid_customer_ids.py
[2024-10-12T21:02:31.805+0000] {processor.py:914} INFO - Processing file /opt/airflow/dags/dag_detect_invalid_customer_ids.py for tasks to queue
[2024-10-12T21:02:31.807+0000] {logging_mixin.py:190} INFO - [2024-10-12T21:02:31.807+0000] {dagbag.py:587} INFO - Filling up the DagBag from /opt/airflow/dags/dag_detect_invalid_customer_ids.py
[2024-10-12T21:02:32.360+0000] {processor.py:925} INFO - DAG(s) 'Dag_detect_invalid_customer_ids' retrieved from /opt/airflow/dags/dag_detect_invalid_customer_ids.py
[2024-10-12T21:02:32.516+0000] {logging_mixin.py:190} INFO - [2024-10-12T21:02:32.515+0000] {dag.py:3229} INFO - Sync 1 DAGs
[2024-10-12T21:02:32.567+0000] {logging_mixin.py:190} INFO - [2024-10-12T21:02:32.566+0000] {dag.py:4156} INFO - Setting next_dagrun for Dag_detect_invalid_customer_ids to 2024-10-12 21:00:00+00:00, run_after=2024-10-12 21:15:00+00:00
[2024-10-12T21:02:32.603+0000] {processor.py:208} INFO - Processing /opt/airflow/dags/dag_detect_invalid_customer_ids.py took 0.820 seconds
[2024-10-12T21:03:02.755+0000] {processor.py:186} INFO - Started process (PID=3468) to work on /opt/airflow/dags/dag_detect_invalid_customer_ids.py
[2024-10-12T21:03:02.762+0000] {processor.py:914} INFO - Processing file /opt/airflow/dags/dag_detect_invalid_customer_ids.py for tasks to queue
[2024-10-12T21:03:02.764+0000] {logging_mixin.py:190} INFO - [2024-10-12T21:03:02.763+0000] {dagbag.py:587} INFO - Filling up the DagBag from /opt/airflow/dags/dag_detect_invalid_customer_ids.py
[2024-10-12T21:03:03.171+0000] {processor.py:925} INFO - DAG(s) 'Dag_detect_invalid_customer_ids' retrieved from /opt/airflow/dags/dag_detect_invalid_customer_ids.py
[2024-10-12T21:03:03.288+0000] {logging_mixin.py:190} INFO - [2024-10-12T21:03:03.287+0000] {dag.py:3229} INFO - Sync 1 DAGs
[2024-10-12T21:03:03.333+0000] {logging_mixin.py:190} INFO - [2024-10-12T21:03:03.333+0000] {dag.py:4156} INFO - Setting next_dagrun for Dag_detect_invalid_customer_ids to 2024-10-12 21:00:00+00:00, run_after=2024-10-12 21:15:00+00:00
[2024-10-12T21:03:03.372+0000] {processor.py:208} INFO - Processing /opt/airflow/dags/dag_detect_invalid_customer_ids.py took 0.625 seconds
[2024-10-12T21:03:33.863+0000] {processor.py:186} INFO - Started process (PID=3553) to work on /opt/airflow/dags/dag_detect_invalid_customer_ids.py
[2024-10-12T21:03:33.864+0000] {processor.py:914} INFO - Processing file /opt/airflow/dags/dag_detect_invalid_customer_ids.py for tasks to queue
[2024-10-12T21:03:33.866+0000] {logging_mixin.py:190} INFO - [2024-10-12T21:03:33.866+0000] {dagbag.py:587} INFO - Filling up the DagBag from /opt/airflow/dags/dag_detect_invalid_customer_ids.py
[2024-10-12T21:03:34.378+0000] {processor.py:925} INFO - DAG(s) 'Dag_detect_invalid_customer_ids' retrieved from /opt/airflow/dags/dag_detect_invalid_customer_ids.py
[2024-10-12T21:03:34.531+0000] {logging_mixin.py:190} INFO - [2024-10-12T21:03:34.530+0000] {dag.py:3229} INFO - Sync 1 DAGs
[2024-10-12T21:03:34.620+0000] {logging_mixin.py:190} INFO - [2024-10-12T21:03:34.619+0000] {dag.py:4156} INFO - Setting next_dagrun for Dag_detect_invalid_customer_ids to 2024-10-12 21:00:00+00:00, run_after=2024-10-12 21:15:00+00:00
[2024-10-12T21:03:34.682+0000] {processor.py:208} INFO - Processing /opt/airflow/dags/dag_detect_invalid_customer_ids.py took 0.831 seconds
[2024-10-12T21:04:05.318+0000] {processor.py:186} INFO - Started process (PID=3639) to work on /opt/airflow/dags/dag_detect_invalid_customer_ids.py
[2024-10-12T21:04:05.320+0000] {processor.py:914} INFO - Processing file /opt/airflow/dags/dag_detect_invalid_customer_ids.py for tasks to queue
[2024-10-12T21:04:05.322+0000] {logging_mixin.py:190} INFO - [2024-10-12T21:04:05.321+0000] {dagbag.py:587} INFO - Filling up the DagBag from /opt/airflow/dags/dag_detect_invalid_customer_ids.py
[2024-10-12T21:04:05.745+0000] {processor.py:925} INFO - DAG(s) 'Dag_detect_invalid_customer_ids' retrieved from /opt/airflow/dags/dag_detect_invalid_customer_ids.py
[2024-10-12T21:04:05.958+0000] {logging_mixin.py:190} INFO - [2024-10-12T21:04:05.956+0000] {dag.py:3229} INFO - Sync 1 DAGs
[2024-10-12T21:04:06.009+0000] {logging_mixin.py:190} INFO - [2024-10-12T21:04:06.009+0000] {dag.py:4156} INFO - Setting next_dagrun for Dag_detect_invalid_customer_ids to 2024-10-12 21:00:00+00:00, run_after=2024-10-12 21:15:00+00:00
[2024-10-12T21:04:06.054+0000] {processor.py:208} INFO - Processing /opt/airflow/dags/dag_detect_invalid_customer_ids.py took 0.746 seconds
[2024-10-12T21:04:36.411+0000] {processor.py:186} INFO - Started process (PID=3724) to work on /opt/airflow/dags/dag_detect_invalid_customer_ids.py
[2024-10-12T21:04:36.414+0000] {processor.py:914} INFO - Processing file /opt/airflow/dags/dag_detect_invalid_customer_ids.py for tasks to queue
[2024-10-12T21:04:36.416+0000] {logging_mixin.py:190} INFO - [2024-10-12T21:04:36.416+0000] {dagbag.py:587} INFO - Filling up the DagBag from /opt/airflow/dags/dag_detect_invalid_customer_ids.py
[2024-10-12T21:04:37.000+0000] {processor.py:925} INFO - DAG(s) 'Dag_detect_invalid_customer_ids' retrieved from /opt/airflow/dags/dag_detect_invalid_customer_ids.py
[2024-10-12T21:04:37.204+0000] {logging_mixin.py:190} INFO - [2024-10-12T21:04:37.203+0000] {dag.py:3229} INFO - Sync 1 DAGs
[2024-10-12T21:04:37.278+0000] {logging_mixin.py:190} INFO - [2024-10-12T21:04:37.277+0000] {dag.py:4156} INFO - Setting next_dagrun for Dag_detect_invalid_customer_ids to 2024-10-12 21:00:00+00:00, run_after=2024-10-12 21:15:00+00:00
[2024-10-12T21:04:37.346+0000] {processor.py:208} INFO - Processing /opt/airflow/dags/dag_detect_invalid_customer_ids.py took 0.947 seconds
[2024-10-12T21:05:15.768+0000] {processor.py:186} INFO - Started process (PID=3835) to work on /opt/airflow/dags/dag_detect_invalid_customer_ids.py
[2024-10-12T21:05:15.771+0000] {processor.py:914} INFO - Processing file /opt/airflow/dags/dag_detect_invalid_customer_ids.py for tasks to queue
[2024-10-12T21:05:15.776+0000] {logging_mixin.py:190} INFO - [2024-10-12T21:05:15.775+0000] {dagbag.py:587} INFO - Filling up the DagBag from /opt/airflow/dags/dag_detect_invalid_customer_ids.py
[2024-10-12T21:05:18.004+0000] {processor.py:925} INFO - DAG(s) 'Dag_detect_invalid_customer_ids' retrieved from /opt/airflow/dags/dag_detect_invalid_customer_ids.py
[2024-10-12T21:05:18.565+0000] {logging_mixin.py:190} INFO - [2024-10-12T21:05:18.563+0000] {dag.py:3229} INFO - Sync 1 DAGs
[2024-10-12T21:05:18.751+0000] {logging_mixin.py:190} INFO - [2024-10-12T21:05:18.750+0000] {dag.py:4156} INFO - Setting next_dagrun for Dag_detect_invalid_customer_ids to 2024-10-12 21:00:00+00:00, run_after=2024-10-12 21:15:00+00:00
[2024-10-12T21:05:18.896+0000] {processor.py:208} INFO - Processing /opt/airflow/dags/dag_detect_invalid_customer_ids.py took 3.144 seconds
[2024-10-12T21:05:49.293+0000] {processor.py:186} INFO - Started process (PID=3940) to work on /opt/airflow/dags/dag_detect_invalid_customer_ids.py
[2024-10-12T21:05:49.305+0000] {processor.py:914} INFO - Processing file /opt/airflow/dags/dag_detect_invalid_customer_ids.py for tasks to queue
[2024-10-12T21:05:49.311+0000] {logging_mixin.py:190} INFO - [2024-10-12T21:05:49.310+0000] {dagbag.py:587} INFO - Filling up the DagBag from /opt/airflow/dags/dag_detect_invalid_customer_ids.py
[2024-10-12T21:05:51.290+0000] {processor.py:925} INFO - DAG(s) 'Dag_detect_invalid_customer_ids' retrieved from /opt/airflow/dags/dag_detect_invalid_customer_ids.py
[2024-10-12T21:05:51.731+0000] {logging_mixin.py:190} INFO - [2024-10-12T21:05:51.728+0000] {dag.py:3229} INFO - Sync 1 DAGs
[2024-10-12T21:05:51.909+0000] {logging_mixin.py:190} INFO - [2024-10-12T21:05:51.909+0000] {dag.py:4156} INFO - Setting next_dagrun for Dag_detect_invalid_customer_ids to 2024-10-12 21:00:00+00:00, run_after=2024-10-12 21:15:00+00:00
[2024-10-12T21:05:52.001+0000] {processor.py:208} INFO - Processing /opt/airflow/dags/dag_detect_invalid_customer_ids.py took 2.749 seconds
[2024-10-12T21:06:22.587+0000] {processor.py:186} INFO - Started process (PID=4027) to work on /opt/airflow/dags/dag_detect_invalid_customer_ids.py
[2024-10-12T21:06:22.589+0000] {processor.py:914} INFO - Processing file /opt/airflow/dags/dag_detect_invalid_customer_ids.py for tasks to queue
[2024-10-12T21:06:22.591+0000] {logging_mixin.py:190} INFO - [2024-10-12T21:06:22.591+0000] {dagbag.py:587} INFO - Filling up the DagBag from /opt/airflow/dags/dag_detect_invalid_customer_ids.py
[2024-10-12T21:06:23.127+0000] {processor.py:925} INFO - DAG(s) 'Dag_detect_invalid_customer_ids' retrieved from /opt/airflow/dags/dag_detect_invalid_customer_ids.py
[2024-10-12T21:06:23.350+0000] {logging_mixin.py:190} INFO - [2024-10-12T21:06:23.348+0000] {dag.py:3229} INFO - Sync 1 DAGs
[2024-10-12T21:06:23.415+0000] {logging_mixin.py:190} INFO - [2024-10-12T21:06:23.414+0000] {dag.py:4156} INFO - Setting next_dagrun for Dag_detect_invalid_customer_ids to 2024-10-12 21:00:00+00:00, run_after=2024-10-12 21:15:00+00:00
[2024-10-12T21:06:23.467+0000] {processor.py:208} INFO - Processing /opt/airflow/dags/dag_detect_invalid_customer_ids.py took 0.896 seconds
[2024-10-12T21:06:53.984+0000] {processor.py:186} INFO - Started process (PID=4112) to work on /opt/airflow/dags/dag_detect_invalid_customer_ids.py
[2024-10-12T21:06:53.987+0000] {processor.py:914} INFO - Processing file /opt/airflow/dags/dag_detect_invalid_customer_ids.py for tasks to queue
[2024-10-12T21:06:53.992+0000] {logging_mixin.py:190} INFO - [2024-10-12T21:06:53.990+0000] {dagbag.py:587} INFO - Filling up the DagBag from /opt/airflow/dags/dag_detect_invalid_customer_ids.py
[2024-10-12T21:06:54.462+0000] {processor.py:925} INFO - DAG(s) 'Dag_detect_invalid_customer_ids' retrieved from /opt/airflow/dags/dag_detect_invalid_customer_ids.py
[2024-10-12T21:06:54.597+0000] {logging_mixin.py:190} INFO - [2024-10-12T21:06:54.597+0000] {dag.py:3229} INFO - Sync 1 DAGs
[2024-10-12T21:06:54.648+0000] {logging_mixin.py:190} INFO - [2024-10-12T21:06:54.647+0000] {dag.py:4156} INFO - Setting next_dagrun for Dag_detect_invalid_customer_ids to 2024-10-12 21:00:00+00:00, run_after=2024-10-12 21:15:00+00:00
[2024-10-12T21:06:54.693+0000] {processor.py:208} INFO - Processing /opt/airflow/dags/dag_detect_invalid_customer_ids.py took 0.726 seconds
[2024-10-12T21:07:24.927+0000] {processor.py:186} INFO - Started process (PID=4208) to work on /opt/airflow/dags/dag_detect_invalid_customer_ids.py
[2024-10-12T21:07:24.929+0000] {processor.py:914} INFO - Processing file /opt/airflow/dags/dag_detect_invalid_customer_ids.py for tasks to queue
[2024-10-12T21:07:24.932+0000] {logging_mixin.py:190} INFO - [2024-10-12T21:07:24.931+0000] {dagbag.py:587} INFO - Filling up the DagBag from /opt/airflow/dags/dag_detect_invalid_customer_ids.py
[2024-10-12T21:07:25.417+0000] {processor.py:925} INFO - DAG(s) 'Dag_detect_invalid_customer_ids' retrieved from /opt/airflow/dags/dag_detect_invalid_customer_ids.py
[2024-10-12T21:07:25.536+0000] {logging_mixin.py:190} INFO - [2024-10-12T21:07:25.535+0000] {dag.py:3229} INFO - Sync 1 DAGs
[2024-10-12T21:07:25.598+0000] {logging_mixin.py:190} INFO - [2024-10-12T21:07:25.598+0000] {dag.py:4156} INFO - Setting next_dagrun for Dag_detect_invalid_customer_ids to 2024-10-12 21:00:00+00:00, run_after=2024-10-12 21:15:00+00:00
[2024-10-12T21:07:25.653+0000] {processor.py:208} INFO - Processing /opt/airflow/dags/dag_detect_invalid_customer_ids.py took 0.738 seconds
[2024-10-12T21:07:56.045+0000] {processor.py:186} INFO - Started process (PID=4297) to work on /opt/airflow/dags/dag_detect_invalid_customer_ids.py
[2024-10-12T21:07:56.047+0000] {processor.py:914} INFO - Processing file /opt/airflow/dags/dag_detect_invalid_customer_ids.py for tasks to queue
[2024-10-12T21:07:56.050+0000] {logging_mixin.py:190} INFO - [2024-10-12T21:07:56.049+0000] {dagbag.py:587} INFO - Filling up the DagBag from /opt/airflow/dags/dag_detect_invalid_customer_ids.py
[2024-10-12T21:07:56.607+0000] {processor.py:925} INFO - DAG(s) 'Dag_detect_invalid_customer_ids' retrieved from /opt/airflow/dags/dag_detect_invalid_customer_ids.py
[2024-10-12T21:07:56.750+0000] {logging_mixin.py:190} INFO - [2024-10-12T21:07:56.749+0000] {dag.py:3229} INFO - Sync 1 DAGs
[2024-10-12T21:07:56.825+0000] {logging_mixin.py:190} INFO - [2024-10-12T21:07:56.824+0000] {dag.py:4156} INFO - Setting next_dagrun for Dag_detect_invalid_customer_ids to 2024-10-12 21:00:00+00:00, run_after=2024-10-12 21:15:00+00:00
[2024-10-12T21:07:56.879+0000] {processor.py:208} INFO - Processing /opt/airflow/dags/dag_detect_invalid_customer_ids.py took 0.846 seconds
[2024-10-12T21:08:27.389+0000] {processor.py:186} INFO - Started process (PID=4380) to work on /opt/airflow/dags/dag_detect_invalid_customer_ids.py
[2024-10-12T21:08:27.391+0000] {processor.py:914} INFO - Processing file /opt/airflow/dags/dag_detect_invalid_customer_ids.py for tasks to queue
[2024-10-12T21:08:27.393+0000] {logging_mixin.py:190} INFO - [2024-10-12T21:08:27.392+0000] {dagbag.py:587} INFO - Filling up the DagBag from /opt/airflow/dags/dag_detect_invalid_customer_ids.py
[2024-10-12T21:08:27.849+0000] {processor.py:925} INFO - DAG(s) 'Dag_detect_invalid_customer_ids' retrieved from /opt/airflow/dags/dag_detect_invalid_customer_ids.py
[2024-10-12T21:08:28.014+0000] {logging_mixin.py:190} INFO - [2024-10-12T21:08:28.014+0000] {dag.py:3229} INFO - Sync 1 DAGs
[2024-10-12T21:08:28.071+0000] {logging_mixin.py:190} INFO - [2024-10-12T21:08:28.070+0000] {dag.py:4156} INFO - Setting next_dagrun for Dag_detect_invalid_customer_ids to 2024-10-12 21:00:00+00:00, run_after=2024-10-12 21:15:00+00:00
[2024-10-12T21:08:28.134+0000] {processor.py:208} INFO - Processing /opt/airflow/dags/dag_detect_invalid_customer_ids.py took 0.754 seconds
[2024-10-12T21:08:58.936+0000] {processor.py:186} INFO - Started process (PID=4465) to work on /opt/airflow/dags/dag_detect_invalid_customer_ids.py
[2024-10-12T21:08:58.940+0000] {processor.py:914} INFO - Processing file /opt/airflow/dags/dag_detect_invalid_customer_ids.py for tasks to queue
[2024-10-12T21:08:58.946+0000] {logging_mixin.py:190} INFO - [2024-10-12T21:08:58.945+0000] {dagbag.py:587} INFO - Filling up the DagBag from /opt/airflow/dags/dag_detect_invalid_customer_ids.py
[2024-10-12T21:08:59.558+0000] {processor.py:925} INFO - DAG(s) 'Dag_detect_invalid_customer_ids' retrieved from /opt/airflow/dags/dag_detect_invalid_customer_ids.py
[2024-10-12T21:08:59.700+0000] {logging_mixin.py:190} INFO - [2024-10-12T21:08:59.700+0000] {dag.py:3229} INFO - Sync 1 DAGs
[2024-10-12T21:08:59.765+0000] {logging_mixin.py:190} INFO - [2024-10-12T21:08:59.765+0000] {dag.py:4156} INFO - Setting next_dagrun for Dag_detect_invalid_customer_ids to 2024-10-12 21:00:00+00:00, run_after=2024-10-12 21:15:00+00:00
[2024-10-12T21:08:59.819+0000] {processor.py:208} INFO - Processing /opt/airflow/dags/dag_detect_invalid_customer_ids.py took 0.924 seconds
[2024-10-12T21:09:30.060+0000] {processor.py:186} INFO - Started process (PID=4555) to work on /opt/airflow/dags/dag_detect_invalid_customer_ids.py
[2024-10-12T21:09:30.061+0000] {processor.py:914} INFO - Processing file /opt/airflow/dags/dag_detect_invalid_customer_ids.py for tasks to queue
[2024-10-12T21:09:30.063+0000] {logging_mixin.py:190} INFO - [2024-10-12T21:09:30.062+0000] {dagbag.py:587} INFO - Filling up the DagBag from /opt/airflow/dags/dag_detect_invalid_customer_ids.py
[2024-10-12T21:09:30.495+0000] {processor.py:925} INFO - DAG(s) 'Dag_detect_invalid_customer_ids' retrieved from /opt/airflow/dags/dag_detect_invalid_customer_ids.py
[2024-10-12T21:09:30.638+0000] {logging_mixin.py:190} INFO - [2024-10-12T21:09:30.637+0000] {dag.py:3229} INFO - Sync 1 DAGs
[2024-10-12T21:09:30.718+0000] {logging_mixin.py:190} INFO - [2024-10-12T21:09:30.717+0000] {dag.py:4156} INFO - Setting next_dagrun for Dag_detect_invalid_customer_ids to 2024-10-12 21:00:00+00:00, run_after=2024-10-12 21:15:00+00:00
[2024-10-12T21:09:30.786+0000] {processor.py:208} INFO - Processing /opt/airflow/dags/dag_detect_invalid_customer_ids.py took 0.744 seconds
[2024-10-12T21:10:05.180+0000] {processor.py:186} INFO - Started process (PID=4657) to work on /opt/airflow/dags/dag_detect_invalid_customer_ids.py
[2024-10-12T21:10:05.184+0000] {processor.py:914} INFO - Processing file /opt/airflow/dags/dag_detect_invalid_customer_ids.py for tasks to queue
[2024-10-12T21:10:05.191+0000] {logging_mixin.py:190} INFO - [2024-10-12T21:10:05.190+0000] {dagbag.py:587} INFO - Filling up the DagBag from /opt/airflow/dags/dag_detect_invalid_customer_ids.py
[2024-10-12T21:10:07.766+0000] {processor.py:925} INFO - DAG(s) 'Dag_detect_invalid_customer_ids' retrieved from /opt/airflow/dags/dag_detect_invalid_customer_ids.py
[2024-10-12T21:10:09.304+0000] {logging_mixin.py:190} INFO - [2024-10-12T21:10:09.301+0000] {dag.py:3229} INFO - Sync 1 DAGs
[2024-10-12T21:10:09.659+0000] {logging_mixin.py:190} INFO - [2024-10-12T21:10:09.657+0000] {dag.py:4156} INFO - Setting next_dagrun for Dag_detect_invalid_customer_ids to 2024-10-12 21:00:00+00:00, run_after=2024-10-12 21:15:00+00:00
[2024-10-12T21:10:09.850+0000] {processor.py:208} INFO - Processing /opt/airflow/dags/dag_detect_invalid_customer_ids.py took 4.703 seconds
[2024-10-12T21:10:40.448+0000] {processor.py:186} INFO - Started process (PID=4765) to work on /opt/airflow/dags/dag_detect_invalid_customer_ids.py
[2024-10-12T21:10:40.449+0000] {processor.py:914} INFO - Processing file /opt/airflow/dags/dag_detect_invalid_customer_ids.py for tasks to queue
[2024-10-12T21:10:40.451+0000] {logging_mixin.py:190} INFO - [2024-10-12T21:10:40.451+0000] {dagbag.py:587} INFO - Filling up the DagBag from /opt/airflow/dags/dag_detect_invalid_customer_ids.py
[2024-10-12T21:10:40.871+0000] {processor.py:925} INFO - DAG(s) 'Dag_detect_invalid_customer_ids' retrieved from /opt/airflow/dags/dag_detect_invalid_customer_ids.py
[2024-10-12T21:10:41.109+0000] {logging_mixin.py:190} INFO - [2024-10-12T21:10:41.109+0000] {dag.py:3229} INFO - Sync 1 DAGs
[2024-10-12T21:10:41.369+0000] {logging_mixin.py:190} INFO - [2024-10-12T21:10:41.368+0000] {dag.py:4156} INFO - Setting next_dagrun for Dag_detect_invalid_customer_ids to 2024-10-12 21:00:00+00:00, run_after=2024-10-12 21:15:00+00:00
[2024-10-12T21:10:41.408+0000] {processor.py:208} INFO - Processing /opt/airflow/dags/dag_detect_invalid_customer_ids.py took 0.970 seconds
[2024-10-12T21:11:11.698+0000] {processor.py:186} INFO - Started process (PID=4850) to work on /opt/airflow/dags/dag_detect_invalid_customer_ids.py
[2024-10-12T21:11:11.700+0000] {processor.py:914} INFO - Processing file /opt/airflow/dags/dag_detect_invalid_customer_ids.py for tasks to queue
[2024-10-12T21:11:11.702+0000] {logging_mixin.py:190} INFO - [2024-10-12T21:11:11.702+0000] {dagbag.py:587} INFO - Filling up the DagBag from /opt/airflow/dags/dag_detect_invalid_customer_ids.py
[2024-10-12T21:11:12.069+0000] {processor.py:925} INFO - DAG(s) 'Dag_detect_invalid_customer_ids' retrieved from /opt/airflow/dags/dag_detect_invalid_customer_ids.py
[2024-10-12T21:11:12.185+0000] {logging_mixin.py:190} INFO - [2024-10-12T21:11:12.184+0000] {dag.py:3229} INFO - Sync 1 DAGs
[2024-10-12T21:11:12.235+0000] {logging_mixin.py:190} INFO - [2024-10-12T21:11:12.234+0000] {dag.py:4156} INFO - Setting next_dagrun for Dag_detect_invalid_customer_ids to 2024-10-12 21:00:00+00:00, run_after=2024-10-12 21:15:00+00:00
[2024-10-12T21:11:12.285+0000] {processor.py:208} INFO - Processing /opt/airflow/dags/dag_detect_invalid_customer_ids.py took 0.595 seconds
[2024-10-12T21:11:42.870+0000] {processor.py:186} INFO - Started process (PID=4935) to work on /opt/airflow/dags/dag_detect_invalid_customer_ids.py
[2024-10-12T21:11:42.872+0000] {processor.py:914} INFO - Processing file /opt/airflow/dags/dag_detect_invalid_customer_ids.py for tasks to queue
[2024-10-12T21:11:42.876+0000] {logging_mixin.py:190} INFO - [2024-10-12T21:11:42.875+0000] {dagbag.py:587} INFO - Filling up the DagBag from /opt/airflow/dags/dag_detect_invalid_customer_ids.py
[2024-10-12T21:11:43.471+0000] {processor.py:925} INFO - DAG(s) 'Dag_detect_invalid_customer_ids' retrieved from /opt/airflow/dags/dag_detect_invalid_customer_ids.py
[2024-10-12T21:11:43.877+0000] {logging_mixin.py:190} INFO - [2024-10-12T21:11:43.876+0000] {dag.py:3229} INFO - Sync 1 DAGs
[2024-10-12T21:11:43.955+0000] {logging_mixin.py:190} INFO - [2024-10-12T21:11:43.955+0000] {dag.py:4156} INFO - Setting next_dagrun for Dag_detect_invalid_customer_ids to 2024-10-12 21:00:00+00:00, run_after=2024-10-12 21:15:00+00:00
[2024-10-12T21:11:44.020+0000] {processor.py:208} INFO - Processing /opt/airflow/dags/dag_detect_invalid_customer_ids.py took 1.162 seconds
