[2024-10-12T20:42:06.404+0000] {processor.py:186} INFO - Started process (PID=317) to work on /opt/airflow/dags/dag_Null_Value_inAll_Tables.py
[2024-10-12T20:42:06.406+0000] {processor.py:914} INFO - Processing file /opt/airflow/dags/dag_Null_Value_inAll_Tables.py for tasks to queue
[2024-10-12T20:42:06.408+0000] {logging_mixin.py:190} INFO - [2024-10-12T20:42:06.408+0000] {dagbag.py:587} INFO - Filling up the DagBag from /opt/airflow/dags/dag_Null_Value_inAll_Tables.py
[2024-10-12T20:42:07.112+0000] {processor.py:925} INFO - DAG(s) 'dag_Null_Value_inAll_Tables' retrieved from /opt/airflow/dags/dag_Null_Value_inAll_Tables.py
[2024-10-12T20:42:07.246+0000] {logging_mixin.py:190} INFO - [2024-10-12T20:42:07.245+0000] {dag.py:3229} INFO - Sync 1 DAGs
[2024-10-12T20:42:07.283+0000] {logging_mixin.py:190} INFO - [2024-10-12T20:42:07.283+0000] {dag.py:4156} INFO - Setting next_dagrun for dag_Null_Value_inAll_Tables to 2024-10-12 20:30:00+00:00, run_after=2024-10-12 20:45:00+00:00
[2024-10-12T20:42:07.320+0000] {processor.py:208} INFO - Processing /opt/airflow/dags/dag_Null_Value_inAll_Tables.py took 0.925 seconds
[2024-10-12T20:42:37.476+0000] {processor.py:186} INFO - Started process (PID=402) to work on /opt/airflow/dags/dag_Null_Value_inAll_Tables.py
[2024-10-12T20:42:37.481+0000] {processor.py:914} INFO - Processing file /opt/airflow/dags/dag_Null_Value_inAll_Tables.py for tasks to queue
[2024-10-12T20:42:37.482+0000] {logging_mixin.py:190} INFO - [2024-10-12T20:42:37.482+0000] {dagbag.py:587} INFO - Filling up the DagBag from /opt/airflow/dags/dag_Null_Value_inAll_Tables.py
[2024-10-12T20:42:38.082+0000] {processor.py:925} INFO - DAG(s) 'dag_Null_Value_inAll_Tables' retrieved from /opt/airflow/dags/dag_Null_Value_inAll_Tables.py
[2024-10-12T20:42:38.380+0000] {logging_mixin.py:190} INFO - [2024-10-12T20:42:38.379+0000] {dag.py:3229} INFO - Sync 1 DAGs
[2024-10-12T20:42:38.457+0000] {logging_mixin.py:190} INFO - [2024-10-12T20:42:38.457+0000] {dag.py:4156} INFO - Setting next_dagrun for dag_Null_Value_inAll_Tables to 2024-10-12 20:30:00+00:00, run_after=2024-10-12 20:45:00+00:00
[2024-10-12T20:42:38.527+0000] {processor.py:208} INFO - Processing /opt/airflow/dags/dag_Null_Value_inAll_Tables.py took 1.057 seconds
[2024-10-12T20:43:09.166+0000] {processor.py:186} INFO - Started process (PID=487) to work on /opt/airflow/dags/dag_Null_Value_inAll_Tables.py
[2024-10-12T20:43:09.168+0000] {processor.py:914} INFO - Processing file /opt/airflow/dags/dag_Null_Value_inAll_Tables.py for tasks to queue
[2024-10-12T20:43:09.170+0000] {logging_mixin.py:190} INFO - [2024-10-12T20:43:09.169+0000] {dagbag.py:587} INFO - Filling up the DagBag from /opt/airflow/dags/dag_Null_Value_inAll_Tables.py
[2024-10-12T20:43:09.886+0000] {processor.py:925} INFO - DAG(s) 'dag_Null_Value_inAll_Tables' retrieved from /opt/airflow/dags/dag_Null_Value_inAll_Tables.py
[2024-10-12T20:43:10.079+0000] {logging_mixin.py:190} INFO - [2024-10-12T20:43:10.079+0000] {dag.py:3229} INFO - Sync 1 DAGs
[2024-10-12T20:43:10.130+0000] {logging_mixin.py:190} INFO - [2024-10-12T20:43:10.129+0000] {dag.py:4156} INFO - Setting next_dagrun for dag_Null_Value_inAll_Tables to 2024-10-12 20:30:00+00:00, run_after=2024-10-12 20:45:00+00:00
[2024-10-12T20:43:10.175+0000] {processor.py:208} INFO - Processing /opt/airflow/dags/dag_Null_Value_inAll_Tables.py took 1.018 seconds
[2024-10-12T20:43:42.550+0000] {processor.py:186} INFO - Started process (PID=584) to work on /opt/airflow/dags/dag_Null_Value_inAll_Tables.py
[2024-10-12T20:43:42.552+0000] {processor.py:914} INFO - Processing file /opt/airflow/dags/dag_Null_Value_inAll_Tables.py for tasks to queue
[2024-10-12T20:43:42.555+0000] {logging_mixin.py:190} INFO - [2024-10-12T20:43:42.554+0000] {dagbag.py:587} INFO - Filling up the DagBag from /opt/airflow/dags/dag_Null_Value_inAll_Tables.py
[2024-10-12T20:43:43.498+0000] {processor.py:925} INFO - DAG(s) 'dag_Null_Value_inAll_Tables' retrieved from /opt/airflow/dags/dag_Null_Value_inAll_Tables.py
[2024-10-12T20:43:43.645+0000] {logging_mixin.py:190} INFO - [2024-10-12T20:43:43.643+0000] {dag.py:3229} INFO - Sync 1 DAGs
[2024-10-12T20:43:43.732+0000] {logging_mixin.py:190} INFO - [2024-10-12T20:43:43.731+0000] {dag.py:4156} INFO - Setting next_dagrun for dag_Null_Value_inAll_Tables to 2024-10-12 20:30:00+00:00, run_after=2024-10-12 20:45:00+00:00
[2024-10-12T20:43:43.781+0000] {processor.py:208} INFO - Processing /opt/airflow/dags/dag_Null_Value_inAll_Tables.py took 1.246 seconds
[2024-10-12T20:44:14.433+0000] {processor.py:186} INFO - Started process (PID=667) to work on /opt/airflow/dags/dag_Null_Value_inAll_Tables.py
[2024-10-12T20:44:14.437+0000] {processor.py:914} INFO - Processing file /opt/airflow/dags/dag_Null_Value_inAll_Tables.py for tasks to queue
[2024-10-12T20:44:14.439+0000] {logging_mixin.py:190} INFO - [2024-10-12T20:44:14.438+0000] {dagbag.py:587} INFO - Filling up the DagBag from /opt/airflow/dags/dag_Null_Value_inAll_Tables.py
[2024-10-12T20:44:15.247+0000] {processor.py:925} INFO - DAG(s) 'dag_Null_Value_inAll_Tables' retrieved from /opt/airflow/dags/dag_Null_Value_inAll_Tables.py
[2024-10-12T20:44:15.385+0000] {logging_mixin.py:190} INFO - [2024-10-12T20:44:15.385+0000] {dag.py:3229} INFO - Sync 1 DAGs
[2024-10-12T20:44:15.435+0000] {logging_mixin.py:190} INFO - [2024-10-12T20:44:15.434+0000] {dag.py:4156} INFO - Setting next_dagrun for dag_Null_Value_inAll_Tables to 2024-10-12 20:30:00+00:00, run_after=2024-10-12 20:45:00+00:00
[2024-10-12T20:44:15.474+0000] {processor.py:208} INFO - Processing /opt/airflow/dags/dag_Null_Value_inAll_Tables.py took 1.051 seconds
[2024-10-12T20:44:46.221+0000] {processor.py:186} INFO - Started process (PID=752) to work on /opt/airflow/dags/dag_Null_Value_inAll_Tables.py
[2024-10-12T20:44:46.224+0000] {processor.py:914} INFO - Processing file /opt/airflow/dags/dag_Null_Value_inAll_Tables.py for tasks to queue
[2024-10-12T20:44:46.226+0000] {logging_mixin.py:190} INFO - [2024-10-12T20:44:46.225+0000] {dagbag.py:587} INFO - Filling up the DagBag from /opt/airflow/dags/dag_Null_Value_inAll_Tables.py
[2024-10-12T20:44:46.923+0000] {processor.py:925} INFO - DAG(s) 'dag_Null_Value_inAll_Tables' retrieved from /opt/airflow/dags/dag_Null_Value_inAll_Tables.py
[2024-10-12T20:44:47.073+0000] {logging_mixin.py:190} INFO - [2024-10-12T20:44:47.073+0000] {dag.py:3229} INFO - Sync 1 DAGs
[2024-10-12T20:44:47.113+0000] {logging_mixin.py:190} INFO - [2024-10-12T20:44:47.113+0000] {dag.py:4156} INFO - Setting next_dagrun for dag_Null_Value_inAll_Tables to 2024-10-12 20:30:00+00:00, run_after=2024-10-12 20:45:00+00:00
[2024-10-12T20:44:47.145+0000] {processor.py:208} INFO - Processing /opt/airflow/dags/dag_Null_Value_inAll_Tables.py took 0.933 seconds
[2024-10-12T20:45:56.116+0000] {processor.py:186} INFO - Started process (PID=875) to work on /opt/airflow/dags/dag_Null_Value_inAll_Tables.py
[2024-10-12T20:45:56.117+0000] {processor.py:914} INFO - Processing file /opt/airflow/dags/dag_Null_Value_inAll_Tables.py for tasks to queue
[2024-10-12T20:45:56.119+0000] {logging_mixin.py:190} INFO - [2024-10-12T20:45:56.119+0000] {dagbag.py:587} INFO - Filling up the DagBag from /opt/airflow/dags/dag_Null_Value_inAll_Tables.py
[2024-10-12T20:45:56.993+0000] {processor.py:925} INFO - DAG(s) 'dag_Null_Value_inAll_Tables' retrieved from /opt/airflow/dags/dag_Null_Value_inAll_Tables.py
[2024-10-12T20:45:57.188+0000] {logging_mixin.py:190} INFO - [2024-10-12T20:45:57.188+0000] {dag.py:3229} INFO - Sync 1 DAGs
[2024-10-12T20:45:57.263+0000] {logging_mixin.py:190} INFO - [2024-10-12T20:45:57.262+0000] {dag.py:4156} INFO - Setting next_dagrun for dag_Null_Value_inAll_Tables to 2024-10-12 20:45:00+00:00, run_after=2024-10-12 21:00:00+00:00
[2024-10-12T20:45:57.321+0000] {processor.py:208} INFO - Processing /opt/airflow/dags/dag_Null_Value_inAll_Tables.py took 1.215 seconds
[2024-10-12T20:46:27.662+0000] {processor.py:186} INFO - Started process (PID=960) to work on /opt/airflow/dags/dag_Null_Value_inAll_Tables.py
[2024-10-12T20:46:27.664+0000] {processor.py:914} INFO - Processing file /opt/airflow/dags/dag_Null_Value_inAll_Tables.py for tasks to queue
[2024-10-12T20:46:27.666+0000] {logging_mixin.py:190} INFO - [2024-10-12T20:46:27.665+0000] {dagbag.py:587} INFO - Filling up the DagBag from /opt/airflow/dags/dag_Null_Value_inAll_Tables.py
[2024-10-12T20:46:28.302+0000] {processor.py:925} INFO - DAG(s) 'dag_Null_Value_inAll_Tables' retrieved from /opt/airflow/dags/dag_Null_Value_inAll_Tables.py
[2024-10-12T20:46:28.445+0000] {logging_mixin.py:190} INFO - [2024-10-12T20:46:28.444+0000] {dag.py:3229} INFO - Sync 1 DAGs
[2024-10-12T20:46:28.499+0000] {logging_mixin.py:190} INFO - [2024-10-12T20:46:28.499+0000] {dag.py:4156} INFO - Setting next_dagrun for dag_Null_Value_inAll_Tables to 2024-10-12 20:45:00+00:00, run_after=2024-10-12 21:00:00+00:00
[2024-10-12T20:46:28.543+0000] {processor.py:208} INFO - Processing /opt/airflow/dags/dag_Null_Value_inAll_Tables.py took 0.890 seconds
[2024-10-12T20:47:16.234+0000] {processor.py:186} INFO - Started process (PID=1102) to work on /opt/airflow/dags/dag_Null_Value_inAll_Tables.py
[2024-10-12T20:47:16.331+0000] {processor.py:914} INFO - Processing file /opt/airflow/dags/dag_Null_Value_inAll_Tables.py for tasks to queue
[2024-10-12T20:47:16.376+0000] {logging_mixin.py:190} INFO - [2024-10-12T20:47:16.370+0000] {dagbag.py:587} INFO - Filling up the DagBag from /opt/airflow/dags/dag_Null_Value_inAll_Tables.py
[2024-10-12T20:47:30.635+0000] {processor.py:925} INFO - DAG(s) 'dag_Null_Value_inAll_Tables' retrieved from /opt/airflow/dags/dag_Null_Value_inAll_Tables.py
[2024-10-12T20:47:31.265+0000] {logging_mixin.py:190} INFO - [2024-10-12T20:47:31.257+0000] {dag.py:3229} INFO - Sync 1 DAGs
[2024-10-12T20:47:31.426+0000] {logging_mixin.py:190} INFO - [2024-10-12T20:47:31.425+0000] {dag.py:4156} INFO - Setting next_dagrun for dag_Null_Value_inAll_Tables to 2024-10-12 20:45:00+00:00, run_after=2024-10-12 21:00:00+00:00
[2024-10-12T20:47:31.549+0000] {processor.py:208} INFO - Processing /opt/airflow/dags/dag_Null_Value_inAll_Tables.py took 16.369 seconds
[2024-10-12T20:48:01.852+0000] {processor.py:186} INFO - Started process (PID=1204) to work on /opt/airflow/dags/dag_Null_Value_inAll_Tables.py
[2024-10-12T20:48:01.854+0000] {processor.py:914} INFO - Processing file /opt/airflow/dags/dag_Null_Value_inAll_Tables.py for tasks to queue
[2024-10-12T20:48:01.856+0000] {logging_mixin.py:190} INFO - [2024-10-12T20:48:01.855+0000] {dagbag.py:587} INFO - Filling up the DagBag from /opt/airflow/dags/dag_Null_Value_inAll_Tables.py
[2024-10-12T20:48:02.652+0000] {processor.py:925} INFO - DAG(s) 'dag_Null_Value_inAll_Tables' retrieved from /opt/airflow/dags/dag_Null_Value_inAll_Tables.py
[2024-10-12T20:48:02.797+0000] {logging_mixin.py:190} INFO - [2024-10-12T20:48:02.796+0000] {dag.py:3229} INFO - Sync 1 DAGs
[2024-10-12T20:48:02.842+0000] {logging_mixin.py:190} INFO - [2024-10-12T20:48:02.841+0000] {dag.py:4156} INFO - Setting next_dagrun for dag_Null_Value_inAll_Tables to 2024-10-12 20:45:00+00:00, run_after=2024-10-12 21:00:00+00:00
[2024-10-12T20:48:02.886+0000] {processor.py:208} INFO - Processing /opt/airflow/dags/dag_Null_Value_inAll_Tables.py took 1.046 seconds
[2024-10-12T20:48:33.563+0000] {processor.py:186} INFO - Started process (PID=1289) to work on /opt/airflow/dags/dag_Null_Value_inAll_Tables.py
[2024-10-12T20:48:33.565+0000] {processor.py:914} INFO - Processing file /opt/airflow/dags/dag_Null_Value_inAll_Tables.py for tasks to queue
[2024-10-12T20:48:33.567+0000] {logging_mixin.py:190} INFO - [2024-10-12T20:48:33.567+0000] {dagbag.py:587} INFO - Filling up the DagBag from /opt/airflow/dags/dag_Null_Value_inAll_Tables.py
[2024-10-12T20:48:34.122+0000] {processor.py:925} INFO - DAG(s) 'dag_Null_Value_inAll_Tables' retrieved from /opt/airflow/dags/dag_Null_Value_inAll_Tables.py
[2024-10-12T20:48:34.274+0000] {logging_mixin.py:190} INFO - [2024-10-12T20:48:34.272+0000] {dag.py:3229} INFO - Sync 1 DAGs
[2024-10-12T20:48:34.329+0000] {logging_mixin.py:190} INFO - [2024-10-12T20:48:34.328+0000] {dag.py:4156} INFO - Setting next_dagrun for dag_Null_Value_inAll_Tables to 2024-10-12 20:45:00+00:00, run_after=2024-10-12 21:00:00+00:00
[2024-10-12T20:48:34.379+0000] {processor.py:208} INFO - Processing /opt/airflow/dags/dag_Null_Value_inAll_Tables.py took 0.826 seconds
[2024-10-12T20:49:04.662+0000] {processor.py:186} INFO - Started process (PID=1374) to work on /opt/airflow/dags/dag_Null_Value_inAll_Tables.py
[2024-10-12T20:49:04.668+0000] {processor.py:914} INFO - Processing file /opt/airflow/dags/dag_Null_Value_inAll_Tables.py for tasks to queue
[2024-10-12T20:49:04.678+0000] {logging_mixin.py:190} INFO - [2024-10-12T20:49:04.673+0000] {dagbag.py:587} INFO - Filling up the DagBag from /opt/airflow/dags/dag_Null_Value_inAll_Tables.py
[2024-10-12T20:49:05.558+0000] {processor.py:925} INFO - DAG(s) 'dag_Null_Value_inAll_Tables' retrieved from /opt/airflow/dags/dag_Null_Value_inAll_Tables.py
[2024-10-12T20:49:05.723+0000] {logging_mixin.py:190} INFO - [2024-10-12T20:49:05.722+0000] {dag.py:3229} INFO - Sync 1 DAGs
[2024-10-12T20:49:05.815+0000] {logging_mixin.py:190} INFO - [2024-10-12T20:49:05.815+0000] {dag.py:4156} INFO - Setting next_dagrun for dag_Null_Value_inAll_Tables to 2024-10-12 20:45:00+00:00, run_after=2024-10-12 21:00:00+00:00
[2024-10-12T20:49:05.891+0000] {processor.py:208} INFO - Processing /opt/airflow/dags/dag_Null_Value_inAll_Tables.py took 1.268 seconds
[2024-10-12T20:49:36.186+0000] {processor.py:186} INFO - Started process (PID=1459) to work on /opt/airflow/dags/dag_Null_Value_inAll_Tables.py
[2024-10-12T20:49:36.187+0000] {processor.py:914} INFO - Processing file /opt/airflow/dags/dag_Null_Value_inAll_Tables.py for tasks to queue
[2024-10-12T20:49:36.190+0000] {logging_mixin.py:190} INFO - [2024-10-12T20:49:36.189+0000] {dagbag.py:587} INFO - Filling up the DagBag from /opt/airflow/dags/dag_Null_Value_inAll_Tables.py
[2024-10-12T20:49:36.886+0000] {processor.py:925} INFO - DAG(s) 'dag_Null_Value_inAll_Tables' retrieved from /opt/airflow/dags/dag_Null_Value_inAll_Tables.py
[2024-10-12T20:49:37.078+0000] {logging_mixin.py:190} INFO - [2024-10-12T20:49:37.078+0000] {dag.py:3229} INFO - Sync 1 DAGs
[2024-10-12T20:49:37.177+0000] {logging_mixin.py:190} INFO - [2024-10-12T20:49:37.177+0000] {dag.py:4156} INFO - Setting next_dagrun for dag_Null_Value_inAll_Tables to 2024-10-12 20:45:00+00:00, run_after=2024-10-12 21:00:00+00:00
[2024-10-12T20:49:37.232+0000] {processor.py:208} INFO - Processing /opt/airflow/dags/dag_Null_Value_inAll_Tables.py took 1.056 seconds
[2024-10-12T20:50:07.938+0000] {processor.py:186} INFO - Started process (PID=1568) to work on /opt/airflow/dags/dag_Null_Value_inAll_Tables.py
[2024-10-12T20:50:07.940+0000] {processor.py:914} INFO - Processing file /opt/airflow/dags/dag_Null_Value_inAll_Tables.py for tasks to queue
[2024-10-12T20:50:07.946+0000] {logging_mixin.py:190} INFO - [2024-10-12T20:50:07.944+0000] {dagbag.py:587} INFO - Filling up the DagBag from /opt/airflow/dags/dag_Null_Value_inAll_Tables.py
[2024-10-12T20:50:11.128+0000] {processor.py:925} INFO - DAG(s) 'dag_Null_Value_inAll_Tables' retrieved from /opt/airflow/dags/dag_Null_Value_inAll_Tables.py
[2024-10-12T20:50:12.413+0000] {logging_mixin.py:190} INFO - [2024-10-12T20:50:12.410+0000] {dag.py:3229} INFO - Sync 1 DAGs
[2024-10-12T20:50:12.662+0000] {logging_mixin.py:190} INFO - [2024-10-12T20:50:12.661+0000] {dag.py:4156} INFO - Setting next_dagrun for dag_Null_Value_inAll_Tables to 2024-10-12 20:45:00+00:00, run_after=2024-10-12 21:00:00+00:00
[2024-10-12T20:50:12.848+0000] {processor.py:208} INFO - Processing /opt/airflow/dags/dag_Null_Value_inAll_Tables.py took 4.951 seconds
[2024-10-12T20:50:43.095+0000] {processor.py:186} INFO - Started process (PID=1666) to work on /opt/airflow/dags/dag_Null_Value_inAll_Tables.py
[2024-10-12T20:50:43.098+0000] {processor.py:914} INFO - Processing file /opt/airflow/dags/dag_Null_Value_inAll_Tables.py for tasks to queue
[2024-10-12T20:50:43.100+0000] {logging_mixin.py:190} INFO - [2024-10-12T20:50:43.100+0000] {dagbag.py:587} INFO - Filling up the DagBag from /opt/airflow/dags/dag_Null_Value_inAll_Tables.py
[2024-10-12T20:50:43.521+0000] {processor.py:925} INFO - DAG(s) 'dag_Null_Value_inAll_Tables' retrieved from /opt/airflow/dags/dag_Null_Value_inAll_Tables.py
[2024-10-12T20:50:43.812+0000] {logging_mixin.py:190} INFO - [2024-10-12T20:50:43.812+0000] {dag.py:3229} INFO - Sync 1 DAGs
[2024-10-12T20:50:43.883+0000] {logging_mixin.py:190} INFO - [2024-10-12T20:50:43.882+0000] {dag.py:4156} INFO - Setting next_dagrun for dag_Null_Value_inAll_Tables to 2024-10-12 20:45:00+00:00, run_after=2024-10-12 21:00:00+00:00
[2024-10-12T20:50:43.929+0000] {processor.py:208} INFO - Processing /opt/airflow/dags/dag_Null_Value_inAll_Tables.py took 0.847 seconds
[2024-10-12T20:52:06.137+0000] {processor.py:186} INFO - Started process (PID=1812) to work on /opt/airflow/dags/dag_Null_Value_inAll_Tables.py
[2024-10-12T20:52:06.139+0000] {processor.py:914} INFO - Processing file /opt/airflow/dags/dag_Null_Value_inAll_Tables.py for tasks to queue
[2024-10-12T20:52:06.141+0000] {logging_mixin.py:190} INFO - [2024-10-12T20:52:06.140+0000] {dagbag.py:587} INFO - Filling up the DagBag from /opt/airflow/dags/dag_Null_Value_inAll_Tables.py
[2024-10-12T20:52:06.506+0000] {processor.py:925} INFO - DAG(s) 'dag_Null_Value_inAll_Tables' retrieved from /opt/airflow/dags/dag_Null_Value_inAll_Tables.py
[2024-10-12T20:52:06.694+0000] {logging_mixin.py:190} INFO - [2024-10-12T20:52:06.693+0000] {dag.py:3229} INFO - Sync 1 DAGs
[2024-10-12T20:52:06.733+0000] {logging_mixin.py:190} INFO - [2024-10-12T20:52:06.733+0000] {dag.py:4156} INFO - Setting next_dagrun for dag_Null_Value_inAll_Tables to 2024-10-12 20:45:00+00:00, run_after=2024-10-12 21:00:00+00:00
[2024-10-12T20:52:06.766+0000] {processor.py:208} INFO - Processing /opt/airflow/dags/dag_Null_Value_inAll_Tables.py took 0.639 seconds
[2024-10-12T20:52:37.518+0000] {processor.py:186} INFO - Started process (PID=1897) to work on /opt/airflow/dags/dag_Null_Value_inAll_Tables.py
[2024-10-12T20:52:37.522+0000] {processor.py:914} INFO - Processing file /opt/airflow/dags/dag_Null_Value_inAll_Tables.py for tasks to queue
[2024-10-12T20:52:37.526+0000] {logging_mixin.py:190} INFO - [2024-10-12T20:52:37.525+0000] {dagbag.py:587} INFO - Filling up the DagBag from /opt/airflow/dags/dag_Null_Value_inAll_Tables.py
[2024-10-12T20:52:38.116+0000] {processor.py:925} INFO - DAG(s) 'dag_Null_Value_inAll_Tables' retrieved from /opt/airflow/dags/dag_Null_Value_inAll_Tables.py
[2024-10-12T20:52:38.265+0000] {logging_mixin.py:190} INFO - [2024-10-12T20:52:38.264+0000] {dag.py:3229} INFO - Sync 1 DAGs
[2024-10-12T20:52:38.330+0000] {logging_mixin.py:190} INFO - [2024-10-12T20:52:38.329+0000] {dag.py:4156} INFO - Setting next_dagrun for dag_Null_Value_inAll_Tables to 2024-10-12 20:45:00+00:00, run_after=2024-10-12 21:00:00+00:00
[2024-10-12T20:52:38.375+0000] {processor.py:208} INFO - Processing /opt/airflow/dags/dag_Null_Value_inAll_Tables.py took 0.873 seconds
[2024-10-12T20:53:09.000+0000] {processor.py:186} INFO - Started process (PID=1984) to work on /opt/airflow/dags/dag_Null_Value_inAll_Tables.py
[2024-10-12T20:53:09.002+0000] {processor.py:914} INFO - Processing file /opt/airflow/dags/dag_Null_Value_inAll_Tables.py for tasks to queue
[2024-10-12T20:53:09.004+0000] {logging_mixin.py:190} INFO - [2024-10-12T20:53:09.004+0000] {dagbag.py:587} INFO - Filling up the DagBag from /opt/airflow/dags/dag_Null_Value_inAll_Tables.py
[2024-10-12T20:53:09.503+0000] {processor.py:925} INFO - DAG(s) 'dag_Null_Value_inAll_Tables' retrieved from /opt/airflow/dags/dag_Null_Value_inAll_Tables.py
[2024-10-12T20:53:09.650+0000] {logging_mixin.py:190} INFO - [2024-10-12T20:53:09.649+0000] {dag.py:3229} INFO - Sync 1 DAGs
[2024-10-12T20:53:09.702+0000] {logging_mixin.py:190} INFO - [2024-10-12T20:53:09.702+0000] {dag.py:4156} INFO - Setting next_dagrun for dag_Null_Value_inAll_Tables to 2024-10-12 20:45:00+00:00, run_after=2024-10-12 21:00:00+00:00
[2024-10-12T20:53:09.770+0000] {processor.py:208} INFO - Processing /opt/airflow/dags/dag_Null_Value_inAll_Tables.py took 0.779 seconds
[2024-10-12T20:53:40.291+0000] {processor.py:186} INFO - Started process (PID=2067) to work on /opt/airflow/dags/dag_Null_Value_inAll_Tables.py
[2024-10-12T20:53:40.292+0000] {processor.py:914} INFO - Processing file /opt/airflow/dags/dag_Null_Value_inAll_Tables.py for tasks to queue
[2024-10-12T20:53:40.295+0000] {logging_mixin.py:190} INFO - [2024-10-12T20:53:40.294+0000] {dagbag.py:587} INFO - Filling up the DagBag from /opt/airflow/dags/dag_Null_Value_inAll_Tables.py
[2024-10-12T20:53:40.699+0000] {processor.py:925} INFO - DAG(s) 'dag_Null_Value_inAll_Tables' retrieved from /opt/airflow/dags/dag_Null_Value_inAll_Tables.py
[2024-10-12T20:53:40.960+0000] {logging_mixin.py:190} INFO - [2024-10-12T20:53:40.960+0000] {dag.py:3229} INFO - Sync 1 DAGs
[2024-10-12T20:53:41.012+0000] {logging_mixin.py:190} INFO - [2024-10-12T20:53:41.012+0000] {dag.py:4156} INFO - Setting next_dagrun for dag_Null_Value_inAll_Tables to 2024-10-12 20:45:00+00:00, run_after=2024-10-12 21:00:00+00:00
[2024-10-12T20:53:41.058+0000] {processor.py:208} INFO - Processing /opt/airflow/dags/dag_Null_Value_inAll_Tables.py took 0.781 seconds
[2024-10-12T20:54:11.427+0000] {processor.py:186} INFO - Started process (PID=2154) to work on /opt/airflow/dags/dag_Null_Value_inAll_Tables.py
[2024-10-12T20:54:11.429+0000] {processor.py:914} INFO - Processing file /opt/airflow/dags/dag_Null_Value_inAll_Tables.py for tasks to queue
[2024-10-12T20:54:11.431+0000] {logging_mixin.py:190} INFO - [2024-10-12T20:54:11.431+0000] {dagbag.py:587} INFO - Filling up the DagBag from /opt/airflow/dags/dag_Null_Value_inAll_Tables.py
[2024-10-12T20:54:11.803+0000] {processor.py:925} INFO - DAG(s) 'dag_Null_Value_inAll_Tables' retrieved from /opt/airflow/dags/dag_Null_Value_inAll_Tables.py
[2024-10-12T20:54:12.002+0000] {logging_mixin.py:190} INFO - [2024-10-12T20:54:12.002+0000] {dag.py:3229} INFO - Sync 1 DAGs
[2024-10-12T20:54:12.057+0000] {logging_mixin.py:190} INFO - [2024-10-12T20:54:12.057+0000] {dag.py:4156} INFO - Setting next_dagrun for dag_Null_Value_inAll_Tables to 2024-10-12 20:45:00+00:00, run_after=2024-10-12 21:00:00+00:00
[2024-10-12T20:54:12.117+0000] {processor.py:208} INFO - Processing /opt/airflow/dags/dag_Null_Value_inAll_Tables.py took 0.697 seconds
[2024-10-12T20:54:42.412+0000] {processor.py:186} INFO - Started process (PID=2236) to work on /opt/airflow/dags/dag_Null_Value_inAll_Tables.py
[2024-10-12T20:54:42.413+0000] {processor.py:914} INFO - Processing file /opt/airflow/dags/dag_Null_Value_inAll_Tables.py for tasks to queue
[2024-10-12T20:54:42.415+0000] {logging_mixin.py:190} INFO - [2024-10-12T20:54:42.414+0000] {dagbag.py:587} INFO - Filling up the DagBag from /opt/airflow/dags/dag_Null_Value_inAll_Tables.py
[2024-10-12T20:54:42.889+0000] {processor.py:925} INFO - DAG(s) 'dag_Null_Value_inAll_Tables' retrieved from /opt/airflow/dags/dag_Null_Value_inAll_Tables.py
[2024-10-12T20:54:43.023+0000] {logging_mixin.py:190} INFO - [2024-10-12T20:54:43.021+0000] {dag.py:3229} INFO - Sync 1 DAGs
[2024-10-12T20:54:43.082+0000] {logging_mixin.py:190} INFO - [2024-10-12T20:54:43.081+0000] {dag.py:4156} INFO - Setting next_dagrun for dag_Null_Value_inAll_Tables to 2024-10-12 20:45:00+00:00, run_after=2024-10-12 21:00:00+00:00
[2024-10-12T20:54:43.147+0000] {processor.py:208} INFO - Processing /opt/airflow/dags/dag_Null_Value_inAll_Tables.py took 0.745 seconds
[2024-10-12T20:55:14.828+0000] {processor.py:186} INFO - Started process (PID=2362) to work on /opt/airflow/dags/dag_Null_Value_inAll_Tables.py
[2024-10-12T20:55:14.834+0000] {processor.py:914} INFO - Processing file /opt/airflow/dags/dag_Null_Value_inAll_Tables.py for tasks to queue
[2024-10-12T20:55:14.838+0000] {logging_mixin.py:190} INFO - [2024-10-12T20:55:14.837+0000] {dagbag.py:587} INFO - Filling up the DagBag from /opt/airflow/dags/dag_Null_Value_inAll_Tables.py
[2024-10-12T20:55:15.437+0000] {processor.py:925} INFO - DAG(s) 'dag_Null_Value_inAll_Tables' retrieved from /opt/airflow/dags/dag_Null_Value_inAll_Tables.py
[2024-10-12T20:55:15.568+0000] {logging_mixin.py:190} INFO - [2024-10-12T20:55:15.567+0000] {dag.py:3229} INFO - Sync 1 DAGs
[2024-10-12T20:55:15.641+0000] {logging_mixin.py:190} INFO - [2024-10-12T20:55:15.640+0000] {dag.py:4156} INFO - Setting next_dagrun for dag_Null_Value_inAll_Tables to 2024-10-12 20:45:00+00:00, run_after=2024-10-12 21:00:00+00:00
[2024-10-12T20:55:15.705+0000] {processor.py:208} INFO - Processing /opt/airflow/dags/dag_Null_Value_inAll_Tables.py took 0.892 seconds
[2024-10-12T20:55:46.605+0000] {processor.py:186} INFO - Started process (PID=2447) to work on /opt/airflow/dags/dag_Null_Value_inAll_Tables.py
[2024-10-12T20:55:46.607+0000] {processor.py:914} INFO - Processing file /opt/airflow/dags/dag_Null_Value_inAll_Tables.py for tasks to queue
[2024-10-12T20:55:46.610+0000] {logging_mixin.py:190} INFO - [2024-10-12T20:55:46.609+0000] {dagbag.py:587} INFO - Filling up the DagBag from /opt/airflow/dags/dag_Null_Value_inAll_Tables.py
[2024-10-12T20:55:47.091+0000] {processor.py:925} INFO - DAG(s) 'dag_Null_Value_inAll_Tables' retrieved from /opt/airflow/dags/dag_Null_Value_inAll_Tables.py
[2024-10-12T20:55:47.285+0000] {logging_mixin.py:190} INFO - [2024-10-12T20:55:47.284+0000] {dag.py:3229} INFO - Sync 1 DAGs
[2024-10-12T20:55:47.365+0000] {logging_mixin.py:190} INFO - [2024-10-12T20:55:47.365+0000] {dag.py:4156} INFO - Setting next_dagrun for dag_Null_Value_inAll_Tables to 2024-10-12 20:45:00+00:00, run_after=2024-10-12 21:00:00+00:00
[2024-10-12T20:55:47.415+0000] {processor.py:208} INFO - Processing /opt/airflow/dags/dag_Null_Value_inAll_Tables.py took 0.819 seconds
[2024-10-12T20:56:18.184+0000] {processor.py:186} INFO - Started process (PID=2534) to work on /opt/airflow/dags/dag_Null_Value_inAll_Tables.py
[2024-10-12T20:56:18.186+0000] {processor.py:914} INFO - Processing file /opt/airflow/dags/dag_Null_Value_inAll_Tables.py for tasks to queue
[2024-10-12T20:56:18.189+0000] {logging_mixin.py:190} INFO - [2024-10-12T20:56:18.188+0000] {dagbag.py:587} INFO - Filling up the DagBag from /opt/airflow/dags/dag_Null_Value_inAll_Tables.py
[2024-10-12T20:56:18.608+0000] {processor.py:925} INFO - DAG(s) 'dag_Null_Value_inAll_Tables' retrieved from /opt/airflow/dags/dag_Null_Value_inAll_Tables.py
[2024-10-12T20:56:18.867+0000] {logging_mixin.py:190} INFO - [2024-10-12T20:56:18.866+0000] {dag.py:3229} INFO - Sync 1 DAGs
[2024-10-12T20:56:18.943+0000] {logging_mixin.py:190} INFO - [2024-10-12T20:56:18.943+0000] {dag.py:4156} INFO - Setting next_dagrun for dag_Null_Value_inAll_Tables to 2024-10-12 20:45:00+00:00, run_after=2024-10-12 21:00:00+00:00
[2024-10-12T20:56:18.994+0000] {processor.py:208} INFO - Processing /opt/airflow/dags/dag_Null_Value_inAll_Tables.py took 0.819 seconds
[2024-10-12T20:56:49.772+0000] {processor.py:186} INFO - Started process (PID=2619) to work on /opt/airflow/dags/dag_Null_Value_inAll_Tables.py
[2024-10-12T20:56:49.774+0000] {processor.py:914} INFO - Processing file /opt/airflow/dags/dag_Null_Value_inAll_Tables.py for tasks to queue
[2024-10-12T20:56:49.777+0000] {logging_mixin.py:190} INFO - [2024-10-12T20:56:49.776+0000] {dagbag.py:587} INFO - Filling up the DagBag from /opt/airflow/dags/dag_Null_Value_inAll_Tables.py
[2024-10-12T20:56:50.286+0000] {processor.py:925} INFO - DAG(s) 'dag_Null_Value_inAll_Tables' retrieved from /opt/airflow/dags/dag_Null_Value_inAll_Tables.py
[2024-10-12T20:56:50.461+0000] {logging_mixin.py:190} INFO - [2024-10-12T20:56:50.460+0000] {dag.py:3229} INFO - Sync 1 DAGs
[2024-10-12T20:56:50.528+0000] {logging_mixin.py:190} INFO - [2024-10-12T20:56:50.527+0000] {dag.py:4156} INFO - Setting next_dagrun for dag_Null_Value_inAll_Tables to 2024-10-12 20:45:00+00:00, run_after=2024-10-12 21:00:00+00:00
[2024-10-12T20:56:50.575+0000] {processor.py:208} INFO - Processing /opt/airflow/dags/dag_Null_Value_inAll_Tables.py took 0.821 seconds
[2024-10-12T20:57:21.363+0000] {processor.py:186} INFO - Started process (PID=2704) to work on /opt/airflow/dags/dag_Null_Value_inAll_Tables.py
[2024-10-12T20:57:21.365+0000] {processor.py:914} INFO - Processing file /opt/airflow/dags/dag_Null_Value_inAll_Tables.py for tasks to queue
[2024-10-12T20:57:21.367+0000] {logging_mixin.py:190} INFO - [2024-10-12T20:57:21.366+0000] {dagbag.py:587} INFO - Filling up the DagBag from /opt/airflow/dags/dag_Null_Value_inAll_Tables.py
[2024-10-12T20:57:21.806+0000] {processor.py:925} INFO - DAG(s) 'dag_Null_Value_inAll_Tables' retrieved from /opt/airflow/dags/dag_Null_Value_inAll_Tables.py
[2024-10-12T20:57:22.064+0000] {logging_mixin.py:190} INFO - [2024-10-12T20:57:22.063+0000] {dag.py:3229} INFO - Sync 1 DAGs
[2024-10-12T20:57:22.133+0000] {logging_mixin.py:190} INFO - [2024-10-12T20:57:22.133+0000] {dag.py:4156} INFO - Setting next_dagrun for dag_Null_Value_inAll_Tables to 2024-10-12 20:45:00+00:00, run_after=2024-10-12 21:00:00+00:00
[2024-10-12T20:57:22.189+0000] {processor.py:208} INFO - Processing /opt/airflow/dags/dag_Null_Value_inAll_Tables.py took 0.835 seconds
[2024-10-12T20:57:52.302+0000] {processor.py:186} INFO - Started process (PID=2789) to work on /opt/airflow/dags/dag_Null_Value_inAll_Tables.py
[2024-10-12T20:57:52.304+0000] {processor.py:914} INFO - Processing file /opt/airflow/dags/dag_Null_Value_inAll_Tables.py for tasks to queue
[2024-10-12T20:57:52.308+0000] {logging_mixin.py:190} INFO - [2024-10-12T20:57:52.307+0000] {dagbag.py:587} INFO - Filling up the DagBag from /opt/airflow/dags/dag_Null_Value_inAll_Tables.py
[2024-10-12T20:57:52.760+0000] {processor.py:925} INFO - DAG(s) 'dag_Null_Value_inAll_Tables' retrieved from /opt/airflow/dags/dag_Null_Value_inAll_Tables.py
[2024-10-12T20:57:53.014+0000] {logging_mixin.py:190} INFO - [2024-10-12T20:57:53.013+0000] {dag.py:3229} INFO - Sync 1 DAGs
[2024-10-12T20:57:53.066+0000] {logging_mixin.py:190} INFO - [2024-10-12T20:57:53.066+0000] {dag.py:4156} INFO - Setting next_dagrun for dag_Null_Value_inAll_Tables to 2024-10-12 20:45:00+00:00, run_after=2024-10-12 21:00:00+00:00
[2024-10-12T20:57:53.111+0000] {processor.py:208} INFO - Processing /opt/airflow/dags/dag_Null_Value_inAll_Tables.py took 0.822 seconds
[2024-10-12T20:58:23.222+0000] {processor.py:186} INFO - Started process (PID=2872) to work on /opt/airflow/dags/dag_Null_Value_inAll_Tables.py
[2024-10-12T20:58:23.224+0000] {processor.py:914} INFO - Processing file /opt/airflow/dags/dag_Null_Value_inAll_Tables.py for tasks to queue
[2024-10-12T20:58:23.225+0000] {logging_mixin.py:190} INFO - [2024-10-12T20:58:23.225+0000] {dagbag.py:587} INFO - Filling up the DagBag from /opt/airflow/dags/dag_Null_Value_inAll_Tables.py
[2024-10-12T20:58:23.627+0000] {processor.py:925} INFO - DAG(s) 'dag_Null_Value_inAll_Tables' retrieved from /opt/airflow/dags/dag_Null_Value_inAll_Tables.py
[2024-10-12T20:58:23.824+0000] {logging_mixin.py:190} INFO - [2024-10-12T20:58:23.824+0000] {dag.py:3229} INFO - Sync 1 DAGs
[2024-10-12T20:58:23.866+0000] {logging_mixin.py:190} INFO - [2024-10-12T20:58:23.865+0000] {dag.py:4156} INFO - Setting next_dagrun for dag_Null_Value_inAll_Tables to 2024-10-12 20:45:00+00:00, run_after=2024-10-12 21:00:00+00:00
[2024-10-12T20:58:23.909+0000] {processor.py:208} INFO - Processing /opt/airflow/dags/dag_Null_Value_inAll_Tables.py took 0.695 seconds
[2024-10-12T20:58:54.545+0000] {processor.py:186} INFO - Started process (PID=2957) to work on /opt/airflow/dags/dag_Null_Value_inAll_Tables.py
[2024-10-12T20:58:54.547+0000] {processor.py:914} INFO - Processing file /opt/airflow/dags/dag_Null_Value_inAll_Tables.py for tasks to queue
[2024-10-12T20:58:54.550+0000] {logging_mixin.py:190} INFO - [2024-10-12T20:58:54.549+0000] {dagbag.py:587} INFO - Filling up the DagBag from /opt/airflow/dags/dag_Null_Value_inAll_Tables.py
[2024-10-12T20:58:55.082+0000] {processor.py:925} INFO - DAG(s) 'dag_Null_Value_inAll_Tables' retrieved from /opt/airflow/dags/dag_Null_Value_inAll_Tables.py
[2024-10-12T20:58:55.216+0000] {logging_mixin.py:190} INFO - [2024-10-12T20:58:55.216+0000] {dag.py:3229} INFO - Sync 1 DAGs
[2024-10-12T20:58:55.269+0000] {logging_mixin.py:190} INFO - [2024-10-12T20:58:55.268+0000] {dag.py:4156} INFO - Setting next_dagrun for dag_Null_Value_inAll_Tables to 2024-10-12 20:45:00+00:00, run_after=2024-10-12 21:00:00+00:00
[2024-10-12T20:58:55.313+0000] {processor.py:208} INFO - Processing /opt/airflow/dags/dag_Null_Value_inAll_Tables.py took 0.775 seconds
[2024-10-12T20:59:25.874+0000] {processor.py:186} INFO - Started process (PID=3042) to work on /opt/airflow/dags/dag_Null_Value_inAll_Tables.py
[2024-10-12T20:59:25.875+0000] {processor.py:914} INFO - Processing file /opt/airflow/dags/dag_Null_Value_inAll_Tables.py for tasks to queue
[2024-10-12T20:59:25.878+0000] {logging_mixin.py:190} INFO - [2024-10-12T20:59:25.877+0000] {dagbag.py:587} INFO - Filling up the DagBag from /opt/airflow/dags/dag_Null_Value_inAll_Tables.py
[2024-10-12T20:59:26.261+0000] {processor.py:925} INFO - DAG(s) 'dag_Null_Value_inAll_Tables' retrieved from /opt/airflow/dags/dag_Null_Value_inAll_Tables.py
[2024-10-12T20:59:26.360+0000] {logging_mixin.py:190} INFO - [2024-10-12T20:59:26.360+0000] {dag.py:3229} INFO - Sync 1 DAGs
[2024-10-12T20:59:26.405+0000] {logging_mixin.py:190} INFO - [2024-10-12T20:59:26.404+0000] {dag.py:4156} INFO - Setting next_dagrun for dag_Null_Value_inAll_Tables to 2024-10-12 20:45:00+00:00, run_after=2024-10-12 21:00:00+00:00
[2024-10-12T20:59:26.438+0000] {processor.py:208} INFO - Processing /opt/airflow/dags/dag_Null_Value_inAll_Tables.py took 0.572 seconds
[2024-10-12T20:59:57.286+0000] {processor.py:186} INFO - Started process (PID=3127) to work on /opt/airflow/dags/dag_Null_Value_inAll_Tables.py
[2024-10-12T20:59:57.288+0000] {processor.py:914} INFO - Processing file /opt/airflow/dags/dag_Null_Value_inAll_Tables.py for tasks to queue
[2024-10-12T20:59:57.291+0000] {logging_mixin.py:190} INFO - [2024-10-12T20:59:57.290+0000] {dagbag.py:587} INFO - Filling up the DagBag from /opt/airflow/dags/dag_Null_Value_inAll_Tables.py
[2024-10-12T20:59:58.296+0000] {processor.py:925} INFO - DAG(s) 'dag_Null_Value_inAll_Tables' retrieved from /opt/airflow/dags/dag_Null_Value_inAll_Tables.py
[2024-10-12T20:59:58.748+0000] {logging_mixin.py:190} INFO - [2024-10-12T20:59:58.747+0000] {dag.py:3229} INFO - Sync 1 DAGs
[2024-10-12T20:59:58.936+0000] {logging_mixin.py:190} INFO - [2024-10-12T20:59:58.936+0000] {dag.py:4156} INFO - Setting next_dagrun for dag_Null_Value_inAll_Tables to 2024-10-12 20:45:00+00:00, run_after=2024-10-12 21:00:00+00:00
[2024-10-12T20:59:59.046+0000] {processor.py:208} INFO - Processing /opt/airflow/dags/dag_Null_Value_inAll_Tables.py took 1.777 seconds
[2024-10-12T21:02:21.594+0000] {processor.py:186} INFO - Started process (PID=3347) to work on /opt/airflow/dags/dag_Null_Value_inAll_Tables.py
[2024-10-12T21:02:21.597+0000] {processor.py:914} INFO - Processing file /opt/airflow/dags/dag_Null_Value_inAll_Tables.py for tasks to queue
[2024-10-12T21:02:21.602+0000] {logging_mixin.py:190} INFO - [2024-10-12T21:02:21.601+0000] {dagbag.py:587} INFO - Filling up the DagBag from /opt/airflow/dags/dag_Null_Value_inAll_Tables.py
[2024-10-12T21:02:23.152+0000] {processor.py:925} INFO - DAG(s) 'dag_Null_Value_inAll_Tables' retrieved from /opt/airflow/dags/dag_Null_Value_inAll_Tables.py
[2024-10-12T21:02:23.927+0000] {logging_mixin.py:190} INFO - [2024-10-12T21:02:23.926+0000] {dag.py:3229} INFO - Sync 1 DAGs
[2024-10-12T21:02:24.101+0000] {logging_mixin.py:190} INFO - [2024-10-12T21:02:24.100+0000] {dag.py:4156} INFO - Setting next_dagrun for dag_Null_Value_inAll_Tables to 2024-10-12 21:00:00+00:00, run_after=2024-10-12 21:15:00+00:00
[2024-10-12T21:02:24.304+0000] {processor.py:208} INFO - Processing /opt/airflow/dags/dag_Null_Value_inAll_Tables.py took 2.727 seconds
[2024-10-12T21:02:54.794+0000] {processor.py:186} INFO - Started process (PID=3440) to work on /opt/airflow/dags/dag_Null_Value_inAll_Tables.py
[2024-10-12T21:02:54.795+0000] {processor.py:914} INFO - Processing file /opt/airflow/dags/dag_Null_Value_inAll_Tables.py for tasks to queue
[2024-10-12T21:02:54.797+0000] {logging_mixin.py:190} INFO - [2024-10-12T21:02:54.796+0000] {dagbag.py:587} INFO - Filling up the DagBag from /opt/airflow/dags/dag_Null_Value_inAll_Tables.py
[2024-10-12T21:02:55.359+0000] {processor.py:925} INFO - DAG(s) 'dag_Null_Value_inAll_Tables' retrieved from /opt/airflow/dags/dag_Null_Value_inAll_Tables.py
[2024-10-12T21:02:55.615+0000] {logging_mixin.py:190} INFO - [2024-10-12T21:02:55.614+0000] {dag.py:3229} INFO - Sync 1 DAGs
[2024-10-12T21:02:55.694+0000] {logging_mixin.py:190} INFO - [2024-10-12T21:02:55.693+0000] {dag.py:4156} INFO - Setting next_dagrun for dag_Null_Value_inAll_Tables to 2024-10-12 21:00:00+00:00, run_after=2024-10-12 21:15:00+00:00
[2024-10-12T21:02:55.750+0000] {processor.py:208} INFO - Processing /opt/airflow/dags/dag_Null_Value_inAll_Tables.py took 0.965 seconds
[2024-10-12T21:03:26.266+0000] {processor.py:186} INFO - Started process (PID=3527) to work on /opt/airflow/dags/dag_Null_Value_inAll_Tables.py
[2024-10-12T21:03:26.268+0000] {processor.py:914} INFO - Processing file /opt/airflow/dags/dag_Null_Value_inAll_Tables.py for tasks to queue
[2024-10-12T21:03:26.271+0000] {logging_mixin.py:190} INFO - [2024-10-12T21:03:26.271+0000] {dagbag.py:587} INFO - Filling up the DagBag from /opt/airflow/dags/dag_Null_Value_inAll_Tables.py
[2024-10-12T21:03:26.708+0000] {processor.py:925} INFO - DAG(s) 'dag_Null_Value_inAll_Tables' retrieved from /opt/airflow/dags/dag_Null_Value_inAll_Tables.py
[2024-10-12T21:03:26.868+0000] {logging_mixin.py:190} INFO - [2024-10-12T21:03:26.867+0000] {dag.py:3229} INFO - Sync 1 DAGs
[2024-10-12T21:03:26.918+0000] {logging_mixin.py:190} INFO - [2024-10-12T21:03:26.918+0000] {dag.py:4156} INFO - Setting next_dagrun for dag_Null_Value_inAll_Tables to 2024-10-12 21:00:00+00:00, run_after=2024-10-12 21:15:00+00:00
[2024-10-12T21:03:26.966+0000] {processor.py:208} INFO - Processing /opt/airflow/dags/dag_Null_Value_inAll_Tables.py took 0.709 seconds
[2024-10-12T21:03:57.402+0000] {processor.py:186} INFO - Started process (PID=3612) to work on /opt/airflow/dags/dag_Null_Value_inAll_Tables.py
[2024-10-12T21:03:57.404+0000] {processor.py:914} INFO - Processing file /opt/airflow/dags/dag_Null_Value_inAll_Tables.py for tasks to queue
[2024-10-12T21:03:57.406+0000] {logging_mixin.py:190} INFO - [2024-10-12T21:03:57.405+0000] {dagbag.py:587} INFO - Filling up the DagBag from /opt/airflow/dags/dag_Null_Value_inAll_Tables.py
[2024-10-12T21:03:57.941+0000] {processor.py:925} INFO - DAG(s) 'dag_Null_Value_inAll_Tables' retrieved from /opt/airflow/dags/dag_Null_Value_inAll_Tables.py
[2024-10-12T21:03:58.107+0000] {logging_mixin.py:190} INFO - [2024-10-12T21:03:58.107+0000] {dag.py:3229} INFO - Sync 1 DAGs
[2024-10-12T21:03:58.175+0000] {logging_mixin.py:190} INFO - [2024-10-12T21:03:58.175+0000] {dag.py:4156} INFO - Setting next_dagrun for dag_Null_Value_inAll_Tables to 2024-10-12 21:00:00+00:00, run_after=2024-10-12 21:15:00+00:00
[2024-10-12T21:03:58.227+0000] {processor.py:208} INFO - Processing /opt/airflow/dags/dag_Null_Value_inAll_Tables.py took 0.851 seconds
[2024-10-12T21:04:28.952+0000] {processor.py:186} INFO - Started process (PID=3700) to work on /opt/airflow/dags/dag_Null_Value_inAll_Tables.py
[2024-10-12T21:04:28.953+0000] {processor.py:914} INFO - Processing file /opt/airflow/dags/dag_Null_Value_inAll_Tables.py for tasks to queue
[2024-10-12T21:04:28.956+0000] {logging_mixin.py:190} INFO - [2024-10-12T21:04:28.955+0000] {dagbag.py:587} INFO - Filling up the DagBag from /opt/airflow/dags/dag_Null_Value_inAll_Tables.py
[2024-10-12T21:04:29.509+0000] {processor.py:925} INFO - DAG(s) 'dag_Null_Value_inAll_Tables' retrieved from /opt/airflow/dags/dag_Null_Value_inAll_Tables.py
[2024-10-12T21:04:29.681+0000] {logging_mixin.py:190} INFO - [2024-10-12T21:04:29.680+0000] {dag.py:3229} INFO - Sync 1 DAGs
[2024-10-12T21:04:29.743+0000] {logging_mixin.py:190} INFO - [2024-10-12T21:04:29.742+0000] {dag.py:4156} INFO - Setting next_dagrun for dag_Null_Value_inAll_Tables to 2024-10-12 21:00:00+00:00, run_after=2024-10-12 21:15:00+00:00
[2024-10-12T21:04:29.798+0000] {processor.py:208} INFO - Processing /opt/airflow/dags/dag_Null_Value_inAll_Tables.py took 0.856 seconds
[2024-10-12T21:05:00.028+0000] {processor.py:186} INFO - Started process (PID=3785) to work on /opt/airflow/dags/dag_Null_Value_inAll_Tables.py
[2024-10-12T21:05:00.030+0000] {processor.py:914} INFO - Processing file /opt/airflow/dags/dag_Null_Value_inAll_Tables.py for tasks to queue
[2024-10-12T21:05:00.032+0000] {logging_mixin.py:190} INFO - [2024-10-12T21:05:00.032+0000] {dagbag.py:587} INFO - Filling up the DagBag from /opt/airflow/dags/dag_Null_Value_inAll_Tables.py
[2024-10-12T21:05:00.522+0000] {processor.py:925} INFO - DAG(s) 'dag_Null_Value_inAll_Tables' retrieved from /opt/airflow/dags/dag_Null_Value_inAll_Tables.py
[2024-10-12T21:05:00.709+0000] {logging_mixin.py:190} INFO - [2024-10-12T21:05:00.708+0000] {dag.py:3229} INFO - Sync 1 DAGs
[2024-10-12T21:05:00.796+0000] {logging_mixin.py:190} INFO - [2024-10-12T21:05:00.795+0000] {dag.py:4156} INFO - Setting next_dagrun for dag_Null_Value_inAll_Tables to 2024-10-12 21:00:00+00:00, run_after=2024-10-12 21:15:00+00:00
[2024-10-12T21:05:00.896+0000] {processor.py:208} INFO - Processing /opt/airflow/dags/dag_Null_Value_inAll_Tables.py took 0.883 seconds
[2024-10-12T21:05:34.492+0000] {processor.py:186} INFO - Started process (PID=3910) to work on /opt/airflow/dags/dag_Null_Value_inAll_Tables.py
[2024-10-12T21:05:34.495+0000] {processor.py:914} INFO - Processing file /opt/airflow/dags/dag_Null_Value_inAll_Tables.py for tasks to queue
[2024-10-12T21:05:34.498+0000] {logging_mixin.py:190} INFO - [2024-10-12T21:05:34.497+0000] {dagbag.py:587} INFO - Filling up the DagBag from /opt/airflow/dags/dag_Null_Value_inAll_Tables.py
[2024-10-12T21:05:35.271+0000] {processor.py:925} INFO - DAG(s) 'dag_Null_Value_inAll_Tables' retrieved from /opt/airflow/dags/dag_Null_Value_inAll_Tables.py
[2024-10-12T21:05:35.643+0000] {logging_mixin.py:190} INFO - [2024-10-12T21:05:35.643+0000] {dag.py:3229} INFO - Sync 1 DAGs
[2024-10-12T21:05:35.859+0000] {logging_mixin.py:190} INFO - [2024-10-12T21:05:35.859+0000] {dag.py:4156} INFO - Setting next_dagrun for dag_Null_Value_inAll_Tables to 2024-10-12 21:00:00+00:00, run_after=2024-10-12 21:15:00+00:00
[2024-10-12T21:05:35.925+0000] {processor.py:208} INFO - Processing /opt/airflow/dags/dag_Null_Value_inAll_Tables.py took 1.443 seconds
[2024-10-12T21:06:06.071+0000] {processor.py:186} INFO - Started process (PID=4007) to work on /opt/airflow/dags/dag_Null_Value_inAll_Tables.py
[2024-10-12T21:06:06.077+0000] {processor.py:914} INFO - Processing file /opt/airflow/dags/dag_Null_Value_inAll_Tables.py for tasks to queue
[2024-10-12T21:06:06.080+0000] {logging_mixin.py:190} INFO - [2024-10-12T21:06:06.079+0000] {dagbag.py:587} INFO - Filling up the DagBag from /opt/airflow/dags/dag_Null_Value_inAll_Tables.py
[2024-10-12T21:06:06.637+0000] {processor.py:925} INFO - DAG(s) 'dag_Null_Value_inAll_Tables' retrieved from /opt/airflow/dags/dag_Null_Value_inAll_Tables.py
[2024-10-12T21:06:06.900+0000] {logging_mixin.py:190} INFO - [2024-10-12T21:06:06.900+0000] {dag.py:3229} INFO - Sync 1 DAGs
[2024-10-12T21:06:06.978+0000] {logging_mixin.py:190} INFO - [2024-10-12T21:06:06.978+0000] {dag.py:4156} INFO - Setting next_dagrun for dag_Null_Value_inAll_Tables to 2024-10-12 21:00:00+00:00, run_after=2024-10-12 21:15:00+00:00
[2024-10-12T21:06:07.037+0000] {processor.py:208} INFO - Processing /opt/airflow/dags/dag_Null_Value_inAll_Tables.py took 0.978 seconds
[2024-10-12T21:06:37.606+0000] {processor.py:186} INFO - Started process (PID=4092) to work on /opt/airflow/dags/dag_Null_Value_inAll_Tables.py
[2024-10-12T21:06:37.611+0000] {processor.py:914} INFO - Processing file /opt/airflow/dags/dag_Null_Value_inAll_Tables.py for tasks to queue
[2024-10-12T21:06:37.614+0000] {logging_mixin.py:190} INFO - [2024-10-12T21:06:37.613+0000] {dagbag.py:587} INFO - Filling up the DagBag from /opt/airflow/dags/dag_Null_Value_inAll_Tables.py
[2024-10-12T21:06:38.186+0000] {processor.py:925} INFO - DAG(s) 'dag_Null_Value_inAll_Tables' retrieved from /opt/airflow/dags/dag_Null_Value_inAll_Tables.py
[2024-10-12T21:06:38.384+0000] {logging_mixin.py:190} INFO - [2024-10-12T21:06:38.384+0000] {dag.py:3229} INFO - Sync 1 DAGs
[2024-10-12T21:06:38.474+0000] {logging_mixin.py:190} INFO - [2024-10-12T21:06:38.473+0000] {dag.py:4156} INFO - Setting next_dagrun for dag_Null_Value_inAll_Tables to 2024-10-12 21:00:00+00:00, run_after=2024-10-12 21:15:00+00:00
[2024-10-12T21:06:38.536+0000] {processor.py:208} INFO - Processing /opt/airflow/dags/dag_Null_Value_inAll_Tables.py took 0.950 seconds
[2024-10-12T21:07:08.975+0000] {processor.py:186} INFO - Started process (PID=4177) to work on /opt/airflow/dags/dag_Null_Value_inAll_Tables.py
[2024-10-12T21:07:08.976+0000] {processor.py:914} INFO - Processing file /opt/airflow/dags/dag_Null_Value_inAll_Tables.py for tasks to queue
[2024-10-12T21:07:08.979+0000] {logging_mixin.py:190} INFO - [2024-10-12T21:07:08.978+0000] {dagbag.py:587} INFO - Filling up the DagBag from /opt/airflow/dags/dag_Null_Value_inAll_Tables.py
[2024-10-12T21:07:09.360+0000] {processor.py:925} INFO - DAG(s) 'dag_Null_Value_inAll_Tables' retrieved from /opt/airflow/dags/dag_Null_Value_inAll_Tables.py
[2024-10-12T21:07:09.508+0000] {logging_mixin.py:190} INFO - [2024-10-12T21:07:09.507+0000] {dag.py:3229} INFO - Sync 1 DAGs
[2024-10-12T21:07:09.562+0000] {logging_mixin.py:190} INFO - [2024-10-12T21:07:09.561+0000] {dag.py:4156} INFO - Setting next_dagrun for dag_Null_Value_inAll_Tables to 2024-10-12 21:00:00+00:00, run_after=2024-10-12 21:15:00+00:00
[2024-10-12T21:07:09.598+0000] {processor.py:208} INFO - Processing /opt/airflow/dags/dag_Null_Value_inAll_Tables.py took 0.633 seconds
[2024-10-12T21:07:39.915+0000] {processor.py:186} INFO - Started process (PID=4272) to work on /opt/airflow/dags/dag_Null_Value_inAll_Tables.py
[2024-10-12T21:07:39.920+0000] {processor.py:914} INFO - Processing file /opt/airflow/dags/dag_Null_Value_inAll_Tables.py for tasks to queue
[2024-10-12T21:07:39.931+0000] {logging_mixin.py:190} INFO - [2024-10-12T21:07:39.930+0000] {dagbag.py:587} INFO - Filling up the DagBag from /opt/airflow/dags/dag_Null_Value_inAll_Tables.py
[2024-10-12T21:07:40.803+0000] {processor.py:925} INFO - DAG(s) 'dag_Null_Value_inAll_Tables' retrieved from /opt/airflow/dags/dag_Null_Value_inAll_Tables.py
[2024-10-12T21:07:41.022+0000] {logging_mixin.py:190} INFO - [2024-10-12T21:07:41.021+0000] {dag.py:3229} INFO - Sync 1 DAGs
[2024-10-12T21:07:41.077+0000] {logging_mixin.py:190} INFO - [2024-10-12T21:07:41.077+0000] {dag.py:4156} INFO - Setting next_dagrun for dag_Null_Value_inAll_Tables to 2024-10-12 21:00:00+00:00, run_after=2024-10-12 21:15:00+00:00
[2024-10-12T21:07:41.123+0000] {processor.py:208} INFO - Processing /opt/airflow/dags/dag_Null_Value_inAll_Tables.py took 1.245 seconds
[2024-10-12T21:08:11.405+0000] {processor.py:186} INFO - Started process (PID=4361) to work on /opt/airflow/dags/dag_Null_Value_inAll_Tables.py
[2024-10-12T21:08:11.409+0000] {processor.py:914} INFO - Processing file /opt/airflow/dags/dag_Null_Value_inAll_Tables.py for tasks to queue
[2024-10-12T21:08:11.411+0000] {logging_mixin.py:190} INFO - [2024-10-12T21:08:11.411+0000] {dagbag.py:587} INFO - Filling up the DagBag from /opt/airflow/dags/dag_Null_Value_inAll_Tables.py
[2024-10-12T21:08:11.850+0000] {processor.py:925} INFO - DAG(s) 'dag_Null_Value_inAll_Tables' retrieved from /opt/airflow/dags/dag_Null_Value_inAll_Tables.py
[2024-10-12T21:08:12.000+0000] {logging_mixin.py:190} INFO - [2024-10-12T21:08:11.998+0000] {dag.py:3229} INFO - Sync 1 DAGs
[2024-10-12T21:08:12.052+0000] {logging_mixin.py:190} INFO - [2024-10-12T21:08:12.052+0000] {dag.py:4156} INFO - Setting next_dagrun for dag_Null_Value_inAll_Tables to 2024-10-12 21:00:00+00:00, run_after=2024-10-12 21:15:00+00:00
[2024-10-12T21:08:12.091+0000] {processor.py:208} INFO - Processing /opt/airflow/dags/dag_Null_Value_inAll_Tables.py took 0.700 seconds
[2024-10-12T21:08:42.540+0000] {processor.py:186} INFO - Started process (PID=4446) to work on /opt/airflow/dags/dag_Null_Value_inAll_Tables.py
[2024-10-12T21:08:42.544+0000] {processor.py:914} INFO - Processing file /opt/airflow/dags/dag_Null_Value_inAll_Tables.py for tasks to queue
[2024-10-12T21:08:42.547+0000] {logging_mixin.py:190} INFO - [2024-10-12T21:08:42.546+0000] {dagbag.py:587} INFO - Filling up the DagBag from /opt/airflow/dags/dag_Null_Value_inAll_Tables.py
[2024-10-12T21:08:43.047+0000] {processor.py:925} INFO - DAG(s) 'dag_Null_Value_inAll_Tables' retrieved from /opt/airflow/dags/dag_Null_Value_inAll_Tables.py
[2024-10-12T21:08:43.193+0000] {logging_mixin.py:190} INFO - [2024-10-12T21:08:43.193+0000] {dag.py:3229} INFO - Sync 1 DAGs
[2024-10-12T21:08:43.243+0000] {logging_mixin.py:190} INFO - [2024-10-12T21:08:43.243+0000] {dag.py:4156} INFO - Setting next_dagrun for dag_Null_Value_inAll_Tables to 2024-10-12 21:00:00+00:00, run_after=2024-10-12 21:15:00+00:00
[2024-10-12T21:08:43.296+0000] {processor.py:208} INFO - Processing /opt/airflow/dags/dag_Null_Value_inAll_Tables.py took 0.771 seconds
[2024-10-12T21:09:13.871+0000] {processor.py:186} INFO - Started process (PID=4531) to work on /opt/airflow/dags/dag_Null_Value_inAll_Tables.py
[2024-10-12T21:09:13.874+0000] {processor.py:914} INFO - Processing file /opt/airflow/dags/dag_Null_Value_inAll_Tables.py for tasks to queue
[2024-10-12T21:09:13.876+0000] {logging_mixin.py:190} INFO - [2024-10-12T21:09:13.876+0000] {dagbag.py:587} INFO - Filling up the DagBag from /opt/airflow/dags/dag_Null_Value_inAll_Tables.py
[2024-10-12T21:09:14.535+0000] {processor.py:925} INFO - DAG(s) 'dag_Null_Value_inAll_Tables' retrieved from /opt/airflow/dags/dag_Null_Value_inAll_Tables.py
[2024-10-12T21:09:14.729+0000] {logging_mixin.py:190} INFO - [2024-10-12T21:09:14.728+0000] {dag.py:3229} INFO - Sync 1 DAGs
[2024-10-12T21:09:14.802+0000] {logging_mixin.py:190} INFO - [2024-10-12T21:09:14.802+0000] {dag.py:4156} INFO - Setting next_dagrun for dag_Null_Value_inAll_Tables to 2024-10-12 21:00:00+00:00, run_after=2024-10-12 21:15:00+00:00
[2024-10-12T21:09:14.872+0000] {processor.py:208} INFO - Processing /opt/airflow/dags/dag_Null_Value_inAll_Tables.py took 1.012 seconds
[2024-10-12T21:09:45.100+0000] {processor.py:186} INFO - Started process (PID=4616) to work on /opt/airflow/dags/dag_Null_Value_inAll_Tables.py
[2024-10-12T21:09:45.102+0000] {processor.py:914} INFO - Processing file /opt/airflow/dags/dag_Null_Value_inAll_Tables.py for tasks to queue
[2024-10-12T21:09:45.103+0000] {logging_mixin.py:190} INFO - [2024-10-12T21:09:45.103+0000] {dagbag.py:587} INFO - Filling up the DagBag from /opt/airflow/dags/dag_Null_Value_inAll_Tables.py
[2024-10-12T21:09:45.529+0000] {processor.py:925} INFO - DAG(s) 'dag_Null_Value_inAll_Tables' retrieved from /opt/airflow/dags/dag_Null_Value_inAll_Tables.py
[2024-10-12T21:09:45.719+0000] {logging_mixin.py:190} INFO - [2024-10-12T21:09:45.719+0000] {dag.py:3229} INFO - Sync 1 DAGs
[2024-10-12T21:09:45.793+0000] {logging_mixin.py:190} INFO - [2024-10-12T21:09:45.792+0000] {dag.py:4156} INFO - Setting next_dagrun for dag_Null_Value_inAll_Tables to 2024-10-12 21:00:00+00:00, run_after=2024-10-12 21:15:00+00:00
[2024-10-12T21:09:46.141+0000] {processor.py:208} INFO - Processing /opt/airflow/dags/dag_Null_Value_inAll_Tables.py took 1.057 seconds
[2024-10-12T21:10:16.849+0000] {processor.py:186} INFO - Started process (PID=4742) to work on /opt/airflow/dags/dag_Null_Value_inAll_Tables.py
[2024-10-12T21:10:16.853+0000] {processor.py:914} INFO - Processing file /opt/airflow/dags/dag_Null_Value_inAll_Tables.py for tasks to queue
[2024-10-12T21:10:16.857+0000] {logging_mixin.py:190} INFO - [2024-10-12T21:10:16.856+0000] {dagbag.py:587} INFO - Filling up the DagBag from /opt/airflow/dags/dag_Null_Value_inAll_Tables.py
[2024-10-12T21:10:17.575+0000] {processor.py:925} INFO - DAG(s) 'dag_Null_Value_inAll_Tables' retrieved from /opt/airflow/dags/dag_Null_Value_inAll_Tables.py
[2024-10-12T21:10:17.738+0000] {logging_mixin.py:190} INFO - [2024-10-12T21:10:17.737+0000] {dag.py:3229} INFO - Sync 1 DAGs
[2024-10-12T21:10:17.818+0000] {logging_mixin.py:190} INFO - [2024-10-12T21:10:17.817+0000] {dag.py:4156} INFO - Setting next_dagrun for dag_Null_Value_inAll_Tables to 2024-10-12 21:00:00+00:00, run_after=2024-10-12 21:15:00+00:00
[2024-10-12T21:10:17.881+0000] {processor.py:208} INFO - Processing /opt/airflow/dags/dag_Null_Value_inAll_Tables.py took 1.045 seconds
[2024-10-12T21:10:48.349+0000] {processor.py:186} INFO - Started process (PID=4826) to work on /opt/airflow/dags/dag_Null_Value_inAll_Tables.py
[2024-10-12T21:10:48.351+0000] {processor.py:914} INFO - Processing file /opt/airflow/dags/dag_Null_Value_inAll_Tables.py for tasks to queue
[2024-10-12T21:10:48.355+0000] {logging_mixin.py:190} INFO - [2024-10-12T21:10:48.354+0000] {dagbag.py:587} INFO - Filling up the DagBag from /opt/airflow/dags/dag_Null_Value_inAll_Tables.py
[2024-10-12T21:10:48.829+0000] {processor.py:925} INFO - DAG(s) 'dag_Null_Value_inAll_Tables' retrieved from /opt/airflow/dags/dag_Null_Value_inAll_Tables.py
[2024-10-12T21:10:48.951+0000] {logging_mixin.py:190} INFO - [2024-10-12T21:10:48.951+0000] {dag.py:3229} INFO - Sync 1 DAGs
[2024-10-12T21:10:48.997+0000] {logging_mixin.py:190} INFO - [2024-10-12T21:10:48.996+0000] {dag.py:4156} INFO - Setting next_dagrun for dag_Null_Value_inAll_Tables to 2024-10-12 21:00:00+00:00, run_after=2024-10-12 21:15:00+00:00
[2024-10-12T21:10:49.101+0000] {processor.py:208} INFO - Processing /opt/airflow/dags/dag_Null_Value_inAll_Tables.py took 0.768 seconds
[2024-10-12T21:11:19.631+0000] {processor.py:186} INFO - Started process (PID=4911) to work on /opt/airflow/dags/dag_Null_Value_inAll_Tables.py
[2024-10-12T21:11:19.633+0000] {processor.py:914} INFO - Processing file /opt/airflow/dags/dag_Null_Value_inAll_Tables.py for tasks to queue
[2024-10-12T21:11:19.635+0000] {logging_mixin.py:190} INFO - [2024-10-12T21:11:19.635+0000] {dagbag.py:587} INFO - Filling up the DagBag from /opt/airflow/dags/dag_Null_Value_inAll_Tables.py
[2024-10-12T21:11:20.096+0000] {processor.py:925} INFO - DAG(s) 'dag_Null_Value_inAll_Tables' retrieved from /opt/airflow/dags/dag_Null_Value_inAll_Tables.py
[2024-10-12T21:11:20.233+0000] {logging_mixin.py:190} INFO - [2024-10-12T21:11:20.232+0000] {dag.py:3229} INFO - Sync 1 DAGs
[2024-10-12T21:11:20.479+0000] {logging_mixin.py:190} INFO - [2024-10-12T21:11:20.479+0000] {dag.py:4156} INFO - Setting next_dagrun for dag_Null_Value_inAll_Tables to 2024-10-12 21:00:00+00:00, run_after=2024-10-12 21:15:00+00:00
[2024-10-12T21:11:20.515+0000] {processor.py:208} INFO - Processing /opt/airflow/dags/dag_Null_Value_inAll_Tables.py took 0.891 seconds
