[2024-10-12T20:41:48.365+0000] {processor.py:186} INFO - Started process (PID=262) to work on /opt/airflow/dags/Dag_detect_1FN_anomaly.py
[2024-10-12T20:41:48.388+0000] {processor.py:914} INFO - Processing file /opt/airflow/dags/Dag_detect_1FN_anomaly.py for tasks to queue
[2024-10-12T20:41:48.548+0000] {logging_mixin.py:190} INFO - [2024-10-12T20:41:48.537+0000] {dagbag.py:587} INFO - Filling up the DagBag from /opt/airflow/dags/Dag_detect_1FN_anomaly.py
[2024-10-12T20:42:03.311+0000] {processor.py:925} INFO - DAG(s) 'detect_1fn_anomalies_dag' retrieved from /opt/airflow/dags/Dag_detect_1FN_anomaly.py
[2024-10-12T20:42:03.510+0000] {logging_mixin.py:190} INFO - [2024-10-12T20:42:03.508+0000] {dag.py:3229} INFO - Sync 1 DAGs
[2024-10-12T20:42:03.572+0000] {logging_mixin.py:190} INFO - [2024-10-12T20:42:03.572+0000] {dag.py:4156} INFO - Setting next_dagrun for detect_1fn_anomalies_dag to 2024-10-12 20:40:00+00:00, run_after=2024-10-12 20:45:00+00:00
[2024-10-12T20:42:03.626+0000] {processor.py:208} INFO - Processing /opt/airflow/dags/Dag_detect_1FN_anomaly.py took 15.897 seconds
[2024-10-12T20:42:34.097+0000] {processor.py:186} INFO - Started process (PID=357) to work on /opt/airflow/dags/Dag_detect_1FN_anomaly.py
[2024-10-12T20:42:34.103+0000] {processor.py:914} INFO - Processing file /opt/airflow/dags/Dag_detect_1FN_anomaly.py for tasks to queue
[2024-10-12T20:42:34.106+0000] {logging_mixin.py:190} INFO - [2024-10-12T20:42:34.105+0000] {dagbag.py:587} INFO - Filling up the DagBag from /opt/airflow/dags/Dag_detect_1FN_anomaly.py
[2024-10-12T20:42:35.116+0000] {processor.py:925} INFO - DAG(s) 'detect_1fn_anomalies_dag' retrieved from /opt/airflow/dags/Dag_detect_1FN_anomaly.py
[2024-10-12T20:42:35.334+0000] {logging_mixin.py:190} INFO - [2024-10-12T20:42:35.333+0000] {dag.py:3229} INFO - Sync 1 DAGs
[2024-10-12T20:42:35.386+0000] {logging_mixin.py:190} INFO - [2024-10-12T20:42:35.386+0000] {dag.py:4156} INFO - Setting next_dagrun for detect_1fn_anomalies_dag to 2024-10-12 20:40:00+00:00, run_after=2024-10-12 20:45:00+00:00
[2024-10-12T20:42:35.425+0000] {processor.py:208} INFO - Processing /opt/airflow/dags/Dag_detect_1FN_anomaly.py took 1.336 seconds
[2024-10-12T20:43:05.838+0000] {processor.py:186} INFO - Started process (PID=447) to work on /opt/airflow/dags/Dag_detect_1FN_anomaly.py
[2024-10-12T20:43:05.841+0000] {processor.py:914} INFO - Processing file /opt/airflow/dags/Dag_detect_1FN_anomaly.py for tasks to queue
[2024-10-12T20:43:05.845+0000] {logging_mixin.py:190} INFO - [2024-10-12T20:43:05.844+0000] {dagbag.py:587} INFO - Filling up the DagBag from /opt/airflow/dags/Dag_detect_1FN_anomaly.py
[2024-10-12T20:43:07.038+0000] {processor.py:925} INFO - DAG(s) 'detect_1fn_anomalies_dag' retrieved from /opt/airflow/dags/Dag_detect_1FN_anomaly.py
[2024-10-12T20:43:07.153+0000] {logging_mixin.py:190} INFO - [2024-10-12T20:43:07.152+0000] {dag.py:3229} INFO - Sync 1 DAGs
[2024-10-12T20:43:07.194+0000] {logging_mixin.py:190} INFO - [2024-10-12T20:43:07.194+0000] {dag.py:4156} INFO - Setting next_dagrun for detect_1fn_anomalies_dag to 2024-10-12 20:40:00+00:00, run_after=2024-10-12 20:45:00+00:00
[2024-10-12T20:43:07.228+0000] {processor.py:208} INFO - Processing /opt/airflow/dags/Dag_detect_1FN_anomaly.py took 1.412 seconds
[2024-10-12T20:43:37.566+0000] {processor.py:186} INFO - Started process (PID=532) to work on /opt/airflow/dags/Dag_detect_1FN_anomaly.py
[2024-10-12T20:43:37.571+0000] {processor.py:914} INFO - Processing file /opt/airflow/dags/Dag_detect_1FN_anomaly.py for tasks to queue
[2024-10-12T20:43:37.577+0000] {logging_mixin.py:190} INFO - [2024-10-12T20:43:37.576+0000] {dagbag.py:587} INFO - Filling up the DagBag from /opt/airflow/dags/Dag_detect_1FN_anomaly.py
[2024-10-12T20:43:39.040+0000] {processor.py:925} INFO - DAG(s) 'detect_1fn_anomalies_dag' retrieved from /opt/airflow/dags/Dag_detect_1FN_anomaly.py
[2024-10-12T20:43:39.186+0000] {logging_mixin.py:190} INFO - [2024-10-12T20:43:39.186+0000] {dag.py:3229} INFO - Sync 1 DAGs
[2024-10-12T20:43:39.262+0000] {logging_mixin.py:190} INFO - [2024-10-12T20:43:39.261+0000] {dag.py:4156} INFO - Setting next_dagrun for detect_1fn_anomalies_dag to 2024-10-12 20:40:00+00:00, run_after=2024-10-12 20:45:00+00:00
[2024-10-12T20:43:39.331+0000] {processor.py:208} INFO - Processing /opt/airflow/dags/Dag_detect_1FN_anomaly.py took 1.806 seconds
[2024-10-12T20:44:10.349+0000] {processor.py:186} INFO - Started process (PID=619) to work on /opt/airflow/dags/Dag_detect_1FN_anomaly.py
[2024-10-12T20:44:10.351+0000] {processor.py:914} INFO - Processing file /opt/airflow/dags/Dag_detect_1FN_anomaly.py for tasks to queue
[2024-10-12T20:44:10.353+0000] {logging_mixin.py:190} INFO - [2024-10-12T20:44:10.352+0000] {dagbag.py:587} INFO - Filling up the DagBag from /opt/airflow/dags/Dag_detect_1FN_anomaly.py
[2024-10-12T20:44:11.676+0000] {processor.py:925} INFO - DAG(s) 'detect_1fn_anomalies_dag' retrieved from /opt/airflow/dags/Dag_detect_1FN_anomaly.py
[2024-10-12T20:44:11.827+0000] {logging_mixin.py:190} INFO - [2024-10-12T20:44:11.826+0000] {dag.py:3229} INFO - Sync 1 DAGs
[2024-10-12T20:44:11.881+0000] {logging_mixin.py:190} INFO - [2024-10-12T20:44:11.881+0000] {dag.py:4156} INFO - Setting next_dagrun for detect_1fn_anomalies_dag to 2024-10-12 20:40:00+00:00, run_after=2024-10-12 20:45:00+00:00
[2024-10-12T20:44:11.917+0000] {processor.py:208} INFO - Processing /opt/airflow/dags/Dag_detect_1FN_anomaly.py took 1.577 seconds
[2024-10-12T20:44:43.080+0000] {processor.py:186} INFO - Started process (PID=713) to work on /opt/airflow/dags/Dag_detect_1FN_anomaly.py
[2024-10-12T20:44:43.082+0000] {processor.py:914} INFO - Processing file /opt/airflow/dags/Dag_detect_1FN_anomaly.py for tasks to queue
[2024-10-12T20:44:43.084+0000] {logging_mixin.py:190} INFO - [2024-10-12T20:44:43.083+0000] {dagbag.py:587} INFO - Filling up the DagBag from /opt/airflow/dags/Dag_detect_1FN_anomaly.py
[2024-10-12T20:44:44.132+0000] {processor.py:925} INFO - DAG(s) 'detect_1fn_anomalies_dag' retrieved from /opt/airflow/dags/Dag_detect_1FN_anomaly.py
[2024-10-12T20:44:44.315+0000] {logging_mixin.py:190} INFO - [2024-10-12T20:44:44.314+0000] {dag.py:3229} INFO - Sync 1 DAGs
[2024-10-12T20:44:44.418+0000] {logging_mixin.py:190} INFO - [2024-10-12T20:44:44.417+0000] {dag.py:4156} INFO - Setting next_dagrun for detect_1fn_anomalies_dag to 2024-10-12 20:40:00+00:00, run_after=2024-10-12 20:45:00+00:00
[2024-10-12T20:44:44.486+0000] {processor.py:208} INFO - Processing /opt/airflow/dags/Dag_detect_1FN_anomaly.py took 1.418 seconds
[2024-10-12T20:45:52.634+0000] {processor.py:186} INFO - Started process (PID=841) to work on /opt/airflow/dags/Dag_detect_1FN_anomaly.py
[2024-10-12T20:45:52.636+0000] {processor.py:914} INFO - Processing file /opt/airflow/dags/Dag_detect_1FN_anomaly.py for tasks to queue
[2024-10-12T20:45:52.640+0000] {logging_mixin.py:190} INFO - [2024-10-12T20:45:52.639+0000] {dagbag.py:587} INFO - Filling up the DagBag from /opt/airflow/dags/Dag_detect_1FN_anomaly.py
[2024-10-12T20:45:54.316+0000] {processor.py:925} INFO - DAG(s) 'detect_1fn_anomalies_dag' retrieved from /opt/airflow/dags/Dag_detect_1FN_anomaly.py
[2024-10-12T20:45:54.485+0000] {logging_mixin.py:190} INFO - [2024-10-12T20:45:54.484+0000] {dag.py:3229} INFO - Sync 1 DAGs
[2024-10-12T20:45:54.554+0000] {logging_mixin.py:190} INFO - [2024-10-12T20:45:54.553+0000] {dag.py:4156} INFO - Setting next_dagrun for detect_1fn_anomalies_dag to 2024-10-12 20:45:00+00:00, run_after=2024-10-12 20:50:00+00:00
[2024-10-12T20:45:54.592+0000] {processor.py:208} INFO - Processing /opt/airflow/dags/Dag_detect_1FN_anomaly.py took 1.978 seconds
[2024-10-12T20:46:24.862+0000] {processor.py:186} INFO - Started process (PID=928) to work on /opt/airflow/dags/Dag_detect_1FN_anomaly.py
[2024-10-12T20:46:24.864+0000] {processor.py:914} INFO - Processing file /opt/airflow/dags/Dag_detect_1FN_anomaly.py for tasks to queue
[2024-10-12T20:46:24.867+0000] {logging_mixin.py:190} INFO - [2024-10-12T20:46:24.866+0000] {dagbag.py:587} INFO - Filling up the DagBag from /opt/airflow/dags/Dag_detect_1FN_anomaly.py
[2024-10-12T20:46:26.248+0000] {processor.py:925} INFO - DAG(s) 'detect_1fn_anomalies_dag' retrieved from /opt/airflow/dags/Dag_detect_1FN_anomaly.py
[2024-10-12T20:46:26.431+0000] {logging_mixin.py:190} INFO - [2024-10-12T20:46:26.430+0000] {dag.py:3229} INFO - Sync 1 DAGs
[2024-10-12T20:46:26.483+0000] {logging_mixin.py:190} INFO - [2024-10-12T20:46:26.482+0000] {dag.py:4156} INFO - Setting next_dagrun for detect_1fn_anomalies_dag to 2024-10-12 20:45:00+00:00, run_after=2024-10-12 20:50:00+00:00
[2024-10-12T20:46:26.523+0000] {processor.py:208} INFO - Processing /opt/airflow/dags/Dag_detect_1FN_anomaly.py took 1.670 seconds
[2024-10-12T20:46:57.404+0000] {processor.py:186} INFO - Started process (PID=1013) to work on /opt/airflow/dags/Dag_detect_1FN_anomaly.py
[2024-10-12T20:46:57.406+0000] {processor.py:914} INFO - Processing file /opt/airflow/dags/Dag_detect_1FN_anomaly.py for tasks to queue
[2024-10-12T20:46:57.408+0000] {logging_mixin.py:190} INFO - [2024-10-12T20:46:57.408+0000] {dagbag.py:587} INFO - Filling up the DagBag from /opt/airflow/dags/Dag_detect_1FN_anomaly.py
[2024-10-12T20:46:59.005+0000] {processor.py:925} INFO - DAG(s) 'detect_1fn_anomalies_dag' retrieved from /opt/airflow/dags/Dag_detect_1FN_anomaly.py
[2024-10-12T20:46:59.202+0000] {logging_mixin.py:190} INFO - [2024-10-12T20:46:59.201+0000] {dag.py:3229} INFO - Sync 1 DAGs
[2024-10-12T20:46:59.284+0000] {logging_mixin.py:190} INFO - [2024-10-12T20:46:59.283+0000] {dag.py:4156} INFO - Setting next_dagrun for detect_1fn_anomalies_dag to 2024-10-12 20:45:00+00:00, run_after=2024-10-12 20:50:00+00:00
[2024-10-12T20:46:59.353+0000] {processor.py:208} INFO - Processing /opt/airflow/dags/Dag_detect_1FN_anomaly.py took 1.958 seconds
[2024-10-12T20:47:37.048+0000] {processor.py:186} INFO - Started process (PID=1155) to work on /opt/airflow/dags/Dag_detect_1FN_anomaly.py
[2024-10-12T20:47:37.052+0000] {processor.py:914} INFO - Processing file /opt/airflow/dags/Dag_detect_1FN_anomaly.py for tasks to queue
[2024-10-12T20:47:37.056+0000] {logging_mixin.py:190} INFO - [2024-10-12T20:47:37.056+0000] {dagbag.py:587} INFO - Filling up the DagBag from /opt/airflow/dags/Dag_detect_1FN_anomaly.py
[2024-10-12T20:47:38.779+0000] {processor.py:925} INFO - DAG(s) 'detect_1fn_anomalies_dag' retrieved from /opt/airflow/dags/Dag_detect_1FN_anomaly.py
[2024-10-12T20:47:38.924+0000] {logging_mixin.py:190} INFO - [2024-10-12T20:47:38.924+0000] {dag.py:3229} INFO - Sync 1 DAGs
[2024-10-12T20:47:38.985+0000] {logging_mixin.py:190} INFO - [2024-10-12T20:47:38.984+0000] {dag.py:4156} INFO - Setting next_dagrun for detect_1fn_anomalies_dag to 2024-10-12 20:45:00+00:00, run_after=2024-10-12 20:50:00+00:00
[2024-10-12T20:47:39.032+0000] {processor.py:208} INFO - Processing /opt/airflow/dags/Dag_detect_1FN_anomaly.py took 1.995 seconds
[2024-10-12T20:48:09.598+0000] {processor.py:186} INFO - Started process (PID=1240) to work on /opt/airflow/dags/Dag_detect_1FN_anomaly.py
[2024-10-12T20:48:09.600+0000] {processor.py:914} INFO - Processing file /opt/airflow/dags/Dag_detect_1FN_anomaly.py for tasks to queue
[2024-10-12T20:48:09.602+0000] {logging_mixin.py:190} INFO - [2024-10-12T20:48:09.602+0000] {dagbag.py:587} INFO - Filling up the DagBag from /opt/airflow/dags/Dag_detect_1FN_anomaly.py
[2024-10-12T20:48:10.680+0000] {processor.py:925} INFO - DAG(s) 'detect_1fn_anomalies_dag' retrieved from /opt/airflow/dags/Dag_detect_1FN_anomaly.py
[2024-10-12T20:48:10.821+0000] {logging_mixin.py:190} INFO - [2024-10-12T20:48:10.821+0000] {dag.py:3229} INFO - Sync 1 DAGs
[2024-10-12T20:48:10.894+0000] {logging_mixin.py:190} INFO - [2024-10-12T20:48:10.894+0000] {dag.py:4156} INFO - Setting next_dagrun for detect_1fn_anomalies_dag to 2024-10-12 20:45:00+00:00, run_after=2024-10-12 20:50:00+00:00
[2024-10-12T20:48:10.968+0000] {processor.py:208} INFO - Processing /opt/airflow/dags/Dag_detect_1FN_anomaly.py took 1.378 seconds
[2024-10-12T20:48:41.288+0000] {processor.py:186} INFO - Started process (PID=1325) to work on /opt/airflow/dags/Dag_detect_1FN_anomaly.py
[2024-10-12T20:48:41.290+0000] {processor.py:914} INFO - Processing file /opt/airflow/dags/Dag_detect_1FN_anomaly.py for tasks to queue
[2024-10-12T20:48:41.293+0000] {logging_mixin.py:190} INFO - [2024-10-12T20:48:41.292+0000] {dagbag.py:587} INFO - Filling up the DagBag from /opt/airflow/dags/Dag_detect_1FN_anomaly.py
[2024-10-12T20:48:42.390+0000] {processor.py:925} INFO - DAG(s) 'detect_1fn_anomalies_dag' retrieved from /opt/airflow/dags/Dag_detect_1FN_anomaly.py
[2024-10-12T20:48:42.529+0000] {logging_mixin.py:190} INFO - [2024-10-12T20:48:42.529+0000] {dag.py:3229} INFO - Sync 1 DAGs
[2024-10-12T20:48:42.598+0000] {logging_mixin.py:190} INFO - [2024-10-12T20:48:42.598+0000] {dag.py:4156} INFO - Setting next_dagrun for detect_1fn_anomalies_dag to 2024-10-12 20:45:00+00:00, run_after=2024-10-12 20:50:00+00:00
[2024-10-12T20:48:42.656+0000] {processor.py:208} INFO - Processing /opt/airflow/dags/Dag_detect_1FN_anomaly.py took 1.379 seconds
[2024-10-12T20:49:13.381+0000] {processor.py:186} INFO - Started process (PID=1416) to work on /opt/airflow/dags/Dag_detect_1FN_anomaly.py
[2024-10-12T20:49:13.383+0000] {processor.py:914} INFO - Processing file /opt/airflow/dags/Dag_detect_1FN_anomaly.py for tasks to queue
[2024-10-12T20:49:13.385+0000] {logging_mixin.py:190} INFO - [2024-10-12T20:49:13.384+0000] {dagbag.py:587} INFO - Filling up the DagBag from /opt/airflow/dags/Dag_detect_1FN_anomaly.py
[2024-10-12T20:49:14.185+0000] {processor.py:925} INFO - DAG(s) 'detect_1fn_anomalies_dag' retrieved from /opt/airflow/dags/Dag_detect_1FN_anomaly.py
[2024-10-12T20:49:14.327+0000] {logging_mixin.py:190} INFO - [2024-10-12T20:49:14.326+0000] {dag.py:3229} INFO - Sync 1 DAGs
[2024-10-12T20:49:14.396+0000] {logging_mixin.py:190} INFO - [2024-10-12T20:49:14.396+0000] {dag.py:4156} INFO - Setting next_dagrun for detect_1fn_anomalies_dag to 2024-10-12 20:45:00+00:00, run_after=2024-10-12 20:50:00+00:00
[2024-10-12T20:49:14.451+0000] {processor.py:208} INFO - Processing /opt/airflow/dags/Dag_detect_1FN_anomaly.py took 1.080 seconds
[2024-10-12T20:49:44.999+0000] {processor.py:186} INFO - Started process (PID=1501) to work on /opt/airflow/dags/Dag_detect_1FN_anomaly.py
[2024-10-12T20:49:45.002+0000] {processor.py:914} INFO - Processing file /opt/airflow/dags/Dag_detect_1FN_anomaly.py for tasks to queue
[2024-10-12T20:49:45.004+0000] {logging_mixin.py:190} INFO - [2024-10-12T20:49:45.004+0000] {dagbag.py:587} INFO - Filling up the DagBag from /opt/airflow/dags/Dag_detect_1FN_anomaly.py
[2024-10-12T20:49:45.893+0000] {processor.py:925} INFO - DAG(s) 'detect_1fn_anomalies_dag' retrieved from /opt/airflow/dags/Dag_detect_1FN_anomaly.py
[2024-10-12T20:49:46.059+0000] {logging_mixin.py:190} INFO - [2024-10-12T20:49:46.058+0000] {dag.py:3229} INFO - Sync 1 DAGs
[2024-10-12T20:49:46.115+0000] {logging_mixin.py:190} INFO - [2024-10-12T20:49:46.115+0000] {dag.py:4156} INFO - Setting next_dagrun for detect_1fn_anomalies_dag to 2024-10-12 20:45:00+00:00, run_after=2024-10-12 20:50:00+00:00
[2024-10-12T20:49:46.159+0000] {processor.py:208} INFO - Processing /opt/airflow/dags/Dag_detect_1FN_anomaly.py took 1.171 seconds
[2024-10-12T20:50:20.217+0000] {processor.py:186} INFO - Started process (PID=1618) to work on /opt/airflow/dags/Dag_detect_1FN_anomaly.py
[2024-10-12T20:50:20.222+0000] {processor.py:914} INFO - Processing file /opt/airflow/dags/Dag_detect_1FN_anomaly.py for tasks to queue
[2024-10-12T20:50:20.242+0000] {logging_mixin.py:190} INFO - [2024-10-12T20:50:20.241+0000] {dagbag.py:587} INFO - Filling up the DagBag from /opt/airflow/dags/Dag_detect_1FN_anomaly.py
[2024-10-12T20:50:25.697+0000] {processor.py:925} INFO - DAG(s) 'detect_1fn_anomalies_dag' retrieved from /opt/airflow/dags/Dag_detect_1FN_anomaly.py
[2024-10-12T20:50:26.302+0000] {logging_mixin.py:190} INFO - [2024-10-12T20:50:26.300+0000] {dag.py:3229} INFO - Sync 1 DAGs
[2024-10-12T20:50:26.804+0000] {logging_mixin.py:190} INFO - [2024-10-12T20:50:26.803+0000] {dag.py:4156} INFO - Setting next_dagrun for detect_1fn_anomalies_dag to 2024-10-12 20:50:00+00:00, run_after=2024-10-12 20:55:00+00:00
[2024-10-12T20:50:27.354+0000] {processor.py:208} INFO - Processing /opt/airflow/dags/Dag_detect_1FN_anomaly.py took 7.169 seconds
[2024-10-12T20:50:58.017+0000] {processor.py:186} INFO - Started process (PID=1723) to work on /opt/airflow/dags/Dag_detect_1FN_anomaly.py
[2024-10-12T20:50:58.042+0000] {processor.py:914} INFO - Processing file /opt/airflow/dags/Dag_detect_1FN_anomaly.py for tasks to queue
[2024-10-12T20:50:58.049+0000] {logging_mixin.py:190} INFO - [2024-10-12T20:50:58.045+0000] {dagbag.py:587} INFO - Filling up the DagBag from /opt/airflow/dags/Dag_detect_1FN_anomaly.py
[2024-10-12T20:51:03.026+0000] {processor.py:925} INFO - DAG(s) 'detect_1fn_anomalies_dag' retrieved from /opt/airflow/dags/Dag_detect_1FN_anomaly.py
[2024-10-12T20:51:05.083+0000] {logging_mixin.py:190} INFO - [2024-10-12T20:51:05.044+0000] {dag.py:3229} INFO - Sync 1 DAGs
[2024-10-12T20:52:26.915+0000] {processor.py:186} INFO - Started process (PID=1820) to work on /opt/airflow/dags/Dag_detect_1FN_anomaly.py
[2024-10-12T20:52:26.917+0000] {processor.py:914} INFO - Processing file /opt/airflow/dags/Dag_detect_1FN_anomaly.py for tasks to queue
[2024-10-12T20:52:26.920+0000] {logging_mixin.py:190} INFO - [2024-10-12T20:52:26.920+0000] {dagbag.py:587} INFO - Filling up the DagBag from /opt/airflow/dags/Dag_detect_1FN_anomaly.py
[2024-10-12T20:52:27.871+0000] {processor.py:925} INFO - DAG(s) 'detect_1fn_anomalies_dag' retrieved from /opt/airflow/dags/Dag_detect_1FN_anomaly.py
[2024-10-12T20:52:28.347+0000] {logging_mixin.py:190} INFO - [2024-10-12T20:52:28.346+0000] {dag.py:3229} INFO - Sync 1 DAGs
[2024-10-12T20:52:28.449+0000] {logging_mixin.py:190} INFO - [2024-10-12T20:52:28.448+0000] {dag.py:4156} INFO - Setting next_dagrun for detect_1fn_anomalies_dag to 2024-10-12 20:50:00+00:00, run_after=2024-10-12 20:55:00+00:00
[2024-10-12T20:52:28.523+0000] {processor.py:208} INFO - Processing /opt/airflow/dags/Dag_detect_1FN_anomaly.py took 1.622 seconds
[2024-10-12T20:52:58.681+0000] {processor.py:186} INFO - Started process (PID=1905) to work on /opt/airflow/dags/Dag_detect_1FN_anomaly.py
[2024-10-12T20:52:58.683+0000] {processor.py:914} INFO - Processing file /opt/airflow/dags/Dag_detect_1FN_anomaly.py for tasks to queue
[2024-10-12T20:52:58.686+0000] {logging_mixin.py:190} INFO - [2024-10-12T20:52:58.685+0000] {dagbag.py:587} INFO - Filling up the DagBag from /opt/airflow/dags/Dag_detect_1FN_anomaly.py
[2024-10-12T20:52:59.862+0000] {processor.py:925} INFO - DAG(s) 'detect_1fn_anomalies_dag' retrieved from /opt/airflow/dags/Dag_detect_1FN_anomaly.py
[2024-10-12T20:53:00.081+0000] {logging_mixin.py:190} INFO - [2024-10-12T20:53:00.080+0000] {dag.py:3229} INFO - Sync 1 DAGs
[2024-10-12T20:53:00.154+0000] {logging_mixin.py:190} INFO - [2024-10-12T20:53:00.154+0000] {dag.py:4156} INFO - Setting next_dagrun for detect_1fn_anomalies_dag to 2024-10-12 20:50:00+00:00, run_after=2024-10-12 20:55:00+00:00
[2024-10-12T20:53:00.205+0000] {processor.py:208} INFO - Processing /opt/airflow/dags/Dag_detect_1FN_anomaly.py took 1.540 seconds
[2024-10-12T20:53:30.644+0000] {processor.py:186} INFO - Started process (PID=1990) to work on /opt/airflow/dags/Dag_detect_1FN_anomaly.py
[2024-10-12T20:53:30.646+0000] {processor.py:914} INFO - Processing file /opt/airflow/dags/Dag_detect_1FN_anomaly.py for tasks to queue
[2024-10-12T20:53:30.648+0000] {logging_mixin.py:190} INFO - [2024-10-12T20:53:30.648+0000] {dagbag.py:587} INFO - Filling up the DagBag from /opt/airflow/dags/Dag_detect_1FN_anomaly.py
[2024-10-12T20:53:31.692+0000] {processor.py:925} INFO - DAG(s) 'detect_1fn_anomalies_dag' retrieved from /opt/airflow/dags/Dag_detect_1FN_anomaly.py
[2024-10-12T20:53:31.905+0000] {logging_mixin.py:190} INFO - [2024-10-12T20:53:31.904+0000] {dag.py:3229} INFO - Sync 1 DAGs
[2024-10-12T20:53:32.000+0000] {logging_mixin.py:190} INFO - [2024-10-12T20:53:32.000+0000] {dag.py:4156} INFO - Setting next_dagrun for detect_1fn_anomalies_dag to 2024-10-12 20:50:00+00:00, run_after=2024-10-12 20:55:00+00:00
[2024-10-12T20:53:32.063+0000] {processor.py:208} INFO - Processing /opt/airflow/dags/Dag_detect_1FN_anomaly.py took 1.429 seconds
[2024-10-12T20:54:02.352+0000] {processor.py:186} INFO - Started process (PID=2075) to work on /opt/airflow/dags/Dag_detect_1FN_anomaly.py
[2024-10-12T20:54:02.354+0000] {processor.py:914} INFO - Processing file /opt/airflow/dags/Dag_detect_1FN_anomaly.py for tasks to queue
[2024-10-12T20:54:02.356+0000] {logging_mixin.py:190} INFO - [2024-10-12T20:54:02.355+0000] {dagbag.py:587} INFO - Filling up the DagBag from /opt/airflow/dags/Dag_detect_1FN_anomaly.py
[2024-10-12T20:54:03.046+0000] {processor.py:925} INFO - DAG(s) 'detect_1fn_anomalies_dag' retrieved from /opt/airflow/dags/Dag_detect_1FN_anomaly.py
[2024-10-12T20:54:03.174+0000] {logging_mixin.py:190} INFO - [2024-10-12T20:54:03.174+0000] {dag.py:3229} INFO - Sync 1 DAGs
[2024-10-12T20:54:03.239+0000] {logging_mixin.py:190} INFO - [2024-10-12T20:54:03.238+0000] {dag.py:4156} INFO - Setting next_dagrun for detect_1fn_anomalies_dag to 2024-10-12 20:50:00+00:00, run_after=2024-10-12 20:55:00+00:00
[2024-10-12T20:54:03.291+0000] {processor.py:208} INFO - Processing /opt/airflow/dags/Dag_detect_1FN_anomaly.py took 0.947 seconds
[2024-10-12T20:54:33.925+0000] {processor.py:186} INFO - Started process (PID=2160) to work on /opt/airflow/dags/Dag_detect_1FN_anomaly.py
[2024-10-12T20:54:33.929+0000] {processor.py:914} INFO - Processing file /opt/airflow/dags/Dag_detect_1FN_anomaly.py for tasks to queue
[2024-10-12T20:54:33.932+0000] {logging_mixin.py:190} INFO - [2024-10-12T20:54:33.931+0000] {dagbag.py:587} INFO - Filling up the DagBag from /opt/airflow/dags/Dag_detect_1FN_anomaly.py
[2024-10-12T20:54:34.886+0000] {processor.py:925} INFO - DAG(s) 'detect_1fn_anomalies_dag' retrieved from /opt/airflow/dags/Dag_detect_1FN_anomaly.py
[2024-10-12T20:54:35.044+0000] {logging_mixin.py:190} INFO - [2024-10-12T20:54:35.043+0000] {dag.py:3229} INFO - Sync 1 DAGs
[2024-10-12T20:54:35.097+0000] {logging_mixin.py:190} INFO - [2024-10-12T20:54:35.097+0000] {dag.py:4156} INFO - Setting next_dagrun for detect_1fn_anomalies_dag to 2024-10-12 20:50:00+00:00, run_after=2024-10-12 20:55:00+00:00
[2024-10-12T20:54:35.138+0000] {processor.py:208} INFO - Processing /opt/airflow/dags/Dag_detect_1FN_anomaly.py took 1.230 seconds
[2024-10-12T20:55:06.431+0000] {processor.py:186} INFO - Started process (PID=2271) to work on /opt/airflow/dags/Dag_detect_1FN_anomaly.py
[2024-10-12T20:55:06.435+0000] {processor.py:914} INFO - Processing file /opt/airflow/dags/Dag_detect_1FN_anomaly.py for tasks to queue
[2024-10-12T20:55:06.439+0000] {logging_mixin.py:190} INFO - [2024-10-12T20:55:06.438+0000] {dagbag.py:587} INFO - Filling up the DagBag from /opt/airflow/dags/Dag_detect_1FN_anomaly.py
[2024-10-12T20:55:09.182+0000] {processor.py:925} INFO - DAG(s) 'detect_1fn_anomalies_dag' retrieved from /opt/airflow/dags/Dag_detect_1FN_anomaly.py
[2024-10-12T20:55:09.568+0000] {logging_mixin.py:190} INFO - [2024-10-12T20:55:09.567+0000] {dag.py:3229} INFO - Sync 1 DAGs
[2024-10-12T20:55:09.662+0000] {logging_mixin.py:190} INFO - [2024-10-12T20:55:09.662+0000] {dag.py:4156} INFO - Setting next_dagrun for detect_1fn_anomalies_dag to 2024-10-12 20:55:00+00:00, run_after=2024-10-12 21:00:00+00:00
[2024-10-12T20:55:09.715+0000] {processor.py:208} INFO - Processing /opt/airflow/dags/Dag_detect_1FN_anomaly.py took 3.306 seconds
[2024-10-12T20:55:40.460+0000] {processor.py:186} INFO - Started process (PID=2370) to work on /opt/airflow/dags/Dag_detect_1FN_anomaly.py
[2024-10-12T20:55:40.461+0000] {processor.py:914} INFO - Processing file /opt/airflow/dags/Dag_detect_1FN_anomaly.py for tasks to queue
[2024-10-12T20:55:40.465+0000] {logging_mixin.py:190} INFO - [2024-10-12T20:55:40.464+0000] {dagbag.py:587} INFO - Filling up the DagBag from /opt/airflow/dags/Dag_detect_1FN_anomaly.py
[2024-10-12T20:55:41.337+0000] {processor.py:925} INFO - DAG(s) 'detect_1fn_anomalies_dag' retrieved from /opt/airflow/dags/Dag_detect_1FN_anomaly.py
[2024-10-12T20:55:41.443+0000] {logging_mixin.py:190} INFO - [2024-10-12T20:55:41.442+0000] {dag.py:3229} INFO - Sync 1 DAGs
[2024-10-12T20:55:41.494+0000] {logging_mixin.py:190} INFO - [2024-10-12T20:55:41.494+0000] {dag.py:4156} INFO - Setting next_dagrun for detect_1fn_anomalies_dag to 2024-10-12 20:55:00+00:00, run_after=2024-10-12 21:00:00+00:00
[2024-10-12T20:55:41.532+0000] {processor.py:208} INFO - Processing /opt/airflow/dags/Dag_detect_1FN_anomaly.py took 1.084 seconds
[2024-10-12T20:56:11.750+0000] {processor.py:186} INFO - Started process (PID=2455) to work on /opt/airflow/dags/Dag_detect_1FN_anomaly.py
[2024-10-12T20:56:11.752+0000] {processor.py:914} INFO - Processing file /opt/airflow/dags/Dag_detect_1FN_anomaly.py for tasks to queue
[2024-10-12T20:56:11.754+0000] {logging_mixin.py:190} INFO - [2024-10-12T20:56:11.754+0000] {dagbag.py:587} INFO - Filling up the DagBag from /opt/airflow/dags/Dag_detect_1FN_anomaly.py
[2024-10-12T20:56:12.597+0000] {processor.py:925} INFO - DAG(s) 'detect_1fn_anomalies_dag' retrieved from /opt/airflow/dags/Dag_detect_1FN_anomaly.py
[2024-10-12T20:56:12.711+0000] {logging_mixin.py:190} INFO - [2024-10-12T20:56:12.711+0000] {dag.py:3229} INFO - Sync 1 DAGs
[2024-10-12T20:56:12.763+0000] {logging_mixin.py:190} INFO - [2024-10-12T20:56:12.763+0000] {dag.py:4156} INFO - Setting next_dagrun for detect_1fn_anomalies_dag to 2024-10-12 20:55:00+00:00, run_after=2024-10-12 21:00:00+00:00
[2024-10-12T20:56:12.800+0000] {processor.py:208} INFO - Processing /opt/airflow/dags/Dag_detect_1FN_anomaly.py took 1.061 seconds
[2024-10-12T20:56:42.997+0000] {processor.py:186} INFO - Started process (PID=2540) to work on /opt/airflow/dags/Dag_detect_1FN_anomaly.py
[2024-10-12T20:56:42.999+0000] {processor.py:914} INFO - Processing file /opt/airflow/dags/Dag_detect_1FN_anomaly.py for tasks to queue
[2024-10-12T20:56:43.001+0000] {logging_mixin.py:190} INFO - [2024-10-12T20:56:43.001+0000] {dagbag.py:587} INFO - Filling up the DagBag from /opt/airflow/dags/Dag_detect_1FN_anomaly.py
[2024-10-12T20:56:44.092+0000] {processor.py:925} INFO - DAG(s) 'detect_1fn_anomalies_dag' retrieved from /opt/airflow/dags/Dag_detect_1FN_anomaly.py
[2024-10-12T20:56:44.260+0000] {logging_mixin.py:190} INFO - [2024-10-12T20:56:44.259+0000] {dag.py:3229} INFO - Sync 1 DAGs
[2024-10-12T20:56:44.323+0000] {logging_mixin.py:190} INFO - [2024-10-12T20:56:44.323+0000] {dag.py:4156} INFO - Setting next_dagrun for detect_1fn_anomalies_dag to 2024-10-12 20:55:00+00:00, run_after=2024-10-12 21:00:00+00:00
[2024-10-12T20:56:44.373+0000] {processor.py:208} INFO - Processing /opt/airflow/dags/Dag_detect_1FN_anomaly.py took 1.387 seconds
[2024-10-12T20:57:14.575+0000] {processor.py:186} INFO - Started process (PID=2625) to work on /opt/airflow/dags/Dag_detect_1FN_anomaly.py
[2024-10-12T20:57:14.577+0000] {processor.py:914} INFO - Processing file /opt/airflow/dags/Dag_detect_1FN_anomaly.py for tasks to queue
[2024-10-12T20:57:14.579+0000] {logging_mixin.py:190} INFO - [2024-10-12T20:57:14.579+0000] {dagbag.py:587} INFO - Filling up the DagBag from /opt/airflow/dags/Dag_detect_1FN_anomaly.py
[2024-10-12T20:57:15.342+0000] {processor.py:925} INFO - DAG(s) 'detect_1fn_anomalies_dag' retrieved from /opt/airflow/dags/Dag_detect_1FN_anomaly.py
[2024-10-12T20:57:15.473+0000] {logging_mixin.py:190} INFO - [2024-10-12T20:57:15.472+0000] {dag.py:3229} INFO - Sync 1 DAGs
[2024-10-12T20:57:15.580+0000] {logging_mixin.py:190} INFO - [2024-10-12T20:57:15.580+0000] {dag.py:4156} INFO - Setting next_dagrun for detect_1fn_anomalies_dag to 2024-10-12 20:55:00+00:00, run_after=2024-10-12 21:00:00+00:00
[2024-10-12T20:57:15.637+0000] {processor.py:208} INFO - Processing /opt/airflow/dags/Dag_detect_1FN_anomaly.py took 1.072 seconds
[2024-10-12T20:57:46.113+0000] {processor.py:186} INFO - Started process (PID=2710) to work on /opt/airflow/dags/Dag_detect_1FN_anomaly.py
[2024-10-12T20:57:46.115+0000] {processor.py:914} INFO - Processing file /opt/airflow/dags/Dag_detect_1FN_anomaly.py for tasks to queue
[2024-10-12T20:57:46.119+0000] {logging_mixin.py:190} INFO - [2024-10-12T20:57:46.118+0000] {dagbag.py:587} INFO - Filling up the DagBag from /opt/airflow/dags/Dag_detect_1FN_anomaly.py
[2024-10-12T20:57:46.825+0000] {processor.py:925} INFO - DAG(s) 'detect_1fn_anomalies_dag' retrieved from /opt/airflow/dags/Dag_detect_1FN_anomaly.py
[2024-10-12T20:57:46.943+0000] {logging_mixin.py:190} INFO - [2024-10-12T20:57:46.942+0000] {dag.py:3229} INFO - Sync 1 DAGs
[2024-10-12T20:57:46.994+0000] {logging_mixin.py:190} INFO - [2024-10-12T20:57:46.994+0000] {dag.py:4156} INFO - Setting next_dagrun for detect_1fn_anomalies_dag to 2024-10-12 20:55:00+00:00, run_after=2024-10-12 21:00:00+00:00
[2024-10-12T20:57:47.034+0000] {processor.py:208} INFO - Processing /opt/airflow/dags/Dag_detect_1FN_anomaly.py took 0.933 seconds
[2024-10-12T20:58:17.456+0000] {processor.py:186} INFO - Started process (PID=2795) to work on /opt/airflow/dags/Dag_detect_1FN_anomaly.py
[2024-10-12T20:58:17.458+0000] {processor.py:914} INFO - Processing file /opt/airflow/dags/Dag_detect_1FN_anomaly.py for tasks to queue
[2024-10-12T20:58:17.461+0000] {logging_mixin.py:190} INFO - [2024-10-12T20:58:17.460+0000] {dagbag.py:587} INFO - Filling up the DagBag from /opt/airflow/dags/Dag_detect_1FN_anomaly.py
[2024-10-12T20:58:18.185+0000] {processor.py:925} INFO - DAG(s) 'detect_1fn_anomalies_dag' retrieved from /opt/airflow/dags/Dag_detect_1FN_anomaly.py
[2024-10-12T20:58:18.350+0000] {logging_mixin.py:190} INFO - [2024-10-12T20:58:18.349+0000] {dag.py:3229} INFO - Sync 1 DAGs
[2024-10-12T20:58:18.402+0000] {logging_mixin.py:190} INFO - [2024-10-12T20:58:18.402+0000] {dag.py:4156} INFO - Setting next_dagrun for detect_1fn_anomalies_dag to 2024-10-12 20:55:00+00:00, run_after=2024-10-12 21:00:00+00:00
[2024-10-12T20:58:18.438+0000] {processor.py:208} INFO - Processing /opt/airflow/dags/Dag_detect_1FN_anomaly.py took 0.991 seconds
[2024-10-12T20:58:48.845+0000] {processor.py:186} INFO - Started process (PID=2880) to work on /opt/airflow/dags/Dag_detect_1FN_anomaly.py
[2024-10-12T20:58:48.847+0000] {processor.py:914} INFO - Processing file /opt/airflow/dags/Dag_detect_1FN_anomaly.py for tasks to queue
[2024-10-12T20:58:48.850+0000] {logging_mixin.py:190} INFO - [2024-10-12T20:58:48.849+0000] {dagbag.py:587} INFO - Filling up the DagBag from /opt/airflow/dags/Dag_detect_1FN_anomaly.py
[2024-10-12T20:58:49.604+0000] {processor.py:925} INFO - DAG(s) 'detect_1fn_anomalies_dag' retrieved from /opt/airflow/dags/Dag_detect_1FN_anomaly.py
[2024-10-12T20:58:49.737+0000] {logging_mixin.py:190} INFO - [2024-10-12T20:58:49.736+0000] {dag.py:3229} INFO - Sync 1 DAGs
[2024-10-12T20:58:49.790+0000] {logging_mixin.py:190} INFO - [2024-10-12T20:58:49.789+0000] {dag.py:4156} INFO - Setting next_dagrun for detect_1fn_anomalies_dag to 2024-10-12 20:55:00+00:00, run_after=2024-10-12 21:00:00+00:00
[2024-10-12T20:58:49.853+0000] {processor.py:208} INFO - Processing /opt/airflow/dags/Dag_detect_1FN_anomaly.py took 1.018 seconds
[2024-10-12T20:59:20.304+0000] {processor.py:186} INFO - Started process (PID=2969) to work on /opt/airflow/dags/Dag_detect_1FN_anomaly.py
[2024-10-12T20:59:20.306+0000] {processor.py:914} INFO - Processing file /opt/airflow/dags/Dag_detect_1FN_anomaly.py for tasks to queue
[2024-10-12T20:59:20.308+0000] {logging_mixin.py:190} INFO - [2024-10-12T20:59:20.308+0000] {dagbag.py:587} INFO - Filling up the DagBag from /opt/airflow/dags/Dag_detect_1FN_anomaly.py
[2024-10-12T20:59:21.055+0000] {processor.py:925} INFO - DAG(s) 'detect_1fn_anomalies_dag' retrieved from /opt/airflow/dags/Dag_detect_1FN_anomaly.py
[2024-10-12T20:59:21.190+0000] {logging_mixin.py:190} INFO - [2024-10-12T20:59:21.190+0000] {dag.py:3229} INFO - Sync 1 DAGs
[2024-10-12T20:59:21.239+0000] {logging_mixin.py:190} INFO - [2024-10-12T20:59:21.239+0000] {dag.py:4156} INFO - Setting next_dagrun for detect_1fn_anomalies_dag to 2024-10-12 20:55:00+00:00, run_after=2024-10-12 21:00:00+00:00
[2024-10-12T20:59:21.278+0000] {processor.py:208} INFO - Processing /opt/airflow/dags/Dag_detect_1FN_anomaly.py took 0.981 seconds
[2024-10-12T20:59:51.686+0000] {processor.py:186} INFO - Started process (PID=3053) to work on /opt/airflow/dags/Dag_detect_1FN_anomaly.py
[2024-10-12T20:59:51.688+0000] {processor.py:914} INFO - Processing file /opt/airflow/dags/Dag_detect_1FN_anomaly.py for tasks to queue
[2024-10-12T20:59:51.690+0000] {logging_mixin.py:190} INFO - [2024-10-12T20:59:51.689+0000] {dagbag.py:587} INFO - Filling up the DagBag from /opt/airflow/dags/Dag_detect_1FN_anomaly.py
[2024-10-12T20:59:52.550+0000] {processor.py:925} INFO - DAG(s) 'detect_1fn_anomalies_dag' retrieved from /opt/airflow/dags/Dag_detect_1FN_anomaly.py
[2024-10-12T20:59:52.694+0000] {logging_mixin.py:190} INFO - [2024-10-12T20:59:52.693+0000] {dag.py:3229} INFO - Sync 1 DAGs
[2024-10-12T20:59:52.750+0000] {logging_mixin.py:190} INFO - [2024-10-12T20:59:52.750+0000] {dag.py:4156} INFO - Setting next_dagrun for detect_1fn_anomalies_dag to 2024-10-12 20:55:00+00:00, run_after=2024-10-12 21:00:00+00:00
[2024-10-12T20:59:52.823+0000] {processor.py:208} INFO - Processing /opt/airflow/dags/Dag_detect_1FN_anomaly.py took 1.157 seconds
[2024-10-12T21:00:49.758+0000] {processor.py:186} INFO - Started process (PID=3202) to work on /opt/airflow/dags/Dag_detect_1FN_anomaly.py
[2024-10-12T21:00:49.764+0000] {processor.py:914} INFO - Processing file /opt/airflow/dags/Dag_detect_1FN_anomaly.py for tasks to queue
[2024-10-12T21:00:49.778+0000] {logging_mixin.py:190} INFO - [2024-10-12T21:00:49.777+0000] {dagbag.py:587} INFO - Filling up the DagBag from /opt/airflow/dags/Dag_detect_1FN_anomaly.py
[2024-10-12T21:01:45.241+0000] {logging_mixin.py:190} INFO - [2024-10-12T21:01:44.855+0000] {timeout.py:68} ERROR - Process timed out, PID: 3202
[2024-10-12T21:02:24.773+0000] {processor.py:186} INFO - Started process (PID=3364) to work on /opt/airflow/dags/Dag_detect_1FN_anomaly.py
[2024-10-12T21:02:24.778+0000] {processor.py:914} INFO - Processing file /opt/airflow/dags/Dag_detect_1FN_anomaly.py for tasks to queue
[2024-10-12T21:02:24.798+0000] {logging_mixin.py:190} INFO - [2024-10-12T21:02:24.795+0000] {dagbag.py:587} INFO - Filling up the DagBag from /opt/airflow/dags/Dag_detect_1FN_anomaly.py
[2024-10-12T21:02:26.767+0000] {processor.py:925} INFO - DAG(s) 'detect_1fn_anomalies_dag' retrieved from /opt/airflow/dags/Dag_detect_1FN_anomaly.py
[2024-10-12T21:02:27.413+0000] {logging_mixin.py:190} INFO - [2024-10-12T21:02:27.412+0000] {dag.py:3229} INFO - Sync 1 DAGs
[2024-10-12T21:02:27.478+0000] {logging_mixin.py:190} INFO - [2024-10-12T21:02:27.477+0000] {dag.py:4156} INFO - Setting next_dagrun for detect_1fn_anomalies_dag to 2024-10-12 21:00:00+00:00, run_after=2024-10-12 21:05:00+00:00
[2024-10-12T21:02:27.538+0000] {processor.py:208} INFO - Processing /opt/airflow/dags/Dag_detect_1FN_anomaly.py took 2.825 seconds
[2024-10-12T21:02:57.848+0000] {processor.py:186} INFO - Started process (PID=3453) to work on /opt/airflow/dags/Dag_detect_1FN_anomaly.py
[2024-10-12T21:02:57.850+0000] {processor.py:914} INFO - Processing file /opt/airflow/dags/Dag_detect_1FN_anomaly.py for tasks to queue
[2024-10-12T21:02:57.853+0000] {logging_mixin.py:190} INFO - [2024-10-12T21:02:57.852+0000] {dagbag.py:587} INFO - Filling up the DagBag from /opt/airflow/dags/Dag_detect_1FN_anomaly.py
[2024-10-12T21:02:58.929+0000] {processor.py:925} INFO - DAG(s) 'detect_1fn_anomalies_dag' retrieved from /opt/airflow/dags/Dag_detect_1FN_anomaly.py
[2024-10-12T21:02:59.093+0000] {logging_mixin.py:190} INFO - [2024-10-12T21:02:59.092+0000] {dag.py:3229} INFO - Sync 1 DAGs
[2024-10-12T21:02:59.159+0000] {logging_mixin.py:190} INFO - [2024-10-12T21:02:59.159+0000] {dag.py:4156} INFO - Setting next_dagrun for detect_1fn_anomalies_dag to 2024-10-12 21:00:00+00:00, run_after=2024-10-12 21:05:00+00:00
[2024-10-12T21:02:59.216+0000] {processor.py:208} INFO - Processing /opt/airflow/dags/Dag_detect_1FN_anomaly.py took 1.381 seconds
[2024-10-12T21:03:29.652+0000] {processor.py:186} INFO - Started process (PID=3538) to work on /opt/airflow/dags/Dag_detect_1FN_anomaly.py
[2024-10-12T21:03:29.661+0000] {processor.py:914} INFO - Processing file /opt/airflow/dags/Dag_detect_1FN_anomaly.py for tasks to queue
[2024-10-12T21:03:29.664+0000] {logging_mixin.py:190} INFO - [2024-10-12T21:03:29.663+0000] {dagbag.py:587} INFO - Filling up the DagBag from /opt/airflow/dags/Dag_detect_1FN_anomaly.py
[2024-10-12T21:03:30.504+0000] {processor.py:925} INFO - DAG(s) 'detect_1fn_anomalies_dag' retrieved from /opt/airflow/dags/Dag_detect_1FN_anomaly.py
[2024-10-12T21:03:30.670+0000] {logging_mixin.py:190} INFO - [2024-10-12T21:03:30.668+0000] {dag.py:3229} INFO - Sync 1 DAGs
[2024-10-12T21:03:30.744+0000] {logging_mixin.py:190} INFO - [2024-10-12T21:03:30.743+0000] {dag.py:4156} INFO - Setting next_dagrun for detect_1fn_anomalies_dag to 2024-10-12 21:00:00+00:00, run_after=2024-10-12 21:05:00+00:00
[2024-10-12T21:03:30.807+0000] {processor.py:208} INFO - Processing /opt/airflow/dags/Dag_detect_1FN_anomaly.py took 1.164 seconds
[2024-10-12T21:04:01.456+0000] {processor.py:186} INFO - Started process (PID=3627) to work on /opt/airflow/dags/Dag_detect_1FN_anomaly.py
[2024-10-12T21:04:01.458+0000] {processor.py:914} INFO - Processing file /opt/airflow/dags/Dag_detect_1FN_anomaly.py for tasks to queue
[2024-10-12T21:04:01.461+0000] {logging_mixin.py:190} INFO - [2024-10-12T21:04:01.460+0000] {dagbag.py:587} INFO - Filling up the DagBag from /opt/airflow/dags/Dag_detect_1FN_anomaly.py
[2024-10-12T21:04:02.384+0000] {processor.py:925} INFO - DAG(s) 'detect_1fn_anomalies_dag' retrieved from /opt/airflow/dags/Dag_detect_1FN_anomaly.py
[2024-10-12T21:04:02.524+0000] {logging_mixin.py:190} INFO - [2024-10-12T21:04:02.524+0000] {dag.py:3229} INFO - Sync 1 DAGs
[2024-10-12T21:04:02.575+0000] {logging_mixin.py:190} INFO - [2024-10-12T21:04:02.574+0000] {dag.py:4156} INFO - Setting next_dagrun for detect_1fn_anomalies_dag to 2024-10-12 21:00:00+00:00, run_after=2024-10-12 21:05:00+00:00
[2024-10-12T21:04:02.638+0000] {processor.py:208} INFO - Processing /opt/airflow/dags/Dag_detect_1FN_anomaly.py took 1.191 seconds
[2024-10-12T21:04:32.975+0000] {processor.py:186} INFO - Started process (PID=3712) to work on /opt/airflow/dags/Dag_detect_1FN_anomaly.py
[2024-10-12T21:04:32.978+0000] {processor.py:914} INFO - Processing file /opt/airflow/dags/Dag_detect_1FN_anomaly.py for tasks to queue
[2024-10-12T21:04:32.980+0000] {logging_mixin.py:190} INFO - [2024-10-12T21:04:32.980+0000] {dagbag.py:587} INFO - Filling up the DagBag from /opt/airflow/dags/Dag_detect_1FN_anomaly.py
[2024-10-12T21:04:33.912+0000] {processor.py:925} INFO - DAG(s) 'detect_1fn_anomalies_dag' retrieved from /opt/airflow/dags/Dag_detect_1FN_anomaly.py
[2024-10-12T21:04:34.070+0000] {logging_mixin.py:190} INFO - [2024-10-12T21:04:34.069+0000] {dag.py:3229} INFO - Sync 1 DAGs
[2024-10-12T21:04:34.155+0000] {logging_mixin.py:190} INFO - [2024-10-12T21:04:34.155+0000] {dag.py:4156} INFO - Setting next_dagrun for detect_1fn_anomalies_dag to 2024-10-12 21:00:00+00:00, run_after=2024-10-12 21:05:00+00:00
[2024-10-12T21:04:34.216+0000] {processor.py:208} INFO - Processing /opt/airflow/dags/Dag_detect_1FN_anomaly.py took 1.251 seconds
[2024-10-12T21:05:05.106+0000] {processor.py:186} INFO - Started process (PID=3811) to work on /opt/airflow/dags/Dag_detect_1FN_anomaly.py
[2024-10-12T21:05:05.150+0000] {processor.py:914} INFO - Processing file /opt/airflow/dags/Dag_detect_1FN_anomaly.py for tasks to queue
[2024-10-12T21:05:05.205+0000] {logging_mixin.py:190} INFO - [2024-10-12T21:05:05.187+0000] {dagbag.py:587} INFO - Filling up the DagBag from /opt/airflow/dags/Dag_detect_1FN_anomaly.py
[2024-10-12T21:05:09.990+0000] {processor.py:925} INFO - DAG(s) 'detect_1fn_anomalies_dag' retrieved from /opt/airflow/dags/Dag_detect_1FN_anomaly.py
[2024-10-12T21:05:13.908+0000] {logging_mixin.py:190} INFO - [2024-10-12T21:05:13.900+0000] {dag.py:3229} INFO - Sync 1 DAGs
[2024-10-12T21:05:14.348+0000] {logging_mixin.py:190} INFO - [2024-10-12T21:05:14.348+0000] {dag.py:4156} INFO - Setting next_dagrun for detect_1fn_anomalies_dag to 2024-10-12 21:05:00+00:00, run_after=2024-10-12 21:10:00+00:00
[2024-10-12T21:05:14.551+0000] {processor.py:208} INFO - Processing /opt/airflow/dags/Dag_detect_1FN_anomaly.py took 9.731 seconds
[2024-10-12T21:05:45.440+0000] {processor.py:186} INFO - Started process (PID=3922) to work on /opt/airflow/dags/Dag_detect_1FN_anomaly.py
[2024-10-12T21:05:45.442+0000] {processor.py:914} INFO - Processing file /opt/airflow/dags/Dag_detect_1FN_anomaly.py for tasks to queue
[2024-10-12T21:05:45.444+0000] {logging_mixin.py:190} INFO - [2024-10-12T21:05:45.444+0000] {dagbag.py:587} INFO - Filling up the DagBag from /opt/airflow/dags/Dag_detect_1FN_anomaly.py
[2024-10-12T21:05:46.939+0000] {processor.py:925} INFO - DAG(s) 'detect_1fn_anomalies_dag' retrieved from /opt/airflow/dags/Dag_detect_1FN_anomaly.py
[2024-10-12T21:05:47.364+0000] {logging_mixin.py:190} INFO - [2024-10-12T21:05:47.362+0000] {dag.py:3229} INFO - Sync 1 DAGs
[2024-10-12T21:05:47.557+0000] {logging_mixin.py:190} INFO - [2024-10-12T21:05:47.557+0000] {dag.py:4156} INFO - Setting next_dagrun for detect_1fn_anomalies_dag to 2024-10-12 21:05:00+00:00, run_after=2024-10-12 21:10:00+00:00
[2024-10-12T21:05:47.755+0000] {processor.py:208} INFO - Processing /opt/airflow/dags/Dag_detect_1FN_anomaly.py took 2.333 seconds
[2024-10-12T21:06:17.956+0000] {processor.py:186} INFO - Started process (PID=4015) to work on /opt/airflow/dags/Dag_detect_1FN_anomaly.py
[2024-10-12T21:06:17.958+0000] {processor.py:914} INFO - Processing file /opt/airflow/dags/Dag_detect_1FN_anomaly.py for tasks to queue
[2024-10-12T21:06:17.961+0000] {logging_mixin.py:190} INFO - [2024-10-12T21:06:17.960+0000] {dagbag.py:587} INFO - Filling up the DagBag from /opt/airflow/dags/Dag_detect_1FN_anomaly.py
[2024-10-12T21:06:19.071+0000] {processor.py:925} INFO - DAG(s) 'detect_1fn_anomalies_dag' retrieved from /opt/airflow/dags/Dag_detect_1FN_anomaly.py
[2024-10-12T21:06:19.254+0000] {logging_mixin.py:190} INFO - [2024-10-12T21:06:19.253+0000] {dag.py:3229} INFO - Sync 1 DAGs
[2024-10-12T21:06:19.318+0000] {logging_mixin.py:190} INFO - [2024-10-12T21:06:19.318+0000] {dag.py:4156} INFO - Setting next_dagrun for detect_1fn_anomalies_dag to 2024-10-12 21:05:00+00:00, run_after=2024-10-12 21:10:00+00:00
[2024-10-12T21:06:19.367+0000] {processor.py:208} INFO - Processing /opt/airflow/dags/Dag_detect_1FN_anomaly.py took 1.419 seconds
[2024-10-12T21:06:49.466+0000] {processor.py:186} INFO - Started process (PID=4100) to work on /opt/airflow/dags/Dag_detect_1FN_anomaly.py
[2024-10-12T21:06:49.468+0000] {processor.py:914} INFO - Processing file /opt/airflow/dags/Dag_detect_1FN_anomaly.py for tasks to queue
[2024-10-12T21:06:49.470+0000] {logging_mixin.py:190} INFO - [2024-10-12T21:06:49.469+0000] {dagbag.py:587} INFO - Filling up the DagBag from /opt/airflow/dags/Dag_detect_1FN_anomaly.py
[2024-10-12T21:06:50.955+0000] {processor.py:925} INFO - DAG(s) 'detect_1fn_anomalies_dag' retrieved from /opt/airflow/dags/Dag_detect_1FN_anomaly.py
[2024-10-12T21:06:51.115+0000] {logging_mixin.py:190} INFO - [2024-10-12T21:06:51.114+0000] {dag.py:3229} INFO - Sync 1 DAGs
[2024-10-12T21:06:51.179+0000] {logging_mixin.py:190} INFO - [2024-10-12T21:06:51.178+0000] {dag.py:4156} INFO - Setting next_dagrun for detect_1fn_anomalies_dag to 2024-10-12 21:05:00+00:00, run_after=2024-10-12 21:10:00+00:00
[2024-10-12T21:06:51.233+0000] {processor.py:208} INFO - Processing /opt/airflow/dags/Dag_detect_1FN_anomaly.py took 1.778 seconds
[2024-10-12T21:07:21.600+0000] {processor.py:186} INFO - Started process (PID=4196) to work on /opt/airflow/dags/Dag_detect_1FN_anomaly.py
[2024-10-12T21:07:21.602+0000] {processor.py:914} INFO - Processing file /opt/airflow/dags/Dag_detect_1FN_anomaly.py for tasks to queue
[2024-10-12T21:07:21.604+0000] {logging_mixin.py:190} INFO - [2024-10-12T21:07:21.604+0000] {dagbag.py:587} INFO - Filling up the DagBag from /opt/airflow/dags/Dag_detect_1FN_anomaly.py
[2024-10-12T21:07:22.509+0000] {processor.py:925} INFO - DAG(s) 'detect_1fn_anomalies_dag' retrieved from /opt/airflow/dags/Dag_detect_1FN_anomaly.py
[2024-10-12T21:07:22.643+0000] {logging_mixin.py:190} INFO - [2024-10-12T21:07:22.642+0000] {dag.py:3229} INFO - Sync 1 DAGs
[2024-10-12T21:07:22.691+0000] {logging_mixin.py:190} INFO - [2024-10-12T21:07:22.691+0000] {dag.py:4156} INFO - Setting next_dagrun for detect_1fn_anomalies_dag to 2024-10-12 21:05:00+00:00, run_after=2024-10-12 21:10:00+00:00
[2024-10-12T21:07:22.724+0000] {processor.py:208} INFO - Processing /opt/airflow/dags/Dag_detect_1FN_anomaly.py took 1.131 seconds
[2024-10-12T21:07:53.503+0000] {processor.py:186} INFO - Started process (PID=4283) to work on /opt/airflow/dags/Dag_detect_1FN_anomaly.py
[2024-10-12T21:07:53.510+0000] {processor.py:914} INFO - Processing file /opt/airflow/dags/Dag_detect_1FN_anomaly.py for tasks to queue
[2024-10-12T21:07:53.514+0000] {logging_mixin.py:190} INFO - [2024-10-12T21:07:53.513+0000] {dagbag.py:587} INFO - Filling up the DagBag from /opt/airflow/dags/Dag_detect_1FN_anomaly.py
[2024-10-12T21:07:54.613+0000] {processor.py:925} INFO - DAG(s) 'detect_1fn_anomalies_dag' retrieved from /opt/airflow/dags/Dag_detect_1FN_anomaly.py
[2024-10-12T21:07:54.788+0000] {logging_mixin.py:190} INFO - [2024-10-12T21:07:54.788+0000] {dag.py:3229} INFO - Sync 1 DAGs
[2024-10-12T21:07:54.851+0000] {logging_mixin.py:190} INFO - [2024-10-12T21:07:54.851+0000] {dag.py:4156} INFO - Setting next_dagrun for detect_1fn_anomalies_dag to 2024-10-12 21:05:00+00:00, run_after=2024-10-12 21:10:00+00:00
[2024-10-12T21:07:54.897+0000] {processor.py:208} INFO - Processing /opt/airflow/dags/Dag_detect_1FN_anomaly.py took 1.408 seconds
[2024-10-12T21:08:25.343+0000] {processor.py:186} INFO - Started process (PID=4370) to work on /opt/airflow/dags/Dag_detect_1FN_anomaly.py
[2024-10-12T21:08:25.350+0000] {processor.py:914} INFO - Processing file /opt/airflow/dags/Dag_detect_1FN_anomaly.py for tasks to queue
[2024-10-12T21:08:25.355+0000] {logging_mixin.py:190} INFO - [2024-10-12T21:08:25.355+0000] {dagbag.py:587} INFO - Filling up the DagBag from /opt/airflow/dags/Dag_detect_1FN_anomaly.py
[2024-10-12T21:08:26.249+0000] {processor.py:925} INFO - DAG(s) 'detect_1fn_anomalies_dag' retrieved from /opt/airflow/dags/Dag_detect_1FN_anomaly.py
[2024-10-12T21:08:26.388+0000] {logging_mixin.py:190} INFO - [2024-10-12T21:08:26.388+0000] {dag.py:3229} INFO - Sync 1 DAGs
[2024-10-12T21:08:26.469+0000] {logging_mixin.py:190} INFO - [2024-10-12T21:08:26.469+0000] {dag.py:4156} INFO - Setting next_dagrun for detect_1fn_anomalies_dag to 2024-10-12 21:05:00+00:00, run_after=2024-10-12 21:10:00+00:00
[2024-10-12T21:08:26.521+0000] {processor.py:208} INFO - Processing /opt/airflow/dags/Dag_detect_1FN_anomaly.py took 1.204 seconds
[2024-10-12T21:08:56.834+0000] {processor.py:186} INFO - Started process (PID=4455) to work on /opt/airflow/dags/Dag_detect_1FN_anomaly.py
[2024-10-12T21:08:56.836+0000] {processor.py:914} INFO - Processing file /opt/airflow/dags/Dag_detect_1FN_anomaly.py for tasks to queue
[2024-10-12T21:08:56.838+0000] {logging_mixin.py:190} INFO - [2024-10-12T21:08:56.837+0000] {dagbag.py:587} INFO - Filling up the DagBag from /opt/airflow/dags/Dag_detect_1FN_anomaly.py
[2024-10-12T21:08:57.586+0000] {processor.py:925} INFO - DAG(s) 'detect_1fn_anomalies_dag' retrieved from /opt/airflow/dags/Dag_detect_1FN_anomaly.py
[2024-10-12T21:08:57.739+0000] {logging_mixin.py:190} INFO - [2024-10-12T21:08:57.739+0000] {dag.py:3229} INFO - Sync 1 DAGs
[2024-10-12T21:08:57.795+0000] {logging_mixin.py:190} INFO - [2024-10-12T21:08:57.795+0000] {dag.py:4156} INFO - Setting next_dagrun for detect_1fn_anomalies_dag to 2024-10-12 21:05:00+00:00, run_after=2024-10-12 21:10:00+00:00
[2024-10-12T21:08:57.845+0000] {processor.py:208} INFO - Processing /opt/airflow/dags/Dag_detect_1FN_anomaly.py took 1.024 seconds
[2024-10-12T21:09:28.341+0000] {processor.py:186} INFO - Started process (PID=4540) to work on /opt/airflow/dags/Dag_detect_1FN_anomaly.py
[2024-10-12T21:09:28.343+0000] {processor.py:914} INFO - Processing file /opt/airflow/dags/Dag_detect_1FN_anomaly.py for tasks to queue
[2024-10-12T21:09:28.345+0000] {logging_mixin.py:190} INFO - [2024-10-12T21:09:28.344+0000] {dagbag.py:587} INFO - Filling up the DagBag from /opt/airflow/dags/Dag_detect_1FN_anomaly.py
[2024-10-12T21:09:29.236+0000] {processor.py:925} INFO - DAG(s) 'detect_1fn_anomalies_dag' retrieved from /opt/airflow/dags/Dag_detect_1FN_anomaly.py
[2024-10-12T21:09:29.408+0000] {logging_mixin.py:190} INFO - [2024-10-12T21:09:29.407+0000] {dag.py:3229} INFO - Sync 1 DAGs
[2024-10-12T21:09:29.476+0000] {logging_mixin.py:190} INFO - [2024-10-12T21:09:29.475+0000] {dag.py:4156} INFO - Setting next_dagrun for detect_1fn_anomalies_dag to 2024-10-12 21:05:00+00:00, run_after=2024-10-12 21:10:00+00:00
[2024-10-12T21:09:29.538+0000] {processor.py:208} INFO - Processing /opt/airflow/dags/Dag_detect_1FN_anomaly.py took 1.206 seconds
[2024-10-12T21:10:00.454+0000] {processor.py:186} INFO - Started process (PID=4625) to work on /opt/airflow/dags/Dag_detect_1FN_anomaly.py
[2024-10-12T21:10:00.457+0000] {processor.py:914} INFO - Processing file /opt/airflow/dags/Dag_detect_1FN_anomaly.py for tasks to queue
[2024-10-12T21:10:00.461+0000] {logging_mixin.py:190} INFO - [2024-10-12T21:10:00.460+0000] {dagbag.py:587} INFO - Filling up the DagBag from /opt/airflow/dags/Dag_detect_1FN_anomaly.py
[2024-10-12T21:10:01.758+0000] {processor.py:925} INFO - DAG(s) 'detect_1fn_anomalies_dag' retrieved from /opt/airflow/dags/Dag_detect_1FN_anomaly.py
[2024-10-12T21:10:02.587+0000] {logging_mixin.py:190} INFO - [2024-10-12T21:10:02.586+0000] {dag.py:3229} INFO - Sync 1 DAGs
[2024-10-12T21:10:04.724+0000] {logging_mixin.py:190} INFO - [2024-10-12T21:10:04.723+0000] {dag.py:4156} INFO - Setting next_dagrun for detect_1fn_anomalies_dag to 2024-10-12 21:10:00+00:00, run_after=2024-10-12 21:15:00+00:00
[2024-10-12T21:10:04.882+0000] {processor.py:208} INFO - Processing /opt/airflow/dags/Dag_detect_1FN_anomaly.py took 4.444 seconds
[2024-10-12T21:10:35.620+0000] {processor.py:186} INFO - Started process (PID=4755) to work on /opt/airflow/dags/Dag_detect_1FN_anomaly.py
[2024-10-12T21:10:35.627+0000] {processor.py:914} INFO - Processing file /opt/airflow/dags/Dag_detect_1FN_anomaly.py for tasks to queue
[2024-10-12T21:10:35.630+0000] {logging_mixin.py:190} INFO - [2024-10-12T21:10:35.629+0000] {dagbag.py:587} INFO - Filling up the DagBag from /opt/airflow/dags/Dag_detect_1FN_anomaly.py
[2024-10-12T21:10:36.497+0000] {processor.py:925} INFO - DAG(s) 'detect_1fn_anomalies_dag' retrieved from /opt/airflow/dags/Dag_detect_1FN_anomaly.py
[2024-10-12T21:10:36.634+0000] {logging_mixin.py:190} INFO - [2024-10-12T21:10:36.634+0000] {dag.py:3229} INFO - Sync 1 DAGs
[2024-10-12T21:10:37.208+0000] {logging_mixin.py:190} INFO - [2024-10-12T21:10:37.208+0000] {dag.py:4156} INFO - Setting next_dagrun for detect_1fn_anomalies_dag to 2024-10-12 21:10:00+00:00, run_after=2024-10-12 21:15:00+00:00
[2024-10-12T21:10:37.263+0000] {processor.py:208} INFO - Processing /opt/airflow/dags/Dag_detect_1FN_anomaly.py took 1.655 seconds
[2024-10-12T21:11:07.554+0000] {processor.py:186} INFO - Started process (PID=4840) to work on /opt/airflow/dags/Dag_detect_1FN_anomaly.py
[2024-10-12T21:11:07.556+0000] {processor.py:914} INFO - Processing file /opt/airflow/dags/Dag_detect_1FN_anomaly.py for tasks to queue
[2024-10-12T21:11:07.558+0000] {logging_mixin.py:190} INFO - [2024-10-12T21:11:07.558+0000] {dagbag.py:587} INFO - Filling up the DagBag from /opt/airflow/dags/Dag_detect_1FN_anomaly.py
[2024-10-12T21:11:08.196+0000] {processor.py:925} INFO - DAG(s) 'detect_1fn_anomalies_dag' retrieved from /opt/airflow/dags/Dag_detect_1FN_anomaly.py
[2024-10-12T21:11:08.418+0000] {logging_mixin.py:190} INFO - [2024-10-12T21:11:08.418+0000] {dag.py:3229} INFO - Sync 1 DAGs
[2024-10-12T21:11:08.462+0000] {logging_mixin.py:190} INFO - [2024-10-12T21:11:08.462+0000] {dag.py:4156} INFO - Setting next_dagrun for detect_1fn_anomalies_dag to 2024-10-12 21:10:00+00:00, run_after=2024-10-12 21:15:00+00:00
[2024-10-12T21:11:08.497+0000] {processor.py:208} INFO - Processing /opt/airflow/dags/Dag_detect_1FN_anomaly.py took 0.951 seconds
[2024-10-12T21:11:38.784+0000] {processor.py:186} INFO - Started process (PID=4925) to work on /opt/airflow/dags/Dag_detect_1FN_anomaly.py
[2024-10-12T21:11:38.786+0000] {processor.py:914} INFO - Processing file /opt/airflow/dags/Dag_detect_1FN_anomaly.py for tasks to queue
[2024-10-12T21:11:38.789+0000] {logging_mixin.py:190} INFO - [2024-10-12T21:11:38.789+0000] {dagbag.py:587} INFO - Filling up the DagBag from /opt/airflow/dags/Dag_detect_1FN_anomaly.py
[2024-10-12T21:11:39.611+0000] {processor.py:925} INFO - DAG(s) 'detect_1fn_anomalies_dag' retrieved from /opt/airflow/dags/Dag_detect_1FN_anomaly.py
[2024-10-12T21:11:40.000+0000] {logging_mixin.py:190} INFO - [2024-10-12T21:11:40.000+0000] {dag.py:3229} INFO - Sync 1 DAGs
[2024-10-12T21:11:40.072+0000] {logging_mixin.py:190} INFO - [2024-10-12T21:11:40.071+0000] {dag.py:4156} INFO - Setting next_dagrun for detect_1fn_anomalies_dag to 2024-10-12 21:10:00+00:00, run_after=2024-10-12 21:15:00+00:00
[2024-10-12T21:11:40.137+0000] {processor.py:208} INFO - Processing /opt/airflow/dags/Dag_detect_1FN_anomaly.py took 1.365 seconds
