[2024-09-14T21:01:52.632+0000] {local_task_job_runner.py:123} INFO - ::group::Pre task execution logs
[2024-09-14T21:01:54.342+0000] {taskinstance.py:2612} INFO - Dependencies all met for dep_context=non-requeueable deps ti=<TaskInstance: welcome_dag.print_date scheduled__2024-09-14T21:00:22+00:00 [queued]>
[2024-09-14T21:01:54.468+0000] {taskinstance.py:2612} INFO - Dependencies all met for dep_context=requeueable deps ti=<TaskInstance: welcome_dag.print_date scheduled__2024-09-14T21:00:22+00:00 [queued]>
[2024-09-14T21:01:54.476+0000] {taskinstance.py:2865} INFO - Starting attempt 1 of 1
[2024-09-14T21:01:54.674+0000] {taskinstance.py:2888} INFO - Executing <Task(PythonOperator): print_date> on 2024-09-14 21:00:22+00:00
[2024-09-14T21:01:54.794+0000] {logging_mixin.py:190} WARNING - /home/airflow/.local/lib/python3.12/site-packages/airflow/task/task_runner/standard_task_runner.py:70 DeprecationWarning: This process (pid=1196) is multi-threaded, use of fork() may lead to deadlocks in the child.
[2024-09-14T21:01:54.851+0000] {standard_task_runner.py:72} INFO - Started process 1240 to run task
[2024-09-14T21:01:54.899+0000] {standard_task_runner.py:104} INFO - Running: ['airflow', 'tasks', 'run', 'welcome_dag', 'print_date', 'scheduled__2024-09-14T21:00:22+00:00', '--job-id', '4629', '--raw', '--subdir', 'DAGS_FOLDER/Awelcome_dags.py', '--cfg-path', '/tmp/tmp6d7_2vk9']
[2024-09-14T21:01:54.938+0000] {standard_task_runner.py:105} INFO - Job 4629: Subtask print_date
[2024-09-14T21:02:00.239+0000] {task_command.py:467} INFO - Running <TaskInstance: welcome_dag.print_date scheduled__2024-09-14T21:00:22+00:00 [running]> on host 7403e816bcf5
[2024-09-14T21:02:01.381+0000] {job.py:229} INFO - Heartbeat recovered after 16.46 seconds
[2024-09-14T21:02:05.401+0000] {taskinstance.py:3131} INFO - Exporting env vars: AIRFLOW_CTX_DAG_OWNER='airflow' AIRFLOW_CTX_DAG_ID='welcome_dag' AIRFLOW_CTX_TASK_ID='print_date' AIRFLOW_CTX_EXECUTION_DATE='2024-09-14T21:00:22+00:00' AIRFLOW_CTX_TRY_NUMBER='1' AIRFLOW_CTX_DAG_RUN_ID='scheduled__2024-09-14T21:00:22+00:00'
[2024-09-14T21:02:05.407+0000] {taskinstance.py:731} INFO - ::endgroup::
[2024-09-14T21:02:05.488+0000] {logging_mixin.py:190} INFO - Today is 2024-09-14
[2024-09-14T21:02:05.502+0000] {python.py:240} INFO - Done. Returned value was: None
[2024-09-14T21:02:06.561+0000] {taskinstance.py:340} INFO - ::group::Post task execution logs
[2024-09-14T21:02:06.565+0000] {taskinstance.py:352} INFO - Marking task as SUCCESS. dag_id=welcome_dag, task_id=print_date, run_id=scheduled__2024-09-14T21:00:22+00:00, execution_date=20240914T210022, start_date=20240914T210154, end_date=20240914T210206
[2024-09-14T21:02:06.817+0000] {local_task_job_runner.py:266} INFO - Task exited with return code 0
[2024-09-14T21:02:07.229+0000] {taskinstance.py:3900} INFO - 0 downstream tasks scheduled from follow-on schedule check
[2024-09-14T21:02:07.238+0000] {local_task_job_runner.py:245} INFO - ::endgroup::
