[2024-09-10T15:30:03.533+0000] {local_task_job_runner.py:123} INFO - ::group::Pre task execution logs
[2024-09-10T15:30:03.980+0000] {taskinstance.py:2612} INFO - Dependencies all met for dep_context=non-requeueable deps ti=<TaskInstance: correction_Dag_Valeu_NULL.correct_transactions_anomalies scheduled__2024-09-10T15:25:00+00:00 [queued]>
[2024-09-10T15:30:04.062+0000] {taskinstance.py:2612} INFO - Dependencies all met for dep_context=requeueable deps ti=<TaskInstance: correction_Dag_Valeu_NULL.correct_transactions_anomalies scheduled__2024-09-10T15:25:00+00:00 [queued]>
[2024-09-10T15:30:04.065+0000] {taskinstance.py:2865} INFO - Starting attempt 1 of 2
[2024-09-10T15:30:04.241+0000] {taskinstance.py:2888} INFO - Executing <Task(PythonOperator): correct_transactions_anomalies> on 2024-09-10 15:25:00+00:00
[2024-09-10T15:30:04.349+0000] {logging_mixin.py:190} WARNING - /home/airflow/.local/lib/python3.12/site-packages/airflow/task/task_runner/standard_task_runner.py:70 DeprecationWarning: This process (pid=20467) is multi-threaded, use of fork() may lead to deadlocks in the child.
[2024-09-10T15:30:04.370+0000] {standard_task_runner.py:72} INFO - Started process 20494 to run task
[2024-09-10T15:30:04.335+0000] {standard_task_runner.py:104} INFO - Running: ['airflow', 'tasks', 'run', 'correction_Dag_Valeu_NULL', 'correct_transactions_anomalies', 'scheduled__2024-09-10T15:25:00+00:00', '--job-id', '2640', '--raw', '--subdir', 'DAGS_FOLDER/Correction_dag_Valeur_NULL.py', '--cfg-path', '/tmp/tmp0zo5q_k8']
[2024-09-10T15:30:04.420+0000] {standard_task_runner.py:105} INFO - Job 2640: Subtask correct_transactions_anomalies
[2024-09-10T15:30:06.014+0000] {task_command.py:467} INFO - Running <TaskInstance: correction_Dag_Valeu_NULL.correct_transactions_anomalies scheduled__2024-09-10T15:25:00+00:00 [running]> on host 5f241b76205c
[2024-09-10T15:30:11.393+0000] {taskinstance.py:3131} INFO - Exporting env vars: AIRFLOW_CTX_DAG_OWNER='airflow' AIRFLOW_CTX_DAG_ID='correction_Dag_Valeu_NULL' AIRFLOW_CTX_TASK_ID='correct_transactions_anomalies' AIRFLOW_CTX_EXECUTION_DATE='2024-09-10T15:25:00+00:00' AIRFLOW_CTX_TRY_NUMBER='1' AIRFLOW_CTX_DAG_RUN_ID='scheduled__2024-09-10T15:25:00+00:00'
[2024-09-10T15:30:11.400+0000] {taskinstance.py:731} INFO - ::endgroup::
[2024-09-10T15:30:12.192+0000] {logging_mixin.py:190} INFO - Correction des anomalies dans la table Transactions réussie.
[2024-09-10T15:30:12.196+0000] {python.py:240} INFO - Done. Returned value was: None
[2024-09-10T15:30:13.262+0000] {taskinstance.py:340} INFO - ::group::Post task execution logs
[2024-09-10T15:30:13.264+0000] {taskinstance.py:352} INFO - Marking task as SUCCESS. dag_id=correction_Dag_Valeu_NULL, task_id=correct_transactions_anomalies, run_id=scheduled__2024-09-10T15:25:00+00:00, execution_date=20240910T152500, start_date=20240910T153003, end_date=20240910T153013
[2024-09-10T15:30:13.700+0000] {local_task_job_runner.py:266} INFO - Task exited with return code 0
[2024-09-10T15:30:14.313+0000] {taskinstance.py:3900} INFO - 0 downstream tasks scheduled from follow-on schedule check
[2024-09-10T15:30:14.339+0000] {local_task_job_runner.py:245} INFO - ::endgroup::
[2024-09-10T15:30:14.438+0000] {standard_task_runner.py:217} INFO - Process not found (most likely exited), stop collecting metrics
