[2024-09-13T19:00:04.904+0000] {local_task_job_runner.py:123} INFO - ::group::Pre task execution logs
[2024-09-13T19:00:06.158+0000] {taskinstance.py:2612} INFO - Dependencies all met for dep_context=non-requeueable deps ti=<TaskInstance: correction_Dag_Valeu_NULL.correct_transactions_anomalies scheduled__2024-09-13T18:55:00+00:00 [queued]>
[2024-09-13T19:00:06.289+0000] {taskinstance.py:2612} INFO - Dependencies all met for dep_context=requeueable deps ti=<TaskInstance: correction_Dag_Valeu_NULL.correct_transactions_anomalies scheduled__2024-09-13T18:55:00+00:00 [queued]>
[2024-09-13T19:00:06.291+0000] {taskinstance.py:2865} INFO - Starting attempt 1 of 2
[2024-09-13T19:00:06.495+0000] {taskinstance.py:2888} INFO - Executing <Task(PythonOperator): correct_transactions_anomalies> on 2024-09-13 18:55:00+00:00
[2024-09-13T19:00:06.656+0000] {logging_mixin.py:190} WARNING - /home/airflow/.local/lib/python3.12/site-packages/airflow/task/task_runner/standard_task_runner.py:70 DeprecationWarning: This process (pid=46168) is multi-threaded, use of fork() may lead to deadlocks in the child.
[2024-09-13T19:00:06.665+0000] {standard_task_runner.py:72} INFO - Started process 46205 to run task
[2024-09-13T19:00:06.696+0000] {standard_task_runner.py:104} INFO - Running: ['airflow', 'tasks', 'run', 'correction_Dag_Valeu_NULL', 'correct_transactions_anomalies', 'scheduled__2024-09-13T18:55:00+00:00', '--job-id', '3205', '--raw', '--subdir', 'DAGS_FOLDER/Correction_dag_Valeur_NULL.py', '--cfg-path', '/tmp/tmprxqmi74u']
[2024-09-13T19:00:06.710+0000] {standard_task_runner.py:105} INFO - Job 3205: Subtask correct_transactions_anomalies
[2024-09-13T19:00:09.707+0000] {task_command.py:467} INFO - Running <TaskInstance: correction_Dag_Valeu_NULL.correct_transactions_anomalies scheduled__2024-09-13T18:55:00+00:00 [running]> on host 7403e816bcf5
[2024-09-13T19:00:15.934+0000] {job.py:229} INFO - Heartbeat recovered after 13.48 seconds
[2024-09-13T19:00:21.188+0000] {taskinstance.py:3131} INFO - Exporting env vars: AIRFLOW_CTX_DAG_OWNER='airflow' AIRFLOW_CTX_DAG_ID='correction_Dag_Valeu_NULL' AIRFLOW_CTX_TASK_ID='correct_transactions_anomalies' AIRFLOW_CTX_EXECUTION_DATE='2024-09-13T18:55:00+00:00' AIRFLOW_CTX_TRY_NUMBER='1' AIRFLOW_CTX_DAG_RUN_ID='scheduled__2024-09-13T18:55:00+00:00'
[2024-09-13T19:00:21.220+0000] {taskinstance.py:731} INFO - ::endgroup::
[2024-09-13T19:00:26.617+0000] {job.py:229} INFO - Heartbeat recovered after 11.07 seconds
[2024-09-13T19:00:26.966+0000] {logging_mixin.py:190} INFO - Correction des anomalies dans la table Transactions réussie.
[2024-09-13T19:00:26.969+0000] {python.py:240} INFO - Done. Returned value was: None
[2024-09-13T19:00:42.710+0000] {taskinstance.py:340} INFO - ::group::Post task execution logs
[2024-09-13T19:00:42.777+0000] {taskinstance.py:352} INFO - Marking task as SUCCESS. dag_id=correction_Dag_Valeu_NULL, task_id=correct_transactions_anomalies, run_id=scheduled__2024-09-13T18:55:00+00:00, execution_date=20240913T185500, start_date=20240913T190006, end_date=20240913T190042
[2024-09-13T19:02:03.791+0000] {job.py:229} INFO - Heartbeat recovered after 97.37 seconds
[2024-09-13T19:02:13.316+0000] {standard_task_runner.py:217} INFO - Process not found (most likely exited), stop collecting metrics
[2024-09-13T19:02:13.739+0000] {local_task_job_runner.py:266} INFO - Task exited with return code 0
[2024-09-13T19:02:17.563+0000] {taskinstance.py:3900} INFO - 0 downstream tasks scheduled from follow-on schedule check
[2024-09-13T19:02:17.625+0000] {local_task_job_runner.py:245} INFO - ::endgroup::
