[2024-09-14T22:07:11.136+0000] {local_task_job_runner.py:123} INFO - ::group::Pre task execution logs
[2024-09-14T22:07:11.863+0000] {taskinstance.py:2612} INFO - Dependencies all met for dep_context=non-requeueable deps ti=<TaskInstance: detect_transaction_date_anomalies_dag.run_anomaly_detection scheduled__2024-09-14T21:55:00+00:00 [queued]>
[2024-09-14T22:07:11.955+0000] {taskinstance.py:2612} INFO - Dependencies all met for dep_context=requeueable deps ti=<TaskInstance: detect_transaction_date_anomalies_dag.run_anomaly_detection scheduled__2024-09-14T21:55:00+00:00 [queued]>
[2024-09-14T22:07:11.964+0000] {taskinstance.py:2865} INFO - Starting attempt 2 of 2
[2024-09-14T22:07:12.535+0000] {taskinstance.py:2888} INFO - Executing <Task(PythonOperator): run_anomaly_detection> on 2024-09-14 21:55:00+00:00
[2024-09-14T22:07:13.270+0000] {standard_task_runner.py:104} INFO - Running: ['airflow', 'tasks', 'run', 'detect_transaction_date_anomalies_dag', 'run_anomaly_detection', 'scheduled__2024-09-14T21:55:00+00:00', '--job-id', '4816', '--raw', '--subdir', 'DAGS_FOLDER/Dag-Transaction-Date-in-the-Paste.py', '--cfg-path', '/tmp/tmpf1mi0d66']
[2024-09-14T22:07:13.345+0000] {standard_task_runner.py:105} INFO - Job 4816: Subtask run_anomaly_detection
[2024-09-14T22:07:13.347+0000] {logging_mixin.py:190} WARNING - /home/airflow/.local/lib/python3.12/site-packages/airflow/task/task_runner/standard_task_runner.py:70 DeprecationWarning: This process (pid=11535) is multi-threaded, use of fork() may lead to deadlocks in the child.
[2024-09-14T22:07:13.373+0000] {standard_task_runner.py:72} INFO - Started process 11585 to run task
[2024-09-14T22:07:21.956+0000] {job.py:229} INFO - Heartbeat recovered after 18.11 seconds
[2024-09-14T22:07:23.528+0000] {task_command.py:467} INFO - Running <TaskInstance: detect_transaction_date_anomalies_dag.run_anomaly_detection scheduled__2024-09-14T21:55:00+00:00 [running]> on host 7403e816bcf5
[2024-09-14T22:07:30.791+0000] {taskinstance.py:3131} INFO - Exporting env vars: AIRFLOW_CTX_DAG_OWNER='airflow' AIRFLOW_CTX_DAG_ID='detect_transaction_date_anomalies_dag' AIRFLOW_CTX_TASK_ID='run_anomaly_detection' AIRFLOW_CTX_EXECUTION_DATE='2024-09-14T21:55:00+00:00' AIRFLOW_CTX_TRY_NUMBER='2' AIRFLOW_CTX_DAG_RUN_ID='scheduled__2024-09-14T21:55:00+00:00'
[2024-09-14T22:07:31.094+0000] {taskinstance.py:731} INFO - ::endgroup::
[2024-09-14T22:07:32.621+0000] {job.py:229} INFO - Heartbeat recovered after 11.22 seconds
[2024-09-14T22:07:35.191+0000] {Dag-Transaction-Date-in-the-Paste.py:97} INFO - Inserting 2 detected anomalies
[2024-09-14T22:07:37.584+0000] {python.py:240} INFO - Done. Returned value was: None
[2024-09-14T22:07:38.312+0000] {taskinstance.py:340} INFO - ::group::Post task execution logs
[2024-09-14T22:07:38.324+0000] {taskinstance.py:352} INFO - Marking task as SUCCESS. dag_id=detect_transaction_date_anomalies_dag, task_id=run_anomaly_detection, run_id=scheduled__2024-09-14T21:55:00+00:00, execution_date=20240914T215500, start_date=20240914T220711, end_date=20240914T220738
[2024-09-14T22:07:39.000+0000] {local_task_job_runner.py:266} INFO - Task exited with return code 0
[2024-09-14T22:07:41.666+0000] {taskinstance.py:3900} INFO - 0 downstream tasks scheduled from follow-on schedule check
[2024-09-14T22:07:41.700+0000] {local_task_job_runner.py:245} INFO - ::endgroup::
[2024-09-14T22:07:43.468+0000] {standard_task_runner.py:217} INFO - Process not found (most likely exited), stop collecting metrics
