[2024-09-11T00:00:16.689+0000] {local_task_job_runner.py:123} INFO - ::group::Pre task execution logs
[2024-09-11T00:00:20.033+0000] {taskinstance.py:2612} INFO - Dependencies all met for dep_context=non-requeueable deps ti=<TaskInstance: welcome_dag.print_welcome scheduled__2024-09-10T23:00:59+00:00 [queued]>
[2024-09-11T00:00:20.853+0000] {taskinstance.py:2612} INFO - Dependencies all met for dep_context=requeueable deps ti=<TaskInstance: welcome_dag.print_welcome scheduled__2024-09-10T23:00:59+00:00 [queued]>
[2024-09-11T00:00:20.867+0000] {taskinstance.py:2865} INFO - Starting attempt 1 of 1
[2024-09-11T00:00:23.565+0000] {taskinstance.py:2888} INFO - Executing <Task(PythonOperator): print_welcome> on 2024-09-10 23:00:59+00:00
[2024-09-11T00:00:24.930+0000] {logging_mixin.py:190} WARNING - /home/airflow/.local/lib/python3.12/site-packages/airflow/task/task_runner/standard_task_runner.py:70 DeprecationWarning: This process (pid=7070) is multi-threaded, use of fork() may lead to deadlocks in the child.
[2024-09-11T00:00:25.263+0000] {standard_task_runner.py:72} INFO - Started process 7115 to run task
[2024-09-11T00:00:24.240+0000] {standard_task_runner.py:104} INFO - Running: ['airflow', 'tasks', 'run', 'welcome_dag', 'print_welcome', 'scheduled__2024-09-10T23:00:59+00:00', '--job-id', '217', '--raw', '--subdir', 'DAGS_FOLDER/Awelcome_dags.py', '--cfg-path', '/tmp/tmpr7ouwmxq']
[2024-09-11T00:00:25.273+0000] {standard_task_runner.py:105} INFO - Job 217: Subtask print_welcome
[2024-09-11T00:00:33.574+0000] {job.py:229} INFO - Heartbeat recovered after 24.16 seconds
[2024-09-11T00:00:36.966+0000] {task_command.py:467} INFO - Running <TaskInstance: welcome_dag.print_welcome scheduled__2024-09-10T23:00:59+00:00 [running]> on host 5cd9362923f6
[2024-09-11T00:00:47.569+0000] {job.py:229} INFO - Heartbeat recovered after 14.70 seconds
[2024-09-11T00:01:16.578+0000] {job.py:229} INFO - Heartbeat recovered after 29.02 seconds
[2024-09-11T00:01:21.562+0000] {taskinstance.py:3131} INFO - Exporting env vars: AIRFLOW_CTX_DAG_OWNER='airflow' AIRFLOW_CTX_DAG_ID='welcome_dag' AIRFLOW_CTX_TASK_ID='print_welcome' AIRFLOW_CTX_EXECUTION_DATE='2024-09-10T23:00:59+00:00' AIRFLOW_CTX_TRY_NUMBER='1' AIRFLOW_CTX_DAG_RUN_ID='scheduled__2024-09-10T23:00:59+00:00'
[2024-09-11T00:01:22.409+0000] {taskinstance.py:731} INFO - ::endgroup::
[2024-09-11T00:01:24.695+0000] {logging_mixin.py:190} INFO - Welcome to Airflow!
[2024-09-11T00:01:24.722+0000] {python.py:240} INFO - Done. Returned value was: None
[2024-09-11T00:01:28.087+0000] {job.py:229} INFO - Heartbeat recovered after 11.68 seconds
[2024-09-11T00:01:28.436+0000] {taskinstance.py:340} INFO - ::group::Post task execution logs
[2024-09-11T00:01:28.463+0000] {taskinstance.py:352} INFO - Marking task as SUCCESS. dag_id=welcome_dag, task_id=print_welcome, run_id=scheduled__2024-09-10T23:00:59+00:00, execution_date=20240910T230059, start_date=20240911T000020, end_date=20240911T000128
[2024-09-11T00:01:33.279+0000] {local_task_job_runner.py:266} INFO - Task exited with return code 0
[2024-09-11T00:01:36.295+0000] {standard_task_runner.py:217} INFO - Process not found (most likely exited), stop collecting metrics
[2024-09-11T00:01:37.219+0000] {taskinstance.py:3900} INFO - 0 downstream tasks scheduled from follow-on schedule check
[2024-09-11T00:01:37.251+0000] {local_task_job_runner.py:245} INFO - ::endgroup::
