[2024-09-10T20:30:28.917+0000] {local_task_job_runner.py:123} INFO - ::group::Pre task execution logs
[2024-09-10T20:30:29.605+0000] {taskinstance.py:2612} INFO - Dependencies all met for dep_context=non-requeueable deps ti=<TaskInstance: detect_transaction_date_anomalies_dag.run_anomaly_detection scheduled__2024-09-10T20:25:00+00:00 [queued]>
[2024-09-10T20:30:29.638+0000] {taskinstance.py:2612} INFO - Dependencies all met for dep_context=requeueable deps ti=<TaskInstance: detect_transaction_date_anomalies_dag.run_anomaly_detection scheduled__2024-09-10T20:25:00+00:00 [queued]>
[2024-09-10T20:30:29.646+0000] {taskinstance.py:2865} INFO - Starting attempt 1 of 2
[2024-09-10T20:30:30.082+0000] {taskinstance.py:2888} INFO - Executing <Task(PythonOperator): run_anomaly_detection> on 2024-09-10 20:25:00+00:00
[2024-09-10T20:30:30.152+0000] {logging_mixin.py:190} WARNING - /home/airflow/.local/lib/python3.12/site-packages/airflow/task/task_runner/standard_task_runner.py:70 DeprecationWarning: This process (pid=12435) is multi-threaded, use of fork() may lead to deadlocks in the child.
[2024-09-10T20:30:30.167+0000] {standard_task_runner.py:72} INFO - Started process 12494 to run task
[2024-09-10T20:30:30.146+0000] {standard_task_runner.py:104} INFO - Running: ['airflow', 'tasks', 'run', 'detect_transaction_date_anomalies_dag', 'run_anomaly_detection', 'scheduled__2024-09-10T20:25:00+00:00', '--job-id', '3310', '--raw', '--subdir', 'DAGS_FOLDER/Dag-Transaction-Date-in-the-Paste.py', '--cfg-path', '/tmp/tmpax2sj5m2']
[2024-09-10T20:30:30.174+0000] {standard_task_runner.py:105} INFO - Job 3310: Subtask run_anomaly_detection
[2024-09-10T20:30:31.763+0000] {task_command.py:467} INFO - Running <TaskInstance: detect_transaction_date_anomalies_dag.run_anomaly_detection scheduled__2024-09-10T20:25:00+00:00 [running]> on host 5f241b76205c
[2024-09-10T20:30:33.506+0000] {taskinstance.py:3131} INFO - Exporting env vars: AIRFLOW_CTX_DAG_OWNER='airflow' AIRFLOW_CTX_DAG_ID='detect_transaction_date_anomalies_dag' AIRFLOW_CTX_TASK_ID='run_anomaly_detection' AIRFLOW_CTX_EXECUTION_DATE='2024-09-10T20:25:00+00:00' AIRFLOW_CTX_TRY_NUMBER='1' AIRFLOW_CTX_DAG_RUN_ID='scheduled__2024-09-10T20:25:00+00:00'
[2024-09-10T20:30:33.520+0000] {taskinstance.py:731} INFO - ::endgroup::
[2024-09-10T20:30:34.919+0000] {Dag-Transaction-Date-in-the-Paste.py:97} INFO - Inserting 1 detected anomalies
[2024-09-10T20:30:35.848+0000] {job.py:229} INFO - Heartbeat recovered after 11.08 seconds
[2024-09-10T20:30:48.373+0000] {python.py:240} INFO - Done. Returned value was: None
[2024-09-10T20:30:48.863+0000] {taskinstance.py:340} INFO - ::group::Post task execution logs
[2024-09-10T20:30:48.864+0000] {taskinstance.py:352} INFO - Marking task as SUCCESS. dag_id=detect_transaction_date_anomalies_dag, task_id=run_anomaly_detection, run_id=scheduled__2024-09-10T20:25:00+00:00, execution_date=20240910T202500, start_date=20240910T203029, end_date=20240910T203048
[2024-09-10T20:30:49.161+0000] {local_task_job_runner.py:266} INFO - Task exited with return code 0
[2024-09-10T20:30:49.614+0000] {taskinstance.py:3900} INFO - 0 downstream tasks scheduled from follow-on schedule check
[2024-09-10T20:30:49.628+0000] {local_task_job_runner.py:245} INFO - ::endgroup::
