[2024-09-08T15:02:21.772+0000] {local_task_job_runner.py:123} INFO - ::group::Pre task execution logs
[2024-09-08T15:02:24.790+0000] {taskinstance.py:2612} INFO - Dependencies all met for dep_context=non-requeueable deps ti=<TaskInstance: welcome_dag.print_date scheduled__2024-09-08T15:00:42+00:00 [queued]>
[2024-09-08T15:02:25.310+0000] {taskinstance.py:2612} INFO - Dependencies all met for dep_context=requeueable deps ti=<TaskInstance: welcome_dag.print_date scheduled__2024-09-08T15:00:42+00:00 [queued]>
[2024-09-08T15:02:25.314+0000] {taskinstance.py:2865} INFO - Starting attempt 1 of 1
[2024-09-08T15:02:27.048+0000] {taskinstance.py:2888} INFO - Executing <Task(PythonOperator): print_date> on 2024-09-08 15:00:42+00:00
[2024-09-08T15:02:27.867+0000] {standard_task_runner.py:104} INFO - Running: ['airflow', 'tasks', 'run', 'welcome_dag', 'print_date', 'scheduled__2024-09-08T15:00:42+00:00', '--job-id', '1284', '--raw', '--subdir', 'DAGS_FOLDER/Awelcome_dags.py', '--cfg-path', '/tmp/tmpynulrh9z']
[2024-09-08T15:02:28.841+0000] {standard_task_runner.py:105} INFO - Job 1284: Subtask print_date
[2024-09-08T15:02:28.872+0000] {logging_mixin.py:190} WARNING - /home/airflow/.local/lib/python3.12/site-packages/airflow/task/task_runner/standard_task_runner.py:70 DeprecationWarning: This process (pid=32390) is multi-threaded, use of fork() may lead to deadlocks in the child.
[2024-09-08T15:02:29.038+0000] {standard_task_runner.py:72} INFO - Started process 32419 to run task
[2024-09-08T15:02:36.504+0000] {job.py:229} INFO - Heartbeat recovered after 26.83 seconds
[2024-09-08T15:02:40.019+0000] {task_command.py:467} INFO - Running <TaskInstance: welcome_dag.print_date scheduled__2024-09-08T15:00:42+00:00 [running]> on host 13d1dadf4f15
[2024-09-08T15:02:45.201+0000] {taskinstance.py:3131} INFO - Exporting env vars: AIRFLOW_CTX_DAG_OWNER='airflow' AIRFLOW_CTX_DAG_ID='welcome_dag' AIRFLOW_CTX_TASK_ID='print_date' AIRFLOW_CTX_EXECUTION_DATE='2024-09-08T15:00:42+00:00' AIRFLOW_CTX_TRY_NUMBER='1' AIRFLOW_CTX_DAG_RUN_ID='scheduled__2024-09-08T15:00:42+00:00'
[2024-09-08T15:02:45.264+0000] {taskinstance.py:731} INFO - ::endgroup::
[2024-09-08T15:02:45.519+0000] {logging_mixin.py:190} INFO - Today is 2024-09-08
[2024-09-08T15:02:45.524+0000] {python.py:240} INFO - Done. Returned value was: None
[2024-09-08T15:02:48.039+0000] {taskinstance.py:340} INFO - ::group::Post task execution logs
[2024-09-08T15:02:48.043+0000] {taskinstance.py:352} INFO - Marking task as SUCCESS. dag_id=welcome_dag, task_id=print_date, run_id=scheduled__2024-09-08T15:00:42+00:00, execution_date=20240908T150042, start_date=20240908T150224, end_date=20240908T150248
[2024-09-08T15:02:48.394+0000] {job.py:229} INFO - Heartbeat recovered after 12.05 seconds
[2024-09-08T15:02:49.188+0000] {local_task_job_runner.py:266} INFO - Task exited with return code 0
[2024-09-08T15:02:49.571+0000] {standard_task_runner.py:217} INFO - Process not found (most likely exited), stop collecting metrics
[2024-09-08T15:02:49.883+0000] {taskinstance.py:3900} INFO - 0 downstream tasks scheduled from follow-on schedule check
[2024-09-08T15:02:49.894+0000] {local_task_job_runner.py:245} INFO - ::endgroup::
