[2024-09-11T15:49:41.338+0000] {local_task_job_runner.py:123} INFO - ::group::Pre task execution logs
[2024-09-11T15:49:41.590+0000] {taskinstance.py:2612} INFO - Dependencies all met for dep_context=non-requeueable deps ti=<TaskInstance: correction_Dag_Negative_Value.correct_negative_values manual__2024-09-11T15:49:39.108208+00:00 [queued]>
[2024-09-11T15:49:41.611+0000] {taskinstance.py:2612} INFO - Dependencies all met for dep_context=requeueable deps ti=<TaskInstance: correction_Dag_Negative_Value.correct_negative_values manual__2024-09-11T15:49:39.108208+00:00 [queued]>
[2024-09-11T15:49:41.616+0000] {taskinstance.py:2865} INFO - Starting attempt 1 of 2
[2024-09-11T15:49:41.656+0000] {taskinstance.py:2888} INFO - Executing <Task(PythonOperator): correct_negative_values> on 2024-09-11 15:49:39.108208+00:00
[2024-09-11T15:49:41.668+0000] {standard_task_runner.py:104} INFO - Running: ['airflow', 'tasks', 'run', 'correction_Dag_Negative_Value', 'correct_negative_values', 'manual__2024-09-11T15:49:39.108208+00:00', '--job-id', '933', '--raw', '--subdir', 'DAGS_FOLDER/Correction_dag_Negative_Value.py', '--cfg-path', '/tmp/tmp2rtbfmgy']
[2024-09-11T15:49:41.672+0000] {standard_task_runner.py:105} INFO - Job 933: Subtask correct_negative_values
[2024-09-11T15:49:41.675+0000] {logging_mixin.py:190} WARNING - /home/airflow/.local/lib/python3.12/site-packages/airflow/task/task_runner/standard_task_runner.py:70 DeprecationWarning: This process (pid=667) is multi-threaded, use of fork() may lead to deadlocks in the child.
[2024-09-11T15:49:41.676+0000] {standard_task_runner.py:72} INFO - Started process 668 to run task
[2024-09-11T15:49:42.049+0000] {task_command.py:467} INFO - Running <TaskInstance: correction_Dag_Negative_Value.correct_negative_values manual__2024-09-11T15:49:39.108208+00:00 [running]> on host b8b5351e8a6b
[2024-09-11T15:49:42.643+0000] {taskinstance.py:3131} INFO - Exporting env vars: AIRFLOW_CTX_DAG_OWNER='airflow' AIRFLOW_CTX_DAG_ID='correction_Dag_Negative_Value' AIRFLOW_CTX_TASK_ID='correct_negative_values' AIRFLOW_CTX_EXECUTION_DATE='2024-09-11T15:49:39.108208+00:00' AIRFLOW_CTX_TRY_NUMBER='1' AIRFLOW_CTX_DAG_RUN_ID='manual__2024-09-11T15:49:39.108208+00:00'
[2024-09-11T15:49:42.645+0000] {taskinstance.py:731} INFO - ::endgroup::
[2024-09-11T15:49:42.778+0000] {logging_mixin.py:190} INFO - Erreur lors de la correction des anomalies : operator does not exist: integer ~~ unknown
LINE 4:         WHERE quantity LIKE '-%';
                               ^
HINT:  No operator matches the given name and argument types. You might need to add explicit type casts.
[2024-09-11T15:49:42.780+0000] {python.py:240} INFO - Done. Returned value was: None
[2024-09-11T15:49:42.920+0000] {taskinstance.py:340} INFO - ::group::Post task execution logs
[2024-09-11T15:49:42.922+0000] {taskinstance.py:352} INFO - Marking task as SUCCESS. dag_id=correction_Dag_Negative_Value, task_id=correct_negative_values, run_id=manual__2024-09-11T15:49:39.108208+00:00, execution_date=20240911T154939, start_date=20240911T154941, end_date=20240911T154942
[2024-09-11T15:49:42.981+0000] {local_task_job_runner.py:266} INFO - Task exited with return code 0
[2024-09-11T15:49:43.191+0000] {local_task_job_runner.py:245} INFO - ::endgroup::
