[2024-09-10T21:01:01.839+0000] {local_task_job_runner.py:123} INFO - ::group::Pre task execution logs
[2024-09-10T21:01:02.715+0000] {taskinstance.py:2612} INFO - Dependencies all met for dep_context=non-requeueable deps ti=<TaskInstance: welcome_dag.print_date scheduled__2024-09-10T21:00:11+00:00 [queued]>
[2024-09-10T21:01:02.787+0000] {taskinstance.py:2612} INFO - Dependencies all met for dep_context=requeueable deps ti=<TaskInstance: welcome_dag.print_date scheduled__2024-09-10T21:00:11+00:00 [queued]>
[2024-09-10T21:01:02.790+0000] {taskinstance.py:2865} INFO - Starting attempt 1 of 1
[2024-09-10T21:01:03.155+0000] {taskinstance.py:2888} INFO - Executing <Task(PythonOperator): print_date> on 2024-09-10 21:00:11+00:00
[2024-09-10T21:01:03.212+0000] {logging_mixin.py:190} WARNING - /home/airflow/.local/lib/python3.12/site-packages/airflow/task/task_runner/standard_task_runner.py:70 DeprecationWarning: This process (pid=4393) is multi-threaded, use of fork() may lead to deadlocks in the child.
[2024-09-10T21:01:03.215+0000] {standard_task_runner.py:72} INFO - Started process 4435 to run task
[2024-09-10T21:01:03.211+0000] {standard_task_runner.py:104} INFO - Running: ['airflow', 'tasks', 'run', 'welcome_dag', 'print_date', 'scheduled__2024-09-10T21:00:11+00:00', '--job-id', '3428', '--raw', '--subdir', 'DAGS_FOLDER/Awelcome_dags.py', '--cfg-path', '/tmp/tmp__vu3rt7']
[2024-09-10T21:01:03.234+0000] {standard_task_runner.py:105} INFO - Job 3428: Subtask print_date
[2024-09-10T21:01:07.324+0000] {task_command.py:467} INFO - Running <TaskInstance: welcome_dag.print_date scheduled__2024-09-10T21:00:11+00:00 [running]> on host f0946a6cef1f
[2024-09-10T21:01:09.183+0000] {job.py:229} INFO - Heartbeat recovered after 10.72 seconds
[2024-09-10T21:01:11.226+0000] {taskinstance.py:3131} INFO - Exporting env vars: AIRFLOW_CTX_DAG_OWNER='airflow' AIRFLOW_CTX_DAG_ID='welcome_dag' AIRFLOW_CTX_TASK_ID='print_date' AIRFLOW_CTX_EXECUTION_DATE='2024-09-10T21:00:11+00:00' AIRFLOW_CTX_TRY_NUMBER='1' AIRFLOW_CTX_DAG_RUN_ID='scheduled__2024-09-10T21:00:11+00:00'
[2024-09-10T21:01:11.230+0000] {taskinstance.py:731} INFO - ::endgroup::
[2024-09-10T21:01:11.286+0000] {logging_mixin.py:190} INFO - Today is 2024-09-10
[2024-09-10T21:01:11.288+0000] {python.py:240} INFO - Done. Returned value was: None
[2024-09-10T21:01:12.131+0000] {taskinstance.py:340} INFO - ::group::Post task execution logs
[2024-09-10T21:01:12.136+0000] {taskinstance.py:352} INFO - Marking task as SUCCESS. dag_id=welcome_dag, task_id=print_date, run_id=scheduled__2024-09-10T21:00:11+00:00, execution_date=20240910T210011, start_date=20240910T210102, end_date=20240910T210112
[2024-09-10T21:01:12.406+0000] {local_task_job_runner.py:266} INFO - Task exited with return code 0
[2024-09-10T21:01:13.245+0000] {taskinstance.py:3900} INFO - 0 downstream tasks scheduled from follow-on schedule check
[2024-09-10T21:01:13.254+0000] {local_task_job_runner.py:245} INFO - ::endgroup::
[2024-09-10T21:01:13.258+0000] {standard_task_runner.py:217} INFO - Process not found (most likely exited), stop collecting metrics
