[2024-09-08T13:25:08.406+0000] {local_task_job_runner.py:123} INFO - ::group::Pre task execution logs
[2024-09-08T13:25:08.796+0000] {taskinstance.py:2612} INFO - Dependencies all met for dep_context=non-requeueable deps ti=<TaskInstance: detect_1fn_anomalies_dag.detect_1nf_and_insert_anomalies scheduled__2024-09-08T13:20:00+00:00 [queued]>
[2024-09-08T13:25:08.813+0000] {taskinstance.py:2612} INFO - Dependencies all met for dep_context=requeueable deps ti=<TaskInstance: detect_1fn_anomalies_dag.detect_1nf_and_insert_anomalies scheduled__2024-09-08T13:20:00+00:00 [queued]>
[2024-09-08T13:25:08.814+0000] {taskinstance.py:2865} INFO - Starting attempt 1 of 2
[2024-09-08T13:25:08.850+0000] {taskinstance.py:2888} INFO - Executing <Task(PythonOperator): detect_1nf_and_insert_anomalies> on 2024-09-08 13:20:00+00:00
[2024-09-08T13:25:08.878+0000] {logging_mixin.py:190} WARNING - /home/airflow/.local/lib/python3.12/site-packages/airflow/task/task_runner/standard_task_runner.py:70 DeprecationWarning: This process (pid=21033) is multi-threaded, use of fork() may lead to deadlocks in the child.
[2024-09-08T13:25:08.881+0000] {standard_task_runner.py:72} INFO - Started process 21074 to run task
[2024-09-08T13:25:08.878+0000] {standard_task_runner.py:104} INFO - Running: ['airflow', 'tasks', 'run', 'detect_1fn_anomalies_dag', 'detect_1nf_and_insert_anomalies', 'scheduled__2024-09-08T13:20:00+00:00', '--job-id', '964', '--raw', '--subdir', 'DAGS_FOLDER/Dag_detect_1FN_anomaly.py', '--cfg-path', '/tmp/tmpwfyo826_']
[2024-09-08T13:25:08.883+0000] {standard_task_runner.py:105} INFO - Job 964: Subtask detect_1nf_and_insert_anomalies
[2024-09-08T13:25:10.444+0000] {task_command.py:467} INFO - Running <TaskInstance: detect_1fn_anomalies_dag.detect_1nf_and_insert_anomalies scheduled__2024-09-08T13:20:00+00:00 [running]> on host 13d1dadf4f15
[2024-09-08T13:25:16.319+0000] {taskinstance.py:3131} INFO - Exporting env vars: AIRFLOW_CTX_DAG_OWNER='airflow' AIRFLOW_CTX_DAG_ID='detect_1fn_anomalies_dag' AIRFLOW_CTX_TASK_ID='detect_1nf_and_insert_anomalies' AIRFLOW_CTX_EXECUTION_DATE='2024-09-08T13:20:00+00:00' AIRFLOW_CTX_TRY_NUMBER='1' AIRFLOW_CTX_DAG_RUN_ID='scheduled__2024-09-08T13:20:00+00:00'
[2024-09-08T13:25:16.346+0000] {taskinstance.py:731} INFO - ::endgroup::
[2024-09-08T13:25:20.709+0000] {logging_mixin.py:190} WARNING - /opt/airflow/dags/Dag_detect_1FN_anomaly.py:32 SAWarning: Skipped unsupported reflection of expression-based index idx_ab_user_username
[2024-09-08T13:25:20.768+0000] {logging_mixin.py:190} WARNING - /opt/airflow/dags/Dag_detect_1FN_anomaly.py:32 SAWarning: Skipped unsupported reflection of expression-based index idx_ab_register_user_username
[2024-09-08T13:44:24.214+0000] {local_task_job_runner.py:228} ERROR - Heartbeat time limit exceeded!
[2024-09-08T13:44:24.923+0000] {local_task_job_runner.py:245} INFO - ::endgroup::
[2024-09-08T13:44:27.223+0000] {process_utils.py:132} INFO - Sending 15 to group 21074. PIDs of all processes in the group: [21074]
[2024-09-08T13:44:27.597+0000] {process_utils.py:87} INFO - Sending the signal 15 to group 21074
[2024-09-08T13:44:27.749+0000] {taskinstance.py:3092} ERROR - Received SIGTERM. Terminating subprocesses.
[2024-09-08T13:44:36.539+0000] {taskinstance.py:3310} ERROR - Task failed with exception
Traceback (most recent call last):
  File "/home/airflow/.local/lib/python3.12/site-packages/airflow/models/taskinstance.py", line 767, in _execute_task
    result = _execute_callable(context=context, **execute_callable_kwargs)
             ^^^^^^^^^^^^^^^^^^^^^^^^^^^^^^^^^^^^^^^^^^^^^^^^^^^^^^^^^^^^^
  File "/home/airflow/.local/lib/python3.12/site-packages/airflow/models/taskinstance.py", line 733, in _execute_callable
    return ExecutionCallableRunner(
           ^^^^^^^^^^^^^^^^^^^^^^^^
  File "/home/airflow/.local/lib/python3.12/site-packages/airflow/utils/operator_helpers.py", line 252, in run
    return self.func(*args, **kwargs)
           ^^^^^^^^^^^^^^^^^^^^^^^^^^
  File "/home/airflow/.local/lib/python3.12/site-packages/airflow/models/baseoperator.py", line 406, in wrapper
    return func(self, *args, **kwargs)
           ^^^^^^^^^^^^^^^^^^^^^^^^^^^
  File "/home/airflow/.local/lib/python3.12/site-packages/airflow/operators/python.py", line 238, in execute
    return_value = self.execute_callable()
                   ^^^^^^^^^^^^^^^^^^^^^^^
  File "/home/airflow/.local/lib/python3.12/site-packages/airflow/operators/python.py", line 256, in execute_callable
    return runner.run(*self.op_args, **self.op_kwargs)
           ^^^^^^^^^^^^^^^^^^^^^^^^^^^^^^^^^^^^^^^^^^^
  File "/home/airflow/.local/lib/python3.12/site-packages/airflow/utils/operator_helpers.py", line 252, in run
    return self.func(*args, **kwargs)
           ^^^^^^^^^^^^^^^^^^^^^^^^^^
  File "/opt/airflow/dags/Dag_detect_1FN_anomaly.py", line 88, in detect_and_insert_anomalies
    anomalies_df = detect_1nf_violations(orders_df)
                   ^^^^^^^^^^^^^^^^^^^^^^^^^^^^^^^^
  File "/opt/airflow/dags/Dag_detect_1FN_anomaly.py", line 45, in detect_1nf_violations
    non_atomic_values = df[column].apply(lambda x: isinstance(x, str) and (',' in x or ';' in x or '|' in x))
                        ^^^^^^^^^^^^^^^^^^^^^^^^^^^^^^^^^^^^^^^^^^^^^^^^^^^^^^^^^^^^^^^^^^^^^^^^^^^^^^^^^^^^^
  File "/home/airflow/.local/lib/python3.12/site-packages/pandas/core/series.py", line 4764, in apply
    ).apply()
      ^^^^^^^
  File "/home/airflow/.local/lib/python3.12/site-packages/pandas/core/apply.py", line 1209, in apply
    return self.apply_standard()
           ^^^^^^^^^^^^^^^^^^^^^
  File "/home/airflow/.local/lib/python3.12/site-packages/pandas/core/apply.py", line 1289, in apply_standard
    mapped = obj._map_values(
             ^^^^^^^^^^^^^^^^
  File "/home/airflow/.local/lib/python3.12/site-packages/pandas/core/base.py", line 919, in _map_values
    return arr.map(mapper, na_action=na_action)
           ^^^^^^^^^^^^^^^^^^^^^^^^^^^^^^^^^^^^
  File "/home/airflow/.local/lib/python3.12/site-packages/pandas/core/arrays/_mixins.py", line 80, in method
    return meth(self, *args, **kwargs)
           ^^^^^^^^^^^^^^^^^^^^^^^^^^^
  File "/home/airflow/.local/lib/python3.12/site-packages/pandas/core/arrays/datetimelike.py", line 723, in map
    result = map_array(self, mapper, na_action=na_action)
             ^^^^^^^^^^^^^^^^^^^^^^^^^^^^^^^^^^^^^^^^^^^^
  File "/home/airflow/.local/lib/python3.12/site-packages/pandas/core/algorithms.py", line 1812, in map_array
    values = arr.astype(object, copy=False)
             ^^^^^^^^^^^^^^^^^^^^^^^^^^^^^^
  File "/home/airflow/.local/lib/python3.12/site-packages/pandas/core/arrays/datetimes.py", line 727, in astype
    return dtl.DatetimeLikeArrayMixin.astype(self, dtype, copy)
           ^^^^^^^^^^^^^^^^^^^^^^^^^^^^^^^^^^^^^^^^^^^^^^^^^^^^
  File "/home/airflow/.local/lib/python3.12/site-packages/pandas/core/arrays/datetimelike.py", line 447, in astype
    dtype = pandas_dtype(dtype)
            ^^^^^^^^^^^^^^^^^^^
  File "/home/airflow/.local/lib/python3.12/site-packages/pandas/core/dtypes/common.py", line 1587, in pandas_dtype
    def pandas_dtype(dtype) -> DtypeObj:
    
  File "/home/airflow/.local/lib/python3.12/site-packages/airflow/models/taskinstance.py", line 3094, in signal_handler
    raise AirflowTaskTerminated("Task received SIGTERM signal")
airflow.exceptions.AirflowTaskTerminated: Task received SIGTERM signal
[2024-09-08T13:44:40.533+0000] {taskinstance.py:1225} INFO - Marking task as UP_FOR_RETRY. dag_id=detect_1fn_anomalies_dag, task_id=detect_1nf_and_insert_anomalies, run_id=scheduled__2024-09-08T13:20:00+00:00, execution_date=20240908T132000, start_date=20240908T132508, end_date=20240908T134440
[2024-09-08T13:44:41.405+0000] {taskinstance.py:340} INFO - ::group::Post task execution logs
[2024-09-08T13:44:41.662+0000] {process_utils.py:80} INFO - Process psutil.Process(pid=21074, status='terminated', exitcode=2, started='13:25:08') (21074) terminated with exit code 2
[2024-09-08T13:44:43.450+0000] {standard_task_runner.py:217} INFO - Process not found (most likely exited), stop collecting metrics
