[2024-09-22T18:11:43.338+0000] {local_task_job_runner.py:123} INFO - ::group::Pre task execution logs
[2024-09-22T18:11:45.664+0000] {taskinstance.py:2612} INFO - Dependencies all met for dep_context=non-requeueable deps ti=<TaskInstance: correction_Dag_1FN.correct_1nf_violations scheduled__2024-09-22T18:05:00+00:00 [queued]>
[2024-09-22T18:11:46.359+0000] {taskinstance.py:2612} INFO - Dependencies all met for dep_context=requeueable deps ti=<TaskInstance: correction_Dag_1FN.correct_1nf_violations scheduled__2024-09-22T18:05:00+00:00 [queued]>
[2024-09-22T18:11:46.375+0000] {taskinstance.py:2865} INFO - Starting attempt 1 of 2
[2024-09-22T18:12:04.933+0000] {taskinstance.py:2888} INFO - Executing <Task(PythonOperator): correct_1nf_violations> on 2024-09-22 18:05:00+00:00
[2024-09-22T18:12:05.375+0000] {logging_mixin.py:190} WARNING - /home/airflow/.local/lib/python3.12/site-packages/airflow/task/task_runner/standard_task_runner.py:70 DeprecationWarning: This process (pid=211) is multi-threaded, use of fork() may lead to deadlocks in the child.
[2024-09-22T18:12:05.380+0000] {standard_task_runner.py:72} INFO - Started process 232 to run task
[2024-09-22T18:12:05.348+0000] {standard_task_runner.py:104} INFO - Running: ['airflow', 'tasks', 'run', 'correction_Dag_1FN', 'correct_1nf_violations', 'scheduled__2024-09-22T18:05:00+00:00', '--job-id', '5755', '--raw', '--subdir', 'DAGS_FOLDER/Correction_dag_1FN.py', '--cfg-path', '/tmp/tmp5q_jo7cq']
[2024-09-22T18:12:05.406+0000] {standard_task_runner.py:105} INFO - Job 5755: Subtask correct_1nf_violations
[2024-09-22T18:12:08.960+0000] {task_command.py:467} INFO - Running <TaskInstance: correction_Dag_1FN.correct_1nf_violations scheduled__2024-09-22T18:05:00+00:00 [running]> on host 4000165cea79
[2024-09-22T18:12:11.147+0000] {job.py:229} INFO - Heartbeat recovered after 34.15 seconds
[2024-09-22T18:12:11.704+0000] {taskinstance.py:3131} INFO - Exporting env vars: AIRFLOW_CTX_DAG_OWNER='airflow' AIRFLOW_CTX_DAG_ID='correction_Dag_1FN' AIRFLOW_CTX_TASK_ID='correct_1nf_violations' AIRFLOW_CTX_EXECUTION_DATE='2024-09-22T18:05:00+00:00' AIRFLOW_CTX_TRY_NUMBER='1' AIRFLOW_CTX_DAG_RUN_ID='scheduled__2024-09-22T18:05:00+00:00'
[2024-09-22T18:12:11.723+0000] {taskinstance.py:731} INFO - ::endgroup::
[2024-09-22T18:12:12.950+0000] {logging_mixin.py:190} INFO - Table Orders mise à jour avec succès, violations 1FN corrigées.
[2024-09-22T18:12:12.952+0000] {python.py:240} INFO - Done. Returned value was: None
[2024-09-22T18:12:13.796+0000] {taskinstance.py:340} INFO - ::group::Post task execution logs
[2024-09-22T18:12:13.802+0000] {taskinstance.py:352} INFO - Marking task as SUCCESS. dag_id=correction_Dag_1FN, task_id=correct_1nf_violations, run_id=scheduled__2024-09-22T18:05:00+00:00, execution_date=20240922T180500, start_date=20240922T181145, end_date=20240922T181213
[2024-09-22T18:12:14.585+0000] {local_task_job_runner.py:266} INFO - Task exited with return code 0
[2024-09-22T18:12:15.201+0000] {taskinstance.py:3900} INFO - 0 downstream tasks scheduled from follow-on schedule check
[2024-09-22T18:12:15.210+0000] {local_task_job_runner.py:245} INFO - ::endgroup::
[2024-09-22T18:12:15.459+0000] {standard_task_runner.py:217} INFO - Process not found (most likely exited), stop collecting metrics
