[2024-09-13T22:45:36.536+0000] {local_task_job_runner.py:123} INFO - ::group::Pre task execution logs
[2024-09-13T22:45:37.565+0000] {taskinstance.py:2612} INFO - Dependencies all met for dep_context=non-requeueable deps ti=<TaskInstance: Dag_detect_invalid_customer_ids.run_anomaly_detection scheduled__2024-09-13T22:30:00+00:00 [queued]>
[2024-09-13T22:45:37.595+0000] {taskinstance.py:2612} INFO - Dependencies all met for dep_context=requeueable deps ti=<TaskInstance: Dag_detect_invalid_customer_ids.run_anomaly_detection scheduled__2024-09-13T22:30:00+00:00 [queued]>
[2024-09-13T22:45:37.601+0000] {taskinstance.py:2865} INFO - Starting attempt 1 of 2
[2024-09-13T22:45:37.751+0000] {taskinstance.py:2888} INFO - Executing <Task(PythonOperator): run_anomaly_detection> on 2024-09-13 22:30:00+00:00
[2024-09-13T22:45:37.814+0000] {logging_mixin.py:190} WARNING - /home/airflow/.local/lib/python3.12/site-packages/airflow/task/task_runner/standard_task_runner.py:70 DeprecationWarning: This process (pid=82585) is multi-threaded, use of fork() may lead to deadlocks in the child.
[2024-09-13T22:45:37.827+0000] {standard_task_runner.py:72} INFO - Started process 82633 to run task
[2024-09-13T22:45:37.843+0000] {standard_task_runner.py:104} INFO - Running: ['airflow', 'tasks', 'run', 'Dag_detect_invalid_customer_ids', 'run_anomaly_detection', 'scheduled__2024-09-13T22:30:00+00:00', '--job-id', '3867', '--raw', '--subdir', 'DAGS_FOLDER/dag_detect_invalid_customer_ids.py', '--cfg-path', '/tmp/tmpxx4wy7uv']
[2024-09-13T22:45:37.850+0000] {standard_task_runner.py:105} INFO - Job 3867: Subtask run_anomaly_detection
[2024-09-13T22:45:40.226+0000] {task_command.py:467} INFO - Running <TaskInstance: Dag_detect_invalid_customer_ids.run_anomaly_detection scheduled__2024-09-13T22:30:00+00:00 [running]> on host 7403e816bcf5
[2024-09-13T22:45:42.869+0000] {taskinstance.py:3131} INFO - Exporting env vars: AIRFLOW_CTX_DAG_OWNER='airflow' AIRFLOW_CTX_DAG_ID='Dag_detect_invalid_customer_ids' AIRFLOW_CTX_TASK_ID='run_anomaly_detection' AIRFLOW_CTX_EXECUTION_DATE='2024-09-13T22:30:00+00:00' AIRFLOW_CTX_TRY_NUMBER='1' AIRFLOW_CTX_DAG_RUN_ID='scheduled__2024-09-13T22:30:00+00:00'
[2024-09-13T22:45:42.901+0000] {taskinstance.py:731} INFO - ::endgroup::
[2024-09-13T22:45:43.017+0000] {dag_detect_invalid_customer_ids.py:101} INFO - Starting anomaly detection process
[2024-09-13T22:45:43.536+0000] {job.py:229} INFO - Heartbeat recovered after 14.45 seconds
[2024-09-13T22:45:44.615+0000] {dag_detect_invalid_customer_ids.py:105} INFO - Loaded 15 transactions
[2024-09-13T22:45:44.653+0000] {dag_detect_invalid_customer_ids.py:108} INFO - Detected 4 anomalies
[2024-09-13T22:45:44.680+0000] {dag_detect_invalid_customer_ids.py:94} INFO - Inserted 4 new anomalies.
[2024-09-13T22:45:44.682+0000] {dag_detect_invalid_customer_ids.py:111} INFO - Anomaly detection process completed successfully
[2024-09-13T22:45:44.685+0000] {python.py:240} INFO - Done. Returned value was: None
[2024-09-13T22:45:45.082+0000] {taskinstance.py:340} INFO - ::group::Post task execution logs
[2024-09-13T22:45:45.085+0000] {taskinstance.py:352} INFO - Marking task as SUCCESS. dag_id=Dag_detect_invalid_customer_ids, task_id=run_anomaly_detection, run_id=scheduled__2024-09-13T22:30:00+00:00, execution_date=20240913T223000, start_date=20240913T224537, end_date=20240913T224545
[2024-09-13T22:45:45.159+0000] {local_task_job_runner.py:266} INFO - Task exited with return code 0
[2024-09-13T22:45:45.560+0000] {taskinstance.py:3900} INFO - 0 downstream tasks scheduled from follow-on schedule check
[2024-09-13T22:45:45.566+0000] {local_task_job_runner.py:245} INFO - ::endgroup::
