[2024-09-10T12:15:18.406+0000] {local_task_job_runner.py:123} INFO - ::group::Pre task execution logs
[2024-09-10T12:15:27.232+0000] {taskinstance.py:2612} INFO - Dependencies all met for dep_context=non-requeueable deps ti=<TaskInstance: correction_Dag_Negative_Value.correct_negative_values scheduled__2024-09-10T12:10:00+00:00 [queued]>
[2024-09-10T12:15:27.461+0000] {taskinstance.py:2612} INFO - Dependencies all met for dep_context=requeueable deps ti=<TaskInstance: correction_Dag_Negative_Value.correct_negative_values scheduled__2024-09-10T12:10:00+00:00 [queued]>
[2024-09-10T12:15:27.479+0000] {taskinstance.py:2865} INFO - Starting attempt 1 of 2
[2024-09-10T12:15:27.918+0000] {taskinstance.py:2888} INFO - Executing <Task(PythonOperator): correct_negative_values> on 2024-09-10 12:10:00+00:00
[2024-09-10T12:15:28.102+0000] {logging_mixin.py:190} WARNING - /home/airflow/.local/lib/python3.12/site-packages/airflow/task/task_runner/standard_task_runner.py:70 DeprecationWarning: This process (pid=4144) is multi-threaded, use of fork() may lead to deadlocks in the child.
[2024-09-10T12:15:28.111+0000] {standard_task_runner.py:72} INFO - Started process 4171 to run task
[2024-09-10T12:15:28.077+0000] {standard_task_runner.py:104} INFO - Running: ['airflow', 'tasks', 'run', 'correction_Dag_Negative_Value', 'correct_negative_values', 'scheduled__2024-09-10T12:10:00+00:00', '--job-id', '2150', '--raw', '--subdir', 'DAGS_FOLDER/Correction_dag_Negative_Value.py', '--cfg-path', '/tmp/tmpb_9m5byo']
[2024-09-10T12:15:28.141+0000] {standard_task_runner.py:105} INFO - Job 2150: Subtask correct_negative_values
[2024-09-10T12:16:13.609+0000] {cli_action_loggers.py:177} WARNING - Failed to log action (psycopg2.OperationalError) could not translate host name "postgres" to address: Temporary failure in name resolution

(Background on this error at: https://sqlalche.me/e/14/e3q8)
[2024-09-10T12:16:17.356+0000] {job.py:229} INFO - Heartbeat recovered after 66.62 seconds
[2024-09-10T12:16:19.187+0000] {task_command.py:467} INFO - Running <TaskInstance: correction_Dag_Negative_Value.correct_negative_values scheduled__2024-09-10T12:10:00+00:00 [running]> on host 6d70a6e2c42a
[2024-09-10T12:16:22.981+0000] {taskinstance.py:3131} INFO - Exporting env vars: AIRFLOW_CTX_DAG_OWNER='airflow' AIRFLOW_CTX_DAG_ID='correction_Dag_Negative_Value' AIRFLOW_CTX_TASK_ID='correct_negative_values' AIRFLOW_CTX_EXECUTION_DATE='2024-09-10T12:10:00+00:00' AIRFLOW_CTX_TRY_NUMBER='1' AIRFLOW_CTX_DAG_RUN_ID='scheduled__2024-09-10T12:10:00+00:00'
[2024-09-10T12:16:22.988+0000] {taskinstance.py:731} INFO - ::endgroup::
[2024-09-10T12:16:24.300+0000] {logging_mixin.py:190} INFO - Anomalies corrigées avec succès.
[2024-09-10T12:16:24.303+0000] {python.py:240} INFO - Done. Returned value was: None
[2024-09-10T12:16:26.564+0000] {taskinstance.py:340} INFO - ::group::Post task execution logs
[2024-09-10T12:16:26.566+0000] {taskinstance.py:352} INFO - Marking task as SUCCESS. dag_id=correction_Dag_Negative_Value, task_id=correct_negative_values, run_id=scheduled__2024-09-10T12:10:00+00:00, execution_date=20240910T121000, start_date=20240910T121527, end_date=20240910T121626
[2024-09-10T12:16:28.042+0000] {local_task_job_runner.py:266} INFO - Task exited with return code 0
[2024-09-10T12:16:28.645+0000] {standard_task_runner.py:217} INFO - Process not found (most likely exited), stop collecting metrics
[2024-09-10T12:16:29.586+0000] {local_task_job_runner.py:245} INFO - ::endgroup::
