[2024-09-14T21:40:06.945+0000] {local_task_job_runner.py:123} INFO - ::group::Pre task execution logs
[2024-09-14T21:40:10.602+0000] {taskinstance.py:2612} INFO - Dependencies all met for dep_context=non-requeueable deps ti=<TaskInstance: Correction_dag_high_total_amount.Correction_dag_high_total_amount scheduled__2024-09-14T21:35:00+00:00 [queued]>
[2024-09-14T21:40:11.068+0000] {taskinstance.py:2612} INFO - Dependencies all met for dep_context=requeueable deps ti=<TaskInstance: Correction_dag_high_total_amount.Correction_dag_high_total_amount scheduled__2024-09-14T21:35:00+00:00 [queued]>
[2024-09-14T21:40:11.075+0000] {taskinstance.py:2865} INFO - Starting attempt 1 of 2
[2024-09-14T21:40:11.617+0000] {taskinstance.py:2888} INFO - Executing <Task(PythonOperator): Correction_dag_high_total_amount> on 2024-09-14 21:35:00+00:00
[2024-09-14T21:40:12.059+0000] {logging_mixin.py:190} WARNING - /home/airflow/.local/lib/python3.12/site-packages/airflow/task/task_runner/standard_task_runner.py:70 DeprecationWarning: This process (pid=7398) is multi-threaded, use of fork() may lead to deadlocks in the child.
[2024-09-14T21:40:12.091+0000] {standard_task_runner.py:72} INFO - Started process 7425 to run task
[2024-09-14T21:40:12.064+0000] {standard_task_runner.py:104} INFO - Running: ['airflow', 'tasks', 'run', 'Correction_dag_high_total_amount', 'Correction_dag_high_total_amount', 'scheduled__2024-09-14T21:35:00+00:00', '--job-id', '4730', '--raw', '--subdir', 'DAGS_FOLDER/Correction_dag_high_total_amount.py', '--cfg-path', '/tmp/tmp38odr1kq']
[2024-09-14T21:40:12.192+0000] {standard_task_runner.py:105} INFO - Job 4730: Subtask Correction_dag_high_total_amount
[2024-09-14T21:40:15.800+0000] {task_command.py:467} INFO - Running <TaskInstance: Correction_dag_high_total_amount.Correction_dag_high_total_amount scheduled__2024-09-14T21:35:00+00:00 [running]> on host 7403e816bcf5
[2024-09-14T21:40:18.205+0000] {job.py:229} INFO - Heartbeat recovered after 13.54 seconds
[2024-09-14T21:40:19.396+0000] {taskinstance.py:3131} INFO - Exporting env vars: AIRFLOW_CTX_DAG_OWNER='airflow' AIRFLOW_CTX_DAG_ID='Correction_dag_high_total_amount' AIRFLOW_CTX_TASK_ID='Correction_dag_high_total_amount' AIRFLOW_CTX_EXECUTION_DATE='2024-09-14T21:35:00+00:00' AIRFLOW_CTX_TRY_NUMBER='1' AIRFLOW_CTX_DAG_RUN_ID='scheduled__2024-09-14T21:35:00+00:00'
[2024-09-14T21:40:19.401+0000] {taskinstance.py:731} INFO - ::endgroup::
[2024-09-14T21:40:19.546+0000] {logging_mixin.py:190} INFO - Les anomalies ont été corrigées dans la base de données.
[2024-09-14T21:40:19.548+0000] {python.py:240} INFO - Done. Returned value was: None
[2024-09-14T21:40:20.019+0000] {taskinstance.py:340} INFO - ::group::Post task execution logs
[2024-09-14T21:40:20.023+0000] {taskinstance.py:352} INFO - Marking task as SUCCESS. dag_id=Correction_dag_high_total_amount, task_id=Correction_dag_high_total_amount, run_id=scheduled__2024-09-14T21:35:00+00:00, execution_date=20240914T213500, start_date=20240914T214010, end_date=20240914T214020
[2024-09-14T21:40:20.247+0000] {local_task_job_runner.py:266} INFO - Task exited with return code 0
[2024-09-14T21:40:20.998+0000] {local_task_job_runner.py:245} INFO - ::endgroup::
[2024-09-14T21:40:22.107+0000] {standard_task_runner.py:217} INFO - Process not found (most likely exited), stop collecting metrics
