[2024-09-22T17:00:18.897+0000] {local_task_job_runner.py:123} INFO - ::group::Pre task execution logs
[2024-09-22T17:00:19.208+0000] {taskinstance.py:2612} INFO - Dependencies all met for dep_context=non-requeueable deps ti=<TaskInstance: welcome_dag.print_date scheduled__2024-09-22T17:00:03+00:00 [queued]>
[2024-09-22T17:00:19.237+0000] {taskinstance.py:2612} INFO - Dependencies all met for dep_context=requeueable deps ti=<TaskInstance: welcome_dag.print_date scheduled__2024-09-22T17:00:03+00:00 [queued]>
[2024-09-22T17:00:19.239+0000] {taskinstance.py:2865} INFO - Starting attempt 1 of 1
[2024-09-22T17:00:19.285+0000] {taskinstance.py:2888} INFO - Executing <Task(PythonOperator): print_date> on 2024-09-22 17:00:03+00:00
[2024-09-22T17:00:19.302+0000] {standard_task_runner.py:104} INFO - Running: ['airflow', 'tasks', 'run', 'welcome_dag', 'print_date', 'scheduled__2024-09-22T17:00:03+00:00', '--job-id', '5468', '--raw', '--subdir', 'DAGS_FOLDER/Awelcome_dags.py', '--cfg-path', '/tmp/tmpp0404hn1']
[2024-09-22T17:00:19.307+0000] {standard_task_runner.py:105} INFO - Job 5468: Subtask print_date
[2024-09-22T17:00:19.357+0000] {logging_mixin.py:190} WARNING - /home/airflow/.local/lib/python3.12/site-packages/airflow/task/task_runner/standard_task_runner.py:70 DeprecationWarning: This process (pid=24517) is multi-threaded, use of fork() may lead to deadlocks in the child.
[2024-09-22T17:00:19.358+0000] {standard_task_runner.py:72} INFO - Started process 24531 to run task
[2024-09-22T17:00:20.596+0000] {task_command.py:467} INFO - Running <TaskInstance: welcome_dag.print_date scheduled__2024-09-22T17:00:03+00:00 [running]> on host 93b0c38322b3
[2024-09-22T17:00:23.074+0000] {taskinstance.py:3131} INFO - Exporting env vars: AIRFLOW_CTX_DAG_OWNER='airflow' AIRFLOW_CTX_DAG_ID='welcome_dag' AIRFLOW_CTX_TASK_ID='print_date' AIRFLOW_CTX_EXECUTION_DATE='2024-09-22T17:00:03+00:00' AIRFLOW_CTX_TRY_NUMBER='1' AIRFLOW_CTX_DAG_RUN_ID='scheduled__2024-09-22T17:00:03+00:00'
[2024-09-22T17:00:23.083+0000] {taskinstance.py:731} INFO - ::endgroup::
[2024-09-22T17:00:23.130+0000] {logging_mixin.py:190} INFO - Today is 2024-09-22
[2024-09-22T17:00:23.132+0000] {python.py:240} INFO - Done. Returned value was: None
[2024-09-22T17:00:23.691+0000] {taskinstance.py:340} INFO - ::group::Post task execution logs
[2024-09-22T17:00:23.694+0000] {taskinstance.py:352} INFO - Marking task as SUCCESS. dag_id=welcome_dag, task_id=print_date, run_id=scheduled__2024-09-22T17:00:03+00:00, execution_date=20240922T170003, start_date=20240922T170019, end_date=20240922T170023
[2024-09-22T17:00:23.789+0000] {local_task_job_runner.py:266} INFO - Task exited with return code 0
[2024-09-22T17:00:24.365+0000] {standard_task_runner.py:217} INFO - Process not found (most likely exited), stop collecting metrics
[2024-09-22T17:00:24.418+0000] {taskinstance.py:3900} INFO - 0 downstream tasks scheduled from follow-on schedule check
[2024-09-22T17:00:24.426+0000] {local_task_job_runner.py:245} INFO - ::endgroup::
