[2024-09-11T17:30:16.670+0000] {local_task_job_runner.py:123} INFO - ::group::Pre task execution logs
[2024-09-11T17:30:18.506+0000] {taskinstance.py:2612} INFO - Dependencies all met for dep_context=non-requeueable deps ti=<TaskInstance: correction_Dag_Valeu_NULL.correct_transactions_anomalies scheduled__2024-09-11T17:25:00+00:00 [queued]>
[2024-09-11T17:30:18.706+0000] {taskinstance.py:2612} INFO - Dependencies all met for dep_context=requeueable deps ti=<TaskInstance: correction_Dag_Valeu_NULL.correct_transactions_anomalies scheduled__2024-09-11T17:25:00+00:00 [queued]>
[2024-09-11T17:30:18.724+0000] {taskinstance.py:2865} INFO - Starting attempt 1 of 2
[2024-09-11T17:30:18.884+0000] {taskinstance.py:2888} INFO - Executing <Task(PythonOperator): correct_transactions_anomalies> on 2024-09-11 17:25:00+00:00
[2024-09-11T17:30:19.096+0000] {logging_mixin.py:190} WARNING - /home/airflow/.local/lib/python3.12/site-packages/airflow/task/task_runner/standard_task_runner.py:70 DeprecationWarning: This process (pid=15177) is multi-threaded, use of fork() may lead to deadlocks in the child.
[2024-09-11T17:30:19.101+0000] {standard_task_runner.py:72} INFO - Started process 15203 to run task
[2024-09-11T17:30:19.103+0000] {standard_task_runner.py:104} INFO - Running: ['airflow', 'tasks', 'run', 'correction_Dag_Valeu_NULL', 'correct_transactions_anomalies', 'scheduled__2024-09-11T17:25:00+00:00', '--job-id', '1223', '--raw', '--subdir', 'DAGS_FOLDER/Correction_dag_Valeur_NULL.py', '--cfg-path', '/tmp/tmplz0emc6w']
[2024-09-11T17:30:19.175+0000] {standard_task_runner.py:105} INFO - Job 1223: Subtask correct_transactions_anomalies
[2024-09-11T17:30:24.693+0000] {task_command.py:467} INFO - Running <TaskInstance: correction_Dag_Valeu_NULL.correct_transactions_anomalies scheduled__2024-09-11T17:25:00+00:00 [running]> on host b8b5351e8a6b
[2024-09-11T17:30:26.665+0000] {job.py:229} INFO - Heartbeat recovered after 14.16 seconds
[2024-09-11T17:30:34.887+0000] {taskinstance.py:3131} INFO - Exporting env vars: AIRFLOW_CTX_DAG_OWNER='airflow' AIRFLOW_CTX_DAG_ID='correction_Dag_Valeu_NULL' AIRFLOW_CTX_TASK_ID='correct_transactions_anomalies' AIRFLOW_CTX_EXECUTION_DATE='2024-09-11T17:25:00+00:00' AIRFLOW_CTX_TRY_NUMBER='1' AIRFLOW_CTX_DAG_RUN_ID='scheduled__2024-09-11T17:25:00+00:00'
[2024-09-11T17:30:34.958+0000] {taskinstance.py:731} INFO - ::endgroup::
[2024-09-11T17:30:37.506+0000] {logging_mixin.py:190} INFO - Correction des anomalies dans la table Transactions réussie.
[2024-09-11T17:30:37.508+0000] {python.py:240} INFO - Done. Returned value was: None
[2024-09-11T17:30:37.673+0000] {job.py:229} INFO - Heartbeat recovered after 11.13 seconds
[2024-09-11T17:30:38.934+0000] {taskinstance.py:340} INFO - ::group::Post task execution logs
[2024-09-11T17:30:38.937+0000] {taskinstance.py:352} INFO - Marking task as SUCCESS. dag_id=correction_Dag_Valeu_NULL, task_id=correct_transactions_anomalies, run_id=scheduled__2024-09-11T17:25:00+00:00, execution_date=20240911T172500, start_date=20240911T173018, end_date=20240911T173038
[2024-09-11T17:30:39.315+0000] {local_task_job_runner.py:266} INFO - Task exited with return code 0
[2024-09-11T17:30:39.492+0000] {standard_task_runner.py:217} INFO - Process not found (most likely exited), stop collecting metrics
[2024-09-11T17:30:40.609+0000] {taskinstance.py:3900} INFO - 0 downstream tasks scheduled from follow-on schedule check
[2024-09-11T17:30:40.644+0000] {local_task_job_runner.py:245} INFO - ::endgroup::
