[2024-09-13T15:00:17.888+0000] {local_task_job_runner.py:123} INFO - ::group::Pre task execution logs
[2024-09-13T15:01:44.620+0000] {taskinstance.py:2612} INFO - Dependencies all met for dep_context=non-requeueable deps ti=<TaskInstance: welcome_dag.print_welcome scheduled__2024-09-13T15:00:04+00:00 [queued]>
[2024-09-13T15:01:44.785+0000] {taskinstance.py:2612} INFO - Dependencies all met for dep_context=requeueable deps ti=<TaskInstance: welcome_dag.print_welcome scheduled__2024-09-13T15:00:04+00:00 [queued]>
[2024-09-13T15:01:44.787+0000] {taskinstance.py:2865} INFO - Starting attempt 1 of 1
[2024-09-13T15:01:45.008+0000] {taskinstance.py:2888} INFO - Executing <Task(PythonOperator): print_welcome> on 2024-09-13 15:00:04+00:00
[2024-09-13T15:01:45.220+0000] {logging_mixin.py:190} WARNING - /home/airflow/.local/lib/python3.12/site-packages/airflow/task/task_runner/standard_task_runner.py:70 DeprecationWarning: This process (pid=8796) is multi-threaded, use of fork() may lead to deadlocks in the child.
[2024-09-13T15:01:45.226+0000] {standard_task_runner.py:72} INFO - Started process 8817 to run task
[2024-09-13T15:01:45.256+0000] {standard_task_runner.py:104} INFO - Running: ['airflow', 'tasks', 'run', 'welcome_dag', 'print_welcome', 'scheduled__2024-09-13T15:00:04+00:00', '--job-id', '2558', '--raw', '--subdir', 'DAGS_FOLDER/Awelcome_dags.py', '--cfg-path', '/tmp/tmp3r7_9s8c']
[2024-09-13T15:01:45.313+0000] {standard_task_runner.py:105} INFO - Job 2558: Subtask print_welcome
[2024-09-13T15:01:52.643+0000] {job.py:229} INFO - Heartbeat recovered after 101.90 seconds
[2024-09-13T15:01:53.272+0000] {task_command.py:467} INFO - Running <TaskInstance: welcome_dag.print_welcome scheduled__2024-09-13T15:00:04+00:00 [running]> on host 7403e816bcf5
[2024-09-13T15:01:56.906+0000] {taskinstance.py:3131} INFO - Exporting env vars: AIRFLOW_CTX_DAG_OWNER='airflow' AIRFLOW_CTX_DAG_ID='welcome_dag' AIRFLOW_CTX_TASK_ID='print_welcome' AIRFLOW_CTX_EXECUTION_DATE='2024-09-13T15:00:04+00:00' AIRFLOW_CTX_TRY_NUMBER='1' AIRFLOW_CTX_DAG_RUN_ID='scheduled__2024-09-13T15:00:04+00:00'
[2024-09-13T15:01:56.948+0000] {taskinstance.py:731} INFO - ::endgroup::
[2024-09-13T15:01:57.585+0000] {logging_mixin.py:190} INFO - Welcome to Airflow!
[2024-09-13T15:01:57.592+0000] {python.py:240} INFO - Done. Returned value was: None
[2024-09-13T15:01:58.412+0000] {taskinstance.py:340} INFO - ::group::Post task execution logs
[2024-09-13T15:01:58.416+0000] {taskinstance.py:352} INFO - Marking task as SUCCESS. dag_id=welcome_dag, task_id=print_welcome, run_id=scheduled__2024-09-13T15:00:04+00:00, execution_date=20240913T150004, start_date=20240913T150144, end_date=20240913T150158
[2024-09-13T15:02:00.189+0000] {local_task_job_runner.py:266} INFO - Task exited with return code 0
[2024-09-13T15:02:00.334+0000] {standard_task_runner.py:217} INFO - Process not found (most likely exited), stop collecting metrics
[2024-09-13T15:02:01.533+0000] {taskinstance.py:3900} INFO - 0 downstream tasks scheduled from follow-on schedule check
[2024-09-13T15:02:01.547+0000] {local_task_job_runner.py:245} INFO - ::endgroup::
