[2024-10-23T13:05:34.640+0000] {local_task_job_runner.py:123} INFO - ::group::Pre task execution logs
[2024-10-23T13:05:35.319+0000] {taskinstance.py:2612} INFO - Dependencies all met for dep_context=non-requeueable deps ti=<TaskInstance: Corrrect_Dag_detect_and_correct_collective_anomalie.detect_and_correct_collective_anomalie scheduled__2024-10-23T12:50:00+00:00 [queued]>
[2024-10-23T13:05:35.359+0000] {taskinstance.py:2612} INFO - Dependencies all met for dep_context=requeueable deps ti=<TaskInstance: Corrrect_Dag_detect_and_correct_collective_anomalie.detect_and_correct_collective_anomalie scheduled__2024-10-23T12:50:00+00:00 [queued]>
[2024-10-23T13:05:35.360+0000] {taskinstance.py:2865} INFO - Starting attempt 2 of 2
[2024-10-23T13:05:35.436+0000] {taskinstance.py:2888} INFO - Executing <Task(PythonOperator): detect_and_correct_collective_anomalie> on 2024-10-23 12:50:00+00:00
[2024-10-23T13:05:35.465+0000] {logging_mixin.py:190} WARNING - /home/airflow/.local/lib/python3.12/site-packages/airflow/task/task_runner/standard_task_runner.py:70 DeprecationWarning: This process (pid=10700) is multi-threaded, use of fork() may lead to deadlocks in the child.
[2024-10-23T13:05:35.468+0000] {standard_task_runner.py:72} INFO - Started process 10749 to run task
[2024-10-23T13:05:35.466+0000] {standard_task_runner.py:104} INFO - Running: ['airflow', 'tasks', 'run', 'Corrrect_Dag_detect_and_correct_collective_anomalie', 'detect_and_correct_collective_anomalie', 'scheduled__2024-10-23T12:50:00+00:00', '--job-id', '6282', '--raw', '--subdir', 'DAGS_FOLDER/Corrrect_Dag_detect_and_correct_collective_anomalie.py', '--cfg-path', '/tmp/tmphk64frt_']
[2024-10-23T13:05:35.475+0000] {standard_task_runner.py:105} INFO - Job 6282: Subtask detect_and_correct_collective_anomalie
[2024-10-23T13:05:42.804+0000] {job.py:229} INFO - Heartbeat recovered after 11.59 seconds
[2024-10-23T13:05:43.890+0000] {task_command.py:467} INFO - Running <TaskInstance: Corrrect_Dag_detect_and_correct_collective_anomalie.detect_and_correct_collective_anomalie scheduled__2024-10-23T12:50:00+00:00 [running]> on host 696ca67245ce
[2024-10-23T13:05:48.674+0000] {taskinstance.py:3131} INFO - Exporting env vars: AIRFLOW_CTX_DAG_OWNER='airflow' AIRFLOW_CTX_DAG_ID='Corrrect_Dag_detect_and_correct_collective_anomalie' AIRFLOW_CTX_TASK_ID='detect_and_correct_collective_anomalie' AIRFLOW_CTX_EXECUTION_DATE='2024-10-23T12:50:00+00:00' AIRFLOW_CTX_TRY_NUMBER='2' AIRFLOW_CTX_DAG_RUN_ID='scheduled__2024-10-23T12:50:00+00:00'
[2024-10-23T13:05:48.688+0000] {taskinstance.py:731} INFO - ::endgroup::
[2024-10-23T13:05:50.063+0000] {logging_mixin.py:190} WARNING - /opt/airflow/dags/Corrrect_Dag_detect_and_correct_collective_anomalie.py:15 UserWarning: pandas only supports SQLAlchemy connectable (engine/connection) or database string URI or sqlite3 DBAPI2 connection. Other DBAPI2 objects are not tested. Please consider using SQLAlchemy.
[2024-10-23T13:05:51.342+0000] {python.py:240} INFO - Done. Returned value was: None
[2024-10-23T13:05:52.252+0000] {taskinstance.py:340} INFO - ::group::Post task execution logs
[2024-10-23T13:05:52.256+0000] {taskinstance.py:352} INFO - Marking task as SUCCESS. dag_id=Corrrect_Dag_detect_and_correct_collective_anomalie, task_id=detect_and_correct_collective_anomalie, run_id=scheduled__2024-10-23T12:50:00+00:00, execution_date=20241023T125000, start_date=20241023T130535, end_date=20241023T130552
[2024-10-23T13:05:52.378+0000] {local_task_job_runner.py:266} INFO - Task exited with return code 0
[2024-10-23T13:05:53.008+0000] {taskinstance.py:3900} INFO - 0 downstream tasks scheduled from follow-on schedule check
[2024-10-23T13:05:53.017+0000] {local_task_job_runner.py:245} INFO - ::endgroup::
