[2024-09-11T17:00:13.457+0000] {local_task_job_runner.py:123} INFO - ::group::Pre task execution logs
[2024-09-11T17:00:16.142+0000] {taskinstance.py:2612} INFO - Dependencies all met for dep_context=non-requeueable deps ti=<TaskInstance: welcome_dag.print_welcome scheduled__2024-09-11T16:00:59+00:00 [queued]>
[2024-09-11T17:00:16.613+0000] {taskinstance.py:2612} INFO - Dependencies all met for dep_context=requeueable deps ti=<TaskInstance: welcome_dag.print_welcome scheduled__2024-09-11T16:00:59+00:00 [queued]>
[2024-09-11T17:00:16.616+0000] {taskinstance.py:2865} INFO - Starting attempt 1 of 1
[2024-09-11T17:00:17.906+0000] {taskinstance.py:2888} INFO - Executing <Task(PythonOperator): print_welcome> on 2024-09-11 16:00:59+00:00
[2024-09-11T17:00:18.232+0000] {standard_task_runner.py:104} INFO - Running: ['airflow', 'tasks', 'run', 'welcome_dag', 'print_welcome', 'scheduled__2024-09-11T16:00:59+00:00', '--job-id', '1137', '--raw', '--subdir', 'DAGS_FOLDER/Awelcome_dags.py', '--cfg-path', '/tmp/tmp9cq9kk18']
[2024-09-11T17:00:18.275+0000] {standard_task_runner.py:105} INFO - Job 1137: Subtask print_welcome
[2024-09-11T17:00:18.352+0000] {logging_mixin.py:190} WARNING - /home/airflow/.local/lib/python3.12/site-packages/airflow/task/task_runner/standard_task_runner.py:70 DeprecationWarning: This process (pid=11676) is multi-threaded, use of fork() may lead to deadlocks in the child.
[2024-09-11T17:00:18.360+0000] {standard_task_runner.py:72} INFO - Started process 11713 to run task
[2024-09-11T17:00:26.672+0000] {job.py:229} INFO - Heartbeat recovered after 17.59 seconds
[2024-09-11T17:00:31.324+0000] {task_command.py:467} INFO - Running <TaskInstance: welcome_dag.print_welcome scheduled__2024-09-11T16:00:59+00:00 [running]> on host b8b5351e8a6b
[2024-09-11T17:00:37.192+0000] {job.py:229} INFO - Heartbeat recovered after 10.65 seconds
[2024-09-11T17:00:40.694+0000] {taskinstance.py:3131} INFO - Exporting env vars: AIRFLOW_CTX_DAG_OWNER='airflow' AIRFLOW_CTX_DAG_ID='welcome_dag' AIRFLOW_CTX_TASK_ID='print_welcome' AIRFLOW_CTX_EXECUTION_DATE='2024-09-11T16:00:59+00:00' AIRFLOW_CTX_TRY_NUMBER='1' AIRFLOW_CTX_DAG_RUN_ID='scheduled__2024-09-11T16:00:59+00:00'
[2024-09-11T17:00:40.722+0000] {taskinstance.py:731} INFO - ::endgroup::
[2024-09-11T17:00:40.926+0000] {logging_mixin.py:190} INFO - Welcome to Airflow!
[2024-09-11T17:00:40.931+0000] {python.py:240} INFO - Done. Returned value was: None
[2024-09-11T17:00:42.975+0000] {taskinstance.py:340} INFO - ::group::Post task execution logs
[2024-09-11T17:00:42.978+0000] {taskinstance.py:352} INFO - Marking task as SUCCESS. dag_id=welcome_dag, task_id=print_welcome, run_id=scheduled__2024-09-11T16:00:59+00:00, execution_date=20240911T160059, start_date=20240911T170016, end_date=20240911T170042
[2024-09-11T17:00:43.142+0000] {local_task_job_runner.py:266} INFO - Task exited with return code 0
[2024-09-11T17:00:43.581+0000] {standard_task_runner.py:217} INFO - Process not found (most likely exited), stop collecting metrics
[2024-09-11T17:00:44.428+0000] {taskinstance.py:3900} INFO - 1 downstream tasks scheduled from follow-on schedule check
[2024-09-11T17:00:44.439+0000] {local_task_job_runner.py:245} INFO - ::endgroup::
