[2024-10-23T12:34:57.937+0000] {local_task_job_runner.py:123} INFO - ::group::Pre task execution logs
[2024-10-23T12:35:00.411+0000] {taskinstance.py:2612} INFO - Dependencies all met for dep_context=non-requeueable deps ti=<TaskInstance: correction_Dag_1FN.correct_1nf_violations scheduled__2024-10-23T12:05:00+00:00 [queued]>
[2024-10-23T12:35:01.050+0000] {taskinstance.py:2612} INFO - Dependencies all met for dep_context=requeueable deps ti=<TaskInstance: correction_Dag_1FN.correct_1nf_violations scheduled__2024-10-23T12:05:00+00:00 [queued]>
[2024-10-23T12:35:01.073+0000] {taskinstance.py:2865} INFO - Starting attempt 1 of 2
[2024-10-23T12:35:03.864+0000] {taskinstance.py:2888} INFO - Executing <Task(PythonOperator): correct_1nf_violations> on 2024-10-23 12:05:00+00:00
[2024-10-23T12:35:13.282+0000] {logging_mixin.py:190} WARNING - /home/airflow/.local/lib/python3.12/site-packages/airflow/task/task_runner/standard_task_runner.py:70 DeprecationWarning: This process (pid=7311) is multi-threaded, use of fork() may lead to deadlocks in the child.
[2024-10-23T12:35:13.691+0000] {standard_task_runner.py:72} INFO - Started process 7373 to run task
[2024-10-23T12:35:12.224+0000] {standard_task_runner.py:104} INFO - Running: ['airflow', 'tasks', 'run', 'correction_Dag_1FN', 'correct_1nf_violations', 'scheduled__2024-10-23T12:05:00+00:00', '--job-id', '6155', '--raw', '--subdir', 'DAGS_FOLDER/Correction_dag_1FN.py', '--cfg-path', '/tmp/tmp0ochukjr']
[2024-10-23T12:35:14.595+0000] {standard_task_runner.py:105} INFO - Job 6155: Subtask correct_1nf_violations
[2024-10-23T12:35:26.458+0000] {cli_action_loggers.py:177} WARNING - Failed to log action (psycopg2.OperationalError) could not translate host name "postgres" to address: Temporary failure in name resolution

(Background on this error at: https://sqlalche.me/e/14/e3q8)
[2024-10-23T12:35:30.958+0000] {job.py:229} INFO - Heartbeat recovered after 37.84 seconds
[2024-10-23T12:35:36.491+0000] {task_command.py:467} INFO - Running <TaskInstance: correction_Dag_1FN.correct_1nf_violations scheduled__2024-10-23T12:05:00+00:00 [running]> on host 696ca67245ce
[2024-10-23T12:35:41.614+0000] {job.py:229} INFO - Heartbeat recovered after 10.74 seconds
[2024-10-23T12:35:48.790+0000] {taskinstance.py:3131} INFO - Exporting env vars: AIRFLOW_CTX_DAG_OWNER='airflow' AIRFLOW_CTX_DAG_ID='correction_Dag_1FN' AIRFLOW_CTX_TASK_ID='correct_1nf_violations' AIRFLOW_CTX_EXECUTION_DATE='2024-10-23T12:05:00+00:00' AIRFLOW_CTX_TRY_NUMBER='1' AIRFLOW_CTX_DAG_RUN_ID='scheduled__2024-10-23T12:05:00+00:00'
[2024-10-23T12:35:48.811+0000] {taskinstance.py:731} INFO - ::endgroup::
[2024-10-23T12:35:55.925+0000] {logging_mixin.py:190} INFO - Table Orders mise à jour avec succès, violations 1FN corrigées.
[2024-10-23T12:35:55.958+0000] {python.py:240} INFO - Done. Returned value was: None
[2024-10-23T12:35:58.837+0000] {taskinstance.py:340} INFO - ::group::Post task execution logs
[2024-10-23T12:35:58.845+0000] {taskinstance.py:352} INFO - Marking task as SUCCESS. dag_id=correction_Dag_1FN, task_id=correct_1nf_violations, run_id=scheduled__2024-10-23T12:05:00+00:00, execution_date=20241023T120500, start_date=20241023T123500, end_date=20241023T123558
[2024-10-23T12:35:59.546+0000] {job.py:229} INFO - Heartbeat recovered after 18.23 seconds
[2024-10-23T12:36:01.305+0000] {local_task_job_runner.py:266} INFO - Task exited with return code 0
[2024-10-23T12:36:04.819+0000] {standard_task_runner.py:217} INFO - Process not found (most likely exited), stop collecting metrics
[2024-10-23T12:36:06.368+0000] {taskinstance.py:3900} INFO - 0 downstream tasks scheduled from follow-on schedule check
[2024-10-23T12:36:06.412+0000] {local_task_job_runner.py:245} INFO - ::endgroup::
