[2024-09-10T12:25:51.487+0000] {local_task_job_runner.py:123} INFO - ::group::Pre task execution logs
[2024-09-10T12:25:52.592+0000] {taskinstance.py:2612} INFO - Dependencies all met for dep_context=non-requeueable deps ti=<TaskInstance: Dag_NegativeQuantity_andTotalAmount.run_anomaly_detection scheduled__2024-09-10T12:20:00+00:00 [queued]>
[2024-09-10T12:25:52.681+0000] {taskinstance.py:2612} INFO - Dependencies all met for dep_context=requeueable deps ti=<TaskInstance: Dag_NegativeQuantity_andTotalAmount.run_anomaly_detection scheduled__2024-09-10T12:20:00+00:00 [queued]>
[2024-09-10T12:25:52.686+0000] {taskinstance.py:2865} INFO - Starting attempt 1 of 2
[2024-09-10T12:25:53.343+0000] {taskinstance.py:2888} INFO - Executing <Task(PythonOperator): run_anomaly_detection> on 2024-09-10 12:20:00+00:00
[2024-09-10T12:25:53.432+0000] {standard_task_runner.py:104} INFO - Running: ['airflow', 'tasks', 'run', 'Dag_NegativeQuantity_andTotalAmount', 'run_anomaly_detection', 'scheduled__2024-09-10T12:20:00+00:00', '--job-id', '2176', '--raw', '--subdir', 'DAGS_FOLDER/Dag_NegativeQuantity_andTotalAmount.py', '--cfg-path', '/tmp/tmpp6ieyhdm']
[2024-09-10T12:25:53.447+0000] {logging_mixin.py:190} WARNING - /home/airflow/.local/lib/python3.12/site-packages/airflow/task/task_runner/standard_task_runner.py:70 DeprecationWarning: This process (pid=5571) is multi-threaded, use of fork() may lead to deadlocks in the child.
[2024-09-10T12:25:53.457+0000] {standard_task_runner.py:105} INFO - Job 2176: Subtask run_anomaly_detection
[2024-09-10T12:25:53.459+0000] {standard_task_runner.py:72} INFO - Started process 5622 to run task
[2024-09-10T12:25:56.615+0000] {task_command.py:467} INFO - Running <TaskInstance: Dag_NegativeQuantity_andTotalAmount.run_anomaly_detection scheduled__2024-09-10T12:20:00+00:00 [running]> on host 6d70a6e2c42a
[2024-09-10T12:25:59.539+0000] {job.py:229} INFO - Heartbeat recovered after 12.84 seconds
[2024-09-10T12:26:02.150+0000] {taskinstance.py:3131} INFO - Exporting env vars: AIRFLOW_CTX_DAG_OWNER='airflow' AIRFLOW_CTX_DAG_ID='Dag_NegativeQuantity_andTotalAmount' AIRFLOW_CTX_TASK_ID='run_anomaly_detection' AIRFLOW_CTX_EXECUTION_DATE='2024-09-10T12:20:00+00:00' AIRFLOW_CTX_TRY_NUMBER='1' AIRFLOW_CTX_DAG_RUN_ID='scheduled__2024-09-10T12:20:00+00:00'
[2024-09-10T12:26:02.206+0000] {taskinstance.py:731} INFO - ::endgroup::
[2024-09-10T12:26:05.341+0000] {python.py:240} INFO - Done. Returned value was: None
[2024-09-10T12:26:06.508+0000] {taskinstance.py:340} INFO - ::group::Post task execution logs
[2024-09-10T12:26:06.514+0000] {taskinstance.py:352} INFO - Marking task as SUCCESS. dag_id=Dag_NegativeQuantity_andTotalAmount, task_id=run_anomaly_detection, run_id=scheduled__2024-09-10T12:20:00+00:00, execution_date=20240910T122000, start_date=20240910T122552, end_date=20240910T122606
[2024-09-10T12:26:08.276+0000] {local_task_job_runner.py:266} INFO - Task exited with return code 0
[2024-09-10T12:26:08.491+0000] {standard_task_runner.py:217} INFO - Process not found (most likely exited), stop collecting metrics
[2024-09-10T12:26:09.075+0000] {taskinstance.py:3900} INFO - 0 downstream tasks scheduled from follow-on schedule check
[2024-09-10T12:26:09.089+0000] {local_task_job_runner.py:245} INFO - ::endgroup::
