[2024-10-23T15:06:29.281+0000] {local_task_job_runner.py:123} INFO - ::group::Pre task execution logs
[2024-10-23T15:06:30.495+0000] {taskinstance.py:2612} INFO - Dependencies all met for dep_context=non-requeueable deps ti=<TaskInstance: detect_transaction_date_anomalies_dag.run_anomaly_detection scheduled__2024-10-23T15:00:00+00:00 [queued]>
[2024-10-23T15:06:30.553+0000] {taskinstance.py:2612} INFO - Dependencies all met for dep_context=requeueable deps ti=<TaskInstance: detect_transaction_date_anomalies_dag.run_anomaly_detection scheduled__2024-10-23T15:00:00+00:00 [queued]>
[2024-10-23T15:06:30.555+0000] {taskinstance.py:2865} INFO - Starting attempt 1 of 2
[2024-10-23T15:06:30.687+0000] {taskinstance.py:2888} INFO - Executing <Task(PythonOperator): run_anomaly_detection> on 2024-10-23 15:00:00+00:00
[2024-10-23T15:06:30.749+0000] {logging_mixin.py:190} WARNING - /home/airflow/.local/lib/python3.12/site-packages/airflow/task/task_runner/standard_task_runner.py:70 DeprecationWarning: This process (pid=12182) is multi-threaded, use of fork() may lead to deadlocks in the child.
[2024-10-23T15:06:30.738+0000] {standard_task_runner.py:104} INFO - Running: ['airflow', 'tasks', 'run', 'detect_transaction_date_anomalies_dag', 'run_anomaly_detection', 'scheduled__2024-10-23T15:00:00+00:00', '--job-id', '6380', '--raw', '--subdir', 'DAGS_FOLDER/Dag-Transaction-Date-in-the-Paste.py', '--cfg-path', '/tmp/tmphjfl03xj']
[2024-10-23T15:06:30.753+0000] {standard_task_runner.py:72} INFO - Started process 12234 to run task
[2024-10-23T15:06:30.754+0000] {standard_task_runner.py:105} INFO - Job 6380: Subtask run_anomaly_detection
[2024-10-23T15:06:32.903+0000] {task_command.py:467} INFO - Running <TaskInstance: detect_transaction_date_anomalies_dag.run_anomaly_detection scheduled__2024-10-23T15:00:00+00:00 [running]> on host 696ca67245ce
[2024-10-23T15:06:36.493+0000] {taskinstance.py:3131} INFO - Exporting env vars: AIRFLOW_CTX_DAG_OWNER='airflow' AIRFLOW_CTX_DAG_ID='detect_transaction_date_anomalies_dag' AIRFLOW_CTX_TASK_ID='run_anomaly_detection' AIRFLOW_CTX_EXECUTION_DATE='2024-10-23T15:00:00+00:00' AIRFLOW_CTX_TRY_NUMBER='1' AIRFLOW_CTX_DAG_RUN_ID='scheduled__2024-10-23T15:00:00+00:00'
[2024-10-23T15:06:36.508+0000] {taskinstance.py:731} INFO - ::endgroup::
[2024-10-23T15:06:36.876+0000] {job.py:229} INFO - Heartbeat recovered after 12.79 seconds
[2024-10-23T15:06:38.784+0000] {Dag-Transaction-Date-in-the-Paste.py:97} INFO - Inserting 2 detected anomalies
[2024-10-23T15:06:39.965+0000] {python.py:240} INFO - Done. Returned value was: None
[2024-10-23T15:06:40.339+0000] {taskinstance.py:340} INFO - ::group::Post task execution logs
[2024-10-23T15:06:40.343+0000] {taskinstance.py:352} INFO - Marking task as SUCCESS. dag_id=detect_transaction_date_anomalies_dag, task_id=run_anomaly_detection, run_id=scheduled__2024-10-23T15:00:00+00:00, execution_date=20241023T150000, start_date=20241023T150630, end_date=20241023T150640
[2024-10-23T15:06:40.497+0000] {local_task_job_runner.py:266} INFO - Task exited with return code 0
[2024-10-23T15:06:40.773+0000] {standard_task_runner.py:217} INFO - Process not found (most likely exited), stop collecting metrics
[2024-10-23T15:06:41.028+0000] {local_task_job_runner.py:245} INFO - ::endgroup::
