[2024-09-13T16:40:05.690+0000] {local_task_job_runner.py:123} INFO - ::group::Pre task execution logs
[2024-09-13T16:40:06.528+0000] {taskinstance.py:2612} INFO - Dependencies all met for dep_context=non-requeueable deps ti=<TaskInstance: correction_Dag_1FN.correct_1nf_violations scheduled__2024-09-13T16:35:00+00:00 [queued]>
[2024-09-13T16:40:06.610+0000] {taskinstance.py:2612} INFO - Dependencies all met for dep_context=requeueable deps ti=<TaskInstance: correction_Dag_1FN.correct_1nf_violations scheduled__2024-09-13T16:35:00+00:00 [queued]>
[2024-09-13T16:40:06.612+0000] {taskinstance.py:2865} INFO - Starting attempt 1 of 2
[2024-09-13T16:40:06.702+0000] {taskinstance.py:2888} INFO - Executing <Task(PythonOperator): correct_1nf_violations> on 2024-09-13 16:35:00+00:00
[2024-09-13T16:40:06.783+0000] {standard_task_runner.py:104} INFO - Running: ['airflow', 'tasks', 'run', 'correction_Dag_1FN', 'correct_1nf_violations', 'scheduled__2024-09-13T16:35:00+00:00', '--job-id', '2843', '--raw', '--subdir', 'DAGS_FOLDER/Correction_dag_1FN.py', '--cfg-path', '/tmp/tmp_8r8eb_b']
[2024-09-13T16:40:06.809+0000] {standard_task_runner.py:105} INFO - Job 2843: Subtask correct_1nf_violations
[2024-09-13T16:40:06.807+0000] {logging_mixin.py:190} WARNING - /home/airflow/.local/lib/python3.12/site-packages/airflow/task/task_runner/standard_task_runner.py:70 DeprecationWarning: This process (pid=24957) is multi-threaded, use of fork() may lead to deadlocks in the child.
[2024-09-13T16:40:06.840+0000] {standard_task_runner.py:72} INFO - Started process 24982 to run task
[2024-09-13T16:40:11.272+0000] {task_command.py:467} INFO - Running <TaskInstance: correction_Dag_1FN.correct_1nf_violations scheduled__2024-09-13T16:35:00+00:00 [running]> on host 7403e816bcf5
[2024-09-13T16:40:13.220+0000] {job.py:229} INFO - Heartbeat recovered after 10.61 seconds
[2024-09-13T16:40:14.948+0000] {taskinstance.py:3131} INFO - Exporting env vars: AIRFLOW_CTX_DAG_OWNER='airflow' AIRFLOW_CTX_DAG_ID='correction_Dag_1FN' AIRFLOW_CTX_TASK_ID='correct_1nf_violations' AIRFLOW_CTX_EXECUTION_DATE='2024-09-13T16:35:00+00:00' AIRFLOW_CTX_TRY_NUMBER='1' AIRFLOW_CTX_DAG_RUN_ID='scheduled__2024-09-13T16:35:00+00:00'
[2024-09-13T16:40:14.961+0000] {taskinstance.py:731} INFO - ::endgroup::
[2024-09-13T16:40:15.280+0000] {logging_mixin.py:190} INFO - Erreur lors de la correction des anomalies : cannot drop table orders because other objects depend on it
DETAIL:  constraint orderdetails_order_id_fkey on table orderdetails depends on table orders
HINT:  Use DROP ... CASCADE to drop the dependent objects too.
[2024-09-13T16:40:15.281+0000] {python.py:240} INFO - Done. Returned value was: None
[2024-09-13T16:40:15.561+0000] {taskinstance.py:340} INFO - ::group::Post task execution logs
[2024-09-13T16:40:15.562+0000] {taskinstance.py:352} INFO - Marking task as SUCCESS. dag_id=correction_Dag_1FN, task_id=correct_1nf_violations, run_id=scheduled__2024-09-13T16:35:00+00:00, execution_date=20240913T163500, start_date=20240913T164006, end_date=20240913T164015
[2024-09-13T16:40:15.674+0000] {local_task_job_runner.py:266} INFO - Task exited with return code 0
[2024-09-13T16:40:16.121+0000] {local_task_job_runner.py:245} INFO - ::endgroup::
