[2024-09-13T16:45:18.357+0000] {local_task_job_runner.py:123} INFO - ::group::Pre task execution logs
[2024-09-13T16:45:20.936+0000] {taskinstance.py:2612} INFO - Dependencies all met for dep_context=non-requeueable deps ti=<TaskInstance: correction_Dag_Negative_Value.correct_negative_values scheduled__2024-09-13T16:40:00+00:00 [queued]>
[2024-09-13T16:45:22.561+0000] {taskinstance.py:2612} INFO - Dependencies all met for dep_context=requeueable deps ti=<TaskInstance: correction_Dag_Negative_Value.correct_negative_values scheduled__2024-09-13T16:40:00+00:00 [queued]>
[2024-09-13T16:45:22.563+0000] {taskinstance.py:2865} INFO - Starting attempt 1 of 2
[2024-09-13T16:45:23.273+0000] {taskinstance.py:2888} INFO - Executing <Task(PythonOperator): correct_negative_values> on 2024-09-13 16:40:00+00:00
[2024-09-13T16:45:24.679+0000] {logging_mixin.py:190} WARNING - /home/airflow/.local/lib/python3.12/site-packages/airflow/task/task_runner/standard_task_runner.py:70 DeprecationWarning: This process (pid=25809) is multi-threaded, use of fork() may lead to deadlocks in the child.
[2024-09-13T16:45:24.814+0000] {standard_task_runner.py:72} INFO - Started process 25838 to run task
[2024-09-13T16:45:25.053+0000] {standard_task_runner.py:104} INFO - Running: ['airflow', 'tasks', 'run', 'correction_Dag_Negative_Value', 'correct_negative_values', 'scheduled__2024-09-13T16:40:00+00:00', '--job-id', '2855', '--raw', '--subdir', 'DAGS_FOLDER/Correction_dag_Negative_Value.py', '--cfg-path', '/tmp/tmp7nel25qj']
[2024-09-13T16:45:25.892+0000] {standard_task_runner.py:105} INFO - Job 2855: Subtask correct_negative_values
[2024-09-13T16:45:32.541+0000] {job.py:229} INFO - Heartbeat recovered after 20.94 seconds
[2024-09-13T16:45:35.627+0000] {task_command.py:467} INFO - Running <TaskInstance: correction_Dag_Negative_Value.correct_negative_values scheduled__2024-09-13T16:40:00+00:00 [running]> on host 7403e816bcf5
[2024-09-13T16:45:43.343+0000] {job.py:229} INFO - Heartbeat recovered after 11.33 seconds
[2024-09-13T16:45:46.199+0000] {taskinstance.py:3131} INFO - Exporting env vars: AIRFLOW_CTX_DAG_OWNER='airflow' AIRFLOW_CTX_DAG_ID='correction_Dag_Negative_Value' AIRFLOW_CTX_TASK_ID='correct_negative_values' AIRFLOW_CTX_EXECUTION_DATE='2024-09-13T16:40:00+00:00' AIRFLOW_CTX_TRY_NUMBER='1' AIRFLOW_CTX_DAG_RUN_ID='scheduled__2024-09-13T16:40:00+00:00'
[2024-09-13T16:45:46.252+0000] {taskinstance.py:731} INFO - ::endgroup::
[2024-09-13T16:45:48.757+0000] {logging_mixin.py:190} INFO - Anomalies corrigées avec succès.
[2024-09-13T16:45:48.761+0000] {python.py:240} INFO - Done. Returned value was: None
[2024-09-13T16:45:49.816+0000] {taskinstance.py:340} INFO - ::group::Post task execution logs
[2024-09-13T16:45:49.825+0000] {taskinstance.py:352} INFO - Marking task as SUCCESS. dag_id=correction_Dag_Negative_Value, task_id=correct_negative_values, run_id=scheduled__2024-09-13T16:40:00+00:00, execution_date=20240913T164000, start_date=20240913T164520, end_date=20240913T164549
[2024-09-13T16:45:54.243+0000] {local_task_job_runner.py:266} INFO - Task exited with return code 0
[2024-09-13T16:45:55.215+0000] {standard_task_runner.py:217} INFO - Process not found (most likely exited), stop collecting metrics
[2024-09-13T16:45:56.347+0000] {taskinstance.py:3900} INFO - 0 downstream tasks scheduled from follow-on schedule check
[2024-09-13T16:45:56.379+0000] {local_task_job_runner.py:245} INFO - ::endgroup::
