[2024-09-10T16:45:09.456+0000] {local_task_job_runner.py:123} INFO - ::group::Pre task execution logs
[2024-09-10T16:45:11.158+0000] {taskinstance.py:2612} INFO - Dependencies all met for dep_context=non-requeueable deps ti=<TaskInstance: correction_Dag_1FN.correct_1nf_violations scheduled__2024-09-10T16:40:00+00:00 [queued]>
[2024-09-10T16:45:11.927+0000] {taskinstance.py:2612} INFO - Dependencies all met for dep_context=requeueable deps ti=<TaskInstance: correction_Dag_1FN.correct_1nf_violations scheduled__2024-09-10T16:40:00+00:00 [queued]>
[2024-09-10T16:45:11.940+0000] {taskinstance.py:2865} INFO - Starting attempt 1 of 2
[2024-09-10T16:45:12.583+0000] {taskinstance.py:2888} INFO - Executing <Task(PythonOperator): correct_1nf_violations> on 2024-09-10 16:40:00+00:00
[2024-09-10T16:45:13.299+0000] {standard_task_runner.py:104} INFO - Running: ['airflow', 'tasks', 'run', 'correction_Dag_1FN', 'correct_1nf_violations', 'scheduled__2024-09-10T16:40:00+00:00', '--job-id', '2766', '--raw', '--subdir', 'DAGS_FOLDER/Correction_dag_1FN.py', '--cfg-path', '/tmp/tmp9y1kfmbz']
[2024-09-10T16:45:13.451+0000] {standard_task_runner.py:105} INFO - Job 2766: Subtask correct_1nf_violations
[2024-09-10T16:45:13.545+0000] {logging_mixin.py:190} WARNING - /home/airflow/.local/lib/python3.12/site-packages/airflow/task/task_runner/standard_task_runner.py:70 DeprecationWarning: This process (pid=26753) is multi-threaded, use of fork() may lead to deadlocks in the child.
[2024-09-10T16:45:13.560+0000] {standard_task_runner.py:72} INFO - Started process 26801 to run task
[2024-09-10T16:45:19.771+0000] {task_command.py:467} INFO - Running <TaskInstance: correction_Dag_1FN.correct_1nf_violations scheduled__2024-09-10T16:40:00+00:00 [running]> on host 5f241b76205c
[2024-09-10T16:45:21.045+0000] {job.py:229} INFO - Heartbeat recovered after 14.28 seconds
[2024-09-10T16:45:27.576+0000] {taskinstance.py:3131} INFO - Exporting env vars: AIRFLOW_CTX_DAG_OWNER='airflow' AIRFLOW_CTX_DAG_ID='correction_Dag_1FN' AIRFLOW_CTX_TASK_ID='correct_1nf_violations' AIRFLOW_CTX_EXECUTION_DATE='2024-09-10T16:40:00+00:00' AIRFLOW_CTX_TRY_NUMBER='1' AIRFLOW_CTX_DAG_RUN_ID='scheduled__2024-09-10T16:40:00+00:00'
[2024-09-10T16:45:27.618+0000] {taskinstance.py:731} INFO - ::endgroup::
[2024-09-10T16:45:30.067+0000] {logging_mixin.py:190} INFO - Erreur lors de la correction des anomalies : column "product_ids" does not exist
LINE 2:         SELECT customer_id, product_ids, order_date, total_a...
                                    ^
HINT:  Perhaps you meant to reference the column "orders.product_id".
[2024-09-10T16:45:30.088+0000] {python.py:240} INFO - Done. Returned value was: None
[2024-09-10T16:45:31.525+0000] {job.py:229} INFO - Heartbeat recovered after 10.56 seconds
[2024-09-10T16:45:31.627+0000] {taskinstance.py:340} INFO - ::group::Post task execution logs
[2024-09-10T16:45:31.629+0000] {taskinstance.py:352} INFO - Marking task as SUCCESS. dag_id=correction_Dag_1FN, task_id=correct_1nf_violations, run_id=scheduled__2024-09-10T16:40:00+00:00, execution_date=20240910T164000, start_date=20240910T164511, end_date=20240910T164531
[2024-09-10T16:45:32.498+0000] {local_task_job_runner.py:266} INFO - Task exited with return code 0
[2024-09-10T16:45:33.747+0000] {standard_task_runner.py:217} INFO - Process not found (most likely exited), stop collecting metrics
[2024-09-10T16:45:34.499+0000] {taskinstance.py:3900} INFO - 0 downstream tasks scheduled from follow-on schedule check
[2024-09-10T16:45:34.546+0000] {local_task_job_runner.py:245} INFO - ::endgroup::
