[2024-09-11T13:20:19.935+0000] {local_task_job_runner.py:123} INFO - ::group::Pre task execution logs
[2024-09-11T13:20:20.811+0000] {taskinstance.py:2612} INFO - Dependencies all met for dep_context=non-requeueable deps ti=<TaskInstance: correction_Dag_Negative_Value.correct_negative_values scheduled__2024-09-11T13:15:00+00:00 [queued]>
[2024-09-11T13:20:20.937+0000] {taskinstance.py:2612} INFO - Dependencies all met for dep_context=requeueable deps ti=<TaskInstance: correction_Dag_Negative_Value.correct_negative_values scheduled__2024-09-11T13:15:00+00:00 [queued]>
[2024-09-11T13:20:20.939+0000] {taskinstance.py:2865} INFO - Starting attempt 1 of 2
[2024-09-11T13:20:21.141+0000] {taskinstance.py:2888} INFO - Executing <Task(PythonOperator): correct_negative_values> on 2024-09-11 13:15:00+00:00
[2024-09-11T13:20:21.163+0000] {standard_task_runner.py:104} INFO - Running: ['airflow', 'tasks', 'run', 'correction_Dag_Negative_Value', 'correct_negative_values', 'scheduled__2024-09-11T13:15:00+00:00', '--job-id', '598', '--raw', '--subdir', 'DAGS_FOLDER/Correction_dag_Negative_Value.py', '--cfg-path', '/tmp/tmp5dfb8jgy']
[2024-09-11T13:20:21.171+0000] {standard_task_runner.py:105} INFO - Job 598: Subtask correct_negative_values
[2024-09-11T13:20:21.196+0000] {logging_mixin.py:190} WARNING - /home/airflow/.local/lib/python3.12/site-packages/airflow/task/task_runner/standard_task_runner.py:70 DeprecationWarning: This process (pid=683) is multi-threaded, use of fork() may lead to deadlocks in the child.
[2024-09-11T13:20:21.199+0000] {standard_task_runner.py:72} INFO - Started process 709 to run task
[2024-09-11T13:20:23.727+0000] {task_command.py:467} INFO - Running <TaskInstance: correction_Dag_Negative_Value.correct_negative_values scheduled__2024-09-11T13:15:00+00:00 [running]> on host 180117ed1726
[2024-09-11T13:20:27.063+0000] {job.py:229} INFO - Heartbeat recovered after 13.07 seconds
[2024-09-11T13:20:27.648+0000] {taskinstance.py:3131} INFO - Exporting env vars: AIRFLOW_CTX_DAG_OWNER='airflow' AIRFLOW_CTX_DAG_ID='correction_Dag_Negative_Value' AIRFLOW_CTX_TASK_ID='correct_negative_values' AIRFLOW_CTX_EXECUTION_DATE='2024-09-11T13:15:00+00:00' AIRFLOW_CTX_TRY_NUMBER='1' AIRFLOW_CTX_DAG_RUN_ID='scheduled__2024-09-11T13:15:00+00:00'
[2024-09-11T13:20:27.665+0000] {taskinstance.py:731} INFO - ::endgroup::
[2024-09-11T13:20:28.666+0000] {logging_mixin.py:190} INFO - Anomalies corrigées avec succès.
[2024-09-11T13:20:28.672+0000] {python.py:240} INFO - Done. Returned value was: None
[2024-09-11T13:20:29.397+0000] {taskinstance.py:340} INFO - ::group::Post task execution logs
[2024-09-11T13:20:29.406+0000] {taskinstance.py:352} INFO - Marking task as SUCCESS. dag_id=correction_Dag_Negative_Value, task_id=correct_negative_values, run_id=scheduled__2024-09-11T13:15:00+00:00, execution_date=20240911T131500, start_date=20240911T132020, end_date=20240911T132029
[2024-09-11T13:20:29.599+0000] {local_task_job_runner.py:266} INFO - Task exited with return code 0
[2024-09-11T13:20:30.462+0000] {local_task_job_runner.py:245} INFO - ::endgroup::
[2024-09-11T13:20:31.223+0000] {standard_task_runner.py:217} INFO - Process not found (most likely exited), stop collecting metrics
