[2024-09-08T18:41:41.682+0000] {local_task_job_runner.py:123} INFO - ::group::Pre task execution logs
[2024-09-08T18:41:42.213+0000] {taskinstance.py:2612} INFO - Dependencies all met for dep_context=non-requeueable deps ti=<TaskInstance: Corrrect_Dag_detect_and_correct_collective_anomalie.detect_and_correct_collective_anomalie scheduled__2024-09-08T18:30:00+00:00 [queued]>
[2024-09-08T18:41:42.296+0000] {taskinstance.py:2612} INFO - Dependencies all met for dep_context=requeueable deps ti=<TaskInstance: Corrrect_Dag_detect_and_correct_collective_anomalie.detect_and_correct_collective_anomalie scheduled__2024-09-08T18:30:00+00:00 [queued]>
[2024-09-08T18:41:42.300+0000] {taskinstance.py:2865} INFO - Starting attempt 2 of 2
[2024-09-08T18:41:42.594+0000] {taskinstance.py:2888} INFO - Executing <Task(PythonOperator): detect_and_correct_collective_anomalie> on 2024-09-08 18:30:00+00:00
[2024-09-08T18:41:42.742+0000] {logging_mixin.py:190} WARNING - /home/airflow/.local/lib/python3.12/site-packages/airflow/task/task_runner/standard_task_runner.py:70 DeprecationWarning: This process (pid=181) is multi-threaded, use of fork() may lead to deadlocks in the child.
[2024-09-08T18:41:42.724+0000] {standard_task_runner.py:104} INFO - Running: ['airflow', 'tasks', 'run', 'Corrrect_Dag_detect_and_correct_collective_anomalie', 'detect_and_correct_collective_anomalie', 'scheduled__2024-09-08T18:30:00+00:00', '--job-id', '1933', '--raw', '--subdir', 'DAGS_FOLDER/Corrrect_Dag_detect_and_correct_collective_anomalie.py', '--cfg-path', '/tmp/tmpfuwojvhm']
[2024-09-08T18:41:42.764+0000] {standard_task_runner.py:105} INFO - Job 1933: Subtask detect_and_correct_collective_anomalie
[2024-09-08T18:41:42.765+0000] {standard_task_runner.py:72} INFO - Started process 259 to run task
[2024-09-08T18:41:46.677+0000] {task_command.py:467} INFO - Running <TaskInstance: Corrrect_Dag_detect_and_correct_collective_anomalie.detect_and_correct_collective_anomalie scheduled__2024-09-08T18:30:00+00:00 [running]> on host 255f2021b117
[2024-09-08T18:41:49.917+0000] {job.py:229} INFO - Heartbeat recovered after 11.24 seconds
[2024-09-08T18:41:52.200+0000] {taskinstance.py:3131} INFO - Exporting env vars: AIRFLOW_CTX_DAG_OWNER='airflow' AIRFLOW_CTX_DAG_ID='Corrrect_Dag_detect_and_correct_collective_anomalie' AIRFLOW_CTX_TASK_ID='detect_and_correct_collective_anomalie' AIRFLOW_CTX_EXECUTION_DATE='2024-09-08T18:30:00+00:00' AIRFLOW_CTX_TRY_NUMBER='2' AIRFLOW_CTX_DAG_RUN_ID='scheduled__2024-09-08T18:30:00+00:00'
[2024-09-08T18:41:52.210+0000] {taskinstance.py:731} INFO - ::endgroup::
[2024-09-08T18:41:53.179+0000] {logging_mixin.py:190} WARNING - /opt/airflow/dags/Corrrect_Dag_detect_and_correct_collective_anomalie.py:15 UserWarning: pandas only supports SQLAlchemy connectable (engine/connection) or database string URI or sqlite3 DBAPI2 connection. Other DBAPI2 objects are not tested. Please consider using SQLAlchemy.
[2024-09-08T18:41:53.506+0000] {python.py:240} INFO - Done. Returned value was: None
[2024-09-08T18:41:54.186+0000] {taskinstance.py:340} INFO - ::group::Post task execution logs
[2024-09-08T18:41:54.190+0000] {taskinstance.py:352} INFO - Marking task as SUCCESS. dag_id=Corrrect_Dag_detect_and_correct_collective_anomalie, task_id=detect_and_correct_collective_anomalie, run_id=scheduled__2024-09-08T18:30:00+00:00, execution_date=20240908T183000, start_date=20240908T184142, end_date=20240908T184154
[2024-09-08T18:41:54.600+0000] {local_task_job_runner.py:266} INFO - Task exited with return code 0
[2024-09-08T18:41:55.251+0000] {taskinstance.py:3900} INFO - 0 downstream tasks scheduled from follow-on schedule check
[2024-09-08T18:41:55.264+0000] {local_task_job_runner.py:245} INFO - ::endgroup::
