[2024-09-14T22:07:18.453+0000] {local_task_job_runner.py:123} INFO - ::group::Pre task execution logs
[2024-09-14T22:07:22.744+0000] {taskinstance.py:2612} INFO - Dependencies all met for dep_context=non-requeueable deps ti=<TaskInstance: Dag_NegativeQuantity_andTotalAmount.run_anomaly_detection scheduled__2024-09-14T21:55:00+00:00 [queued]>
[2024-09-14T22:07:23.511+0000] {taskinstance.py:2612} INFO - Dependencies all met for dep_context=requeueable deps ti=<TaskInstance: Dag_NegativeQuantity_andTotalAmount.run_anomaly_detection scheduled__2024-09-14T21:55:00+00:00 [queued]>
[2024-09-14T22:07:23.577+0000] {taskinstance.py:2865} INFO - Starting attempt 2 of 2
[2024-09-14T22:07:24.095+0000] {taskinstance.py:2888} INFO - Executing <Task(PythonOperator): run_anomaly_detection> on 2024-09-14 21:55:00+00:00
[2024-09-14T22:07:24.301+0000] {logging_mixin.py:190} WARNING - /home/airflow/.local/lib/python3.12/site-packages/airflow/task/task_runner/standard_task_runner.py:70 DeprecationWarning: This process (pid=11529) is multi-threaded, use of fork() may lead to deadlocks in the child.
[2024-09-14T22:07:24.343+0000] {standard_task_runner.py:72} INFO - Started process 11610 to run task
[2024-09-14T22:07:24.415+0000] {standard_task_runner.py:104} INFO - Running: ['airflow', 'tasks', 'run', 'Dag_NegativeQuantity_andTotalAmount', 'run_anomaly_detection', 'scheduled__2024-09-14T21:55:00+00:00', '--job-id', '4824', '--raw', '--subdir', 'DAGS_FOLDER/Dag_NegativeQuantity_andTotalAmount.py', '--cfg-path', '/tmp/tmpupuygtcj']
[2024-09-14T22:07:24.570+0000] {standard_task_runner.py:105} INFO - Job 4824: Subtask run_anomaly_detection
[2024-09-14T22:07:28.862+0000] {task_command.py:467} INFO - Running <TaskInstance: Dag_NegativeQuantity_andTotalAmount.run_anomaly_detection scheduled__2024-09-14T21:55:00+00:00 [running]> on host 7403e816bcf5
[2024-09-14T22:07:31.819+0000] {job.py:229} INFO - Heartbeat recovered after 19.89 seconds
[2024-09-14T22:07:35.803+0000] {taskinstance.py:3131} INFO - Exporting env vars: AIRFLOW_CTX_DAG_OWNER='airflow' AIRFLOW_CTX_DAG_ID='Dag_NegativeQuantity_andTotalAmount' AIRFLOW_CTX_TASK_ID='run_anomaly_detection' AIRFLOW_CTX_EXECUTION_DATE='2024-09-14T21:55:00+00:00' AIRFLOW_CTX_TRY_NUMBER='2' AIRFLOW_CTX_DAG_RUN_ID='scheduled__2024-09-14T21:55:00+00:00'
[2024-09-14T22:07:35.828+0000] {taskinstance.py:731} INFO - ::endgroup::
[2024-09-14T22:07:38.313+0000] {python.py:240} INFO - Done. Returned value was: None
[2024-09-14T22:07:40.334+0000] {taskinstance.py:340} INFO - ::group::Post task execution logs
[2024-09-14T22:07:40.344+0000] {taskinstance.py:352} INFO - Marking task as SUCCESS. dag_id=Dag_NegativeQuantity_andTotalAmount, task_id=run_anomaly_detection, run_id=scheduled__2024-09-14T21:55:00+00:00, execution_date=20240914T215500, start_date=20240914T220722, end_date=20240914T220740
[2024-09-14T22:07:42.225+0000] {local_task_job_runner.py:266} INFO - Task exited with return code 0
[2024-09-14T22:07:43.525+0000] {taskinstance.py:3900} INFO - 0 downstream tasks scheduled from follow-on schedule check
[2024-09-14T22:07:43.546+0000] {local_task_job_runner.py:245} INFO - ::endgroup::
[2024-09-14T22:07:44.469+0000] {standard_task_runner.py:217} INFO - Process not found (most likely exited), stop collecting metrics
