[2024-09-10T12:02:37.169+0000] {local_task_job_runner.py:123} INFO - ::group::Pre task execution logs
[2024-09-10T12:02:38.601+0000] {taskinstance.py:2612} INFO - Dependencies all met for dep_context=non-requeueable deps ti=<TaskInstance: welcome_dag.print_welcome scheduled__2024-09-10T12:00:30+00:00 [queued]>
[2024-09-10T12:02:38.749+0000] {taskinstance.py:2612} INFO - Dependencies all met for dep_context=requeueable deps ti=<TaskInstance: welcome_dag.print_welcome scheduled__2024-09-10T12:00:30+00:00 [queued]>
[2024-09-10T12:02:38.754+0000] {taskinstance.py:2865} INFO - Starting attempt 1 of 1
[2024-09-10T12:02:38.881+0000] {taskinstance.py:2888} INFO - Executing <Task(PythonOperator): print_welcome> on 2024-09-10 12:00:30+00:00
[2024-09-10T12:02:38.930+0000] {standard_task_runner.py:104} INFO - Running: ['airflow', 'tasks', 'run', 'welcome_dag', 'print_welcome', 'scheduled__2024-09-10T12:00:30+00:00', '--job-id', '2109', '--raw', '--subdir', 'DAGS_FOLDER/Awelcome_dags.py', '--cfg-path', '/tmp/tmpemn68imm']
[2024-09-10T12:02:38.956+0000] {standard_task_runner.py:105} INFO - Job 2109: Subtask print_welcome
[2024-09-10T12:02:38.969+0000] {logging_mixin.py:190} WARNING - /home/airflow/.local/lib/python3.12/site-packages/airflow/task/task_runner/standard_task_runner.py:70 DeprecationWarning: This process (pid=2163) is multi-threaded, use of fork() may lead to deadlocks in the child.
[2024-09-10T12:02:38.972+0000] {standard_task_runner.py:72} INFO - Started process 2183 to run task
[2024-09-10T12:02:44.548+0000] {task_command.py:467} INFO - Running <TaskInstance: welcome_dag.print_welcome scheduled__2024-09-10T12:00:30+00:00 [running]> on host 6d70a6e2c42a
[2024-09-10T12:02:45.050+0000] {job.py:229} INFO - Heartbeat recovered after 14.62 seconds
[2024-09-10T12:02:51.221+0000] {taskinstance.py:3131} INFO - Exporting env vars: AIRFLOW_CTX_DAG_OWNER='airflow' AIRFLOW_CTX_DAG_ID='welcome_dag' AIRFLOW_CTX_TASK_ID='print_welcome' AIRFLOW_CTX_EXECUTION_DATE='2024-09-10T12:00:30+00:00' AIRFLOW_CTX_TRY_NUMBER='1' AIRFLOW_CTX_DAG_RUN_ID='scheduled__2024-09-10T12:00:30+00:00'
[2024-09-10T12:02:51.224+0000] {taskinstance.py:731} INFO - ::endgroup::
[2024-09-10T12:02:51.453+0000] {logging_mixin.py:190} INFO - Welcome to Airflow!
[2024-09-10T12:02:51.463+0000] {python.py:240} INFO - Done. Returned value was: None
[2024-09-10T12:02:52.302+0000] {taskinstance.py:340} INFO - ::group::Post task execution logs
[2024-09-10T12:02:52.304+0000] {taskinstance.py:352} INFO - Marking task as SUCCESS. dag_id=welcome_dag, task_id=print_welcome, run_id=scheduled__2024-09-10T12:00:30+00:00, execution_date=20240910T120030, start_date=20240910T120238, end_date=20240910T120252
[2024-09-10T12:02:53.081+0000] {local_task_job_runner.py:266} INFO - Task exited with return code 0
[2024-09-10T12:02:53.737+0000] {local_task_job_runner.py:245} INFO - ::endgroup::
[2024-09-10T12:02:54.047+0000] {standard_task_runner.py:217} INFO - Process not found (most likely exited), stop collecting metrics
