[2024-09-14T22:36:03.065+0000] {local_task_job_runner.py:123} INFO - ::group::Pre task execution logs
[2024-09-14T22:36:04.912+0000] {taskinstance.py:2612} INFO - Dependencies all met for dep_context=non-requeueable deps ti=<TaskInstance: Dag_detect_invalid_customer_ids.run_anomaly_detection scheduled__2024-09-14T22:15:00+00:00 [queued]>
[2024-09-14T22:36:05.082+0000] {taskinstance.py:2612} INFO - Dependencies all met for dep_context=requeueable deps ti=<TaskInstance: Dag_detect_invalid_customer_ids.run_anomaly_detection scheduled__2024-09-14T22:15:00+00:00 [queued]>
[2024-09-14T22:36:05.092+0000] {taskinstance.py:2865} INFO - Starting attempt 2 of 2
[2024-09-14T22:36:05.258+0000] {taskinstance.py:2888} INFO - Executing <Task(PythonOperator): run_anomaly_detection> on 2024-09-14 22:15:00+00:00
[2024-09-14T22:36:05.359+0000] {logging_mixin.py:190} WARNING - /home/airflow/.local/lib/python3.12/site-packages/airflow/task/task_runner/standard_task_runner.py:70 DeprecationWarning: This process (pid=16121) is multi-threaded, use of fork() may lead to deadlocks in the child.
[2024-09-14T22:36:05.367+0000] {standard_task_runner.py:72} INFO - Started process 16139 to run task
[2024-09-14T22:36:05.403+0000] {standard_task_runner.py:104} INFO - Running: ['airflow', 'tasks', 'run', 'Dag_detect_invalid_customer_ids', 'run_anomaly_detection', 'scheduled__2024-09-14T22:15:00+00:00', '--job-id', '4893', '--raw', '--subdir', 'DAGS_FOLDER/dag_detect_invalid_customer_ids.py', '--cfg-path', '/tmp/tmp8_vq876u']
[2024-09-14T22:36:05.428+0000] {standard_task_runner.py:105} INFO - Job 4893: Subtask run_anomaly_detection
[2024-09-14T22:36:11.470+0000] {job.py:229} INFO - Heartbeat recovered after 11.85 seconds
[2024-09-14T22:36:11.863+0000] {task_command.py:467} INFO - Running <TaskInstance: Dag_detect_invalid_customer_ids.run_anomaly_detection scheduled__2024-09-14T22:15:00+00:00 [running]> on host 7403e816bcf5
[2024-09-14T22:36:17.560+0000] {taskinstance.py:3131} INFO - Exporting env vars: AIRFLOW_CTX_DAG_OWNER='airflow' AIRFLOW_CTX_DAG_ID='Dag_detect_invalid_customer_ids' AIRFLOW_CTX_TASK_ID='run_anomaly_detection' AIRFLOW_CTX_EXECUTION_DATE='2024-09-14T22:15:00+00:00' AIRFLOW_CTX_TRY_NUMBER='2' AIRFLOW_CTX_DAG_RUN_ID='scheduled__2024-09-14T22:15:00+00:00'
[2024-09-14T22:36:17.612+0000] {taskinstance.py:731} INFO - ::endgroup::
[2024-09-14T22:36:17.956+0000] {dag_detect_invalid_customer_ids.py:101} INFO - Starting anomaly detection process
[2024-09-14T22:36:23.040+0000] {dag_detect_invalid_customer_ids.py:105} INFO - Loaded 18 transactions
[2024-09-14T22:36:23.188+0000] {dag_detect_invalid_customer_ids.py:108} INFO - Detected 4 anomalies
[2024-09-14T22:36:23.203+0000] {dag_detect_invalid_customer_ids.py:94} INFO - Inserted 4 new anomalies.
[2024-09-14T22:36:23.258+0000] {dag_detect_invalid_customer_ids.py:111} INFO - Anomaly detection process completed successfully
[2024-09-14T22:36:23.456+0000] {python.py:240} INFO - Done. Returned value was: None
[2024-09-14T22:36:25.370+0000] {taskinstance.py:340} INFO - ::group::Post task execution logs
[2024-09-14T22:36:25.381+0000] {taskinstance.py:352} INFO - Marking task as SUCCESS. dag_id=Dag_detect_invalid_customer_ids, task_id=run_anomaly_detection, run_id=scheduled__2024-09-14T22:15:00+00:00, execution_date=20240914T221500, start_date=20240914T223604, end_date=20240914T223625
[2024-09-14T22:36:41.248+0000] {job.py:229} INFO - Heartbeat recovered after 14.53 seconds
[2024-09-14T22:36:48.267+0000] {local_task_job_runner.py:266} INFO - Task exited with return code 0
[2024-09-14T22:36:50.522+0000] {standard_task_runner.py:217} INFO - Process not found (most likely exited), stop collecting metrics
[2024-09-14T22:36:51.316+0000] {taskinstance.py:3900} INFO - 0 downstream tasks scheduled from follow-on schedule check
[2024-09-14T22:36:51.376+0000] {local_task_job_runner.py:245} INFO - ::endgroup::
