[2024-09-14T22:02:04.695+0000] {local_task_job_runner.py:123} INFO - ::group::Pre task execution logs
[2024-09-14T22:02:05.588+0000] {taskinstance.py:2612} INFO - Dependencies all met for dep_context=non-requeueable deps ti=<TaskInstance: welcome_dag.print_date scheduled__2024-09-14T22:00:14+00:00 [queued]>
[2024-09-14T22:02:05.638+0000] {taskinstance.py:2612} INFO - Dependencies all met for dep_context=requeueable deps ti=<TaskInstance: welcome_dag.print_date scheduled__2024-09-14T22:00:14+00:00 [queued]>
[2024-09-14T22:02:05.641+0000] {taskinstance.py:2865} INFO - Starting attempt 1 of 1
[2024-09-14T22:02:05.717+0000] {taskinstance.py:2888} INFO - Executing <Task(PythonOperator): print_date> on 2024-09-14 22:00:14+00:00
[2024-09-14T22:02:05.752+0000] {standard_task_runner.py:104} INFO - Running: ['airflow', 'tasks', 'run', 'welcome_dag', 'print_date', 'scheduled__2024-09-14T22:00:14+00:00', '--job-id', '4799', '--raw', '--subdir', 'DAGS_FOLDER/Awelcome_dags.py', '--cfg-path', '/tmp/tmpiu61a1gh']
[2024-09-14T22:02:05.759+0000] {standard_task_runner.py:105} INFO - Job 4799: Subtask print_date
[2024-09-14T22:02:05.789+0000] {logging_mixin.py:190} WARNING - /home/airflow/.local/lib/python3.12/site-packages/airflow/task/task_runner/standard_task_runner.py:70 DeprecationWarning: This process (pid=10712) is multi-threaded, use of fork() may lead to deadlocks in the child.
[2024-09-14T22:02:05.791+0000] {standard_task_runner.py:72} INFO - Started process 10736 to run task
[2024-09-14T22:02:13.891+0000] {job.py:229} INFO - Heartbeat recovered after 13.11 seconds
[2024-09-14T22:02:15.650+0000] {task_command.py:467} INFO - Running <TaskInstance: welcome_dag.print_date scheduled__2024-09-14T22:00:14+00:00 [running]> on host 7403e816bcf5
[2024-09-14T22:02:18.965+0000] {taskinstance.py:3131} INFO - Exporting env vars: AIRFLOW_CTX_DAG_OWNER='airflow' AIRFLOW_CTX_DAG_ID='welcome_dag' AIRFLOW_CTX_TASK_ID='print_date' AIRFLOW_CTX_EXECUTION_DATE='2024-09-14T22:00:14+00:00' AIRFLOW_CTX_TRY_NUMBER='1' AIRFLOW_CTX_DAG_RUN_ID='scheduled__2024-09-14T22:00:14+00:00'
[2024-09-14T22:02:18.972+0000] {taskinstance.py:731} INFO - ::endgroup::
[2024-09-14T22:02:19.114+0000] {logging_mixin.py:190} INFO - Today is 2024-09-14
[2024-09-14T22:02:19.123+0000] {python.py:240} INFO - Done. Returned value was: None
[2024-09-14T22:02:19.560+0000] {taskinstance.py:340} INFO - ::group::Post task execution logs
[2024-09-14T22:02:19.563+0000] {taskinstance.py:352} INFO - Marking task as SUCCESS. dag_id=welcome_dag, task_id=print_date, run_id=scheduled__2024-09-14T22:00:14+00:00, execution_date=20240914T220014, start_date=20240914T220205, end_date=20240914T220219
[2024-09-14T22:02:19.645+0000] {local_task_job_runner.py:266} INFO - Task exited with return code 0
[2024-09-14T22:02:20.080+0000] {local_task_job_runner.py:245} INFO - ::endgroup::
[2024-09-14T22:02:20.815+0000] {standard_task_runner.py:217} INFO - Process not found (most likely exited), stop collecting metrics
