[2024-09-08T18:26:01.025+0000] {local_task_job_runner.py:123} INFO - ::group::Pre task execution logs
[2024-09-08T18:26:01.926+0000] {taskinstance.py:2612} INFO - Dependencies all met for dep_context=non-requeueable deps ti=<TaskInstance: Dag_detect_invalid_customer_ids.run_anomaly_detection scheduled__2024-09-08T18:10:00+00:00 [queued]>
[2024-09-08T18:26:01.979+0000] {taskinstance.py:2612} INFO - Dependencies all met for dep_context=requeueable deps ti=<TaskInstance: Dag_detect_invalid_customer_ids.run_anomaly_detection scheduled__2024-09-08T18:10:00+00:00 [queued]>
[2024-09-08T18:26:01.981+0000] {taskinstance.py:2865} INFO - Starting attempt 1 of 2
[2024-09-08T18:26:02.200+0000] {taskinstance.py:2888} INFO - Executing <Task(PythonOperator): run_anomaly_detection> on 2024-09-08 18:10:00+00:00
[2024-09-08T18:26:02.301+0000] {logging_mixin.py:190} WARNING - /home/airflow/.local/lib/python3.12/site-packages/airflow/task/task_runner/standard_task_runner.py:70 DeprecationWarning: This process (pid=4472) is multi-threaded, use of fork() may lead to deadlocks in the child.
[2024-09-08T18:26:02.312+0000] {standard_task_runner.py:72} INFO - Started process 4532 to run task
[2024-09-08T18:26:02.297+0000] {standard_task_runner.py:104} INFO - Running: ['airflow', 'tasks', 'run', 'Dag_detect_invalid_customer_ids', 'run_anomaly_detection', 'scheduled__2024-09-08T18:10:00+00:00', '--job-id', '1856', '--raw', '--subdir', 'DAGS_FOLDER/dag_detect_invalid_customer_ids.py', '--cfg-path', '/tmp/tmpip4tjovf']
[2024-09-08T18:26:02.359+0000] {standard_task_runner.py:105} INFO - Job 1856: Subtask run_anomaly_detection
[2024-09-08T18:26:38.488+0000] {job.py:229} INFO - Heartbeat recovered after 74.46 seconds
[2024-09-08T18:26:40.511+0000] {task_command.py:467} INFO - Running <TaskInstance: Dag_detect_invalid_customer_ids.run_anomaly_detection scheduled__2024-09-08T18:10:00+00:00 [running]> on host 255f2021b117
[2024-09-08T18:26:43.801+0000] {taskinstance.py:3131} INFO - Exporting env vars: AIRFLOW_CTX_DAG_OWNER='airflow' AIRFLOW_CTX_DAG_ID='Dag_detect_invalid_customer_ids' AIRFLOW_CTX_TASK_ID='run_anomaly_detection' AIRFLOW_CTX_EXECUTION_DATE='2024-09-08T18:10:00+00:00' AIRFLOW_CTX_TRY_NUMBER='1' AIRFLOW_CTX_DAG_RUN_ID='scheduled__2024-09-08T18:10:00+00:00'
[2024-09-08T18:26:43.819+0000] {taskinstance.py:731} INFO - ::endgroup::
[2024-09-08T18:26:43.953+0000] {dag_detect_invalid_customer_ids.py:101} INFO - Starting anomaly detection process
[2024-09-08T18:26:45.395+0000] {dag_detect_invalid_customer_ids.py:105} INFO - Loaded 15 transactions
[2024-09-08T18:26:45.452+0000] {dag_detect_invalid_customer_ids.py:108} INFO - Detected 1 anomalies
[2024-09-08T18:26:46.213+0000] {dag_detect_invalid_customer_ids.py:94} INFO - Inserted 1 new anomalies.
[2024-09-08T18:26:46.216+0000] {dag_detect_invalid_customer_ids.py:111} INFO - Anomaly detection process completed successfully
[2024-09-08T18:26:46.221+0000] {python.py:240} INFO - Done. Returned value was: None
[2024-09-08T18:26:46.883+0000] {taskinstance.py:340} INFO - ::group::Post task execution logs
[2024-09-08T18:26:46.885+0000] {taskinstance.py:352} INFO - Marking task as SUCCESS. dag_id=Dag_detect_invalid_customer_ids, task_id=run_anomaly_detection, run_id=scheduled__2024-09-08T18:10:00+00:00, execution_date=20240908T181000, start_date=20240908T182601, end_date=20240908T182646
[2024-09-08T18:26:46.991+0000] {local_task_job_runner.py:266} INFO - Task exited with return code 0
[2024-09-08T18:26:47.370+0000] {standard_task_runner.py:217} INFO - Process not found (most likely exited), stop collecting metrics
[2024-09-08T18:26:47.503+0000] {taskinstance.py:3900} INFO - 0 downstream tasks scheduled from follow-on schedule check
[2024-09-08T18:26:47.509+0000] {local_task_job_runner.py:245} INFO - ::endgroup::
