[2024-09-13T19:20:07.061+0000] {local_task_job_runner.py:123} INFO - ::group::Pre task execution logs
[2024-09-13T19:20:08.811+0000] {taskinstance.py:2612} INFO - Dependencies all met for dep_context=non-requeueable deps ti=<TaskInstance: correction_Dag_Negative_Value.correct_negative_values scheduled__2024-09-13T19:15:00+00:00 [queued]>
[2024-09-13T19:20:08.884+0000] {taskinstance.py:2612} INFO - Dependencies all met for dep_context=requeueable deps ti=<TaskInstance: correction_Dag_Negative_Value.correct_negative_values scheduled__2024-09-13T19:15:00+00:00 [queued]>
[2024-09-13T19:20:08.903+0000] {taskinstance.py:2865} INFO - Starting attempt 1 of 2
[2024-09-13T19:20:09.142+0000] {taskinstance.py:2888} INFO - Executing <Task(PythonOperator): correct_negative_values> on 2024-09-13 19:15:00+00:00
[2024-09-13T19:20:09.441+0000] {standard_task_runner.py:104} INFO - Running: ['airflow', 'tasks', 'run', 'correction_Dag_Negative_Value', 'correct_negative_values', 'scheduled__2024-09-13T19:15:00+00:00', '--job-id', '3291', '--raw', '--subdir', 'DAGS_FOLDER/Correction_dag_Negative_Value.py', '--cfg-path', '/tmp/tmpvtey5btq']
[2024-09-13T19:20:09.457+0000] {standard_task_runner.py:105} INFO - Job 3291: Subtask correct_negative_values
[2024-09-13T19:20:09.474+0000] {logging_mixin.py:190} WARNING - /home/airflow/.local/lib/python3.12/site-packages/airflow/task/task_runner/standard_task_runner.py:70 DeprecationWarning: This process (pid=49215) is multi-threaded, use of fork() may lead to deadlocks in the child.
[2024-09-13T19:20:09.483+0000] {standard_task_runner.py:72} INFO - Started process 49236 to run task
[2024-09-13T19:20:12.425+0000] {task_command.py:467} INFO - Running <TaskInstance: correction_Dag_Negative_Value.correct_negative_values scheduled__2024-09-13T19:15:00+00:00 [running]> on host 7403e816bcf5
[2024-09-13T19:20:15.840+0000] {job.py:229} INFO - Heartbeat recovered after 11.87 seconds
[2024-09-13T19:20:15.885+0000] {taskinstance.py:3131} INFO - Exporting env vars: AIRFLOW_CTX_DAG_OWNER='airflow' AIRFLOW_CTX_DAG_ID='correction_Dag_Negative_Value' AIRFLOW_CTX_TASK_ID='correct_negative_values' AIRFLOW_CTX_EXECUTION_DATE='2024-09-13T19:15:00+00:00' AIRFLOW_CTX_TRY_NUMBER='1' AIRFLOW_CTX_DAG_RUN_ID='scheduled__2024-09-13T19:15:00+00:00'
[2024-09-13T19:20:15.895+0000] {taskinstance.py:731} INFO - ::endgroup::
[2024-09-13T19:20:16.726+0000] {logging_mixin.py:190} INFO - Anomalies corrigées avec succès.
[2024-09-13T19:20:16.728+0000] {python.py:240} INFO - Done. Returned value was: None
[2024-09-13T19:20:17.555+0000] {taskinstance.py:340} INFO - ::group::Post task execution logs
[2024-09-13T19:20:17.558+0000] {taskinstance.py:352} INFO - Marking task as SUCCESS. dag_id=correction_Dag_Negative_Value, task_id=correct_negative_values, run_id=scheduled__2024-09-13T19:15:00+00:00, execution_date=20240913T191500, start_date=20240913T192008, end_date=20240913T192017
[2024-09-13T19:20:17.769+0000] {local_task_job_runner.py:266} INFO - Task exited with return code 0
[2024-09-13T19:20:18.901+0000] {local_task_job_runner.py:245} INFO - ::endgroup::
[2024-09-13T19:20:19.548+0000] {standard_task_runner.py:217} INFO - Process not found (most likely exited), stop collecting metrics
