[2024-09-10T14:15:12.111+0000] {local_task_job_runner.py:123} INFO - ::group::Pre task execution logs
[2024-09-10T14:15:13.332+0000] {taskinstance.py:2612} INFO - Dependencies all met for dep_context=non-requeueable deps ti=<TaskInstance: detect_1fn_anomalies_dag.detect_1nf_and_insert_anomalies scheduled__2024-09-10T14:00:00+00:00 [queued]>
[2024-09-10T14:15:13.400+0000] {taskinstance.py:2612} INFO - Dependencies all met for dep_context=requeueable deps ti=<TaskInstance: detect_1fn_anomalies_dag.detect_1nf_and_insert_anomalies scheduled__2024-09-10T14:00:00+00:00 [queued]>
[2024-09-10T14:15:13.402+0000] {taskinstance.py:2865} INFO - Starting attempt 1 of 2
[2024-09-10T14:15:13.475+0000] {taskinstance.py:2888} INFO - Executing <Task(PythonOperator): detect_1nf_and_insert_anomalies> on 2024-09-10 14:00:00+00:00
[2024-09-10T14:15:13.536+0000] {standard_task_runner.py:104} INFO - Running: ['airflow', 'tasks', 'run', 'detect_1fn_anomalies_dag', 'detect_1nf_and_insert_anomalies', 'scheduled__2024-09-10T14:00:00+00:00', '--job-id', '2428', '--raw', '--subdir', 'DAGS_FOLDER/Dag_detect_1FN_anomaly.py', '--cfg-path', '/tmp/tmpyy5tqw2n']
[2024-09-10T14:15:13.564+0000] {standard_task_runner.py:105} INFO - Job 2428: Subtask detect_1nf_and_insert_anomalies
[2024-09-10T14:15:13.550+0000] {logging_mixin.py:190} WARNING - /home/airflow/.local/lib/python3.12/site-packages/airflow/task/task_runner/standard_task_runner.py:70 DeprecationWarning: This process (pid=7739) is multi-threaded, use of fork() may lead to deadlocks in the child.
[2024-09-10T14:15:13.579+0000] {standard_task_runner.py:72} INFO - Started process 7778 to run task
[2024-09-10T14:15:16.809+0000] {task_command.py:467} INFO - Running <TaskInstance: detect_1fn_anomalies_dag.detect_1nf_and_insert_anomalies scheduled__2024-09-10T14:00:00+00:00 [running]> on host 5f241b76205c
[2024-09-10T14:15:21.172+0000] {job.py:229} INFO - Heartbeat recovered after 11.93 seconds
[2024-09-10T14:15:22.851+0000] {taskinstance.py:3131} INFO - Exporting env vars: AIRFLOW_CTX_DAG_OWNER='airflow' AIRFLOW_CTX_DAG_ID='detect_1fn_anomalies_dag' AIRFLOW_CTX_TASK_ID='detect_1nf_and_insert_anomalies' AIRFLOW_CTX_EXECUTION_DATE='2024-09-10T14:00:00+00:00' AIRFLOW_CTX_TRY_NUMBER='1' AIRFLOW_CTX_DAG_RUN_ID='scheduled__2024-09-10T14:00:00+00:00'
[2024-09-10T14:15:22.860+0000] {taskinstance.py:731} INFO - ::endgroup::
[2024-09-10T14:15:23.573+0000] {Dag_detect_1FN_anomaly.py:78} INFO - Processing table: customers
[2024-09-10T14:15:23.577+0000] {Dag_detect_1FN_anomaly.py:78} INFO - Processing table: transactions
[2024-09-10T14:15:23.584+0000] {Dag_detect_1FN_anomaly.py:78} INFO - Processing table: products
[2024-09-10T14:15:23.597+0000] {Dag_detect_1FN_anomaly.py:78} INFO - Processing table: orderdetails
[2024-09-10T14:15:23.606+0000] {Dag_detect_1FN_anomaly.py:78} INFO - Processing table: productsuppliers
[2024-09-10T14:15:24.207+0000] {Dag_detect_1FN_anomaly.py:85} INFO - No anomalies detected for table customers
[2024-09-10T14:15:24.221+0000] {Dag_detect_1FN_anomaly.py:78} INFO - Processing table: anomalies
[2024-09-10T14:15:24.237+0000] {Dag_detect_1FN_anomaly.py:85} INFO - No anomalies detected for table orderdetails
[2024-09-10T14:15:24.239+0000] {Dag_detect_1FN_anomaly.py:78} INFO - Processing table: log
[2024-09-10T14:15:24.256+0000] {Dag_detect_1FN_anomaly.py:85} INFO - No anomalies detected for table transactions
[2024-09-10T14:15:24.274+0000] {Dag_detect_1FN_anomaly.py:78} INFO - Processing table: dag_priority_parsing_request
[2024-09-10T14:15:24.307+0000] {Dag_detect_1FN_anomaly.py:85} INFO - No anomalies detected for table productsuppliers
[2024-09-10T14:15:24.314+0000] {Dag_detect_1FN_anomaly.py:78} INFO - Processing table: job
[2024-09-10T14:15:24.340+0000] {Dag_detect_1FN_anomaly.py:85} INFO - No anomalies detected for table products
[2024-09-10T14:15:24.343+0000] {Dag_detect_1FN_anomaly.py:78} INFO - Processing table: anomalies1
[2024-09-10T14:15:24.768+0000] {Dag_detect_1FN_anomaly.py:82} INFO - Detected 2 anomalies for table anomalies
[2024-09-10T14:15:24.890+0000] {Dag_detect_1FN_anomaly.py:85} INFO - No anomalies detected for table dag_priority_parsing_request
[2024-09-10T14:15:24.893+0000] {Dag_detect_1FN_anomaly.py:78} INFO - Processing table: slot_pool
[2024-09-10T14:15:25.022+0000] {Dag_detect_1FN_anomaly.py:82} INFO - Detected 2 anomalies for table anomalies1
[2024-09-10T14:15:25.810+0000] {Dag_detect_1FN_anomaly.py:85} INFO - No anomalies detected for table slot_pool
[2024-09-10T14:15:25.836+0000] {Dag_detect_1FN_anomaly.py:78} INFO - Processing table: callback_request
[2024-09-10T14:15:26.229+0000] {Dag_detect_1FN_anomaly.py:85} INFO - No anomalies detected for table job
[2024-09-10T14:15:26.233+0000] {Dag_detect_1FN_anomaly.py:78} INFO - Processing table: dag_code
[2024-09-10T14:15:26.401+0000] {Dag_detect_1FN_anomaly.py:78} INFO - Processing table: dag_pickle
[2024-09-10T14:15:26.445+0000] {Dag_detect_1FN_anomaly.py:78} INFO - Processing table: ab_user
[2024-09-10T14:15:26.710+0000] {Dag_detect_1FN_anomaly.py:85} INFO - No anomalies detected for table callback_request
[2024-09-10T14:15:26.734+0000] {Dag_detect_1FN_anomaly.py:78} INFO - Processing table: ab_register_user
[2024-09-10T14:15:27.093+0000] {Dag_detect_1FN_anomaly.py:85} INFO - No anomalies detected for table dag_pickle
[2024-09-10T14:15:27.151+0000] {Dag_detect_1FN_anomaly.py:78} INFO - Processing table: connection
[2024-09-10T14:15:27.183+0000] {Dag_detect_1FN_anomaly.py:82} INFO - Detected 15 anomalies for table dag_code
[2024-09-10T14:15:27.223+0000] {Dag_detect_1FN_anomaly.py:82} INFO - Detected 6063 anomalies for table log
[2024-09-10T14:15:27.240+0000] {Dag_detect_1FN_anomaly.py:85} INFO - No anomalies detected for table ab_user
[2024-09-10T14:15:27.242+0000] {Dag_detect_1FN_anomaly.py:78} INFO - Processing table: sla_miss
[2024-09-10T14:15:27.294+0000] {Dag_detect_1FN_anomaly.py:85} INFO - No anomalies detected for table ab_register_user
[2024-09-10T14:15:27.306+0000] {Dag_detect_1FN_anomaly.py:78} INFO - Processing table: variable
[2024-09-10T14:15:27.706+0000] {Dag_detect_1FN_anomaly.py:85} INFO - No anomalies detected for table connection
[2024-09-10T14:15:27.715+0000] {Dag_detect_1FN_anomaly.py:78} INFO - Processing table: import_error
[2024-09-10T14:15:27.782+0000] {Dag_detect_1FN_anomaly.py:85} INFO - No anomalies detected for table sla_miss
[2024-09-10T14:15:27.785+0000] {Dag_detect_1FN_anomaly.py:78} INFO - Processing table: serialized_dag
[2024-09-10T14:15:27.833+0000] {Dag_detect_1FN_anomaly.py:85} INFO - No anomalies detected for table variable
[2024-09-10T14:15:27.835+0000] {Dag_detect_1FN_anomaly.py:78} INFO - Processing table: dataset_alias
[2024-09-10T14:15:28.194+0000] {Dag_detect_1FN_anomaly.py:85} INFO - No anomalies detected for table import_error
[2024-09-10T14:15:28.196+0000] {Dag_detect_1FN_anomaly.py:78} INFO - Processing table: dataset_alias_dataset
[2024-09-10T14:15:28.279+0000] {Dag_detect_1FN_anomaly.py:78} INFO - Processing table: dataset
[2024-09-10T14:15:28.393+0000] {Dag_detect_1FN_anomaly.py:82} INFO - Detected 15 anomalies for table serialized_dag
[2024-09-10T14:15:28.415+0000] {Dag_detect_1FN_anomaly.py:85} INFO - No anomalies detected for table dataset_alias
[2024-09-10T14:15:28.427+0000] {Dag_detect_1FN_anomaly.py:78} INFO - Processing table: dataset_alias_dataset_event
[2024-09-10T14:15:28.623+0000] {Dag_detect_1FN_anomaly.py:85} INFO - No anomalies detected for table dataset_alias_dataset
[2024-09-10T14:15:28.637+0000] {Dag_detect_1FN_anomaly.py:78} INFO - Processing table: dataset_event
[2024-09-10T14:15:28.686+0000] {Dag_detect_1FN_anomaly.py:85} INFO - No anomalies detected for table dataset
[2024-09-10T14:15:28.690+0000] {Dag_detect_1FN_anomaly.py:78} INFO - Processing table: dag_schedule_dataset_alias_reference
[2024-09-10T14:15:28.902+0000] {Dag_detect_1FN_anomaly.py:85} INFO - No anomalies detected for table dataset_alias_dataset_event
[2024-09-10T14:15:28.903+0000] {Dag_detect_1FN_anomaly.py:78} INFO - Processing table: dag
[2024-09-10T14:15:29.067+0000] {Dag_detect_1FN_anomaly.py:85} INFO - No anomalies detected for table dataset_event
[2024-09-10T14:15:29.069+0000] {Dag_detect_1FN_anomaly.py:78} INFO - Processing table: dag_schedule_dataset_reference
[2024-09-10T14:15:29.090+0000] {Dag_detect_1FN_anomaly.py:85} INFO - No anomalies detected for table dag_schedule_dataset_alias_reference
[2024-09-10T14:15:29.092+0000] {Dag_detect_1FN_anomaly.py:78} INFO - Processing table: task_outlet_dataset_reference
[2024-09-10T14:15:29.107+0000] {Dag_detect_1FN_anomaly.py:78} INFO - Processing table: dataset_dag_run_queue
[2024-09-10T14:15:29.239+0000] {Dag_detect_1FN_anomaly.py:78} INFO - Processing table: log_template
[2024-09-10T14:15:29.408+0000] {Dag_detect_1FN_anomaly.py:82} INFO - Detected 7 anomalies for table dag
[2024-09-10T14:15:29.486+0000] {Dag_detect_1FN_anomaly.py:85} INFO - No anomalies detected for table dag_schedule_dataset_reference
[2024-09-10T14:15:29.495+0000] {Dag_detect_1FN_anomaly.py:78} INFO - Processing table: dag_run
[2024-09-10T14:15:29.543+0000] {Dag_detect_1FN_anomaly.py:85} INFO - No anomalies detected for table task_outlet_dataset_reference
[2024-09-10T14:15:29.545+0000] {Dag_detect_1FN_anomaly.py:78} INFO - Processing table: dag_tag
[2024-09-10T14:15:29.602+0000] {Dag_detect_1FN_anomaly.py:85} INFO - No anomalies detected for table dataset_dag_run_queue
[2024-09-10T14:15:29.604+0000] {Dag_detect_1FN_anomaly.py:78} INFO - Processing table: dag_owner_attributes
[2024-09-10T14:15:29.651+0000] {Dag_detect_1FN_anomaly.py:85} INFO - No anomalies detected for table log_template
[2024-09-10T14:15:29.652+0000] {Dag_detect_1FN_anomaly.py:78} INFO - Processing table: ab_permission
[2024-09-10T14:15:30.767+0000] {Dag_detect_1FN_anomaly.py:85} INFO - No anomalies detected for table dag_tag
[2024-09-10T14:15:30.773+0000] {Dag_detect_1FN_anomaly.py:78} INFO - Processing table: ab_permission_view
[2024-09-10T14:15:30.776+0000] {Dag_detect_1FN_anomaly.py:85} INFO - No anomalies detected for table dag_owner_attributes
[2024-09-10T14:15:30.779+0000] {Dag_detect_1FN_anomaly.py:78} INFO - Processing table: ab_view_menu
[2024-09-10T14:15:30.794+0000] {Dag_detect_1FN_anomaly.py:85} INFO - No anomalies detected for table ab_permission
[2024-09-10T14:15:30.812+0000] {Dag_detect_1FN_anomaly.py:78} INFO - Processing table: ab_user_role
[2024-09-10T14:15:30.834+0000] {Dag_detect_1FN_anomaly.py:78} INFO - Processing table: ab_role
[2024-09-10T14:15:31.144+0000] {Dag_detect_1FN_anomaly.py:85} INFO - No anomalies detected for table ab_permission_view
[2024-09-10T14:15:31.197+0000] {Dag_detect_1FN_anomaly.py:78} INFO - Processing table: dag_warning
[2024-09-10T14:15:31.223+0000] {Dag_detect_1FN_anomaly.py:85} INFO - No anomalies detected for table ab_view_menu
[2024-09-10T14:15:31.261+0000] {Dag_detect_1FN_anomaly.py:78} INFO - Processing table: dagrun_dataset_event
[2024-09-10T14:15:31.298+0000] {Dag_detect_1FN_anomaly.py:85} INFO - No anomalies detected for table dag_run
[2024-09-10T14:15:31.303+0000] {Dag_detect_1FN_anomaly.py:78} INFO - Processing table: trigger
[2024-09-10T14:15:31.325+0000] {Dag_detect_1FN_anomaly.py:85} INFO - No anomalies detected for table ab_role
[2024-09-10T14:15:31.333+0000] {Dag_detect_1FN_anomaly.py:78} INFO - Processing table: task_instance
[2024-09-10T14:15:31.345+0000] {Dag_detect_1FN_anomaly.py:85} INFO - No anomalies detected for table ab_user_role
[2024-09-10T14:15:31.350+0000] {Dag_detect_1FN_anomaly.py:78} INFO - Processing table: dag_run_note
[2024-09-10T14:15:31.542+0000] {Dag_detect_1FN_anomaly.py:85} INFO - No anomalies detected for table dag_warning
[2024-09-10T14:15:31.544+0000] {Dag_detect_1FN_anomaly.py:78} INFO - Processing table: ab_permission_view_role
[2024-09-10T14:15:31.613+0000] {Dag_detect_1FN_anomaly.py:85} INFO - No anomalies detected for table dagrun_dataset_event
[2024-09-10T14:15:31.615+0000] {Dag_detect_1FN_anomaly.py:78} INFO - Processing table: rendered_task_instance_fields
[2024-09-10T14:15:31.712+0000] {Dag_detect_1FN_anomaly.py:85} INFO - No anomalies detected for table trigger
[2024-09-10T14:15:31.714+0000] {Dag_detect_1FN_anomaly.py:78} INFO - Processing table: task_fail
[2024-09-10T14:15:31.747+0000] {Dag_detect_1FN_anomaly.py:85} INFO - No anomalies detected for table dag_run_note
[2024-09-10T14:15:31.749+0000] {Dag_detect_1FN_anomaly.py:78} INFO - Processing table: task_map
[2024-09-10T14:15:31.923+0000] {Dag_detect_1FN_anomaly.py:85} INFO - No anomalies detected for table ab_permission_view_role
[2024-09-10T14:15:31.934+0000] {Dag_detect_1FN_anomaly.py:78} INFO - Processing table: task_reschedule
[2024-09-10T14:15:32.255+0000] {Dag_detect_1FN_anomaly.py:85} INFO - No anomalies detected for table task_map
[2024-09-10T14:15:32.285+0000] {Dag_detect_1FN_anomaly.py:82} INFO - Detected 556 anomalies for table rendered_task_instance_fields
[2024-09-10T14:15:32.294+0000] {Dag_detect_1FN_anomaly.py:78} INFO - Processing table: xcom
[2024-09-10T14:15:32.420+0000] {Dag_detect_1FN_anomaly.py:85} INFO - No anomalies detected for table task_fail
[2024-09-10T14:15:32.433+0000] {Dag_detect_1FN_anomaly.py:78} INFO - Processing table: task_instance_note
[2024-09-10T14:15:32.438+0000] {Dag_detect_1FN_anomaly.py:85} INFO - No anomalies detected for table task_instance
[2024-09-10T14:15:32.457+0000] {Dag_detect_1FN_anomaly.py:85} INFO - No anomalies detected for table task_reschedule
[2024-09-10T14:15:32.463+0000] {Dag_detect_1FN_anomaly.py:78} INFO - Processing table: task_instance_history
[2024-09-10T14:15:32.467+0000] {Dag_detect_1FN_anomaly.py:78} INFO - Processing table: session
[2024-09-10T14:15:32.680+0000] {Dag_detect_1FN_anomaly.py:85} INFO - No anomalies detected for table xcom
[2024-09-10T14:15:32.682+0000] {Dag_detect_1FN_anomaly.py:78} INFO - Processing table: alembic_version
[2024-09-10T14:15:32.747+0000] {Dag_detect_1FN_anomaly.py:85} INFO - No anomalies detected for table task_instance_note
[2024-09-10T14:15:32.754+0000] {Dag_detect_1FN_anomaly.py:78} INFO - Processing table: orders
[2024-09-10T14:15:32.792+0000] {Dag_detect_1FN_anomaly.py:85} INFO - No anomalies detected for table session
[2024-09-10T14:15:32.803+0000] {Dag_detect_1FN_anomaly.py:78} INFO - Processing table: anomalieDetected
[2024-09-10T14:15:32.977+0000] {Dag_detect_1FN_anomaly.py:85} INFO - No anomalies detected for table task_instance_history
[2024-09-10T14:15:32.996+0000] {Dag_detect_1FN_anomaly.py:85} INFO - No anomalies detected for table alembic_version
[2024-09-10T14:15:33.031+0000] {Dag_detect_1FN_anomaly.py:85} INFO - No anomalies detected for table orders
[2024-09-10T14:15:33.072+0000] {Dag_detect_1FN_anomaly.py:96} ERROR - An error occurred: (psycopg2.errors.UndefinedTable) relation "anomaliedetected" does not exist
LINE 1: SELECT * FROM anomalieDetected
                      ^

[SQL: SELECT * FROM anomalieDetected]
(Background on this error at: https://sqlalche.me/e/14/f405)
[2024-09-10T14:15:33.073+0000] {taskinstance.py:3310} ERROR - Task failed with exception
Traceback (most recent call last):
  File "/home/airflow/.local/lib/python3.12/site-packages/sqlalchemy/engine/base.py", line 1910, in _execute_context
    self.dialect.do_execute(
  File "/home/airflow/.local/lib/python3.12/site-packages/sqlalchemy/engine/default.py", line 736, in do_execute
    cursor.execute(statement, parameters)
psycopg2.errors.UndefinedTable: relation "anomaliedetected" does not exist
LINE 1: SELECT * FROM anomalieDetected
                      ^


The above exception was the direct cause of the following exception:

Traceback (most recent call last):
  File "/home/airflow/.local/lib/python3.12/site-packages/airflow/models/taskinstance.py", line 767, in _execute_task
    result = _execute_callable(context=context, **execute_callable_kwargs)
             ^^^^^^^^^^^^^^^^^^^^^^^^^^^^^^^^^^^^^^^^^^^^^^^^^^^^^^^^^^^^^
  File "/home/airflow/.local/lib/python3.12/site-packages/airflow/models/taskinstance.py", line 733, in _execute_callable
    return ExecutionCallableRunner(
           ^^^^^^^^^^^^^^^^^^^^^^^^
  File "/home/airflow/.local/lib/python3.12/site-packages/airflow/utils/operator_helpers.py", line 252, in run
    return self.func(*args, **kwargs)
           ^^^^^^^^^^^^^^^^^^^^^^^^^^
  File "/home/airflow/.local/lib/python3.12/site-packages/airflow/models/baseoperator.py", line 406, in wrapper
    return func(self, *args, **kwargs)
           ^^^^^^^^^^^^^^^^^^^^^^^^^^^
  File "/home/airflow/.local/lib/python3.12/site-packages/airflow/operators/python.py", line 238, in execute
    return_value = self.execute_callable()
                   ^^^^^^^^^^^^^^^^^^^^^^^
  File "/home/airflow/.local/lib/python3.12/site-packages/airflow/operators/python.py", line 256, in execute_callable
    return runner.run(*self.op_args, **self.op_kwargs)
           ^^^^^^^^^^^^^^^^^^^^^^^^^^^^^^^^^^^^^^^^^^^
  File "/home/airflow/.local/lib/python3.12/site-packages/airflow/utils/operator_helpers.py", line 252, in run
    return self.func(*args, **kwargs)
           ^^^^^^^^^^^^^^^^^^^^^^^^^^
  File "/opt/airflow/dags/Dag_detect_1FN_anomaly.py", line 93, in detect_and_insert_anomalies
    future.result()  # This will raise an exception if the task failed
    ^^^^^^^^^^^^^^^
  File "/usr/local/lib/python3.12/concurrent/futures/_base.py", line 449, in result
    return self.__get_result()
           ^^^^^^^^^^^^^^^^^^^
  File "/usr/local/lib/python3.12/concurrent/futures/_base.py", line 401, in __get_result
    raise self._exception
  File "/usr/local/lib/python3.12/concurrent/futures/thread.py", line 58, in run
    result = self.fn(*self.args, **self.kwargs)
             ^^^^^^^^^^^^^^^^^^^^^^^^^^^^^^^^^^
  File "/opt/airflow/dags/Dag_detect_1FN_anomaly.py", line 79, in process_table
    df = table_to_dataframe(table_name)
         ^^^^^^^^^^^^^^^^^^^^^^^^^^^^^^
  File "/opt/airflow/dags/Dag_detect_1FN_anomaly.py", line 40, in table_to_dataframe
    return pd.read_sql(query, connection)
           ^^^^^^^^^^^^^^^^^^^^^^^^^^^^^^
  File "/home/airflow/.local/lib/python3.12/site-packages/pandas/io/sql.py", line 682, in read_sql
    return pandas_sql.read_query(
           ^^^^^^^^^^^^^^^^^^^^^^
  File "/home/airflow/.local/lib/python3.12/site-packages/pandas/io/sql.py", line 1776, in read_query
    result = self.execute(sql, params)
             ^^^^^^^^^^^^^^^^^^^^^^^^^
  File "/home/airflow/.local/lib/python3.12/site-packages/pandas/io/sql.py", line 1599, in execute
    return self.con.exec_driver_sql(sql, *args)
           ^^^^^^^^^^^^^^^^^^^^^^^^^^^^^^^^^^^^
  File "/home/airflow/.local/lib/python3.12/site-packages/sqlalchemy/engine/base.py", line 1770, in exec_driver_sql
    return self._exec_driver_sql(
           ^^^^^^^^^^^^^^^^^^^^^^
  File "/home/airflow/.local/lib/python3.12/site-packages/sqlalchemy/engine/base.py", line 1674, in _exec_driver_sql
    ret = self._execute_context(
          ^^^^^^^^^^^^^^^^^^^^^^
  File "/home/airflow/.local/lib/python3.12/site-packages/sqlalchemy/engine/base.py", line 1953, in _execute_context
    self._handle_dbapi_exception(
  File "/home/airflow/.local/lib/python3.12/site-packages/sqlalchemy/engine/base.py", line 2134, in _handle_dbapi_exception
    util.raise_(
  File "/home/airflow/.local/lib/python3.12/site-packages/sqlalchemy/util/compat.py", line 211, in raise_
    raise exception
  File "/home/airflow/.local/lib/python3.12/site-packages/sqlalchemy/engine/base.py", line 1910, in _execute_context
    self.dialect.do_execute(
  File "/home/airflow/.local/lib/python3.12/site-packages/sqlalchemy/engine/default.py", line 736, in do_execute
    cursor.execute(statement, parameters)
sqlalchemy.exc.ProgrammingError: (psycopg2.errors.UndefinedTable) relation "anomaliedetected" does not exist
LINE 1: SELECT * FROM anomalieDetected
                      ^

[SQL: SELECT * FROM anomalieDetected]
(Background on this error at: https://sqlalche.me/e/14/f405)
[2024-09-10T14:15:33.269+0000] {taskinstance.py:1225} INFO - Marking task as UP_FOR_RETRY. dag_id=detect_1fn_anomalies_dag, task_id=detect_1nf_and_insert_anomalies, run_id=scheduled__2024-09-10T14:00:00+00:00, execution_date=20240910T140000, start_date=20240910T141513, end_date=20240910T141533
[2024-09-10T14:15:33.314+0000] {taskinstance.py:340} INFO - ::group::Post task execution logs
[2024-09-10T14:15:33.315+0000] {standard_task_runner.py:124} ERROR - Failed to execute job 2428 for task detect_1nf_and_insert_anomalies ((psycopg2.errors.UndefinedTable) relation "anomaliedetected" does not exist
LINE 1: SELECT * FROM anomalieDetected
                      ^

[SQL: SELECT * FROM anomalieDetected]
(Background on this error at: https://sqlalche.me/e/14/f405); 7778)
Traceback (most recent call last):
  File "/home/airflow/.local/lib/python3.12/site-packages/sqlalchemy/engine/base.py", line 1910, in _execute_context
    self.dialect.do_execute(
  File "/home/airflow/.local/lib/python3.12/site-packages/sqlalchemy/engine/default.py", line 736, in do_execute
    cursor.execute(statement, parameters)
psycopg2.errors.UndefinedTable: relation "anomaliedetected" does not exist
LINE 1: SELECT * FROM anomalieDetected
                      ^


The above exception was the direct cause of the following exception:

Traceback (most recent call last):
  File "/home/airflow/.local/lib/python3.12/site-packages/airflow/task/task_runner/standard_task_runner.py", line 117, in _start_by_fork
    ret = args.func(args, dag=self.dag)
          ^^^^^^^^^^^^^^^^^^^^^^^^^^^^^
  File "/home/airflow/.local/lib/python3.12/site-packages/airflow/cli/cli_config.py", line 49, in command
    return func(*args, **kwargs)
           ^^^^^^^^^^^^^^^^^^^^^
  File "/home/airflow/.local/lib/python3.12/site-packages/airflow/utils/cli.py", line 115, in wrapper
    return f(*args, **kwargs)
           ^^^^^^^^^^^^^^^^^^
  File "/home/airflow/.local/lib/python3.12/site-packages/airflow/cli/commands/task_command.py", line 483, in task_run
    task_return_code = _run_task_by_selected_method(args, _dag, ti)
                       ^^^^^^^^^^^^^^^^^^^^^^^^^^^^^^^^^^^^^^^^^^^^
  File "/home/airflow/.local/lib/python3.12/site-packages/airflow/cli/commands/task_command.py", line 256, in _run_task_by_selected_method
    return _run_raw_task(args, ti)
           ^^^^^^^^^^^^^^^^^^^^^^^
  File "/home/airflow/.local/lib/python3.12/site-packages/airflow/cli/commands/task_command.py", line 341, in _run_raw_task
    return ti._run_raw_task(
           ^^^^^^^^^^^^^^^^^
  File "/home/airflow/.local/lib/python3.12/site-packages/airflow/utils/session.py", line 97, in wrapper
    return func(*args, session=session, **kwargs)
           ^^^^^^^^^^^^^^^^^^^^^^^^^^^^^^^^^^^^^^
  File "/home/airflow/.local/lib/python3.12/site-packages/airflow/models/taskinstance.py", line 3004, in _run_raw_task
    return _run_raw_task(
           ^^^^^^^^^^^^^^
  File "/home/airflow/.local/lib/python3.12/site-packages/airflow/models/taskinstance.py", line 273, in _run_raw_task
    TaskInstance._execute_task_with_callbacks(
  File "/home/airflow/.local/lib/python3.12/site-packages/airflow/models/taskinstance.py", line 3158, in _execute_task_with_callbacks
    result = self._execute_task(context, task_orig)
             ^^^^^^^^^^^^^^^^^^^^^^^^^^^^^^^^^^^^^^
  File "/home/airflow/.local/lib/python3.12/site-packages/airflow/models/taskinstance.py", line 3182, in _execute_task
    return _execute_task(self, context, task_orig)
           ^^^^^^^^^^^^^^^^^^^^^^^^^^^^^^^^^^^^^^^
  File "/home/airflow/.local/lib/python3.12/site-packages/airflow/models/taskinstance.py", line 767, in _execute_task
    result = _execute_callable(context=context, **execute_callable_kwargs)
             ^^^^^^^^^^^^^^^^^^^^^^^^^^^^^^^^^^^^^^^^^^^^^^^^^^^^^^^^^^^^^
  File "/home/airflow/.local/lib/python3.12/site-packages/airflow/models/taskinstance.py", line 733, in _execute_callable
    return ExecutionCallableRunner(
           ^^^^^^^^^^^^^^^^^^^^^^^^
  File "/home/airflow/.local/lib/python3.12/site-packages/airflow/utils/operator_helpers.py", line 252, in run
    return self.func(*args, **kwargs)
           ^^^^^^^^^^^^^^^^^^^^^^^^^^
  File "/home/airflow/.local/lib/python3.12/site-packages/airflow/models/baseoperator.py", line 406, in wrapper
    return func(self, *args, **kwargs)
           ^^^^^^^^^^^^^^^^^^^^^^^^^^^
  File "/home/airflow/.local/lib/python3.12/site-packages/airflow/operators/python.py", line 238, in execute
    return_value = self.execute_callable()
                   ^^^^^^^^^^^^^^^^^^^^^^^
  File "/home/airflow/.local/lib/python3.12/site-packages/airflow/operators/python.py", line 256, in execute_callable
    return runner.run(*self.op_args, **self.op_kwargs)
           ^^^^^^^^^^^^^^^^^^^^^^^^^^^^^^^^^^^^^^^^^^^
  File "/home/airflow/.local/lib/python3.12/site-packages/airflow/utils/operator_helpers.py", line 252, in run
    return self.func(*args, **kwargs)
           ^^^^^^^^^^^^^^^^^^^^^^^^^^
  File "/opt/airflow/dags/Dag_detect_1FN_anomaly.py", line 93, in detect_and_insert_anomalies
    future.result()  # This will raise an exception if the task failed
    ^^^^^^^^^^^^^^^
  File "/usr/local/lib/python3.12/concurrent/futures/_base.py", line 449, in result
    return self.__get_result()
           ^^^^^^^^^^^^^^^^^^^
  File "/usr/local/lib/python3.12/concurrent/futures/_base.py", line 401, in __get_result
    raise self._exception
  File "/usr/local/lib/python3.12/concurrent/futures/thread.py", line 58, in run
    result = self.fn(*self.args, **self.kwargs)
             ^^^^^^^^^^^^^^^^^^^^^^^^^^^^^^^^^^
  File "/opt/airflow/dags/Dag_detect_1FN_anomaly.py", line 79, in process_table
    df = table_to_dataframe(table_name)
         ^^^^^^^^^^^^^^^^^^^^^^^^^^^^^^
  File "/opt/airflow/dags/Dag_detect_1FN_anomaly.py", line 40, in table_to_dataframe
    return pd.read_sql(query, connection)
           ^^^^^^^^^^^^^^^^^^^^^^^^^^^^^^
  File "/home/airflow/.local/lib/python3.12/site-packages/pandas/io/sql.py", line 682, in read_sql
    return pandas_sql.read_query(
           ^^^^^^^^^^^^^^^^^^^^^^
  File "/home/airflow/.local/lib/python3.12/site-packages/pandas/io/sql.py", line 1776, in read_query
    result = self.execute(sql, params)
             ^^^^^^^^^^^^^^^^^^^^^^^^^
  File "/home/airflow/.local/lib/python3.12/site-packages/pandas/io/sql.py", line 1599, in execute
    return self.con.exec_driver_sql(sql, *args)
           ^^^^^^^^^^^^^^^^^^^^^^^^^^^^^^^^^^^^
  File "/home/airflow/.local/lib/python3.12/site-packages/sqlalchemy/engine/base.py", line 1770, in exec_driver_sql
    return self._exec_driver_sql(
           ^^^^^^^^^^^^^^^^^^^^^^
  File "/home/airflow/.local/lib/python3.12/site-packages/sqlalchemy/engine/base.py", line 1674, in _exec_driver_sql
    ret = self._execute_context(
          ^^^^^^^^^^^^^^^^^^^^^^
  File "/home/airflow/.local/lib/python3.12/site-packages/sqlalchemy/engine/base.py", line 1953, in _execute_context
    self._handle_dbapi_exception(
  File "/home/airflow/.local/lib/python3.12/site-packages/sqlalchemy/engine/base.py", line 2134, in _handle_dbapi_exception
    util.raise_(
  File "/home/airflow/.local/lib/python3.12/site-packages/sqlalchemy/util/compat.py", line 211, in raise_
    raise exception
  File "/home/airflow/.local/lib/python3.12/site-packages/sqlalchemy/engine/base.py", line 1910, in _execute_context
    self.dialect.do_execute(
  File "/home/airflow/.local/lib/python3.12/site-packages/sqlalchemy/engine/default.py", line 736, in do_execute
    cursor.execute(statement, parameters)
sqlalchemy.exc.ProgrammingError: (psycopg2.errors.UndefinedTable) relation "anomaliedetected" does not exist
LINE 1: SELECT * FROM anomalieDetected
                      ^

[SQL: SELECT * FROM anomalieDetected]
(Background on this error at: https://sqlalche.me/e/14/f405)
[2024-09-10T14:15:33.401+0000] {local_task_job_runner.py:266} INFO - Task exited with return code 1
[2024-09-10T14:15:33.560+0000] {taskinstance.py:3900} INFO - 0 downstream tasks scheduled from follow-on schedule check
[2024-09-10T14:15:33.564+0000] {local_task_job_runner.py:245} INFO - ::endgroup::
[2024-09-10T14:15:33.595+0000] {standard_task_runner.py:217} INFO - Process not found (most likely exited), stop collecting metrics
