[2024-09-13T22:02:10.726+0000] {local_task_job_runner.py:123} INFO - ::group::Pre task execution logs
[2024-09-13T22:02:16.146+0000] {taskinstance.py:2612} INFO - Dependencies all met for dep_context=non-requeueable deps ti=<TaskInstance: welcome_dag.print_welcome scheduled__2024-09-13T22:00:37+00:00 [queued]>
[2024-09-13T22:02:16.682+0000] {taskinstance.py:2612} INFO - Dependencies all met for dep_context=requeueable deps ti=<TaskInstance: welcome_dag.print_welcome scheduled__2024-09-13T22:00:37+00:00 [queued]>
[2024-09-13T22:02:16.698+0000] {taskinstance.py:2865} INFO - Starting attempt 1 of 1
[2024-09-13T22:02:18.405+0000] {taskinstance.py:2888} INFO - Executing <Task(PythonOperator): print_welcome> on 2024-09-13 22:00:37+00:00
[2024-09-13T22:02:18.840+0000] {logging_mixin.py:190} WARNING - /home/airflow/.local/lib/python3.12/site-packages/airflow/task/task_runner/standard_task_runner.py:70 DeprecationWarning: This process (pid=76279) is multi-threaded, use of fork() may lead to deadlocks in the child.
[2024-09-13T22:02:18.754+0000] {standard_task_runner.py:104} INFO - Running: ['airflow', 'tasks', 'run', 'welcome_dag', 'print_welcome', 'scheduled__2024-09-13T22:00:37+00:00', '--job-id', '3758', '--raw', '--subdir', 'DAGS_FOLDER/Awelcome_dags.py', '--cfg-path', '/tmp/tmpmtm3qchn']
[2024-09-13T22:02:18.898+0000] {standard_task_runner.py:105} INFO - Job 3758: Subtask print_welcome
[2024-09-13T22:02:18.896+0000] {standard_task_runner.py:72} INFO - Started process 76301 to run task
[2024-09-13T22:02:39.420+0000] {job.py:229} INFO - Heartbeat recovered after 40.62 seconds
[2024-09-13T22:02:48.134+0000] {task_command.py:467} INFO - Running <TaskInstance: welcome_dag.print_welcome scheduled__2024-09-13T22:00:37+00:00 [running]> on host 7403e816bcf5
[2024-09-13T22:02:53.158+0000] {job.py:229} INFO - Heartbeat recovered after 15.23 seconds
[2024-09-13T22:04:35.917+0000] {job.py:229} INFO - Heartbeat recovered after 103.09 seconds
[2024-09-13T22:04:37.720+0000] {taskinstance.py:3131} INFO - Exporting env vars: AIRFLOW_CTX_DAG_OWNER='airflow' AIRFLOW_CTX_DAG_ID='welcome_dag' AIRFLOW_CTX_TASK_ID='print_welcome' AIRFLOW_CTX_EXECUTION_DATE='2024-09-13T22:00:37+00:00' AIRFLOW_CTX_TRY_NUMBER='1' AIRFLOW_CTX_DAG_RUN_ID='scheduled__2024-09-13T22:00:37+00:00'
[2024-09-13T22:04:38.604+0000] {taskinstance.py:731} INFO - ::endgroup::
[2024-09-13T22:04:39.868+0000] {logging_mixin.py:190} INFO - Welcome to Airflow!
[2024-09-13T22:04:39.874+0000] {python.py:240} INFO - Done. Returned value was: None
[2024-09-13T22:04:42.136+0000] {taskinstance.py:340} INFO - ::group::Post task execution logs
[2024-09-13T22:04:42.221+0000] {taskinstance.py:352} INFO - Marking task as SUCCESS. dag_id=welcome_dag, task_id=print_welcome, run_id=scheduled__2024-09-13T22:00:37+00:00, execution_date=20240913T220037, start_date=20240913T220216, end_date=20240913T220442
[2024-09-13T22:04:42.918+0000] {local_task_job_runner.py:266} INFO - Task exited with return code 0
[2024-09-13T22:04:44.848+0000] {local_task_job_runner.py:245} INFO - ::endgroup::
[2024-09-13T22:04:46.364+0000] {standard_task_runner.py:217} INFO - Process not found (most likely exited), stop collecting metrics
