[2024-10-12T20:41:08.920+0000] {local_task_job_runner.py:123} INFO - ::group::Pre task execution logs
[2024-10-12T20:41:11.789+0000] {taskinstance.py:2612} INFO - Dependencies all met for dep_context=non-requeueable deps ti=<TaskInstance: Correction_dag_high_total_amount.Correction_dag_high_total_amount scheduled__2024-10-12T20:35:00+00:00 [queued]>
[2024-10-12T20:41:12.240+0000] {taskinstance.py:2612} INFO - Dependencies all met for dep_context=requeueable deps ti=<TaskInstance: Correction_dag_high_total_amount.Correction_dag_high_total_amount scheduled__2024-10-12T20:35:00+00:00 [queued]>
[2024-10-12T20:41:12.253+0000] {taskinstance.py:2865} INFO - Starting attempt 1 of 2
[2024-10-12T20:41:12.815+0000] {taskinstance.py:2888} INFO - Executing <Task(PythonOperator): Correction_dag_high_total_amount> on 2024-10-12 20:35:00+00:00
[2024-10-12T20:41:13.628+0000] {standard_task_runner.py:104} INFO - Running: ['airflow', 'tasks', 'run', 'Correction_dag_high_total_amount', 'Correction_dag_high_total_amount', 'scheduled__2024-10-12T20:35:00+00:00', '--job-id', '5877', '--raw', '--subdir', 'DAGS_FOLDER/Correction_dag_high_total_amount.py', '--cfg-path', '/tmp/tmpnqbji3wm']
[2024-10-12T20:41:13.726+0000] {standard_task_runner.py:105} INFO - Job 5877: Subtask Correction_dag_high_total_amount
[2024-10-12T20:41:15.790+0000] {logging_mixin.py:190} WARNING - /home/airflow/.local/lib/python3.12/site-packages/airflow/task/task_runner/standard_task_runner.py:70 DeprecationWarning: This process (pid=212) is multi-threaded, use of fork() may lead to deadlocks in the child.
[2024-10-12T20:41:15.813+0000] {standard_task_runner.py:72} INFO - Started process 254 to run task
[2024-10-12T20:41:20.404+0000] {task_command.py:467} INFO - Running <TaskInstance: Correction_dag_high_total_amount.Correction_dag_high_total_amount scheduled__2024-10-12T20:35:00+00:00 [running]> on host 20dad67a3f18
[2024-10-12T20:41:22.445+0000] {job.py:229} INFO - Heartbeat recovered after 19.25 seconds
[2024-10-12T20:41:33.755+0000] {job.py:229} INFO - Heartbeat recovered after 11.27 seconds
[2024-10-12T20:41:34.476+0000] {taskinstance.py:3131} INFO - Exporting env vars: AIRFLOW_CTX_DAG_OWNER='airflow' AIRFLOW_CTX_DAG_ID='Correction_dag_high_total_amount' AIRFLOW_CTX_TASK_ID='Correction_dag_high_total_amount' AIRFLOW_CTX_EXECUTION_DATE='2024-10-12T20:35:00+00:00' AIRFLOW_CTX_TRY_NUMBER='1' AIRFLOW_CTX_DAG_RUN_ID='scheduled__2024-10-12T20:35:00+00:00'
[2024-10-12T20:41:34.545+0000] {taskinstance.py:731} INFO - ::endgroup::
[2024-10-12T20:41:35.898+0000] {logging_mixin.py:190} INFO - Les anomalies ont été corrigées dans la base de données.
[2024-10-12T20:41:36.010+0000] {python.py:240} INFO - Done. Returned value was: None
[2024-10-12T20:41:36.714+0000] {taskinstance.py:340} INFO - ::group::Post task execution logs
[2024-10-12T20:41:36.730+0000] {taskinstance.py:352} INFO - Marking task as SUCCESS. dag_id=Correction_dag_high_total_amount, task_id=Correction_dag_high_total_amount, run_id=scheduled__2024-10-12T20:35:00+00:00, execution_date=20241012T203500, start_date=20241012T204111, end_date=20241012T204136
[2024-10-12T20:41:36.933+0000] {local_task_job_runner.py:266} INFO - Task exited with return code 0
[2024-10-12T20:41:38.001+0000] {taskinstance.py:3900} INFO - 0 downstream tasks scheduled from follow-on schedule check
[2024-10-12T20:41:38.014+0000] {local_task_job_runner.py:245} INFO - ::endgroup::
