[2024-09-14T21:19:04.686+0000] {local_task_job_runner.py:123} INFO - ::group::Pre task execution logs
[2024-09-14T21:19:04.899+0000] {taskinstance.py:2612} INFO - Dependencies all met for dep_context=non-requeueable deps ti=<TaskInstance: correction_Dag_1FN.correct_1nf_violations manual__2024-09-14T21:18:53.929206+00:00 [queued]>
[2024-09-14T21:19:04.937+0000] {taskinstance.py:2612} INFO - Dependencies all met for dep_context=requeueable deps ti=<TaskInstance: correction_Dag_1FN.correct_1nf_violations manual__2024-09-14T21:18:53.929206+00:00 [queued]>
[2024-09-14T21:19:04.938+0000] {taskinstance.py:2865} INFO - Starting attempt 1 of 2
[2024-09-14T21:19:05.009+0000] {taskinstance.py:2888} INFO - Executing <Task(PythonOperator): correct_1nf_violations> on 2024-09-14 21:18:53.929206+00:00
[2024-09-14T21:19:05.052+0000] {standard_task_runner.py:104} INFO - Running: ['airflow', 'tasks', 'run', 'correction_Dag_1FN', 'correct_1nf_violations', 'manual__2024-09-14T21:18:53.929206+00:00', '--job-id', '4672', '--raw', '--subdir', 'DAGS_FOLDER/Correction_dag_1FN.py', '--cfg-path', '/tmp/tmpmis1y8ad']
[2024-09-14T21:19:05.058+0000] {standard_task_runner.py:105} INFO - Job 4672: Subtask correct_1nf_violations
[2024-09-14T21:19:05.158+0000] {logging_mixin.py:190} WARNING - /home/airflow/.local/lib/python3.12/site-packages/airflow/task/task_runner/standard_task_runner.py:70 DeprecationWarning: This process (pid=4033) is multi-threaded, use of fork() may lead to deadlocks in the child.
[2024-09-14T21:19:05.160+0000] {standard_task_runner.py:72} INFO - Started process 4036 to run task
[2024-09-14T21:19:05.592+0000] {task_command.py:467} INFO - Running <TaskInstance: correction_Dag_1FN.correct_1nf_violations manual__2024-09-14T21:18:53.929206+00:00 [running]> on host 7403e816bcf5
[2024-09-14T21:19:06.224+0000] {taskinstance.py:3131} INFO - Exporting env vars: AIRFLOW_CTX_DAG_OWNER='airflow' AIRFLOW_CTX_DAG_ID='correction_Dag_1FN' AIRFLOW_CTX_TASK_ID='correct_1nf_violations' AIRFLOW_CTX_EXECUTION_DATE='2024-09-14T21:18:53.929206+00:00' AIRFLOW_CTX_TRY_NUMBER='1' AIRFLOW_CTX_DAG_RUN_ID='manual__2024-09-14T21:18:53.929206+00:00'
[2024-09-14T21:19:06.227+0000] {taskinstance.py:731} INFO - ::endgroup::
[2024-09-14T21:19:06.586+0000] {logging_mixin.py:190} INFO - Erreur de base de données : cannot drop table orders because other objects depend on it
DETAIL:  constraint orderdetails_order_id_fkey on table orderdetails depends on table orders
HINT:  Use DROP ... CASCADE to drop the dependent objects too.
[2024-09-14T21:19:06.587+0000] {python.py:240} INFO - Done. Returned value was: None
[2024-09-14T21:19:06.719+0000] {taskinstance.py:340} INFO - ::group::Post task execution logs
[2024-09-14T21:19:06.721+0000] {taskinstance.py:352} INFO - Marking task as SUCCESS. dag_id=correction_Dag_1FN, task_id=correct_1nf_violations, run_id=manual__2024-09-14T21:18:53.929206+00:00, execution_date=20240914T211853, start_date=20240914T211904, end_date=20240914T211906
[2024-09-14T21:19:06.783+0000] {local_task_job_runner.py:266} INFO - Task exited with return code 0
[2024-09-14T21:19:06.969+0000] {local_task_job_runner.py:245} INFO - ::endgroup::
