[2024-09-22T17:00:59.395+0000] {local_task_job_runner.py:123} INFO - ::group::Pre task execution logs
[2024-09-22T17:00:59.858+0000] {taskinstance.py:2612} INFO - Dependencies all met for dep_context=non-requeueable deps ti=<TaskInstance: welcome_dag.print_welcome scheduled__2024-09-22T17:00:55+00:00 [queued]>
[2024-09-22T17:00:59.885+0000] {taskinstance.py:2612} INFO - Dependencies all met for dep_context=requeueable deps ti=<TaskInstance: welcome_dag.print_welcome scheduled__2024-09-22T17:00:55+00:00 [queued]>
[2024-09-22T17:00:59.890+0000] {taskinstance.py:2865} INFO - Starting attempt 1 of 1
[2024-09-22T17:00:59.945+0000] {taskinstance.py:2888} INFO - Executing <Task(PythonOperator): print_welcome> on 2024-09-22 17:00:55+00:00
[2024-09-22T17:00:59.964+0000] {standard_task_runner.py:104} INFO - Running: ['airflow', 'tasks', 'run', 'welcome_dag', 'print_welcome', 'scheduled__2024-09-22T17:00:55+00:00', '--job-id', '5533', '--raw', '--subdir', 'DAGS_FOLDER/Awelcome_dags.py', '--cfg-path', '/tmp/tmpgrvxn5ad']
[2024-09-22T17:00:59.977+0000] {standard_task_runner.py:105} INFO - Job 5533: Subtask print_welcome
[2024-09-22T17:00:59.981+0000] {logging_mixin.py:190} WARNING - /home/airflow/.local/lib/python3.12/site-packages/airflow/task/task_runner/standard_task_runner.py:70 DeprecationWarning: This process (pid=24793) is multi-threaded, use of fork() may lead to deadlocks in the child.
[2024-09-22T17:00:59.984+0000] {standard_task_runner.py:72} INFO - Started process 24816 to run task
[2024-09-22T17:01:01.533+0000] {task_command.py:467} INFO - Running <TaskInstance: welcome_dag.print_welcome scheduled__2024-09-22T17:00:55+00:00 [running]> on host 93b0c38322b3
[2024-09-22T17:01:03.344+0000] {taskinstance.py:3131} INFO - Exporting env vars: AIRFLOW_CTX_DAG_OWNER='airflow' AIRFLOW_CTX_DAG_ID='welcome_dag' AIRFLOW_CTX_TASK_ID='print_welcome' AIRFLOW_CTX_EXECUTION_DATE='2024-09-22T17:00:55+00:00' AIRFLOW_CTX_TRY_NUMBER='1' AIRFLOW_CTX_DAG_RUN_ID='scheduled__2024-09-22T17:00:55+00:00'
[2024-09-22T17:01:03.347+0000] {taskinstance.py:731} INFO - ::endgroup::
[2024-09-22T17:01:03.426+0000] {logging_mixin.py:190} INFO - Welcome to Airflow!
[2024-09-22T17:01:03.428+0000] {python.py:240} INFO - Done. Returned value was: None
[2024-09-22T17:01:03.939+0000] {taskinstance.py:340} INFO - ::group::Post task execution logs
[2024-09-22T17:01:03.941+0000] {taskinstance.py:352} INFO - Marking task as SUCCESS. dag_id=welcome_dag, task_id=print_welcome, run_id=scheduled__2024-09-22T17:00:55+00:00, execution_date=20240922T170055, start_date=20240922T170059, end_date=20240922T170103
[2024-09-22T17:01:04.036+0000] {local_task_job_runner.py:266} INFO - Task exited with return code 0
[2024-09-22T17:01:04.435+0000] {taskinstance.py:3900} INFO - 1 downstream tasks scheduled from follow-on schedule check
[2024-09-22T17:01:04.446+0000] {local_task_job_runner.py:245} INFO - ::endgroup::
[2024-09-22T17:01:04.993+0000] {standard_task_runner.py:217} INFO - Process not found (most likely exited), stop collecting metrics
