[2024-09-14T17:00:42.262+0000] {local_task_job_runner.py:123} INFO - ::group::Pre task execution logs
[2024-09-14T17:00:45.273+0000] {taskinstance.py:2612} INFO - Dependencies all met for dep_context=non-requeueable deps ti=<TaskInstance: welcome_dag.print_welcome scheduled__2024-09-14T17:00:15+00:00 [queued]>
[2024-09-14T17:00:46.114+0000] {taskinstance.py:2612} INFO - Dependencies all met for dep_context=requeueable deps ti=<TaskInstance: welcome_dag.print_welcome scheduled__2024-09-14T17:00:15+00:00 [queued]>
[2024-09-14T17:00:46.145+0000] {taskinstance.py:2865} INFO - Starting attempt 1 of 1
[2024-09-14T17:00:49.302+0000] {taskinstance.py:2888} INFO - Executing <Task(PythonOperator): print_welcome> on 2024-09-14 17:00:15+00:00
[2024-09-14T17:00:51.180+0000] {logging_mixin.py:190} WARNING - /home/airflow/.local/lib/python3.12/site-packages/airflow/task/task_runner/standard_task_runner.py:70 DeprecationWarning: This process (pid=88632) is multi-threaded, use of fork() may lead to deadlocks in the child.
[2024-09-14T17:00:51.207+0000] {standard_task_runner.py:72} INFO - Started process 88664 to run task
[2024-09-14T17:00:50.599+0000] {standard_task_runner.py:104} INFO - Running: ['airflow', 'tasks', 'run', 'welcome_dag', 'print_welcome', 'scheduled__2024-09-14T17:00:15+00:00', '--job-id', '4050', '--raw', '--subdir', 'DAGS_FOLDER/Awelcome_dags.py', '--cfg-path', '/tmp/tmpj1af24su']
[2024-09-14T17:00:51.257+0000] {standard_task_runner.py:105} INFO - Job 4050: Subtask print_welcome
[2024-09-14T17:00:58.560+0000] {task_command.py:467} INFO - Running <TaskInstance: welcome_dag.print_welcome scheduled__2024-09-14T17:00:15+00:00 [running]> on host 7403e816bcf5
[2024-09-14T17:00:59.959+0000] {job.py:229} INFO - Heartbeat recovered after 26.78 seconds
[2024-09-14T17:01:09.728+0000] {taskinstance.py:3131} INFO - Exporting env vars: AIRFLOW_CTX_DAG_OWNER='airflow' AIRFLOW_CTX_DAG_ID='welcome_dag' AIRFLOW_CTX_TASK_ID='print_welcome' AIRFLOW_CTX_EXECUTION_DATE='2024-09-14T17:00:15+00:00' AIRFLOW_CTX_TRY_NUMBER='1' AIRFLOW_CTX_DAG_RUN_ID='scheduled__2024-09-14T17:00:15+00:00'
[2024-09-14T17:01:09.862+0000] {taskinstance.py:731} INFO - ::endgroup::
[2024-09-14T17:01:10.930+0000] {logging_mixin.py:190} INFO - Welcome to Airflow!
[2024-09-14T17:01:10.937+0000] {python.py:240} INFO - Done. Returned value was: None
[2024-09-14T17:01:12.272+0000] {taskinstance.py:340} INFO - ::group::Post task execution logs
[2024-09-14T17:01:12.282+0000] {taskinstance.py:352} INFO - Marking task as SUCCESS. dag_id=welcome_dag, task_id=print_welcome, run_id=scheduled__2024-09-14T17:00:15+00:00, execution_date=20240914T170015, start_date=20240914T170045, end_date=20240914T170112
[2024-09-14T17:01:12.726+0000] {local_task_job_runner.py:266} INFO - Task exited with return code 0
[2024-09-14T17:01:15.626+0000] {local_task_job_runner.py:245} INFO - ::endgroup::
[2024-09-14T17:01:16.640+0000] {standard_task_runner.py:217} INFO - Process not found (most likely exited), stop collecting metrics
