[2024-09-11T17:05:07.458+0000] {local_task_job_runner.py:123} INFO - ::group::Pre task execution logs
[2024-09-11T17:05:08.290+0000] {taskinstance.py:2612} INFO - Dependencies all met for dep_context=non-requeueable deps ti=<TaskInstance: Correction_dag_high_total_amount.Correction_dag_high_total_amount scheduled__2024-09-11T17:00:00+00:00 [queued]>
[2024-09-11T17:05:08.408+0000] {taskinstance.py:2612} INFO - Dependencies all met for dep_context=requeueable deps ti=<TaskInstance: Correction_dag_high_total_amount.Correction_dag_high_total_amount scheduled__2024-09-11T17:00:00+00:00 [queued]>
[2024-09-11T17:05:08.410+0000] {taskinstance.py:2865} INFO - Starting attempt 1 of 2
[2024-09-11T17:05:08.610+0000] {taskinstance.py:2888} INFO - Executing <Task(PythonOperator): Correction_dag_high_total_amount> on 2024-09-11 17:00:00+00:00
[2024-09-11T17:05:08.866+0000] {logging_mixin.py:190} WARNING - /home/airflow/.local/lib/python3.12/site-packages/airflow/task/task_runner/standard_task_runner.py:70 DeprecationWarning: This process (pid=12149) is multi-threaded, use of fork() may lead to deadlocks in the child.
[2024-09-11T17:05:09.081+0000] {standard_task_runner.py:72} INFO - Started process 12160 to run task
[2024-09-11T17:05:09.053+0000] {standard_task_runner.py:104} INFO - Running: ['airflow', 'tasks', 'run', 'Correction_dag_high_total_amount', 'Correction_dag_high_total_amount', 'scheduled__2024-09-11T17:00:00+00:00', '--job-id', '1173', '--raw', '--subdir', 'DAGS_FOLDER/Correction_dag_high_total_amount.py', '--cfg-path', '/tmp/tmpaa_pv3m1']
[2024-09-11T17:05:09.183+0000] {standard_task_runner.py:105} INFO - Job 1173: Subtask Correction_dag_high_total_amount
[2024-09-11T17:05:19.825+0000] {job.py:229} INFO - Heartbeat recovered after 14.29 seconds
[2024-09-11T17:05:22.988+0000] {task_command.py:467} INFO - Running <TaskInstance: Correction_dag_high_total_amount.Correction_dag_high_total_amount scheduled__2024-09-11T17:00:00+00:00 [running]> on host b8b5351e8a6b
[2024-09-11T17:05:28.459+0000] {job.py:229} INFO - Heartbeat recovered after 10.72 seconds
[2024-09-11T17:05:32.508+0000] {taskinstance.py:3131} INFO - Exporting env vars: AIRFLOW_CTX_DAG_OWNER='airflow' AIRFLOW_CTX_DAG_ID='Correction_dag_high_total_amount' AIRFLOW_CTX_TASK_ID='Correction_dag_high_total_amount' AIRFLOW_CTX_EXECUTION_DATE='2024-09-11T17:00:00+00:00' AIRFLOW_CTX_TRY_NUMBER='1' AIRFLOW_CTX_DAG_RUN_ID='scheduled__2024-09-11T17:00:00+00:00'
[2024-09-11T17:05:32.561+0000] {taskinstance.py:731} INFO - ::endgroup::
[2024-09-11T17:05:33.522+0000] {logging_mixin.py:190} INFO - Les anomalies ont été corrigées dans la base de données.
[2024-09-11T17:05:33.594+0000] {python.py:240} INFO - Done. Returned value was: None
[2024-09-11T17:05:34.920+0000] {taskinstance.py:340} INFO - ::group::Post task execution logs
[2024-09-11T17:05:34.943+0000] {taskinstance.py:352} INFO - Marking task as SUCCESS. dag_id=Correction_dag_high_total_amount, task_id=Correction_dag_high_total_amount, run_id=scheduled__2024-09-11T17:00:00+00:00, execution_date=20240911T170000, start_date=20240911T170508, end_date=20240911T170534
[2024-09-11T17:05:38.505+0000] {local_task_job_runner.py:266} INFO - Task exited with return code 0
[2024-09-11T17:05:39.591+0000] {local_task_job_runner.py:245} INFO - ::endgroup::
[2024-09-11T17:05:39.625+0000] {standard_task_runner.py:217} INFO - Process not found (most likely exited), stop collecting metrics
