[2024-09-10T15:30:13.259+0000] {local_task_job_runner.py:123} INFO - ::group::Pre task execution logs
[2024-09-10T15:30:13.858+0000] {taskinstance.py:2612} INFO - Dependencies all met for dep_context=non-requeueable deps ti=<TaskInstance: detect_1fn_anomalies_dag.detect_1nf_and_insert_anomalies scheduled__2024-09-10T15:15:00+00:00 [queued]>
[2024-09-10T15:30:13.893+0000] {taskinstance.py:2612} INFO - Dependencies all met for dep_context=requeueable deps ti=<TaskInstance: detect_1fn_anomalies_dag.detect_1nf_and_insert_anomalies scheduled__2024-09-10T15:15:00+00:00 [queued]>
[2024-09-10T15:30:13.898+0000] {taskinstance.py:2865} INFO - Starting attempt 1 of 2
[2024-09-10T15:30:13.948+0000] {taskinstance.py:2888} INFO - Executing <Task(PythonOperator): detect_1nf_and_insert_anomalies> on 2024-09-10 15:15:00+00:00
[2024-09-10T15:30:13.992+0000] {logging_mixin.py:190} WARNING - /home/airflow/.local/lib/python3.12/site-packages/airflow/task/task_runner/standard_task_runner.py:70 DeprecationWarning: This process (pid=20473) is multi-threaded, use of fork() may lead to deadlocks in the child.
[2024-09-10T15:30:13.995+0000] {standard_task_runner.py:72} INFO - Started process 20523 to run task
[2024-09-10T15:30:14.003+0000] {standard_task_runner.py:104} INFO - Running: ['airflow', 'tasks', 'run', 'detect_1fn_anomalies_dag', 'detect_1nf_and_insert_anomalies', 'scheduled__2024-09-10T15:15:00+00:00', '--job-id', '2650', '--raw', '--subdir', 'DAGS_FOLDER/Dag_detect_1FN_anomaly.py', '--cfg-path', '/tmp/tmp6whf8q2r']
[2024-09-10T15:30:14.023+0000] {standard_task_runner.py:105} INFO - Job 2650: Subtask detect_1nf_and_insert_anomalies
[2024-09-10T15:30:16.021+0000] {task_command.py:467} INFO - Running <TaskInstance: detect_1fn_anomalies_dag.detect_1nf_and_insert_anomalies scheduled__2024-09-10T15:15:00+00:00 [running]> on host 5f241b76205c
[2024-09-10T15:30:18.002+0000] {taskinstance.py:3131} INFO - Exporting env vars: AIRFLOW_CTX_DAG_OWNER='airflow' AIRFLOW_CTX_DAG_ID='detect_1fn_anomalies_dag' AIRFLOW_CTX_TASK_ID='detect_1nf_and_insert_anomalies' AIRFLOW_CTX_EXECUTION_DATE='2024-09-10T15:15:00+00:00' AIRFLOW_CTX_TRY_NUMBER='1' AIRFLOW_CTX_DAG_RUN_ID='scheduled__2024-09-10T15:15:00+00:00'
[2024-09-10T15:30:18.016+0000] {taskinstance.py:731} INFO - ::endgroup::
[2024-09-10T15:30:18.570+0000] {Dag_detect_1FN_anomaly.py:78} INFO - Processing table: customers
[2024-09-10T15:30:18.572+0000] {Dag_detect_1FN_anomaly.py:78} INFO - Processing table: transactions
[2024-09-10T15:30:18.584+0000] {Dag_detect_1FN_anomaly.py:78} INFO - Processing table: products
[2024-09-10T15:30:18.585+0000] {Dag_detect_1FN_anomaly.py:78} INFO - Processing table: orderdetails
[2024-09-10T15:30:18.604+0000] {Dag_detect_1FN_anomaly.py:78} INFO - Processing table: productsuppliers
[2024-09-10T15:30:19.836+0000] {Dag_detect_1FN_anomaly.py:85} INFO - No anomalies detected for table productsuppliers
[2024-09-10T15:30:19.832+0000] {Dag_detect_1FN_anomaly.py:85} INFO - No anomalies detected for table customers
[2024-09-10T15:30:19.853+0000] {Dag_detect_1FN_anomaly.py:85} INFO - No anomalies detected for table transactions
[2024-09-10T15:30:19.855+0000] {Dag_detect_1FN_anomaly.py:78} INFO - Processing table: anomalies
[2024-09-10T15:30:19.857+0000] {Dag_detect_1FN_anomaly.py:78} INFO - Processing table: log
[2024-09-10T15:30:19.922+0000] {Dag_detect_1FN_anomaly.py:85} INFO - No anomalies detected for table products
[2024-09-10T15:30:19.930+0000] {Dag_detect_1FN_anomaly.py:78} INFO - Processing table: job
[2024-09-10T15:30:19.880+0000] {Dag_detect_1FN_anomaly.py:78} INFO - Processing table: dag_priority_parsing_request
[2024-09-10T15:30:19.969+0000] {Dag_detect_1FN_anomaly.py:85} INFO - No anomalies detected for table orderdetails
[2024-09-10T15:30:19.984+0000] {Dag_detect_1FN_anomaly.py:78} INFO - Processing table: anomalies1
[2024-09-10T15:30:20.181+0000] {job.py:229} INFO - Heartbeat recovered after 10.92 seconds
[2024-09-10T15:30:20.872+0000] {Dag_detect_1FN_anomaly.py:82} INFO - Detected 2 anomalies for table anomalies
[2024-09-10T15:30:20.908+0000] {Dag_detect_1FN_anomaly.py:85} INFO - No anomalies detected for table dag_priority_parsing_request
[2024-09-10T15:30:20.921+0000] {Dag_detect_1FN_anomaly.py:78} INFO - Processing table: slot_pool
[2024-09-10T15:30:21.029+0000] {Dag_detect_1FN_anomaly.py:82} INFO - Detected 2 anomalies for table anomalies1
[2024-09-10T15:30:21.678+0000] {Dag_detect_1FN_anomaly.py:85} INFO - No anomalies detected for table job
[2024-09-10T15:30:21.694+0000] {Dag_detect_1FN_anomaly.py:78} INFO - Processing table: callback_request
[2024-09-10T15:30:22.259+0000] {Dag_detect_1FN_anomaly.py:85} INFO - No anomalies detected for table slot_pool
[2024-09-10T15:30:22.274+0000] {Dag_detect_1FN_anomaly.py:78} INFO - Processing table: dag_code
[2024-09-10T15:30:22.642+0000] {Dag_detect_1FN_anomaly.py:85} INFO - No anomalies detected for table callback_request
[2024-09-10T15:30:22.647+0000] {Dag_detect_1FN_anomaly.py:78} INFO - Processing table: dag_pickle
[2024-09-10T15:30:22.667+0000] {Dag_detect_1FN_anomaly.py:78} INFO - Processing table: ab_user
[2024-09-10T15:30:22.668+0000] {Dag_detect_1FN_anomaly.py:78} INFO - Processing table: ab_register_user
[2024-09-10T15:30:22.849+0000] {Dag_detect_1FN_anomaly.py:82} INFO - Detected 6520 anomalies for table log
[2024-09-10T15:30:22.916+0000] {Dag_detect_1FN_anomaly.py:82} INFO - Detected 15 anomalies for table dag_code
[2024-09-10T15:30:23.341+0000] {Dag_detect_1FN_anomaly.py:85} INFO - No anomalies detected for table dag_pickle
[2024-09-10T15:30:23.346+0000] {Dag_detect_1FN_anomaly.py:78} INFO - Processing table: connection
[2024-09-10T15:30:23.520+0000] {Dag_detect_1FN_anomaly.py:85} INFO - No anomalies detected for table ab_user
[2024-09-10T15:30:23.522+0000] {Dag_detect_1FN_anomaly.py:78} INFO - Processing table: sla_miss
[2024-09-10T15:30:23.710+0000] {Dag_detect_1FN_anomaly.py:85} INFO - No anomalies detected for table ab_register_user
[2024-09-10T15:30:23.714+0000] {Dag_detect_1FN_anomaly.py:78} INFO - Processing table: variable
[2024-09-10T15:30:24.364+0000] {Dag_detect_1FN_anomaly.py:85} INFO - No anomalies detected for table connection
[2024-09-10T15:30:24.367+0000] {Dag_detect_1FN_anomaly.py:78} INFO - Processing table: import_error
[2024-09-10T15:30:24.448+0000] {Dag_detect_1FN_anomaly.py:85} INFO - No anomalies detected for table sla_miss
[2024-09-10T15:30:24.454+0000] {Dag_detect_1FN_anomaly.py:78} INFO - Processing table: serialized_dag
[2024-09-10T15:30:24.461+0000] {Dag_detect_1FN_anomaly.py:85} INFO - No anomalies detected for table variable
[2024-09-10T15:30:24.463+0000] {Dag_detect_1FN_anomaly.py:78} INFO - Processing table: dataset_alias
[2024-09-10T15:30:24.606+0000] {Dag_detect_1FN_anomaly.py:78} INFO - Processing table: dataset_alias_dataset
[2024-09-10T15:30:24.894+0000] {Dag_detect_1FN_anomaly.py:85} INFO - No anomalies detected for table import_error
[2024-09-10T15:30:24.896+0000] {Dag_detect_1FN_anomaly.py:78} INFO - Processing table: dataset
[2024-09-10T15:30:25.011+0000] {Dag_detect_1FN_anomaly.py:82} INFO - Detected 15 anomalies for table serialized_dag
[2024-09-10T15:30:25.041+0000] {Dag_detect_1FN_anomaly.py:85} INFO - No anomalies detected for table dataset_alias
[2024-09-10T15:30:25.050+0000] {Dag_detect_1FN_anomaly.py:78} INFO - Processing table: dataset_alias_dataset_event
[2024-09-10T15:30:25.111+0000] {Dag_detect_1FN_anomaly.py:85} INFO - No anomalies detected for table dataset_alias_dataset
[2024-09-10T15:30:25.114+0000] {Dag_detect_1FN_anomaly.py:78} INFO - Processing table: dataset_event
[2024-09-10T15:30:25.277+0000] {Dag_detect_1FN_anomaly.py:85} INFO - No anomalies detected for table dataset
[2024-09-10T15:30:25.279+0000] {Dag_detect_1FN_anomaly.py:78} INFO - Processing table: dag_schedule_dataset_alias_reference
[2024-09-10T15:30:25.392+0000] {Dag_detect_1FN_anomaly.py:78} INFO - Processing table: dag
[2024-09-10T15:30:25.448+0000] {Dag_detect_1FN_anomaly.py:85} INFO - No anomalies detected for table dataset_alias_dataset_event
[2024-09-10T15:30:25.449+0000] {Dag_detect_1FN_anomaly.py:78} INFO - Processing table: dag_schedule_dataset_reference
[2024-09-10T15:30:25.462+0000] {Dag_detect_1FN_anomaly.py:85} INFO - No anomalies detected for table dataset_event
[2024-09-10T15:30:25.465+0000] {Dag_detect_1FN_anomaly.py:78} INFO - Processing table: task_outlet_dataset_reference
[2024-09-10T15:30:25.570+0000] {Dag_detect_1FN_anomaly.py:85} INFO - No anomalies detected for table dag_schedule_dataset_alias_reference
[2024-09-10T15:30:25.572+0000] {Dag_detect_1FN_anomaly.py:78} INFO - Processing table: dataset_dag_run_queue
[2024-09-10T15:30:25.632+0000] {Dag_detect_1FN_anomaly.py:78} INFO - Processing table: log_template
[2024-09-10T15:30:25.790+0000] {Dag_detect_1FN_anomaly.py:85} INFO - No anomalies detected for table dag_schedule_dataset_reference
[2024-09-10T15:30:25.792+0000] {Dag_detect_1FN_anomaly.py:78} INFO - Processing table: dag_run
[2024-09-10T15:30:25.851+0000] {Dag_detect_1FN_anomaly.py:82} INFO - Detected 7 anomalies for table dag
[2024-09-10T15:30:25.886+0000] {Dag_detect_1FN_anomaly.py:85} INFO - No anomalies detected for table task_outlet_dataset_reference
[2024-09-10T15:30:25.888+0000] {Dag_detect_1FN_anomaly.py:78} INFO - Processing table: dag_tag
[2024-09-10T15:30:25.929+0000] {Dag_detect_1FN_anomaly.py:85} INFO - No anomalies detected for table dataset_dag_run_queue
[2024-09-10T15:30:25.940+0000] {Dag_detect_1FN_anomaly.py:78} INFO - Processing table: dag_owner_attributes
[2024-09-10T15:30:25.977+0000] {Dag_detect_1FN_anomaly.py:85} INFO - No anomalies detected for table log_template
[2024-09-10T15:30:25.979+0000] {Dag_detect_1FN_anomaly.py:78} INFO - Processing table: ab_permission
[2024-09-10T15:30:26.784+0000] {Dag_detect_1FN_anomaly.py:78} INFO - Processing table: ab_permission_view
[2024-09-10T15:30:26.785+0000] {Dag_detect_1FN_anomaly.py:85} INFO - No anomalies detected for table dag_tag
[2024-09-10T15:30:26.792+0000] {Dag_detect_1FN_anomaly.py:78} INFO - Processing table: ab_view_menu
[2024-09-10T15:30:26.796+0000] {Dag_detect_1FN_anomaly.py:85} INFO - No anomalies detected for table dag_owner_attributes
[2024-09-10T15:30:26.803+0000] {Dag_detect_1FN_anomaly.py:78} INFO - Processing table: ab_user_role
[2024-09-10T15:30:26.816+0000] {Dag_detect_1FN_anomaly.py:85} INFO - No anomalies detected for table ab_permission
[2024-09-10T15:30:26.818+0000] {Dag_detect_1FN_anomaly.py:78} INFO - Processing table: ab_role
[2024-09-10T15:30:27.201+0000] {Dag_detect_1FN_anomaly.py:85} INFO - No anomalies detected for table ab_user_role
[2024-09-10T15:30:27.241+0000] {Dag_detect_1FN_anomaly.py:78} INFO - Processing table: dag_warning
[2024-09-10T15:30:27.264+0000] {Dag_detect_1FN_anomaly.py:85} INFO - No anomalies detected for table ab_view_menu
[2024-09-10T15:30:27.278+0000] {Dag_detect_1FN_anomaly.py:85} INFO - No anomalies detected for table ab_role
[2024-09-10T15:30:27.281+0000] {Dag_detect_1FN_anomaly.py:85} INFO - No anomalies detected for table ab_permission_view
[2024-09-10T15:30:27.332+0000] {Dag_detect_1FN_anomaly.py:78} INFO - Processing table: dagrun_dataset_event
[2024-09-10T15:30:27.339+0000] {Dag_detect_1FN_anomaly.py:85} INFO - No anomalies detected for table dag_run
[2024-09-10T15:30:27.340+0000] {Dag_detect_1FN_anomaly.py:78} INFO - Processing table: trigger
[2024-09-10T15:30:27.341+0000] {Dag_detect_1FN_anomaly.py:78} INFO - Processing table: task_instance
[2024-09-10T15:30:27.346+0000] {Dag_detect_1FN_anomaly.py:78} INFO - Processing table: dag_run_note
[2024-09-10T15:30:27.510+0000] {Dag_detect_1FN_anomaly.py:85} INFO - No anomalies detected for table dag_warning
[2024-09-10T15:30:27.512+0000] {Dag_detect_1FN_anomaly.py:78} INFO - Processing table: ab_permission_view_role
[2024-09-10T15:30:27.616+0000] {Dag_detect_1FN_anomaly.py:85} INFO - No anomalies detected for table trigger
[2024-09-10T15:30:27.634+0000] {Dag_detect_1FN_anomaly.py:85} INFO - No anomalies detected for table dagrun_dataset_event
[2024-09-10T15:30:27.635+0000] {Dag_detect_1FN_anomaly.py:78} INFO - Processing table: rendered_task_instance_fields
[2024-09-10T15:30:27.639+0000] {Dag_detect_1FN_anomaly.py:78} INFO - Processing table: task_fail
[2024-09-10T15:30:27.658+0000] {Dag_detect_1FN_anomaly.py:85} INFO - No anomalies detected for table dag_run_note
[2024-09-10T15:30:27.660+0000] {Dag_detect_1FN_anomaly.py:78} INFO - Processing table: task_map
[2024-09-10T15:30:27.962+0000] {Dag_detect_1FN_anomaly.py:85} INFO - No anomalies detected for table ab_permission_view_role
[2024-09-10T15:30:27.970+0000] {Dag_detect_1FN_anomaly.py:78} INFO - Processing table: task_reschedule
[2024-09-10T15:30:28.033+0000] {Dag_detect_1FN_anomaly.py:85} INFO - No anomalies detected for table task_map
[2024-09-10T15:30:28.051+0000] {Dag_detect_1FN_anomaly.py:78} INFO - Processing table: xcom
[2024-09-10T15:30:28.244+0000] {Dag_detect_1FN_anomaly.py:82} INFO - Detected 556 anomalies for table rendered_task_instance_fields
[2024-09-10T15:30:28.275+0000] {Dag_detect_1FN_anomaly.py:85} INFO - No anomalies detected for table task_fail
[2024-09-10T15:30:28.289+0000] {Dag_detect_1FN_anomaly.py:78} INFO - Processing table: task_instance_note
[2024-09-10T15:30:28.291+0000] {Dag_detect_1FN_anomaly.py:85} INFO - No anomalies detected for table task_instance
[2024-09-10T15:30:28.297+0000] {Dag_detect_1FN_anomaly.py:78} INFO - Processing table: task_instance_history
[2024-09-10T15:30:28.311+0000] {Dag_detect_1FN_anomaly.py:85} INFO - No anomalies detected for table task_reschedule
[2024-09-10T15:30:28.320+0000] {Dag_detect_1FN_anomaly.py:78} INFO - Processing table: session
[2024-09-10T15:30:28.323+0000] {Dag_detect_1FN_anomaly.py:85} INFO - No anomalies detected for table xcom
[2024-09-10T15:30:28.326+0000] {Dag_detect_1FN_anomaly.py:78} INFO - Processing table: alembic_version
[2024-09-10T15:30:28.549+0000] {Dag_detect_1FN_anomaly.py:85} INFO - No anomalies detected for table task_instance_note
[2024-09-10T15:30:28.558+0000] {Dag_detect_1FN_anomaly.py:78} INFO - Processing table: orders
[2024-09-10T15:30:28.654+0000] {Dag_detect_1FN_anomaly.py:85} INFO - No anomalies detected for table alembic_version
[2024-09-10T15:30:28.661+0000] {Dag_detect_1FN_anomaly.py:85} INFO - No anomalies detected for table session
[2024-09-10T15:30:28.671+0000] {Dag_detect_1FN_anomaly.py:78} INFO - Processing table: anomalieDetected
[2024-09-10T15:30:28.706+0000] {Dag_detect_1FN_anomaly.py:85} INFO - No anomalies detected for table task_instance_history
[2024-09-10T15:30:28.742+0000] {Dag_detect_1FN_anomaly.py:85} INFO - No anomalies detected for table orders
[2024-09-10T15:30:28.804+0000] {Dag_detect_1FN_anomaly.py:96} ERROR - An error occurred: (psycopg2.errors.UndefinedTable) relation "anomaliedetected" does not exist
LINE 1: SELECT * FROM anomalieDetected
                      ^

[SQL: SELECT * FROM anomalieDetected]
(Background on this error at: https://sqlalche.me/e/14/f405)
[2024-09-10T15:30:28.806+0000] {taskinstance.py:3310} ERROR - Task failed with exception
Traceback (most recent call last):
  File "/home/airflow/.local/lib/python3.12/site-packages/sqlalchemy/engine/base.py", line 1910, in _execute_context
    self.dialect.do_execute(
  File "/home/airflow/.local/lib/python3.12/site-packages/sqlalchemy/engine/default.py", line 736, in do_execute
    cursor.execute(statement, parameters)
psycopg2.errors.UndefinedTable: relation "anomaliedetected" does not exist
LINE 1: SELECT * FROM anomalieDetected
                      ^


The above exception was the direct cause of the following exception:

Traceback (most recent call last):
  File "/home/airflow/.local/lib/python3.12/site-packages/airflow/models/taskinstance.py", line 767, in _execute_task
    result = _execute_callable(context=context, **execute_callable_kwargs)
             ^^^^^^^^^^^^^^^^^^^^^^^^^^^^^^^^^^^^^^^^^^^^^^^^^^^^^^^^^^^^^
  File "/home/airflow/.local/lib/python3.12/site-packages/airflow/models/taskinstance.py", line 733, in _execute_callable
    return ExecutionCallableRunner(
           ^^^^^^^^^^^^^^^^^^^^^^^^
  File "/home/airflow/.local/lib/python3.12/site-packages/airflow/utils/operator_helpers.py", line 252, in run
    return self.func(*args, **kwargs)
           ^^^^^^^^^^^^^^^^^^^^^^^^^^
  File "/home/airflow/.local/lib/python3.12/site-packages/airflow/models/baseoperator.py", line 406, in wrapper
    return func(self, *args, **kwargs)
           ^^^^^^^^^^^^^^^^^^^^^^^^^^^
  File "/home/airflow/.local/lib/python3.12/site-packages/airflow/operators/python.py", line 238, in execute
    return_value = self.execute_callable()
                   ^^^^^^^^^^^^^^^^^^^^^^^
  File "/home/airflow/.local/lib/python3.12/site-packages/airflow/operators/python.py", line 256, in execute_callable
    return runner.run(*self.op_args, **self.op_kwargs)
           ^^^^^^^^^^^^^^^^^^^^^^^^^^^^^^^^^^^^^^^^^^^
  File "/home/airflow/.local/lib/python3.12/site-packages/airflow/utils/operator_helpers.py", line 252, in run
    return self.func(*args, **kwargs)
           ^^^^^^^^^^^^^^^^^^^^^^^^^^
  File "/opt/airflow/dags/Dag_detect_1FN_anomaly.py", line 93, in detect_and_insert_anomalies
    future.result()  # This will raise an exception if the task failed
    ^^^^^^^^^^^^^^^
  File "/usr/local/lib/python3.12/concurrent/futures/_base.py", line 449, in result
    return self.__get_result()
           ^^^^^^^^^^^^^^^^^^^
  File "/usr/local/lib/python3.12/concurrent/futures/_base.py", line 401, in __get_result
    raise self._exception
  File "/usr/local/lib/python3.12/concurrent/futures/thread.py", line 58, in run
    result = self.fn(*self.args, **self.kwargs)
             ^^^^^^^^^^^^^^^^^^^^^^^^^^^^^^^^^^
  File "/opt/airflow/dags/Dag_detect_1FN_anomaly.py", line 79, in process_table
    df = table_to_dataframe(table_name)
         ^^^^^^^^^^^^^^^^^^^^^^^^^^^^^^
  File "/opt/airflow/dags/Dag_detect_1FN_anomaly.py", line 40, in table_to_dataframe
    return pd.read_sql(query, connection)
           ^^^^^^^^^^^^^^^^^^^^^^^^^^^^^^
  File "/home/airflow/.local/lib/python3.12/site-packages/pandas/io/sql.py", line 682, in read_sql
    return pandas_sql.read_query(
           ^^^^^^^^^^^^^^^^^^^^^^
  File "/home/airflow/.local/lib/python3.12/site-packages/pandas/io/sql.py", line 1776, in read_query
    result = self.execute(sql, params)
             ^^^^^^^^^^^^^^^^^^^^^^^^^
  File "/home/airflow/.local/lib/python3.12/site-packages/pandas/io/sql.py", line 1599, in execute
    return self.con.exec_driver_sql(sql, *args)
           ^^^^^^^^^^^^^^^^^^^^^^^^^^^^^^^^^^^^
  File "/home/airflow/.local/lib/python3.12/site-packages/sqlalchemy/engine/base.py", line 1770, in exec_driver_sql
    return self._exec_driver_sql(
           ^^^^^^^^^^^^^^^^^^^^^^
  File "/home/airflow/.local/lib/python3.12/site-packages/sqlalchemy/engine/base.py", line 1674, in _exec_driver_sql
    ret = self._execute_context(
          ^^^^^^^^^^^^^^^^^^^^^^
  File "/home/airflow/.local/lib/python3.12/site-packages/sqlalchemy/engine/base.py", line 1953, in _execute_context
    self._handle_dbapi_exception(
  File "/home/airflow/.local/lib/python3.12/site-packages/sqlalchemy/engine/base.py", line 2134, in _handle_dbapi_exception
    util.raise_(
  File "/home/airflow/.local/lib/python3.12/site-packages/sqlalchemy/util/compat.py", line 211, in raise_
    raise exception
  File "/home/airflow/.local/lib/python3.12/site-packages/sqlalchemy/engine/base.py", line 1910, in _execute_context
    self.dialect.do_execute(
  File "/home/airflow/.local/lib/python3.12/site-packages/sqlalchemy/engine/default.py", line 736, in do_execute
    cursor.execute(statement, parameters)
sqlalchemy.exc.ProgrammingError: (psycopg2.errors.UndefinedTable) relation "anomaliedetected" does not exist
LINE 1: SELECT * FROM anomalieDetected
                      ^

[SQL: SELECT * FROM anomalieDetected]
(Background on this error at: https://sqlalche.me/e/14/f405)
[2024-09-10T15:30:28.950+0000] {taskinstance.py:1225} INFO - Marking task as UP_FOR_RETRY. dag_id=detect_1fn_anomalies_dag, task_id=detect_1nf_and_insert_anomalies, run_id=scheduled__2024-09-10T15:15:00+00:00, execution_date=20240910T151500, start_date=20240910T153013, end_date=20240910T153028
[2024-09-10T15:30:28.983+0000] {taskinstance.py:340} INFO - ::group::Post task execution logs
[2024-09-10T15:30:28.984+0000] {standard_task_runner.py:124} ERROR - Failed to execute job 2650 for task detect_1nf_and_insert_anomalies ((psycopg2.errors.UndefinedTable) relation "anomaliedetected" does not exist
LINE 1: SELECT * FROM anomalieDetected
                      ^

[SQL: SELECT * FROM anomalieDetected]
(Background on this error at: https://sqlalche.me/e/14/f405); 20523)
Traceback (most recent call last):
  File "/home/airflow/.local/lib/python3.12/site-packages/sqlalchemy/engine/base.py", line 1910, in _execute_context
    self.dialect.do_execute(
  File "/home/airflow/.local/lib/python3.12/site-packages/sqlalchemy/engine/default.py", line 736, in do_execute
    cursor.execute(statement, parameters)
psycopg2.errors.UndefinedTable: relation "anomaliedetected" does not exist
LINE 1: SELECT * FROM anomalieDetected
                      ^


The above exception was the direct cause of the following exception:

Traceback (most recent call last):
  File "/home/airflow/.local/lib/python3.12/site-packages/airflow/task/task_runner/standard_task_runner.py", line 117, in _start_by_fork
    ret = args.func(args, dag=self.dag)
          ^^^^^^^^^^^^^^^^^^^^^^^^^^^^^
  File "/home/airflow/.local/lib/python3.12/site-packages/airflow/cli/cli_config.py", line 49, in command
    return func(*args, **kwargs)
           ^^^^^^^^^^^^^^^^^^^^^
  File "/home/airflow/.local/lib/python3.12/site-packages/airflow/utils/cli.py", line 115, in wrapper
    return f(*args, **kwargs)
           ^^^^^^^^^^^^^^^^^^
  File "/home/airflow/.local/lib/python3.12/site-packages/airflow/cli/commands/task_command.py", line 483, in task_run
    task_return_code = _run_task_by_selected_method(args, _dag, ti)
                       ^^^^^^^^^^^^^^^^^^^^^^^^^^^^^^^^^^^^^^^^^^^^
  File "/home/airflow/.local/lib/python3.12/site-packages/airflow/cli/commands/task_command.py", line 256, in _run_task_by_selected_method
    return _run_raw_task(args, ti)
           ^^^^^^^^^^^^^^^^^^^^^^^
  File "/home/airflow/.local/lib/python3.12/site-packages/airflow/cli/commands/task_command.py", line 341, in _run_raw_task
    return ti._run_raw_task(
           ^^^^^^^^^^^^^^^^^
  File "/home/airflow/.local/lib/python3.12/site-packages/airflow/utils/session.py", line 97, in wrapper
    return func(*args, session=session, **kwargs)
           ^^^^^^^^^^^^^^^^^^^^^^^^^^^^^^^^^^^^^^
  File "/home/airflow/.local/lib/python3.12/site-packages/airflow/models/taskinstance.py", line 3004, in _run_raw_task
    return _run_raw_task(
           ^^^^^^^^^^^^^^
  File "/home/airflow/.local/lib/python3.12/site-packages/airflow/models/taskinstance.py", line 273, in _run_raw_task
    TaskInstance._execute_task_with_callbacks(
  File "/home/airflow/.local/lib/python3.12/site-packages/airflow/models/taskinstance.py", line 3158, in _execute_task_with_callbacks
    result = self._execute_task(context, task_orig)
             ^^^^^^^^^^^^^^^^^^^^^^^^^^^^^^^^^^^^^^
  File "/home/airflow/.local/lib/python3.12/site-packages/airflow/models/taskinstance.py", line 3182, in _execute_task
    return _execute_task(self, context, task_orig)
           ^^^^^^^^^^^^^^^^^^^^^^^^^^^^^^^^^^^^^^^
  File "/home/airflow/.local/lib/python3.12/site-packages/airflow/models/taskinstance.py", line 767, in _execute_task
    result = _execute_callable(context=context, **execute_callable_kwargs)
             ^^^^^^^^^^^^^^^^^^^^^^^^^^^^^^^^^^^^^^^^^^^^^^^^^^^^^^^^^^^^^
  File "/home/airflow/.local/lib/python3.12/site-packages/airflow/models/taskinstance.py", line 733, in _execute_callable
    return ExecutionCallableRunner(
           ^^^^^^^^^^^^^^^^^^^^^^^^
  File "/home/airflow/.local/lib/python3.12/site-packages/airflow/utils/operator_helpers.py", line 252, in run
    return self.func(*args, **kwargs)
           ^^^^^^^^^^^^^^^^^^^^^^^^^^
  File "/home/airflow/.local/lib/python3.12/site-packages/airflow/models/baseoperator.py", line 406, in wrapper
    return func(self, *args, **kwargs)
           ^^^^^^^^^^^^^^^^^^^^^^^^^^^
  File "/home/airflow/.local/lib/python3.12/site-packages/airflow/operators/python.py", line 238, in execute
    return_value = self.execute_callable()
                   ^^^^^^^^^^^^^^^^^^^^^^^
  File "/home/airflow/.local/lib/python3.12/site-packages/airflow/operators/python.py", line 256, in execute_callable
    return runner.run(*self.op_args, **self.op_kwargs)
           ^^^^^^^^^^^^^^^^^^^^^^^^^^^^^^^^^^^^^^^^^^^
  File "/home/airflow/.local/lib/python3.12/site-packages/airflow/utils/operator_helpers.py", line 252, in run
    return self.func(*args, **kwargs)
           ^^^^^^^^^^^^^^^^^^^^^^^^^^
  File "/opt/airflow/dags/Dag_detect_1FN_anomaly.py", line 93, in detect_and_insert_anomalies
    future.result()  # This will raise an exception if the task failed
    ^^^^^^^^^^^^^^^
  File "/usr/local/lib/python3.12/concurrent/futures/_base.py", line 449, in result
    return self.__get_result()
           ^^^^^^^^^^^^^^^^^^^
  File "/usr/local/lib/python3.12/concurrent/futures/_base.py", line 401, in __get_result
    raise self._exception
  File "/usr/local/lib/python3.12/concurrent/futures/thread.py", line 58, in run
    result = self.fn(*self.args, **self.kwargs)
             ^^^^^^^^^^^^^^^^^^^^^^^^^^^^^^^^^^
  File "/opt/airflow/dags/Dag_detect_1FN_anomaly.py", line 79, in process_table
    df = table_to_dataframe(table_name)
         ^^^^^^^^^^^^^^^^^^^^^^^^^^^^^^
  File "/opt/airflow/dags/Dag_detect_1FN_anomaly.py", line 40, in table_to_dataframe
    return pd.read_sql(query, connection)
           ^^^^^^^^^^^^^^^^^^^^^^^^^^^^^^
  File "/home/airflow/.local/lib/python3.12/site-packages/pandas/io/sql.py", line 682, in read_sql
    return pandas_sql.read_query(
           ^^^^^^^^^^^^^^^^^^^^^^
  File "/home/airflow/.local/lib/python3.12/site-packages/pandas/io/sql.py", line 1776, in read_query
    result = self.execute(sql, params)
             ^^^^^^^^^^^^^^^^^^^^^^^^^
  File "/home/airflow/.local/lib/python3.12/site-packages/pandas/io/sql.py", line 1599, in execute
    return self.con.exec_driver_sql(sql, *args)
           ^^^^^^^^^^^^^^^^^^^^^^^^^^^^^^^^^^^^
  File "/home/airflow/.local/lib/python3.12/site-packages/sqlalchemy/engine/base.py", line 1770, in exec_driver_sql
    return self._exec_driver_sql(
           ^^^^^^^^^^^^^^^^^^^^^^
  File "/home/airflow/.local/lib/python3.12/site-packages/sqlalchemy/engine/base.py", line 1674, in _exec_driver_sql
    ret = self._execute_context(
          ^^^^^^^^^^^^^^^^^^^^^^
  File "/home/airflow/.local/lib/python3.12/site-packages/sqlalchemy/engine/base.py", line 1953, in _execute_context
    self._handle_dbapi_exception(
  File "/home/airflow/.local/lib/python3.12/site-packages/sqlalchemy/engine/base.py", line 2134, in _handle_dbapi_exception
    util.raise_(
  File "/home/airflow/.local/lib/python3.12/site-packages/sqlalchemy/util/compat.py", line 211, in raise_
    raise exception
  File "/home/airflow/.local/lib/python3.12/site-packages/sqlalchemy/engine/base.py", line 1910, in _execute_context
    self.dialect.do_execute(
  File "/home/airflow/.local/lib/python3.12/site-packages/sqlalchemy/engine/default.py", line 736, in do_execute
    cursor.execute(statement, parameters)
sqlalchemy.exc.ProgrammingError: (psycopg2.errors.UndefinedTable) relation "anomaliedetected" does not exist
LINE 1: SELECT * FROM anomalieDetected
                      ^

[SQL: SELECT * FROM anomalieDetected]
(Background on this error at: https://sqlalche.me/e/14/f405)
[2024-09-10T15:30:29.044+0000] {local_task_job_runner.py:266} INFO - Task exited with return code 1
[2024-09-10T15:30:29.189+0000] {taskinstance.py:3900} INFO - 0 downstream tasks scheduled from follow-on schedule check
[2024-09-10T15:30:29.197+0000] {local_task_job_runner.py:245} INFO - ::endgroup::
