[2024-09-14T17:00:44.918+0000] {local_task_job_runner.py:123} INFO - ::group::Pre task execution logs
[2024-09-14T17:00:47.689+0000] {taskinstance.py:2612} INFO - Dependencies all met for dep_context=non-requeueable deps ti=<TaskInstance: welcome_dag.print_welcome scheduled__2024-09-14T17:00:12+00:00 [queued]>
[2024-09-14T17:00:47.802+0000] {taskinstance.py:2612} INFO - Dependencies all met for dep_context=requeueable deps ti=<TaskInstance: welcome_dag.print_welcome scheduled__2024-09-14T17:00:12+00:00 [queued]>
[2024-09-14T17:00:47.815+0000] {taskinstance.py:2865} INFO - Starting attempt 1 of 1
[2024-09-14T17:00:48.930+0000] {taskinstance.py:2888} INFO - Executing <Task(PythonOperator): print_welcome> on 2024-09-14 17:00:12+00:00
[2024-09-14T17:00:49.557+0000] {standard_task_runner.py:104} INFO - Running: ['airflow', 'tasks', 'run', 'welcome_dag', 'print_welcome', 'scheduled__2024-09-14T17:00:12+00:00', '--job-id', '4052', '--raw', '--subdir', 'DAGS_FOLDER/Awelcome_dags.py', '--cfg-path', '/tmp/tmp87gs1ibu']
[2024-09-14T17:00:49.912+0000] {standard_task_runner.py:105} INFO - Job 4052: Subtask print_welcome
[2024-09-14T17:00:50.646+0000] {logging_mixin.py:190} WARNING - /home/airflow/.local/lib/python3.12/site-packages/airflow/task/task_runner/standard_task_runner.py:70 DeprecationWarning: This process (pid=88630) is multi-threaded, use of fork() may lead to deadlocks in the child.
[2024-09-14T17:00:50.772+0000] {standard_task_runner.py:72} INFO - Started process 88662 to run task
[2024-09-14T17:00:58.605+0000] {job.py:229} INFO - Heartbeat recovered after 24.16 seconds
[2024-09-14T17:01:00.426+0000] {task_command.py:467} INFO - Running <TaskInstance: welcome_dag.print_welcome scheduled__2024-09-14T17:00:12+00:00 [running]> on host 7403e816bcf5
[2024-09-14T17:01:09.264+0000] {taskinstance.py:3131} INFO - Exporting env vars: AIRFLOW_CTX_DAG_OWNER='airflow' AIRFLOW_CTX_DAG_ID='welcome_dag' AIRFLOW_CTX_TASK_ID='print_welcome' AIRFLOW_CTX_EXECUTION_DATE='2024-09-14T17:00:12+00:00' AIRFLOW_CTX_TRY_NUMBER='1' AIRFLOW_CTX_DAG_RUN_ID='scheduled__2024-09-14T17:00:12+00:00'
[2024-09-14T17:01:09.588+0000] {taskinstance.py:731} INFO - ::endgroup::
[2024-09-14T17:01:11.030+0000] {logging_mixin.py:190} INFO - Welcome to Airflow!
[2024-09-14T17:01:11.074+0000] {python.py:240} INFO - Done. Returned value was: None
[2024-09-14T17:01:12.844+0000] {taskinstance.py:340} INFO - ::group::Post task execution logs
[2024-09-14T17:01:12.846+0000] {taskinstance.py:352} INFO - Marking task as SUCCESS. dag_id=welcome_dag, task_id=print_welcome, run_id=scheduled__2024-09-14T17:00:12+00:00, execution_date=20240914T170012, start_date=20240914T170047, end_date=20240914T170112
[2024-09-14T17:01:13.061+0000] {local_task_job_runner.py:266} INFO - Task exited with return code 0
[2024-09-14T17:01:16.115+0000] {standard_task_runner.py:217} INFO - Process not found (most likely exited), stop collecting metrics
[2024-09-14T17:01:16.298+0000] {taskinstance.py:3900} INFO - 0 downstream tasks scheduled from follow-on schedule check
[2024-09-14T17:01:16.365+0000] {local_task_job_runner.py:245} INFO - ::endgroup::
