[2024-10-23T15:00:43.803+0000] {local_task_job_runner.py:123} INFO - ::group::Pre task execution logs
[2024-10-23T15:00:44.596+0000] {taskinstance.py:2612} INFO - Dependencies all met for dep_context=non-requeueable deps ti=<TaskInstance: welcome_dag.print_date scheduled__2024-10-23T15:00:15+00:00 [queued]>
[2024-10-23T15:00:44.679+0000] {taskinstance.py:2612} INFO - Dependencies all met for dep_context=requeueable deps ti=<TaskInstance: welcome_dag.print_date scheduled__2024-10-23T15:00:15+00:00 [queued]>
[2024-10-23T15:00:44.681+0000] {taskinstance.py:2865} INFO - Starting attempt 1 of 1
[2024-10-23T15:00:44.798+0000] {taskinstance.py:2888} INFO - Executing <Task(PythonOperator): print_date> on 2024-10-23 15:00:15+00:00
[2024-10-23T15:00:44.814+0000] {standard_task_runner.py:104} INFO - Running: ['airflow', 'tasks', 'run', 'welcome_dag', 'print_date', 'scheduled__2024-10-23T15:00:15+00:00', '--job-id', '6339', '--raw', '--subdir', 'DAGS_FOLDER/Awelcome_dags.py', '--cfg-path', '/tmp/tmpup32b6vg']
[2024-10-23T15:00:44.827+0000] {standard_task_runner.py:105} INFO - Job 6339: Subtask print_date
[2024-10-23T15:00:44.823+0000] {logging_mixin.py:190} WARNING - /home/airflow/.local/lib/python3.12/site-packages/airflow/task/task_runner/standard_task_runner.py:70 DeprecationWarning: This process (pid=11397) is multi-threaded, use of fork() may lead to deadlocks in the child.
[2024-10-23T15:00:44.831+0000] {standard_task_runner.py:72} INFO - Started process 11426 to run task
[2024-10-23T15:00:47.060+0000] {task_command.py:467} INFO - Running <TaskInstance: welcome_dag.print_date scheduled__2024-10-23T15:00:15+00:00 [running]> on host 696ca67245ce
[2024-10-23T15:00:52.236+0000] {job.py:229} INFO - Heartbeat recovered after 11.24 seconds
[2024-10-23T15:00:55.803+0000] {taskinstance.py:3131} INFO - Exporting env vars: AIRFLOW_CTX_DAG_OWNER='airflow' AIRFLOW_CTX_DAG_ID='welcome_dag' AIRFLOW_CTX_TASK_ID='print_date' AIRFLOW_CTX_EXECUTION_DATE='2024-10-23T15:00:15+00:00' AIRFLOW_CTX_TRY_NUMBER='1' AIRFLOW_CTX_DAG_RUN_ID='scheduled__2024-10-23T15:00:15+00:00'
[2024-10-23T15:00:55.817+0000] {taskinstance.py:731} INFO - ::endgroup::
[2024-10-23T15:00:56.039+0000] {logging_mixin.py:190} INFO - Today is 2024-10-23
[2024-10-23T15:00:56.058+0000] {python.py:240} INFO - Done. Returned value was: None
[2024-10-23T15:00:57.213+0000] {taskinstance.py:340} INFO - ::group::Post task execution logs
[2024-10-23T15:00:57.220+0000] {taskinstance.py:352} INFO - Marking task as SUCCESS. dag_id=welcome_dag, task_id=print_date, run_id=scheduled__2024-10-23T15:00:15+00:00, execution_date=20241023T150015, start_date=20241023T150044, end_date=20241023T150057
[2024-10-23T15:00:57.399+0000] {local_task_job_runner.py:266} INFO - Task exited with return code 0
[2024-10-23T15:00:58.464+0000] {taskinstance.py:3900} INFO - 0 downstream tasks scheduled from follow-on schedule check
[2024-10-23T15:00:58.495+0000] {local_task_job_runner.py:245} INFO - ::endgroup::
[2024-10-23T15:00:59.815+0000] {standard_task_runner.py:217} INFO - Process not found (most likely exited), stop collecting metrics
