[2024-09-13T18:40:09.995+0000] {local_task_job_runner.py:123} INFO - ::group::Pre task execution logs
[2024-09-13T18:40:11.979+0000] {taskinstance.py:2612} INFO - Dependencies all met for dep_context=non-requeueable deps ti=<TaskInstance: correction_Dag_1FN.correct_1nf_violations scheduled__2024-09-13T18:35:00+00:00 [queued]>
[2024-09-13T18:40:12.101+0000] {taskinstance.py:2612} INFO - Dependencies all met for dep_context=requeueable deps ti=<TaskInstance: correction_Dag_1FN.correct_1nf_violations scheduled__2024-09-13T18:35:00+00:00 [queued]>
[2024-09-13T18:40:12.106+0000] {taskinstance.py:2865} INFO - Starting attempt 1 of 2
[2024-09-13T18:40:12.249+0000] {taskinstance.py:2888} INFO - Executing <Task(PythonOperator): correct_1nf_violations> on 2024-09-13 18:35:00+00:00
[2024-09-13T18:40:12.472+0000] {standard_task_runner.py:104} INFO - Running: ['airflow', 'tasks', 'run', 'correction_Dag_1FN', 'correct_1nf_violations', 'scheduled__2024-09-13T18:35:00+00:00', '--job-id', '3157', '--raw', '--subdir', 'DAGS_FOLDER/Correction_dag_1FN.py', '--cfg-path', '/tmp/tmp2_ovqmwh']
[2024-09-13T18:40:12.515+0000] {standard_task_runner.py:105} INFO - Job 3157: Subtask correct_1nf_violations
[2024-09-13T18:40:13.021+0000] {logging_mixin.py:190} WARNING - /home/airflow/.local/lib/python3.12/site-packages/airflow/task/task_runner/standard_task_runner.py:70 DeprecationWarning: This process (pid=42872) is multi-threaded, use of fork() may lead to deadlocks in the child.
[2024-09-13T18:40:13.025+0000] {standard_task_runner.py:72} INFO - Started process 42902 to run task
[2024-09-13T18:40:15.101+0000] {task_command.py:467} INFO - Running <TaskInstance: correction_Dag_1FN.correct_1nf_violations scheduled__2024-09-13T18:35:00+00:00 [running]> on host 7403e816bcf5
[2024-09-13T18:40:16.880+0000] {taskinstance.py:3131} INFO - Exporting env vars: AIRFLOW_CTX_DAG_OWNER='airflow' AIRFLOW_CTX_DAG_ID='correction_Dag_1FN' AIRFLOW_CTX_TASK_ID='correct_1nf_violations' AIRFLOW_CTX_EXECUTION_DATE='2024-09-13T18:35:00+00:00' AIRFLOW_CTX_TRY_NUMBER='1' AIRFLOW_CTX_DAG_RUN_ID='scheduled__2024-09-13T18:35:00+00:00'
[2024-09-13T18:40:16.890+0000] {taskinstance.py:731} INFO - ::endgroup::
[2024-09-13T18:40:17.428+0000] {logging_mixin.py:190} INFO - Erreur lors de la correction des anomalies : cannot drop table orders because other objects depend on it
DETAIL:  constraint orderdetails_order_id_fkey on table orderdetails depends on table orders
HINT:  Use DROP ... CASCADE to drop the dependent objects too.
[2024-09-13T18:40:17.429+0000] {python.py:240} INFO - Done. Returned value was: None
[2024-09-13T18:40:18.328+0000] {taskinstance.py:340} INFO - ::group::Post task execution logs
[2024-09-13T18:40:18.347+0000] {taskinstance.py:352} INFO - Marking task as SUCCESS. dag_id=correction_Dag_1FN, task_id=correct_1nf_violations, run_id=scheduled__2024-09-13T18:35:00+00:00, execution_date=20240913T183500, start_date=20240913T184011, end_date=20240913T184018
[2024-09-13T18:40:20.099+0000] {job.py:229} INFO - Heartbeat recovered after 14.66 seconds
[2024-09-13T18:40:21.556+0000] {local_task_job_runner.py:266} INFO - Task exited with return code 0
[2024-09-13T18:40:23.104+0000] {taskinstance.py:3900} INFO - 0 downstream tasks scheduled from follow-on schedule check
[2024-09-13T18:40:23.111+0000] {local_task_job_runner.py:245} INFO - ::endgroup::
[2024-09-13T18:40:23.122+0000] {standard_task_runner.py:217} INFO - Process not found (most likely exited), stop collecting metrics
