[2024-09-10T13:35:35.721+0000] {local_task_job_runner.py:123} INFO - ::group::Pre task execution logs
[2024-09-10T13:35:36.582+0000] {taskinstance.py:2612} INFO - Dependencies all met for dep_context=non-requeueable deps ti=<TaskInstance: correction_Dag_no_NumericValues.Correct_Non_numeric_Quantity scheduled__2024-09-10T12:55:00+00:00 [queued]>
[2024-09-10T13:35:36.619+0000] {taskinstance.py:2612} INFO - Dependencies all met for dep_context=requeueable deps ti=<TaskInstance: correction_Dag_no_NumericValues.Correct_Non_numeric_Quantity scheduled__2024-09-10T12:55:00+00:00 [queued]>
[2024-09-10T13:35:36.621+0000] {taskinstance.py:2865} INFO - Starting attempt 2 of 2
[2024-09-10T13:35:36.873+0000] {taskinstance.py:2888} INFO - Executing <Task(PythonOperator): Correct_Non_numeric_Quantity> on 2024-09-10 12:55:00+00:00
[2024-09-10T13:35:36.933+0000] {logging_mixin.py:190} WARNING - /home/airflow/.local/lib/python3.12/site-packages/airflow/task/task_runner/standard_task_runner.py:70 DeprecationWarning: This process (pid=1134) is multi-threaded, use of fork() may lead to deadlocks in the child.
[2024-09-10T13:35:36.936+0000] {standard_task_runner.py:72} INFO - Started process 1208 to run task
[2024-09-10T13:35:36.928+0000] {standard_task_runner.py:104} INFO - Running: ['airflow', 'tasks', 'run', 'correction_Dag_no_NumericValues', 'Correct_Non_numeric_Quantity', 'scheduled__2024-09-10T12:55:00+00:00', '--job-id', '2293', '--raw', '--subdir', 'DAGS_FOLDER/correction_Dag_no_NumericValues.py', '--cfg-path', '/tmp/tmpi5fff66s']
[2024-09-10T13:35:36.957+0000] {standard_task_runner.py:105} INFO - Job 2293: Subtask Correct_Non_numeric_Quantity
[2024-09-10T13:35:41.088+0000] {task_command.py:467} INFO - Running <TaskInstance: correction_Dag_no_NumericValues.Correct_Non_numeric_Quantity scheduled__2024-09-10T12:55:00+00:00 [running]> on host 5f241b76205c
[2024-09-10T13:35:44.254+0000] {job.py:229} INFO - Heartbeat recovered after 11.36 seconds
[2024-09-10T13:35:47.784+0000] {taskinstance.py:3131} INFO - Exporting env vars: AIRFLOW_CTX_DAG_OWNER='airflow' AIRFLOW_CTX_DAG_ID='correction_Dag_no_NumericValues' AIRFLOW_CTX_TASK_ID='Correct_Non_numeric_Quantity' AIRFLOW_CTX_EXECUTION_DATE='2024-09-10T12:55:00+00:00' AIRFLOW_CTX_TRY_NUMBER='2' AIRFLOW_CTX_DAG_RUN_ID='scheduled__2024-09-10T12:55:00+00:00'
[2024-09-10T13:35:47.789+0000] {taskinstance.py:731} INFO - ::endgroup::
[2024-09-10T13:35:49.003+0000] {logging_mixin.py:190} INFO - Anomalies textuelles corrigées avec succès dans la table Transactions.
[2024-09-10T13:35:49.007+0000] {python.py:240} INFO - Done. Returned value was: None
[2024-09-10T13:35:50.128+0000] {taskinstance.py:340} INFO - ::group::Post task execution logs
[2024-09-10T13:35:50.133+0000] {taskinstance.py:352} INFO - Marking task as SUCCESS. dag_id=correction_Dag_no_NumericValues, task_id=Correct_Non_numeric_Quantity, run_id=scheduled__2024-09-10T12:55:00+00:00, execution_date=20240910T125500, start_date=20240910T133536, end_date=20240910T133550
[2024-09-10T13:35:50.309+0000] {local_task_job_runner.py:266} INFO - Task exited with return code 0
[2024-09-10T13:35:51.923+0000] {standard_task_runner.py:217} INFO - Process not found (most likely exited), stop collecting metrics
[2024-09-10T13:35:52.756+0000] {taskinstance.py:3900} INFO - 0 downstream tasks scheduled from follow-on schedule check
[2024-09-10T13:35:52.781+0000] {local_task_job_runner.py:245} INFO - ::endgroup::
