[2024-09-13T18:50:51.943+0000] {local_task_job_runner.py:123} INFO - ::group::Pre task execution logs
[2024-09-13T18:50:54.451+0000] {taskinstance.py:2612} INFO - Dependencies all met for dep_context=non-requeueable deps ti=<TaskInstance: dag_Null_Value_inAll_Tables.run_anomaly_detection scheduled__2024-09-13T18:30:00+00:00 [queued]>
[2024-09-13T18:50:54.524+0000] {taskinstance.py:2612} INFO - Dependencies all met for dep_context=requeueable deps ti=<TaskInstance: dag_Null_Value_inAll_Tables.run_anomaly_detection scheduled__2024-09-13T18:30:00+00:00 [queued]>
[2024-09-13T18:50:54.528+0000] {taskinstance.py:2865} INFO - Starting attempt 2 of 2
[2024-09-13T18:50:54.643+0000] {taskinstance.py:2888} INFO - Executing <Task(PythonOperator): run_anomaly_detection> on 2024-09-13 18:30:00+00:00
[2024-09-13T18:50:54.774+0000] {logging_mixin.py:190} WARNING - /home/airflow/.local/lib/python3.12/site-packages/airflow/task/task_runner/standard_task_runner.py:70 DeprecationWarning: This process (pid=44635) is multi-threaded, use of fork() may lead to deadlocks in the child.
[2024-09-13T18:50:54.777+0000] {standard_task_runner.py:72} INFO - Started process 44661 to run task
[2024-09-13T18:50:54.785+0000] {standard_task_runner.py:104} INFO - Running: ['airflow', 'tasks', 'run', 'dag_Null_Value_inAll_Tables', 'run_anomaly_detection', 'scheduled__2024-09-13T18:30:00+00:00', '--job-id', '3186', '--raw', '--subdir', 'DAGS_FOLDER/dag_Null_Value_inAll_Tables.py', '--cfg-path', '/tmp/tmpcg5dlncn']
[2024-09-13T18:50:54.798+0000] {standard_task_runner.py:105} INFO - Job 3186: Subtask run_anomaly_detection
[2024-09-13T18:50:58.285+0000] {task_command.py:467} INFO - Running <TaskInstance: dag_Null_Value_inAll_Tables.run_anomaly_detection scheduled__2024-09-13T18:30:00+00:00 [running]> on host 7403e816bcf5
[2024-09-13T18:51:01.329+0000] {job.py:229} INFO - Heartbeat recovered after 13.36 seconds
[2024-09-13T18:51:02.255+0000] {taskinstance.py:3131} INFO - Exporting env vars: AIRFLOW_CTX_DAG_OWNER='airflow' AIRFLOW_CTX_DAG_ID='dag_Null_Value_inAll_Tables' AIRFLOW_CTX_TASK_ID='run_anomaly_detection' AIRFLOW_CTX_EXECUTION_DATE='2024-09-13T18:30:00+00:00' AIRFLOW_CTX_TRY_NUMBER='2' AIRFLOW_CTX_DAG_RUN_ID='scheduled__2024-09-13T18:30:00+00:00'
[2024-09-13T18:51:02.287+0000] {taskinstance.py:731} INFO - ::endgroup::
[2024-09-13T18:51:11.682+0000] {python.py:240} INFO - Done. Returned value was: None
[2024-09-13T18:51:11.884+0000] {taskinstance.py:340} INFO - ::group::Post task execution logs
[2024-09-13T18:51:11.886+0000] {taskinstance.py:352} INFO - Marking task as SUCCESS. dag_id=dag_Null_Value_inAll_Tables, task_id=run_anomaly_detection, run_id=scheduled__2024-09-13T18:30:00+00:00, execution_date=20240913T183000, start_date=20240913T185054, end_date=20240913T185111
[2024-09-13T18:51:12.016+0000] {local_task_job_runner.py:266} INFO - Task exited with return code 0
[2024-09-13T18:51:12.736+0000] {taskinstance.py:3900} INFO - 0 downstream tasks scheduled from follow-on schedule check
[2024-09-13T18:51:12.775+0000] {local_task_job_runner.py:245} INFO - ::endgroup::
[2024-09-13T18:51:14.809+0000] {standard_task_runner.py:217} INFO - Process not found (most likely exited), stop collecting metrics
