[2024-09-11T14:10:11.422+0000] {local_task_job_runner.py:123} INFO - ::group::Pre task execution logs
[2024-09-11T14:10:12.463+0000] {taskinstance.py:2612} INFO - Dependencies all met for dep_context=non-requeueable deps ti=<TaskInstance: correction_Dag_Valeu_NULL.correct_transactions_anomalies scheduled__2024-09-11T14:05:00+00:00 [queued]>
[2024-09-11T14:10:12.849+0000] {taskinstance.py:2612} INFO - Dependencies all met for dep_context=requeueable deps ti=<TaskInstance: correction_Dag_Valeu_NULL.correct_transactions_anomalies scheduled__2024-09-11T14:05:00+00:00 [queued]>
[2024-09-11T14:10:12.856+0000] {taskinstance.py:2865} INFO - Starting attempt 1 of 2
[2024-09-11T14:10:13.127+0000] {taskinstance.py:2888} INFO - Executing <Task(PythonOperator): correct_transactions_anomalies> on 2024-09-11 14:05:00+00:00
[2024-09-11T14:10:13.365+0000] {standard_task_runner.py:104} INFO - Running: ['airflow', 'tasks', 'run', 'correction_Dag_Valeu_NULL', 'correct_transactions_anomalies', 'scheduled__2024-09-11T14:05:00+00:00', '--job-id', '745', '--raw', '--subdir', 'DAGS_FOLDER/Correction_dag_Valeur_NULL.py', '--cfg-path', '/tmp/tmpdoinfp6s']
[2024-09-11T14:10:13.470+0000] {standard_task_runner.py:105} INFO - Job 745: Subtask correct_transactions_anomalies
[2024-09-11T14:10:13.891+0000] {logging_mixin.py:190} WARNING - /home/airflow/.local/lib/python3.12/site-packages/airflow/task/task_runner/standard_task_runner.py:70 DeprecationWarning: This process (pid=8815) is multi-threaded, use of fork() may lead to deadlocks in the child.
[2024-09-11T14:10:13.909+0000] {standard_task_runner.py:72} INFO - Started process 8838 to run task
[2024-09-11T14:10:16.187+0000] {task_command.py:467} INFO - Running <TaskInstance: correction_Dag_Valeu_NULL.correct_transactions_anomalies scheduled__2024-09-11T14:05:00+00:00 [running]> on host 180117ed1726
[2024-09-11T14:10:20.103+0000] {taskinstance.py:3131} INFO - Exporting env vars: AIRFLOW_CTX_DAG_OWNER='airflow' AIRFLOW_CTX_DAG_ID='correction_Dag_Valeu_NULL' AIRFLOW_CTX_TASK_ID='correct_transactions_anomalies' AIRFLOW_CTX_EXECUTION_DATE='2024-09-11T14:05:00+00:00' AIRFLOW_CTX_TRY_NUMBER='1' AIRFLOW_CTX_DAG_RUN_ID='scheduled__2024-09-11T14:05:00+00:00'
[2024-09-11T14:10:20.128+0000] {taskinstance.py:731} INFO - ::endgroup::
[2024-09-11T14:10:20.375+0000] {job.py:229} INFO - Heartbeat recovered after 16.81 seconds
[2024-09-11T14:10:21.923+0000] {logging_mixin.py:190} INFO - Correction des anomalies dans la table Transactions réussie.
[2024-09-11T14:10:21.932+0000] {python.py:240} INFO - Done. Returned value was: None
[2024-09-11T14:10:22.805+0000] {taskinstance.py:340} INFO - ::group::Post task execution logs
[2024-09-11T14:10:22.808+0000] {taskinstance.py:352} INFO - Marking task as SUCCESS. dag_id=correction_Dag_Valeu_NULL, task_id=correct_transactions_anomalies, run_id=scheduled__2024-09-11T14:05:00+00:00, execution_date=20240911T140500, start_date=20240911T141012, end_date=20240911T141022
[2024-09-11T14:10:23.520+0000] {local_task_job_runner.py:266} INFO - Task exited with return code 0
[2024-09-11T14:10:24.245+0000] {taskinstance.py:3900} INFO - 0 downstream tasks scheduled from follow-on schedule check
[2024-09-11T14:10:24.251+0000] {local_task_job_runner.py:245} INFO - ::endgroup::
[2024-09-11T14:10:24.342+0000] {standard_task_runner.py:217} INFO - Process not found (most likely exited), stop collecting metrics
