[2024-09-11T14:25:04.292+0000] {local_task_job_runner.py:123} INFO - ::group::Pre task execution logs
[2024-09-11T14:25:04.531+0000] {taskinstance.py:2612} INFO - Dependencies all met for dep_context=non-requeueable deps ti=<TaskInstance: Correction_dag_high_total_amount.Correction_dag_high_total_amount scheduled__2024-09-11T14:20:00+00:00 [queued]>
[2024-09-11T14:25:04.569+0000] {taskinstance.py:2612} INFO - Dependencies all met for dep_context=requeueable deps ti=<TaskInstance: Correction_dag_high_total_amount.Correction_dag_high_total_amount scheduled__2024-09-11T14:20:00+00:00 [queued]>
[2024-09-11T14:25:04.570+0000] {taskinstance.py:2865} INFO - Starting attempt 1 of 2
[2024-09-11T14:25:04.637+0000] {taskinstance.py:2888} INFO - Executing <Task(PythonOperator): Correction_dag_high_total_amount> on 2024-09-11 14:20:00+00:00
[2024-09-11T14:25:04.690+0000] {standard_task_runner.py:104} INFO - Running: ['airflow', 'tasks', 'run', 'Correction_dag_high_total_amount', 'Correction_dag_high_total_amount', 'scheduled__2024-09-11T14:20:00+00:00', '--job-id', '779', '--raw', '--subdir', 'DAGS_FOLDER/Correction_dag_high_total_amount.py', '--cfg-path', '/tmp/tmp77yg51gc']
[2024-09-11T14:25:04.792+0000] {standard_task_runner.py:105} INFO - Job 779: Subtask Correction_dag_high_total_amount
[2024-09-11T14:25:04.885+0000] {logging_mixin.py:190} WARNING - /home/airflow/.local/lib/python3.12/site-packages/airflow/task/task_runner/standard_task_runner.py:70 DeprecationWarning: This process (pid=11141) is multi-threaded, use of fork() may lead to deadlocks in the child.
[2024-09-11T14:25:04.887+0000] {standard_task_runner.py:72} INFO - Started process 11166 to run task
[2024-09-11T14:25:07.098+0000] {task_command.py:467} INFO - Running <TaskInstance: Correction_dag_high_total_amount.Correction_dag_high_total_amount scheduled__2024-09-11T14:20:00+00:00 [running]> on host 180117ed1726
[2024-09-11T14:25:12.143+0000] {taskinstance.py:3131} INFO - Exporting env vars: AIRFLOW_CTX_DAG_OWNER='airflow' AIRFLOW_CTX_DAG_ID='Correction_dag_high_total_amount' AIRFLOW_CTX_TASK_ID='Correction_dag_high_total_amount' AIRFLOW_CTX_EXECUTION_DATE='2024-09-11T14:20:00+00:00' AIRFLOW_CTX_TRY_NUMBER='1' AIRFLOW_CTX_DAG_RUN_ID='scheduled__2024-09-11T14:20:00+00:00'
[2024-09-11T14:25:12.162+0000] {taskinstance.py:731} INFO - ::endgroup::
[2024-09-11T14:25:12.503+0000] {logging_mixin.py:190} INFO - Les anomalies ont été corrigées dans la base de données.
[2024-09-11T14:25:12.520+0000] {python.py:240} INFO - Done. Returned value was: None
[2024-09-11T14:25:14.572+0000] {taskinstance.py:340} INFO - ::group::Post task execution logs
[2024-09-11T14:25:14.575+0000] {taskinstance.py:352} INFO - Marking task as SUCCESS. dag_id=Correction_dag_high_total_amount, task_id=Correction_dag_high_total_amount, run_id=scheduled__2024-09-11T14:20:00+00:00, execution_date=20240911T142000, start_date=20240911T142504, end_date=20240911T142514
[2024-09-11T14:25:14.872+0000] {local_task_job_runner.py:266} INFO - Task exited with return code 0
[2024-09-11T14:25:15.136+0000] {standard_task_runner.py:217} INFO - Process not found (most likely exited), stop collecting metrics
[2024-09-11T14:25:16.602+0000] {taskinstance.py:3900} INFO - 0 downstream tasks scheduled from follow-on schedule check
[2024-09-11T14:25:16.617+0000] {local_task_job_runner.py:245} INFO - ::endgroup::
