[2024-09-13T14:30:19.063+0000] {local_task_job_runner.py:123} INFO - ::group::Pre task execution logs
[2024-09-13T14:30:20.218+0000] {taskinstance.py:2612} INFO - Dependencies all met for dep_context=non-requeueable deps ti=<TaskInstance: Dag_NegativeQuantity_andTotalAmount.run_anomaly_detection scheduled__2024-09-13T14:25:00+00:00 [queued]>
[2024-09-13T14:30:20.307+0000] {taskinstance.py:2612} INFO - Dependencies all met for dep_context=requeueable deps ti=<TaskInstance: Dag_NegativeQuantity_andTotalAmount.run_anomaly_detection scheduled__2024-09-13T14:25:00+00:00 [queued]>
[2024-09-13T14:30:20.312+0000] {taskinstance.py:2865} INFO - Starting attempt 1 of 2
[2024-09-13T14:30:20.476+0000] {taskinstance.py:2888} INFO - Executing <Task(PythonOperator): run_anomaly_detection> on 2024-09-13 14:25:00+00:00
[2024-09-13T14:30:20.522+0000] {logging_mixin.py:190} WARNING - /home/airflow/.local/lib/python3.12/site-packages/airflow/task/task_runner/standard_task_runner.py:70 DeprecationWarning: This process (pid=3730) is multi-threaded, use of fork() may lead to deadlocks in the child.
[2024-09-13T14:30:20.525+0000] {standard_task_runner.py:72} INFO - Started process 3790 to run task
[2024-09-13T14:30:20.521+0000] {standard_task_runner.py:104} INFO - Running: ['airflow', 'tasks', 'run', 'Dag_NegativeQuantity_andTotalAmount', 'run_anomaly_detection', 'scheduled__2024-09-13T14:25:00+00:00', '--job-id', '2488', '--raw', '--subdir', 'DAGS_FOLDER/Dag_NegativeQuantity_andTotalAmount.py', '--cfg-path', '/tmp/tmpoltlodit']
[2024-09-13T14:30:20.530+0000] {standard_task_runner.py:105} INFO - Job 2488: Subtask run_anomaly_detection
[2024-09-13T14:30:21.921+0000] {task_command.py:467} INFO - Running <TaskInstance: Dag_NegativeQuantity_andTotalAmount.run_anomaly_detection scheduled__2024-09-13T14:25:00+00:00 [running]> on host 7403e816bcf5
[2024-09-13T14:30:23.840+0000] {taskinstance.py:3131} INFO - Exporting env vars: AIRFLOW_CTX_DAG_OWNER='airflow' AIRFLOW_CTX_DAG_ID='Dag_NegativeQuantity_andTotalAmount' AIRFLOW_CTX_TASK_ID='run_anomaly_detection' AIRFLOW_CTX_EXECUTION_DATE='2024-09-13T14:25:00+00:00' AIRFLOW_CTX_TRY_NUMBER='1' AIRFLOW_CTX_DAG_RUN_ID='scheduled__2024-09-13T14:25:00+00:00'
[2024-09-13T14:30:23.843+0000] {taskinstance.py:731} INFO - ::endgroup::
[2024-09-13T14:30:27.643+0000] {job.py:229} INFO - Heartbeat recovered after 11.91 seconds
[2024-09-13T14:30:28.792+0000] {python.py:240} INFO - Done. Returned value was: None
[2024-09-13T14:30:29.764+0000] {taskinstance.py:340} INFO - ::group::Post task execution logs
[2024-09-13T14:30:29.765+0000] {taskinstance.py:352} INFO - Marking task as SUCCESS. dag_id=Dag_NegativeQuantity_andTotalAmount, task_id=run_anomaly_detection, run_id=scheduled__2024-09-13T14:25:00+00:00, execution_date=20240913T142500, start_date=20240913T143020, end_date=20240913T143029
[2024-09-13T14:30:29.895+0000] {local_task_job_runner.py:266} INFO - Task exited with return code 0
[2024-09-13T14:30:30.439+0000] {taskinstance.py:3900} INFO - 0 downstream tasks scheduled from follow-on schedule check
[2024-09-13T14:30:30.446+0000] {local_task_job_runner.py:245} INFO - ::endgroup::
[2024-09-13T14:30:30.523+0000] {standard_task_runner.py:217} INFO - Process not found (most likely exited), stop collecting metrics
