[2024-09-13T18:00:26.510+0000] {local_task_job_runner.py:123} INFO - ::group::Pre task execution logs
[2024-09-13T18:00:30.673+0000] {taskinstance.py:2612} INFO - Dependencies all met for dep_context=non-requeueable deps ti=<TaskInstance: correction_Dag_1FN.correct_1nf_violations scheduled__2024-09-13T17:55:00+00:00 [queued]>
[2024-09-13T18:00:31.102+0000] {taskinstance.py:2612} INFO - Dependencies all met for dep_context=requeueable deps ti=<TaskInstance: correction_Dag_1FN.correct_1nf_violations scheduled__2024-09-13T17:55:00+00:00 [queued]>
[2024-09-13T18:00:31.114+0000] {taskinstance.py:2865} INFO - Starting attempt 1 of 2
[2024-09-13T18:00:34.668+0000] {taskinstance.py:2888} INFO - Executing <Task(PythonOperator): correct_1nf_violations> on 2024-09-13 17:55:00+00:00
[2024-09-13T18:00:35.276+0000] {logging_mixin.py:190} WARNING - /home/airflow/.local/lib/python3.12/site-packages/airflow/task/task_runner/standard_task_runner.py:70 DeprecationWarning: This process (pid=36807) is multi-threaded, use of fork() may lead to deadlocks in the child.
[2024-09-13T18:00:35.299+0000] {standard_task_runner.py:72} INFO - Started process 36858 to run task
[2024-09-13T18:00:35.368+0000] {standard_task_runner.py:104} INFO - Running: ['airflow', 'tasks', 'run', 'correction_Dag_1FN', 'correct_1nf_violations', 'scheduled__2024-09-13T17:55:00+00:00', '--job-id', '3037', '--raw', '--subdir', 'DAGS_FOLDER/Correction_dag_1FN.py', '--cfg-path', '/tmp/tmp_5mcm3ql']
[2024-09-13T18:00:35.646+0000] {standard_task_runner.py:105} INFO - Job 3037: Subtask correct_1nf_violations
[2024-09-13T18:00:46.465+0000] {job.py:229} INFO - Heartbeat recovered after 31.04 seconds
[2024-09-13T18:00:49.404+0000] {task_command.py:467} INFO - Running <TaskInstance: correction_Dag_1FN.correct_1nf_violations scheduled__2024-09-13T17:55:00+00:00 [running]> on host 7403e816bcf5
[2024-09-13T18:00:57.786+0000] {job.py:229} INFO - Heartbeat recovered after 11.53 seconds
[2024-09-13T18:01:14.015+0000] {job.py:229} INFO - Heartbeat recovered after 16.37 seconds
[2024-09-13T18:01:16.701+0000] {taskinstance.py:3131} INFO - Exporting env vars: AIRFLOW_CTX_DAG_OWNER='airflow' AIRFLOW_CTX_DAG_ID='correction_Dag_1FN' AIRFLOW_CTX_TASK_ID='correct_1nf_violations' AIRFLOW_CTX_EXECUTION_DATE='2024-09-13T17:55:00+00:00' AIRFLOW_CTX_TRY_NUMBER='1' AIRFLOW_CTX_DAG_RUN_ID='scheduled__2024-09-13T17:55:00+00:00'
[2024-09-13T18:01:18.108+0000] {taskinstance.py:731} INFO - ::endgroup::
[2024-09-13T18:01:25.919+0000] {logging_mixin.py:190} INFO - Erreur lors de la correction des anomalies : cannot drop table orders because other objects depend on it
DETAIL:  constraint orderdetails_order_id_fkey on table orderdetails depends on table orders
HINT:  Use DROP ... CASCADE to drop the dependent objects too.
[2024-09-13T18:01:25.921+0000] {python.py:240} INFO - Done. Returned value was: None
[2024-09-13T18:01:28.558+0000] {job.py:229} INFO - Heartbeat recovered after 15.39 seconds
[2024-09-13T18:01:29.876+0000] {taskinstance.py:340} INFO - ::group::Post task execution logs
[2024-09-13T18:01:29.931+0000] {taskinstance.py:352} INFO - Marking task as SUCCESS. dag_id=correction_Dag_1FN, task_id=correct_1nf_violations, run_id=scheduled__2024-09-13T17:55:00+00:00, execution_date=20240913T175500, start_date=20240913T180030, end_date=20240913T180129
[2024-09-13T18:01:32.373+0000] {local_task_job_runner.py:266} INFO - Task exited with return code 0
[2024-09-13T18:01:35.997+0000] {standard_task_runner.py:217} INFO - Process not found (most likely exited), stop collecting metrics
[2024-09-13T18:01:37.654+0000] {local_task_job_runner.py:245} INFO - ::endgroup::
