[2024-09-13T17:01:10.563+0000] {local_task_job_runner.py:123} INFO - ::group::Pre task execution logs
[2024-09-13T17:01:14.446+0000] {taskinstance.py:2612} INFO - Dependencies all met for dep_context=non-requeueable deps ti=<TaskInstance: welcome_dag.print_welcome scheduled__2024-09-13T17:00:18+00:00 [queued]>
[2024-09-13T17:01:14.723+0000] {taskinstance.py:2612} INFO - Dependencies all met for dep_context=requeueable deps ti=<TaskInstance: welcome_dag.print_welcome scheduled__2024-09-13T17:00:18+00:00 [queued]>
[2024-09-13T17:01:14.750+0000] {taskinstance.py:2865} INFO - Starting attempt 1 of 1
[2024-09-13T17:01:15.213+0000] {taskinstance.py:2888} INFO - Executing <Task(PythonOperator): print_welcome> on 2024-09-13 17:00:18+00:00
[2024-09-13T17:01:15.872+0000] {logging_mixin.py:190} WARNING - /home/airflow/.local/lib/python3.12/site-packages/airflow/task/task_runner/standard_task_runner.py:70 DeprecationWarning: This process (pid=27774) is multi-threaded, use of fork() may lead to deadlocks in the child.
[2024-09-13T17:01:16.035+0000] {standard_task_runner.py:72} INFO - Started process 27816 to run task
[2024-09-13T17:01:16.045+0000] {standard_task_runner.py:104} INFO - Running: ['airflow', 'tasks', 'run', 'welcome_dag', 'print_welcome', 'scheduled__2024-09-13T17:00:18+00:00', '--job-id', '2887', '--raw', '--subdir', 'DAGS_FOLDER/Awelcome_dags.py', '--cfg-path', '/tmp/tmpoh_b9j49']
[2024-09-13T17:01:16.519+0000] {standard_task_runner.py:105} INFO - Job 2887: Subtask print_welcome
[2024-09-13T17:01:24.122+0000] {task_command.py:467} INFO - Running <TaskInstance: welcome_dag.print_welcome scheduled__2024-09-13T17:00:18+00:00 [running]> on host 7403e816bcf5
[2024-09-13T17:01:44.210+0000] {job.py:229} INFO - Heartbeat recovered after 51.20 seconds
[2024-09-13T17:01:56.979+0000] {taskinstance.py:3131} INFO - Exporting env vars: AIRFLOW_CTX_DAG_OWNER='airflow' AIRFLOW_CTX_DAG_ID='welcome_dag' AIRFLOW_CTX_TASK_ID='print_welcome' AIRFLOW_CTX_EXECUTION_DATE='2024-09-13T17:00:18+00:00' AIRFLOW_CTX_TRY_NUMBER='1' AIRFLOW_CTX_DAG_RUN_ID='scheduled__2024-09-13T17:00:18+00:00'
[2024-09-13T17:01:57.086+0000] {taskinstance.py:731} INFO - ::endgroup::
[2024-09-13T17:01:57.102+0000] {job.py:229} INFO - Heartbeat recovered after 13.14 seconds
[2024-09-13T17:01:57.925+0000] {logging_mixin.py:190} INFO - Welcome to Airflow!
[2024-09-13T17:01:57.932+0000] {python.py:240} INFO - Done. Returned value was: None
[2024-09-13T17:02:00.683+0000] {taskinstance.py:340} INFO - ::group::Post task execution logs
[2024-09-13T17:02:00.721+0000] {taskinstance.py:352} INFO - Marking task as SUCCESS. dag_id=welcome_dag, task_id=print_welcome, run_id=scheduled__2024-09-13T17:00:18+00:00, execution_date=20240913T170018, start_date=20240913T170114, end_date=20240913T170200
[2024-09-13T17:02:03.563+0000] {local_task_job_runner.py:266} INFO - Task exited with return code 0
[2024-09-13T17:02:05.208+0000] {local_task_job_runner.py:245} INFO - ::endgroup::
[2024-09-13T17:02:06.564+0000] {standard_task_runner.py:217} INFO - Process not found (most likely exited), stop collecting metrics
