[2024-09-11T00:45:38.233+0000] {local_task_job_runner.py:123} INFO - ::group::Pre task execution logs
[2024-09-11T00:45:39.520+0000] {taskinstance.py:2612} INFO - Dependencies all met for dep_context=non-requeueable deps ti=<TaskInstance: dag_detect_excessively_high_total_amount.run_anomaly_detection scheduled__2024-09-11T00:30:00+00:00 [queued]>
[2024-09-11T00:45:39.589+0000] {taskinstance.py:2612} INFO - Dependencies all met for dep_context=requeueable deps ti=<TaskInstance: dag_detect_excessively_high_total_amount.run_anomaly_detection scheduled__2024-09-11T00:30:00+00:00 [queued]>
[2024-09-11T00:45:39.596+0000] {taskinstance.py:2865} INFO - Starting attempt 1 of 2
[2024-09-11T00:45:39.811+0000] {taskinstance.py:2888} INFO - Executing <Task(PythonOperator): run_anomaly_detection> on 2024-09-11 00:30:00+00:00
[2024-09-11T00:45:40.001+0000] {logging_mixin.py:190} WARNING - /home/airflow/.local/lib/python3.12/site-packages/airflow/task/task_runner/standard_task_runner.py:70 DeprecationWarning: This process (pid=5997) is multi-threaded, use of fork() may lead to deadlocks in the child.
[2024-09-11T00:45:40.000+0000] {standard_task_runner.py:104} INFO - Running: ['airflow', 'tasks', 'run', 'dag_detect_excessively_high_total_amount', 'run_anomaly_detection', 'scheduled__2024-09-11T00:30:00+00:00', '--job-id', '384', '--raw', '--subdir', 'DAGS_FOLDER/dag_detect_excessively_high_total_amount.py', '--cfg-path', '/tmp/tmp3dzirtfb']
[2024-09-11T00:45:40.018+0000] {standard_task_runner.py:105} INFO - Job 384: Subtask run_anomaly_detection
[2024-09-11T00:45:40.010+0000] {standard_task_runner.py:72} INFO - Started process 6045 to run task
[2024-09-11T00:45:43.693+0000] {task_command.py:467} INFO - Running <TaskInstance: dag_detect_excessively_high_total_amount.run_anomaly_detection scheduled__2024-09-11T00:30:00+00:00 [running]> on host 5cd9362923f6
[2024-09-11T00:45:46.494+0000] {job.py:229} INFO - Heartbeat recovered after 13.51 seconds
[2024-09-11T00:45:47.097+0000] {taskinstance.py:3131} INFO - Exporting env vars: AIRFLOW_CTX_DAG_OWNER='airflow' AIRFLOW_CTX_DAG_ID='dag_detect_excessively_high_total_amount' AIRFLOW_CTX_TASK_ID='run_anomaly_detection' AIRFLOW_CTX_EXECUTION_DATE='2024-09-11T00:30:00+00:00' AIRFLOW_CTX_TRY_NUMBER='1' AIRFLOW_CTX_DAG_RUN_ID='scheduled__2024-09-11T00:30:00+00:00'
[2024-09-11T00:45:47.101+0000] {taskinstance.py:731} INFO - ::endgroup::
[2024-09-11T00:45:47.157+0000] {dag_detect_excessively_high_total_amount.py:118} INFO - Starting anomaly detection process
[2024-09-11T00:45:49.897+0000] {dag_detect_excessively_high_total_amount.py:124} INFO - Loaded 15 transactions and 4 products
[2024-09-11T00:45:49.975+0000] {dag_detect_excessively_high_total_amount.py:127} INFO - Detected 0 anomalies
[2024-09-11T00:45:51.234+0000] {dag_detect_excessively_high_total_amount.py:111} INFO - Inserted 0 new anomalies.
[2024-09-11T00:45:51.236+0000] {dag_detect_excessively_high_total_amount.py:130} INFO - Anomaly detection process completed successfully
[2024-09-11T00:45:51.241+0000] {python.py:240} INFO - Done. Returned value was: None
[2024-09-11T00:45:51.610+0000] {taskinstance.py:340} INFO - ::group::Post task execution logs
[2024-09-11T00:45:51.611+0000] {taskinstance.py:352} INFO - Marking task as SUCCESS. dag_id=dag_detect_excessively_high_total_amount, task_id=run_anomaly_detection, run_id=scheduled__2024-09-11T00:30:00+00:00, execution_date=20240911T003000, start_date=20240911T004539, end_date=20240911T004551
[2024-09-11T00:45:51.728+0000] {local_task_job_runner.py:266} INFO - Task exited with return code 0
[2024-09-11T00:45:52.242+0000] {taskinstance.py:3900} INFO - 0 downstream tasks scheduled from follow-on schedule check
[2024-09-11T00:45:52.249+0000] {local_task_job_runner.py:245} INFO - ::endgroup::
