[2024-09-14T21:40:07.092+0000] {local_task_job_runner.py:123} INFO - ::group::Pre task execution logs
[2024-09-14T21:40:09.927+0000] {taskinstance.py:2612} INFO - Dependencies all met for dep_context=non-requeueable deps ti=<TaskInstance: correction_Dag_Valeu_NULL.correct_transactions_anomalies scheduled__2024-09-14T21:35:00+00:00 [queued]>
[2024-09-14T21:40:10.518+0000] {taskinstance.py:2612} INFO - Dependencies all met for dep_context=requeueable deps ti=<TaskInstance: correction_Dag_Valeu_NULL.correct_transactions_anomalies scheduled__2024-09-14T21:35:00+00:00 [queued]>
[2024-09-14T21:40:10.601+0000] {taskinstance.py:2865} INFO - Starting attempt 1 of 2
[2024-09-14T21:40:11.415+0000] {taskinstance.py:2888} INFO - Executing <Task(PythonOperator): correct_transactions_anomalies> on 2024-09-14 21:35:00+00:00
[2024-09-14T21:40:11.864+0000] {logging_mixin.py:190} WARNING - /home/airflow/.local/lib/python3.12/site-packages/airflow/task/task_runner/standard_task_runner.py:70 DeprecationWarning: This process (pid=7394) is multi-threaded, use of fork() may lead to deadlocks in the child.
[2024-09-14T21:40:11.878+0000] {standard_task_runner.py:72} INFO - Started process 7424 to run task
[2024-09-14T21:40:11.814+0000] {standard_task_runner.py:104} INFO - Running: ['airflow', 'tasks', 'run', 'correction_Dag_Valeu_NULL', 'correct_transactions_anomalies', 'scheduled__2024-09-14T21:35:00+00:00', '--job-id', '4732', '--raw', '--subdir', 'DAGS_FOLDER/Correction_dag_Valeur_NULL.py', '--cfg-path', '/tmp/tmpwjriz45z']
[2024-09-14T21:40:11.967+0000] {standard_task_runner.py:105} INFO - Job 4732: Subtask correct_transactions_anomalies
[2024-09-14T21:40:15.060+0000] {task_command.py:467} INFO - Running <TaskInstance: correction_Dag_Valeu_NULL.correct_transactions_anomalies scheduled__2024-09-14T21:35:00+00:00 [running]> on host 7403e816bcf5
[2024-09-14T21:40:17.955+0000] {job.py:229} INFO - Heartbeat recovered after 13.26 seconds
[2024-09-14T21:40:19.047+0000] {taskinstance.py:3131} INFO - Exporting env vars: AIRFLOW_CTX_DAG_OWNER='airflow' AIRFLOW_CTX_DAG_ID='correction_Dag_Valeu_NULL' AIRFLOW_CTX_TASK_ID='correct_transactions_anomalies' AIRFLOW_CTX_EXECUTION_DATE='2024-09-14T21:35:00+00:00' AIRFLOW_CTX_TRY_NUMBER='1' AIRFLOW_CTX_DAG_RUN_ID='scheduled__2024-09-14T21:35:00+00:00'
[2024-09-14T21:40:19.053+0000] {taskinstance.py:731} INFO - ::endgroup::
[2024-09-14T21:40:19.555+0000] {logging_mixin.py:190} INFO - Correction des anomalies dans la table Transactions réussie.
[2024-09-14T21:40:19.557+0000] {python.py:240} INFO - Done. Returned value was: None
[2024-09-14T21:40:20.000+0000] {taskinstance.py:340} INFO - ::group::Post task execution logs
[2024-09-14T21:40:20.002+0000] {taskinstance.py:352} INFO - Marking task as SUCCESS. dag_id=correction_Dag_Valeu_NULL, task_id=correct_transactions_anomalies, run_id=scheduled__2024-09-14T21:35:00+00:00, execution_date=20240914T213500, start_date=20240914T214009, end_date=20240914T214020
[2024-09-14T21:40:20.273+0000] {local_task_job_runner.py:266} INFO - Task exited with return code 0
[2024-09-14T21:40:20.830+0000] {local_task_job_runner.py:245} INFO - ::endgroup::
[2024-09-14T21:40:21.968+0000] {standard_task_runner.py:217} INFO - Process not found (most likely exited), stop collecting metrics
