[2024-09-13T13:00:14.652+0000] {local_task_job_runner.py:123} INFO - ::group::Pre task execution logs
[2024-09-13T13:00:18.573+0000] {taskinstance.py:2612} INFO - Dependencies all met for dep_context=non-requeueable deps ti=<TaskInstance: correction_Dag_Valeu_NULL.correct_transactions_anomalies scheduled__2024-09-13T12:55:00+00:00 [queued]>
[2024-09-13T13:00:18.795+0000] {taskinstance.py:2612} INFO - Dependencies all met for dep_context=requeueable deps ti=<TaskInstance: correction_Dag_Valeu_NULL.correct_transactions_anomalies scheduled__2024-09-13T12:55:00+00:00 [queued]>
[2024-09-13T13:00:18.812+0000] {taskinstance.py:2865} INFO - Starting attempt 1 of 2
[2024-09-13T13:00:19.548+0000] {taskinstance.py:2888} INFO - Executing <Task(PythonOperator): correct_transactions_anomalies> on 2024-09-13 12:55:00+00:00
[2024-09-13T13:00:21.813+0000] {standard_task_runner.py:104} INFO - Running: ['airflow', 'tasks', 'run', 'correction_Dag_Valeu_NULL', 'correct_transactions_anomalies', 'scheduled__2024-09-13T12:55:00+00:00', '--job-id', '2232', '--raw', '--subdir', 'DAGS_FOLDER/Correction_dag_Valeur_NULL.py', '--cfg-path', '/tmp/tmpheeija02']
[2024-09-13T13:00:22.197+0000] {standard_task_runner.py:105} INFO - Job 2232: Subtask correct_transactions_anomalies
[2024-09-13T13:00:22.308+0000] {logging_mixin.py:190} WARNING - /home/airflow/.local/lib/python3.12/site-packages/airflow/task/task_runner/standard_task_runner.py:70 DeprecationWarning: This process (pid=89262) is multi-threaded, use of fork() may lead to deadlocks in the child.
[2024-09-13T13:00:22.320+0000] {standard_task_runner.py:72} INFO - Started process 89300 to run task
[2024-09-13T13:00:30.388+0000] {task_command.py:467} INFO - Running <TaskInstance: correction_Dag_Valeu_NULL.correct_transactions_anomalies scheduled__2024-09-13T12:55:00+00:00 [running]> on host 7403e816bcf5
[2024-09-13T13:00:33.498+0000] {job.py:229} INFO - Heartbeat recovered after 25.64 seconds
[2024-09-13T13:00:44.093+0000] {job.py:229} INFO - Heartbeat recovered after 10.84 seconds
[2024-09-13T13:00:51.451+0000] {taskinstance.py:3131} INFO - Exporting env vars: AIRFLOW_CTX_DAG_OWNER='airflow' AIRFLOW_CTX_DAG_ID='correction_Dag_Valeu_NULL' AIRFLOW_CTX_TASK_ID='correct_transactions_anomalies' AIRFLOW_CTX_EXECUTION_DATE='2024-09-13T12:55:00+00:00' AIRFLOW_CTX_TRY_NUMBER='1' AIRFLOW_CTX_DAG_RUN_ID='scheduled__2024-09-13T12:55:00+00:00'
[2024-09-13T13:00:52.329+0000] {taskinstance.py:731} INFO - ::endgroup::
[2024-09-13T13:01:12.141+0000] {logging_mixin.py:190} INFO - Correction des anomalies dans la table Transactions réussie.
[2024-09-13T13:01:12.310+0000] {python.py:240} INFO - Done. Returned value was: None
[2024-09-13T13:01:18.663+0000] {taskinstance.py:340} INFO - ::group::Post task execution logs
[2024-09-13T13:01:18.710+0000] {taskinstance.py:352} INFO - Marking task as SUCCESS. dag_id=correction_Dag_Valeu_NULL, task_id=correct_transactions_anomalies, run_id=scheduled__2024-09-13T12:55:00+00:00, execution_date=20240913T125500, start_date=20240913T130018, end_date=20240913T130118
[2024-09-13T13:01:19.541+0000] {job.py:229} INFO - Heartbeat recovered after 35.54 seconds
[2024-09-13T13:01:21.300+0000] {local_task_job_runner.py:266} INFO - Task exited with return code 0
[2024-09-13T13:01:21.368+0000] {standard_task_runner.py:217} INFO - Process not found (most likely exited), stop collecting metrics
[2024-09-13T13:01:23.036+0000] {taskinstance.py:3900} INFO - 0 downstream tasks scheduled from follow-on schedule check
[2024-09-13T13:01:23.065+0000] {local_task_job_runner.py:245} INFO - ::endgroup::
