[2024-09-10T16:40:07.807+0000] {local_task_job_runner.py:123} INFO - ::group::Pre task execution logs
[2024-09-10T16:40:08.307+0000] {taskinstance.py:2612} INFO - Dependencies all met for dep_context=non-requeueable deps ti=<TaskInstance: Dag_Multiple_Transactions_in_Short_Timeframe.run_anomaly_detection scheduled__2024-09-10T16:35:00+00:00 [queued]>
[2024-09-10T16:40:08.332+0000] {taskinstance.py:2612} INFO - Dependencies all met for dep_context=requeueable deps ti=<TaskInstance: Dag_Multiple_Transactions_in_Short_Timeframe.run_anomaly_detection scheduled__2024-09-10T16:35:00+00:00 [queued]>
[2024-09-10T16:40:08.337+0000] {taskinstance.py:2865} INFO - Starting attempt 1 of 2
[2024-09-10T16:40:08.433+0000] {taskinstance.py:2888} INFO - Executing <Task(PythonOperator): run_anomaly_detection> on 2024-09-10 16:35:00+00:00
[2024-09-10T16:40:08.464+0000] {logging_mixin.py:190} WARNING - /home/airflow/.local/lib/python3.12/site-packages/airflow/task/task_runner/standard_task_runner.py:70 DeprecationWarning: This process (pid=25814) is multi-threaded, use of fork() may lead to deadlocks in the child.
[2024-09-10T16:40:08.462+0000] {standard_task_runner.py:104} INFO - Running: ['airflow', 'tasks', 'run', 'Dag_Multiple_Transactions_in_Short_Timeframe', 'run_anomaly_detection', 'scheduled__2024-09-10T16:35:00+00:00', '--job-id', '2736', '--raw', '--subdir', 'DAGS_FOLDER/Dag_MultipleTransactions-in-a-ShortTimeframe.py', '--cfg-path', '/tmp/tmps7bajdwz']
[2024-09-10T16:40:08.466+0000] {standard_task_runner.py:72} INFO - Started process 25851 to run task
[2024-09-10T16:40:08.467+0000] {standard_task_runner.py:105} INFO - Job 2736: Subtask run_anomaly_detection
[2024-09-10T16:40:09.777+0000] {task_command.py:467} INFO - Running <TaskInstance: Dag_Multiple_Transactions_in_Short_Timeframe.run_anomaly_detection scheduled__2024-09-10T16:35:00+00:00 [running]> on host 5f241b76205c
[2024-09-10T16:40:11.770+0000] {taskinstance.py:3131} INFO - Exporting env vars: AIRFLOW_CTX_DAG_OWNER='airflow' AIRFLOW_CTX_DAG_ID='Dag_Multiple_Transactions_in_Short_Timeframe' AIRFLOW_CTX_TASK_ID='run_anomaly_detection' AIRFLOW_CTX_EXECUTION_DATE='2024-09-10T16:35:00+00:00' AIRFLOW_CTX_TRY_NUMBER='1' AIRFLOW_CTX_DAG_RUN_ID='scheduled__2024-09-10T16:35:00+00:00'
[2024-09-10T16:40:11.776+0000] {taskinstance.py:731} INFO - ::endgroup::
[2024-09-10T16:40:13.024+0000] {logging_mixin.py:190} WARNING - /opt/airflow/dags/Dag_MultipleTransactions-in-a-ShortTimeframe.py:59 SettingWithCopyWarning:
A value is trying to be set on a copy of a slice from a DataFrame.
Try using .loc[row_indexer,col_indexer] = value instead

See the caveats in the documentation: https://pandas.pydata.org/pandas-docs/stable/user_guide/indexing.html#returning-a-view-versus-a-copy
[2024-09-10T16:40:13.036+0000] {logging_mixin.py:190} WARNING - /opt/airflow/dags/Dag_MultipleTransactions-in-a-ShortTimeframe.py:59 SettingWithCopyWarning:
A value is trying to be set on a copy of a slice from a DataFrame.
Try using .loc[row_indexer,col_indexer] = value instead

See the caveats in the documentation: https://pandas.pydata.org/pandas-docs/stable/user_guide/indexing.html#returning-a-view-versus-a-copy
[2024-09-10T16:40:13.051+0000] {logging_mixin.py:190} WARNING - /opt/airflow/dags/Dag_MultipleTransactions-in-a-ShortTimeframe.py:59 SettingWithCopyWarning:
A value is trying to be set on a copy of a slice from a DataFrame.
Try using .loc[row_indexer,col_indexer] = value instead

See the caveats in the documentation: https://pandas.pydata.org/pandas-docs/stable/user_guide/indexing.html#returning-a-view-versus-a-copy
[2024-09-10T16:40:13.062+0000] {logging_mixin.py:190} WARNING - /opt/airflow/dags/Dag_MultipleTransactions-in-a-ShortTimeframe.py:59 SettingWithCopyWarning:
A value is trying to be set on a copy of a slice from a DataFrame.
Try using .loc[row_indexer,col_indexer] = value instead

See the caveats in the documentation: https://pandas.pydata.org/pandas-docs/stable/user_guide/indexing.html#returning-a-view-versus-a-copy
[2024-09-10T16:40:13.071+0000] {logging_mixin.py:190} WARNING - /opt/airflow/dags/Dag_MultipleTransactions-in-a-ShortTimeframe.py:59 SettingWithCopyWarning:
A value is trying to be set on a copy of a slice from a DataFrame.
Try using .loc[row_indexer,col_indexer] = value instead

See the caveats in the documentation: https://pandas.pydata.org/pandas-docs/stable/user_guide/indexing.html#returning-a-view-versus-a-copy
[2024-09-10T16:40:13.081+0000] {logging_mixin.py:190} WARNING - /opt/airflow/dags/Dag_MultipleTransactions-in-a-ShortTimeframe.py:59 SettingWithCopyWarning:
A value is trying to be set on a copy of a slice from a DataFrame.
Try using .loc[row_indexer,col_indexer] = value instead

See the caveats in the documentation: https://pandas.pydata.org/pandas-docs/stable/user_guide/indexing.html#returning-a-view-versus-a-copy
[2024-09-10T16:40:13.090+0000] {logging_mixin.py:190} WARNING - /opt/airflow/dags/Dag_MultipleTransactions-in-a-ShortTimeframe.py:59 SettingWithCopyWarning:
A value is trying to be set on a copy of a slice from a DataFrame.
Try using .loc[row_indexer,col_indexer] = value instead

See the caveats in the documentation: https://pandas.pydata.org/pandas-docs/stable/user_guide/indexing.html#returning-a-view-versus-a-copy
[2024-09-10T16:40:13.101+0000] {logging_mixin.py:190} WARNING - /opt/airflow/dags/Dag_MultipleTransactions-in-a-ShortTimeframe.py:59 SettingWithCopyWarning:
A value is trying to be set on a copy of a slice from a DataFrame.
Try using .loc[row_indexer,col_indexer] = value instead

See the caveats in the documentation: https://pandas.pydata.org/pandas-docs/stable/user_guide/indexing.html#returning-a-view-versus-a-copy
[2024-09-10T16:40:13.114+0000] {logging_mixin.py:190} WARNING - /opt/airflow/dags/Dag_MultipleTransactions-in-a-ShortTimeframe.py:59 SettingWithCopyWarning:
A value is trying to be set on a copy of a slice from a DataFrame.
Try using .loc[row_indexer,col_indexer] = value instead

See the caveats in the documentation: https://pandas.pydata.org/pandas-docs/stable/user_guide/indexing.html#returning-a-view-versus-a-copy
[2024-09-10T16:40:13.124+0000] {logging_mixin.py:190} WARNING - /opt/airflow/dags/Dag_MultipleTransactions-in-a-ShortTimeframe.py:59 SettingWithCopyWarning:
A value is trying to be set on a copy of a slice from a DataFrame.
Try using .loc[row_indexer,col_indexer] = value instead

See the caveats in the documentation: https://pandas.pydata.org/pandas-docs/stable/user_guide/indexing.html#returning-a-view-versus-a-copy
[2024-09-10T16:40:13.134+0000] {logging_mixin.py:190} WARNING - /opt/airflow/dags/Dag_MultipleTransactions-in-a-ShortTimeframe.py:59 SettingWithCopyWarning:
A value is trying to be set on a copy of a slice from a DataFrame.
Try using .loc[row_indexer,col_indexer] = value instead

See the caveats in the documentation: https://pandas.pydata.org/pandas-docs/stable/user_guide/indexing.html#returning-a-view-versus-a-copy
[2024-09-10T16:40:13.145+0000] {logging_mixin.py:190} WARNING - /opt/airflow/dags/Dag_MultipleTransactions-in-a-ShortTimeframe.py:59 SettingWithCopyWarning:
A value is trying to be set on a copy of a slice from a DataFrame.
Try using .loc[row_indexer,col_indexer] = value instead

See the caveats in the documentation: https://pandas.pydata.org/pandas-docs/stable/user_guide/indexing.html#returning-a-view-versus-a-copy
[2024-09-10T16:40:13.152+0000] {Dag_MultipleTransactions-in-a-ShortTimeframe.py:123} INFO - No anomalies detected.
[2024-09-10T16:40:13.154+0000] {python.py:240} INFO - Done. Returned value was: None
[2024-09-10T16:40:13.660+0000] {taskinstance.py:340} INFO - ::group::Post task execution logs
[2024-09-10T16:40:13.662+0000] {taskinstance.py:352} INFO - Marking task as SUCCESS. dag_id=Dag_Multiple_Transactions_in_Short_Timeframe, task_id=run_anomaly_detection, run_id=scheduled__2024-09-10T16:35:00+00:00, execution_date=20240910T163500, start_date=20240910T164008, end_date=20240910T164013
[2024-09-10T16:40:14.371+0000] {local_task_job_runner.py:266} INFO - Task exited with return code 0
[2024-09-10T16:40:14.962+0000] {local_task_job_runner.py:245} INFO - ::endgroup::
