[2024-10-23T13:01:05.090+0000] {local_task_job_runner.py:123} INFO - ::group::Pre task execution logs
[2024-10-23T13:01:06.179+0000] {taskinstance.py:2612} INFO - Dependencies all met for dep_context=non-requeueable deps ti=<TaskInstance: welcome_dag.print_welcome scheduled__2024-10-23T13:00:57+00:00 [queued]>
[2024-10-23T13:01:06.224+0000] {taskinstance.py:2612} INFO - Dependencies all met for dep_context=requeueable deps ti=<TaskInstance: welcome_dag.print_welcome scheduled__2024-10-23T13:00:57+00:00 [queued]>
[2024-10-23T13:01:06.226+0000] {taskinstance.py:2865} INFO - Starting attempt 1 of 1
[2024-10-23T13:01:06.289+0000] {taskinstance.py:2888} INFO - Executing <Task(PythonOperator): print_welcome> on 2024-10-23 13:00:57+00:00
[2024-10-23T13:01:06.312+0000] {standard_task_runner.py:104} INFO - Running: ['airflow', 'tasks', 'run', 'welcome_dag', 'print_welcome', 'scheduled__2024-10-23T13:00:57+00:00', '--job-id', '6256', '--raw', '--subdir', 'DAGS_FOLDER/Awelcome_dags.py', '--cfg-path', '/tmp/tmp77wfbvp2']
[2024-10-23T13:01:06.329+0000] {standard_task_runner.py:105} INFO - Job 6256: Subtask print_welcome
[2024-10-23T13:01:06.440+0000] {logging_mixin.py:190} WARNING - /home/airflow/.local/lib/python3.12/site-packages/airflow/task/task_runner/standard_task_runner.py:70 DeprecationWarning: This process (pid=9915) is multi-threaded, use of fork() may lead to deadlocks in the child.
[2024-10-23T13:01:06.442+0000] {standard_task_runner.py:72} INFO - Started process 9956 to run task
[2024-10-23T13:01:11.542+0000] {task_command.py:467} INFO - Running <TaskInstance: welcome_dag.print_welcome scheduled__2024-10-23T13:00:57+00:00 [running]> on host 696ca67245ce
[2024-10-23T13:01:14.568+0000] {taskinstance.py:3131} INFO - Exporting env vars: AIRFLOW_CTX_DAG_OWNER='airflow' AIRFLOW_CTX_DAG_ID='welcome_dag' AIRFLOW_CTX_TASK_ID='print_welcome' AIRFLOW_CTX_EXECUTION_DATE='2024-10-23T13:00:57+00:00' AIRFLOW_CTX_TRY_NUMBER='1' AIRFLOW_CTX_DAG_RUN_ID='scheduled__2024-10-23T13:00:57+00:00'
[2024-10-23T13:01:14.571+0000] {taskinstance.py:731} INFO - ::endgroup::
[2024-10-23T13:01:14.614+0000] {logging_mixin.py:190} INFO - Welcome to Airflow!
[2024-10-23T13:01:14.616+0000] {python.py:240} INFO - Done. Returned value was: None
[2024-10-23T13:01:15.252+0000] {taskinstance.py:340} INFO - ::group::Post task execution logs
[2024-10-23T13:01:15.253+0000] {taskinstance.py:352} INFO - Marking task as SUCCESS. dag_id=welcome_dag, task_id=print_welcome, run_id=scheduled__2024-10-23T13:00:57+00:00, execution_date=20241023T130057, start_date=20241023T130106, end_date=20241023T130115
[2024-10-23T13:01:15.772+0000] {local_task_job_runner.py:266} INFO - Task exited with return code 0
[2024-10-23T13:01:16.477+0000] {standard_task_runner.py:217} INFO - Process not found (most likely exited), stop collecting metrics
[2024-10-23T13:01:16.845+0000] {taskinstance.py:3900} INFO - 0 downstream tasks scheduled from follow-on schedule check
[2024-10-23T13:01:16.859+0000] {local_task_job_runner.py:245} INFO - ::endgroup::
