[2024-09-08T15:01:11.915+0000] {local_task_job_runner.py:123} INFO - ::group::Pre task execution logs
[2024-09-08T15:01:14.863+0000] {taskinstance.py:2612} INFO - Dependencies all met for dep_context=non-requeueable deps ti=<TaskInstance: welcome_dag.print_welcome scheduled__2024-09-08T15:00:30+00:00 [queued]>
[2024-09-08T15:01:15.107+0000] {taskinstance.py:2612} INFO - Dependencies all met for dep_context=requeueable deps ti=<TaskInstance: welcome_dag.print_welcome scheduled__2024-09-08T15:00:30+00:00 [queued]>
[2024-09-08T15:01:15.128+0000] {taskinstance.py:2865} INFO - Starting attempt 1 of 1
[2024-09-08T15:01:18.016+0000] {taskinstance.py:2888} INFO - Executing <Task(PythonOperator): print_welcome> on 2024-09-08 15:00:30+00:00
[2024-09-08T15:01:18.297+0000] {standard_task_runner.py:104} INFO - Running: ['airflow', 'tasks', 'run', 'welcome_dag', 'print_welcome', 'scheduled__2024-09-08T15:00:30+00:00', '--job-id', '1266', '--raw', '--subdir', 'DAGS_FOLDER/Awelcome_dags.py', '--cfg-path', '/tmp/tmp15nup8y6']
[2024-09-08T15:01:18.363+0000] {standard_task_runner.py:105} INFO - Job 1266: Subtask print_welcome
[2024-09-08T15:01:20.016+0000] {logging_mixin.py:190} WARNING - /home/airflow/.local/lib/python3.12/site-packages/airflow/task/task_runner/standard_task_runner.py:70 DeprecationWarning: This process (pid=32316) is multi-threaded, use of fork() may lead to deadlocks in the child.
[2024-09-08T15:01:20.047+0000] {standard_task_runner.py:72} INFO - Started process 32354 to run task
[2024-09-08T15:01:28.580+0000] {job.py:229} INFO - Heartbeat recovered after 23.64 seconds
[2024-09-08T15:01:28.969+0000] {task_command.py:467} INFO - Running <TaskInstance: welcome_dag.print_welcome scheduled__2024-09-08T15:00:30+00:00 [running]> on host 13d1dadf4f15
[2024-09-08T15:01:40.187+0000] {job.py:229} INFO - Heartbeat recovered after 11.73 seconds
[2024-09-08T15:01:41.521+0000] {taskinstance.py:3131} INFO - Exporting env vars: AIRFLOW_CTX_DAG_OWNER='airflow' AIRFLOW_CTX_DAG_ID='welcome_dag' AIRFLOW_CTX_TASK_ID='print_welcome' AIRFLOW_CTX_EXECUTION_DATE='2024-09-08T15:00:30+00:00' AIRFLOW_CTX_TRY_NUMBER='1' AIRFLOW_CTX_DAG_RUN_ID='scheduled__2024-09-08T15:00:30+00:00'
[2024-09-08T15:01:41.637+0000] {taskinstance.py:731} INFO - ::endgroup::
[2024-09-08T15:01:42.060+0000] {logging_mixin.py:190} INFO - Welcome to Airflow!
[2024-09-08T15:01:42.064+0000] {python.py:240} INFO - Done. Returned value was: None
[2024-09-08T15:01:44.376+0000] {taskinstance.py:340} INFO - ::group::Post task execution logs
[2024-09-08T15:01:44.394+0000] {taskinstance.py:352} INFO - Marking task as SUCCESS. dag_id=welcome_dag, task_id=print_welcome, run_id=scheduled__2024-09-08T15:00:30+00:00, execution_date=20240908T150030, start_date=20240908T150114, end_date=20240908T150144
[2024-09-08T15:01:45.235+0000] {local_task_job_runner.py:266} INFO - Task exited with return code 0
[2024-09-08T15:01:45.407+0000] {standard_task_runner.py:217} INFO - Process not found (most likely exited), stop collecting metrics
[2024-09-08T15:01:48.246+0000] {taskinstance.py:3900} INFO - 0 downstream tasks scheduled from follow-on schedule check
[2024-09-08T15:01:48.324+0000] {local_task_job_runner.py:245} INFO - ::endgroup::
