[2024-09-13T18:20:34.293+0000] {local_task_job_runner.py:123} INFO - ::group::Pre task execution logs
[2024-09-13T18:20:36.110+0000] {taskinstance.py:2612} INFO - Dependencies all met for dep_context=non-requeueable deps ti=<TaskInstance: Dag_Non-numeric-Quantity.run_anomaly_detection scheduled__2024-09-13T18:15:00+00:00 [queued]>
[2024-09-13T18:20:36.182+0000] {taskinstance.py:2612} INFO - Dependencies all met for dep_context=requeueable deps ti=<TaskInstance: Dag_Non-numeric-Quantity.run_anomaly_detection scheduled__2024-09-13T18:15:00+00:00 [queued]>
[2024-09-13T18:20:36.188+0000] {taskinstance.py:2865} INFO - Starting attempt 1 of 2
[2024-09-13T18:20:36.448+0000] {taskinstance.py:2888} INFO - Executing <Task(PythonOperator): run_anomaly_detection> on 2024-09-13 18:15:00+00:00
[2024-09-13T18:20:36.685+0000] {logging_mixin.py:190} WARNING - /home/airflow/.local/lib/python3.12/site-packages/airflow/task/task_runner/standard_task_runner.py:70 DeprecationWarning: This process (pid=39781) is multi-threaded, use of fork() may lead to deadlocks in the child.
[2024-09-13T18:20:36.741+0000] {standard_task_runner.py:72} INFO - Started process 39827 to run task
[2024-09-13T18:20:36.682+0000] {standard_task_runner.py:104} INFO - Running: ['airflow', 'tasks', 'run', 'Dag_Non-numeric-Quantity', 'run_anomaly_detection', 'scheduled__2024-09-13T18:15:00+00:00', '--job-id', '3119', '--raw', '--subdir', 'DAGS_FOLDER/Dag_Non-numeric-Quantity.py', '--cfg-path', '/tmp/tmpcugu9b29']
[2024-09-13T18:20:36.779+0000] {standard_task_runner.py:105} INFO - Job 3119: Subtask run_anomaly_detection
[2024-09-13T18:20:45.531+0000] {job.py:229} INFO - Heartbeat recovered after 16.34 seconds
[2024-09-13T18:20:46.770+0000] {task_command.py:467} INFO - Running <TaskInstance: Dag_Non-numeric-Quantity.run_anomaly_detection scheduled__2024-09-13T18:15:00+00:00 [running]> on host 7403e816bcf5
[2024-09-13T18:20:56.084+0000] {job.py:229} INFO - Heartbeat recovered after 10.64 seconds
[2024-09-13T18:20:58.111+0000] {taskinstance.py:3131} INFO - Exporting env vars: AIRFLOW_CTX_DAG_OWNER='airflow' AIRFLOW_CTX_DAG_ID='Dag_Non-numeric-Quantity' AIRFLOW_CTX_TASK_ID='run_anomaly_detection' AIRFLOW_CTX_EXECUTION_DATE='2024-09-13T18:15:00+00:00' AIRFLOW_CTX_TRY_NUMBER='1' AIRFLOW_CTX_DAG_RUN_ID='scheduled__2024-09-13T18:15:00+00:00'
[2024-09-13T18:20:58.590+0000] {taskinstance.py:731} INFO - ::endgroup::
[2024-09-13T18:21:06.443+0000] {python.py:240} INFO - Done. Returned value was: None
[2024-09-13T18:21:08.073+0000] {taskinstance.py:340} INFO - ::group::Post task execution logs
[2024-09-13T18:21:08.080+0000] {taskinstance.py:352} INFO - Marking task as SUCCESS. dag_id=Dag_Non-numeric-Quantity, task_id=run_anomaly_detection, run_id=scheduled__2024-09-13T18:15:00+00:00, execution_date=20240913T181500, start_date=20240913T182036, end_date=20240913T182108
[2024-09-13T18:21:29.842+0000] {job.py:229} INFO - Heartbeat recovered after 17.28 seconds
[2024-09-13T18:21:40.196+0000] {job.py:229} INFO - Heartbeat recovered after 10.97 seconds
[2024-09-13T18:21:43.287+0000] {local_task_job_runner.py:266} INFO - Task exited with return code 0
[2024-09-13T18:21:45.682+0000] {taskinstance.py:3900} INFO - 0 downstream tasks scheduled from follow-on schedule check
[2024-09-13T18:21:45.719+0000] {local_task_job_runner.py:245} INFO - ::endgroup::
[2024-09-13T18:21:47.582+0000] {standard_task_runner.py:217} INFO - Process not found (most likely exited), stop collecting metrics
