[2024-09-14T10:41:25.538+0000] {local_task_job_runner.py:123} INFO - ::group::Pre task execution logs
[2024-09-14T10:41:26.469+0000] {taskinstance.py:2612} INFO - Dependencies all met for dep_context=non-requeueable deps ti=<TaskInstance: dag_detect_excessively_high_total_amount.run_anomaly_detection scheduled__2024-09-13T23:00:00+00:00 [queued]>
[2024-09-14T10:41:26.526+0000] {taskinstance.py:2612} INFO - Dependencies all met for dep_context=requeueable deps ti=<TaskInstance: dag_detect_excessively_high_total_amount.run_anomaly_detection scheduled__2024-09-13T23:00:00+00:00 [queued]>
[2024-09-14T10:41:26.529+0000] {taskinstance.py:2865} INFO - Starting attempt 2 of 2
[2024-09-14T10:41:26.615+0000] {taskinstance.py:2888} INFO - Executing <Task(PythonOperator): run_anomaly_detection> on 2024-09-13 23:00:00+00:00
[2024-09-14T10:41:26.873+0000] {logging_mixin.py:190} WARNING - /home/airflow/.local/lib/python3.12/site-packages/airflow/task/task_runner/standard_task_runner.py:70 DeprecationWarning: This process (pid=86024) is multi-threaded, use of fork() may lead to deadlocks in the child.
[2024-09-14T10:41:26.895+0000] {standard_task_runner.py:72} INFO - Started process 86073 to run task
[2024-09-14T10:41:26.864+0000] {standard_task_runner.py:104} INFO - Running: ['airflow', 'tasks', 'run', 'dag_detect_excessively_high_total_amount', 'run_anomaly_detection', 'scheduled__2024-09-13T23:00:00+00:00', '--job-id', '3968', '--raw', '--subdir', 'DAGS_FOLDER/dag_detect_excessively_high_total_amount.py', '--cfg-path', '/tmp/tmpyy_4omdj']
[2024-09-14T10:41:26.920+0000] {standard_task_runner.py:105} INFO - Job 3968: Subtask run_anomaly_detection
[2024-09-14T10:41:29.943+0000] {task_command.py:467} INFO - Running <TaskInstance: dag_detect_excessively_high_total_amount.run_anomaly_detection scheduled__2024-09-13T23:00:00+00:00 [running]> on host 7403e816bcf5
[2024-09-14T10:41:33.101+0000] {job.py:229} INFO - Heartbeat recovered after 13.25 seconds
[2024-09-14T10:41:34.154+0000] {taskinstance.py:3131} INFO - Exporting env vars: AIRFLOW_CTX_DAG_OWNER='airflow' AIRFLOW_CTX_DAG_ID='dag_detect_excessively_high_total_amount' AIRFLOW_CTX_TASK_ID='run_anomaly_detection' AIRFLOW_CTX_EXECUTION_DATE='2024-09-13T23:00:00+00:00' AIRFLOW_CTX_TRY_NUMBER='2' AIRFLOW_CTX_DAG_RUN_ID='scheduled__2024-09-13T23:00:00+00:00'
[2024-09-14T10:41:34.191+0000] {taskinstance.py:731} INFO - ::endgroup::
[2024-09-14T10:41:34.421+0000] {dag_detect_excessively_high_total_amount.py:118} INFO - Starting anomaly detection process
[2024-09-14T10:41:39.065+0000] {dag_detect_excessively_high_total_amount.py:124} INFO - Loaded 15 transactions and 4 products
[2024-09-14T10:41:39.433+0000] {dag_detect_excessively_high_total_amount.py:127} INFO - Detected 0 anomalies
[2024-09-14T10:41:40.414+0000] {dag_detect_excessively_high_total_amount.py:111} INFO - Inserted 0 new anomalies.
[2024-09-14T10:41:40.415+0000] {dag_detect_excessively_high_total_amount.py:130} INFO - Anomaly detection process completed successfully
[2024-09-14T10:41:40.418+0000] {python.py:240} INFO - Done. Returned value was: None
[2024-09-14T10:41:40.781+0000] {taskinstance.py:340} INFO - ::group::Post task execution logs
[2024-09-14T10:41:40.783+0000] {taskinstance.py:352} INFO - Marking task as SUCCESS. dag_id=dag_detect_excessively_high_total_amount, task_id=run_anomaly_detection, run_id=scheduled__2024-09-13T23:00:00+00:00, execution_date=20240913T230000, start_date=20240914T104126, end_date=20240914T104140
[2024-09-14T10:41:40.877+0000] {local_task_job_runner.py:266} INFO - Task exited with return code 0
[2024-09-14T10:41:41.385+0000] {taskinstance.py:3900} INFO - 0 downstream tasks scheduled from follow-on schedule check
[2024-09-14T10:41:41.407+0000] {local_task_job_runner.py:245} INFO - ::endgroup::
[2024-09-14T10:41:41.921+0000] {standard_task_runner.py:217} INFO - Process not found (most likely exited), stop collecting metrics
