[2024-10-12T20:50:15.967+0000] {local_task_job_runner.py:123} INFO - ::group::Pre task execution logs
[2024-10-12T20:50:16.851+0000] {taskinstance.py:2612} INFO - Dependencies all met for dep_context=non-requeueable deps ti=<TaskInstance: Dag_Multiple_Transactions_in_Short_Timeframe.run_anomaly_detection scheduled__2024-10-12T20:45:00+00:00 [queued]>
[2024-10-12T20:50:16.904+0000] {taskinstance.py:2612} INFO - Dependencies all met for dep_context=requeueable deps ti=<TaskInstance: Dag_Multiple_Transactions_in_Short_Timeframe.run_anomaly_detection scheduled__2024-10-12T20:45:00+00:00 [queued]>
[2024-10-12T20:50:16.908+0000] {taskinstance.py:2865} INFO - Starting attempt 1 of 2
[2024-10-12T20:50:16.995+0000] {taskinstance.py:2888} INFO - Executing <Task(PythonOperator): run_anomaly_detection> on 2024-10-12 20:45:00+00:00
[2024-10-12T20:50:17.032+0000] {logging_mixin.py:190} WARNING - /home/airflow/.local/lib/python3.12/site-packages/airflow/task/task_runner/standard_task_runner.py:70 DeprecationWarning: This process (pid=1548) is multi-threaded, use of fork() may lead to deadlocks in the child.
[2024-10-12T20:50:17.032+0000] {standard_task_runner.py:104} INFO - Running: ['airflow', 'tasks', 'run', 'Dag_Multiple_Transactions_in_Short_Timeframe', 'run_anomaly_detection', 'scheduled__2024-10-12T20:45:00+00:00', '--job-id', '5911', '--raw', '--subdir', 'DAGS_FOLDER/Dag_MultipleTransactions-in-a-ShortTimeframe.py', '--cfg-path', '/tmp/tmpvaj39blb']
[2024-10-12T20:50:17.036+0000] {standard_task_runner.py:72} INFO - Started process 1597 to run task
[2024-10-12T20:50:17.037+0000] {standard_task_runner.py:105} INFO - Job 5911: Subtask run_anomaly_detection
[2024-10-12T20:50:20.208+0000] {task_command.py:467} INFO - Running <TaskInstance: Dag_Multiple_Transactions_in_Short_Timeframe.run_anomaly_detection scheduled__2024-10-12T20:45:00+00:00 [running]> on host 20dad67a3f18
[2024-10-12T20:50:23.539+0000] {job.py:229} INFO - Heartbeat recovered after 11.23 seconds
[2024-10-12T20:50:25.309+0000] {taskinstance.py:3131} INFO - Exporting env vars: AIRFLOW_CTX_DAG_OWNER='airflow' AIRFLOW_CTX_DAG_ID='Dag_Multiple_Transactions_in_Short_Timeframe' AIRFLOW_CTX_TASK_ID='run_anomaly_detection' AIRFLOW_CTX_EXECUTION_DATE='2024-10-12T20:45:00+00:00' AIRFLOW_CTX_TRY_NUMBER='1' AIRFLOW_CTX_DAG_RUN_ID='scheduled__2024-10-12T20:45:00+00:00'
[2024-10-12T20:50:25.337+0000] {taskinstance.py:731} INFO - ::endgroup::
[2024-10-12T20:50:27.426+0000] {logging_mixin.py:190} WARNING - /opt/airflow/dags/Dag_MultipleTransactions-in-a-ShortTimeframe.py:59 SettingWithCopyWarning:
A value is trying to be set on a copy of a slice from a DataFrame.
Try using .loc[row_indexer,col_indexer] = value instead

See the caveats in the documentation: https://pandas.pydata.org/pandas-docs/stable/user_guide/indexing.html#returning-a-view-versus-a-copy
[2024-10-12T20:50:27.459+0000] {logging_mixin.py:190} WARNING - /opt/airflow/dags/Dag_MultipleTransactions-in-a-ShortTimeframe.py:59 SettingWithCopyWarning:
A value is trying to be set on a copy of a slice from a DataFrame.
Try using .loc[row_indexer,col_indexer] = value instead

See the caveats in the documentation: https://pandas.pydata.org/pandas-docs/stable/user_guide/indexing.html#returning-a-view-versus-a-copy
[2024-10-12T20:50:27.479+0000] {logging_mixin.py:190} WARNING - /opt/airflow/dags/Dag_MultipleTransactions-in-a-ShortTimeframe.py:59 SettingWithCopyWarning:
A value is trying to be set on a copy of a slice from a DataFrame.
Try using .loc[row_indexer,col_indexer] = value instead

See the caveats in the documentation: https://pandas.pydata.org/pandas-docs/stable/user_guide/indexing.html#returning-a-view-versus-a-copy
[2024-10-12T20:50:27.499+0000] {logging_mixin.py:190} WARNING - /opt/airflow/dags/Dag_MultipleTransactions-in-a-ShortTimeframe.py:59 SettingWithCopyWarning:
A value is trying to be set on a copy of a slice from a DataFrame.
Try using .loc[row_indexer,col_indexer] = value instead

See the caveats in the documentation: https://pandas.pydata.org/pandas-docs/stable/user_guide/indexing.html#returning-a-view-versus-a-copy
[2024-10-12T20:50:27.514+0000] {logging_mixin.py:190} WARNING - /opt/airflow/dags/Dag_MultipleTransactions-in-a-ShortTimeframe.py:59 SettingWithCopyWarning:
A value is trying to be set on a copy of a slice from a DataFrame.
Try using .loc[row_indexer,col_indexer] = value instead

See the caveats in the documentation: https://pandas.pydata.org/pandas-docs/stable/user_guide/indexing.html#returning-a-view-versus-a-copy
[2024-10-12T20:50:27.535+0000] {logging_mixin.py:190} WARNING - /opt/airflow/dags/Dag_MultipleTransactions-in-a-ShortTimeframe.py:59 SettingWithCopyWarning:
A value is trying to be set on a copy of a slice from a DataFrame.
Try using .loc[row_indexer,col_indexer] = value instead

See the caveats in the documentation: https://pandas.pydata.org/pandas-docs/stable/user_guide/indexing.html#returning-a-view-versus-a-copy
[2024-10-12T20:50:27.554+0000] {logging_mixin.py:190} WARNING - /opt/airflow/dags/Dag_MultipleTransactions-in-a-ShortTimeframe.py:59 SettingWithCopyWarning:
A value is trying to be set on a copy of a slice from a DataFrame.
Try using .loc[row_indexer,col_indexer] = value instead

See the caveats in the documentation: https://pandas.pydata.org/pandas-docs/stable/user_guide/indexing.html#returning-a-view-versus-a-copy
[2024-10-12T20:50:27.580+0000] {logging_mixin.py:190} WARNING - /opt/airflow/dags/Dag_MultipleTransactions-in-a-ShortTimeframe.py:59 SettingWithCopyWarning:
A value is trying to be set on a copy of a slice from a DataFrame.
Try using .loc[row_indexer,col_indexer] = value instead

See the caveats in the documentation: https://pandas.pydata.org/pandas-docs/stable/user_guide/indexing.html#returning-a-view-versus-a-copy
[2024-10-12T20:50:27.607+0000] {logging_mixin.py:190} WARNING - /opt/airflow/dags/Dag_MultipleTransactions-in-a-ShortTimeframe.py:59 SettingWithCopyWarning:
A value is trying to be set on a copy of a slice from a DataFrame.
Try using .loc[row_indexer,col_indexer] = value instead

See the caveats in the documentation: https://pandas.pydata.org/pandas-docs/stable/user_guide/indexing.html#returning-a-view-versus-a-copy
[2024-10-12T20:50:29.349+0000] {python.py:240} INFO - Done. Returned value was: None
[2024-10-12T20:50:30.204+0000] {taskinstance.py:340} INFO - ::group::Post task execution logs
[2024-10-12T20:50:30.207+0000] {taskinstance.py:352} INFO - Marking task as SUCCESS. dag_id=Dag_Multiple_Transactions_in_Short_Timeframe, task_id=run_anomaly_detection, run_id=scheduled__2024-10-12T20:45:00+00:00, execution_date=20241012T204500, start_date=20241012T205016, end_date=20241012T205030
[2024-10-12T20:50:30.493+0000] {local_task_job_runner.py:266} INFO - Task exited with return code 0
[2024-10-12T20:50:30.630+0000] {local_task_job_runner.py:245} INFO - ::endgroup::
