[2024-09-14T22:36:12.481+0000] {local_task_job_runner.py:123} INFO - ::group::Pre task execution logs
[2024-09-14T22:36:13.513+0000] {taskinstance.py:2612} INFO - Dependencies all met for dep_context=non-requeueable deps ti=<TaskInstance: Corrrect_Dag_detect_and_correct_collective_anomalie.detect_and_correct_collective_anomalie scheduled__2024-09-14T22:25:00+00:00 [queued]>
[2024-09-14T22:36:13.629+0000] {taskinstance.py:2612} INFO - Dependencies all met for dep_context=requeueable deps ti=<TaskInstance: Corrrect_Dag_detect_and_correct_collective_anomalie.detect_and_correct_collective_anomalie scheduled__2024-09-14T22:25:00+00:00 [queued]>
[2024-09-14T22:36:13.631+0000] {taskinstance.py:2865} INFO - Starting attempt 2 of 2
[2024-09-14T22:36:14.162+0000] {taskinstance.py:2888} INFO - Executing <Task(PythonOperator): detect_and_correct_collective_anomalie> on 2024-09-14 22:25:00+00:00
[2024-09-14T22:36:14.517+0000] {logging_mixin.py:190} WARNING - /home/airflow/.local/lib/python3.12/site-packages/airflow/task/task_runner/standard_task_runner.py:70 DeprecationWarning: This process (pid=16128) is multi-threaded, use of fork() may lead to deadlocks in the child.
[2024-09-14T22:36:14.988+0000] {standard_task_runner.py:72} INFO - Started process 16156 to run task
[2024-09-14T22:36:15.105+0000] {standard_task_runner.py:104} INFO - Running: ['airflow', 'tasks', 'run', 'Corrrect_Dag_detect_and_correct_collective_anomalie', 'detect_and_correct_collective_anomalie', 'scheduled__2024-09-14T22:25:00+00:00', '--job-id', '4898', '--raw', '--subdir', 'DAGS_FOLDER/Corrrect_Dag_detect_and_correct_collective_anomalie.py', '--cfg-path', '/tmp/tmpnn7w26ma']
[2024-09-14T22:36:15.335+0000] {standard_task_runner.py:105} INFO - Job 4898: Subtask detect_and_correct_collective_anomalie
[2024-09-14T22:36:21.254+0000] {task_command.py:467} INFO - Running <TaskInstance: Corrrect_Dag_detect_and_correct_collective_anomalie.detect_and_correct_collective_anomalie scheduled__2024-09-14T22:25:00+00:00 [running]> on host 7403e816bcf5
[2024-09-14T22:36:22.591+0000] {job.py:229} INFO - Heartbeat recovered after 13.66 seconds
[2024-09-14T22:36:31.275+0000] {taskinstance.py:3131} INFO - Exporting env vars: AIRFLOW_CTX_DAG_OWNER='airflow' AIRFLOW_CTX_DAG_ID='Corrrect_Dag_detect_and_correct_collective_anomalie' AIRFLOW_CTX_TASK_ID='detect_and_correct_collective_anomalie' AIRFLOW_CTX_EXECUTION_DATE='2024-09-14T22:25:00+00:00' AIRFLOW_CTX_TRY_NUMBER='2' AIRFLOW_CTX_DAG_RUN_ID='scheduled__2024-09-14T22:25:00+00:00'
[2024-09-14T22:36:31.389+0000] {taskinstance.py:731} INFO - ::endgroup::
[2024-09-14T22:36:33.608+0000] {logging_mixin.py:190} WARNING - /opt/airflow/dags/Corrrect_Dag_detect_and_correct_collective_anomalie.py:15 UserWarning: pandas only supports SQLAlchemy connectable (engine/connection) or database string URI or sqlite3 DBAPI2 connection. Other DBAPI2 objects are not tested. Please consider using SQLAlchemy.
[2024-09-14T22:36:42.711+0000] {python.py:240} INFO - Done. Returned value was: None
[2024-09-14T22:36:43.606+0000] {taskinstance.py:340} INFO - ::group::Post task execution logs
[2024-09-14T22:36:43.615+0000] {taskinstance.py:352} INFO - Marking task as SUCCESS. dag_id=Corrrect_Dag_detect_and_correct_collective_anomalie, task_id=detect_and_correct_collective_anomalie, run_id=scheduled__2024-09-14T22:25:00+00:00, execution_date=20240914T222500, start_date=20240914T223613, end_date=20240914T223643
[2024-09-14T22:36:47.800+0000] {local_task_job_runner.py:266} INFO - Task exited with return code 0
[2024-09-14T22:36:50.074+0000] {local_task_job_runner.py:245} INFO - ::endgroup::
[2024-09-14T22:36:50.250+0000] {standard_task_runner.py:217} INFO - Process not found (most likely exited), stop collecting metrics
