[2024-09-22T15:01:12.127+0000] {local_task_job_runner.py:123} INFO - ::group::Pre task execution logs
[2024-09-22T15:01:13.724+0000] {taskinstance.py:2612} INFO - Dependencies all met for dep_context=non-requeueable deps ti=<TaskInstance: welcome_dag.print_welcome scheduled__2024-09-22T15:00:09+00:00 [queued]>
[2024-09-22T15:01:13.807+0000] {taskinstance.py:2612} INFO - Dependencies all met for dep_context=requeueable deps ti=<TaskInstance: welcome_dag.print_welcome scheduled__2024-09-22T15:00:09+00:00 [queued]>
[2024-09-22T15:01:13.811+0000] {taskinstance.py:2865} INFO - Starting attempt 1 of 1
[2024-09-22T15:01:13.971+0000] {taskinstance.py:2888} INFO - Executing <Task(PythonOperator): print_welcome> on 2024-09-22 15:00:09+00:00
[2024-09-22T15:01:14.023+0000] {standard_task_runner.py:104} INFO - Running: ['airflow', 'tasks', 'run', 'welcome_dag', 'print_welcome', 'scheduled__2024-09-22T15:00:09+00:00', '--job-id', '5104', '--raw', '--subdir', 'DAGS_FOLDER/Awelcome_dags.py', '--cfg-path', '/tmp/tmp_gqo46f9']
[2024-09-22T15:01:14.031+0000] {standard_task_runner.py:105} INFO - Job 5104: Subtask print_welcome
[2024-09-22T15:01:14.158+0000] {logging_mixin.py:190} WARNING - /home/airflow/.local/lib/python3.12/site-packages/airflow/task/task_runner/standard_task_runner.py:70 DeprecationWarning: This process (pid=3864) is multi-threaded, use of fork() may lead to deadlocks in the child.
[2024-09-22T15:01:14.166+0000] {standard_task_runner.py:72} INFO - Started process 3905 to run task
[2024-09-22T15:01:17.222+0000] {task_command.py:467} INFO - Running <TaskInstance: welcome_dag.print_welcome scheduled__2024-09-22T15:00:09+00:00 [running]> on host 93b0c38322b3
[2024-09-22T15:01:20.060+0000] {job.py:229} INFO - Heartbeat recovered after 61.71 seconds
[2024-09-22T15:01:20.664+0000] {taskinstance.py:3131} INFO - Exporting env vars: AIRFLOW_CTX_DAG_OWNER='airflow' AIRFLOW_CTX_DAG_ID='welcome_dag' AIRFLOW_CTX_TASK_ID='print_welcome' AIRFLOW_CTX_EXECUTION_DATE='2024-09-22T15:00:09+00:00' AIRFLOW_CTX_TRY_NUMBER='1' AIRFLOW_CTX_DAG_RUN_ID='scheduled__2024-09-22T15:00:09+00:00'
[2024-09-22T15:01:20.667+0000] {taskinstance.py:731} INFO - ::endgroup::
[2024-09-22T15:01:20.722+0000] {logging_mixin.py:190} INFO - Welcome to Airflow!
[2024-09-22T15:01:20.724+0000] {python.py:240} INFO - Done. Returned value was: None
[2024-09-22T15:01:21.538+0000] {taskinstance.py:340} INFO - ::group::Post task execution logs
[2024-09-22T15:01:21.544+0000] {taskinstance.py:352} INFO - Marking task as SUCCESS. dag_id=welcome_dag, task_id=print_welcome, run_id=scheduled__2024-09-22T15:00:09+00:00, execution_date=20240922T150009, start_date=20240922T150113, end_date=20240922T150121
[2024-09-22T15:01:21.695+0000] {local_task_job_runner.py:266} INFO - Task exited with return code 0
[2024-09-22T15:01:22.528+0000] {taskinstance.py:3900} INFO - 1 downstream tasks scheduled from follow-on schedule check
[2024-09-22T15:01:22.544+0000] {local_task_job_runner.py:245} INFO - ::endgroup::
[2024-09-22T15:01:24.244+0000] {standard_task_runner.py:217} INFO - Process not found (most likely exited), stop collecting metrics
