[2024-09-10T22:20:37.958+0000] {local_task_job_runner.py:123} INFO - ::group::Pre task execution logs
[2024-09-10T22:20:39.670+0000] {taskinstance.py:2612} INFO - Dependencies all met for dep_context=non-requeueable deps ti=<TaskInstance: Dag_NegativeQuantity_andTotalAmount.run_anomaly_detection scheduled__2024-09-10T22:15:00+00:00 [queued]>
[2024-09-10T22:20:39.776+0000] {taskinstance.py:2612} INFO - Dependencies all met for dep_context=requeueable deps ti=<TaskInstance: Dag_NegativeQuantity_andTotalAmount.run_anomaly_detection scheduled__2024-09-10T22:15:00+00:00 [queued]>
[2024-09-10T22:20:39.778+0000] {taskinstance.py:2865} INFO - Starting attempt 1 of 2
[2024-09-10T22:20:40.161+0000] {taskinstance.py:2888} INFO - Executing <Task(PythonOperator): run_anomaly_detection> on 2024-09-10 22:15:00+00:00
[2024-09-10T22:20:40.407+0000] {standard_task_runner.py:104} INFO - Running: ['airflow', 'tasks', 'run', 'Dag_NegativeQuantity_andTotalAmount', 'run_anomaly_detection', 'scheduled__2024-09-10T22:15:00+00:00', '--job-id', '3719', '--raw', '--subdir', 'DAGS_FOLDER/Dag_NegativeQuantity_andTotalAmount.py', '--cfg-path', '/tmp/tmpi0_331fa']
[2024-09-10T22:20:40.433+0000] {standard_task_runner.py:105} INFO - Job 3719: Subtask run_anomaly_detection
[2024-09-10T22:20:40.468+0000] {logging_mixin.py:190} WARNING - /home/airflow/.local/lib/python3.12/site-packages/airflow/task/task_runner/standard_task_runner.py:70 DeprecationWarning: This process (pid=212) is multi-threaded, use of fork() may lead to deadlocks in the child.
[2024-09-10T22:20:40.470+0000] {standard_task_runner.py:72} INFO - Started process 253 to run task
[2024-09-10T22:20:45.832+0000] {task_command.py:467} INFO - Running <TaskInstance: Dag_NegativeQuantity_andTotalAmount.run_anomaly_detection scheduled__2024-09-10T22:15:00+00:00 [running]> on host f0946a6cef1f
[2024-09-10T22:20:46.533+0000] {job.py:229} INFO - Heartbeat recovered after 15.12 seconds
[2024-09-10T22:20:49.255+0000] {taskinstance.py:3131} INFO - Exporting env vars: AIRFLOW_CTX_DAG_OWNER='airflow' AIRFLOW_CTX_DAG_ID='Dag_NegativeQuantity_andTotalAmount' AIRFLOW_CTX_TASK_ID='run_anomaly_detection' AIRFLOW_CTX_EXECUTION_DATE='2024-09-10T22:15:00+00:00' AIRFLOW_CTX_TRY_NUMBER='1' AIRFLOW_CTX_DAG_RUN_ID='scheduled__2024-09-10T22:15:00+00:00'
[2024-09-10T22:20:49.266+0000] {taskinstance.py:731} INFO - ::endgroup::
[2024-09-10T22:20:53.319+0000] {python.py:240} INFO - Done. Returned value was: None
[2024-09-10T22:20:53.767+0000] {taskinstance.py:340} INFO - ::group::Post task execution logs
[2024-09-10T22:20:53.772+0000] {taskinstance.py:352} INFO - Marking task as SUCCESS. dag_id=Dag_NegativeQuantity_andTotalAmount, task_id=run_anomaly_detection, run_id=scheduled__2024-09-10T22:15:00+00:00, execution_date=20240910T221500, start_date=20240910T222039, end_date=20240910T222053
[2024-09-10T22:20:54.516+0000] {local_task_job_runner.py:266} INFO - Task exited with return code 0
[2024-09-10T22:20:55.090+0000] {taskinstance.py:3900} INFO - 0 downstream tasks scheduled from follow-on schedule check
[2024-09-10T22:20:55.101+0000] {local_task_job_runner.py:245} INFO - ::endgroup::
[2024-09-10T22:20:55.479+0000] {standard_task_runner.py:217} INFO - Process not found (most likely exited), stop collecting metrics
