[2024-09-08T18:30:14.168+0000] {local_task_job_runner.py:123} INFO - ::group::Pre task execution logs
[2024-09-08T18:30:14.736+0000] {taskinstance.py:2612} INFO - Dependencies all met for dep_context=non-requeueable deps ti=<TaskInstance: correction_Dag_no_NumericValues.Correct_Non_numeric_Quantity scheduled__2024-09-08T18:25:00+00:00 [queued]>
[2024-09-08T18:30:14.811+0000] {taskinstance.py:2612} INFO - Dependencies all met for dep_context=requeueable deps ti=<TaskInstance: correction_Dag_no_NumericValues.Correct_Non_numeric_Quantity scheduled__2024-09-08T18:25:00+00:00 [queued]>
[2024-09-08T18:30:14.815+0000] {taskinstance.py:2865} INFO - Starting attempt 1 of 2
[2024-09-08T18:30:15.319+0000] {taskinstance.py:2888} INFO - Executing <Task(PythonOperator): Correct_Non_numeric_Quantity> on 2024-09-08 18:25:00+00:00
[2024-09-08T18:30:15.598+0000] {logging_mixin.py:190} WARNING - /home/airflow/.local/lib/python3.12/site-packages/airflow/task/task_runner/standard_task_runner.py:70 DeprecationWarning: This process (pid=5119) is multi-threaded, use of fork() may lead to deadlocks in the child.
[2024-09-08T18:30:15.650+0000] {standard_task_runner.py:72} INFO - Started process 5182 to run task
[2024-09-08T18:30:15.589+0000] {standard_task_runner.py:104} INFO - Running: ['airflow', 'tasks', 'run', 'correction_Dag_no_NumericValues', 'Correct_Non_numeric_Quantity', 'scheduled__2024-09-08T18:25:00+00:00', '--job-id', '1871', '--raw', '--subdir', 'DAGS_FOLDER/correction_Dag_no_NumericValues.py', '--cfg-path', '/tmp/tmplahp9w7x']
[2024-09-08T18:30:15.743+0000] {standard_task_runner.py:105} INFO - Job 1871: Subtask Correct_Non_numeric_Quantity
[2024-09-08T18:30:17.524+0000] {task_command.py:467} INFO - Running <TaskInstance: correction_Dag_no_NumericValues.Correct_Non_numeric_Quantity scheduled__2024-09-08T18:25:00+00:00 [running]> on host 255f2021b117
[2024-09-08T18:30:19.090+0000] {taskinstance.py:3131} INFO - Exporting env vars: AIRFLOW_CTX_DAG_OWNER='airflow' AIRFLOW_CTX_DAG_ID='correction_Dag_no_NumericValues' AIRFLOW_CTX_TASK_ID='Correct_Non_numeric_Quantity' AIRFLOW_CTX_EXECUTION_DATE='2024-09-08T18:25:00+00:00' AIRFLOW_CTX_TRY_NUMBER='1' AIRFLOW_CTX_DAG_RUN_ID='scheduled__2024-09-08T18:25:00+00:00'
[2024-09-08T18:30:19.094+0000] {taskinstance.py:731} INFO - ::endgroup::
[2024-09-08T18:30:19.551+0000] {logging_mixin.py:190} INFO - Anomalies textuelles corrigées avec succès dans la table Transactions.
[2024-09-08T18:30:19.553+0000] {python.py:240} INFO - Done. Returned value was: None
[2024-09-08T18:30:19.949+0000] {taskinstance.py:340} INFO - ::group::Post task execution logs
[2024-09-08T18:30:19.950+0000] {taskinstance.py:352} INFO - Marking task as SUCCESS. dag_id=correction_Dag_no_NumericValues, task_id=Correct_Non_numeric_Quantity, run_id=scheduled__2024-09-08T18:25:00+00:00, execution_date=20240908T182500, start_date=20240908T183014, end_date=20240908T183019
[2024-09-08T18:30:20.020+0000] {local_task_job_runner.py:266} INFO - Task exited with return code 0
[2024-09-08T18:30:20.509+0000] {taskinstance.py:3900} INFO - 0 downstream tasks scheduled from follow-on schedule check
[2024-09-08T18:30:20.516+0000] {local_task_job_runner.py:245} INFO - ::endgroup::
[2024-09-08T18:30:20.728+0000] {standard_task_runner.py:217} INFO - Process not found (most likely exited), stop collecting metrics
