[2024-09-11T13:45:04.215+0000] {local_task_job_runner.py:123} INFO - ::group::Pre task execution logs
[2024-09-11T13:45:04.523+0000] {taskinstance.py:2612} INFO - Dependencies all met for dep_context=non-requeueable deps ti=<TaskInstance: dag_Null_Value_inAll_Tables.run_anomaly_detection scheduled__2024-09-11T13:30:00+00:00 [queued]>
[2024-09-11T13:45:04.552+0000] {taskinstance.py:2612} INFO - Dependencies all met for dep_context=requeueable deps ti=<TaskInstance: dag_Null_Value_inAll_Tables.run_anomaly_detection scheduled__2024-09-11T13:30:00+00:00 [queued]>
[2024-09-11T13:45:04.553+0000] {taskinstance.py:2865} INFO - Starting attempt 1 of 2
[2024-09-11T13:45:04.601+0000] {taskinstance.py:2888} INFO - Executing <Task(PythonOperator): run_anomaly_detection> on 2024-09-11 13:30:00+00:00
[2024-09-11T13:45:04.617+0000] {logging_mixin.py:190} WARNING - /home/airflow/.local/lib/python3.12/site-packages/airflow/task/task_runner/standard_task_runner.py:70 DeprecationWarning: This process (pid=4933) is multi-threaded, use of fork() may lead to deadlocks in the child.
[2024-09-11T13:45:04.620+0000] {standard_task_runner.py:72} INFO - Started process 4971 to run task
[2024-09-11T13:45:04.623+0000] {standard_task_runner.py:104} INFO - Running: ['airflow', 'tasks', 'run', 'dag_Null_Value_inAll_Tables', 'run_anomaly_detection', 'scheduled__2024-09-11T13:30:00+00:00', '--job-id', '663', '--raw', '--subdir', 'DAGS_FOLDER/dag_Null_Value_inAll_Tables.py', '--cfg-path', '/tmp/tmpct4_mxya']
[2024-09-11T13:45:04.632+0000] {standard_task_runner.py:105} INFO - Job 663: Subtask run_anomaly_detection
[2024-09-11T13:45:06.144+0000] {task_command.py:467} INFO - Running <TaskInstance: dag_Null_Value_inAll_Tables.run_anomaly_detection scheduled__2024-09-11T13:30:00+00:00 [running]> on host 180117ed1726
[2024-09-11T13:45:18.334+0000] {job.py:229} INFO - Heartbeat recovered after 15.08 seconds
[2024-09-11T13:45:19.952+0000] {taskinstance.py:3131} INFO - Exporting env vars: AIRFLOW_CTX_DAG_OWNER='airflow' AIRFLOW_CTX_DAG_ID='dag_Null_Value_inAll_Tables' AIRFLOW_CTX_TASK_ID='run_anomaly_detection' AIRFLOW_CTX_EXECUTION_DATE='2024-09-11T13:30:00+00:00' AIRFLOW_CTX_TRY_NUMBER='1' AIRFLOW_CTX_DAG_RUN_ID='scheduled__2024-09-11T13:30:00+00:00'
[2024-09-11T13:45:19.962+0000] {taskinstance.py:731} INFO - ::endgroup::
[2024-09-11T13:45:32.401+0000] {job.py:229} INFO - Heartbeat recovered after 14.09 seconds
[2024-09-11T13:45:33.660+0000] {python.py:240} INFO - Done. Returned value was: None
[2024-09-11T13:45:33.958+0000] {taskinstance.py:340} INFO - ::group::Post task execution logs
[2024-09-11T13:45:33.960+0000] {taskinstance.py:352} INFO - Marking task as SUCCESS. dag_id=dag_Null_Value_inAll_Tables, task_id=run_anomaly_detection, run_id=scheduled__2024-09-11T13:30:00+00:00, execution_date=20240911T133000, start_date=20240911T134504, end_date=20240911T134533
[2024-09-11T13:45:34.051+0000] {local_task_job_runner.py:266} INFO - Task exited with return code 0
[2024-09-11T13:45:34.325+0000] {taskinstance.py:3900} INFO - 0 downstream tasks scheduled from follow-on schedule check
[2024-09-11T13:45:34.329+0000] {local_task_job_runner.py:245} INFO - ::endgroup::
