[2024-09-11T14:01:05.471+0000] {local_task_job_runner.py:123} INFO - ::group::Pre task execution logs
[2024-09-11T14:01:09.693+0000] {taskinstance.py:2612} INFO - Dependencies all met for dep_context=non-requeueable deps ti=<TaskInstance: welcome_dag.print_welcome scheduled__2024-09-11T14:00:04+00:00 [queued]>
[2024-09-11T14:01:09.821+0000] {taskinstance.py:2612} INFO - Dependencies all met for dep_context=requeueable deps ti=<TaskInstance: welcome_dag.print_welcome scheduled__2024-09-11T14:00:04+00:00 [queued]>
[2024-09-11T14:01:09.827+0000] {taskinstance.py:2865} INFO - Starting attempt 1 of 1
[2024-09-11T14:01:10.339+0000] {taskinstance.py:2888} INFO - Executing <Task(PythonOperator): print_welcome> on 2024-09-11 14:00:04+00:00
[2024-09-11T14:01:10.517+0000] {standard_task_runner.py:104} INFO - Running: ['airflow', 'tasks', 'run', 'welcome_dag', 'print_welcome', 'scheduled__2024-09-11T14:00:04+00:00', '--job-id', '702', '--raw', '--subdir', 'DAGS_FOLDER/Awelcome_dags.py', '--cfg-path', '/tmp/tmp3djukwyy']
[2024-09-11T14:01:10.567+0000] {standard_task_runner.py:105} INFO - Job 702: Subtask print_welcome
[2024-09-11T14:01:10.612+0000] {logging_mixin.py:190} WARNING - /home/airflow/.local/lib/python3.12/site-packages/airflow/task/task_runner/standard_task_runner.py:70 DeprecationWarning: This process (pid=7510) is multi-threaded, use of fork() may lead to deadlocks in the child.
[2024-09-11T14:01:10.628+0000] {standard_task_runner.py:72} INFO - Started process 7543 to run task
[2024-09-11T14:01:18.122+0000] {job.py:229} INFO - Heartbeat recovered after 26.10 seconds
[2024-09-11T14:01:19.049+0000] {task_command.py:467} INFO - Running <TaskInstance: welcome_dag.print_welcome scheduled__2024-09-11T14:00:04+00:00 [running]> on host 180117ed1726
[2024-09-11T14:01:23.378+0000] {taskinstance.py:3131} INFO - Exporting env vars: AIRFLOW_CTX_DAG_OWNER='airflow' AIRFLOW_CTX_DAG_ID='welcome_dag' AIRFLOW_CTX_TASK_ID='print_welcome' AIRFLOW_CTX_EXECUTION_DATE='2024-09-11T14:00:04+00:00' AIRFLOW_CTX_TRY_NUMBER='1' AIRFLOW_CTX_DAG_RUN_ID='scheduled__2024-09-11T14:00:04+00:00'
[2024-09-11T14:01:23.393+0000] {taskinstance.py:731} INFO - ::endgroup::
[2024-09-11T14:01:23.534+0000] {logging_mixin.py:190} INFO - Welcome to Airflow!
[2024-09-11T14:01:23.556+0000] {python.py:240} INFO - Done. Returned value was: None
[2024-09-11T14:01:25.065+0000] {taskinstance.py:340} INFO - ::group::Post task execution logs
[2024-09-11T14:01:25.071+0000] {taskinstance.py:352} INFO - Marking task as SUCCESS. dag_id=welcome_dag, task_id=print_welcome, run_id=scheduled__2024-09-11T14:00:04+00:00, execution_date=20240911T140004, start_date=20240911T140109, end_date=20240911T140125
[2024-09-11T14:01:27.454+0000] {local_task_job_runner.py:266} INFO - Task exited with return code 0
[2024-09-11T14:01:28.478+0000] {taskinstance.py:3900} INFO - 0 downstream tasks scheduled from follow-on schedule check
[2024-09-11T14:01:28.514+0000] {local_task_job_runner.py:245} INFO - ::endgroup::
