[2024-09-08T18:26:41.547+0000] {local_task_job_runner.py:123} INFO - ::group::Pre task execution logs
[2024-09-08T18:26:42.325+0000] {taskinstance.py:2612} INFO - Dependencies all met for dep_context=non-requeueable deps ti=<TaskInstance: Correction_dag_high_total_amount.Correction_dag_high_total_amount scheduled__2024-09-08T18:15:00+00:00 [queued]>
[2024-09-08T18:26:42.385+0000] {taskinstance.py:2612} INFO - Dependencies all met for dep_context=requeueable deps ti=<TaskInstance: Correction_dag_high_total_amount.Correction_dag_high_total_amount scheduled__2024-09-08T18:15:00+00:00 [queued]>
[2024-09-08T18:26:42.386+0000] {taskinstance.py:2865} INFO - Starting attempt 2 of 2
[2024-09-08T18:26:42.910+0000] {taskinstance.py:2888} INFO - Executing <Task(PythonOperator): Correction_dag_high_total_amount> on 2024-09-08 18:15:00+00:00
[2024-09-08T18:26:42.949+0000] {standard_task_runner.py:104} INFO - Running: ['airflow', 'tasks', 'run', 'Correction_dag_high_total_amount', 'Correction_dag_high_total_amount', 'scheduled__2024-09-08T18:15:00+00:00', '--job-id', '1861', '--raw', '--subdir', 'DAGS_FOLDER/Correction_dag_high_total_amount.py', '--cfg-path', '/tmp/tmpqebj013x']
[2024-09-08T18:26:42.965+0000] {standard_task_runner.py:105} INFO - Job 1861: Subtask Correction_dag_high_total_amount
[2024-09-08T18:26:43.071+0000] {logging_mixin.py:190} WARNING - /home/airflow/.local/lib/python3.12/site-packages/airflow/task/task_runner/standard_task_runner.py:70 DeprecationWarning: This process (pid=4525) is multi-threaded, use of fork() may lead to deadlocks in the child.
[2024-09-08T18:26:43.078+0000] {standard_task_runner.py:72} INFO - Started process 4566 to run task
[2024-09-08T18:26:45.183+0000] {task_command.py:467} INFO - Running <TaskInstance: Correction_dag_high_total_amount.Correction_dag_high_total_amount scheduled__2024-09-08T18:15:00+00:00 [running]> on host 255f2021b117
[2024-09-08T18:26:47.421+0000] {taskinstance.py:3131} INFO - Exporting env vars: AIRFLOW_CTX_DAG_OWNER='airflow' AIRFLOW_CTX_DAG_ID='Correction_dag_high_total_amount' AIRFLOW_CTX_TASK_ID='Correction_dag_high_total_amount' AIRFLOW_CTX_EXECUTION_DATE='2024-09-08T18:15:00+00:00' AIRFLOW_CTX_TRY_NUMBER='2' AIRFLOW_CTX_DAG_RUN_ID='scheduled__2024-09-08T18:15:00+00:00'
[2024-09-08T18:26:47.424+0000] {taskinstance.py:731} INFO - ::endgroup::
[2024-09-08T18:26:47.498+0000] {logging_mixin.py:190} INFO - Les anomalies ont été corrigées dans la base de données.
[2024-09-08T18:26:47.502+0000] {python.py:240} INFO - Done. Returned value was: None
[2024-09-08T18:26:47.961+0000] {taskinstance.py:340} INFO - ::group::Post task execution logs
[2024-09-08T18:26:47.963+0000] {taskinstance.py:352} INFO - Marking task as SUCCESS. dag_id=Correction_dag_high_total_amount, task_id=Correction_dag_high_total_amount, run_id=scheduled__2024-09-08T18:15:00+00:00, execution_date=20240908T181500, start_date=20240908T182642, end_date=20240908T182647
[2024-09-08T18:26:48.051+0000] {local_task_job_runner.py:266} INFO - Task exited with return code 0
[2024-09-08T18:26:48.133+0000] {standard_task_runner.py:217} INFO - Process not found (most likely exited), stop collecting metrics
[2024-09-08T18:26:48.460+0000] {taskinstance.py:3900} INFO - 0 downstream tasks scheduled from follow-on schedule check
[2024-09-08T18:26:48.469+0000] {local_task_job_runner.py:245} INFO - ::endgroup::
