[2024-09-11T01:25:31.476+0000] {local_task_job_runner.py:123} INFO - ::group::Pre task execution logs
[2024-09-11T01:25:33.354+0000] {taskinstance.py:2612} INFO - Dependencies all met for dep_context=non-requeueable deps ti=<TaskInstance: detect_transaction_date_anomalies_dag.run_anomaly_detection scheduled__2024-09-11T01:20:00+00:00 [queued]>
[2024-09-11T01:25:33.445+0000] {taskinstance.py:2612} INFO - Dependencies all met for dep_context=requeueable deps ti=<TaskInstance: detect_transaction_date_anomalies_dag.run_anomaly_detection scheduled__2024-09-11T01:20:00+00:00 [queued]>
[2024-09-11T01:25:33.449+0000] {taskinstance.py:2865} INFO - Starting attempt 1 of 2
[2024-09-11T01:25:33.709+0000] {taskinstance.py:2888} INFO - Executing <Task(PythonOperator): run_anomaly_detection> on 2024-09-11 01:20:00+00:00
[2024-09-11T01:25:33.883+0000] {logging_mixin.py:190} WARNING - /home/airflow/.local/lib/python3.12/site-packages/airflow/task/task_runner/standard_task_runner.py:70 DeprecationWarning: This process (pid=12502) is multi-threaded, use of fork() may lead to deadlocks in the child.
[2024-09-11T01:25:33.887+0000] {standard_task_runner.py:72} INFO - Started process 12559 to run task
[2024-09-11T01:25:33.897+0000] {standard_task_runner.py:104} INFO - Running: ['airflow', 'tasks', 'run', 'detect_transaction_date_anomalies_dag', 'run_anomaly_detection', 'scheduled__2024-09-11T01:20:00+00:00', '--job-id', '513', '--raw', '--subdir', 'DAGS_FOLDER/Dag-Transaction-Date-in-the-Paste.py', '--cfg-path', '/tmp/tmpgjt80s24']
[2024-09-11T01:25:33.903+0000] {standard_task_runner.py:105} INFO - Job 513: Subtask run_anomaly_detection
[2024-09-11T01:25:37.108+0000] {task_command.py:467} INFO - Running <TaskInstance: detect_transaction_date_anomalies_dag.run_anomaly_detection scheduled__2024-09-11T01:20:00+00:00 [running]> on host 5cd9362923f6
[2024-09-11T01:25:39.047+0000] {taskinstance.py:3131} INFO - Exporting env vars: AIRFLOW_CTX_DAG_OWNER='airflow' AIRFLOW_CTX_DAG_ID='detect_transaction_date_anomalies_dag' AIRFLOW_CTX_TASK_ID='run_anomaly_detection' AIRFLOW_CTX_EXECUTION_DATE='2024-09-11T01:20:00+00:00' AIRFLOW_CTX_TRY_NUMBER='1' AIRFLOW_CTX_DAG_RUN_ID='scheduled__2024-09-11T01:20:00+00:00'
[2024-09-11T01:25:39.059+0000] {taskinstance.py:731} INFO - ::endgroup::
[2024-09-11T01:25:39.780+0000] {job.py:229} INFO - Heartbeat recovered after 13.13 seconds
[2024-09-11T01:25:41.257+0000] {Dag-Transaction-Date-in-the-Paste.py:97} INFO - Inserting 1 detected anomalies
[2024-09-11T01:25:42.205+0000] {python.py:240} INFO - Done. Returned value was: None
[2024-09-11T01:25:42.742+0000] {taskinstance.py:340} INFO - ::group::Post task execution logs
[2024-09-11T01:25:42.746+0000] {taskinstance.py:352} INFO - Marking task as SUCCESS. dag_id=detect_transaction_date_anomalies_dag, task_id=run_anomaly_detection, run_id=scheduled__2024-09-11T01:20:00+00:00, execution_date=20240911T012000, start_date=20240911T012533, end_date=20240911T012542
[2024-09-11T01:25:42.831+0000] {local_task_job_runner.py:266} INFO - Task exited with return code 0
[2024-09-11T01:25:43.165+0000] {taskinstance.py:3900} INFO - 0 downstream tasks scheduled from follow-on schedule check
[2024-09-11T01:25:43.170+0000] {local_task_job_runner.py:245} INFO - ::endgroup::
