[2024-09-08T12:16:04.757+0000] {local_task_job_runner.py:123} INFO - ::group::Pre task execution logs
[2024-09-08T12:16:07.292+0000] {taskinstance.py:2612} INFO - Dependencies all met for dep_context=non-requeueable deps ti=<TaskInstance: correction_Dag_Valeu_NULL.correct_transactions_anomalies scheduled__2024-09-08T12:05:00+00:00 [queued]>
[2024-09-08T12:16:07.451+0000] {taskinstance.py:2612} INFO - Dependencies all met for dep_context=requeueable deps ti=<TaskInstance: correction_Dag_Valeu_NULL.correct_transactions_anomalies scheduled__2024-09-08T12:05:00+00:00 [queued]>
[2024-09-08T12:16:07.461+0000] {taskinstance.py:2865} INFO - Starting attempt 1 of 2
[2024-09-08T12:16:07.841+0000] {taskinstance.py:2888} INFO - Executing <Task(PythonOperator): correct_transactions_anomalies> on 2024-09-08 12:05:00+00:00
[2024-09-08T12:16:09.920+0000] {standard_task_runner.py:104} INFO - Running: ['airflow', 'tasks', 'run', 'correction_Dag_Valeu_NULL', 'correct_transactions_anomalies', 'scheduled__2024-09-08T12:05:00+00:00', '--job-id', '611', '--raw', '--subdir', 'DAGS_FOLDER/Correction_dag_Valeur_NULL.py', '--cfg-path', '/tmp/tmp7w1lxvsa']
[2024-09-08T12:16:10.498+0000] {standard_task_runner.py:105} INFO - Job 611: Subtask correct_transactions_anomalies
[2024-09-08T12:16:10.063+0000] {logging_mixin.py:190} WARNING - /home/airflow/.local/lib/python3.12/site-packages/airflow/task/task_runner/standard_task_runner.py:70 DeprecationWarning: This process (pid=8982) is multi-threaded, use of fork() may lead to deadlocks in the child.
[2024-09-08T12:16:10.521+0000] {standard_task_runner.py:72} INFO - Started process 9021 to run task
[2024-09-08T12:16:17.847+0000] {job.py:229} INFO - Heartbeat recovered after 17.59 seconds
[2024-09-08T12:16:18.426+0000] {task_command.py:467} INFO - Running <TaskInstance: correction_Dag_Valeu_NULL.correct_transactions_anomalies scheduled__2024-09-08T12:05:00+00:00 [running]> on host 13d1dadf4f15
[2024-09-08T12:16:28.494+0000] {taskinstance.py:3131} INFO - Exporting env vars: AIRFLOW_CTX_DAG_OWNER='airflow' AIRFLOW_CTX_DAG_ID='correction_Dag_Valeu_NULL' AIRFLOW_CTX_TASK_ID='correct_transactions_anomalies' AIRFLOW_CTX_EXECUTION_DATE='2024-09-08T12:05:00+00:00' AIRFLOW_CTX_TRY_NUMBER='1' AIRFLOW_CTX_DAG_RUN_ID='scheduled__2024-09-08T12:05:00+00:00'
[2024-09-08T12:16:28.577+0000] {taskinstance.py:731} INFO - ::endgroup::
[2024-09-08T12:16:30.259+0000] {logging_mixin.py:190} INFO - Correction des anomalies dans la table Transactions réussie.
[2024-09-08T12:16:30.267+0000] {python.py:240} INFO - Done. Returned value was: None
[2024-09-08T12:16:31.175+0000] {taskinstance.py:340} INFO - ::group::Post task execution logs
[2024-09-08T12:16:31.178+0000] {taskinstance.py:352} INFO - Marking task as SUCCESS. dag_id=correction_Dag_Valeu_NULL, task_id=correct_transactions_anomalies, run_id=scheduled__2024-09-08T12:05:00+00:00, execution_date=20240908T120500, start_date=20240908T121607, end_date=20240908T121631
[2024-09-08T12:16:31.375+0000] {local_task_job_runner.py:266} INFO - Task exited with return code 0
[2024-09-08T12:16:33.026+0000] {local_task_job_runner.py:245} INFO - ::endgroup::
[2024-09-08T12:16:36.220+0000] {standard_task_runner.py:217} INFO - Process not found (most likely exited), stop collecting metrics
