[2024-09-13T20:15:08.269+0000] {local_task_job_runner.py:123} INFO - ::group::Pre task execution logs
[2024-09-13T20:15:08.627+0000] {taskinstance.py:2612} INFO - Dependencies all met for dep_context=non-requeueable deps ti=<TaskInstance: dag_detect_excessively_high_total_amount.run_anomaly_detection scheduled__2024-09-13T20:00:00+00:00 [queued]>
[2024-09-13T20:15:08.655+0000] {taskinstance.py:2612} INFO - Dependencies all met for dep_context=requeueable deps ti=<TaskInstance: dag_detect_excessively_high_total_amount.run_anomaly_detection scheduled__2024-09-13T20:00:00+00:00 [queued]>
[2024-09-13T20:15:08.657+0000] {taskinstance.py:2865} INFO - Starting attempt 1 of 2
[2024-09-13T20:15:08.705+0000] {taskinstance.py:2888} INFO - Executing <Task(PythonOperator): run_anomaly_detection> on 2024-09-13 20:00:00+00:00
[2024-09-13T20:15:08.747+0000] {logging_mixin.py:190} WARNING - /home/airflow/.local/lib/python3.12/site-packages/airflow/task/task_runner/standard_task_runner.py:70 DeprecationWarning: This process (pid=58677) is multi-threaded, use of fork() may lead to deadlocks in the child.
[2024-09-13T20:15:08.749+0000] {standard_task_runner.py:72} INFO - Started process 58715 to run task
[2024-09-13T20:15:08.756+0000] {standard_task_runner.py:104} INFO - Running: ['airflow', 'tasks', 'run', 'dag_detect_excessively_high_total_amount', 'run_anomaly_detection', 'scheduled__2024-09-13T20:00:00+00:00', '--job-id', '3465', '--raw', '--subdir', 'DAGS_FOLDER/dag_detect_excessively_high_total_amount.py', '--cfg-path', '/tmp/tmpwstfkibx']
[2024-09-13T20:15:08.760+0000] {standard_task_runner.py:105} INFO - Job 3465: Subtask run_anomaly_detection
[2024-09-13T20:15:09.711+0000] {task_command.py:467} INFO - Running <TaskInstance: dag_detect_excessively_high_total_amount.run_anomaly_detection scheduled__2024-09-13T20:00:00+00:00 [running]> on host 7403e816bcf5
[2024-09-13T20:15:11.142+0000] {taskinstance.py:3131} INFO - Exporting env vars: AIRFLOW_CTX_DAG_OWNER='airflow' AIRFLOW_CTX_DAG_ID='dag_detect_excessively_high_total_amount' AIRFLOW_CTX_TASK_ID='run_anomaly_detection' AIRFLOW_CTX_EXECUTION_DATE='2024-09-13T20:00:00+00:00' AIRFLOW_CTX_TRY_NUMBER='1' AIRFLOW_CTX_DAG_RUN_ID='scheduled__2024-09-13T20:00:00+00:00'
[2024-09-13T20:15:11.145+0000] {taskinstance.py:731} INFO - ::endgroup::
[2024-09-13T20:15:11.181+0000] {dag_detect_excessively_high_total_amount.py:118} INFO - Starting anomaly detection process
[2024-09-13T20:15:12.532+0000] {dag_detect_excessively_high_total_amount.py:124} INFO - Loaded 15 transactions and 4 products
[2024-09-13T20:15:12.577+0000] {dag_detect_excessively_high_total_amount.py:127} INFO - Detected 0 anomalies
[2024-09-13T20:15:13.444+0000] {dag_detect_excessively_high_total_amount.py:111} INFO - Inserted 0 new anomalies.
[2024-09-13T20:15:13.446+0000] {dag_detect_excessively_high_total_amount.py:130} INFO - Anomaly detection process completed successfully
[2024-09-13T20:15:13.452+0000] {python.py:240} INFO - Done. Returned value was: None
[2024-09-13T20:15:13.965+0000] {taskinstance.py:340} INFO - ::group::Post task execution logs
[2024-09-13T20:15:13.967+0000] {taskinstance.py:352} INFO - Marking task as SUCCESS. dag_id=dag_detect_excessively_high_total_amount, task_id=run_anomaly_detection, run_id=scheduled__2024-09-13T20:00:00+00:00, execution_date=20240913T200000, start_date=20240913T201508, end_date=20240913T201513
[2024-09-13T20:15:14.346+0000] {local_task_job_runner.py:266} INFO - Task exited with return code 0
[2024-09-13T20:15:14.473+0000] {taskinstance.py:3900} INFO - 0 downstream tasks scheduled from follow-on schedule check
[2024-09-13T20:15:14.480+0000] {local_task_job_runner.py:245} INFO - ::endgroup::
