[2024-09-14T22:36:04.346+0000] {local_task_job_runner.py:123} INFO - ::group::Pre task execution logs
[2024-09-14T22:36:05.440+0000] {taskinstance.py:2612} INFO - Dependencies all met for dep_context=non-requeueable deps ti=<TaskInstance: Dag_NegativeQuantity_andTotalAmount.run_anomaly_detection scheduled__2024-09-14T22:25:00+00:00 [queued]>
[2024-09-14T22:36:05.549+0000] {taskinstance.py:2612} INFO - Dependencies all met for dep_context=requeueable deps ti=<TaskInstance: Dag_NegativeQuantity_andTotalAmount.run_anomaly_detection scheduled__2024-09-14T22:25:00+00:00 [queued]>
[2024-09-14T22:36:05.551+0000] {taskinstance.py:2865} INFO - Starting attempt 2 of 2
[2024-09-14T22:36:05.722+0000] {taskinstance.py:2888} INFO - Executing <Task(PythonOperator): run_anomaly_detection> on 2024-09-14 22:25:00+00:00
[2024-09-14T22:36:05.836+0000] {logging_mixin.py:190} WARNING - /home/airflow/.local/lib/python3.12/site-packages/airflow/task/task_runner/standard_task_runner.py:70 DeprecationWarning: This process (pid=16120) is multi-threaded, use of fork() may lead to deadlocks in the child.
[2024-09-14T22:36:05.859+0000] {standard_task_runner.py:72} INFO - Started process 16143 to run task
[2024-09-14T22:36:05.881+0000] {standard_task_runner.py:104} INFO - Running: ['airflow', 'tasks', 'run', 'Dag_NegativeQuantity_andTotalAmount', 'run_anomaly_detection', 'scheduled__2024-09-14T22:25:00+00:00', '--job-id', '4895', '--raw', '--subdir', 'DAGS_FOLDER/Dag_NegativeQuantity_andTotalAmount.py', '--cfg-path', '/tmp/tmpky75kdwf']
[2024-09-14T22:36:05.904+0000] {standard_task_runner.py:105} INFO - Job 4895: Subtask run_anomaly_detection
[2024-09-14T22:36:11.882+0000] {job.py:229} INFO - Heartbeat recovered after 11.79 seconds
[2024-09-14T22:36:12.378+0000] {task_command.py:467} INFO - Running <TaskInstance: Dag_NegativeQuantity_andTotalAmount.run_anomaly_detection scheduled__2024-09-14T22:25:00+00:00 [running]> on host 7403e816bcf5
[2024-09-14T22:36:18.370+0000] {taskinstance.py:3131} INFO - Exporting env vars: AIRFLOW_CTX_DAG_OWNER='airflow' AIRFLOW_CTX_DAG_ID='Dag_NegativeQuantity_andTotalAmount' AIRFLOW_CTX_TASK_ID='run_anomaly_detection' AIRFLOW_CTX_EXECUTION_DATE='2024-09-14T22:25:00+00:00' AIRFLOW_CTX_TRY_NUMBER='2' AIRFLOW_CTX_DAG_RUN_ID='scheduled__2024-09-14T22:25:00+00:00'
[2024-09-14T22:36:18.388+0000] {taskinstance.py:731} INFO - ::endgroup::
[2024-09-14T22:36:24.727+0000] {python.py:240} INFO - Done. Returned value was: None
[2024-09-14T22:36:26.027+0000] {taskinstance.py:340} INFO - ::group::Post task execution logs
[2024-09-14T22:36:26.056+0000] {taskinstance.py:352} INFO - Marking task as SUCCESS. dag_id=Dag_NegativeQuantity_andTotalAmount, task_id=run_anomaly_detection, run_id=scheduled__2024-09-14T22:25:00+00:00, execution_date=20240914T222500, start_date=20240914T223605, end_date=20240914T223626
[2024-09-14T22:36:30.725+0000] {job.py:229} INFO - Heartbeat recovered after 11.61 seconds
[2024-09-14T22:36:42.103+0000] {job.py:229} INFO - Heartbeat recovered after 11.57 seconds
[2024-09-14T22:36:51.819+0000] {local_task_job_runner.py:266} INFO - Task exited with return code 0
[2024-09-14T22:36:52.380+0000] {taskinstance.py:3900} INFO - 0 downstream tasks scheduled from follow-on schedule check
[2024-09-14T22:36:52.389+0000] {local_task_job_runner.py:245} INFO - ::endgroup::
