[2024-09-14T18:03:06.236+0000] {local_task_job_runner.py:123} INFO - ::group::Pre task execution logs
[2024-09-14T18:03:07.139+0000] {taskinstance.py:2612} INFO - Dependencies all met for dep_context=non-requeueable deps ti=<TaskInstance: welcome_dag.print_date scheduled__2024-09-14T18:00:24+00:00 [queued]>
[2024-09-14T18:03:07.191+0000] {taskinstance.py:2612} INFO - Dependencies all met for dep_context=requeueable deps ti=<TaskInstance: welcome_dag.print_date scheduled__2024-09-14T18:00:24+00:00 [queued]>
[2024-09-14T18:03:07.213+0000] {taskinstance.py:2865} INFO - Starting attempt 1 of 1
[2024-09-14T18:03:07.410+0000] {taskinstance.py:2888} INFO - Executing <Task(PythonOperator): print_date> on 2024-09-14 18:00:24+00:00
[2024-09-14T18:03:07.679+0000] {logging_mixin.py:190} WARNING - /home/airflow/.local/lib/python3.12/site-packages/airflow/task/task_runner/standard_task_runner.py:70 DeprecationWarning: This process (pid=96837) is multi-threaded, use of fork() may lead to deadlocks in the child.
[2024-09-14T18:03:07.663+0000] {standard_task_runner.py:104} INFO - Running: ['airflow', 'tasks', 'run', 'welcome_dag', 'print_date', 'scheduled__2024-09-14T18:00:24+00:00', '--job-id', '4201', '--raw', '--subdir', 'DAGS_FOLDER/Awelcome_dags.py', '--cfg-path', '/tmp/tmpjbbkswgi']
[2024-09-14T18:03:07.819+0000] {standard_task_runner.py:105} INFO - Job 4201: Subtask print_date
[2024-09-14T18:03:07.818+0000] {standard_task_runner.py:72} INFO - Started process 96864 to run task
[2024-09-14T18:03:15.347+0000] {task_command.py:467} INFO - Running <TaskInstance: welcome_dag.print_date scheduled__2024-09-14T18:00:24+00:00 [running]> on host 7403e816bcf5
[2024-09-14T18:03:16.133+0000] {job.py:229} INFO - Heartbeat recovered after 15.85 seconds
[2024-09-14T18:03:34.133+0000] {taskinstance.py:3131} INFO - Exporting env vars: AIRFLOW_CTX_DAG_OWNER='airflow' AIRFLOW_CTX_DAG_ID='welcome_dag' AIRFLOW_CTX_TASK_ID='print_date' AIRFLOW_CTX_EXECUTION_DATE='2024-09-14T18:00:24+00:00' AIRFLOW_CTX_TRY_NUMBER='1' AIRFLOW_CTX_DAG_RUN_ID='scheduled__2024-09-14T18:00:24+00:00'
[2024-09-14T18:03:34.589+0000] {taskinstance.py:731} INFO - ::endgroup::
[2024-09-14T18:03:35.285+0000] {job.py:229} INFO - Heartbeat recovered after 19.30 seconds
[2024-09-14T18:03:35.617+0000] {logging_mixin.py:190} INFO - Today is 2024-09-14
[2024-09-14T18:03:35.649+0000] {python.py:240} INFO - Done. Returned value was: None
[2024-09-14T18:03:37.145+0000] {taskinstance.py:340} INFO - ::group::Post task execution logs
[2024-09-14T18:03:37.168+0000] {taskinstance.py:352} INFO - Marking task as SUCCESS. dag_id=welcome_dag, task_id=print_date, run_id=scheduled__2024-09-14T18:00:24+00:00, execution_date=20240914T180024, start_date=20240914T180307, end_date=20240914T180337
[2024-09-14T18:03:37.993+0000] {local_task_job_runner.py:266} INFO - Task exited with return code 0
[2024-09-14T18:03:38.421+0000] {standard_task_runner.py:217} INFO - Process not found (most likely exited), stop collecting metrics
[2024-09-14T18:03:39.746+0000] {taskinstance.py:3900} INFO - 0 downstream tasks scheduled from follow-on schedule check
[2024-09-14T18:03:39.772+0000] {local_task_job_runner.py:245} INFO - ::endgroup::
