[2024-09-11T16:00:08.517+0000] {local_task_job_runner.py:123} INFO - ::group::Pre task execution logs
[2024-09-11T16:00:10.930+0000] {taskinstance.py:2612} INFO - Dependencies all met for dep_context=non-requeueable deps ti=<TaskInstance: Correction_dag_high_total_amount.Correction_dag_high_total_amount scheduled__2024-09-11T15:55:00+00:00 [queued]>
[2024-09-11T16:00:11.070+0000] {taskinstance.py:2612} INFO - Dependencies all met for dep_context=requeueable deps ti=<TaskInstance: Correction_dag_high_total_amount.Correction_dag_high_total_amount scheduled__2024-09-11T15:55:00+00:00 [queued]>
[2024-09-11T16:00:11.073+0000] {taskinstance.py:2865} INFO - Starting attempt 1 of 2
[2024-09-11T16:00:13.545+0000] {taskinstance.py:2888} INFO - Executing <Task(PythonOperator): Correction_dag_high_total_amount> on 2024-09-11 15:55:00+00:00
[2024-09-11T16:00:13.689+0000] {standard_task_runner.py:104} INFO - Running: ['airflow', 'tasks', 'run', 'Correction_dag_high_total_amount', 'Correction_dag_high_total_amount', 'scheduled__2024-09-11T15:55:00+00:00', '--job-id', '967', '--raw', '--subdir', 'DAGS_FOLDER/Correction_dag_high_total_amount.py', '--cfg-path', '/tmp/tmpwfs1hx0e']
[2024-09-11T16:00:13.770+0000] {standard_task_runner.py:105} INFO - Job 967: Subtask Correction_dag_high_total_amount
[2024-09-11T16:00:15.747+0000] {logging_mixin.py:190} WARNING - /home/airflow/.local/lib/python3.12/site-packages/airflow/task/task_runner/standard_task_runner.py:70 DeprecationWarning: This process (pid=2416) is multi-threaded, use of fork() may lead to deadlocks in the child.
[2024-09-11T16:00:15.760+0000] {standard_task_runner.py:72} INFO - Started process 2451 to run task
[2024-09-11T16:00:21.951+0000] {task_command.py:467} INFO - Running <TaskInstance: Correction_dag_high_total_amount.Correction_dag_high_total_amount scheduled__2024-09-11T15:55:00+00:00 [running]> on host b8b5351e8a6b
[2024-09-11T16:00:22.854+0000] {job.py:229} INFO - Heartbeat recovered after 18.89 seconds
[2024-09-11T16:00:52.442+0000] {job.py:229} INFO - Heartbeat recovered after 10.81 seconds
[2024-09-11T16:01:09.735+0000] {taskinstance.py:3131} INFO - Exporting env vars: AIRFLOW_CTX_DAG_OWNER='airflow' AIRFLOW_CTX_DAG_ID='Correction_dag_high_total_amount' AIRFLOW_CTX_TASK_ID='Correction_dag_high_total_amount' AIRFLOW_CTX_EXECUTION_DATE='2024-09-11T15:55:00+00:00' AIRFLOW_CTX_TRY_NUMBER='1' AIRFLOW_CTX_DAG_RUN_ID='scheduled__2024-09-11T15:55:00+00:00'
[2024-09-11T16:01:09.813+0000] {taskinstance.py:731} INFO - ::endgroup::
[2024-09-11T16:01:10.023+0000] {job.py:229} INFO - Heartbeat recovered after 17.80 seconds
[2024-09-11T16:01:10.585+0000] {logging_mixin.py:190} INFO - Les anomalies ont été corrigées dans la base de données.
[2024-09-11T16:01:10.600+0000] {python.py:240} INFO - Done. Returned value was: None
[2024-09-11T16:01:13.609+0000] {taskinstance.py:340} INFO - ::group::Post task execution logs
[2024-09-11T16:01:13.613+0000] {taskinstance.py:352} INFO - Marking task as SUCCESS. dag_id=Correction_dag_high_total_amount, task_id=Correction_dag_high_total_amount, run_id=scheduled__2024-09-11T15:55:00+00:00, execution_date=20240911T155500, start_date=20240911T160010, end_date=20240911T160113
[2024-09-11T16:01:13.933+0000] {local_task_job_runner.py:266} INFO - Task exited with return code 0
[2024-09-11T16:01:16.628+0000] {local_task_job_runner.py:245} INFO - ::endgroup::
[2024-09-11T16:01:17.398+0000] {standard_task_runner.py:217} INFO - Process not found (most likely exited), stop collecting metrics
