[2024-09-14T20:01:17.431+0000] {local_task_job_runner.py:123} INFO - ::group::Pre task execution logs
[2024-09-14T20:01:20.045+0000] {taskinstance.py:2612} INFO - Dependencies all met for dep_context=non-requeueable deps ti=<TaskInstance: welcome_dag.print_welcome scheduled__2024-09-14T20:00:21+00:00 [queued]>
[2024-09-14T20:01:20.222+0000] {taskinstance.py:2612} INFO - Dependencies all met for dep_context=requeueable deps ti=<TaskInstance: welcome_dag.print_welcome scheduled__2024-09-14T20:00:21+00:00 [queued]>
[2024-09-14T20:01:20.223+0000] {taskinstance.py:2865} INFO - Starting attempt 1 of 1
[2024-09-14T20:01:20.458+0000] {taskinstance.py:2888} INFO - Executing <Task(PythonOperator): print_welcome> on 2024-09-14 20:00:21+00:00
[2024-09-14T20:01:20.574+0000] {logging_mixin.py:190} WARNING - /home/airflow/.local/lib/python3.12/site-packages/airflow/task/task_runner/standard_task_runner.py:70 DeprecationWarning: This process (pid=13183) is multi-threaded, use of fork() may lead to deadlocks in the child.
[2024-09-14T20:01:20.596+0000] {standard_task_runner.py:72} INFO - Started process 13202 to run task
[2024-09-14T20:01:20.580+0000] {standard_task_runner.py:104} INFO - Running: ['airflow', 'tasks', 'run', 'welcome_dag', 'print_welcome', 'scheduled__2024-09-14T20:00:21+00:00', '--job-id', '4481', '--raw', '--subdir', 'DAGS_FOLDER/Awelcome_dags.py', '--cfg-path', '/tmp/tmpknq16cyw']
[2024-09-14T20:01:20.672+0000] {standard_task_runner.py:105} INFO - Job 4481: Subtask print_welcome
[2024-09-14T20:01:22.261+0000] {task_command.py:467} INFO - Running <TaskInstance: welcome_dag.print_welcome scheduled__2024-09-14T20:00:21+00:00 [running]> on host 7403e816bcf5
[2024-09-14T20:01:23.738+0000] {taskinstance.py:3131} INFO - Exporting env vars: AIRFLOW_CTX_DAG_OWNER='airflow' AIRFLOW_CTX_DAG_ID='welcome_dag' AIRFLOW_CTX_TASK_ID='print_welcome' AIRFLOW_CTX_EXECUTION_DATE='2024-09-14T20:00:21+00:00' AIRFLOW_CTX_TRY_NUMBER='1' AIRFLOW_CTX_DAG_RUN_ID='scheduled__2024-09-14T20:00:21+00:00'
[2024-09-14T20:01:23.740+0000] {taskinstance.py:731} INFO - ::endgroup::
[2024-09-14T20:01:23.928+0000] {logging_mixin.py:190} INFO - Welcome to Airflow!
[2024-09-14T20:01:23.930+0000] {python.py:240} INFO - Done. Returned value was: None
[2024-09-14T20:01:24.298+0000] {taskinstance.py:340} INFO - ::group::Post task execution logs
[2024-09-14T20:01:24.303+0000] {taskinstance.py:352} INFO - Marking task as SUCCESS. dag_id=welcome_dag, task_id=print_welcome, run_id=scheduled__2024-09-14T20:00:21+00:00, execution_date=20240914T200021, start_date=20240914T200120, end_date=20240914T200124
[2024-09-14T20:01:24.398+0000] {local_task_job_runner.py:266} INFO - Task exited with return code 0
[2024-09-14T20:01:24.824+0000] {taskinstance.py:3900} INFO - 1 downstream tasks scheduled from follow-on schedule check
[2024-09-14T20:01:24.834+0000] {local_task_job_runner.py:245} INFO - ::endgroup::
[2024-09-14T20:01:25.635+0000] {standard_task_runner.py:217} INFO - Process not found (most likely exited), stop collecting metrics
