[2024-09-08T12:15:13.398+0000] {local_task_job_runner.py:123} INFO - ::group::Pre task execution logs
[2024-09-08T12:15:16.466+0000] {taskinstance.py:2612} INFO - Dependencies all met for dep_context=non-requeueable deps ti=<TaskInstance: correction_Dag_Negative_Value.correct_negative_values scheduled__2024-09-08T12:05:00+00:00 [queued]>
[2024-09-08T12:15:16.561+0000] {taskinstance.py:2612} INFO - Dependencies all met for dep_context=requeueable deps ti=<TaskInstance: correction_Dag_Negative_Value.correct_negative_values scheduled__2024-09-08T12:05:00+00:00 [queued]>
[2024-09-08T12:15:16.576+0000] {taskinstance.py:2865} INFO - Starting attempt 1 of 2
[2024-09-08T12:15:17.000+0000] {taskinstance.py:2888} INFO - Executing <Task(PythonOperator): correct_negative_values> on 2024-09-08 12:05:00+00:00
[2024-09-08T12:15:17.292+0000] {standard_task_runner.py:104} INFO - Running: ['airflow', 'tasks', 'run', 'correction_Dag_Negative_Value', 'correct_negative_values', 'scheduled__2024-09-08T12:05:00+00:00', '--job-id', '607', '--raw', '--subdir', 'DAGS_FOLDER/Correction_dag_Negative_Value.py', '--cfg-path', '/tmp/tmpw3u13yj0']
[2024-09-08T12:15:17.367+0000] {standard_task_runner.py:105} INFO - Job 607: Subtask correct_negative_values
[2024-09-08T12:15:17.666+0000] {logging_mixin.py:190} WARNING - /home/airflow/.local/lib/python3.12/site-packages/airflow/task/task_runner/standard_task_runner.py:70 DeprecationWarning: This process (pid=8929) is multi-threaded, use of fork() may lead to deadlocks in the child.
[2024-09-08T12:15:17.690+0000] {standard_task_runner.py:72} INFO - Started process 8953 to run task
[2024-09-08T12:15:24.031+0000] {task_command.py:467} INFO - Running <TaskInstance: correction_Dag_Negative_Value.correct_negative_values scheduled__2024-09-08T12:05:00+00:00 [running]> on host 13d1dadf4f15
[2024-09-08T12:15:25.115+0000] {job.py:229} INFO - Heartbeat recovered after 16.22 seconds
[2024-09-08T12:15:31.788+0000] {taskinstance.py:3131} INFO - Exporting env vars: AIRFLOW_CTX_DAG_OWNER='airflow' AIRFLOW_CTX_DAG_ID='correction_Dag_Negative_Value' AIRFLOW_CTX_TASK_ID='correct_negative_values' AIRFLOW_CTX_EXECUTION_DATE='2024-09-08T12:05:00+00:00' AIRFLOW_CTX_TRY_NUMBER='1' AIRFLOW_CTX_DAG_RUN_ID='scheduled__2024-09-08T12:05:00+00:00'
[2024-09-08T12:15:31.946+0000] {taskinstance.py:731} INFO - ::endgroup::
[2024-09-08T12:15:34.850+0000] {logging_mixin.py:190} INFO - Anomalies corrigées avec succès.
[2024-09-08T12:15:34.854+0000] {python.py:240} INFO - Done. Returned value was: None
[2024-09-08T12:15:37.248+0000] {taskinstance.py:340} INFO - ::group::Post task execution logs
[2024-09-08T12:15:37.270+0000] {taskinstance.py:352} INFO - Marking task as SUCCESS. dag_id=correction_Dag_Negative_Value, task_id=correct_negative_values, run_id=scheduled__2024-09-08T12:05:00+00:00, execution_date=20240908T120500, start_date=20240908T121516, end_date=20240908T121537
[2024-09-08T12:15:38.277+0000] {local_task_job_runner.py:266} INFO - Task exited with return code 0
[2024-09-08T12:15:40.730+0000] {local_task_job_runner.py:245} INFO - ::endgroup::
[2024-09-08T12:15:42.858+0000] {standard_task_runner.py:217} INFO - Process not found (most likely exited), stop collecting metrics
