[2024-09-07T23:00:26.458+0000] {local_task_job_runner.py:123} INFO - ::group::Pre task execution logs
[2024-09-07T23:00:29.327+0000] {taskinstance.py:2612} INFO - Dependencies all met for dep_context=non-requeueable deps ti=<TaskInstance: welcome_dag.print_welcome scheduled__2024-09-07T22:00:59+00:00 [queued]>
[2024-09-07T23:00:29.867+0000] {taskinstance.py:2612} INFO - Dependencies all met for dep_context=requeueable deps ti=<TaskInstance: welcome_dag.print_welcome scheduled__2024-09-07T22:00:59+00:00 [queued]>
[2024-09-07T23:00:29.892+0000] {taskinstance.py:2865} INFO - Starting attempt 1 of 1
[2024-09-07T23:00:32.409+0000] {taskinstance.py:2888} INFO - Executing <Task(PythonOperator): print_welcome> on 2024-09-07 22:00:59+00:00
[2024-09-07T23:00:33.997+0000] {logging_mixin.py:190} WARNING - /home/airflow/.local/lib/python3.12/site-packages/airflow/task/task_runner/standard_task_runner.py:70 DeprecationWarning: This process (pid=527) is multi-threaded, use of fork() may lead to deadlocks in the child.
[2024-09-07T23:00:34.084+0000] {standard_task_runner.py:72} INFO - Started process 570 to run task
[2024-09-07T23:00:33.788+0000] {standard_task_runner.py:104} INFO - Running: ['airflow', 'tasks', 'run', 'welcome_dag', 'print_welcome', 'scheduled__2024-09-07T22:00:59+00:00', '--job-id', '432', '--raw', '--subdir', 'DAGS_FOLDER/Awelcome_dags.py', '--cfg-path', '/tmp/tmp6ra8csts']
[2024-09-07T23:00:34.156+0000] {standard_task_runner.py:105} INFO - Job 432: Subtask print_welcome
[2024-09-07T23:00:45.158+0000] {job.py:229} INFO - Heartbeat recovered after 36.88 seconds
[2024-09-07T23:00:46.308+0000] {task_command.py:467} INFO - Running <TaskInstance: welcome_dag.print_welcome scheduled__2024-09-07T22:00:59+00:00 [running]> on host 13d1dadf4f15
[2024-09-07T23:00:53.012+0000] {taskinstance.py:3131} INFO - Exporting env vars: AIRFLOW_CTX_DAG_OWNER='airflow' AIRFLOW_CTX_DAG_ID='welcome_dag' AIRFLOW_CTX_TASK_ID='print_welcome' AIRFLOW_CTX_EXECUTION_DATE='2024-09-07T22:00:59+00:00' AIRFLOW_CTX_TRY_NUMBER='1' AIRFLOW_CTX_DAG_RUN_ID='scheduled__2024-09-07T22:00:59+00:00'
[2024-09-07T23:00:53.048+0000] {taskinstance.py:731} INFO - ::endgroup::
[2024-09-07T23:00:53.554+0000] {logging_mixin.py:190} INFO - Welcome to Airflow!
[2024-09-07T23:00:53.563+0000] {python.py:240} INFO - Done. Returned value was: None
[2024-09-07T23:00:54.984+0000] {taskinstance.py:340} INFO - ::group::Post task execution logs
[2024-09-07T23:00:55.003+0000] {taskinstance.py:352} INFO - Marking task as SUCCESS. dag_id=welcome_dag, task_id=print_welcome, run_id=scheduled__2024-09-07T22:00:59+00:00, execution_date=20240907T220059, start_date=20240907T230029, end_date=20240907T230055
[2024-09-07T23:00:55.369+0000] {local_task_job_runner.py:266} INFO - Task exited with return code 0
[2024-09-07T23:00:56.465+0000] {local_task_job_runner.py:245} INFO - ::endgroup::
[2024-09-07T23:00:59.214+0000] {standard_task_runner.py:217} INFO - Process not found (most likely exited), stop collecting metrics
