[2024-09-11T19:40:06.423+0000] {local_task_job_runner.py:123} INFO - ::group::Pre task execution logs
[2024-09-11T19:40:06.975+0000] {taskinstance.py:2612} INFO - Dependencies all met for dep_context=non-requeueable deps ti=<TaskInstance: Correction_dag_high_total_amount.Correction_dag_high_total_amount scheduled__2024-09-11T19:35:00+00:00 [queued]>
[2024-09-11T19:40:07.077+0000] {taskinstance.py:2612} INFO - Dependencies all met for dep_context=requeueable deps ti=<TaskInstance: Correction_dag_high_total_amount.Correction_dag_high_total_amount scheduled__2024-09-11T19:35:00+00:00 [queued]>
[2024-09-11T19:40:07.083+0000] {taskinstance.py:2865} INFO - Starting attempt 1 of 2
[2024-09-11T19:40:07.244+0000] {taskinstance.py:2888} INFO - Executing <Task(PythonOperator): Correction_dag_high_total_amount> on 2024-09-11 19:35:00+00:00
[2024-09-11T19:40:07.302+0000] {standard_task_runner.py:104} INFO - Running: ['airflow', 'tasks', 'run', 'Correction_dag_high_total_amount', 'Correction_dag_high_total_amount', 'scheduled__2024-09-11T19:35:00+00:00', '--job-id', '1494', '--raw', '--subdir', 'DAGS_FOLDER/Correction_dag_high_total_amount.py', '--cfg-path', '/tmp/tmps2ju9mkl']
[2024-09-11T19:40:07.310+0000] {standard_task_runner.py:105} INFO - Job 1494: Subtask Correction_dag_high_total_amount
[2024-09-11T19:40:07.438+0000] {logging_mixin.py:190} WARNING - /home/airflow/.local/lib/python3.12/site-packages/airflow/task/task_runner/standard_task_runner.py:70 DeprecationWarning: This process (pid=29223) is multi-threaded, use of fork() may lead to deadlocks in the child.
[2024-09-11T19:40:07.453+0000] {standard_task_runner.py:72} INFO - Started process 29272 to run task
[2024-09-11T19:40:08.442+0000] {task_command.py:467} INFO - Running <TaskInstance: Correction_dag_high_total_amount.Correction_dag_high_total_amount scheduled__2024-09-11T19:35:00+00:00 [running]> on host b8b5351e8a6b
[2024-09-11T19:40:10.161+0000] {taskinstance.py:3131} INFO - Exporting env vars: AIRFLOW_CTX_DAG_OWNER='airflow' AIRFLOW_CTX_DAG_ID='Correction_dag_high_total_amount' AIRFLOW_CTX_TASK_ID='Correction_dag_high_total_amount' AIRFLOW_CTX_EXECUTION_DATE='2024-09-11T19:35:00+00:00' AIRFLOW_CTX_TRY_NUMBER='1' AIRFLOW_CTX_DAG_RUN_ID='scheduled__2024-09-11T19:35:00+00:00'
[2024-09-11T19:40:10.164+0000] {taskinstance.py:731} INFO - ::endgroup::
[2024-09-11T19:40:10.294+0000] {logging_mixin.py:190} INFO - Les anomalies ont été corrigées dans la base de données.
[2024-09-11T19:40:10.296+0000] {python.py:240} INFO - Done. Returned value was: None
[2024-09-11T19:40:10.609+0000] {taskinstance.py:340} INFO - ::group::Post task execution logs
[2024-09-11T19:40:10.612+0000] {taskinstance.py:352} INFO - Marking task as SUCCESS. dag_id=Correction_dag_high_total_amount, task_id=Correction_dag_high_total_amount, run_id=scheduled__2024-09-11T19:35:00+00:00, execution_date=20240911T193500, start_date=20240911T194006, end_date=20240911T194010
[2024-09-11T19:40:10.690+0000] {local_task_job_runner.py:266} INFO - Task exited with return code 0
[2024-09-11T19:40:11.094+0000] {taskinstance.py:3900} INFO - 0 downstream tasks scheduled from follow-on schedule check
[2024-09-11T19:40:11.105+0000] {local_task_job_runner.py:245} INFO - ::endgroup::
[2024-09-11T19:40:12.486+0000] {standard_task_runner.py:217} INFO - Process not found (most likely exited), stop collecting metrics
