[2024-09-11T14:01:11.193+0000] {local_task_job_runner.py:123} INFO - ::group::Pre task execution logs
[2024-09-11T14:01:14.329+0000] {taskinstance.py:2612} INFO - Dependencies all met for dep_context=non-requeueable deps ti=<TaskInstance: welcome_dag.print_welcome scheduled__2024-09-11T14:00:08+00:00 [queued]>
[2024-09-11T14:01:14.522+0000] {taskinstance.py:2612} INFO - Dependencies all met for dep_context=requeueable deps ti=<TaskInstance: welcome_dag.print_welcome scheduled__2024-09-11T14:00:08+00:00 [queued]>
[2024-09-11T14:01:14.528+0000] {taskinstance.py:2865} INFO - Starting attempt 1 of 1
[2024-09-11T14:01:16.412+0000] {taskinstance.py:2888} INFO - Executing <Task(PythonOperator): print_welcome> on 2024-09-11 14:00:08+00:00
[2024-09-11T14:01:16.681+0000] {standard_task_runner.py:104} INFO - Running: ['airflow', 'tasks', 'run', 'welcome_dag', 'print_welcome', 'scheduled__2024-09-11T14:00:08+00:00', '--job-id', '705', '--raw', '--subdir', 'DAGS_FOLDER/Awelcome_dags.py', '--cfg-path', '/tmp/tmpytkl7jdk']
[2024-09-11T14:01:16.748+0000] {standard_task_runner.py:105} INFO - Job 705: Subtask print_welcome
[2024-09-11T14:01:16.941+0000] {logging_mixin.py:190} WARNING - /home/airflow/.local/lib/python3.12/site-packages/airflow/task/task_runner/standard_task_runner.py:70 DeprecationWarning: This process (pid=7512) is multi-threaded, use of fork() may lead to deadlocks in the child.
[2024-09-11T14:01:16.961+0000] {standard_task_runner.py:72} INFO - Started process 7554 to run task
[2024-09-11T14:01:20.492+0000] {task_command.py:467} INFO - Running <TaskInstance: welcome_dag.print_welcome scheduled__2024-09-11T14:00:08+00:00 [running]> on host 180117ed1726
[2024-09-11T14:01:23.431+0000] {job.py:229} INFO - Heartbeat recovered after 20.45 seconds
[2024-09-11T14:01:27.492+0000] {taskinstance.py:3131} INFO - Exporting env vars: AIRFLOW_CTX_DAG_OWNER='airflow' AIRFLOW_CTX_DAG_ID='welcome_dag' AIRFLOW_CTX_TASK_ID='print_welcome' AIRFLOW_CTX_EXECUTION_DATE='2024-09-11T14:00:08+00:00' AIRFLOW_CTX_TRY_NUMBER='1' AIRFLOW_CTX_DAG_RUN_ID='scheduled__2024-09-11T14:00:08+00:00'
[2024-09-11T14:01:27.503+0000] {taskinstance.py:731} INFO - ::endgroup::
[2024-09-11T14:01:27.590+0000] {logging_mixin.py:190} INFO - Welcome to Airflow!
[2024-09-11T14:01:27.591+0000] {python.py:240} INFO - Done. Returned value was: None
[2024-09-11T14:01:28.432+0000] {taskinstance.py:340} INFO - ::group::Post task execution logs
[2024-09-11T14:01:28.440+0000] {taskinstance.py:352} INFO - Marking task as SUCCESS. dag_id=welcome_dag, task_id=print_welcome, run_id=scheduled__2024-09-11T14:00:08+00:00, execution_date=20240911T140008, start_date=20240911T140114, end_date=20240911T140128
[2024-09-11T14:01:28.605+0000] {local_task_job_runner.py:266} INFO - Task exited with return code 0
[2024-09-11T14:01:29.763+0000] {local_task_job_runner.py:245} INFO - ::endgroup::
[2024-09-11T14:01:32.051+0000] {standard_task_runner.py:217} INFO - Process not found (most likely exited), stop collecting metrics
