[2024-09-22T18:00:12.764+0000] {local_task_job_runner.py:123} INFO - ::group::Pre task execution logs
[2024-09-22T18:00:15.752+0000] {taskinstance.py:2612} INFO - Dependencies all met for dep_context=non-requeueable deps ti=<TaskInstance: detect_transaction_date_anomalies_dag.run_anomaly_detection scheduled__2024-09-22T17:55:00+00:00 [queued]>
[2024-09-22T18:00:15.937+0000] {taskinstance.py:2612} INFO - Dependencies all met for dep_context=requeueable deps ti=<TaskInstance: detect_transaction_date_anomalies_dag.run_anomaly_detection scheduled__2024-09-22T17:55:00+00:00 [queued]>
[2024-09-22T18:00:15.961+0000] {taskinstance.py:2865} INFO - Starting attempt 1 of 2
[2024-09-22T18:00:28.929+0000] {taskinstance.py:2888} INFO - Executing <Task(PythonOperator): run_anomaly_detection> on 2024-09-22 17:55:00+00:00
[2024-09-22T18:00:29.057+0000] {logging_mixin.py:190} WARNING - /home/airflow/.local/lib/python3.12/site-packages/airflow/task/task_runner/standard_task_runner.py:70 DeprecationWarning: This process (pid=35030) is multi-threaded, use of fork() may lead to deadlocks in the child.
[2024-09-22T18:00:29.074+0000] {standard_task_runner.py:72} INFO - Started process 35108 to run task
[2024-09-22T18:00:29.041+0000] {standard_task_runner.py:104} INFO - Running: ['airflow', 'tasks', 'run', 'detect_transaction_date_anomalies_dag', 'run_anomaly_detection', 'scheduled__2024-09-22T17:55:00+00:00', '--job-id', '5690', '--raw', '--subdir', 'DAGS_FOLDER/Dag-Transaction-Date-in-the-Paste.py', '--cfg-path', '/tmp/tmpo48sv_0k']
[2024-09-22T18:00:29.081+0000] {standard_task_runner.py:105} INFO - Job 5690: Subtask run_anomaly_detection
[2024-09-22T18:00:33.066+0000] {task_command.py:467} INFO - Running <TaskInstance: detect_transaction_date_anomalies_dag.run_anomaly_detection scheduled__2024-09-22T17:55:00+00:00 [running]> on host 93b0c38322b3
[2024-09-22T18:00:35.169+0000] {job.py:229} INFO - Heartbeat recovered after 30.39 seconds
[2024-09-22T18:00:37.030+0000] {taskinstance.py:3131} INFO - Exporting env vars: AIRFLOW_CTX_DAG_OWNER='airflow' AIRFLOW_CTX_DAG_ID='detect_transaction_date_anomalies_dag' AIRFLOW_CTX_TASK_ID='run_anomaly_detection' AIRFLOW_CTX_EXECUTION_DATE='2024-09-22T17:55:00+00:00' AIRFLOW_CTX_TRY_NUMBER='1' AIRFLOW_CTX_DAG_RUN_ID='scheduled__2024-09-22T17:55:00+00:00'
[2024-09-22T18:00:37.076+0000] {taskinstance.py:731} INFO - ::endgroup::
[2024-09-22T18:00:40.227+0000] {Dag-Transaction-Date-in-the-Paste.py:97} INFO - Inserting 2 detected anomalies
[2024-09-22T18:00:42.063+0000] {python.py:240} INFO - Done. Returned value was: None
[2024-09-22T18:00:42.779+0000] {taskinstance.py:340} INFO - ::group::Post task execution logs
[2024-09-22T18:00:42.781+0000] {taskinstance.py:352} INFO - Marking task as SUCCESS. dag_id=detect_transaction_date_anomalies_dag, task_id=run_anomaly_detection, run_id=scheduled__2024-09-22T17:55:00+00:00, execution_date=20240922T175500, start_date=20240922T180015, end_date=20240922T180042
[2024-09-22T18:00:42.946+0000] {local_task_job_runner.py:266} INFO - Task exited with return code 0
[2024-09-22T18:00:43.856+0000] {local_task_job_runner.py:245} INFO - ::endgroup::
[2024-09-22T18:00:44.119+0000] {standard_task_runner.py:217} INFO - Process not found (most likely exited), stop collecting metrics
