[2024-09-12T12:50:04.300+0000] {local_task_job_runner.py:123} INFO - ::group::Pre task execution logs
[2024-09-12T12:50:05.011+0000] {taskinstance.py:2612} INFO - Dependencies all met for dep_context=non-requeueable deps ti=<TaskInstance: correction_Dag_1FN.correct_1nf_violations scheduled__2024-09-12T12:45:00+00:00 [queued]>
[2024-09-12T12:50:05.084+0000] {taskinstance.py:2612} INFO - Dependencies all met for dep_context=requeueable deps ti=<TaskInstance: correction_Dag_1FN.correct_1nf_violations scheduled__2024-09-12T12:45:00+00:00 [queued]>
[2024-09-12T12:50:05.085+0000] {taskinstance.py:2865} INFO - Starting attempt 1 of 2
[2024-09-12T12:50:05.176+0000] {taskinstance.py:2888} INFO - Executing <Task(PythonOperator): correct_1nf_violations> on 2024-09-12 12:45:00+00:00
[2024-09-12T12:50:05.254+0000] {standard_task_runner.py:104} INFO - Running: ['airflow', 'tasks', 'run', 'correction_Dag_1FN', 'correct_1nf_violations', 'scheduled__2024-09-12T12:45:00+00:00', '--job-id', '1884', '--raw', '--subdir', 'DAGS_FOLDER/Correction_dag_1FN.py', '--cfg-path', '/tmp/tmpu7yic63v']
[2024-09-12T12:50:05.278+0000] {standard_task_runner.py:105} INFO - Job 1884: Subtask correct_1nf_violations
[2024-09-12T12:50:05.371+0000] {logging_mixin.py:190} WARNING - /home/airflow/.local/lib/python3.12/site-packages/airflow/task/task_runner/standard_task_runner.py:70 DeprecationWarning: This process (pid=16480) is multi-threaded, use of fork() may lead to deadlocks in the child.
[2024-09-12T12:50:05.373+0000] {standard_task_runner.py:72} INFO - Started process 16502 to run task
[2024-09-12T12:50:07.064+0000] {task_command.py:467} INFO - Running <TaskInstance: correction_Dag_1FN.correct_1nf_violations scheduled__2024-09-12T12:45:00+00:00 [running]> on host 7403e816bcf5
[2024-09-12T12:50:11.540+0000] {taskinstance.py:3131} INFO - Exporting env vars: AIRFLOW_CTX_DAG_OWNER='airflow' AIRFLOW_CTX_DAG_ID='correction_Dag_1FN' AIRFLOW_CTX_TASK_ID='correct_1nf_violations' AIRFLOW_CTX_EXECUTION_DATE='2024-09-12T12:45:00+00:00' AIRFLOW_CTX_TRY_NUMBER='1' AIRFLOW_CTX_DAG_RUN_ID='scheduled__2024-09-12T12:45:00+00:00'
[2024-09-12T12:50:11.659+0000] {taskinstance.py:731} INFO - ::endgroup::
[2024-09-12T12:50:15.455+0000] {logging_mixin.py:190} INFO - Erreur lors de la correction des anomalies : cannot drop table orders because other objects depend on it
DETAIL:  constraint orderdetails_order_id_fkey on table orderdetails depends on table orders
HINT:  Use DROP ... CASCADE to drop the dependent objects too.
[2024-09-12T12:50:15.460+0000] {python.py:240} INFO - Done. Returned value was: None
[2024-09-12T12:50:15.753+0000] {job.py:229} INFO - Heartbeat recovered after 12.50 seconds
[2024-09-12T12:50:17.281+0000] {taskinstance.py:340} INFO - ::group::Post task execution logs
[2024-09-12T12:50:17.283+0000] {taskinstance.py:352} INFO - Marking task as SUCCESS. dag_id=correction_Dag_1FN, task_id=correct_1nf_violations, run_id=scheduled__2024-09-12T12:45:00+00:00, execution_date=20240912T124500, start_date=20240912T125005, end_date=20240912T125017
[2024-09-12T12:50:18.249+0000] {local_task_job_runner.py:266} INFO - Task exited with return code 0
[2024-09-12T12:50:19.196+0000] {taskinstance.py:3900} INFO - 0 downstream tasks scheduled from follow-on schedule check
[2024-09-12T12:50:19.208+0000] {local_task_job_runner.py:245} INFO - ::endgroup::
[2024-09-12T12:50:20.503+0000] {standard_task_runner.py:217} INFO - Process not found (most likely exited), stop collecting metrics
