[2024-10-23T12:36:05.535+0000] {local_task_job_runner.py:123} INFO - ::group::Pre task execution logs
[2024-10-23T12:36:48.282+0000] {taskinstance.py:2612} INFO - Dependencies all met for dep_context=non-requeueable deps ti=<TaskInstance: correction_Dag_Valeu_NULL.correct_transactions_anomalies scheduled__2024-10-23T12:30:00+00:00 [queued]>
[2024-10-23T12:36:48.707+0000] {taskinstance.py:2612} INFO - Dependencies all met for dep_context=requeueable deps ti=<TaskInstance: correction_Dag_Valeu_NULL.correct_transactions_anomalies scheduled__2024-10-23T12:30:00+00:00 [queued]>
[2024-10-23T12:36:48.730+0000] {taskinstance.py:2865} INFO - Starting attempt 1 of 2
[2024-10-23T12:36:49.724+0000] {taskinstance.py:2888} INFO - Executing <Task(PythonOperator): correct_transactions_anomalies> on 2024-10-23 12:30:00+00:00
[2024-10-23T12:36:50.231+0000] {logging_mixin.py:190} WARNING - /home/airflow/.local/lib/python3.12/site-packages/airflow/task/task_runner/standard_task_runner.py:70 DeprecationWarning: This process (pid=7386) is multi-threaded, use of fork() may lead to deadlocks in the child.
[2024-10-23T12:36:50.238+0000] {standard_task_runner.py:72} INFO - Started process 7413 to run task
[2024-10-23T12:36:50.129+0000] {standard_task_runner.py:104} INFO - Running: ['airflow', 'tasks', 'run', 'correction_Dag_Valeu_NULL', 'correct_transactions_anomalies', 'scheduled__2024-10-23T12:30:00+00:00', '--job-id', '6163', '--raw', '--subdir', 'DAGS_FOLDER/Correction_dag_Valeur_NULL.py', '--cfg-path', '/tmp/tmpi_9n3os8']
[2024-10-23T12:36:50.825+0000] {standard_task_runner.py:105} INFO - Job 6163: Subtask correct_transactions_anomalies
[2024-10-23T12:36:55.695+0000] {task_command.py:467} INFO - Running <TaskInstance: correction_Dag_Valeu_NULL.correct_transactions_anomalies scheduled__2024-10-23T12:30:00+00:00 [running]> on host 696ca67245ce
[2024-10-23T12:36:56.558+0000] {job.py:229} INFO - Heartbeat recovered after 59.88 seconds
[2024-10-23T12:37:02.707+0000] {taskinstance.py:3131} INFO - Exporting env vars: AIRFLOW_CTX_DAG_OWNER='airflow' AIRFLOW_CTX_DAG_ID='correction_Dag_Valeu_NULL' AIRFLOW_CTX_TASK_ID='correct_transactions_anomalies' AIRFLOW_CTX_EXECUTION_DATE='2024-10-23T12:30:00+00:00' AIRFLOW_CTX_TRY_NUMBER='1' AIRFLOW_CTX_DAG_RUN_ID='scheduled__2024-10-23T12:30:00+00:00'
[2024-10-23T12:37:02.797+0000] {taskinstance.py:731} INFO - ::endgroup::
[2024-10-23T12:37:05.048+0000] {logging_mixin.py:190} INFO - Correction des anomalies dans la table Transactions réussie.
[2024-10-23T12:37:05.058+0000] {python.py:240} INFO - Done. Returned value was: None
[2024-10-23T12:37:05.982+0000] {taskinstance.py:340} INFO - ::group::Post task execution logs
[2024-10-23T12:37:05.988+0000] {taskinstance.py:352} INFO - Marking task as SUCCESS. dag_id=correction_Dag_Valeu_NULL, task_id=correct_transactions_anomalies, run_id=scheduled__2024-10-23T12:30:00+00:00, execution_date=20241023T123000, start_date=20241023T123648, end_date=20241023T123705
[2024-10-23T12:37:07.678+0000] {local_task_job_runner.py:266} INFO - Task exited with return code 0
[2024-10-23T12:37:09.162+0000] {local_task_job_runner.py:245} INFO - ::endgroup::
[2024-10-23T12:37:10.668+0000] {standard_task_runner.py:217} INFO - Process not found (most likely exited), stop collecting metrics
