[2024-09-08T16:50:38.643+0000] {local_task_job_runner.py:123} INFO - ::group::Pre task execution logs
[2024-09-08T16:50:38.708+0000] {taskinstance.py:2612} INFO - Dependencies all met for dep_context=non-requeueable deps ti=<TaskInstance: detect_1fn_anomalies_dag.detect_1nf_and_insert_anomalies scheduled__2024-09-08T16:30:00+00:00 [queued]>
[2024-09-08T16:50:38.716+0000] {taskinstance.py:2612} INFO - Dependencies all met for dep_context=requeueable deps ti=<TaskInstance: detect_1fn_anomalies_dag.detect_1nf_and_insert_anomalies scheduled__2024-09-08T16:30:00+00:00 [queued]>
[2024-09-08T16:50:38.721+0000] {taskinstance.py:2865} INFO - Starting attempt 2 of 2
[2024-09-08T16:50:38.744+0000] {taskinstance.py:2888} INFO - Executing <Task(PythonOperator): detect_1nf_and_insert_anomalies> on 2024-09-08 16:30:00+00:00
[2024-09-08T16:50:38.756+0000] {standard_task_runner.py:104} INFO - Running: ['airflow', 'tasks', 'run', 'detect_1fn_anomalies_dag', 'detect_1nf_and_insert_anomalies', 'scheduled__2024-09-08T16:30:00+00:00', '--job-id', '1572', '--raw', '--subdir', 'DAGS_FOLDER/Dag_detect_1FN_anomaly.py', '--cfg-path', '/tmp/tmpfermj16o']
[2024-09-08T16:50:38.758+0000] {standard_task_runner.py:105} INFO - Job 1572: Subtask detect_1nf_and_insert_anomalies
[2024-09-08T16:50:38.759+0000] {logging_mixin.py:190} WARNING - /home/airflow/.local/lib/python3.12/site-packages/airflow/task/task_runner/standard_task_runner.py:70 DeprecationWarning: This process (pid=380) is multi-threaded, use of fork() may lead to deadlocks in the child.
[2024-09-08T16:50:38.760+0000] {standard_task_runner.py:72} INFO - Started process 382 to run task
[2024-09-08T16:50:39.006+0000] {task_command.py:467} INFO - Running <TaskInstance: detect_1fn_anomalies_dag.detect_1nf_and_insert_anomalies scheduled__2024-09-08T16:30:00+00:00 [running]> on host 13d1dadf4f15
[2024-09-08T16:50:39.563+0000] {taskinstance.py:3131} INFO - Exporting env vars: AIRFLOW_CTX_DAG_OWNER='airflow' AIRFLOW_CTX_DAG_ID='detect_1fn_anomalies_dag' AIRFLOW_CTX_TASK_ID='detect_1nf_and_insert_anomalies' AIRFLOW_CTX_EXECUTION_DATE='2024-09-08T16:30:00+00:00' AIRFLOW_CTX_TRY_NUMBER='2' AIRFLOW_CTX_DAG_RUN_ID='scheduled__2024-09-08T16:30:00+00:00'
[2024-09-08T16:50:39.565+0000] {taskinstance.py:731} INFO - ::endgroup::
[2024-09-08T16:50:39.689+0000] {Dag_detect_1FN_anomaly.py:91} INFO - Processing table: customers
[2024-09-08T16:50:39.944+0000] {Dag_detect_1FN_anomaly.py:98} INFO - No anomalies detected for table customers
[2024-09-08T16:50:39.945+0000] {Dag_detect_1FN_anomaly.py:91} INFO - Processing table: transactions
[2024-09-08T16:50:40.168+0000] {Dag_detect_1FN_anomaly.py:98} INFO - No anomalies detected for table transactions
[2024-09-08T16:50:40.169+0000] {Dag_detect_1FN_anomaly.py:91} INFO - Processing table: products
[2024-09-08T16:50:40.604+0000] {Dag_detect_1FN_anomaly.py:98} INFO - No anomalies detected for table products
[2024-09-08T16:50:40.607+0000] {Dag_detect_1FN_anomaly.py:91} INFO - Processing table: orderdetails
[2024-09-08T16:50:40.955+0000] {Dag_detect_1FN_anomaly.py:98} INFO - No anomalies detected for table orderdetails
[2024-09-08T16:50:40.956+0000] {Dag_detect_1FN_anomaly.py:91} INFO - Processing table: productsuppliers
[2024-09-08T16:50:41.413+0000] {Dag_detect_1FN_anomaly.py:98} INFO - No anomalies detected for table productsuppliers
[2024-09-08T16:50:41.421+0000] {Dag_detect_1FN_anomaly.py:91} INFO - Processing table: anomalies
[2024-09-08T16:50:42.080+0000] {Dag_detect_1FN_anomaly.py:95} INFO - Inserting 2 anomalies for table anomalies
[2024-09-08T16:50:42.397+0000] {Dag_detect_1FN_anomaly.py:91} INFO - Processing table: log
[2024-09-08T16:50:43.679+0000] {Dag_detect_1FN_anomaly.py:95} INFO - Inserting 4030 anomalies for table log
[2024-09-08T16:51:53.881+0000] {Dag_detect_1FN_anomaly.py:91} INFO - Processing table: dag_priority_parsing_request
[2024-09-08T16:51:54.353+0000] {Dag_detect_1FN_anomaly.py:98} INFO - No anomalies detected for table dag_priority_parsing_request
[2024-09-08T16:51:54.354+0000] {Dag_detect_1FN_anomaly.py:91} INFO - Processing table: job
[2024-09-08T16:51:54.747+0000] {Dag_detect_1FN_anomaly.py:98} INFO - No anomalies detected for table job
[2024-09-08T16:51:54.748+0000] {Dag_detect_1FN_anomaly.py:91} INFO - Processing table: anomalies1
[2024-09-08T16:51:55.113+0000] {Dag_detect_1FN_anomaly.py:95} INFO - Inserting 2 anomalies for table anomalies1
[2024-09-08T16:51:55.433+0000] {Dag_detect_1FN_anomaly.py:91} INFO - Processing table: slot_pool
[2024-09-08T16:51:55.707+0000] {Dag_detect_1FN_anomaly.py:98} INFO - No anomalies detected for table slot_pool
[2024-09-08T16:51:55.708+0000] {Dag_detect_1FN_anomaly.py:91} INFO - Processing table: callback_request
[2024-09-08T16:51:56.013+0000] {Dag_detect_1FN_anomaly.py:98} INFO - No anomalies detected for table callback_request
[2024-09-08T16:51:56.015+0000] {Dag_detect_1FN_anomaly.py:91} INFO - Processing table: dag_code
[2024-09-08T16:51:56.242+0000] {Dag_detect_1FN_anomaly.py:95} INFO - Inserting 15 anomalies for table dag_code
[2024-09-08T16:51:56.754+0000] {Dag_detect_1FN_anomaly.py:91} INFO - Processing table: dag_pickle
[2024-09-08T16:51:56.949+0000] {Dag_detect_1FN_anomaly.py:98} INFO - No anomalies detected for table dag_pickle
[2024-09-08T16:51:56.950+0000] {Dag_detect_1FN_anomaly.py:91} INFO - Processing table: ab_user
[2024-09-08T16:51:57.148+0000] {logging_mixin.py:190} WARNING - /opt/airflow/dags/Dag_detect_1FN_anomaly.py:39 SAWarning: Skipped unsupported reflection of expression-based index idx_ab_user_username
[2024-09-08T16:51:57.174+0000] {Dag_detect_1FN_anomaly.py:98} INFO - No anomalies detected for table ab_user
[2024-09-08T16:51:57.175+0000] {Dag_detect_1FN_anomaly.py:91} INFO - Processing table: ab_register_user
[2024-09-08T16:51:57.399+0000] {logging_mixin.py:190} WARNING - /opt/airflow/dags/Dag_detect_1FN_anomaly.py:39 SAWarning: Skipped unsupported reflection of expression-based index idx_ab_register_user_username
[2024-09-08T16:51:57.417+0000] {Dag_detect_1FN_anomaly.py:98} INFO - No anomalies detected for table ab_register_user
[2024-09-08T16:51:57.418+0000] {Dag_detect_1FN_anomaly.py:91} INFO - Processing table: connection
[2024-09-08T16:51:57.688+0000] {Dag_detect_1FN_anomaly.py:98} INFO - No anomalies detected for table connection
[2024-09-08T16:51:57.689+0000] {Dag_detect_1FN_anomaly.py:91} INFO - Processing table: sla_miss
[2024-09-08T16:51:57.894+0000] {Dag_detect_1FN_anomaly.py:98} INFO - No anomalies detected for table sla_miss
[2024-09-08T16:51:57.895+0000] {Dag_detect_1FN_anomaly.py:91} INFO - Processing table: variable
[2024-09-08T16:51:58.133+0000] {Dag_detect_1FN_anomaly.py:98} INFO - No anomalies detected for table variable
[2024-09-08T16:51:58.134+0000] {Dag_detect_1FN_anomaly.py:91} INFO - Processing table: import_error
[2024-09-08T16:51:58.350+0000] {Dag_detect_1FN_anomaly.py:98} INFO - No anomalies detected for table import_error
[2024-09-08T16:51:58.351+0000] {Dag_detect_1FN_anomaly.py:91} INFO - Processing table: serialized_dag
[2024-09-08T16:51:58.582+0000] {Dag_detect_1FN_anomaly.py:98} INFO - No anomalies detected for table serialized_dag
[2024-09-08T16:51:58.582+0000] {Dag_detect_1FN_anomaly.py:91} INFO - Processing table: dataset_alias
[2024-09-08T16:51:58.831+0000] {Dag_detect_1FN_anomaly.py:98} INFO - No anomalies detected for table dataset_alias
[2024-09-08T16:51:58.832+0000] {Dag_detect_1FN_anomaly.py:91} INFO - Processing table: dataset_alias_dataset
[2024-09-08T16:51:59.183+0000] {Dag_detect_1FN_anomaly.py:98} INFO - No anomalies detected for table dataset_alias_dataset
[2024-09-08T16:51:59.184+0000] {Dag_detect_1FN_anomaly.py:91} INFO - Processing table: dataset
[2024-09-08T16:51:59.424+0000] {Dag_detect_1FN_anomaly.py:98} INFO - No anomalies detected for table dataset
[2024-09-08T16:51:59.425+0000] {Dag_detect_1FN_anomaly.py:91} INFO - Processing table: dataset_alias_dataset_event
[2024-09-08T16:51:59.706+0000] {Dag_detect_1FN_anomaly.py:98} INFO - No anomalies detected for table dataset_alias_dataset_event
[2024-09-08T16:51:59.707+0000] {Dag_detect_1FN_anomaly.py:91} INFO - Processing table: dataset_event
[2024-09-08T16:51:59.911+0000] {Dag_detect_1FN_anomaly.py:98} INFO - No anomalies detected for table dataset_event
[2024-09-08T16:51:59.912+0000] {Dag_detect_1FN_anomaly.py:91} INFO - Processing table: dag_schedule_dataset_alias_reference
[2024-09-08T16:52:00.165+0000] {Dag_detect_1FN_anomaly.py:98} INFO - No anomalies detected for table dag_schedule_dataset_alias_reference
[2024-09-08T16:52:00.166+0000] {Dag_detect_1FN_anomaly.py:91} INFO - Processing table: dag
[2024-09-08T16:52:00.379+0000] {Dag_detect_1FN_anomaly.py:95} INFO - Inserting 7 anomalies for table dag
[2024-09-08T16:52:00.710+0000] {Dag_detect_1FN_anomaly.py:91} INFO - Processing table: dag_schedule_dataset_reference
[2024-09-08T16:52:01.067+0000] {Dag_detect_1FN_anomaly.py:98} INFO - No anomalies detected for table dag_schedule_dataset_reference
[2024-09-08T16:52:01.068+0000] {Dag_detect_1FN_anomaly.py:91} INFO - Processing table: task_outlet_dataset_reference
[2024-09-08T16:52:01.381+0000] {Dag_detect_1FN_anomaly.py:98} INFO - No anomalies detected for table task_outlet_dataset_reference
[2024-09-08T16:52:01.382+0000] {Dag_detect_1FN_anomaly.py:91} INFO - Processing table: dataset_dag_run_queue
[2024-09-08T16:52:01.722+0000] {Dag_detect_1FN_anomaly.py:98} INFO - No anomalies detected for table dataset_dag_run_queue
[2024-09-08T16:52:01.723+0000] {Dag_detect_1FN_anomaly.py:91} INFO - Processing table: log_template
[2024-09-08T16:52:01.987+0000] {Dag_detect_1FN_anomaly.py:98} INFO - No anomalies detected for table log_template
[2024-09-08T16:52:01.988+0000] {Dag_detect_1FN_anomaly.py:91} INFO - Processing table: dag_run
[2024-09-08T16:52:03.225+0000] {Dag_detect_1FN_anomaly.py:98} INFO - No anomalies detected for table dag_run
[2024-09-08T16:52:03.226+0000] {Dag_detect_1FN_anomaly.py:91} INFO - Processing table: dag_tag
[2024-09-08T16:52:03.410+0000] {Dag_detect_1FN_anomaly.py:98} INFO - No anomalies detected for table dag_tag
[2024-09-08T16:52:03.411+0000] {Dag_detect_1FN_anomaly.py:91} INFO - Processing table: dag_owner_attributes
[2024-09-08T16:52:03.565+0000] {Dag_detect_1FN_anomaly.py:98} INFO - No anomalies detected for table dag_owner_attributes
[2024-09-08T16:52:03.565+0000] {Dag_detect_1FN_anomaly.py:91} INFO - Processing table: ab_permission
[2024-09-08T16:52:03.784+0000] {Dag_detect_1FN_anomaly.py:98} INFO - No anomalies detected for table ab_permission
[2024-09-08T16:52:03.787+0000] {Dag_detect_1FN_anomaly.py:91} INFO - Processing table: ab_permission_view
[2024-09-08T16:52:04.211+0000] {Dag_detect_1FN_anomaly.py:98} INFO - No anomalies detected for table ab_permission_view
[2024-09-08T16:52:04.211+0000] {Dag_detect_1FN_anomaly.py:91} INFO - Processing table: ab_view_menu
[2024-09-08T16:52:04.428+0000] {Dag_detect_1FN_anomaly.py:98} INFO - No anomalies detected for table ab_view_menu
[2024-09-08T16:52:04.429+0000] {Dag_detect_1FN_anomaly.py:91} INFO - Processing table: ab_user_role
[2024-09-08T16:52:04.606+0000] {logging_mixin.py:190} WARNING - /opt/airflow/dags/Dag_detect_1FN_anomaly.py:39 SAWarning: Skipped unsupported reflection of expression-based index idx_ab_user_username
[2024-09-08T16:52:04.622+0000] {Dag_detect_1FN_anomaly.py:98} INFO - No anomalies detected for table ab_user_role
[2024-09-08T16:52:04.623+0000] {Dag_detect_1FN_anomaly.py:91} INFO - Processing table: ab_role
[2024-09-08T16:52:05.647+0000] {Dag_detect_1FN_anomaly.py:98} INFO - No anomalies detected for table ab_role
[2024-09-08T16:52:05.648+0000] {Dag_detect_1FN_anomaly.py:91} INFO - Processing table: dag_warning
[2024-09-08T16:52:06.734+0000] {Dag_detect_1FN_anomaly.py:98} INFO - No anomalies detected for table dag_warning
[2024-09-08T16:52:06.734+0000] {Dag_detect_1FN_anomaly.py:91} INFO - Processing table: dagrun_dataset_event
[2024-09-08T16:52:08.800+0000] {Dag_detect_1FN_anomaly.py:98} INFO - No anomalies detected for table dagrun_dataset_event
[2024-09-08T16:52:08.802+0000] {Dag_detect_1FN_anomaly.py:91} INFO - Processing table: trigger
[2024-09-08T16:52:09.088+0000] {Dag_detect_1FN_anomaly.py:98} INFO - No anomalies detected for table trigger
[2024-09-08T16:52:09.089+0000] {Dag_detect_1FN_anomaly.py:91} INFO - Processing table: task_instance
[2024-09-08T16:52:09.486+0000] {Dag_detect_1FN_anomaly.py:98} INFO - No anomalies detected for table task_instance
[2024-09-08T16:52:09.487+0000] {Dag_detect_1FN_anomaly.py:91} INFO - Processing table: dag_run_note
[2024-09-08T16:52:09.711+0000] {logging_mixin.py:190} WARNING - /opt/airflow/dags/Dag_detect_1FN_anomaly.py:39 SAWarning: Skipped unsupported reflection of expression-based index idx_ab_user_username
[2024-09-08T16:52:09.725+0000] {Dag_detect_1FN_anomaly.py:98} INFO - No anomalies detected for table dag_run_note
[2024-09-08T16:52:09.726+0000] {Dag_detect_1FN_anomaly.py:91} INFO - Processing table: ab_permission_view_role
[2024-09-08T16:52:09.929+0000] {Dag_detect_1FN_anomaly.py:98} INFO - No anomalies detected for table ab_permission_view_role
[2024-09-08T16:52:09.929+0000] {Dag_detect_1FN_anomaly.py:91} INFO - Processing table: rendered_task_instance_fields
[2024-09-08T16:52:10.139+0000] {Dag_detect_1FN_anomaly.py:98} INFO - No anomalies detected for table rendered_task_instance_fields
[2024-09-08T16:52:10.139+0000] {Dag_detect_1FN_anomaly.py:91} INFO - Processing table: task_fail
[2024-09-08T16:52:10.378+0000] {Dag_detect_1FN_anomaly.py:98} INFO - No anomalies detected for table task_fail
[2024-09-08T16:52:10.379+0000] {Dag_detect_1FN_anomaly.py:91} INFO - Processing table: task_map
[2024-09-08T16:52:10.605+0000] {Dag_detect_1FN_anomaly.py:98} INFO - No anomalies detected for table task_map
[2024-09-08T16:52:10.606+0000] {Dag_detect_1FN_anomaly.py:91} INFO - Processing table: task_reschedule
[2024-09-08T16:52:10.811+0000] {Dag_detect_1FN_anomaly.py:98} INFO - No anomalies detected for table task_reschedule
[2024-09-08T16:52:10.812+0000] {Dag_detect_1FN_anomaly.py:91} INFO - Processing table: xcom
[2024-09-08T16:52:11.124+0000] {Dag_detect_1FN_anomaly.py:98} INFO - No anomalies detected for table xcom
[2024-09-08T16:52:11.125+0000] {Dag_detect_1FN_anomaly.py:91} INFO - Processing table: task_instance_note
[2024-09-08T16:52:11.443+0000] {logging_mixin.py:190} WARNING - /opt/airflow/dags/Dag_detect_1FN_anomaly.py:39 SAWarning: Skipped unsupported reflection of expression-based index idx_ab_user_username
[2024-09-08T16:52:11.476+0000] {Dag_detect_1FN_anomaly.py:98} INFO - No anomalies detected for table task_instance_note
[2024-09-08T16:52:11.477+0000] {Dag_detect_1FN_anomaly.py:91} INFO - Processing table: task_instance_history
[2024-09-08T16:52:12.060+0000] {Dag_detect_1FN_anomaly.py:98} INFO - No anomalies detected for table task_instance_history
[2024-09-08T16:52:12.062+0000] {Dag_detect_1FN_anomaly.py:91} INFO - Processing table: session
[2024-09-08T16:52:12.427+0000] {Dag_detect_1FN_anomaly.py:98} INFO - No anomalies detected for table session
[2024-09-08T16:52:12.429+0000] {Dag_detect_1FN_anomaly.py:91} INFO - Processing table: alembic_version
[2024-09-08T16:52:12.741+0000] {Dag_detect_1FN_anomaly.py:98} INFO - No anomalies detected for table alembic_version
[2024-09-08T16:52:12.743+0000] {Dag_detect_1FN_anomaly.py:91} INFO - Processing table: orders
[2024-09-08T16:52:13.102+0000] {Dag_detect_1FN_anomaly.py:98} INFO - No anomalies detected for table orders
[2024-09-08T16:52:13.104+0000] {Dag_detect_1FN_anomaly.py:91} INFO - Processing table: anomalieDetected
[2024-09-08T16:52:18.335+0000] {Dag_detect_1FN_anomaly.py:95} INFO - Inserting 51584 anomalies for table anomalieDetected
[2024-09-08T16:54:10.958+0000] {local_task_job_runner.py:127} ERROR - Received SIGTERM. Terminating subprocesses
[2024-09-08T16:54:11.936+0000] {process_utils.py:132} INFO - Sending 15 to group 382. PIDs of all processes in the group: [382]
[2024-09-08T16:54:12.009+0000] {process_utils.py:87} INFO - Sending the signal 15 to group 382
[2024-09-08T16:54:12.053+0000] {taskinstance.py:3092} ERROR - Received SIGTERM. Terminating subprocesses.
[2024-09-08T16:54:12.760+0000] {taskinstance.py:3310} ERROR - Task failed with exception
Traceback (most recent call last):
  File "/home/airflow/.local/lib/python3.12/site-packages/airflow/models/taskinstance.py", line 767, in _execute_task
    result = _execute_callable(context=context, **execute_callable_kwargs)
             ^^^^^^^^^^^^^^^^^^^^^^^^^^^^^^^^^^^^^^^^^^^^^^^^^^^^^^^^^^^^^
  File "/home/airflow/.local/lib/python3.12/site-packages/airflow/models/taskinstance.py", line 733, in _execute_callable
    return ExecutionCallableRunner(
           ^^^^^^^^^^^^^^^^^^^^^^^^
  File "/home/airflow/.local/lib/python3.12/site-packages/airflow/utils/operator_helpers.py", line 252, in run
    return self.func(*args, **kwargs)
           ^^^^^^^^^^^^^^^^^^^^^^^^^^
  File "/home/airflow/.local/lib/python3.12/site-packages/airflow/models/baseoperator.py", line 406, in wrapper
    return func(self, *args, **kwargs)
           ^^^^^^^^^^^^^^^^^^^^^^^^^^^
  File "/home/airflow/.local/lib/python3.12/site-packages/airflow/operators/python.py", line 238, in execute
    return_value = self.execute_callable()
                   ^^^^^^^^^^^^^^^^^^^^^^^
  File "/home/airflow/.local/lib/python3.12/site-packages/airflow/operators/python.py", line 256, in execute_callable
    return runner.run(*self.op_args, **self.op_kwargs)
           ^^^^^^^^^^^^^^^^^^^^^^^^^^^^^^^^^^^^^^^^^^^
  File "/home/airflow/.local/lib/python3.12/site-packages/airflow/utils/operator_helpers.py", line 252, in run
    return self.func(*args, **kwargs)
           ^^^^^^^^^^^^^^^^^^^^^^^^^^
  File "/opt/airflow/dags/Dag_detect_1FN_anomaly.py", line 96, in detect_and_insert_anomalies
    insert_anomalies(anomalies_df)
  File "/opt/airflow/dags/Dag_detect_1FN_anomaly.py", line 77, in insert_anomalies
    result = connection.execute(stmt_select).fetchone()
             ^^^^^^^^^^^^^^^^^^^^^^^^^^^^^^^
  File "/home/airflow/.local/lib/python3.12/site-packages/sqlalchemy/engine/base.py", line 1385, in execute
    return meth(self, multiparams, params, _EMPTY_EXECUTION_OPTS)
           ^^^^^^^^^^^^^^^^^^^^^^^^^^^^^^^^^^^^^^^^^^^^^^^^^^^^^^
  File "/home/airflow/.local/lib/python3.12/site-packages/sqlalchemy/sql/elements.py", line 334, in _execute_on_connection
    return connection._execute_clauseelement(
           ^^^^^^^^^^^^^^^^^^^^^^^^^^^^^^^^^^
  File "/home/airflow/.local/lib/python3.12/site-packages/sqlalchemy/engine/base.py", line 1577, in _execute_clauseelement
    ret = self._execute_context(
          ^^^^^^^^^^^^^^^^^^^^^^
  File "/home/airflow/.local/lib/python3.12/site-packages/sqlalchemy/engine/base.py", line 1953, in _execute_context
    self._handle_dbapi_exception(
  File "/home/airflow/.local/lib/python3.12/site-packages/sqlalchemy/engine/base.py", line 2138, in _handle_dbapi_exception
    util.raise_(exc_info[1], with_traceback=exc_info[2])
  File "/home/airflow/.local/lib/python3.12/site-packages/sqlalchemy/util/compat.py", line 211, in raise_
    raise exception
  File "/home/airflow/.local/lib/python3.12/site-packages/sqlalchemy/engine/base.py", line 1910, in _execute_context
    self.dialect.do_execute(
  File "/home/airflow/.local/lib/python3.12/site-packages/sqlalchemy/engine/default.py", line 736, in do_execute
    cursor.execute(statement, parameters)
  File "/usr/local/lib/python3.12/encodings/utf_8.py", line 15, in decode
    def decode(input, errors='strict'):
    
  File "/home/airflow/.local/lib/python3.12/site-packages/airflow/models/taskinstance.py", line 3094, in signal_handler
    raise AirflowTaskTerminated("Task received SIGTERM signal")
airflow.exceptions.AirflowTaskTerminated: Task received SIGTERM signal
[2024-09-08T16:54:13.058+0000] {taskinstance.py:1225} INFO - Marking task as FAILED. dag_id=detect_1fn_anomalies_dag, task_id=detect_1nf_and_insert_anomalies, run_id=scheduled__2024-09-08T16:30:00+00:00, execution_date=20240908T163000, start_date=20240908T165038, end_date=20240908T165412
[2024-09-08T16:54:13.365+0000] {taskinstance.py:340} INFO - ::group::Post task execution logs
[2024-09-08T16:54:13.569+0000] {process_utils.py:80} INFO - Process psutil.Process(pid=382, status='terminated', exitcode=2, started='16:50:38') (382) terminated with exit code 2
[2024-09-08T16:54:13.590+0000] {local_task_job_runner.py:266} INFO - Task exited with return code 143
[2024-09-08T16:54:13.797+0000] {standard_task_runner.py:217} INFO - Process not found (most likely exited), stop collecting metrics
[2024-09-08T16:54:14.575+0000] {taskinstance.py:3900} INFO - 0 downstream tasks scheduled from follow-on schedule check
[2024-09-08T16:54:14.838+0000] {local_task_job_runner.py:245} INFO - ::endgroup::
