[2024-09-14T19:30:12.104+0000] {local_task_job_runner.py:123} INFO - ::group::Pre task execution logs
[2024-09-14T19:30:14.534+0000] {taskinstance.py:2612} INFO - Dependencies all met for dep_context=non-requeueable deps ti=<TaskInstance: correction_Dag_Negative_Value.correct_negative_values scheduled__2024-09-14T19:25:00+00:00 [queued]>
[2024-09-14T19:30:15.102+0000] {taskinstance.py:2612} INFO - Dependencies all met for dep_context=requeueable deps ti=<TaskInstance: correction_Dag_Negative_Value.correct_negative_values scheduled__2024-09-14T19:25:00+00:00 [queued]>
[2024-09-14T19:30:15.141+0000] {taskinstance.py:2865} INFO - Starting attempt 1 of 2
[2024-09-14T19:30:16.363+0000] {taskinstance.py:2888} INFO - Executing <Task(PythonOperator): correct_negative_values> on 2024-09-14 19:25:00+00:00
[2024-09-14T19:30:16.686+0000] {logging_mixin.py:190} WARNING - /home/airflow/.local/lib/python3.12/site-packages/airflow/task/task_runner/standard_task_runner.py:70 DeprecationWarning: This process (pid=8941) is multi-threaded, use of fork() may lead to deadlocks in the child.
[2024-09-14T19:30:16.692+0000] {standard_task_runner.py:72} INFO - Started process 8970 to run task
[2024-09-14T19:30:16.672+0000] {standard_task_runner.py:104} INFO - Running: ['airflow', 'tasks', 'run', 'correction_Dag_Negative_Value', 'correct_negative_values', 'scheduled__2024-09-14T19:25:00+00:00', '--job-id', '4404', '--raw', '--subdir', 'DAGS_FOLDER/Correction_dag_Negative_Value.py', '--cfg-path', '/tmp/tmpgiuma05j']
[2024-09-14T19:30:16.716+0000] {standard_task_runner.py:105} INFO - Job 4404: Subtask correct_negative_values
[2024-09-14T19:30:23.031+0000] {task_command.py:467} INFO - Running <TaskInstance: correction_Dag_Negative_Value.correct_negative_values scheduled__2024-09-14T19:25:00+00:00 [running]> on host 7403e816bcf5
[2024-09-14T19:30:23.415+0000] {job.py:229} INFO - Heartbeat recovered after 16.87 seconds
[2024-09-14T19:30:27.350+0000] {taskinstance.py:3131} INFO - Exporting env vars: AIRFLOW_CTX_DAG_OWNER='airflow' AIRFLOW_CTX_DAG_ID='correction_Dag_Negative_Value' AIRFLOW_CTX_TASK_ID='correct_negative_values' AIRFLOW_CTX_EXECUTION_DATE='2024-09-14T19:25:00+00:00' AIRFLOW_CTX_TRY_NUMBER='1' AIRFLOW_CTX_DAG_RUN_ID='scheduled__2024-09-14T19:25:00+00:00'
[2024-09-14T19:30:27.403+0000] {taskinstance.py:731} INFO - ::endgroup::
[2024-09-14T19:30:29.177+0000] {logging_mixin.py:190} INFO - Anomalies corrigées avec succès.
[2024-09-14T19:30:29.189+0000] {python.py:240} INFO - Done. Returned value was: None
[2024-09-14T19:30:30.011+0000] {taskinstance.py:340} INFO - ::group::Post task execution logs
[2024-09-14T19:30:30.016+0000] {taskinstance.py:352} INFO - Marking task as SUCCESS. dag_id=correction_Dag_Negative_Value, task_id=correct_negative_values, run_id=scheduled__2024-09-14T19:25:00+00:00, execution_date=20240914T192500, start_date=20240914T193014, end_date=20240914T193030
[2024-09-14T19:30:32.617+0000] {local_task_job_runner.py:266} INFO - Task exited with return code 0
[2024-09-14T19:30:33.559+0000] {local_task_job_runner.py:245} INFO - ::endgroup::
[2024-09-14T19:30:36.906+0000] {standard_task_runner.py:217} INFO - Process not found (most likely exited), stop collecting metrics
