[2024-09-12T14:00:56.166+0000] {local_task_job_runner.py:123} INFO - ::group::Pre task execution logs
[2024-09-12T14:00:57.165+0000] {taskinstance.py:2612} INFO - Dependencies all met for dep_context=non-requeueable deps ti=<TaskInstance: welcome_dag.print_date scheduled__2024-09-12T14:00:06+00:00 [queued]>
[2024-09-12T14:00:57.221+0000] {taskinstance.py:2612} INFO - Dependencies all met for dep_context=requeueable deps ti=<TaskInstance: welcome_dag.print_date scheduled__2024-09-12T14:00:06+00:00 [queued]>
[2024-09-12T14:00:57.226+0000] {taskinstance.py:2865} INFO - Starting attempt 1 of 1
[2024-09-12T14:00:57.386+0000] {taskinstance.py:2888} INFO - Executing <Task(PythonOperator): print_date> on 2024-09-12 14:00:06+00:00
[2024-09-12T14:00:57.428+0000] {standard_task_runner.py:104} INFO - Running: ['airflow', 'tasks', 'run', 'welcome_dag', 'print_date', 'scheduled__2024-09-12T14:00:06+00:00', '--job-id', '2066', '--raw', '--subdir', 'DAGS_FOLDER/Awelcome_dags.py', '--cfg-path', '/tmp/tmpkvylvj_b']
[2024-09-12T14:00:57.477+0000] {standard_task_runner.py:105} INFO - Job 2066: Subtask print_date
[2024-09-12T14:00:57.499+0000] {logging_mixin.py:190} WARNING - /home/airflow/.local/lib/python3.12/site-packages/airflow/task/task_runner/standard_task_runner.py:70 DeprecationWarning: This process (pid=28311) is multi-threaded, use of fork() may lead to deadlocks in the child.
[2024-09-12T14:00:57.508+0000] {standard_task_runner.py:72} INFO - Started process 28346 to run task
[2024-09-12T14:01:00.238+0000] {task_command.py:467} INFO - Running <TaskInstance: welcome_dag.print_date scheduled__2024-09-12T14:00:06+00:00 [running]> on host 7403e816bcf5
[2024-09-12T14:01:02.683+0000] {taskinstance.py:3131} INFO - Exporting env vars: AIRFLOW_CTX_DAG_OWNER='airflow' AIRFLOW_CTX_DAG_ID='welcome_dag' AIRFLOW_CTX_TASK_ID='print_date' AIRFLOW_CTX_EXECUTION_DATE='2024-09-12T14:00:06+00:00' AIRFLOW_CTX_TRY_NUMBER='1' AIRFLOW_CTX_DAG_RUN_ID='scheduled__2024-09-12T14:00:06+00:00'
[2024-09-12T14:01:02.690+0000] {taskinstance.py:731} INFO - ::endgroup::
[2024-09-12T14:01:02.802+0000] {logging_mixin.py:190} INFO - Today is 2024-09-12
[2024-09-12T14:01:02.803+0000] {python.py:240} INFO - Done. Returned value was: None
[2024-09-12T14:01:03.514+0000] {job.py:229} INFO - Heartbeat recovered after 13.72 seconds
[2024-09-12T14:01:03.811+0000] {taskinstance.py:340} INFO - ::group::Post task execution logs
[2024-09-12T14:01:03.814+0000] {taskinstance.py:352} INFO - Marking task as SUCCESS. dag_id=welcome_dag, task_id=print_date, run_id=scheduled__2024-09-12T14:00:06+00:00, execution_date=20240912T140006, start_date=20240912T140057, end_date=20240912T140103
[2024-09-12T14:01:04.272+0000] {local_task_job_runner.py:266} INFO - Task exited with return code 0
[2024-09-12T14:01:05.062+0000] {taskinstance.py:3900} INFO - 0 downstream tasks scheduled from follow-on schedule check
[2024-09-12T14:01:05.072+0000] {local_task_job_runner.py:245} INFO - ::endgroup::
