[2024-09-07T23:01:16.278+0000] {local_task_job_runner.py:123} INFO - ::group::Pre task execution logs
[2024-09-07T23:01:17.170+0000] {taskinstance.py:2612} INFO - Dependencies all met for dep_context=non-requeueable deps ti=<TaskInstance: welcome_dag.print_date scheduled__2024-09-07T23:00:17+00:00 [queued]>
[2024-09-07T23:01:17.247+0000] {taskinstance.py:2612} INFO - Dependencies all met for dep_context=requeueable deps ti=<TaskInstance: welcome_dag.print_date scheduled__2024-09-07T23:00:17+00:00 [queued]>
[2024-09-07T23:01:17.249+0000] {taskinstance.py:2865} INFO - Starting attempt 1 of 1
[2024-09-07T23:01:17.360+0000] {taskinstance.py:2888} INFO - Executing <Task(PythonOperator): print_date> on 2024-09-07 23:00:17+00:00
[2024-09-07T23:01:17.403+0000] {logging_mixin.py:190} WARNING - /home/airflow/.local/lib/python3.12/site-packages/airflow/task/task_runner/standard_task_runner.py:70 DeprecationWarning: This process (pid=625) is multi-threaded, use of fork() may lead to deadlocks in the child.
[2024-09-07T23:01:17.418+0000] {standard_task_runner.py:72} INFO - Started process 657 to run task
[2024-09-07T23:01:17.390+0000] {standard_task_runner.py:104} INFO - Running: ['airflow', 'tasks', 'run', 'welcome_dag', 'print_date', 'scheduled__2024-09-07T23:00:17+00:00', '--job-id', '455', '--raw', '--subdir', 'DAGS_FOLDER/Awelcome_dags.py', '--cfg-path', '/tmp/tmp0pe147tn']
[2024-09-07T23:01:17.452+0000] {standard_task_runner.py:105} INFO - Job 455: Subtask print_date
[2024-09-07T23:01:21.821+0000] {task_command.py:467} INFO - Running <TaskInstance: welcome_dag.print_date scheduled__2024-09-07T23:00:17+00:00 [running]> on host 13d1dadf4f15
[2024-09-07T23:01:23.451+0000] {job.py:229} INFO - Heartbeat recovered after 10.75 seconds
[2024-09-07T23:01:25.511+0000] {taskinstance.py:3131} INFO - Exporting env vars: AIRFLOW_CTX_DAG_OWNER='airflow' AIRFLOW_CTX_DAG_ID='welcome_dag' AIRFLOW_CTX_TASK_ID='print_date' AIRFLOW_CTX_EXECUTION_DATE='2024-09-07T23:00:17+00:00' AIRFLOW_CTX_TRY_NUMBER='1' AIRFLOW_CTX_DAG_RUN_ID='scheduled__2024-09-07T23:00:17+00:00'
[2024-09-07T23:01:25.513+0000] {taskinstance.py:731} INFO - ::endgroup::
[2024-09-07T23:01:25.553+0000] {logging_mixin.py:190} INFO - Today is 2024-09-07
[2024-09-07T23:01:25.555+0000] {python.py:240} INFO - Done. Returned value was: None
[2024-09-07T23:01:26.045+0000] {taskinstance.py:340} INFO - ::group::Post task execution logs
[2024-09-07T23:01:26.047+0000] {taskinstance.py:352} INFO - Marking task as SUCCESS. dag_id=welcome_dag, task_id=print_date, run_id=scheduled__2024-09-07T23:00:17+00:00, execution_date=20240907T230017, start_date=20240907T230117, end_date=20240907T230126
[2024-09-07T23:01:26.126+0000] {local_task_job_runner.py:266} INFO - Task exited with return code 0
[2024-09-07T23:01:26.700+0000] {local_task_job_runner.py:245} INFO - ::endgroup::
[2024-09-07T23:01:27.426+0000] {standard_task_runner.py:217} INFO - Process not found (most likely exited), stop collecting metrics
