[2024-09-13T12:49:56.165+0000] {local_task_job_runner.py:123} INFO - ::group::Pre task execution logs
[2024-09-13T12:49:57.646+0000] {taskinstance.py:2612} INFO - Dependencies all met for dep_context=non-requeueable deps ti=<TaskInstance: Dag_Non-numeric-Quantity.run_anomaly_detection scheduled__2024-09-13T12:35:00+00:00 [queued]>
[2024-09-13T12:49:57.735+0000] {taskinstance.py:2612} INFO - Dependencies all met for dep_context=requeueable deps ti=<TaskInstance: Dag_Non-numeric-Quantity.run_anomaly_detection scheduled__2024-09-13T12:35:00+00:00 [queued]>
[2024-09-13T12:49:57.742+0000] {taskinstance.py:2865} INFO - Starting attempt 2 of 2
[2024-09-13T12:49:57.866+0000] {taskinstance.py:2888} INFO - Executing <Task(PythonOperator): run_anomaly_detection> on 2024-09-13 12:35:00+00:00
[2024-09-13T12:49:58.019+0000] {logging_mixin.py:190} WARNING - /home/airflow/.local/lib/python3.12/site-packages/airflow/task/task_runner/standard_task_runner.py:70 DeprecationWarning: This process (pid=87949) is multi-threaded, use of fork() may lead to deadlocks in the child.
[2024-09-13T12:49:57.997+0000] {standard_task_runner.py:104} INFO - Running: ['airflow', 'tasks', 'run', 'Dag_Non-numeric-Quantity', 'run_anomaly_detection', 'scheduled__2024-09-13T12:35:00+00:00', '--job-id', '2206', '--raw', '--subdir', 'DAGS_FOLDER/Dag_Non-numeric-Quantity.py', '--cfg-path', '/tmp/tmph80am3vm']
[2024-09-13T12:49:58.112+0000] {standard_task_runner.py:72} INFO - Started process 87983 to run task
[2024-09-13T12:49:58.113+0000] {standard_task_runner.py:105} INFO - Job 2206: Subtask run_anomaly_detection
[2024-09-13T12:50:05.809+0000] {job.py:229} INFO - Heartbeat recovered after 12.68 seconds
[2024-09-13T12:50:06.763+0000] {task_command.py:467} INFO - Running <TaskInstance: Dag_Non-numeric-Quantity.run_anomaly_detection scheduled__2024-09-13T12:35:00+00:00 [running]> on host 7403e816bcf5
[2024-09-13T12:50:19.359+0000] {taskinstance.py:3131} INFO - Exporting env vars: AIRFLOW_CTX_DAG_OWNER='airflow' AIRFLOW_CTX_DAG_ID='Dag_Non-numeric-Quantity' AIRFLOW_CTX_TASK_ID='run_anomaly_detection' AIRFLOW_CTX_EXECUTION_DATE='2024-09-13T12:35:00+00:00' AIRFLOW_CTX_TRY_NUMBER='2' AIRFLOW_CTX_DAG_RUN_ID='scheduled__2024-09-13T12:35:00+00:00'
[2024-09-13T12:50:20.858+0000] {taskinstance.py:731} INFO - ::endgroup::
[2024-09-13T12:50:27.216+0000] {job.py:229} INFO - Heartbeat recovered after 12.07 seconds
[2024-09-13T12:50:27.843+0000] {python.py:240} INFO - Done. Returned value was: None
[2024-09-13T12:50:29.793+0000] {taskinstance.py:340} INFO - ::group::Post task execution logs
[2024-09-13T12:50:29.858+0000] {taskinstance.py:352} INFO - Marking task as SUCCESS. dag_id=Dag_Non-numeric-Quantity, task_id=run_anomaly_detection, run_id=scheduled__2024-09-13T12:35:00+00:00, execution_date=20240913T123500, start_date=20240913T124957, end_date=20240913T125029
[2024-09-13T12:50:52.366+0000] {job.py:229} INFO - Heartbeat recovered after 25.27 seconds
[2024-09-13T12:50:55.069+0000] {local_task_job_runner.py:266} INFO - Task exited with return code 0
[2024-09-13T12:50:55.484+0000] {standard_task_runner.py:217} INFO - Process not found (most likely exited), stop collecting metrics
[2024-09-13T12:50:58.956+0000] {taskinstance.py:3900} INFO - 0 downstream tasks scheduled from follow-on schedule check
[2024-09-13T12:50:58.985+0000] {local_task_job_runner.py:245} INFO - ::endgroup::
