[2024-09-08T13:00:14.962+0000] {local_task_job_runner.py:123} INFO - ::group::Pre task execution logs
[2024-09-08T13:00:16.205+0000] {taskinstance.py:2612} INFO - Dependencies all met for dep_context=non-requeueable deps ti=<TaskInstance: welcome_dag.print_welcome scheduled__2024-09-08T13:00:01+00:00 [queued]>
[2024-09-08T13:00:16.288+0000] {taskinstance.py:2612} INFO - Dependencies all met for dep_context=requeueable deps ti=<TaskInstance: welcome_dag.print_welcome scheduled__2024-09-08T13:00:01+00:00 [queued]>
[2024-09-08T13:00:16.295+0000] {taskinstance.py:2865} INFO - Starting attempt 1 of 1
[2024-09-08T13:00:16.489+0000] {taskinstance.py:2888} INFO - Executing <Task(PythonOperator): print_welcome> on 2024-09-08 13:00:01+00:00
[2024-09-08T13:00:16.775+0000] {logging_mixin.py:190} WARNING - /home/airflow/.local/lib/python3.12/site-packages/airflow/task/task_runner/standard_task_runner.py:70 DeprecationWarning: This process (pid=16398) is multi-threaded, use of fork() may lead to deadlocks in the child.
[2024-09-08T13:00:16.796+0000] {standard_task_runner.py:72} INFO - Started process 16418 to run task
[2024-09-08T13:00:16.789+0000] {standard_task_runner.py:104} INFO - Running: ['airflow', 'tasks', 'run', 'welcome_dag', 'print_welcome', 'scheduled__2024-09-08T13:00:01+00:00', '--job-id', '818', '--raw', '--subdir', 'DAGS_FOLDER/Awelcome_dags.py', '--cfg-path', '/tmp/tmpgbnbn2ey']
[2024-09-08T13:00:16.907+0000] {standard_task_runner.py:105} INFO - Job 818: Subtask print_welcome
[2024-09-08T13:00:19.578+0000] {task_command.py:467} INFO - Running <TaskInstance: welcome_dag.print_welcome scheduled__2024-09-08T13:00:01+00:00 [running]> on host 13d1dadf4f15
[2024-09-08T13:00:23.742+0000] {job.py:229} INFO - Heartbeat recovered after 14.08 seconds
[2024-09-08T13:00:25.552+0000] {taskinstance.py:3131} INFO - Exporting env vars: AIRFLOW_CTX_DAG_OWNER='airflow' AIRFLOW_CTX_DAG_ID='welcome_dag' AIRFLOW_CTX_TASK_ID='print_welcome' AIRFLOW_CTX_EXECUTION_DATE='2024-09-08T13:00:01+00:00' AIRFLOW_CTX_TRY_NUMBER='1' AIRFLOW_CTX_DAG_RUN_ID='scheduled__2024-09-08T13:00:01+00:00'
[2024-09-08T13:00:25.560+0000] {taskinstance.py:731} INFO - ::endgroup::
[2024-09-08T13:00:25.978+0000] {logging_mixin.py:190} INFO - Welcome to Airflow!
[2024-09-08T13:00:25.989+0000] {python.py:240} INFO - Done. Returned value was: None
[2024-09-08T13:00:27.429+0000] {taskinstance.py:340} INFO - ::group::Post task execution logs
[2024-09-08T13:00:27.432+0000] {taskinstance.py:352} INFO - Marking task as SUCCESS. dag_id=welcome_dag, task_id=print_welcome, run_id=scheduled__2024-09-08T13:00:01+00:00, execution_date=20240908T130001, start_date=20240908T130016, end_date=20240908T130027
[2024-09-08T13:00:27.622+0000] {local_task_job_runner.py:266} INFO - Task exited with return code 0
[2024-09-08T13:00:30.201+0000] {taskinstance.py:3900} INFO - 0 downstream tasks scheduled from follow-on schedule check
[2024-09-08T13:00:30.254+0000] {local_task_job_runner.py:245} INFO - ::endgroup::
[2024-09-08T13:00:31.973+0000] {standard_task_runner.py:217} INFO - Process not found (most likely exited), stop collecting metrics
