[2024-09-13T19:25:05.636+0000] {local_task_job_runner.py:123} INFO - ::group::Pre task execution logs
[2024-09-13T19:25:06.235+0000] {taskinstance.py:2612} INFO - Dependencies all met for dep_context=non-requeueable deps ti=<TaskInstance: Dag_Multiple_Transactions_in_Short_Timeframe.run_anomaly_detection scheduled__2024-09-13T19:20:00+00:00 [queued]>
[2024-09-13T19:25:06.272+0000] {taskinstance.py:2612} INFO - Dependencies all met for dep_context=requeueable deps ti=<TaskInstance: Dag_Multiple_Transactions_in_Short_Timeframe.run_anomaly_detection scheduled__2024-09-13T19:20:00+00:00 [queued]>
[2024-09-13T19:25:06.273+0000] {taskinstance.py:2865} INFO - Starting attempt 1 of 2
[2024-09-13T19:25:06.366+0000] {taskinstance.py:2888} INFO - Executing <Task(PythonOperator): run_anomaly_detection> on 2024-09-13 19:20:00+00:00
[2024-09-13T19:25:06.435+0000] {standard_task_runner.py:104} INFO - Running: ['airflow', 'tasks', 'run', 'Dag_Multiple_Transactions_in_Short_Timeframe', 'run_anomaly_detection', 'scheduled__2024-09-13T19:20:00+00:00', '--job-id', '3308', '--raw', '--subdir', 'DAGS_FOLDER/Dag_MultipleTransactions-in-a-ShortTimeframe.py', '--cfg-path', '/tmp/tmpa6sf1rer']
[2024-09-13T19:25:06.449+0000] {logging_mixin.py:190} WARNING - /home/airflow/.local/lib/python3.12/site-packages/airflow/task/task_runner/standard_task_runner.py:70 DeprecationWarning: This process (pid=50046) is multi-threaded, use of fork() may lead to deadlocks in the child.
[2024-09-13T19:25:06.451+0000] {standard_task_runner.py:105} INFO - Job 3308: Subtask run_anomaly_detection
[2024-09-13T19:25:06.452+0000] {standard_task_runner.py:72} INFO - Started process 50087 to run task
[2024-09-13T19:25:07.704+0000] {task_command.py:467} INFO - Running <TaskInstance: Dag_Multiple_Transactions_in_Short_Timeframe.run_anomaly_detection scheduled__2024-09-13T19:20:00+00:00 [running]> on host 7403e816bcf5
[2024-09-13T19:25:09.304+0000] {taskinstance.py:3131} INFO - Exporting env vars: AIRFLOW_CTX_DAG_OWNER='airflow' AIRFLOW_CTX_DAG_ID='Dag_Multiple_Transactions_in_Short_Timeframe' AIRFLOW_CTX_TASK_ID='run_anomaly_detection' AIRFLOW_CTX_EXECUTION_DATE='2024-09-13T19:20:00+00:00' AIRFLOW_CTX_TRY_NUMBER='1' AIRFLOW_CTX_DAG_RUN_ID='scheduled__2024-09-13T19:20:00+00:00'
[2024-09-13T19:25:09.308+0000] {taskinstance.py:731} INFO - ::endgroup::
[2024-09-13T19:25:10.380+0000] {logging_mixin.py:190} WARNING - /opt/airflow/dags/Dag_MultipleTransactions-in-a-ShortTimeframe.py:59 SettingWithCopyWarning:
A value is trying to be set on a copy of a slice from a DataFrame.
Try using .loc[row_indexer,col_indexer] = value instead

See the caveats in the documentation: https://pandas.pydata.org/pandas-docs/stable/user_guide/indexing.html#returning-a-view-versus-a-copy
[2024-09-13T19:25:10.396+0000] {logging_mixin.py:190} WARNING - /opt/airflow/dags/Dag_MultipleTransactions-in-a-ShortTimeframe.py:59 SettingWithCopyWarning:
A value is trying to be set on a copy of a slice from a DataFrame.
Try using .loc[row_indexer,col_indexer] = value instead

See the caveats in the documentation: https://pandas.pydata.org/pandas-docs/stable/user_guide/indexing.html#returning-a-view-versus-a-copy
[2024-09-13T19:25:10.408+0000] {logging_mixin.py:190} WARNING - /opt/airflow/dags/Dag_MultipleTransactions-in-a-ShortTimeframe.py:59 SettingWithCopyWarning:
A value is trying to be set on a copy of a slice from a DataFrame.
Try using .loc[row_indexer,col_indexer] = value instead

See the caveats in the documentation: https://pandas.pydata.org/pandas-docs/stable/user_guide/indexing.html#returning-a-view-versus-a-copy
[2024-09-13T19:25:10.419+0000] {logging_mixin.py:190} WARNING - /opt/airflow/dags/Dag_MultipleTransactions-in-a-ShortTimeframe.py:59 SettingWithCopyWarning:
A value is trying to be set on a copy of a slice from a DataFrame.
Try using .loc[row_indexer,col_indexer] = value instead

See the caveats in the documentation: https://pandas.pydata.org/pandas-docs/stable/user_guide/indexing.html#returning-a-view-versus-a-copy
[2024-09-13T19:25:10.431+0000] {logging_mixin.py:190} WARNING - /opt/airflow/dags/Dag_MultipleTransactions-in-a-ShortTimeframe.py:59 SettingWithCopyWarning:
A value is trying to be set on a copy of a slice from a DataFrame.
Try using .loc[row_indexer,col_indexer] = value instead

See the caveats in the documentation: https://pandas.pydata.org/pandas-docs/stable/user_guide/indexing.html#returning-a-view-versus-a-copy
[2024-09-13T19:25:10.441+0000] {logging_mixin.py:190} WARNING - /opt/airflow/dags/Dag_MultipleTransactions-in-a-ShortTimeframe.py:59 SettingWithCopyWarning:
A value is trying to be set on a copy of a slice from a DataFrame.
Try using .loc[row_indexer,col_indexer] = value instead

See the caveats in the documentation: https://pandas.pydata.org/pandas-docs/stable/user_guide/indexing.html#returning-a-view-versus-a-copy
[2024-09-13T19:25:10.450+0000] {logging_mixin.py:190} WARNING - /opt/airflow/dags/Dag_MultipleTransactions-in-a-ShortTimeframe.py:59 SettingWithCopyWarning:
A value is trying to be set on a copy of a slice from a DataFrame.
Try using .loc[row_indexer,col_indexer] = value instead

See the caveats in the documentation: https://pandas.pydata.org/pandas-docs/stable/user_guide/indexing.html#returning-a-view-versus-a-copy
[2024-09-13T19:25:10.461+0000] {logging_mixin.py:190} WARNING - /opt/airflow/dags/Dag_MultipleTransactions-in-a-ShortTimeframe.py:59 SettingWithCopyWarning:
A value is trying to be set on a copy of a slice from a DataFrame.
Try using .loc[row_indexer,col_indexer] = value instead

See the caveats in the documentation: https://pandas.pydata.org/pandas-docs/stable/user_guide/indexing.html#returning-a-view-versus-a-copy
[2024-09-13T19:25:10.469+0000] {logging_mixin.py:190} WARNING - /opt/airflow/dags/Dag_MultipleTransactions-in-a-ShortTimeframe.py:59 SettingWithCopyWarning:
A value is trying to be set on a copy of a slice from a DataFrame.
Try using .loc[row_indexer,col_indexer] = value instead

See the caveats in the documentation: https://pandas.pydata.org/pandas-docs/stable/user_guide/indexing.html#returning-a-view-versus-a-copy
[2024-09-13T19:25:10.500+0000] {Dag_MultipleTransactions-in-a-ShortTimeframe.py:123} INFO - No anomalies detected.
[2024-09-13T19:25:10.501+0000] {python.py:240} INFO - Done. Returned value was: None
[2024-09-13T19:25:10.879+0000] {taskinstance.py:340} INFO - ::group::Post task execution logs
[2024-09-13T19:25:10.881+0000] {taskinstance.py:352} INFO - Marking task as SUCCESS. dag_id=Dag_Multiple_Transactions_in_Short_Timeframe, task_id=run_anomaly_detection, run_id=scheduled__2024-09-13T19:20:00+00:00, execution_date=20240913T192000, start_date=20240913T192506, end_date=20240913T192510
[2024-09-13T19:25:10.995+0000] {local_task_job_runner.py:266} INFO - Task exited with return code 0
[2024-09-13T19:25:11.491+0000] {standard_task_runner.py:217} INFO - Process not found (most likely exited), stop collecting metrics
[2024-09-13T19:25:11.811+0000] {taskinstance.py:3900} INFO - 0 downstream tasks scheduled from follow-on schedule check
[2024-09-13T19:25:11.833+0000] {local_task_job_runner.py:245} INFO - ::endgroup::
