[2024-09-08T17:11:38.936+0000] {local_task_job_runner.py:123} INFO - ::group::Pre task execution logs
[2024-09-08T17:11:40.498+0000] {taskinstance.py:2612} INFO - Dependencies all met for dep_context=non-requeueable deps ti=<TaskInstance: detect_transaction_date_anomalies_dag.run_anomaly_detection scheduled__2024-09-08T17:05:00+00:00 [queued]>
[2024-09-08T17:11:40.626+0000] {taskinstance.py:2612} INFO - Dependencies all met for dep_context=requeueable deps ti=<TaskInstance: detect_transaction_date_anomalies_dag.run_anomaly_detection scheduled__2024-09-08T17:05:00+00:00 [queued]>
[2024-09-08T17:11:40.630+0000] {taskinstance.py:2865} INFO - Starting attempt 1 of 2
[2024-09-08T17:11:40.948+0000] {taskinstance.py:2888} INFO - Executing <Task(PythonOperator): run_anomaly_detection> on 2024-09-08 17:05:00+00:00
[2024-09-08T17:11:41.181+0000] {logging_mixin.py:190} WARNING - /home/airflow/.local/lib/python3.12/site-packages/airflow/task/task_runner/standard_task_runner.py:70 DeprecationWarning: This process (pid=2411) is multi-threaded, use of fork() may lead to deadlocks in the child.
[2024-09-08T17:11:41.227+0000] {standard_task_runner.py:72} INFO - Started process 2471 to run task
[2024-09-08T17:11:41.170+0000] {standard_task_runner.py:104} INFO - Running: ['airflow', 'tasks', 'run', 'detect_transaction_date_anomalies_dag', 'run_anomaly_detection', 'scheduled__2024-09-08T17:05:00+00:00', '--job-id', '1668', '--raw', '--subdir', 'DAGS_FOLDER/Dag-Transaction-Date-in-the-Paste.py', '--cfg-path', '/tmp/tmp8ottyhyd']
[2024-09-08T17:11:41.251+0000] {standard_task_runner.py:105} INFO - Job 1668: Subtask run_anomaly_detection
[2024-09-08T17:11:44.240+0000] {task_command.py:467} INFO - Running <TaskInstance: detect_transaction_date_anomalies_dag.run_anomaly_detection scheduled__2024-09-08T17:05:00+00:00 [running]> on host f09432de7c82
[2024-09-08T17:11:45.785+0000] {taskinstance.py:3131} INFO - Exporting env vars: AIRFLOW_CTX_DAG_OWNER='airflow' AIRFLOW_CTX_DAG_ID='detect_transaction_date_anomalies_dag' AIRFLOW_CTX_TASK_ID='run_anomaly_detection' AIRFLOW_CTX_EXECUTION_DATE='2024-09-08T17:05:00+00:00' AIRFLOW_CTX_TRY_NUMBER='1' AIRFLOW_CTX_DAG_RUN_ID='scheduled__2024-09-08T17:05:00+00:00'
[2024-09-08T17:11:45.794+0000] {taskinstance.py:731} INFO - ::endgroup::
[2024-09-08T17:11:47.557+0000] {job.py:229} INFO - Heartbeat recovered after 21.33 seconds
[2024-09-08T17:11:48.357+0000] {Dag-Transaction-Date-in-the-Paste.py:97} INFO - Inserting 1 detected anomalies
[2024-09-08T17:11:51.397+0000] {python.py:240} INFO - Done. Returned value was: None
[2024-09-08T17:11:52.593+0000] {taskinstance.py:340} INFO - ::group::Post task execution logs
[2024-09-08T17:11:52.595+0000] {taskinstance.py:352} INFO - Marking task as SUCCESS. dag_id=detect_transaction_date_anomalies_dag, task_id=run_anomaly_detection, run_id=scheduled__2024-09-08T17:05:00+00:00, execution_date=20240908T170500, start_date=20240908T171140, end_date=20240908T171152
[2024-09-08T17:11:52.889+0000] {local_task_job_runner.py:266} INFO - Task exited with return code 0
[2024-09-08T17:11:53.362+0000] {taskinstance.py:3900} INFO - 0 downstream tasks scheduled from follow-on schedule check
[2024-09-08T17:11:53.374+0000] {local_task_job_runner.py:245} INFO - ::endgroup::
