[2024-09-08T13:50:08.957+0000] {local_task_job_runner.py:123} INFO - ::group::Pre task execution logs
[2024-09-08T13:50:10.409+0000] {taskinstance.py:2612} INFO - Dependencies all met for dep_context=non-requeueable deps ti=<TaskInstance: Correction_dag_high_total_amount.Correction_dag_high_total_amount scheduled__2024-09-08T13:45:00+00:00 [queued]>
[2024-09-08T13:50:10.552+0000] {taskinstance.py:2612} INFO - Dependencies all met for dep_context=requeueable deps ti=<TaskInstance: Correction_dag_high_total_amount.Correction_dag_high_total_amount scheduled__2024-09-08T13:45:00+00:00 [queued]>
[2024-09-08T13:50:10.556+0000] {taskinstance.py:2865} INFO - Starting attempt 1 of 2
[2024-09-08T13:50:10.806+0000] {taskinstance.py:2888} INFO - Executing <Task(PythonOperator): Correction_dag_high_total_amount> on 2024-09-08 13:45:00+00:00
[2024-09-08T13:50:11.566+0000] {logging_mixin.py:190} WARNING - /home/airflow/.local/lib/python3.12/site-packages/airflow/task/task_runner/standard_task_runner.py:70 DeprecationWarning: This process (pid=21775) is multi-threaded, use of fork() may lead to deadlocks in the child.
[2024-09-08T13:50:11.662+0000] {standard_task_runner.py:72} INFO - Started process 21818 to run task
[2024-09-08T13:50:11.467+0000] {standard_task_runner.py:104} INFO - Running: ['airflow', 'tasks', 'run', 'Correction_dag_high_total_amount', 'Correction_dag_high_total_amount', 'scheduled__2024-09-08T13:45:00+00:00', '--job-id', '993', '--raw', '--subdir', 'DAGS_FOLDER/Correction_dag_high_total_amount.py', '--cfg-path', '/tmp/tmp3lzcfor_']
[2024-09-08T13:50:11.673+0000] {standard_task_runner.py:105} INFO - Job 993: Subtask Correction_dag_high_total_amount
[2024-09-08T13:50:14.723+0000] {task_command.py:467} INFO - Running <TaskInstance: Correction_dag_high_total_amount.Correction_dag_high_total_amount scheduled__2024-09-08T13:45:00+00:00 [running]> on host 13d1dadf4f15
[2024-09-08T13:50:17.678+0000] {job.py:229} INFO - Heartbeat recovered after 11.53 seconds
[2024-09-08T13:50:18.741+0000] {taskinstance.py:3131} INFO - Exporting env vars: AIRFLOW_CTX_DAG_OWNER='airflow' AIRFLOW_CTX_DAG_ID='Correction_dag_high_total_amount' AIRFLOW_CTX_TASK_ID='Correction_dag_high_total_amount' AIRFLOW_CTX_EXECUTION_DATE='2024-09-08T13:45:00+00:00' AIRFLOW_CTX_TRY_NUMBER='1' AIRFLOW_CTX_DAG_RUN_ID='scheduled__2024-09-08T13:45:00+00:00'
[2024-09-08T13:50:18.790+0000] {taskinstance.py:731} INFO - ::endgroup::
[2024-09-08T13:50:20.384+0000] {logging_mixin.py:190} INFO - Les anomalies ont été corrigées dans la base de données.
[2024-09-08T13:50:20.518+0000] {python.py:240} INFO - Done. Returned value was: None
[2024-09-08T13:50:21.694+0000] {taskinstance.py:340} INFO - ::group::Post task execution logs
[2024-09-08T13:50:21.720+0000] {taskinstance.py:352} INFO - Marking task as SUCCESS. dag_id=Correction_dag_high_total_amount, task_id=Correction_dag_high_total_amount, run_id=scheduled__2024-09-08T13:45:00+00:00, execution_date=20240908T134500, start_date=20240908T135010, end_date=20240908T135021
[2024-09-08T13:50:22.013+0000] {local_task_job_runner.py:266} INFO - Task exited with return code 0
[2024-09-08T13:50:22.911+0000] {local_task_job_runner.py:245} INFO - ::endgroup::
[2024-09-08T13:50:26.826+0000] {standard_task_runner.py:217} INFO - Process not found (most likely exited), stop collecting metrics
