[2024-09-10T11:46:37.725+0000] {local_task_job_runner.py:123} INFO - ::group::Pre task execution logs
[2024-09-10T11:46:41.054+0000] {taskinstance.py:2612} INFO - Dependencies all met for dep_context=non-requeueable deps ti=<TaskInstance: welcome_dag.print_welcome scheduled__2024-09-08T19:00:59+00:00 [queued]>
[2024-09-10T11:46:41.447+0000] {taskinstance.py:2612} INFO - Dependencies all met for dep_context=requeueable deps ti=<TaskInstance: welcome_dag.print_welcome scheduled__2024-09-08T19:00:59+00:00 [queued]>
[2024-09-10T11:46:41.458+0000] {taskinstance.py:2865} INFO - Starting attempt 1 of 1
[2024-09-10T11:46:42.632+0000] {taskinstance.py:2888} INFO - Executing <Task(PythonOperator): print_welcome> on 2024-09-08 19:00:59+00:00
[2024-09-10T11:46:43.263+0000] {logging_mixin.py:190} WARNING - /home/airflow/.local/lib/python3.12/site-packages/airflow/task/task_runner/standard_task_runner.py:70 DeprecationWarning: This process (pid=188) is multi-threaded, use of fork() may lead to deadlocks in the child.
[2024-09-10T11:46:43.288+0000] {standard_task_runner.py:72} INFO - Started process 243 to run task
[2024-09-10T11:46:43.227+0000] {standard_task_runner.py:104} INFO - Running: ['airflow', 'tasks', 'run', 'welcome_dag', 'print_welcome', 'scheduled__2024-09-08T19:00:59+00:00', '--job-id', '2020', '--raw', '--subdir', 'DAGS_FOLDER/Awelcome_dags.py', '--cfg-path', '/tmp/tmpez03o_rw']
[2024-09-10T11:46:44.187+0000] {standard_task_runner.py:105} INFO - Job 2020: Subtask print_welcome
[2024-09-10T11:46:51.733+0000] {job.py:229} INFO - Heartbeat recovered after 21.22 seconds
[2024-09-10T11:46:54.949+0000] {task_command.py:467} INFO - Running <TaskInstance: welcome_dag.print_welcome scheduled__2024-09-08T19:00:59+00:00 [running]> on host 6d70a6e2c42a
[2024-09-10T11:47:08.138+0000] {taskinstance.py:3131} INFO - Exporting env vars: AIRFLOW_CTX_DAG_OWNER='airflow' AIRFLOW_CTX_DAG_ID='welcome_dag' AIRFLOW_CTX_TASK_ID='print_welcome' AIRFLOW_CTX_EXECUTION_DATE='2024-09-08T19:00:59+00:00' AIRFLOW_CTX_TRY_NUMBER='1' AIRFLOW_CTX_DAG_RUN_ID='scheduled__2024-09-08T19:00:59+00:00'
[2024-09-10T11:47:08.184+0000] {taskinstance.py:731} INFO - ::endgroup::
[2024-09-10T11:47:09.827+0000] {logging_mixin.py:190} INFO - Welcome to Airflow!
[2024-09-10T11:47:09.847+0000] {python.py:240} INFO - Done. Returned value was: None
[2024-09-10T11:47:12.465+0000] {job.py:229} INFO - Heartbeat recovered after 12.06 seconds
[2024-09-10T11:47:12.759+0000] {taskinstance.py:340} INFO - ::group::Post task execution logs
[2024-09-10T11:47:12.787+0000] {taskinstance.py:352} INFO - Marking task as SUCCESS. dag_id=welcome_dag, task_id=print_welcome, run_id=scheduled__2024-09-08T19:00:59+00:00, execution_date=20240908T190059, start_date=20240910T114641, end_date=20240910T114712
[2024-09-10T11:47:15.562+0000] {local_task_job_runner.py:266} INFO - Task exited with return code 0
[2024-09-10T11:47:19.222+0000] {standard_task_runner.py:217} INFO - Process not found (most likely exited), stop collecting metrics
[2024-09-10T11:47:19.403+0000] {taskinstance.py:3900} INFO - 1 downstream tasks scheduled from follow-on schedule check
[2024-09-10T11:47:19.427+0000] {local_task_job_runner.py:245} INFO - ::endgroup::
