[2024-09-12T14:00:12.182+0000] {local_task_job_runner.py:123} INFO - ::group::Pre task execution logs
[2024-09-12T14:00:13.046+0000] {taskinstance.py:2612} INFO - Dependencies all met for dep_context=non-requeueable deps ti=<TaskInstance: welcome_dag.print_welcome scheduled__2024-09-12T14:00:02+00:00 [queued]>
[2024-09-12T14:00:13.233+0000] {taskinstance.py:2612} INFO - Dependencies all met for dep_context=requeueable deps ti=<TaskInstance: welcome_dag.print_welcome scheduled__2024-09-12T14:00:02+00:00 [queued]>
[2024-09-12T14:00:13.328+0000] {taskinstance.py:2865} INFO - Starting attempt 1 of 1
[2024-09-12T14:00:17.412+0000] {taskinstance.py:2888} INFO - Executing <Task(PythonOperator): print_welcome> on 2024-09-12 14:00:02+00:00
[2024-09-12T14:00:17.522+0000] {logging_mixin.py:190} WARNING - /home/airflow/.local/lib/python3.12/site-packages/airflow/task/task_runner/standard_task_runner.py:70 DeprecationWarning: This process (pid=28186) is multi-threaded, use of fork() may lead to deadlocks in the child.
[2024-09-12T14:00:17.457+0000] {standard_task_runner.py:104} INFO - Running: ['airflow', 'tasks', 'run', 'welcome_dag', 'print_welcome', 'scheduled__2024-09-12T14:00:02+00:00', '--job-id', '2040', '--raw', '--subdir', 'DAGS_FOLDER/Awelcome_dags.py', '--cfg-path', '/tmp/tmps9qo7j7w']
[2024-09-12T14:00:17.525+0000] {standard_task_runner.py:72} INFO - Started process 28218 to run task
[2024-09-12T14:00:17.526+0000] {standard_task_runner.py:105} INFO - Job 2040: Subtask print_welcome
[2024-09-12T14:00:23.266+0000] {job.py:229} INFO - Heartbeat recovered after 14.52 seconds
[2024-09-12T14:00:23.957+0000] {task_command.py:467} INFO - Running <TaskInstance: welcome_dag.print_welcome scheduled__2024-09-12T14:00:02+00:00 [running]> on host 7403e816bcf5
[2024-09-12T14:00:36.677+0000] {taskinstance.py:3131} INFO - Exporting env vars: AIRFLOW_CTX_DAG_OWNER='airflow' AIRFLOW_CTX_DAG_ID='welcome_dag' AIRFLOW_CTX_TASK_ID='print_welcome' AIRFLOW_CTX_EXECUTION_DATE='2024-09-12T14:00:02+00:00' AIRFLOW_CTX_TRY_NUMBER='1' AIRFLOW_CTX_DAG_RUN_ID='scheduled__2024-09-12T14:00:02+00:00'
[2024-09-12T14:00:36.703+0000] {taskinstance.py:731} INFO - ::endgroup::
[2024-09-12T14:00:37.045+0000] {logging_mixin.py:190} INFO - Welcome to Airflow!
[2024-09-12T14:00:37.055+0000] {python.py:240} INFO - Done. Returned value was: None
[2024-09-12T14:00:39.015+0000] {taskinstance.py:340} INFO - ::group::Post task execution logs
[2024-09-12T14:00:39.018+0000] {taskinstance.py:352} INFO - Marking task as SUCCESS. dag_id=welcome_dag, task_id=print_welcome, run_id=scheduled__2024-09-12T14:00:02+00:00, execution_date=20240912T140002, start_date=20240912T140013, end_date=20240912T140039
[2024-09-12T14:00:39.229+0000] {local_task_job_runner.py:266} INFO - Task exited with return code 0
[2024-09-12T14:00:40.282+0000] {standard_task_runner.py:217} INFO - Process not found (most likely exited), stop collecting metrics
[2024-09-12T14:00:40.853+0000] {taskinstance.py:3900} INFO - 0 downstream tasks scheduled from follow-on schedule check
[2024-09-12T14:00:40.905+0000] {local_task_job_runner.py:245} INFO - ::endgroup::
