[2024-09-12T13:20:24.669+0000] {local_task_job_runner.py:123} INFO - ::group::Pre task execution logs
[2024-09-12T13:20:25.378+0000] {taskinstance.py:2612} INFO - Dependencies all met for dep_context=non-requeueable deps ti=<TaskInstance: detect_transaction_date_anomalies_dag.run_anomaly_detection scheduled__2024-09-12T13:15:00+00:00 [queued]>
[2024-09-12T13:20:25.420+0000] {taskinstance.py:2612} INFO - Dependencies all met for dep_context=requeueable deps ti=<TaskInstance: detect_transaction_date_anomalies_dag.run_anomaly_detection scheduled__2024-09-12T13:15:00+00:00 [queued]>
[2024-09-12T13:20:25.431+0000] {taskinstance.py:2865} INFO - Starting attempt 1 of 2
[2024-09-12T13:20:25.519+0000] {taskinstance.py:2888} INFO - Executing <Task(PythonOperator): run_anomaly_detection> on 2024-09-12 13:15:00+00:00
[2024-09-12T13:20:25.612+0000] {logging_mixin.py:190} WARNING - /home/airflow/.local/lib/python3.12/site-packages/airflow/task/task_runner/standard_task_runner.py:70 DeprecationWarning: This process (pid=21411) is multi-threaded, use of fork() may lead to deadlocks in the child.
[2024-09-12T13:20:25.618+0000] {standard_task_runner.py:72} INFO - Started process 21456 to run task
[2024-09-12T13:20:25.610+0000] {standard_task_runner.py:104} INFO - Running: ['airflow', 'tasks', 'run', 'detect_transaction_date_anomalies_dag', 'run_anomaly_detection', 'scheduled__2024-09-12T13:15:00+00:00', '--job-id', '1971', '--raw', '--subdir', 'DAGS_FOLDER/Dag-Transaction-Date-in-the-Paste.py', '--cfg-path', '/tmp/tmp27sgjoe9']
[2024-09-12T13:20:25.627+0000] {standard_task_runner.py:105} INFO - Job 1971: Subtask run_anomaly_detection
[2024-09-12T13:20:26.916+0000] {task_command.py:467} INFO - Running <TaskInstance: detect_transaction_date_anomalies_dag.run_anomaly_detection scheduled__2024-09-12T13:15:00+00:00 [running]> on host 7403e816bcf5
[2024-09-12T13:20:28.691+0000] {taskinstance.py:3131} INFO - Exporting env vars: AIRFLOW_CTX_DAG_OWNER='airflow' AIRFLOW_CTX_DAG_ID='detect_transaction_date_anomalies_dag' AIRFLOW_CTX_TASK_ID='run_anomaly_detection' AIRFLOW_CTX_EXECUTION_DATE='2024-09-12T13:15:00+00:00' AIRFLOW_CTX_TRY_NUMBER='1' AIRFLOW_CTX_DAG_RUN_ID='scheduled__2024-09-12T13:15:00+00:00'
[2024-09-12T13:20:28.696+0000] {taskinstance.py:731} INFO - ::endgroup::
[2024-09-12T13:20:29.829+0000] {Dag-Transaction-Date-in-the-Paste.py:97} INFO - Inserting 2 detected anomalies
[2024-09-12T13:20:31.035+0000] {python.py:240} INFO - Done. Returned value was: None
[2024-09-12T13:20:32.056+0000] {taskinstance.py:340} INFO - ::group::Post task execution logs
[2024-09-12T13:20:32.057+0000] {taskinstance.py:352} INFO - Marking task as SUCCESS. dag_id=detect_transaction_date_anomalies_dag, task_id=run_anomaly_detection, run_id=scheduled__2024-09-12T13:15:00+00:00, execution_date=20240912T131500, start_date=20240912T132025, end_date=20240912T132032
[2024-09-12T13:20:34.475+0000] {local_task_job_runner.py:266} INFO - Task exited with return code 0
[2024-09-12T13:20:35.641+0000] {standard_task_runner.py:217} INFO - Process not found (most likely exited), stop collecting metrics
[2024-09-12T13:20:36.010+0000] {taskinstance.py:3900} INFO - 0 downstream tasks scheduled from follow-on schedule check
[2024-09-12T13:20:36.016+0000] {local_task_job_runner.py:245} INFO - ::endgroup::
