[2024-10-23T15:00:47.180+0000] {local_task_job_runner.py:123} INFO - ::group::Pre task execution logs
[2024-10-23T15:00:50.770+0000] {taskinstance.py:2612} INFO - Dependencies all met for dep_context=non-requeueable deps ti=<TaskInstance: welcome_dag.print_date scheduled__2024-10-23T15:00:19+00:00 [queued]>
[2024-10-23T15:00:50.874+0000] {taskinstance.py:2612} INFO - Dependencies all met for dep_context=requeueable deps ti=<TaskInstance: welcome_dag.print_date scheduled__2024-10-23T15:00:19+00:00 [queued]>
[2024-10-23T15:00:50.887+0000] {taskinstance.py:2865} INFO - Starting attempt 1 of 1
[2024-10-23T15:00:50.995+0000] {taskinstance.py:2888} INFO - Executing <Task(PythonOperator): print_date> on 2024-10-23 15:00:19+00:00
[2024-10-23T15:00:51.038+0000] {logging_mixin.py:190} WARNING - /home/airflow/.local/lib/python3.12/site-packages/airflow/task/task_runner/standard_task_runner.py:70 DeprecationWarning: This process (pid=11409) is multi-threaded, use of fork() may lead to deadlocks in the child.
[2024-10-23T15:00:51.050+0000] {standard_task_runner.py:72} INFO - Started process 11456 to run task
[2024-10-23T15:00:51.046+0000] {standard_task_runner.py:104} INFO - Running: ['airflow', 'tasks', 'run', 'welcome_dag', 'print_date', 'scheduled__2024-10-23T15:00:19+00:00', '--job-id', '6346', '--raw', '--subdir', 'DAGS_FOLDER/Awelcome_dags.py', '--cfg-path', '/tmp/tmpbo68g46s']
[2024-10-23T15:00:51.067+0000] {standard_task_runner.py:105} INFO - Job 6346: Subtask print_date
[2024-10-23T15:00:57.169+0000] {task_command.py:467} INFO - Running <TaskInstance: welcome_dag.print_date scheduled__2024-10-23T15:00:19+00:00 [running]> on host 696ca67245ce
[2024-10-23T15:00:57.283+0000] {job.py:229} INFO - Heartbeat recovered after 12.66 seconds
[2024-10-23T15:01:00.965+0000] {taskinstance.py:3131} INFO - Exporting env vars: AIRFLOW_CTX_DAG_OWNER='airflow' AIRFLOW_CTX_DAG_ID='welcome_dag' AIRFLOW_CTX_TASK_ID='print_date' AIRFLOW_CTX_EXECUTION_DATE='2024-10-23T15:00:19+00:00' AIRFLOW_CTX_TRY_NUMBER='1' AIRFLOW_CTX_DAG_RUN_ID='scheduled__2024-10-23T15:00:19+00:00'
[2024-10-23T15:01:00.972+0000] {taskinstance.py:731} INFO - ::endgroup::
[2024-10-23T15:01:01.036+0000] {logging_mixin.py:190} INFO - Today is 2024-10-23
[2024-10-23T15:01:01.046+0000] {python.py:240} INFO - Done. Returned value was: None
[2024-10-23T15:01:01.708+0000] {taskinstance.py:340} INFO - ::group::Post task execution logs
[2024-10-23T15:01:01.713+0000] {taskinstance.py:352} INFO - Marking task as SUCCESS. dag_id=welcome_dag, task_id=print_date, run_id=scheduled__2024-10-23T15:00:19+00:00, execution_date=20241023T150019, start_date=20241023T150050, end_date=20241023T150101
[2024-10-23T15:01:01.874+0000] {local_task_job_runner.py:266} INFO - Task exited with return code 0
[2024-10-23T15:01:02.446+0000] {taskinstance.py:3900} INFO - 0 downstream tasks scheduled from follow-on schedule check
[2024-10-23T15:01:02.458+0000] {local_task_job_runner.py:245} INFO - ::endgroup::
