[2024-09-11T00:50:18.406+0000] {local_task_job_runner.py:123} INFO - ::group::Pre task execution logs
[2024-09-11T00:50:19.979+0000] {taskinstance.py:2612} INFO - Dependencies all met for dep_context=non-requeueable deps ti=<TaskInstance: correction_Dag_no_NumericValues.Correct_Non_numeric_Quantity scheduled__2024-09-11T00:45:00+00:00 [queued]>
[2024-09-11T00:50:20.129+0000] {taskinstance.py:2612} INFO - Dependencies all met for dep_context=requeueable deps ti=<TaskInstance: correction_Dag_no_NumericValues.Correct_Non_numeric_Quantity scheduled__2024-09-11T00:45:00+00:00 [queued]>
[2024-09-11T00:50:20.332+0000] {taskinstance.py:2865} INFO - Starting attempt 1 of 2
[2024-09-11T00:50:20.611+0000] {taskinstance.py:2888} INFO - Executing <Task(PythonOperator): Correct_Non_numeric_Quantity> on 2024-09-11 00:45:00+00:00
[2024-09-11T00:50:20.799+0000] {logging_mixin.py:190} WARNING - /home/airflow/.local/lib/python3.12/site-packages/airflow/task/task_runner/standard_task_runner.py:70 DeprecationWarning: This process (pid=6770) is multi-threaded, use of fork() may lead to deadlocks in the child.
[2024-09-11T00:50:20.801+0000] {standard_task_runner.py:104} INFO - Running: ['airflow', 'tasks', 'run', 'correction_Dag_no_NumericValues', 'Correct_Non_numeric_Quantity', 'scheduled__2024-09-11T00:45:00+00:00', '--job-id', '393', '--raw', '--subdir', 'DAGS_FOLDER/correction_Dag_no_NumericValues.py', '--cfg-path', '/tmp/tmpwe5lopev']
[2024-09-11T00:50:20.835+0000] {standard_task_runner.py:72} INFO - Started process 6806 to run task
[2024-09-11T00:50:20.848+0000] {standard_task_runner.py:105} INFO - Job 393: Subtask Correct_Non_numeric_Quantity
[2024-09-11T00:50:24.943+0000] {task_command.py:467} INFO - Running <TaskInstance: correction_Dag_no_NumericValues.Correct_Non_numeric_Quantity scheduled__2024-09-11T00:45:00+00:00 [running]> on host 5cd9362923f6
[2024-09-11T00:50:27.163+0000] {job.py:229} INFO - Heartbeat recovered after 12.76 seconds
[2024-09-11T00:50:27.829+0000] {taskinstance.py:3131} INFO - Exporting env vars: AIRFLOW_CTX_DAG_OWNER='airflow' AIRFLOW_CTX_DAG_ID='correction_Dag_no_NumericValues' AIRFLOW_CTX_TASK_ID='Correct_Non_numeric_Quantity' AIRFLOW_CTX_EXECUTION_DATE='2024-09-11T00:45:00+00:00' AIRFLOW_CTX_TRY_NUMBER='1' AIRFLOW_CTX_DAG_RUN_ID='scheduled__2024-09-11T00:45:00+00:00'
[2024-09-11T00:50:27.839+0000] {taskinstance.py:731} INFO - ::endgroup::
[2024-09-11T00:50:28.640+0000] {logging_mixin.py:190} INFO - Anomalies textuelles corrigées avec succès dans la table Transactions.
[2024-09-11T00:50:28.646+0000] {python.py:240} INFO - Done. Returned value was: None
[2024-09-11T00:50:29.719+0000] {taskinstance.py:340} INFO - ::group::Post task execution logs
[2024-09-11T00:50:29.723+0000] {taskinstance.py:352} INFO - Marking task as SUCCESS. dag_id=correction_Dag_no_NumericValues, task_id=Correct_Non_numeric_Quantity, run_id=scheduled__2024-09-11T00:45:00+00:00, execution_date=20240911T004500, start_date=20240911T005020, end_date=20240911T005029
[2024-09-11T00:50:29.883+0000] {local_task_job_runner.py:266} INFO - Task exited with return code 0
[2024-09-11T00:50:30.856+0000] {standard_task_runner.py:217} INFO - Process not found (most likely exited), stop collecting metrics
[2024-09-11T00:50:31.025+0000] {taskinstance.py:3900} INFO - 0 downstream tasks scheduled from follow-on schedule check
[2024-09-11T00:50:31.035+0000] {local_task_job_runner.py:245} INFO - ::endgroup::
