[2024-09-14T18:45:22.208+0000] {local_task_job_runner.py:123} INFO - ::group::Pre task execution logs
[2024-09-14T18:45:24.109+0000] {taskinstance.py:2612} INFO - Dependencies all met for dep_context=non-requeueable deps ti=<TaskInstance: correction_Dag_1FN.correct_1nf_violations scheduled__2024-09-14T18:40:00+00:00 [queued]>
[2024-09-14T18:45:24.404+0000] {taskinstance.py:2612} INFO - Dependencies all met for dep_context=requeueable deps ti=<TaskInstance: correction_Dag_1FN.correct_1nf_violations scheduled__2024-09-14T18:40:00+00:00 [queued]>
[2024-09-14T18:45:24.408+0000] {taskinstance.py:2865} INFO - Starting attempt 1 of 2
[2024-09-14T18:45:25.229+0000] {taskinstance.py:2888} INFO - Executing <Task(PythonOperator): correct_1nf_violations> on 2024-09-14 18:40:00+00:00
[2024-09-14T18:45:26.700+0000] {standard_task_runner.py:104} INFO - Running: ['airflow', 'tasks', 'run', 'correction_Dag_1FN', 'correct_1nf_violations', 'scheduled__2024-09-14T18:40:00+00:00', '--job-id', '4291', '--raw', '--subdir', 'DAGS_FOLDER/Correction_dag_1FN.py', '--cfg-path', '/tmp/tmpcl26gek4']
[2024-09-14T18:45:26.745+0000] {standard_task_runner.py:105} INFO - Job 4291: Subtask correct_1nf_violations
[2024-09-14T18:45:26.738+0000] {logging_mixin.py:190} WARNING - /home/airflow/.local/lib/python3.12/site-packages/airflow/task/task_runner/standard_task_runner.py:70 DeprecationWarning: This process (pid=2591) is multi-threaded, use of fork() may lead to deadlocks in the child.
[2024-09-14T18:45:26.772+0000] {standard_task_runner.py:72} INFO - Started process 2637 to run task
[2024-09-14T18:45:33.229+0000] {task_command.py:467} INFO - Running <TaskInstance: correction_Dag_1FN.correct_1nf_violations scheduled__2024-09-14T18:40:00+00:00 [running]> on host 7403e816bcf5
[2024-09-14T18:45:34.904+0000] {job.py:229} INFO - Heartbeat recovered after 17.82 seconds
[2024-09-14T18:45:41.752+0000] {taskinstance.py:3131} INFO - Exporting env vars: AIRFLOW_CTX_DAG_OWNER='airflow' AIRFLOW_CTX_DAG_ID='correction_Dag_1FN' AIRFLOW_CTX_TASK_ID='correct_1nf_violations' AIRFLOW_CTX_EXECUTION_DATE='2024-09-14T18:40:00+00:00' AIRFLOW_CTX_TRY_NUMBER='1' AIRFLOW_CTX_DAG_RUN_ID='scheduled__2024-09-14T18:40:00+00:00'
[2024-09-14T18:45:41.836+0000] {taskinstance.py:731} INFO - ::endgroup::
[2024-09-14T18:45:43.694+0000] {logging_mixin.py:190} INFO - Erreur lors de la correction des anomalies : cannot drop table orders because other objects depend on it
DETAIL:  constraint orderdetails_order_id_fkey on table orderdetails depends on table orders
HINT:  Use DROP ... CASCADE to drop the dependent objects too.
[2024-09-14T18:45:43.700+0000] {python.py:240} INFO - Done. Returned value was: None
[2024-09-14T18:45:44.067+0000] {taskinstance.py:340} INFO - ::group::Post task execution logs
[2024-09-14T18:45:44.075+0000] {taskinstance.py:352} INFO - Marking task as SUCCESS. dag_id=correction_Dag_1FN, task_id=correct_1nf_violations, run_id=scheduled__2024-09-14T18:40:00+00:00, execution_date=20240914T184000, start_date=20240914T184524, end_date=20240914T184544
[2024-09-14T18:45:44.804+0000] {local_task_job_runner.py:266} INFO - Task exited with return code 0
[2024-09-14T18:45:46.728+0000] {local_task_job_runner.py:245} INFO - ::endgroup::
[2024-09-14T18:45:47.084+0000] {standard_task_runner.py:217} INFO - Process not found (most likely exited), stop collecting metrics
