[2024-09-11T17:25:57.088+0000] {local_task_job_runner.py:123} INFO - ::group::Pre task execution logs
[2024-09-11T17:26:00.097+0000] {taskinstance.py:2612} INFO - Dependencies all met for dep_context=non-requeueable deps ti=<TaskInstance: detect_1fn_anomalies_dag.detect_1nf_and_insert_anomalies scheduled__2024-09-11T17:20:00+00:00 [queued]>
[2024-09-11T17:26:00.242+0000] {taskinstance.py:2612} INFO - Dependencies all met for dep_context=requeueable deps ti=<TaskInstance: detect_1fn_anomalies_dag.detect_1nf_and_insert_anomalies scheduled__2024-09-11T17:20:00+00:00 [queued]>
[2024-09-11T17:26:00.271+0000] {taskinstance.py:2865} INFO - Starting attempt 1 of 2
[2024-09-11T17:26:00.786+0000] {taskinstance.py:2888} INFO - Executing <Task(PythonOperator): detect_1nf_and_insert_anomalies> on 2024-09-11 17:20:00+00:00
[2024-09-11T17:26:01.973+0000] {logging_mixin.py:190} WARNING - /home/airflow/.local/lib/python3.12/site-packages/airflow/task/task_runner/standard_task_runner.py:70 DeprecationWarning: This process (pid=14590) is multi-threaded, use of fork() may lead to deadlocks in the child.
[2024-09-11T17:26:02.080+0000] {standard_task_runner.py:72} INFO - Started process 14647 to run task
[2024-09-11T17:26:01.388+0000] {standard_task_runner.py:104} INFO - Running: ['airflow', 'tasks', 'run', 'detect_1fn_anomalies_dag', 'detect_1nf_and_insert_anomalies', 'scheduled__2024-09-11T17:20:00+00:00', '--job-id', '1222', '--raw', '--subdir', 'DAGS_FOLDER/Dag_detect_1FN_anomaly.py', '--cfg-path', '/tmp/tmpxy6c_8ks']
[2024-09-11T17:26:02.683+0000] {standard_task_runner.py:105} INFO - Job 1222: Subtask detect_1nf_and_insert_anomalies
[2024-09-11T17:26:17.227+0000] {job.py:229} INFO - Heartbeat recovered after 46.40 seconds
[2024-09-11T17:26:26.387+0000] {task_command.py:467} INFO - Running <TaskInstance: detect_1fn_anomalies_dag.detect_1nf_and_insert_anomalies scheduled__2024-09-11T17:20:00+00:00 [running]> on host b8b5351e8a6b
[2024-09-11T17:26:34.785+0000] {job.py:229} INFO - Heartbeat recovered after 18.23 seconds
[2024-09-11T17:26:44.224+0000] {taskinstance.py:3131} INFO - Exporting env vars: AIRFLOW_CTX_DAG_OWNER='airflow' AIRFLOW_CTX_DAG_ID='detect_1fn_anomalies_dag' AIRFLOW_CTX_TASK_ID='detect_1nf_and_insert_anomalies' AIRFLOW_CTX_EXECUTION_DATE='2024-09-11T17:20:00+00:00' AIRFLOW_CTX_TRY_NUMBER='1' AIRFLOW_CTX_DAG_RUN_ID='scheduled__2024-09-11T17:20:00+00:00'
[2024-09-11T17:26:44.770+0000] {taskinstance.py:731} INFO - ::endgroup::
[2024-09-11T17:26:44.929+0000] {job.py:229} INFO - Heartbeat recovered after 10.56 seconds
[2024-09-11T17:26:49.441+0000] {python.py:240} INFO - Done. Returned value was: None
[2024-09-11T17:26:51.344+0000] {taskinstance.py:340} INFO - ::group::Post task execution logs
[2024-09-11T17:26:51.352+0000] {taskinstance.py:352} INFO - Marking task as SUCCESS. dag_id=detect_1fn_anomalies_dag, task_id=detect_1nf_and_insert_anomalies, run_id=scheduled__2024-09-11T17:20:00+00:00, execution_date=20240911T172000, start_date=20240911T172600, end_date=20240911T172651
[2024-09-11T17:26:51.984+0000] {local_task_job_runner.py:266} INFO - Task exited with return code 0
[2024-09-11T17:26:53.004+0000] {standard_task_runner.py:217} INFO - Process not found (most likely exited), stop collecting metrics
[2024-09-11T17:26:53.003+0000] {taskinstance.py:3900} INFO - 0 downstream tasks scheduled from follow-on schedule check
[2024-09-11T17:26:53.043+0000] {local_task_job_runner.py:245} INFO - ::endgroup::
