[2024-09-12T13:00:19.104+0000] {local_task_job_runner.py:123} INFO - ::group::Pre task execution logs
[2024-09-12T13:00:23.089+0000] {taskinstance.py:2612} INFO - Dependencies all met for dep_context=non-requeueable deps ti=<TaskInstance: welcome_dag.print_welcome scheduled__2024-09-12T13:00:03+00:00 [queued]>
[2024-09-12T13:00:23.622+0000] {taskinstance.py:2612} INFO - Dependencies all met for dep_context=requeueable deps ti=<TaskInstance: welcome_dag.print_welcome scheduled__2024-09-12T13:00:03+00:00 [queued]>
[2024-09-12T13:00:23.636+0000] {taskinstance.py:2865} INFO - Starting attempt 1 of 1
[2024-09-12T13:00:25.934+0000] {taskinstance.py:2888} INFO - Executing <Task(PythonOperator): print_welcome> on 2024-09-12 13:00:03+00:00
[2024-09-12T13:00:26.488+0000] {standard_task_runner.py:104} INFO - Running: ['airflow', 'tasks', 'run', 'welcome_dag', 'print_welcome', 'scheduled__2024-09-12T13:00:03+00:00', '--job-id', '1906', '--raw', '--subdir', 'DAGS_FOLDER/Awelcome_dags.py', '--cfg-path', '/tmp/tmpollqtys6']
[2024-09-12T13:00:26.787+0000] {standard_task_runner.py:105} INFO - Job 1906: Subtask print_welcome
[2024-09-12T13:00:27.962+0000] {logging_mixin.py:190} WARNING - /home/airflow/.local/lib/python3.12/site-packages/airflow/task/task_runner/standard_task_runner.py:70 DeprecationWarning: This process (pid=18193) is multi-threaded, use of fork() may lead to deadlocks in the child.
[2024-09-12T13:00:28.024+0000] {standard_task_runner.py:72} INFO - Started process 18225 to run task
[2024-09-12T13:00:36.232+0000] {job.py:229} INFO - Heartbeat recovered after 22.58 seconds
[2024-09-12T13:00:37.795+0000] {task_command.py:467} INFO - Running <TaskInstance: welcome_dag.print_welcome scheduled__2024-09-12T13:00:03+00:00 [running]> on host 7403e816bcf5
[2024-09-12T13:00:48.656+0000] {job.py:229} INFO - Heartbeat recovered after 12.53 seconds
[2024-09-12T13:01:07.316+0000] {taskinstance.py:3131} INFO - Exporting env vars: AIRFLOW_CTX_DAG_OWNER='airflow' AIRFLOW_CTX_DAG_ID='welcome_dag' AIRFLOW_CTX_TASK_ID='print_welcome' AIRFLOW_CTX_EXECUTION_DATE='2024-09-12T13:00:03+00:00' AIRFLOW_CTX_TRY_NUMBER='1' AIRFLOW_CTX_DAG_RUN_ID='scheduled__2024-09-12T13:00:03+00:00'
[2024-09-12T13:01:07.538+0000] {taskinstance.py:731} INFO - ::endgroup::
[2024-09-12T13:01:07.956+0000] {logging_mixin.py:190} INFO - Welcome to Airflow!
[2024-09-12T13:01:07.964+0000] {python.py:240} INFO - Done. Returned value was: None
[2024-09-12T13:01:10.182+0000] {taskinstance.py:340} INFO - ::group::Post task execution logs
[2024-09-12T13:01:10.186+0000] {taskinstance.py:352} INFO - Marking task as SUCCESS. dag_id=welcome_dag, task_id=print_welcome, run_id=scheduled__2024-09-12T13:00:03+00:00, execution_date=20240912T130003, start_date=20240912T130023, end_date=20240912T130110
[2024-09-12T13:01:13.781+0000] {local_task_job_runner.py:266} INFO - Task exited with return code 0
[2024-09-12T13:01:15.593+0000] {local_task_job_runner.py:245} INFO - ::endgroup::
