[2024-09-10T13:35:35.694+0000] {local_task_job_runner.py:123} INFO - ::group::Pre task execution logs
[2024-09-10T13:35:36.536+0000] {taskinstance.py:2612} INFO - Dependencies all met for dep_context=non-requeueable deps ti=<TaskInstance: detect_transaction_date_anomalies_dag.run_anomaly_detection scheduled__2024-09-10T13:20:00+00:00 [queued]>
[2024-09-10T13:35:36.568+0000] {taskinstance.py:2612} INFO - Dependencies all met for dep_context=requeueable deps ti=<TaskInstance: detect_transaction_date_anomalies_dag.run_anomaly_detection scheduled__2024-09-10T13:20:00+00:00 [queued]>
[2024-09-10T13:35:36.571+0000] {taskinstance.py:2865} INFO - Starting attempt 2 of 2
[2024-09-10T13:35:36.872+0000] {taskinstance.py:2888} INFO - Executing <Task(PythonOperator): run_anomaly_detection> on 2024-09-10 13:20:00+00:00
[2024-09-10T13:35:36.911+0000] {standard_task_runner.py:104} INFO - Running: ['airflow', 'tasks', 'run', 'detect_transaction_date_anomalies_dag', 'run_anomaly_detection', 'scheduled__2024-09-10T13:20:00+00:00', '--job-id', '2291', '--raw', '--subdir', 'DAGS_FOLDER/Dag-Transaction-Date-in-the-Paste.py', '--cfg-path', '/tmp/tmpj4vxrxm9']
[2024-09-10T13:35:36.917+0000] {standard_task_runner.py:105} INFO - Job 2291: Subtask run_anomaly_detection
[2024-09-10T13:35:36.919+0000] {logging_mixin.py:190} WARNING - /home/airflow/.local/lib/python3.12/site-packages/airflow/task/task_runner/standard_task_runner.py:70 DeprecationWarning: This process (pid=1148) is multi-threaded, use of fork() may lead to deadlocks in the child.
[2024-09-10T13:35:36.925+0000] {standard_task_runner.py:72} INFO - Started process 1207 to run task
[2024-09-10T13:35:41.293+0000] {task_command.py:467} INFO - Running <TaskInstance: detect_transaction_date_anomalies_dag.run_anomaly_detection scheduled__2024-09-10T13:20:00+00:00 [running]> on host 5f241b76205c
[2024-09-10T13:35:44.288+0000] {job.py:229} INFO - Heartbeat recovered after 11.42 seconds
[2024-09-10T13:35:47.553+0000] {taskinstance.py:3131} INFO - Exporting env vars: AIRFLOW_CTX_DAG_OWNER='airflow' AIRFLOW_CTX_DAG_ID='detect_transaction_date_anomalies_dag' AIRFLOW_CTX_TASK_ID='run_anomaly_detection' AIRFLOW_CTX_EXECUTION_DATE='2024-09-10T13:20:00+00:00' AIRFLOW_CTX_TRY_NUMBER='2' AIRFLOW_CTX_DAG_RUN_ID='scheduled__2024-09-10T13:20:00+00:00'
[2024-09-10T13:35:47.600+0000] {taskinstance.py:731} INFO - ::endgroup::
[2024-09-10T13:35:50.814+0000] {Dag-Transaction-Date-in-the-Paste.py:97} INFO - Inserting 1 detected anomalies
[2024-09-10T13:35:55.760+0000] {python.py:240} INFO - Done. Returned value was: None
[2024-09-10T13:35:56.552+0000] {taskinstance.py:340} INFO - ::group::Post task execution logs
[2024-09-10T13:35:56.554+0000] {taskinstance.py:352} INFO - Marking task as SUCCESS. dag_id=detect_transaction_date_anomalies_dag, task_id=run_anomaly_detection, run_id=scheduled__2024-09-10T13:20:00+00:00, execution_date=20240910T132000, start_date=20240910T133536, end_date=20240910T133556
[2024-09-10T13:35:56.687+0000] {local_task_job_runner.py:266} INFO - Task exited with return code 0
[2024-09-10T13:35:56.983+0000] {standard_task_runner.py:217} INFO - Process not found (most likely exited), stop collecting metrics
[2024-09-10T13:35:57.332+0000] {local_task_job_runner.py:245} INFO - ::endgroup::
