[2024-09-13T19:00:05.322+0000] {local_task_job_runner.py:123} INFO - ::group::Pre task execution logs
[2024-09-13T19:00:06.402+0000] {taskinstance.py:2612} INFO - Dependencies all met for dep_context=non-requeueable deps ti=<TaskInstance: welcome_dag.print_welcome scheduled__2024-09-13T19:00:00+00:00 [queued]>
[2024-09-13T19:00:06.518+0000] {taskinstance.py:2612} INFO - Dependencies all met for dep_context=requeueable deps ti=<TaskInstance: welcome_dag.print_welcome scheduled__2024-09-13T19:00:00+00:00 [queued]>
[2024-09-13T19:00:06.528+0000] {taskinstance.py:2865} INFO - Starting attempt 1 of 1
[2024-09-13T19:00:07.118+0000] {taskinstance.py:2888} INFO - Executing <Task(PythonOperator): print_welcome> on 2024-09-13 19:00:00+00:00
[2024-09-13T19:00:07.220+0000] {logging_mixin.py:190} WARNING - /home/airflow/.local/lib/python3.12/site-packages/airflow/task/task_runner/standard_task_runner.py:70 DeprecationWarning: This process (pid=46180) is multi-threaded, use of fork() may lead to deadlocks in the child.
[2024-09-13T19:00:07.224+0000] {standard_task_runner.py:72} INFO - Started process 46212 to run task
[2024-09-13T19:00:07.238+0000] {standard_task_runner.py:104} INFO - Running: ['airflow', 'tasks', 'run', 'welcome_dag', 'print_welcome', 'scheduled__2024-09-13T19:00:00+00:00', '--job-id', '3207', '--raw', '--subdir', 'DAGS_FOLDER/Awelcome_dags.py', '--cfg-path', '/tmp/tmp4wnvqr4j']
[2024-09-13T19:00:07.276+0000] {standard_task_runner.py:105} INFO - Job 3207: Subtask print_welcome
[2024-09-13T19:00:09.549+0000] {task_command.py:467} INFO - Running <TaskInstance: welcome_dag.print_welcome scheduled__2024-09-13T19:00:00+00:00 [running]> on host 7403e816bcf5
[2024-09-13T19:00:16.460+0000] {job.py:229} INFO - Heartbeat recovered after 12.77 seconds
[2024-09-13T19:00:21.300+0000] {taskinstance.py:3131} INFO - Exporting env vars: AIRFLOW_CTX_DAG_OWNER='airflow' AIRFLOW_CTX_DAG_ID='welcome_dag' AIRFLOW_CTX_TASK_ID='print_welcome' AIRFLOW_CTX_EXECUTION_DATE='2024-09-13T19:00:00+00:00' AIRFLOW_CTX_TRY_NUMBER='1' AIRFLOW_CTX_DAG_RUN_ID='scheduled__2024-09-13T19:00:00+00:00'
[2024-09-13T19:00:21.528+0000] {taskinstance.py:731} INFO - ::endgroup::
[2024-09-13T19:00:22.872+0000] {logging_mixin.py:190} INFO - Welcome to Airflow!
[2024-09-13T19:00:22.874+0000] {python.py:240} INFO - Done. Returned value was: None
[2024-09-13T19:00:26.351+0000] {taskinstance.py:340} INFO - ::group::Post task execution logs
[2024-09-13T19:00:26.353+0000] {taskinstance.py:352} INFO - Marking task as SUCCESS. dag_id=welcome_dag, task_id=print_welcome, run_id=scheduled__2024-09-13T19:00:00+00:00, execution_date=20240913T190000, start_date=20240913T190006, end_date=20240913T190026
[2024-09-13T19:00:27.511+0000] {job.py:229} INFO - Heartbeat recovered after 11.53 seconds
[2024-09-13T19:00:42.828+0000] {local_task_job_runner.py:266} INFO - Task exited with return code 0
[2024-09-13T19:00:49.283+0000] {standard_task_runner.py:217} INFO - Process not found (most likely exited), stop collecting metrics
[2024-09-13T19:02:10.147+0000] {taskinstance.py:3900} INFO - 0 downstream tasks scheduled from follow-on schedule check
[2024-09-13T19:02:10.315+0000] {local_task_job_runner.py:245} INFO - ::endgroup::
