[2024-09-10T19:00:56.365+0000] {local_task_job_runner.py:123} INFO - ::group::Pre task execution logs
[2024-09-10T19:00:57.309+0000] {taskinstance.py:2612} INFO - Dependencies all met for dep_context=non-requeueable deps ti=<TaskInstance: welcome_dag.print_date scheduled__2024-09-10T19:00:18+00:00 [queued]>
[2024-09-10T19:00:57.410+0000] {taskinstance.py:2612} INFO - Dependencies all met for dep_context=requeueable deps ti=<TaskInstance: welcome_dag.print_date scheduled__2024-09-10T19:00:18+00:00 [queued]>
[2024-09-10T19:00:57.412+0000] {taskinstance.py:2865} INFO - Starting attempt 1 of 1
[2024-09-10T19:00:57.579+0000] {taskinstance.py:2888} INFO - Executing <Task(PythonOperator): print_date> on 2024-09-10 19:00:18+00:00
[2024-09-10T19:00:57.648+0000] {logging_mixin.py:190} WARNING - /home/airflow/.local/lib/python3.12/site-packages/airflow/task/task_runner/standard_task_runner.py:70 DeprecationWarning: This process (pid=9442) is multi-threaded, use of fork() may lead to deadlocks in the child.
[2024-09-10T19:00:57.640+0000] {standard_task_runner.py:104} INFO - Running: ['airflow', 'tasks', 'run', 'welcome_dag', 'print_date', 'scheduled__2024-09-10T19:00:18+00:00', '--job-id', '3243', '--raw', '--subdir', 'DAGS_FOLDER/Awelcome_dags.py', '--cfg-path', '/tmp/tmp6ir0z4to']
[2024-09-10T19:00:57.664+0000] {standard_task_runner.py:105} INFO - Job 3243: Subtask print_date
[2024-09-10T19:00:57.662+0000] {standard_task_runner.py:72} INFO - Started process 9487 to run task
[2024-09-10T19:01:00.517+0000] {task_command.py:467} INFO - Running <TaskInstance: welcome_dag.print_date scheduled__2024-09-10T19:00:18+00:00 [running]> on host 5f241b76205c
[2024-09-10T19:01:03.521+0000] {job.py:229} INFO - Heartbeat recovered after 10.58 seconds
[2024-09-10T19:01:03.653+0000] {taskinstance.py:3131} INFO - Exporting env vars: AIRFLOW_CTX_DAG_OWNER='airflow' AIRFLOW_CTX_DAG_ID='welcome_dag' AIRFLOW_CTX_TASK_ID='print_date' AIRFLOW_CTX_EXECUTION_DATE='2024-09-10T19:00:18+00:00' AIRFLOW_CTX_TRY_NUMBER='1' AIRFLOW_CTX_DAG_RUN_ID='scheduled__2024-09-10T19:00:18+00:00'
[2024-09-10T19:01:03.673+0000] {taskinstance.py:731} INFO - ::endgroup::
[2024-09-10T19:01:03.808+0000] {logging_mixin.py:190} INFO - Today is 2024-09-10
[2024-09-10T19:01:03.810+0000] {python.py:240} INFO - Done. Returned value was: None
[2024-09-10T19:01:04.530+0000] {taskinstance.py:340} INFO - ::group::Post task execution logs
[2024-09-10T19:01:04.532+0000] {taskinstance.py:352} INFO - Marking task as SUCCESS. dag_id=welcome_dag, task_id=print_date, run_id=scheduled__2024-09-10T19:00:18+00:00, execution_date=20240910T190018, start_date=20240910T190057, end_date=20240910T190104
[2024-09-10T19:01:04.712+0000] {local_task_job_runner.py:266} INFO - Task exited with return code 0
[2024-09-10T19:01:05.895+0000] {taskinstance.py:3900} INFO - 0 downstream tasks scheduled from follow-on schedule check
[2024-09-10T19:01:05.925+0000] {local_task_job_runner.py:245} INFO - ::endgroup::
