[2024-10-23T13:01:03.950+0000] {local_task_job_runner.py:123} INFO - ::group::Pre task execution logs
[2024-10-23T13:01:04.885+0000] {taskinstance.py:2612} INFO - Dependencies all met for dep_context=non-requeueable deps ti=<TaskInstance: welcome_dag.print_date scheduled__2024-10-23T13:00:35+00:00 [queued]>
[2024-10-23T13:01:04.958+0000] {taskinstance.py:2612} INFO - Dependencies all met for dep_context=requeueable deps ti=<TaskInstance: welcome_dag.print_date scheduled__2024-10-23T13:00:35+00:00 [queued]>
[2024-10-23T13:01:04.962+0000] {taskinstance.py:2865} INFO - Starting attempt 1 of 1
[2024-10-23T13:01:05.441+0000] {taskinstance.py:2888} INFO - Executing <Task(PythonOperator): print_date> on 2024-10-23 13:00:35+00:00
[2024-10-23T13:01:05.472+0000] {standard_task_runner.py:104} INFO - Running: ['airflow', 'tasks', 'run', 'welcome_dag', 'print_date', 'scheduled__2024-10-23T13:00:35+00:00', '--job-id', '6253', '--raw', '--subdir', 'DAGS_FOLDER/Awelcome_dags.py', '--cfg-path', '/tmp/tmp71_5t0_n']
[2024-10-23T13:01:05.500+0000] {standard_task_runner.py:105} INFO - Job 6253: Subtask print_date
[2024-10-23T13:01:05.740+0000] {logging_mixin.py:190} WARNING - /home/airflow/.local/lib/python3.12/site-packages/airflow/task/task_runner/standard_task_runner.py:70 DeprecationWarning: This process (pid=9912) is multi-threaded, use of fork() may lead to deadlocks in the child.
[2024-10-23T13:01:05.763+0000] {standard_task_runner.py:72} INFO - Started process 9943 to run task
[2024-10-23T13:01:09.319+0000] {task_command.py:467} INFO - Running <TaskInstance: welcome_dag.print_date scheduled__2024-10-23T13:00:35+00:00 [running]> on host 696ca67245ce
[2024-10-23T13:01:11.839+0000] {job.py:229} INFO - Heartbeat recovered after 10.88 seconds
[2024-10-23T13:01:14.221+0000] {taskinstance.py:3131} INFO - Exporting env vars: AIRFLOW_CTX_DAG_OWNER='airflow' AIRFLOW_CTX_DAG_ID='welcome_dag' AIRFLOW_CTX_TASK_ID='print_date' AIRFLOW_CTX_EXECUTION_DATE='2024-10-23T13:00:35+00:00' AIRFLOW_CTX_TRY_NUMBER='1' AIRFLOW_CTX_DAG_RUN_ID='scheduled__2024-10-23T13:00:35+00:00'
[2024-10-23T13:01:14.227+0000] {taskinstance.py:731} INFO - ::endgroup::
[2024-10-23T13:01:14.279+0000] {logging_mixin.py:190} INFO - Today is 2024-10-23
[2024-10-23T13:01:14.281+0000] {python.py:240} INFO - Done. Returned value was: None
[2024-10-23T13:01:15.049+0000] {taskinstance.py:340} INFO - ::group::Post task execution logs
[2024-10-23T13:01:15.051+0000] {taskinstance.py:352} INFO - Marking task as SUCCESS. dag_id=welcome_dag, task_id=print_date, run_id=scheduled__2024-10-23T13:00:35+00:00, execution_date=20241023T130035, start_date=20241023T130104, end_date=20241023T130115
[2024-10-23T13:01:15.803+0000] {local_task_job_runner.py:266} INFO - Task exited with return code 0
[2024-10-23T13:01:15.816+0000] {standard_task_runner.py:217} INFO - Process not found (most likely exited), stop collecting metrics
[2024-10-23T13:01:16.916+0000] {taskinstance.py:3900} INFO - 0 downstream tasks scheduled from follow-on schedule check
[2024-10-23T13:01:16.928+0000] {local_task_job_runner.py:245} INFO - ::endgroup::
