[2024-09-14T21:01:40.310+0000] {local_task_job_runner.py:123} INFO - ::group::Pre task execution logs
[2024-09-14T21:01:42.734+0000] {taskinstance.py:2612} INFO - Dependencies all met for dep_context=non-requeueable deps ti=<TaskInstance: welcome_dag.print_date scheduled__2024-09-14T21:00:07+00:00 [queued]>
[2024-09-14T21:01:42.982+0000] {taskinstance.py:2612} INFO - Dependencies all met for dep_context=requeueable deps ti=<TaskInstance: welcome_dag.print_date scheduled__2024-09-14T21:00:07+00:00 [queued]>
[2024-09-14T21:01:42.995+0000] {taskinstance.py:2865} INFO - Starting attempt 1 of 1
[2024-09-14T21:01:44.043+0000] {taskinstance.py:2888} INFO - Executing <Task(PythonOperator): print_date> on 2024-09-14 21:00:07+00:00
[2024-09-14T21:01:44.094+0000] {standard_task_runner.py:104} INFO - Running: ['airflow', 'tasks', 'run', 'welcome_dag', 'print_date', 'scheduled__2024-09-14T21:00:07+00:00', '--job-id', '4618', '--raw', '--subdir', 'DAGS_FOLDER/Awelcome_dags.py', '--cfg-path', '/tmp/tmp5trw3sv_']
[2024-09-14T21:01:44.134+0000] {standard_task_runner.py:105} INFO - Job 4618: Subtask print_date
[2024-09-14T21:01:44.323+0000] {logging_mixin.py:190} WARNING - /home/airflow/.local/lib/python3.12/site-packages/airflow/task/task_runner/standard_task_runner.py:70 DeprecationWarning: This process (pid=1182) is multi-threaded, use of fork() may lead to deadlocks in the child.
[2024-09-14T21:01:44.337+0000] {standard_task_runner.py:72} INFO - Started process 1203 to run task
[2024-09-14T21:01:51.160+0000] {task_command.py:467} INFO - Running <TaskInstance: welcome_dag.print_date scheduled__2024-09-14T21:00:07+00:00 [running]> on host 7403e816bcf5
[2024-09-14T21:01:52.232+0000] {job.py:229} INFO - Heartbeat recovered after 19.87 seconds
[2024-09-14T21:01:57.313+0000] {taskinstance.py:3131} INFO - Exporting env vars: AIRFLOW_CTX_DAG_OWNER='airflow' AIRFLOW_CTX_DAG_ID='welcome_dag' AIRFLOW_CTX_TASK_ID='print_date' AIRFLOW_CTX_EXECUTION_DATE='2024-09-14T21:00:07+00:00' AIRFLOW_CTX_TRY_NUMBER='1' AIRFLOW_CTX_DAG_RUN_ID='scheduled__2024-09-14T21:00:07+00:00'
[2024-09-14T21:01:57.356+0000] {taskinstance.py:731} INFO - ::endgroup::
[2024-09-14T21:01:57.631+0000] {logging_mixin.py:190} INFO - Today is 2024-09-14
[2024-09-14T21:01:57.634+0000] {python.py:240} INFO - Done. Returned value was: None
[2024-09-14T21:01:58.404+0000] {taskinstance.py:340} INFO - ::group::Post task execution logs
[2024-09-14T21:01:58.411+0000] {taskinstance.py:352} INFO - Marking task as SUCCESS. dag_id=welcome_dag, task_id=print_date, run_id=scheduled__2024-09-14T21:00:07+00:00, execution_date=20240914T210007, start_date=20240914T210142, end_date=20240914T210158
[2024-09-14T21:01:58.601+0000] {local_task_job_runner.py:266} INFO - Task exited with return code 0
[2024-09-14T21:01:59.485+0000] {standard_task_runner.py:217} INFO - Process not found (most likely exited), stop collecting metrics
[2024-09-14T21:02:00.987+0000] {taskinstance.py:3900} INFO - 0 downstream tasks scheduled from follow-on schedule check
[2024-09-14T21:02:01.003+0000] {local_task_job_runner.py:245} INFO - ::endgroup::
