[2024-09-08T13:10:11.116+0000] {local_task_job_runner.py:123} INFO - ::group::Pre task execution logs
[2024-09-08T13:10:11.529+0000] {taskinstance.py:2612} INFO - Dependencies all met for dep_context=non-requeueable deps ti=<TaskInstance: correction_Dag_no_NumericValues.Correct_Non_numeric_Quantity scheduled__2024-09-08T13:05:00+00:00 [queued]>
[2024-09-08T13:10:11.555+0000] {taskinstance.py:2612} INFO - Dependencies all met for dep_context=requeueable deps ti=<TaskInstance: correction_Dag_no_NumericValues.Correct_Non_numeric_Quantity scheduled__2024-09-08T13:05:00+00:00 [queued]>
[2024-09-08T13:10:11.556+0000] {taskinstance.py:2865} INFO - Starting attempt 1 of 2
[2024-09-08T13:10:11.627+0000] {taskinstance.py:2888} INFO - Executing <Task(PythonOperator): Correct_Non_numeric_Quantity> on 2024-09-08 13:05:00+00:00
[2024-09-08T13:10:11.744+0000] {logging_mixin.py:190} WARNING - /home/airflow/.local/lib/python3.12/site-packages/airflow/task/task_runner/standard_task_runner.py:70 DeprecationWarning: This process (pid=18210) is multi-threaded, use of fork() may lead to deadlocks in the child.
[2024-09-08T13:10:11.732+0000] {standard_task_runner.py:104} INFO - Running: ['airflow', 'tasks', 'run', 'correction_Dag_no_NumericValues', 'Correct_Non_numeric_Quantity', 'scheduled__2024-09-08T13:05:00+00:00', '--job-id', '896', '--raw', '--subdir', 'DAGS_FOLDER/correction_Dag_no_NumericValues.py', '--cfg-path', '/tmp/tmp_sbt6e17']
[2024-09-08T13:10:11.772+0000] {standard_task_runner.py:105} INFO - Job 896: Subtask Correct_Non_numeric_Quantity
[2024-09-08T13:10:11.770+0000] {standard_task_runner.py:72} INFO - Started process 18241 to run task
[2024-09-08T13:10:13.875+0000] {task_command.py:467} INFO - Running <TaskInstance: correction_Dag_no_NumericValues.Correct_Non_numeric_Quantity scheduled__2024-09-08T13:05:00+00:00 [running]> on host 13d1dadf4f15
[2024-09-08T13:10:15.346+0000] {taskinstance.py:3131} INFO - Exporting env vars: AIRFLOW_CTX_DAG_OWNER='airflow' AIRFLOW_CTX_DAG_ID='correction_Dag_no_NumericValues' AIRFLOW_CTX_TASK_ID='Correct_Non_numeric_Quantity' AIRFLOW_CTX_EXECUTION_DATE='2024-09-08T13:05:00+00:00' AIRFLOW_CTX_TRY_NUMBER='1' AIRFLOW_CTX_DAG_RUN_ID='scheduled__2024-09-08T13:05:00+00:00'
[2024-09-08T13:10:15.350+0000] {taskinstance.py:731} INFO - ::endgroup::
[2024-09-08T13:10:15.703+0000] {logging_mixin.py:190} INFO - Anomalies textuelles corrigées avec succès dans la table Transactions.
[2024-09-08T13:10:15.710+0000] {python.py:240} INFO - Done. Returned value was: None
[2024-09-08T13:10:15.993+0000] {taskinstance.py:340} INFO - ::group::Post task execution logs
[2024-09-08T13:10:15.994+0000] {taskinstance.py:352} INFO - Marking task as SUCCESS. dag_id=correction_Dag_no_NumericValues, task_id=Correct_Non_numeric_Quantity, run_id=scheduled__2024-09-08T13:05:00+00:00, execution_date=20240908T130500, start_date=20240908T131011, end_date=20240908T131015
[2024-09-08T13:10:16.106+0000] {local_task_job_runner.py:266} INFO - Task exited with return code 0
[2024-09-08T13:10:16.448+0000] {taskinstance.py:3900} INFO - 0 downstream tasks scheduled from follow-on schedule check
[2024-09-08T13:10:16.465+0000] {local_task_job_runner.py:245} INFO - ::endgroup::
[2024-09-08T13:10:16.822+0000] {standard_task_runner.py:217} INFO - Process not found (most likely exited), stop collecting metrics
