[2024-09-08T15:50:05.181+0000] {local_task_job_runner.py:123} INFO - ::group::Pre task execution logs
[2024-09-08T15:50:05.947+0000] {taskinstance.py:2612} INFO - Dependencies all met for dep_context=non-requeueable deps ti=<TaskInstance: correction_Dag_Negative_Value.correct_negative_values scheduled__2024-09-08T15:45:00+00:00 [queued]>
[2024-09-08T15:50:06.068+0000] {taskinstance.py:2612} INFO - Dependencies all met for dep_context=requeueable deps ti=<TaskInstance: correction_Dag_Negative_Value.correct_negative_values scheduled__2024-09-08T15:45:00+00:00 [queued]>
[2024-09-08T15:50:06.076+0000] {taskinstance.py:2865} INFO - Starting attempt 1 of 2
[2024-09-08T15:50:07.346+0000] {taskinstance.py:2888} INFO - Executing <Task(PythonOperator): correct_negative_values> on 2024-09-08 15:45:00+00:00
[2024-09-08T15:50:07.501+0000] {logging_mixin.py:190} WARNING - /home/airflow/.local/lib/python3.12/site-packages/airflow/task/task_runner/standard_task_runner.py:70 DeprecationWarning: This process (pid=40341) is multi-threaded, use of fork() may lead to deadlocks in the child.
[2024-09-08T15:50:07.604+0000] {standard_task_runner.py:72} INFO - Started process 40365 to run task
[2024-09-08T15:50:07.815+0000] {standard_task_runner.py:104} INFO - Running: ['airflow', 'tasks', 'run', 'correction_Dag_Negative_Value', 'correct_negative_values', 'scheduled__2024-09-08T15:45:00+00:00', '--job-id', '1409', '--raw', '--subdir', 'DAGS_FOLDER/Correction_dag_Negative_Value.py', '--cfg-path', '/tmp/tmpr5fjdulp']
[2024-09-08T15:50:08.166+0000] {standard_task_runner.py:105} INFO - Job 1409: Subtask correct_negative_values
[2024-09-08T15:50:13.154+0000] {task_command.py:467} INFO - Running <TaskInstance: correction_Dag_Negative_Value.correct_negative_values scheduled__2024-09-08T15:45:00+00:00 [running]> on host 13d1dadf4f15
[2024-09-08T15:50:14.071+0000] {job.py:229} INFO - Heartbeat recovered after 11.05 seconds
[2024-09-08T15:50:15.727+0000] {taskinstance.py:3131} INFO - Exporting env vars: AIRFLOW_CTX_DAG_OWNER='airflow' AIRFLOW_CTX_DAG_ID='correction_Dag_Negative_Value' AIRFLOW_CTX_TASK_ID='correct_negative_values' AIRFLOW_CTX_EXECUTION_DATE='2024-09-08T15:45:00+00:00' AIRFLOW_CTX_TRY_NUMBER='1' AIRFLOW_CTX_DAG_RUN_ID='scheduled__2024-09-08T15:45:00+00:00'
[2024-09-08T15:50:15.732+0000] {taskinstance.py:731} INFO - ::endgroup::
[2024-09-08T15:50:17.105+0000] {logging_mixin.py:190} INFO - Anomalies corrigées avec succès.
[2024-09-08T15:50:17.114+0000] {python.py:240} INFO - Done. Returned value was: None
[2024-09-08T15:50:18.401+0000] {taskinstance.py:340} INFO - ::group::Post task execution logs
[2024-09-08T15:50:18.406+0000] {taskinstance.py:352} INFO - Marking task as SUCCESS. dag_id=correction_Dag_Negative_Value, task_id=correct_negative_values, run_id=scheduled__2024-09-08T15:45:00+00:00, execution_date=20240908T154500, start_date=20240908T155005, end_date=20240908T155018
[2024-09-08T15:50:18.911+0000] {local_task_job_runner.py:266} INFO - Task exited with return code 0
[2024-09-08T15:50:19.800+0000] {taskinstance.py:3900} INFO - 0 downstream tasks scheduled from follow-on schedule check
[2024-09-08T15:50:19.834+0000] {local_task_job_runner.py:245} INFO - ::endgroup::
