[2024-09-13T15:00:26.401+0000] {local_task_job_runner.py:123} INFO - ::group::Pre task execution logs
[2024-09-13T15:01:48.468+0000] {taskinstance.py:2612} INFO - Dependencies all met for dep_context=non-requeueable deps ti=<TaskInstance: detect_1fn_anomalies_dag.detect_1nf_and_insert_anomalies scheduled__2024-09-13T14:55:00+00:00 [queued]>
[2024-09-13T15:01:48.705+0000] {taskinstance.py:2612} INFO - Dependencies all met for dep_context=requeueable deps ti=<TaskInstance: detect_1fn_anomalies_dag.detect_1nf_and_insert_anomalies scheduled__2024-09-13T14:55:00+00:00 [queued]>
[2024-09-13T15:01:48.716+0000] {taskinstance.py:2865} INFO - Starting attempt 1 of 2
[2024-09-13T15:01:49.381+0000] {taskinstance.py:2888} INFO - Executing <Task(PythonOperator): detect_1nf_and_insert_anomalies> on 2024-09-13 14:55:00+00:00
[2024-09-13T15:01:49.929+0000] {standard_task_runner.py:104} INFO - Running: ['airflow', 'tasks', 'run', 'detect_1fn_anomalies_dag', 'detect_1nf_and_insert_anomalies', 'scheduled__2024-09-13T14:55:00+00:00', '--job-id', '2562', '--raw', '--subdir', 'DAGS_FOLDER/Dag_detect_1FN_anomaly.py', '--cfg-path', '/tmp/tmpgnh_57pg']
[2024-09-13T15:01:50.057+0000] {standard_task_runner.py:105} INFO - Job 2562: Subtask detect_1nf_and_insert_anomalies
[2024-09-13T15:01:50.092+0000] {logging_mixin.py:190} WARNING - /home/airflow/.local/lib/python3.12/site-packages/airflow/task/task_runner/standard_task_runner.py:70 DeprecationWarning: This process (pid=8770) is multi-threaded, use of fork() may lead to deadlocks in the child.
[2024-09-13T15:01:50.107+0000] {standard_task_runner.py:72} INFO - Started process 8835 to run task
[2024-09-13T15:01:54.452+0000] {task_command.py:467} INFO - Running <TaskInstance: detect_1fn_anomalies_dag.detect_1nf_and_insert_anomalies scheduled__2024-09-13T14:55:00+00:00 [running]> on host 7403e816bcf5
[2024-09-13T15:01:56.341+0000] {job.py:229} INFO - Heartbeat recovered after 101.53 seconds
[2024-09-13T15:01:58.903+0000] {taskinstance.py:3131} INFO - Exporting env vars: AIRFLOW_CTX_DAG_OWNER='airflow' AIRFLOW_CTX_DAG_ID='detect_1fn_anomalies_dag' AIRFLOW_CTX_TASK_ID='detect_1nf_and_insert_anomalies' AIRFLOW_CTX_EXECUTION_DATE='2024-09-13T14:55:00+00:00' AIRFLOW_CTX_TRY_NUMBER='1' AIRFLOW_CTX_DAG_RUN_ID='scheduled__2024-09-13T14:55:00+00:00'
[2024-09-13T15:01:58.920+0000] {taskinstance.py:731} INFO - ::endgroup::
[2024-09-13T15:01:59.594+0000] {python.py:240} INFO - Done. Returned value was: None
[2024-09-13T15:02:00.791+0000] {taskinstance.py:340} INFO - ::group::Post task execution logs
[2024-09-13T15:02:00.797+0000] {taskinstance.py:352} INFO - Marking task as SUCCESS. dag_id=detect_1fn_anomalies_dag, task_id=detect_1nf_and_insert_anomalies, run_id=scheduled__2024-09-13T14:55:00+00:00, execution_date=20240913T145500, start_date=20240913T150148, end_date=20240913T150200
[2024-09-13T15:02:01.275+0000] {local_task_job_runner.py:266} INFO - Task exited with return code 0
[2024-09-13T15:02:02.853+0000] {taskinstance.py:3900} INFO - 0 downstream tasks scheduled from follow-on schedule check
[2024-09-13T15:02:02.859+0000] {local_task_job_runner.py:245} INFO - ::endgroup::
[2024-09-13T15:02:05.228+0000] {standard_task_runner.py:217} INFO - Process not found (most likely exited), stop collecting metrics
