[2024-09-10T19:15:12.765+0000] {local_task_job_runner.py:123} INFO - ::group::Pre task execution logs
[2024-09-10T19:15:13.772+0000] {taskinstance.py:2612} INFO - Dependencies all met for dep_context=non-requeueable deps ti=<TaskInstance: Dag_detect_invalid_customer_ids.run_anomaly_detection scheduled__2024-09-10T19:00:00+00:00 [queued]>
[2024-09-10T19:15:14.046+0000] {taskinstance.py:2612} INFO - Dependencies all met for dep_context=requeueable deps ti=<TaskInstance: Dag_detect_invalid_customer_ids.run_anomaly_detection scheduled__2024-09-10T19:00:00+00:00 [queued]>
[2024-09-10T19:15:14.055+0000] {taskinstance.py:2865} INFO - Starting attempt 1 of 2
[2024-09-10T19:15:14.163+0000] {taskinstance.py:2888} INFO - Executing <Task(PythonOperator): run_anomaly_detection> on 2024-09-10 19:00:00+00:00
[2024-09-10T19:15:14.470+0000] {logging_mixin.py:190} WARNING - /home/airflow/.local/lib/python3.12/site-packages/airflow/task/task_runner/standard_task_runner.py:70 DeprecationWarning: This process (pid=11898) is multi-threaded, use of fork() may lead to deadlocks in the child.
[2024-09-10T19:15:14.525+0000] {standard_task_runner.py:72} INFO - Started process 11946 to run task
[2024-09-10T19:15:14.606+0000] {standard_task_runner.py:104} INFO - Running: ['airflow', 'tasks', 'run', 'Dag_detect_invalid_customer_ids', 'run_anomaly_detection', 'scheduled__2024-09-10T19:00:00+00:00', '--job-id', '3288', '--raw', '--subdir', 'DAGS_FOLDER/dag_detect_invalid_customer_ids.py', '--cfg-path', '/tmp/tmpn1s9qzrl']
[2024-09-10T19:15:14.883+0000] {standard_task_runner.py:105} INFO - Job 3288: Subtask run_anomaly_detection
[2024-09-10T19:15:17.611+0000] {task_command.py:467} INFO - Running <TaskInstance: Dag_detect_invalid_customer_ids.run_anomaly_detection scheduled__2024-09-10T19:00:00+00:00 [running]> on host 5f241b76205c
[2024-09-10T19:15:19.689+0000] {taskinstance.py:3131} INFO - Exporting env vars: AIRFLOW_CTX_DAG_OWNER='airflow' AIRFLOW_CTX_DAG_ID='Dag_detect_invalid_customer_ids' AIRFLOW_CTX_TASK_ID='run_anomaly_detection' AIRFLOW_CTX_EXECUTION_DATE='2024-09-10T19:00:00+00:00' AIRFLOW_CTX_TRY_NUMBER='1' AIRFLOW_CTX_DAG_RUN_ID='scheduled__2024-09-10T19:00:00+00:00'
[2024-09-10T19:15:19.696+0000] {taskinstance.py:731} INFO - ::endgroup::
[2024-09-10T19:15:19.742+0000] {dag_detect_invalid_customer_ids.py:101} INFO - Starting anomaly detection process
[2024-09-10T19:15:21.232+0000] {dag_detect_invalid_customer_ids.py:105} INFO - Loaded 15 transactions
[2024-09-10T19:15:21.266+0000] {dag_detect_invalid_customer_ids.py:108} INFO - Detected 1 anomalies
[2024-09-10T19:15:32.652+0000] {dag_detect_invalid_customer_ids.py:94} INFO - Inserted 1 new anomalies.
[2024-09-10T19:15:32.653+0000] {dag_detect_invalid_customer_ids.py:111} INFO - Anomaly detection process completed successfully
[2024-09-10T19:15:32.654+0000] {python.py:240} INFO - Done. Returned value was: None
[2024-09-10T19:15:32.815+0000] {taskinstance.py:340} INFO - ::group::Post task execution logs
[2024-09-10T19:15:32.816+0000] {taskinstance.py:352} INFO - Marking task as SUCCESS. dag_id=Dag_detect_invalid_customer_ids, task_id=run_anomaly_detection, run_id=scheduled__2024-09-10T19:00:00+00:00, execution_date=20240910T190000, start_date=20240910T191513, end_date=20240910T191532
[2024-09-10T19:15:32.881+0000] {local_task_job_runner.py:266} INFO - Task exited with return code 0
[2024-09-10T19:15:33.000+0000] {taskinstance.py:3900} INFO - 0 downstream tasks scheduled from follow-on schedule check
[2024-09-10T19:15:33.003+0000] {local_task_job_runner.py:245} INFO - ::endgroup::
