[2024-09-10T15:00:12.651+0000] {local_task_job_runner.py:123} INFO - ::group::Pre task execution logs
[2024-09-10T15:00:14.184+0000] {taskinstance.py:2612} INFO - Dependencies all met for dep_context=non-requeueable deps ti=<TaskInstance: dag_Null_Value_inAll_Tables.run_anomaly_detection scheduled__2024-09-10T14:45:00+00:00 [queued]>
[2024-09-10T15:00:14.397+0000] {taskinstance.py:2612} INFO - Dependencies all met for dep_context=requeueable deps ti=<TaskInstance: dag_Null_Value_inAll_Tables.run_anomaly_detection scheduled__2024-09-10T14:45:00+00:00 [queued]>
[2024-09-10T15:00:14.452+0000] {taskinstance.py:2865} INFO - Starting attempt 1 of 2
[2024-09-10T15:00:18.685+0000] {taskinstance.py:2888} INFO - Executing <Task(PythonOperator): run_anomaly_detection> on 2024-09-10 14:45:00+00:00
[2024-09-10T15:00:18.938+0000] {logging_mixin.py:190} WARNING - /home/airflow/.local/lib/python3.12/site-packages/airflow/task/task_runner/standard_task_runner.py:70 DeprecationWarning: This process (pid=15367) is multi-threaded, use of fork() may lead to deadlocks in the child.
[2024-09-10T15:00:18.927+0000] {standard_task_runner.py:104} INFO - Running: ['airflow', 'tasks', 'run', 'dag_Null_Value_inAll_Tables', 'run_anomaly_detection', 'scheduled__2024-09-10T14:45:00+00:00', '--job-id', '2546', '--raw', '--subdir', 'DAGS_FOLDER/dag_Null_Value_inAll_Tables.py', '--cfg-path', '/tmp/tmpkhebkckb']
[2024-09-10T15:00:18.969+0000] {standard_task_runner.py:105} INFO - Job 2546: Subtask run_anomaly_detection
[2024-09-10T15:00:18.973+0000] {standard_task_runner.py:72} INFO - Started process 15419 to run task
[2024-09-10T15:00:34.126+0000] {cli_action_loggers.py:177} WARNING - Failed to log action (psycopg2.OperationalError) could not translate host name "postgres" to address: Temporary failure in name resolution

(Background on this error at: https://sqlalche.me/e/14/e3q8)
[2024-09-10T15:00:46.278+0000] {job.py:229} INFO - Heartbeat recovered after 36.33 seconds
[2024-09-10T15:00:47.187+0000] {task_command.py:467} INFO - Running <TaskInstance: dag_Null_Value_inAll_Tables.run_anomaly_detection scheduled__2024-09-10T14:45:00+00:00 [running]> on host 5f241b76205c
[2024-09-10T15:00:52.414+0000] {taskinstance.py:3131} INFO - Exporting env vars: AIRFLOW_CTX_DAG_OWNER='airflow' AIRFLOW_CTX_DAG_ID='dag_Null_Value_inAll_Tables' AIRFLOW_CTX_TASK_ID='run_anomaly_detection' AIRFLOW_CTX_EXECUTION_DATE='2024-09-10T14:45:00+00:00' AIRFLOW_CTX_TRY_NUMBER='1' AIRFLOW_CTX_DAG_RUN_ID='scheduled__2024-09-10T14:45:00+00:00'
[2024-09-10T15:00:52.438+0000] {taskinstance.py:731} INFO - ::endgroup::
[2024-09-10T15:01:05.097+0000] {python.py:240} INFO - Done. Returned value was: None
[2024-09-10T15:01:05.700+0000] {taskinstance.py:340} INFO - ::group::Post task execution logs
[2024-09-10T15:01:05.701+0000] {taskinstance.py:352} INFO - Marking task as SUCCESS. dag_id=dag_Null_Value_inAll_Tables, task_id=run_anomaly_detection, run_id=scheduled__2024-09-10T14:45:00+00:00, execution_date=20240910T144500, start_date=20240910T150014, end_date=20240910T150105
[2024-09-10T15:01:05.909+0000] {local_task_job_runner.py:266} INFO - Task exited with return code 0
[2024-09-10T15:01:06.605+0000] {local_task_job_runner.py:245} INFO - ::endgroup::
