[2024-09-22T16:00:56.765+0000] {local_task_job_runner.py:123} INFO - ::group::Pre task execution logs
[2024-09-22T16:00:57.937+0000] {taskinstance.py:2612} INFO - Dependencies all met for dep_context=non-requeueable deps ti=<TaskInstance: welcome_dag.print_welcome scheduled__2024-09-22T16:00:15+00:00 [queued]>
[2024-09-22T16:00:57.987+0000] {taskinstance.py:2612} INFO - Dependencies all met for dep_context=requeueable deps ti=<TaskInstance: welcome_dag.print_welcome scheduled__2024-09-22T16:00:15+00:00 [queued]>
[2024-09-22T16:00:57.989+0000] {taskinstance.py:2865} INFO - Starting attempt 1 of 1
[2024-09-22T16:00:58.115+0000] {taskinstance.py:2888} INFO - Executing <Task(PythonOperator): print_welcome> on 2024-09-22 16:00:15+00:00
[2024-09-22T16:00:58.136+0000] {standard_task_runner.py:104} INFO - Running: ['airflow', 'tasks', 'run', 'welcome_dag', 'print_welcome', 'scheduled__2024-09-22T16:00:15+00:00', '--job-id', '5283', '--raw', '--subdir', 'DAGS_FOLDER/Awelcome_dags.py', '--cfg-path', '/tmp/tmp2pimap96']
[2024-09-22T16:00:58.143+0000] {standard_task_runner.py:105} INFO - Job 5283: Subtask print_welcome
[2024-09-22T16:00:58.285+0000] {logging_mixin.py:190} WARNING - /home/airflow/.local/lib/python3.12/site-packages/airflow/task/task_runner/standard_task_runner.py:70 DeprecationWarning: This process (pid=14157) is multi-threaded, use of fork() may lead to deadlocks in the child.
[2024-09-22T16:00:58.289+0000] {standard_task_runner.py:72} INFO - Started process 14186 to run task
[2024-09-22T16:01:02.632+0000] {task_command.py:467} INFO - Running <TaskInstance: welcome_dag.print_welcome scheduled__2024-09-22T16:00:15+00:00 [running]> on host 93b0c38322b3
[2024-09-22T16:01:04.277+0000] {job.py:229} INFO - Heartbeat recovered after 15.44 seconds
[2024-09-22T16:01:06.587+0000] {taskinstance.py:3131} INFO - Exporting env vars: AIRFLOW_CTX_DAG_OWNER='airflow' AIRFLOW_CTX_DAG_ID='welcome_dag' AIRFLOW_CTX_TASK_ID='print_welcome' AIRFLOW_CTX_EXECUTION_DATE='2024-09-22T16:00:15+00:00' AIRFLOW_CTX_TRY_NUMBER='1' AIRFLOW_CTX_DAG_RUN_ID='scheduled__2024-09-22T16:00:15+00:00'
[2024-09-22T16:01:06.597+0000] {taskinstance.py:731} INFO - ::endgroup::
[2024-09-22T16:01:06.655+0000] {logging_mixin.py:190} INFO - Welcome to Airflow!
[2024-09-22T16:01:06.657+0000] {python.py:240} INFO - Done. Returned value was: None
[2024-09-22T16:01:07.646+0000] {taskinstance.py:340} INFO - ::group::Post task execution logs
[2024-09-22T16:01:07.649+0000] {taskinstance.py:352} INFO - Marking task as SUCCESS. dag_id=welcome_dag, task_id=print_welcome, run_id=scheduled__2024-09-22T16:00:15+00:00, execution_date=20240922T160015, start_date=20240922T160057, end_date=20240922T160107
[2024-09-22T16:01:07.841+0000] {local_task_job_runner.py:266} INFO - Task exited with return code 0
[2024-09-22T16:01:08.309+0000] {standard_task_runner.py:217} INFO - Process not found (most likely exited), stop collecting metrics
[2024-09-22T16:01:08.520+0000] {local_task_job_runner.py:245} INFO - ::endgroup::
