[2024-09-11T17:45:07.881+0000] {local_task_job_runner.py:123} INFO - ::group::Pre task execution logs
[2024-09-11T17:45:08.910+0000] {taskinstance.py:2612} INFO - Dependencies all met for dep_context=non-requeueable deps ti=<TaskInstance: correction_Dag_1FN.correct_1nf_violations scheduled__2024-09-11T17:40:00+00:00 [queued]>
[2024-09-11T17:45:08.942+0000] {taskinstance.py:2612} INFO - Dependencies all met for dep_context=requeueable deps ti=<TaskInstance: correction_Dag_1FN.correct_1nf_violations scheduled__2024-09-11T17:40:00+00:00 [queued]>
[2024-09-11T17:45:08.944+0000] {taskinstance.py:2865} INFO - Starting attempt 1 of 2
[2024-09-11T17:45:09.146+0000] {taskinstance.py:2888} INFO - Executing <Task(PythonOperator): correct_1nf_violations> on 2024-09-11 17:40:00+00:00
[2024-09-11T17:45:09.679+0000] {logging_mixin.py:190} WARNING - /home/airflow/.local/lib/python3.12/site-packages/airflow/task/task_runner/standard_task_runner.py:70 DeprecationWarning: This process (pid=17509) is multi-threaded, use of fork() may lead to deadlocks in the child.
[2024-09-11T17:45:09.718+0000] {standard_task_runner.py:72} INFO - Started process 17538 to run task
[2024-09-11T17:45:09.637+0000] {standard_task_runner.py:104} INFO - Running: ['airflow', 'tasks', 'run', 'correction_Dag_1FN', 'correct_1nf_violations', 'scheduled__2024-09-11T17:40:00+00:00', '--job-id', '1258', '--raw', '--subdir', 'DAGS_FOLDER/Correction_dag_1FN.py', '--cfg-path', '/tmp/tmppu7ogzhg']
[2024-09-11T17:45:09.735+0000] {standard_task_runner.py:105} INFO - Job 1258: Subtask correct_1nf_violations
[2024-09-11T17:45:16.858+0000] {task_command.py:467} INFO - Running <TaskInstance: correction_Dag_1FN.correct_1nf_violations scheduled__2024-09-11T17:40:00+00:00 [running]> on host b8b5351e8a6b
[2024-09-11T17:45:18.214+0000] {job.py:229} INFO - Heartbeat recovered after 13.34 seconds
[2024-09-11T17:45:24.080+0000] {taskinstance.py:3131} INFO - Exporting env vars: AIRFLOW_CTX_DAG_OWNER='airflow' AIRFLOW_CTX_DAG_ID='correction_Dag_1FN' AIRFLOW_CTX_TASK_ID='correct_1nf_violations' AIRFLOW_CTX_EXECUTION_DATE='2024-09-11T17:40:00+00:00' AIRFLOW_CTX_TRY_NUMBER='1' AIRFLOW_CTX_DAG_RUN_ID='scheduled__2024-09-11T17:40:00+00:00'
[2024-09-11T17:45:24.110+0000] {taskinstance.py:731} INFO - ::endgroup::
[2024-09-11T17:45:25.021+0000] {logging_mixin.py:190} INFO - Erreur lors de la correction des anomalies : column "product_ids" does not exist
LINE 2:         SELECT customer_id, product_ids, order_date, total_a...
                                    ^
[2024-09-11T17:45:25.023+0000] {python.py:240} INFO - Done. Returned value was: None
[2024-09-11T17:45:26.219+0000] {taskinstance.py:340} INFO - ::group::Post task execution logs
[2024-09-11T17:45:26.228+0000] {taskinstance.py:352} INFO - Marking task as SUCCESS. dag_id=correction_Dag_1FN, task_id=correct_1nf_violations, run_id=scheduled__2024-09-11T17:40:00+00:00, execution_date=20240911T174000, start_date=20240911T174508, end_date=20240911T174526
[2024-09-11T17:45:29.223+0000] {local_task_job_runner.py:266} INFO - Task exited with return code 0
[2024-09-11T17:45:29.940+0000] {standard_task_runner.py:217} INFO - Process not found (most likely exited), stop collecting metrics
[2024-09-11T17:45:30.046+0000] {taskinstance.py:3900} INFO - 0 downstream tasks scheduled from follow-on schedule check
[2024-09-11T17:45:30.057+0000] {local_task_job_runner.py:245} INFO - ::endgroup::
