[2024-09-14T20:15:35.743+0000] {local_task_job_runner.py:123} INFO - ::group::Pre task execution logs
[2024-09-14T20:15:36.241+0000] {taskinstance.py:2612} INFO - Dependencies all met for dep_context=non-requeueable deps ti=<TaskInstance: dag_detect_excessively_high_total_amount.run_anomaly_detection scheduled__2024-09-14T20:00:00+00:00 [queued]>
[2024-09-14T20:15:36.272+0000] {taskinstance.py:2612} INFO - Dependencies all met for dep_context=requeueable deps ti=<TaskInstance: dag_detect_excessively_high_total_amount.run_anomaly_detection scheduled__2024-09-14T20:00:00+00:00 [queued]>
[2024-09-14T20:15:36.274+0000] {taskinstance.py:2865} INFO - Starting attempt 1 of 2
[2024-09-14T20:15:36.353+0000] {taskinstance.py:2888} INFO - Executing <Task(PythonOperator): run_anomaly_detection> on 2024-09-14 20:00:00+00:00
[2024-09-14T20:15:36.427+0000] {logging_mixin.py:190} WARNING - /home/airflow/.local/lib/python3.12/site-packages/airflow/task/task_runner/standard_task_runner.py:70 DeprecationWarning: This process (pid=15526) is multi-threaded, use of fork() may lead to deadlocks in the child.
[2024-09-14T20:15:36.422+0000] {standard_task_runner.py:104} INFO - Running: ['airflow', 'tasks', 'run', 'dag_detect_excessively_high_total_amount', 'run_anomaly_detection', 'scheduled__2024-09-14T20:00:00+00:00', '--job-id', '4535', '--raw', '--subdir', 'DAGS_FOLDER/dag_detect_excessively_high_total_amount.py', '--cfg-path', '/tmp/tmpfpd1g50z']
[2024-09-14T20:15:36.438+0000] {standard_task_runner.py:72} INFO - Started process 15587 to run task
[2024-09-14T20:15:36.438+0000] {standard_task_runner.py:105} INFO - Job 4535: Subtask run_anomaly_detection
[2024-09-14T20:15:37.406+0000] {task_command.py:467} INFO - Running <TaskInstance: dag_detect_excessively_high_total_amount.run_anomaly_detection scheduled__2024-09-14T20:00:00+00:00 [running]> on host 7403e816bcf5
[2024-09-14T20:15:38.647+0000] {taskinstance.py:3131} INFO - Exporting env vars: AIRFLOW_CTX_DAG_OWNER='airflow' AIRFLOW_CTX_DAG_ID='dag_detect_excessively_high_total_amount' AIRFLOW_CTX_TASK_ID='run_anomaly_detection' AIRFLOW_CTX_EXECUTION_DATE='2024-09-14T20:00:00+00:00' AIRFLOW_CTX_TRY_NUMBER='1' AIRFLOW_CTX_DAG_RUN_ID='scheduled__2024-09-14T20:00:00+00:00'
[2024-09-14T20:15:38.651+0000] {taskinstance.py:731} INFO - ::endgroup::
[2024-09-14T20:15:38.704+0000] {dag_detect_excessively_high_total_amount.py:118} INFO - Starting anomaly detection process
[2024-09-14T20:15:40.108+0000] {dag_detect_excessively_high_total_amount.py:124} INFO - Loaded 18 transactions and 4 products
[2024-09-14T20:15:40.203+0000] {dag_detect_excessively_high_total_amount.py:127} INFO - Detected 0 anomalies
[2024-09-14T20:15:40.935+0000] {dag_detect_excessively_high_total_amount.py:111} INFO - Inserted 0 new anomalies.
[2024-09-14T20:15:40.936+0000] {dag_detect_excessively_high_total_amount.py:130} INFO - Anomaly detection process completed successfully
[2024-09-14T20:15:40.938+0000] {python.py:240} INFO - Done. Returned value was: None
[2024-09-14T20:15:41.255+0000] {taskinstance.py:340} INFO - ::group::Post task execution logs
[2024-09-14T20:15:41.262+0000] {taskinstance.py:352} INFO - Marking task as SUCCESS. dag_id=dag_detect_excessively_high_total_amount, task_id=run_anomaly_detection, run_id=scheduled__2024-09-14T20:00:00+00:00, execution_date=20240914T200000, start_date=20240914T201536, end_date=20240914T201541
[2024-09-14T20:15:41.397+0000] {local_task_job_runner.py:266} INFO - Task exited with return code 0
[2024-09-14T20:15:41.456+0000] {standard_task_runner.py:217} INFO - Process not found (most likely exited), stop collecting metrics
[2024-09-14T20:15:41.656+0000] {taskinstance.py:3900} INFO - 0 downstream tasks scheduled from follow-on schedule check
[2024-09-14T20:15:41.665+0000] {local_task_job_runner.py:245} INFO - ::endgroup::
