[2024-09-13T22:00:32.892+0000] {local_task_job_runner.py:123} INFO - ::group::Pre task execution logs
[2024-09-13T22:00:37.015+0000] {taskinstance.py:2612} INFO - Dependencies all met for dep_context=non-requeueable deps ti=<TaskInstance: welcome_dag.print_welcome scheduled__2024-09-13T22:00:02+00:00 [queued]>
[2024-09-13T22:00:37.205+0000] {taskinstance.py:2612} INFO - Dependencies all met for dep_context=requeueable deps ti=<TaskInstance: welcome_dag.print_welcome scheduled__2024-09-13T22:00:02+00:00 [queued]>
[2024-09-13T22:00:37.208+0000] {taskinstance.py:2865} INFO - Starting attempt 1 of 1
[2024-09-13T22:00:38.684+0000] {taskinstance.py:2888} INFO - Executing <Task(PythonOperator): print_welcome> on 2024-09-13 22:00:02+00:00
[2024-09-13T22:00:40.064+0000] {logging_mixin.py:190} WARNING - /home/airflow/.local/lib/python3.12/site-packages/airflow/task/task_runner/standard_task_runner.py:70 DeprecationWarning: This process (pid=76200) is multi-threaded, use of fork() may lead to deadlocks in the child.
[2024-09-13T22:00:40.071+0000] {standard_task_runner.py:72} INFO - Started process 76225 to run task
[2024-09-13T22:00:40.009+0000] {standard_task_runner.py:104} INFO - Running: ['airflow', 'tasks', 'run', 'welcome_dag', 'print_welcome', 'scheduled__2024-09-13T22:00:02+00:00', '--job-id', '3744', '--raw', '--subdir', 'DAGS_FOLDER/Awelcome_dags.py', '--cfg-path', '/tmp/tmpf31uqmqh']
[2024-09-13T22:00:40.372+0000] {standard_task_runner.py:105} INFO - Job 3744: Subtask print_welcome
[2024-09-13T22:00:50.260+0000] {job.py:229} INFO - Heartbeat recovered after 28.87 seconds
[2024-09-13T22:00:57.821+0000] {task_command.py:467} INFO - Running <TaskInstance: welcome_dag.print_welcome scheduled__2024-09-13T22:00:02+00:00 [running]> on host 7403e816bcf5
[2024-09-13T22:01:12.321+0000] {job.py:229} INFO - Heartbeat recovered after 22.32 seconds
[2024-09-13T22:01:24.040+0000] {taskinstance.py:3131} INFO - Exporting env vars: AIRFLOW_CTX_DAG_OWNER='airflow' AIRFLOW_CTX_DAG_ID='welcome_dag' AIRFLOW_CTX_TASK_ID='print_welcome' AIRFLOW_CTX_EXECUTION_DATE='2024-09-13T22:00:02+00:00' AIRFLOW_CTX_TRY_NUMBER='1' AIRFLOW_CTX_DAG_RUN_ID='scheduled__2024-09-13T22:00:02+00:00'
[2024-09-13T22:01:24.296+0000] {taskinstance.py:731} INFO - ::endgroup::
[2024-09-13T22:01:25.584+0000] {logging_mixin.py:190} INFO - Welcome to Airflow!
[2024-09-13T22:01:25.594+0000] {python.py:240} INFO - Done. Returned value was: None
[2024-09-13T22:01:26.512+0000] {job.py:229} INFO - Heartbeat recovered after 15.23 seconds
[2024-09-13T22:01:29.157+0000] {taskinstance.py:340} INFO - ::group::Post task execution logs
[2024-09-13T22:01:29.242+0000] {taskinstance.py:352} INFO - Marking task as SUCCESS. dag_id=welcome_dag, task_id=print_welcome, run_id=scheduled__2024-09-13T22:00:02+00:00, execution_date=20240913T220002, start_date=20240913T220037, end_date=20240913T220129
[2024-09-13T22:01:30.788+0000] {local_task_job_runner.py:266} INFO - Task exited with return code 0
[2024-09-13T22:01:34.863+0000] {taskinstance.py:3900} INFO - 0 downstream tasks scheduled from follow-on schedule check
[2024-09-13T22:01:34.900+0000] {local_task_job_runner.py:245} INFO - ::endgroup::
[2024-09-13T22:01:35.663+0000] {standard_task_runner.py:217} INFO - Process not found (most likely exited), stop collecting metrics
