[2024-09-11T17:23:31.209+0000] {local_task_job_runner.py:123} INFO - ::group::Pre task execution logs
[2024-09-11T17:23:32.643+0000] {taskinstance.py:2612} INFO - Dependencies all met for dep_context=non-requeueable deps ti=<TaskInstance: Dag_detect_invalid_customer_ids.run_anomaly_detection scheduled__2024-09-11T17:00:00+00:00 [queued]>
[2024-09-11T17:23:32.703+0000] {taskinstance.py:2612} INFO - Dependencies all met for dep_context=requeueable deps ti=<TaskInstance: Dag_detect_invalid_customer_ids.run_anomaly_detection scheduled__2024-09-11T17:00:00+00:00 [queued]>
[2024-09-11T17:23:32.705+0000] {taskinstance.py:2865} INFO - Starting attempt 2 of 2
[2024-09-11T17:23:32.780+0000] {taskinstance.py:2888} INFO - Executing <Task(PythonOperator): run_anomaly_detection> on 2024-09-11 17:00:00+00:00
[2024-09-11T17:23:32.846+0000] {logging_mixin.py:190} WARNING - /home/airflow/.local/lib/python3.12/site-packages/airflow/task/task_runner/standard_task_runner.py:70 DeprecationWarning: This process (pid=14280) is multi-threaded, use of fork() may lead to deadlocks in the child.
[2024-09-11T17:23:32.850+0000] {standard_task_runner.py:72} INFO - Started process 14333 to run task
[2024-09-11T17:23:32.856+0000] {standard_task_runner.py:104} INFO - Running: ['airflow', 'tasks', 'run', 'Dag_detect_invalid_customer_ids', 'run_anomaly_detection', 'scheduled__2024-09-11T17:00:00+00:00', '--job-id', '1207', '--raw', '--subdir', 'DAGS_FOLDER/dag_detect_invalid_customer_ids.py', '--cfg-path', '/tmp/tmpqw0g6pxk']
[2024-09-11T17:23:32.897+0000] {standard_task_runner.py:105} INFO - Job 1207: Subtask run_anomaly_detection
[2024-09-11T17:23:35.928+0000] {task_command.py:467} INFO - Running <TaskInstance: Dag_detect_invalid_customer_ids.run_anomaly_detection scheduled__2024-09-11T17:00:00+00:00 [running]> on host b8b5351e8a6b
[2024-09-11T17:23:38.497+0000] {job.py:229} INFO - Heartbeat recovered after 12.72 seconds
[2024-09-11T17:23:39.855+0000] {taskinstance.py:3131} INFO - Exporting env vars: AIRFLOW_CTX_DAG_OWNER='airflow' AIRFLOW_CTX_DAG_ID='Dag_detect_invalid_customer_ids' AIRFLOW_CTX_TASK_ID='run_anomaly_detection' AIRFLOW_CTX_EXECUTION_DATE='2024-09-11T17:00:00+00:00' AIRFLOW_CTX_TRY_NUMBER='2' AIRFLOW_CTX_DAG_RUN_ID='scheduled__2024-09-11T17:00:00+00:00'
[2024-09-11T17:23:39.872+0000] {taskinstance.py:731} INFO - ::endgroup::
[2024-09-11T17:23:40.133+0000] {dag_detect_invalid_customer_ids.py:101} INFO - Starting anomaly detection process
[2024-09-11T17:23:42.568+0000] {dag_detect_invalid_customer_ids.py:105} INFO - Loaded 15 transactions
[2024-09-11T17:23:42.858+0000] {dag_detect_invalid_customer_ids.py:108} INFO - Detected 1 anomalies
[2024-09-11T17:23:42.943+0000] {dag_detect_invalid_customer_ids.py:94} INFO - Inserted 1 new anomalies.
[2024-09-11T17:23:42.950+0000] {dag_detect_invalid_customer_ids.py:111} INFO - Anomaly detection process completed successfully
[2024-09-11T17:23:42.983+0000] {python.py:240} INFO - Done. Returned value was: None
[2024-09-11T17:23:44.245+0000] {taskinstance.py:340} INFO - ::group::Post task execution logs
[2024-09-11T17:23:44.249+0000] {taskinstance.py:352} INFO - Marking task as SUCCESS. dag_id=Dag_detect_invalid_customer_ids, task_id=run_anomaly_detection, run_id=scheduled__2024-09-11T17:00:00+00:00, execution_date=20240911T170000, start_date=20240911T172332, end_date=20240911T172344
[2024-09-11T17:23:44.396+0000] {local_task_job_runner.py:266} INFO - Task exited with return code 0
[2024-09-11T17:23:45.308+0000] {local_task_job_runner.py:245} INFO - ::endgroup::
