[2024-10-12T20:47:06.837+0000] {local_task_job_runner.py:123} INFO - ::group::Pre task execution logs
[2024-10-12T20:47:08.092+0000] {taskinstance.py:2612} INFO - Dependencies all met for dep_context=non-requeueable deps ti=<TaskInstance: detect_transaction_date_anomalies_dag.run_anomaly_detection scheduled__2024-10-12T20:35:00+00:00 [queued]>
[2024-10-12T20:47:08.175+0000] {taskinstance.py:2612} INFO - Dependencies all met for dep_context=requeueable deps ti=<TaskInstance: detect_transaction_date_anomalies_dag.run_anomaly_detection scheduled__2024-10-12T20:35:00+00:00 [queued]>
[2024-10-12T20:47:08.183+0000] {taskinstance.py:2865} INFO - Starting attempt 2 of 2
[2024-10-12T20:47:08.677+0000] {taskinstance.py:2888} INFO - Executing <Task(PythonOperator): run_anomaly_detection> on 2024-10-12 20:35:00+00:00
[2024-10-12T20:47:08.803+0000] {standard_task_runner.py:104} INFO - Running: ['airflow', 'tasks', 'run', 'detect_transaction_date_anomalies_dag', 'run_anomaly_detection', 'scheduled__2024-10-12T20:35:00+00:00', '--job-id', '5887', '--raw', '--subdir', 'DAGS_FOLDER/Dag-Transaction-Date-in-the-Paste.py', '--cfg-path', '/tmp/tmp1nuaznhu']
[2024-10-12T20:47:08.816+0000] {standard_task_runner.py:105} INFO - Job 5887: Subtask run_anomaly_detection
[2024-10-12T20:47:08.834+0000] {logging_mixin.py:190} WARNING - /home/airflow/.local/lib/python3.12/site-packages/airflow/task/task_runner/standard_task_runner.py:70 DeprecationWarning: This process (pid=1023) is multi-threaded, use of fork() may lead to deadlocks in the child.
[2024-10-12T20:47:08.837+0000] {standard_task_runner.py:72} INFO - Started process 1077 to run task
[2024-10-12T20:47:11.660+0000] {task_command.py:467} INFO - Running <TaskInstance: detect_transaction_date_anomalies_dag.run_anomaly_detection scheduled__2024-10-12T20:35:00+00:00 [running]> on host 20dad67a3f18
[2024-10-12T20:47:14.689+0000] {taskinstance.py:3131} INFO - Exporting env vars: AIRFLOW_CTX_DAG_OWNER='airflow' AIRFLOW_CTX_DAG_ID='detect_transaction_date_anomalies_dag' AIRFLOW_CTX_TASK_ID='run_anomaly_detection' AIRFLOW_CTX_EXECUTION_DATE='2024-10-12T20:35:00+00:00' AIRFLOW_CTX_TRY_NUMBER='2' AIRFLOW_CTX_DAG_RUN_ID='scheduled__2024-10-12T20:35:00+00:00'
[2024-10-12T20:47:14.628+0000] {job.py:229} INFO - Heartbeat recovered after 11.38 seconds
[2024-10-12T20:47:15.091+0000] {taskinstance.py:731} INFO - ::endgroup::
[2024-10-12T20:47:21.458+0000] {Dag-Transaction-Date-in-the-Paste.py:97} INFO - Inserting 2 detected anomalies
[2024-10-12T20:47:23.761+0000] {python.py:240} INFO - Done. Returned value was: None
[2024-10-12T20:47:24.857+0000] {taskinstance.py:340} INFO - ::group::Post task execution logs
[2024-10-12T20:47:24.864+0000] {taskinstance.py:352} INFO - Marking task as SUCCESS. dag_id=detect_transaction_date_anomalies_dag, task_id=run_anomaly_detection, run_id=scheduled__2024-10-12T20:35:00+00:00, execution_date=20241012T203500, start_date=20241012T204708, end_date=20241012T204724
[2024-10-12T20:47:25.237+0000] {local_task_job_runner.py:266} INFO - Task exited with return code 0
[2024-10-12T20:47:26.593+0000] {taskinstance.py:3900} INFO - 0 downstream tasks scheduled from follow-on schedule check
[2024-10-12T20:47:26.613+0000] {local_task_job_runner.py:245} INFO - ::endgroup::
