[2024-10-23T13:01:04.310+0000] {local_task_job_runner.py:123} INFO - ::group::Pre task execution logs
[2024-10-23T13:01:05.184+0000] {taskinstance.py:2612} INFO - Dependencies all met for dep_context=non-requeueable deps ti=<TaskInstance: welcome_dag.print_date scheduled__2024-10-23T13:00:33+00:00 [queued]>
[2024-10-23T13:01:05.229+0000] {taskinstance.py:2612} INFO - Dependencies all met for dep_context=requeueable deps ti=<TaskInstance: welcome_dag.print_date scheduled__2024-10-23T13:00:33+00:00 [queued]>
[2024-10-23T13:01:05.231+0000] {taskinstance.py:2865} INFO - Starting attempt 1 of 1
[2024-10-23T13:01:05.469+0000] {taskinstance.py:2888} INFO - Executing <Task(PythonOperator): print_date> on 2024-10-23 13:00:33+00:00
[2024-10-23T13:01:05.496+0000] {standard_task_runner.py:104} INFO - Running: ['airflow', 'tasks', 'run', 'welcome_dag', 'print_date', 'scheduled__2024-10-23T13:00:33+00:00', '--job-id', '6254', '--raw', '--subdir', 'DAGS_FOLDER/Awelcome_dags.py', '--cfg-path', '/tmp/tmpwxobplqk']
[2024-10-23T13:01:05.510+0000] {standard_task_runner.py:105} INFO - Job 6254: Subtask print_date
[2024-10-23T13:01:05.522+0000] {logging_mixin.py:190} WARNING - /home/airflow/.local/lib/python3.12/site-packages/airflow/task/task_runner/standard_task_runner.py:70 DeprecationWarning: This process (pid=9913) is multi-threaded, use of fork() may lead to deadlocks in the child.
[2024-10-23T13:01:05.540+0000] {standard_task_runner.py:72} INFO - Started process 9944 to run task
[2024-10-23T13:01:09.310+0000] {task_command.py:467} INFO - Running <TaskInstance: welcome_dag.print_date scheduled__2024-10-23T13:00:33+00:00 [running]> on host 696ca67245ce
[2024-10-23T13:01:11.962+0000] {job.py:229} INFO - Heartbeat recovered after 11.06 seconds
[2024-10-23T13:01:14.148+0000] {taskinstance.py:3131} INFO - Exporting env vars: AIRFLOW_CTX_DAG_OWNER='airflow' AIRFLOW_CTX_DAG_ID='welcome_dag' AIRFLOW_CTX_TASK_ID='print_date' AIRFLOW_CTX_EXECUTION_DATE='2024-10-23T13:00:33+00:00' AIRFLOW_CTX_TRY_NUMBER='1' AIRFLOW_CTX_DAG_RUN_ID='scheduled__2024-10-23T13:00:33+00:00'
[2024-10-23T13:01:14.152+0000] {taskinstance.py:731} INFO - ::endgroup::
[2024-10-23T13:01:14.202+0000] {logging_mixin.py:190} INFO - Today is 2024-10-23
[2024-10-23T13:01:14.205+0000] {python.py:240} INFO - Done. Returned value was: None
[2024-10-23T13:01:14.970+0000] {taskinstance.py:340} INFO - ::group::Post task execution logs
[2024-10-23T13:01:14.972+0000] {taskinstance.py:352} INFO - Marking task as SUCCESS. dag_id=welcome_dag, task_id=print_date, run_id=scheduled__2024-10-23T13:00:33+00:00, execution_date=20241023T130033, start_date=20241023T130105, end_date=20241023T130114
[2024-10-23T13:01:15.061+0000] {local_task_job_runner.py:266} INFO - Task exited with return code 0
[2024-10-23T13:01:15.551+0000] {standard_task_runner.py:217} INFO - Process not found (most likely exited), stop collecting metrics
[2024-10-23T13:01:16.065+0000] {local_task_job_runner.py:245} INFO - ::endgroup::
