[2024-09-10T18:11:06.554+0000] {local_task_job_runner.py:123} INFO - ::group::Pre task execution logs
[2024-09-10T18:11:06.949+0000] {taskinstance.py:2612} INFO - Dependencies all met for dep_context=non-requeueable deps ti=<TaskInstance: correction_Dag_1FN.correct_1nf_violations scheduled__2024-09-10T18:05:00+00:00 [queued]>
[2024-09-10T18:11:07.018+0000] {taskinstance.py:2612} INFO - Dependencies all met for dep_context=requeueable deps ti=<TaskInstance: correction_Dag_1FN.correct_1nf_violations scheduled__2024-09-10T18:05:00+00:00 [queued]>
[2024-09-10T18:11:07.020+0000] {taskinstance.py:2865} INFO - Starting attempt 1 of 2
[2024-09-10T18:11:07.107+0000] {taskinstance.py:2888} INFO - Executing <Task(PythonOperator): correct_1nf_violations> on 2024-09-10 18:05:00+00:00
[2024-09-10T18:11:07.218+0000] {standard_task_runner.py:104} INFO - Running: ['airflow', 'tasks', 'run', 'correction_Dag_1FN', 'correct_1nf_violations', 'scheduled__2024-09-10T18:05:00+00:00', '--job-id', '3087', '--raw', '--subdir', 'DAGS_FOLDER/Correction_dag_1FN.py', '--cfg-path', '/tmp/tmpbmzedbgq']
[2024-09-10T18:11:07.241+0000] {standard_task_runner.py:105} INFO - Job 3087: Subtask correct_1nf_violations
[2024-09-10T18:11:07.290+0000] {logging_mixin.py:190} WARNING - /home/airflow/.local/lib/python3.12/site-packages/airflow/task/task_runner/standard_task_runner.py:70 DeprecationWarning: This process (pid=1690) is multi-threaded, use of fork() may lead to deadlocks in the child.
[2024-09-10T18:11:07.293+0000] {standard_task_runner.py:72} INFO - Started process 1727 to run task
[2024-09-10T18:11:08.618+0000] {task_command.py:467} INFO - Running <TaskInstance: correction_Dag_1FN.correct_1nf_violations scheduled__2024-09-10T18:05:00+00:00 [running]> on host 5f241b76205c
[2024-09-10T18:11:10.617+0000] {taskinstance.py:3131} INFO - Exporting env vars: AIRFLOW_CTX_DAG_OWNER='airflow' AIRFLOW_CTX_DAG_ID='correction_Dag_1FN' AIRFLOW_CTX_TASK_ID='correct_1nf_violations' AIRFLOW_CTX_EXECUTION_DATE='2024-09-10T18:05:00+00:00' AIRFLOW_CTX_TRY_NUMBER='1' AIRFLOW_CTX_DAG_RUN_ID='scheduled__2024-09-10T18:05:00+00:00'
[2024-09-10T18:11:10.623+0000] {taskinstance.py:731} INFO - ::endgroup::
[2024-09-10T18:11:11.385+0000] {logging_mixin.py:190} INFO - Erreur lors de la correction des anomalies : column "product_ids" does not exist
LINE 2:         SELECT customer_id, product_ids, order_date, total_a...
                                    ^
HINT:  Perhaps you meant to reference the column "orders.product_id".
[2024-09-10T18:11:11.392+0000] {python.py:240} INFO - Done. Returned value was: None
[2024-09-10T18:11:11.997+0000] {taskinstance.py:340} INFO - ::group::Post task execution logs
[2024-09-10T18:11:12.001+0000] {taskinstance.py:352} INFO - Marking task as SUCCESS. dag_id=correction_Dag_1FN, task_id=correct_1nf_violations, run_id=scheduled__2024-09-10T18:05:00+00:00, execution_date=20240910T180500, start_date=20240910T181106, end_date=20240910T181112
[2024-09-10T18:11:12.140+0000] {local_task_job_runner.py:266} INFO - Task exited with return code 0
[2024-09-10T18:11:12.307+0000] {standard_task_runner.py:217} INFO - Process not found (most likely exited), stop collecting metrics
[2024-09-10T18:11:13.793+0000] {local_task_job_runner.py:245} INFO - ::endgroup::
