[2024-09-11T01:01:04.701+0000] {local_task_job_runner.py:123} INFO - ::group::Pre task execution logs
[2024-09-11T01:01:05.982+0000] {taskinstance.py:2612} INFO - Dependencies all met for dep_context=non-requeueable deps ti=<TaskInstance: welcome_dag.print_welcome scheduled__2024-09-11T01:00:30+00:00 [queued]>
[2024-09-11T01:01:06.157+0000] {taskinstance.py:2612} INFO - Dependencies all met for dep_context=requeueable deps ti=<TaskInstance: welcome_dag.print_welcome scheduled__2024-09-11T01:00:30+00:00 [queued]>
[2024-09-11T01:01:06.160+0000] {taskinstance.py:2865} INFO - Starting attempt 1 of 1
[2024-09-11T01:01:06.248+0000] {taskinstance.py:2888} INFO - Executing <Task(PythonOperator): print_welcome> on 2024-09-11 01:00:30+00:00
[2024-09-11T01:01:06.290+0000] {standard_task_runner.py:104} INFO - Running: ['airflow', 'tasks', 'run', 'welcome_dag', 'print_welcome', 'scheduled__2024-09-11T01:00:30+00:00', '--job-id', '430', '--raw', '--subdir', 'DAGS_FOLDER/Awelcome_dags.py', '--cfg-path', '/tmp/tmpry49r3zx']
[2024-09-11T01:01:06.306+0000] {standard_task_runner.py:105} INFO - Job 430: Subtask print_welcome
[2024-09-11T01:01:06.478+0000] {logging_mixin.py:190} WARNING - /home/airflow/.local/lib/python3.12/site-packages/airflow/task/task_runner/standard_task_runner.py:70 DeprecationWarning: This process (pid=8473) is multi-threaded, use of fork() may lead to deadlocks in the child.
[2024-09-11T01:01:06.480+0000] {standard_task_runner.py:72} INFO - Started process 8522 to run task
[2024-09-11T01:01:11.204+0000] {task_command.py:467} INFO - Running <TaskInstance: welcome_dag.print_welcome scheduled__2024-09-11T01:00:30+00:00 [running]> on host 5cd9362923f6
[2024-09-11T01:01:13.342+0000] {job.py:229} INFO - Heartbeat recovered after 15.15 seconds
[2024-09-11T01:01:15.949+0000] {taskinstance.py:3131} INFO - Exporting env vars: AIRFLOW_CTX_DAG_OWNER='airflow' AIRFLOW_CTX_DAG_ID='welcome_dag' AIRFLOW_CTX_TASK_ID='print_welcome' AIRFLOW_CTX_EXECUTION_DATE='2024-09-11T01:00:30+00:00' AIRFLOW_CTX_TRY_NUMBER='1' AIRFLOW_CTX_DAG_RUN_ID='scheduled__2024-09-11T01:00:30+00:00'
[2024-09-11T01:01:15.955+0000] {taskinstance.py:731} INFO - ::endgroup::
[2024-09-11T01:01:16.039+0000] {logging_mixin.py:190} INFO - Welcome to Airflow!
[2024-09-11T01:01:16.046+0000] {python.py:240} INFO - Done. Returned value was: None
[2024-09-11T01:01:17.433+0000] {taskinstance.py:340} INFO - ::group::Post task execution logs
[2024-09-11T01:01:17.435+0000] {taskinstance.py:352} INFO - Marking task as SUCCESS. dag_id=welcome_dag, task_id=print_welcome, run_id=scheduled__2024-09-11T01:00:30+00:00, execution_date=20240911T010030, start_date=20240911T010106, end_date=20240911T010117
[2024-09-11T01:01:18.188+0000] {local_task_job_runner.py:266} INFO - Task exited with return code 0
[2024-09-11T01:01:20.084+0000] {local_task_job_runner.py:245} INFO - ::endgroup::
[2024-09-11T01:01:21.538+0000] {standard_task_runner.py:217} INFO - Process not found (most likely exited), stop collecting metrics
