[2024-09-12T17:37:04.224+0000] {local_task_job_runner.py:123} INFO - ::group::Pre task execution logs
[2024-09-12T17:37:04.570+0000] {taskinstance.py:2612} INFO - Dependencies all met for dep_context=non-requeueable deps ti=<TaskInstance: Dag_detect_invalid_customer_ids.run_anomaly_detection scheduled__2024-09-12T15:45:00+00:00 [queued]>
[2024-09-12T17:37:04.602+0000] {taskinstance.py:2612} INFO - Dependencies all met for dep_context=requeueable deps ti=<TaskInstance: Dag_detect_invalid_customer_ids.run_anomaly_detection scheduled__2024-09-12T15:45:00+00:00 [queued]>
[2024-09-12T17:37:04.605+0000] {taskinstance.py:2865} INFO - Starting attempt 1 of 2
[2024-09-12T17:37:04.679+0000] {taskinstance.py:2888} INFO - Executing <Task(PythonOperator): run_anomaly_detection> on 2024-09-12 15:45:00+00:00
[2024-09-12T17:37:04.761+0000] {standard_task_runner.py:104} INFO - Running: ['airflow', 'tasks', 'run', 'Dag_detect_invalid_customer_ids', 'run_anomaly_detection', 'scheduled__2024-09-12T15:45:00+00:00', '--job-id', '2114', '--raw', '--subdir', 'DAGS_FOLDER/dag_detect_invalid_customer_ids.py', '--cfg-path', '/tmp/tmpfpa8gioo']
[2024-09-12T17:37:04.769+0000] {logging_mixin.py:190} WARNING - /home/airflow/.local/lib/python3.12/site-packages/airflow/task/task_runner/standard_task_runner.py:70 DeprecationWarning: This process (pid=46518) is multi-threaded, use of fork() may lead to deadlocks in the child.
[2024-09-12T17:37:04.781+0000] {standard_task_runner.py:105} INFO - Job 2114: Subtask run_anomaly_detection
[2024-09-12T17:37:04.782+0000] {standard_task_runner.py:72} INFO - Started process 46550 to run task
[2024-09-12T17:37:05.561+0000] {task_command.py:467} INFO - Running <TaskInstance: Dag_detect_invalid_customer_ids.run_anomaly_detection scheduled__2024-09-12T15:45:00+00:00 [running]> on host 7403e816bcf5
[2024-09-12T17:37:06.644+0000] {taskinstance.py:3131} INFO - Exporting env vars: AIRFLOW_CTX_DAG_OWNER='airflow' AIRFLOW_CTX_DAG_ID='Dag_detect_invalid_customer_ids' AIRFLOW_CTX_TASK_ID='run_anomaly_detection' AIRFLOW_CTX_EXECUTION_DATE='2024-09-12T15:45:00+00:00' AIRFLOW_CTX_TRY_NUMBER='1' AIRFLOW_CTX_DAG_RUN_ID='scheduled__2024-09-12T15:45:00+00:00'
[2024-09-12T17:37:06.650+0000] {taskinstance.py:731} INFO - ::endgroup::
[2024-09-12T17:37:06.686+0000] {dag_detect_invalid_customer_ids.py:101} INFO - Starting anomaly detection process
[2024-09-12T17:37:07.195+0000] {dag_detect_invalid_customer_ids.py:105} INFO - Loaded 15 transactions
[2024-09-12T17:37:07.237+0000] {dag_detect_invalid_customer_ids.py:108} INFO - Detected 4 anomalies
[2024-09-12T17:37:07.263+0000] {dag_detect_invalid_customer_ids.py:94} INFO - Inserted 4 new anomalies.
[2024-09-12T17:37:07.264+0000] {dag_detect_invalid_customer_ids.py:111} INFO - Anomaly detection process completed successfully
[2024-09-12T17:37:07.266+0000] {python.py:240} INFO - Done. Returned value was: None
[2024-09-12T17:37:07.486+0000] {taskinstance.py:340} INFO - ::group::Post task execution logs
[2024-09-12T17:37:07.488+0000] {taskinstance.py:352} INFO - Marking task as SUCCESS. dag_id=Dag_detect_invalid_customer_ids, task_id=run_anomaly_detection, run_id=scheduled__2024-09-12T15:45:00+00:00, execution_date=20240912T154500, start_date=20240912T173704, end_date=20240912T173707
[2024-09-12T17:37:07.585+0000] {local_task_job_runner.py:266} INFO - Task exited with return code 0
[2024-09-12T17:37:07.962+0000] {taskinstance.py:3900} INFO - 0 downstream tasks scheduled from follow-on schedule check
[2024-09-12T17:37:07.969+0000] {local_task_job_runner.py:245} INFO - ::endgroup::
