[2024-09-07T23:00:19.442+0000] {local_task_job_runner.py:123} INFO - ::group::Pre task execution logs
[2024-09-07T23:00:24.984+0000] {taskinstance.py:2612} INFO - Dependencies all met for dep_context=non-requeueable deps ti=<TaskInstance: welcome_dag.print_welcome scheduled__2024-09-07T23:00:01+00:00 [queued]>
[2024-09-07T23:00:25.932+0000] {taskinstance.py:2612} INFO - Dependencies all met for dep_context=requeueable deps ti=<TaskInstance: welcome_dag.print_welcome scheduled__2024-09-07T23:00:01+00:00 [queued]>
[2024-09-07T23:00:25.940+0000] {taskinstance.py:2865} INFO - Starting attempt 1 of 1
[2024-09-07T23:00:27.267+0000] {taskinstance.py:2888} INFO - Executing <Task(PythonOperator): print_welcome> on 2024-09-07 23:00:01+00:00
[2024-09-07T23:00:27.547+0000] {logging_mixin.py:190} WARNING - /home/airflow/.local/lib/python3.12/site-packages/airflow/task/task_runner/standard_task_runner.py:70 DeprecationWarning: This process (pid=538) is multi-threaded, use of fork() may lead to deadlocks in the child.
[2024-09-07T23:00:27.702+0000] {standard_task_runner.py:72} INFO - Started process 563 to run task
[2024-09-07T23:00:27.897+0000] {standard_task_runner.py:104} INFO - Running: ['airflow', 'tasks', 'run', 'welcome_dag', 'print_welcome', 'scheduled__2024-09-07T23:00:01+00:00', '--job-id', '430', '--raw', '--subdir', 'DAGS_FOLDER/Awelcome_dags.py', '--cfg-path', '/tmp/tmpbdmsoe_3']
[2024-09-07T23:00:28.689+0000] {standard_task_runner.py:105} INFO - Job 430: Subtask print_welcome
[2024-09-07T23:00:36.960+0000] {job.py:229} INFO - Heartbeat recovered after 24.78 seconds
[2024-09-07T23:00:45.258+0000] {task_command.py:467} INFO - Running <TaskInstance: welcome_dag.print_welcome scheduled__2024-09-07T23:00:01+00:00 [running]> on host 13d1dadf4f15
[2024-09-07T23:00:47.750+0000] {job.py:229} INFO - Heartbeat recovered after 10.88 seconds
[2024-09-07T23:00:51.958+0000] {taskinstance.py:3131} INFO - Exporting env vars: AIRFLOW_CTX_DAG_OWNER='airflow' AIRFLOW_CTX_DAG_ID='welcome_dag' AIRFLOW_CTX_TASK_ID='print_welcome' AIRFLOW_CTX_EXECUTION_DATE='2024-09-07T23:00:01+00:00' AIRFLOW_CTX_TRY_NUMBER='1' AIRFLOW_CTX_DAG_RUN_ID='scheduled__2024-09-07T23:00:01+00:00'
[2024-09-07T23:00:51.978+0000] {taskinstance.py:731} INFO - ::endgroup::
[2024-09-07T23:00:52.298+0000] {logging_mixin.py:190} INFO - Welcome to Airflow!
[2024-09-07T23:00:52.314+0000] {python.py:240} INFO - Done. Returned value was: None
[2024-09-07T23:00:54.525+0000] {taskinstance.py:340} INFO - ::group::Post task execution logs
[2024-09-07T23:00:54.532+0000] {taskinstance.py:352} INFO - Marking task as SUCCESS. dag_id=welcome_dag, task_id=print_welcome, run_id=scheduled__2024-09-07T23:00:01+00:00, execution_date=20240907T230001, start_date=20240907T230024, end_date=20240907T230054
[2024-09-07T23:00:55.914+0000] {local_task_job_runner.py:266} INFO - Task exited with return code 0
[2024-09-07T23:00:57.739+0000] {taskinstance.py:3900} INFO - 0 downstream tasks scheduled from follow-on schedule check
[2024-09-07T23:00:57.779+0000] {local_task_job_runner.py:245} INFO - ::endgroup::
[2024-09-07T23:00:58.396+0000] {standard_task_runner.py:217} INFO - Process not found (most likely exited), stop collecting metrics
