[2024-09-08T15:00:30.140+0000] {local_task_job_runner.py:123} INFO - ::group::Pre task execution logs
[2024-09-08T15:00:35.630+0000] {taskinstance.py:2612} INFO - Dependencies all met for dep_context=non-requeueable deps ti=<TaskInstance: welcome_dag.print_welcome scheduled__2024-09-08T15:00:02+00:00 [queued]>
[2024-09-08T15:00:36.796+0000] {taskinstance.py:2612} INFO - Dependencies all met for dep_context=requeueable deps ti=<TaskInstance: welcome_dag.print_welcome scheduled__2024-09-08T15:00:02+00:00 [queued]>
[2024-09-08T15:00:37.057+0000] {taskinstance.py:2865} INFO - Starting attempt 1 of 1
[2024-09-08T15:00:41.590+0000] {taskinstance.py:2888} INFO - Executing <Task(PythonOperator): print_welcome> on 2024-09-08 15:00:02+00:00
[2024-09-08T15:00:42.615+0000] {standard_task_runner.py:104} INFO - Running: ['airflow', 'tasks', 'run', 'welcome_dag', 'print_welcome', 'scheduled__2024-09-08T15:00:02+00:00', '--job-id', '1255', '--raw', '--subdir', 'DAGS_FOLDER/Awelcome_dags.py', '--cfg-path', '/tmp/tmp4ar843nd']
[2024-09-08T15:00:43.187+0000] {standard_task_runner.py:105} INFO - Job 1255: Subtask print_welcome
[2024-09-08T15:00:43.543+0000] {logging_mixin.py:190} WARNING - /home/airflow/.local/lib/python3.12/site-packages/airflow/task/task_runner/standard_task_runner.py:70 DeprecationWarning: This process (pid=32278) is multi-threaded, use of fork() may lead to deadlocks in the child.
[2024-09-08T15:00:43.636+0000] {standard_task_runner.py:72} INFO - Started process 32311 to run task
[2024-09-08T15:00:55.304+0000] {job.py:229} INFO - Heartbeat recovered after 33.84 seconds
[2024-09-08T15:00:57.810+0000] {task_command.py:467} INFO - Running <TaskInstance: welcome_dag.print_welcome scheduled__2024-09-08T15:00:02+00:00 [running]> on host 13d1dadf4f15
[2024-09-08T15:01:11.666+0000] {taskinstance.py:3131} INFO - Exporting env vars: AIRFLOW_CTX_DAG_OWNER='airflow' AIRFLOW_CTX_DAG_ID='welcome_dag' AIRFLOW_CTX_TASK_ID='print_welcome' AIRFLOW_CTX_EXECUTION_DATE='2024-09-08T15:00:02+00:00' AIRFLOW_CTX_TRY_NUMBER='1' AIRFLOW_CTX_DAG_RUN_ID='scheduled__2024-09-08T15:00:02+00:00'
[2024-09-08T15:01:11.733+0000] {taskinstance.py:731} INFO - ::endgroup::
[2024-09-08T15:01:12.085+0000] {logging_mixin.py:190} INFO - Welcome to Airflow!
[2024-09-08T15:01:12.112+0000] {python.py:240} INFO - Done. Returned value was: None
[2024-09-08T15:01:14.594+0000] {taskinstance.py:340} INFO - ::group::Post task execution logs
[2024-09-08T15:01:14.600+0000] {taskinstance.py:352} INFO - Marking task as SUCCESS. dag_id=welcome_dag, task_id=print_welcome, run_id=scheduled__2024-09-08T15:00:02+00:00, execution_date=20240908T150002, start_date=20240908T150035, end_date=20240908T150114
[2024-09-08T15:01:16.110+0000] {job.py:229} INFO - Heartbeat recovered after 10.98 seconds
[2024-09-08T15:01:18.187+0000] {local_task_job_runner.py:266} INFO - Task exited with return code 0
[2024-09-08T15:01:20.550+0000] {standard_task_runner.py:217} INFO - Process not found (most likely exited), stop collecting metrics
[2024-09-08T15:01:23.603+0000] {taskinstance.py:3900} INFO - 0 downstream tasks scheduled from follow-on schedule check
[2024-09-08T15:01:23.760+0000] {local_task_job_runner.py:245} INFO - ::endgroup::
