[2024-09-14T17:15:20.759+0000] {local_task_job_runner.py:123} INFO - ::group::Pre task execution logs
[2024-09-14T17:15:25.362+0000] {taskinstance.py:2612} INFO - Dependencies all met for dep_context=non-requeueable deps ti=<TaskInstance: correction_Dag_Negative_Value.correct_negative_values scheduled__2024-09-14T17:10:00+00:00 [queued]>
[2024-09-14T17:15:25.628+0000] {taskinstance.py:2612} INFO - Dependencies all met for dep_context=requeueable deps ti=<TaskInstance: correction_Dag_Negative_Value.correct_negative_values scheduled__2024-09-14T17:10:00+00:00 [queued]>
[2024-09-14T17:15:25.642+0000] {taskinstance.py:2865} INFO - Starting attempt 1 of 2
[2024-09-14T17:15:26.578+0000] {taskinstance.py:2888} INFO - Executing <Task(PythonOperator): correct_negative_values> on 2024-09-14 17:10:00+00:00
[2024-09-14T17:15:27.709+0000] {standard_task_runner.py:104} INFO - Running: ['airflow', 'tasks', 'run', 'correction_Dag_Negative_Value', 'correct_negative_values', 'scheduled__2024-09-14T17:10:00+00:00', '--job-id', '4109', '--raw', '--subdir', 'DAGS_FOLDER/Correction_dag_Negative_Value.py', '--cfg-path', '/tmp/tmpe_mkhwwn']
[2024-09-14T17:15:27.815+0000] {standard_task_runner.py:105} INFO - Job 4109: Subtask correct_negative_values
[2024-09-14T17:15:27.974+0000] {logging_mixin.py:190} WARNING - /home/airflow/.local/lib/python3.12/site-packages/airflow/task/task_runner/standard_task_runner.py:70 DeprecationWarning: This process (pid=91066) is multi-threaded, use of fork() may lead to deadlocks in the child.
[2024-09-14T17:15:27.978+0000] {standard_task_runner.py:72} INFO - Started process 91088 to run task
[2024-09-14T17:15:34.146+0000] {task_command.py:467} INFO - Running <TaskInstance: correction_Dag_Negative_Value.correct_negative_values scheduled__2024-09-14T17:10:00+00:00 [running]> on host 7403e816bcf5
[2024-09-14T17:15:36.650+0000] {job.py:229} INFO - Heartbeat recovered after 26.90 seconds
[2024-09-14T17:15:46.685+0000] {taskinstance.py:3131} INFO - Exporting env vars: AIRFLOW_CTX_DAG_OWNER='airflow' AIRFLOW_CTX_DAG_ID='correction_Dag_Negative_Value' AIRFLOW_CTX_TASK_ID='correct_negative_values' AIRFLOW_CTX_EXECUTION_DATE='2024-09-14T17:10:00+00:00' AIRFLOW_CTX_TRY_NUMBER='1' AIRFLOW_CTX_DAG_RUN_ID='scheduled__2024-09-14T17:10:00+00:00'
[2024-09-14T17:15:47.757+0000] {taskinstance.py:731} INFO - ::endgroup::
[2024-09-14T17:15:50.026+0000] {job.py:229} INFO - Heartbeat recovered after 14.00 seconds
[2024-09-14T17:15:52.834+0000] {logging_mixin.py:190} INFO - Anomalies corrigées avec succès.
[2024-09-14T17:15:52.838+0000] {python.py:240} INFO - Done. Returned value was: None
[2024-09-14T17:15:56.148+0000] {taskinstance.py:340} INFO - ::group::Post task execution logs
[2024-09-14T17:15:56.165+0000] {taskinstance.py:352} INFO - Marking task as SUCCESS. dag_id=correction_Dag_Negative_Value, task_id=correct_negative_values, run_id=scheduled__2024-09-14T17:10:00+00:00, execution_date=20240914T171000, start_date=20240914T171525, end_date=20240914T171556
[2024-09-14T17:15:57.672+0000] {local_task_job_runner.py:266} INFO - Task exited with return code 0
[2024-09-14T17:15:59.150+0000] {standard_task_runner.py:217} INFO - Process not found (most likely exited), stop collecting metrics
[2024-09-14T17:16:01.547+0000] {local_task_job_runner.py:245} INFO - ::endgroup::
