[2024-09-10T20:59:19.581+0000] {local_task_job_runner.py:123} INFO - ::group::Pre task execution logs
[2024-09-10T20:59:19.684+0000] {taskinstance.py:2612} INFO - Dependencies all met for dep_context=non-requeueable deps ti=<TaskInstance: detect_1fn_anomalies_dag.detect_1nf_and_insert_anomalies manual__2024-09-10T20:40:23.728238+00:00 [queued]>
[2024-09-10T20:59:19.695+0000] {taskinstance.py:2612} INFO - Dependencies all met for dep_context=requeueable deps ti=<TaskInstance: detect_1fn_anomalies_dag.detect_1nf_and_insert_anomalies manual__2024-09-10T20:40:23.728238+00:00 [queued]>
[2024-09-10T20:59:19.700+0000] {taskinstance.py:2865} INFO - Starting attempt 4 of 4
[2024-09-10T20:59:19.718+0000] {taskinstance.py:2888} INFO - Executing <Task(PythonOperator): detect_1nf_and_insert_anomalies> on 2024-09-10 20:40:23.728238+00:00
[2024-09-10T20:59:19.731+0000] {logging_mixin.py:190} WARNING - /home/airflow/.local/lib/python3.12/site-packages/airflow/task/task_runner/standard_task_runner.py:70 DeprecationWarning: This process (pid=4132) is multi-threaded, use of fork() may lead to deadlocks in the child.
[2024-09-10T20:59:19.730+0000] {standard_task_runner.py:104} INFO - Running: ['airflow', 'tasks', 'run', 'detect_1fn_anomalies_dag', 'detect_1nf_and_insert_anomalies', 'manual__2024-09-10T20:40:23.728238+00:00', '--job-id', '3390', '--raw', '--subdir', 'DAGS_FOLDER/Dag_detect_1FN_anomaly.py', '--cfg-path', '/tmp/tmpisgpvwab']
[2024-09-10T20:59:19.733+0000] {standard_task_runner.py:72} INFO - Started process 4136 to run task
[2024-09-10T20:59:19.733+0000] {standard_task_runner.py:105} INFO - Job 3390: Subtask detect_1nf_and_insert_anomalies
[2024-09-10T20:59:20.148+0000] {task_command.py:467} INFO - Running <TaskInstance: detect_1fn_anomalies_dag.detect_1nf_and_insert_anomalies manual__2024-09-10T20:40:23.728238+00:00 [running]> on host f0946a6cef1f
[2024-09-10T20:59:20.690+0000] {taskinstance.py:3131} INFO - Exporting env vars: AIRFLOW_CTX_DAG_OWNER='airflow' AIRFLOW_CTX_DAG_ID='detect_1fn_anomalies_dag' AIRFLOW_CTX_TASK_ID='detect_1nf_and_insert_anomalies' AIRFLOW_CTX_EXECUTION_DATE='2024-09-10T20:40:23.728238+00:00' AIRFLOW_CTX_TRY_NUMBER='4' AIRFLOW_CTX_DAG_RUN_ID='manual__2024-09-10T20:40:23.728238+00:00'
[2024-09-10T20:59:20.693+0000] {taskinstance.py:731} INFO - ::endgroup::
[2024-09-10T20:59:20.853+0000] {Dag_detect_1FN_anomaly.py:95} INFO - Processing table: customers
[2024-09-10T20:59:20.854+0000] {Dag_detect_1FN_anomaly.py:95} INFO - Processing table: transactions
[2024-09-10T20:59:20.855+0000] {Dag_detect_1FN_anomaly.py:106} ERROR - Error processing table customers: type object 'TaskInstance' has no attribute 'latest_heartbeat'
[2024-09-10T20:59:20.855+0000] {Dag_detect_1FN_anomaly.py:95} INFO - Processing table: products
[2024-09-10T20:59:20.857+0000] {Dag_detect_1FN_anomaly.py:106} ERROR - Error processing table transactions: type object 'TaskInstance' has no attribute 'latest_heartbeat'
[2024-09-10T20:59:20.858+0000] {Dag_detect_1FN_anomaly.py:95} INFO - Processing table: orderdetails
[2024-09-10T20:59:20.860+0000] {Dag_detect_1FN_anomaly.py:106} ERROR - Error processing table products: type object 'TaskInstance' has no attribute 'latest_heartbeat'
[2024-09-10T20:59:20.861+0000] {Dag_detect_1FN_anomaly.py:95} INFO - Processing table: productsuppliers
[2024-09-10T20:59:20.863+0000] {Dag_detect_1FN_anomaly.py:106} ERROR - Error processing table orderdetails: type object 'TaskInstance' has no attribute 'latest_heartbeat'
[2024-09-10T20:59:20.863+0000] {Dag_detect_1FN_anomaly.py:95} INFO - Processing table: anomalies
[2024-09-10T20:59:20.865+0000] {Dag_detect_1FN_anomaly.py:106} ERROR - Error processing table productsuppliers: type object 'TaskInstance' has no attribute 'latest_heartbeat'
[2024-09-10T20:59:20.866+0000] {Dag_detect_1FN_anomaly.py:95} INFO - Processing table: log
[2024-09-10T20:59:20.867+0000] {Dag_detect_1FN_anomaly.py:106} ERROR - Error processing table anomalies: type object 'TaskInstance' has no attribute 'latest_heartbeat'
[2024-09-10T20:59:20.868+0000] {Dag_detect_1FN_anomaly.py:95} INFO - Processing table: dag_priority_parsing_request
[2024-09-10T20:59:20.869+0000] {Dag_detect_1FN_anomaly.py:106} ERROR - Error processing table log: type object 'TaskInstance' has no attribute 'latest_heartbeat'
[2024-09-10T20:59:20.870+0000] {Dag_detect_1FN_anomaly.py:95} INFO - Processing table: job
[2024-09-10T20:59:20.871+0000] {Dag_detect_1FN_anomaly.py:106} ERROR - Error processing table dag_priority_parsing_request: type object 'TaskInstance' has no attribute 'latest_heartbeat'
[2024-09-10T20:59:20.872+0000] {Dag_detect_1FN_anomaly.py:95} INFO - Processing table: anomalies1
[2024-09-10T20:59:20.873+0000] {Dag_detect_1FN_anomaly.py:106} ERROR - Error processing table job: type object 'TaskInstance' has no attribute 'latest_heartbeat'
[2024-09-10T20:59:20.874+0000] {Dag_detect_1FN_anomaly.py:95} INFO - Processing table: slot_pool
[2024-09-10T20:59:20.876+0000] {Dag_detect_1FN_anomaly.py:106} ERROR - Error processing table anomalies1: type object 'TaskInstance' has no attribute 'latest_heartbeat'
[2024-09-10T20:59:20.876+0000] {Dag_detect_1FN_anomaly.py:95} INFO - Processing table: callback_request
[2024-09-10T20:59:20.878+0000] {Dag_detect_1FN_anomaly.py:106} ERROR - Error processing table slot_pool: type object 'TaskInstance' has no attribute 'latest_heartbeat'
[2024-09-10T20:59:20.879+0000] {Dag_detect_1FN_anomaly.py:95} INFO - Processing table: dag_code
[2024-09-10T20:59:20.881+0000] {Dag_detect_1FN_anomaly.py:106} ERROR - Error processing table callback_request: type object 'TaskInstance' has no attribute 'latest_heartbeat'
[2024-09-10T20:59:20.882+0000] {Dag_detect_1FN_anomaly.py:95} INFO - Processing table: dag_pickle
[2024-09-10T20:59:20.883+0000] {Dag_detect_1FN_anomaly.py:106} ERROR - Error processing table dag_code: type object 'TaskInstance' has no attribute 'latest_heartbeat'
[2024-09-10T20:59:20.884+0000] {Dag_detect_1FN_anomaly.py:95} INFO - Processing table: ab_user
[2024-09-10T20:59:20.885+0000] {Dag_detect_1FN_anomaly.py:106} ERROR - Error processing table dag_pickle: type object 'TaskInstance' has no attribute 'latest_heartbeat'
[2024-09-10T20:59:20.886+0000] {Dag_detect_1FN_anomaly.py:95} INFO - Processing table: ab_register_user
[2024-09-10T20:59:20.888+0000] {Dag_detect_1FN_anomaly.py:106} ERROR - Error processing table ab_user: type object 'TaskInstance' has no attribute 'latest_heartbeat'
[2024-09-10T20:59:20.889+0000] {Dag_detect_1FN_anomaly.py:95} INFO - Processing table: connection
[2024-09-10T20:59:20.891+0000] {Dag_detect_1FN_anomaly.py:106} ERROR - Error processing table ab_register_user: type object 'TaskInstance' has no attribute 'latest_heartbeat'
[2024-09-10T20:59:20.892+0000] {Dag_detect_1FN_anomaly.py:95} INFO - Processing table: sla_miss
[2024-09-10T20:59:20.894+0000] {Dag_detect_1FN_anomaly.py:106} ERROR - Error processing table connection: type object 'TaskInstance' has no attribute 'latest_heartbeat'
[2024-09-10T20:59:20.895+0000] {Dag_detect_1FN_anomaly.py:95} INFO - Processing table: variable
[2024-09-10T20:59:20.897+0000] {Dag_detect_1FN_anomaly.py:106} ERROR - Error processing table sla_miss: type object 'TaskInstance' has no attribute 'latest_heartbeat'
[2024-09-10T20:59:20.898+0000] {Dag_detect_1FN_anomaly.py:95} INFO - Processing table: import_error
[2024-09-10T20:59:20.899+0000] {Dag_detect_1FN_anomaly.py:106} ERROR - Error processing table variable: type object 'TaskInstance' has no attribute 'latest_heartbeat'
[2024-09-10T20:59:20.900+0000] {Dag_detect_1FN_anomaly.py:95} INFO - Processing table: serialized_dag
[2024-09-10T20:59:20.902+0000] {Dag_detect_1FN_anomaly.py:106} ERROR - Error processing table import_error: type object 'TaskInstance' has no attribute 'latest_heartbeat'
[2024-09-10T20:59:20.903+0000] {Dag_detect_1FN_anomaly.py:95} INFO - Processing table: dataset_alias
[2024-09-10T20:59:20.905+0000] {Dag_detect_1FN_anomaly.py:106} ERROR - Error processing table serialized_dag: type object 'TaskInstance' has no attribute 'latest_heartbeat'
[2024-09-10T20:59:20.906+0000] {Dag_detect_1FN_anomaly.py:95} INFO - Processing table: dataset_alias_dataset
[2024-09-10T20:59:20.908+0000] {Dag_detect_1FN_anomaly.py:106} ERROR - Error processing table dataset_alias: type object 'TaskInstance' has no attribute 'latest_heartbeat'
[2024-09-10T20:59:20.909+0000] {Dag_detect_1FN_anomaly.py:95} INFO - Processing table: dataset
[2024-09-10T20:59:20.910+0000] {Dag_detect_1FN_anomaly.py:106} ERROR - Error processing table dataset_alias_dataset: type object 'TaskInstance' has no attribute 'latest_heartbeat'
[2024-09-10T20:59:20.912+0000] {Dag_detect_1FN_anomaly.py:95} INFO - Processing table: dataset_alias_dataset_event
[2024-09-10T20:59:20.913+0000] {Dag_detect_1FN_anomaly.py:106} ERROR - Error processing table dataset: type object 'TaskInstance' has no attribute 'latest_heartbeat'
[2024-09-10T20:59:20.914+0000] {Dag_detect_1FN_anomaly.py:95} INFO - Processing table: dataset_event
[2024-09-10T20:59:20.917+0000] {Dag_detect_1FN_anomaly.py:106} ERROR - Error processing table dataset_alias_dataset_event: type object 'TaskInstance' has no attribute 'latest_heartbeat'
[2024-09-10T20:59:20.918+0000] {Dag_detect_1FN_anomaly.py:95} INFO - Processing table: dag_schedule_dataset_alias_reference
[2024-09-10T20:59:20.920+0000] {Dag_detect_1FN_anomaly.py:106} ERROR - Error processing table dataset_event: type object 'TaskInstance' has no attribute 'latest_heartbeat'
[2024-09-10T20:59:20.921+0000] {Dag_detect_1FN_anomaly.py:95} INFO - Processing table: dag
[2024-09-10T20:59:20.923+0000] {Dag_detect_1FN_anomaly.py:106} ERROR - Error processing table dag_schedule_dataset_alias_reference: type object 'TaskInstance' has no attribute 'latest_heartbeat'
[2024-09-10T20:59:20.924+0000] {Dag_detect_1FN_anomaly.py:95} INFO - Processing table: dag_schedule_dataset_reference
[2024-09-10T20:59:20.926+0000] {Dag_detect_1FN_anomaly.py:106} ERROR - Error processing table dag: type object 'TaskInstance' has no attribute 'latest_heartbeat'
[2024-09-10T20:59:20.927+0000] {Dag_detect_1FN_anomaly.py:95} INFO - Processing table: task_outlet_dataset_reference
[2024-09-10T20:59:20.929+0000] {Dag_detect_1FN_anomaly.py:106} ERROR - Error processing table dag_schedule_dataset_reference: type object 'TaskInstance' has no attribute 'latest_heartbeat'
[2024-09-10T20:59:20.930+0000] {Dag_detect_1FN_anomaly.py:95} INFO - Processing table: dataset_dag_run_queue
[2024-09-10T20:59:20.931+0000] {Dag_detect_1FN_anomaly.py:106} ERROR - Error processing table task_outlet_dataset_reference: type object 'TaskInstance' has no attribute 'latest_heartbeat'
[2024-09-10T20:59:20.932+0000] {Dag_detect_1FN_anomaly.py:95} INFO - Processing table: log_template
[2024-09-10T20:59:20.934+0000] {Dag_detect_1FN_anomaly.py:106} ERROR - Error processing table dataset_dag_run_queue: type object 'TaskInstance' has no attribute 'latest_heartbeat'
[2024-09-10T20:59:20.935+0000] {Dag_detect_1FN_anomaly.py:95} INFO - Processing table: dag_run
[2024-09-10T20:59:20.937+0000] {Dag_detect_1FN_anomaly.py:106} ERROR - Error processing table log_template: type object 'TaskInstance' has no attribute 'latest_heartbeat'
[2024-09-10T20:59:20.938+0000] {Dag_detect_1FN_anomaly.py:95} INFO - Processing table: dag_tag
[2024-09-10T20:59:20.939+0000] {Dag_detect_1FN_anomaly.py:106} ERROR - Error processing table dag_run: type object 'TaskInstance' has no attribute 'latest_heartbeat'
[2024-09-10T20:59:20.940+0000] {Dag_detect_1FN_anomaly.py:95} INFO - Processing table: dag_owner_attributes
[2024-09-10T20:59:20.941+0000] {Dag_detect_1FN_anomaly.py:106} ERROR - Error processing table dag_tag: type object 'TaskInstance' has no attribute 'latest_heartbeat'
[2024-09-10T20:59:20.942+0000] {Dag_detect_1FN_anomaly.py:95} INFO - Processing table: ab_permission
[2024-09-10T20:59:20.944+0000] {Dag_detect_1FN_anomaly.py:106} ERROR - Error processing table dag_owner_attributes: type object 'TaskInstance' has no attribute 'latest_heartbeat'
[2024-09-10T20:59:20.945+0000] {Dag_detect_1FN_anomaly.py:95} INFO - Processing table: ab_permission_view
[2024-09-10T20:59:20.946+0000] {Dag_detect_1FN_anomaly.py:106} ERROR - Error processing table ab_permission: type object 'TaskInstance' has no attribute 'latest_heartbeat'
[2024-09-10T20:59:20.947+0000] {Dag_detect_1FN_anomaly.py:95} INFO - Processing table: ab_view_menu
[2024-09-10T20:59:20.949+0000] {Dag_detect_1FN_anomaly.py:106} ERROR - Error processing table ab_permission_view: type object 'TaskInstance' has no attribute 'latest_heartbeat'
[2024-09-10T20:59:20.950+0000] {Dag_detect_1FN_anomaly.py:95} INFO - Processing table: ab_user_role
[2024-09-10T20:59:20.952+0000] {Dag_detect_1FN_anomaly.py:106} ERROR - Error processing table ab_view_menu: type object 'TaskInstance' has no attribute 'latest_heartbeat'
[2024-09-10T20:59:20.955+0000] {Dag_detect_1FN_anomaly.py:95} INFO - Processing table: dag_warning
[2024-09-10T20:59:20.954+0000] {Dag_detect_1FN_anomaly.py:106} ERROR - Error processing table ab_user_role: type object 'TaskInstance' has no attribute 'latest_heartbeat'
[2024-09-10T20:59:20.953+0000] {Dag_detect_1FN_anomaly.py:95} INFO - Processing table: ab_role
[2024-09-10T20:59:20.957+0000] {Dag_detect_1FN_anomaly.py:106} ERROR - Error processing table dag_warning: type object 'TaskInstance' has no attribute 'latest_heartbeat'
[2024-09-10T20:59:20.958+0000] {Dag_detect_1FN_anomaly.py:95} INFO - Processing table: dagrun_dataset_event
[2024-09-10T20:59:20.960+0000] {Dag_detect_1FN_anomaly.py:106} ERROR - Error processing table ab_role: type object 'TaskInstance' has no attribute 'latest_heartbeat'
[2024-09-10T20:59:20.961+0000] {Dag_detect_1FN_anomaly.py:95} INFO - Processing table: trigger
[2024-09-10T20:59:20.962+0000] {Dag_detect_1FN_anomaly.py:106} ERROR - Error processing table dagrun_dataset_event: type object 'TaskInstance' has no attribute 'latest_heartbeat'
[2024-09-10T20:59:20.963+0000] {Dag_detect_1FN_anomaly.py:95} INFO - Processing table: task_instance
[2024-09-10T20:59:20.966+0000] {Dag_detect_1FN_anomaly.py:106} ERROR - Error processing table trigger: type object 'TaskInstance' has no attribute 'latest_heartbeat'
[2024-09-10T20:59:20.967+0000] {Dag_detect_1FN_anomaly.py:95} INFO - Processing table: dag_run_note
[2024-09-10T20:59:20.968+0000] {Dag_detect_1FN_anomaly.py:106} ERROR - Error processing table task_instance: type object 'TaskInstance' has no attribute 'latest_heartbeat'
[2024-09-10T20:59:20.970+0000] {Dag_detect_1FN_anomaly.py:95} INFO - Processing table: ab_permission_view_role
[2024-09-10T20:59:20.972+0000] {Dag_detect_1FN_anomaly.py:106} ERROR - Error processing table dag_run_note: type object 'TaskInstance' has no attribute 'latest_heartbeat'
[2024-09-10T20:59:20.972+0000] {Dag_detect_1FN_anomaly.py:95} INFO - Processing table: rendered_task_instance_fields
[2024-09-10T20:59:20.974+0000] {Dag_detect_1FN_anomaly.py:106} ERROR - Error processing table ab_permission_view_role: type object 'TaskInstance' has no attribute 'latest_heartbeat'
[2024-09-10T20:59:20.975+0000] {Dag_detect_1FN_anomaly.py:95} INFO - Processing table: task_fail
[2024-09-10T20:59:20.976+0000] {Dag_detect_1FN_anomaly.py:106} ERROR - Error processing table rendered_task_instance_fields: type object 'TaskInstance' has no attribute 'latest_heartbeat'
[2024-09-10T20:59:20.977+0000] {Dag_detect_1FN_anomaly.py:95} INFO - Processing table: task_map
[2024-09-10T20:59:20.978+0000] {Dag_detect_1FN_anomaly.py:106} ERROR - Error processing table task_fail: type object 'TaskInstance' has no attribute 'latest_heartbeat'
[2024-09-10T20:59:20.979+0000] {Dag_detect_1FN_anomaly.py:95} INFO - Processing table: task_reschedule
[2024-09-10T20:59:20.981+0000] {Dag_detect_1FN_anomaly.py:106} ERROR - Error processing table task_map: type object 'TaskInstance' has no attribute 'latest_heartbeat'
[2024-09-10T20:59:20.982+0000] {Dag_detect_1FN_anomaly.py:95} INFO - Processing table: xcom
[2024-09-10T20:59:20.984+0000] {Dag_detect_1FN_anomaly.py:106} ERROR - Error processing table task_reschedule: type object 'TaskInstance' has no attribute 'latest_heartbeat'
[2024-09-10T20:59:20.985+0000] {Dag_detect_1FN_anomaly.py:95} INFO - Processing table: task_instance_note
[2024-09-10T20:59:20.987+0000] {Dag_detect_1FN_anomaly.py:106} ERROR - Error processing table xcom: type object 'TaskInstance' has no attribute 'latest_heartbeat'
[2024-09-10T20:59:20.988+0000] {Dag_detect_1FN_anomaly.py:95} INFO - Processing table: task_instance_history
[2024-09-10T20:59:20.989+0000] {Dag_detect_1FN_anomaly.py:106} ERROR - Error processing table task_instance_note: type object 'TaskInstance' has no attribute 'latest_heartbeat'
[2024-09-10T20:59:20.991+0000] {Dag_detect_1FN_anomaly.py:95} INFO - Processing table: session
[2024-09-10T20:59:20.992+0000] {Dag_detect_1FN_anomaly.py:106} ERROR - Error processing table task_instance_history: type object 'TaskInstance' has no attribute 'latest_heartbeat'
[2024-09-10T20:59:20.994+0000] {Dag_detect_1FN_anomaly.py:95} INFO - Processing table: alembic_version
[2024-09-10T20:59:20.996+0000] {Dag_detect_1FN_anomaly.py:106} ERROR - Error processing table session: type object 'TaskInstance' has no attribute 'latest_heartbeat'
[2024-09-10T20:59:20.997+0000] {Dag_detect_1FN_anomaly.py:95} INFO - Processing table: orders
[2024-09-10T20:59:20.999+0000] {Dag_detect_1FN_anomaly.py:106} ERROR - Error processing table alembic_version: type object 'TaskInstance' has no attribute 'latest_heartbeat'
[2024-09-10T20:59:21.001+0000] {Dag_detect_1FN_anomaly.py:95} INFO - Processing table: anomalieDetected
[2024-09-10T20:59:21.003+0000] {Dag_detect_1FN_anomaly.py:106} ERROR - Error processing table orders: type object 'TaskInstance' has no attribute 'latest_heartbeat'
[2024-09-10T20:59:21.006+0000] {Dag_detect_1FN_anomaly.py:106} ERROR - Error processing table anomalieDetected: type object 'TaskInstance' has no attribute 'latest_heartbeat'
[2024-09-10T20:59:21.009+0000] {Dag_detect_1FN_anomaly.py:119} ERROR - Une erreur s'est produite : type object 'TaskInstance' has no attribute 'latest_heartbeat'
[2024-09-10T20:59:21.010+0000] {taskinstance.py:3310} ERROR - Task failed with exception
Traceback (most recent call last):
  File "/home/airflow/.local/lib/python3.12/site-packages/airflow/models/taskinstance.py", line 762, in _execute_task
    result = _execute_callable(context=context, **execute_callable_kwargs)
             ^^^^^^^^^^^^^^^^^^^^^^^^^^^^^^^^^^^^^^^^^^^^^^^^^^^^^^^^^^^^^
  File "/home/airflow/.local/lib/python3.12/site-packages/airflow/models/taskinstance.py", line 733, in _execute_callable
    return ExecutionCallableRunner(
           ^^^^^^^^^^^^^^^^^^^^^^^^
  File "/home/airflow/.local/lib/python3.12/site-packages/airflow/utils/operator_helpers.py", line 252, in run
    return self.func(*args, **kwargs)
           ^^^^^^^^^^^^^^^^^^^^^^^^^^
  File "/home/airflow/.local/lib/python3.12/site-packages/airflow/models/baseoperator.py", line 406, in wrapper
    return func(self, *args, **kwargs)
           ^^^^^^^^^^^^^^^^^^^^^^^^^^^
  File "/home/airflow/.local/lib/python3.12/site-packages/airflow/operators/python.py", line 238, in execute
    return_value = self.execute_callable()
                   ^^^^^^^^^^^^^^^^^^^^^^^
  File "/home/airflow/.local/lib/python3.12/site-packages/airflow/operators/python.py", line 256, in execute_callable
    return runner.run(*self.op_args, **self.op_kwargs)
           ^^^^^^^^^^^^^^^^^^^^^^^^^^^^^^^^^^^^^^^^^^^
  File "/home/airflow/.local/lib/python3.12/site-packages/airflow/utils/operator_helpers.py", line 252, in run
    return self.func(*args, **kwargs)
           ^^^^^^^^^^^^^^^^^^^^^^^^^^
  File "/opt/airflow/dags/Dag_detect_1FN_anomaly.py", line 116, in detect_and_insert_anomalies
    heartbeat(task_instance)  # Émettre un heartbeat après chaque table traitée
    ^^^^^^^^^^^^^^^^^^^^^^^^
  File "/home/airflow/.local/lib/python3.12/site-packages/airflow/utils/session.py", line 97, in wrapper
    return func(*args, session=session, **kwargs)
           ^^^^^^^^^^^^^^^^^^^^^^^^^^^^^^^^^^^^^^
  File "/opt/airflow/dags/Dag_detect_1FN_anomaly.py", line 90, in heartbeat
    ).update({TaskInstance.latest_heartbeat: datetime.utcnow()})
              ^^^^^^^^^^^^^^^^^^^^^^^^^^^^^
AttributeError: type object 'TaskInstance' has no attribute 'latest_heartbeat'
[2024-09-10T20:59:21.533+0000] {taskinstance.py:1225} INFO - Marking task as FAILED. dag_id=detect_1fn_anomalies_dag, task_id=detect_1nf_and_insert_anomalies, run_id=manual__2024-09-10T20:40:23.728238+00:00, execution_date=20240910T204023, start_date=20240910T205919, end_date=20240910T205921
[2024-09-10T20:59:21.567+0000] {taskinstance.py:340} INFO - ::group::Post task execution logs
[2024-09-10T20:59:21.568+0000] {standard_task_runner.py:124} ERROR - Failed to execute job 3390 for task detect_1nf_and_insert_anomalies (type object 'TaskInstance' has no attribute 'latest_heartbeat'; 4136)
Traceback (most recent call last):
  File "/home/airflow/.local/lib/python3.12/site-packages/airflow/task/task_runner/standard_task_runner.py", line 117, in _start_by_fork
    ret = args.func(args, dag=self.dag)
          ^^^^^^^^^^^^^^^^^^^^^^^^^^^^^
  File "/home/airflow/.local/lib/python3.12/site-packages/airflow/cli/cli_config.py", line 49, in command
    return func(*args, **kwargs)
           ^^^^^^^^^^^^^^^^^^^^^
  File "/home/airflow/.local/lib/python3.12/site-packages/airflow/utils/cli.py", line 115, in wrapper
    return f(*args, **kwargs)
           ^^^^^^^^^^^^^^^^^^
  File "/home/airflow/.local/lib/python3.12/site-packages/airflow/cli/commands/task_command.py", line 483, in task_run
    task_return_code = _run_task_by_selected_method(args, _dag, ti)
                       ^^^^^^^^^^^^^^^^^^^^^^^^^^^^^^^^^^^^^^^^^^^^
  File "/home/airflow/.local/lib/python3.12/site-packages/airflow/cli/commands/task_command.py", line 256, in _run_task_by_selected_method
    return _run_raw_task(args, ti)
           ^^^^^^^^^^^^^^^^^^^^^^^
  File "/home/airflow/.local/lib/python3.12/site-packages/airflow/cli/commands/task_command.py", line 341, in _run_raw_task
    return ti._run_raw_task(
           ^^^^^^^^^^^^^^^^^
  File "/home/airflow/.local/lib/python3.12/site-packages/airflow/utils/session.py", line 97, in wrapper
    return func(*args, session=session, **kwargs)
           ^^^^^^^^^^^^^^^^^^^^^^^^^^^^^^^^^^^^^^
  File "/home/airflow/.local/lib/python3.12/site-packages/airflow/models/taskinstance.py", line 3004, in _run_raw_task
    return _run_raw_task(
           ^^^^^^^^^^^^^^
  File "/home/airflow/.local/lib/python3.12/site-packages/airflow/models/taskinstance.py", line 273, in _run_raw_task
    TaskInstance._execute_task_with_callbacks(
  File "/home/airflow/.local/lib/python3.12/site-packages/airflow/models/taskinstance.py", line 3158, in _execute_task_with_callbacks
    result = self._execute_task(context, task_orig)
             ^^^^^^^^^^^^^^^^^^^^^^^^^^^^^^^^^^^^^^
  File "/home/airflow/.local/lib/python3.12/site-packages/airflow/models/taskinstance.py", line 3182, in _execute_task
    return _execute_task(self, context, task_orig)
           ^^^^^^^^^^^^^^^^^^^^^^^^^^^^^^^^^^^^^^^
  File "/home/airflow/.local/lib/python3.12/site-packages/airflow/models/taskinstance.py", line 762, in _execute_task
    result = _execute_callable(context=context, **execute_callable_kwargs)
             ^^^^^^^^^^^^^^^^^^^^^^^^^^^^^^^^^^^^^^^^^^^^^^^^^^^^^^^^^^^^^
  File "/home/airflow/.local/lib/python3.12/site-packages/airflow/models/taskinstance.py", line 733, in _execute_callable
    return ExecutionCallableRunner(
           ^^^^^^^^^^^^^^^^^^^^^^^^
  File "/home/airflow/.local/lib/python3.12/site-packages/airflow/utils/operator_helpers.py", line 252, in run
    return self.func(*args, **kwargs)
           ^^^^^^^^^^^^^^^^^^^^^^^^^^
  File "/home/airflow/.local/lib/python3.12/site-packages/airflow/models/baseoperator.py", line 406, in wrapper
    return func(self, *args, **kwargs)
           ^^^^^^^^^^^^^^^^^^^^^^^^^^^
  File "/home/airflow/.local/lib/python3.12/site-packages/airflow/operators/python.py", line 238, in execute
    return_value = self.execute_callable()
                   ^^^^^^^^^^^^^^^^^^^^^^^
  File "/home/airflow/.local/lib/python3.12/site-packages/airflow/operators/python.py", line 256, in execute_callable
    return runner.run(*self.op_args, **self.op_kwargs)
           ^^^^^^^^^^^^^^^^^^^^^^^^^^^^^^^^^^^^^^^^^^^
  File "/home/airflow/.local/lib/python3.12/site-packages/airflow/utils/operator_helpers.py", line 252, in run
    return self.func(*args, **kwargs)
           ^^^^^^^^^^^^^^^^^^^^^^^^^^
  File "/opt/airflow/dags/Dag_detect_1FN_anomaly.py", line 116, in detect_and_insert_anomalies
    heartbeat(task_instance)  # Émettre un heartbeat après chaque table traitée
    ^^^^^^^^^^^^^^^^^^^^^^^^
  File "/home/airflow/.local/lib/python3.12/site-packages/airflow/utils/session.py", line 97, in wrapper
    return func(*args, session=session, **kwargs)
           ^^^^^^^^^^^^^^^^^^^^^^^^^^^^^^^^^^^^^^
  File "/opt/airflow/dags/Dag_detect_1FN_anomaly.py", line 90, in heartbeat
    ).update({TaskInstance.latest_heartbeat: datetime.utcnow()})
              ^^^^^^^^^^^^^^^^^^^^^^^^^^^^^
AttributeError: type object 'TaskInstance' has no attribute 'latest_heartbeat'
[2024-09-10T20:59:21.608+0000] {local_task_job_runner.py:266} INFO - Task exited with return code 1
[2024-09-10T20:59:21.756+0000] {local_task_job_runner.py:245} INFO - ::endgroup::
