[2024-09-10T20:54:16.338+0000] {local_task_job_runner.py:123} INFO - ::group::Pre task execution logs
[2024-09-10T20:54:16.433+0000] {taskinstance.py:2612} INFO - Dependencies all met for dep_context=non-requeueable deps ti=<TaskInstance: detect_1fn_anomalies_dag.detect_1nf_and_insert_anomalies manual__2024-09-10T20:40:23.728238+00:00 [queued]>
[2024-09-10T20:54:16.443+0000] {taskinstance.py:2612} INFO - Dependencies all met for dep_context=requeueable deps ti=<TaskInstance: detect_1fn_anomalies_dag.detect_1nf_and_insert_anomalies manual__2024-09-10T20:40:23.728238+00:00 [queued]>
[2024-09-10T20:54:16.448+0000] {taskinstance.py:2865} INFO - Starting attempt 3 of 4
[2024-09-10T20:54:16.468+0000] {taskinstance.py:2888} INFO - Executing <Task(PythonOperator): detect_1nf_and_insert_anomalies> on 2024-09-10 20:40:23.728238+00:00
[2024-09-10T20:54:16.479+0000] {logging_mixin.py:190} WARNING - /home/airflow/.local/lib/python3.12/site-packages/airflow/task/task_runner/standard_task_runner.py:70 DeprecationWarning: This process (pid=3234) is multi-threaded, use of fork() may lead to deadlocks in the child.
[2024-09-10T20:54:16.481+0000] {standard_task_runner.py:72} INFO - Started process 3242 to run task
[2024-09-10T20:54:16.479+0000] {standard_task_runner.py:104} INFO - Running: ['airflow', 'tasks', 'run', 'detect_1fn_anomalies_dag', 'detect_1nf_and_insert_anomalies', 'manual__2024-09-10T20:40:23.728238+00:00', '--job-id', '3378', '--raw', '--subdir', 'DAGS_FOLDER/Dag_detect_1FN_anomaly.py', '--cfg-path', '/tmp/tmp4vpoqnij']
[2024-09-10T20:54:16.482+0000] {standard_task_runner.py:105} INFO - Job 3378: Subtask detect_1nf_and_insert_anomalies
[2024-09-10T20:54:16.923+0000] {task_command.py:467} INFO - Running <TaskInstance: detect_1fn_anomalies_dag.detect_1nf_and_insert_anomalies manual__2024-09-10T20:40:23.728238+00:00 [running]> on host f0946a6cef1f
[2024-09-10T20:54:17.283+0000] {taskinstance.py:3131} INFO - Exporting env vars: AIRFLOW_CTX_DAG_OWNER='airflow' AIRFLOW_CTX_DAG_ID='detect_1fn_anomalies_dag' AIRFLOW_CTX_TASK_ID='detect_1nf_and_insert_anomalies' AIRFLOW_CTX_EXECUTION_DATE='2024-09-10T20:40:23.728238+00:00' AIRFLOW_CTX_TRY_NUMBER='3' AIRFLOW_CTX_DAG_RUN_ID='manual__2024-09-10T20:40:23.728238+00:00'
[2024-09-10T20:54:17.285+0000] {taskinstance.py:731} INFO - ::endgroup::
[2024-09-10T20:54:17.422+0000] {Dag_detect_1FN_anomaly.py:95} INFO - Processing table: customers
[2024-09-10T20:54:17.423+0000] {Dag_detect_1FN_anomaly.py:95} INFO - Processing table: transactions
[2024-09-10T20:54:17.425+0000] {Dag_detect_1FN_anomaly.py:106} ERROR - Error processing table customers: type object 'TaskInstance' has no attribute 'latest_heartbeat'
[2024-09-10T20:54:17.425+0000] {Dag_detect_1FN_anomaly.py:95} INFO - Processing table: products
[2024-09-10T20:54:17.428+0000] {Dag_detect_1FN_anomaly.py:106} ERROR - Error processing table transactions: type object 'TaskInstance' has no attribute 'latest_heartbeat'
[2024-09-10T20:54:17.429+0000] {Dag_detect_1FN_anomaly.py:95} INFO - Processing table: orderdetails
[2024-09-10T20:54:17.431+0000] {Dag_detect_1FN_anomaly.py:106} ERROR - Error processing table products: type object 'TaskInstance' has no attribute 'latest_heartbeat'
[2024-09-10T20:54:17.431+0000] {Dag_detect_1FN_anomaly.py:95} INFO - Processing table: productsuppliers
[2024-09-10T20:54:17.433+0000] {Dag_detect_1FN_anomaly.py:106} ERROR - Error processing table orderdetails: type object 'TaskInstance' has no attribute 'latest_heartbeat'
[2024-09-10T20:54:17.433+0000] {Dag_detect_1FN_anomaly.py:95} INFO - Processing table: anomalies
[2024-09-10T20:54:17.435+0000] {Dag_detect_1FN_anomaly.py:106} ERROR - Error processing table productsuppliers: type object 'TaskInstance' has no attribute 'latest_heartbeat'
[2024-09-10T20:54:17.435+0000] {Dag_detect_1FN_anomaly.py:95} INFO - Processing table: log
[2024-09-10T20:54:17.437+0000] {Dag_detect_1FN_anomaly.py:106} ERROR - Error processing table anomalies: type object 'TaskInstance' has no attribute 'latest_heartbeat'
[2024-09-10T20:54:17.439+0000] {Dag_detect_1FN_anomaly.py:95} INFO - Processing table: job
[2024-09-10T20:54:17.438+0000] {Dag_detect_1FN_anomaly.py:106} ERROR - Error processing table log: type object 'TaskInstance' has no attribute 'latest_heartbeat'
[2024-09-10T20:54:17.437+0000] {Dag_detect_1FN_anomaly.py:95} INFO - Processing table: dag_priority_parsing_request
[2024-09-10T20:54:17.441+0000] {Dag_detect_1FN_anomaly.py:106} ERROR - Error processing table job: type object 'TaskInstance' has no attribute 'latest_heartbeat'
[2024-09-10T20:54:17.444+0000] {Dag_detect_1FN_anomaly.py:95} INFO - Processing table: slot_pool
[2024-09-10T20:54:17.443+0000] {Dag_detect_1FN_anomaly.py:106} ERROR - Error processing table dag_priority_parsing_request: type object 'TaskInstance' has no attribute 'latest_heartbeat'
[2024-09-10T20:54:17.442+0000] {Dag_detect_1FN_anomaly.py:95} INFO - Processing table: anomalies1
[2024-09-10T20:54:17.445+0000] {Dag_detect_1FN_anomaly.py:106} ERROR - Error processing table slot_pool: type object 'TaskInstance' has no attribute 'latest_heartbeat'
[2024-09-10T20:54:17.445+0000] {Dag_detect_1FN_anomaly.py:95} INFO - Processing table: callback_request
[2024-09-10T20:54:17.447+0000] {Dag_detect_1FN_anomaly.py:106} ERROR - Error processing table anomalies1: type object 'TaskInstance' has no attribute 'latest_heartbeat'
[2024-09-10T20:54:17.448+0000] {Dag_detect_1FN_anomaly.py:95} INFO - Processing table: dag_code
[2024-09-10T20:54:17.449+0000] {Dag_detect_1FN_anomaly.py:106} ERROR - Error processing table callback_request: type object 'TaskInstance' has no attribute 'latest_heartbeat'
[2024-09-10T20:54:17.450+0000] {Dag_detect_1FN_anomaly.py:95} INFO - Processing table: dag_pickle
[2024-09-10T20:54:17.451+0000] {Dag_detect_1FN_anomaly.py:106} ERROR - Error processing table dag_code: type object 'TaskInstance' has no attribute 'latest_heartbeat'
[2024-09-10T20:54:17.452+0000] {Dag_detect_1FN_anomaly.py:95} INFO - Processing table: ab_user
[2024-09-10T20:54:17.453+0000] {Dag_detect_1FN_anomaly.py:106} ERROR - Error processing table dag_pickle: type object 'TaskInstance' has no attribute 'latest_heartbeat'
[2024-09-10T20:54:17.454+0000] {Dag_detect_1FN_anomaly.py:95} INFO - Processing table: ab_register_user
[2024-09-10T20:54:17.455+0000] {Dag_detect_1FN_anomaly.py:106} ERROR - Error processing table ab_user: type object 'TaskInstance' has no attribute 'latest_heartbeat'
[2024-09-10T20:54:17.456+0000] {Dag_detect_1FN_anomaly.py:95} INFO - Processing table: connection
[2024-09-10T20:54:17.457+0000] {Dag_detect_1FN_anomaly.py:106} ERROR - Error processing table ab_register_user: type object 'TaskInstance' has no attribute 'latest_heartbeat'
[2024-09-10T20:54:17.459+0000] {Dag_detect_1FN_anomaly.py:95} INFO - Processing table: variable
[2024-09-10T20:54:17.458+0000] {Dag_detect_1FN_anomaly.py:106} ERROR - Error processing table connection: type object 'TaskInstance' has no attribute 'latest_heartbeat'
[2024-09-10T20:54:17.457+0000] {Dag_detect_1FN_anomaly.py:95} INFO - Processing table: sla_miss
[2024-09-10T20:54:17.460+0000] {Dag_detect_1FN_anomaly.py:106} ERROR - Error processing table variable: type object 'TaskInstance' has no attribute 'latest_heartbeat'
[2024-09-10T20:54:17.461+0000] {Dag_detect_1FN_anomaly.py:95} INFO - Processing table: import_error
[2024-09-10T20:54:17.462+0000] {Dag_detect_1FN_anomaly.py:106} ERROR - Error processing table sla_miss: type object 'TaskInstance' has no attribute 'latest_heartbeat'
[2024-09-10T20:54:17.463+0000] {Dag_detect_1FN_anomaly.py:95} INFO - Processing table: serialized_dag
[2024-09-10T20:54:17.464+0000] {Dag_detect_1FN_anomaly.py:106} ERROR - Error processing table import_error: type object 'TaskInstance' has no attribute 'latest_heartbeat'
[2024-09-10T20:54:17.465+0000] {Dag_detect_1FN_anomaly.py:95} INFO - Processing table: dataset_alias
[2024-09-10T20:54:17.466+0000] {Dag_detect_1FN_anomaly.py:106} ERROR - Error processing table serialized_dag: type object 'TaskInstance' has no attribute 'latest_heartbeat'
[2024-09-10T20:54:17.467+0000] {Dag_detect_1FN_anomaly.py:95} INFO - Processing table: dataset_alias_dataset
[2024-09-10T20:54:17.468+0000] {Dag_detect_1FN_anomaly.py:106} ERROR - Error processing table dataset_alias: type object 'TaskInstance' has no attribute 'latest_heartbeat'
[2024-09-10T20:54:17.468+0000] {Dag_detect_1FN_anomaly.py:95} INFO - Processing table: dataset
[2024-09-10T20:54:17.469+0000] {Dag_detect_1FN_anomaly.py:106} ERROR - Error processing table dataset_alias_dataset: type object 'TaskInstance' has no attribute 'latest_heartbeat'
[2024-09-10T20:54:17.472+0000] {Dag_detect_1FN_anomaly.py:95} INFO - Processing table: dataset_event
[2024-09-10T20:54:17.471+0000] {Dag_detect_1FN_anomaly.py:106} ERROR - Error processing table dataset: type object 'TaskInstance' has no attribute 'latest_heartbeat'
[2024-09-10T20:54:17.470+0000] {Dag_detect_1FN_anomaly.py:95} INFO - Processing table: dataset_alias_dataset_event
[2024-09-10T20:54:17.473+0000] {Dag_detect_1FN_anomaly.py:106} ERROR - Error processing table dataset_event: type object 'TaskInstance' has no attribute 'latest_heartbeat'
[2024-09-10T20:54:17.474+0000] {Dag_detect_1FN_anomaly.py:95} INFO - Processing table: dag_schedule_dataset_alias_reference
[2024-09-10T20:54:17.475+0000] {Dag_detect_1FN_anomaly.py:106} ERROR - Error processing table dataset_alias_dataset_event: type object 'TaskInstance' has no attribute 'latest_heartbeat'
[2024-09-10T20:54:17.476+0000] {Dag_detect_1FN_anomaly.py:95} INFO - Processing table: dag
[2024-09-10T20:54:17.477+0000] {Dag_detect_1FN_anomaly.py:106} ERROR - Error processing table dag_schedule_dataset_alias_reference: type object 'TaskInstance' has no attribute 'latest_heartbeat'
[2024-09-10T20:54:17.478+0000] {Dag_detect_1FN_anomaly.py:95} INFO - Processing table: dag_schedule_dataset_reference
[2024-09-10T20:54:17.479+0000] {Dag_detect_1FN_anomaly.py:106} ERROR - Error processing table dag: type object 'TaskInstance' has no attribute 'latest_heartbeat'
[2024-09-10T20:54:17.480+0000] {Dag_detect_1FN_anomaly.py:95} INFO - Processing table: task_outlet_dataset_reference
[2024-09-10T20:54:17.481+0000] {Dag_detect_1FN_anomaly.py:106} ERROR - Error processing table dag_schedule_dataset_reference: type object 'TaskInstance' has no attribute 'latest_heartbeat'
[2024-09-10T20:54:17.481+0000] {Dag_detect_1FN_anomaly.py:95} INFO - Processing table: dataset_dag_run_queue
[2024-09-10T20:54:17.483+0000] {Dag_detect_1FN_anomaly.py:106} ERROR - Error processing table task_outlet_dataset_reference: type object 'TaskInstance' has no attribute 'latest_heartbeat'
[2024-09-10T20:54:17.483+0000] {Dag_detect_1FN_anomaly.py:95} INFO - Processing table: log_template
[2024-09-10T20:54:17.485+0000] {Dag_detect_1FN_anomaly.py:106} ERROR - Error processing table dataset_dag_run_queue: type object 'TaskInstance' has no attribute 'latest_heartbeat'
[2024-09-10T20:54:17.485+0000] {Dag_detect_1FN_anomaly.py:95} INFO - Processing table: dag_run
[2024-09-10T20:54:17.486+0000] {Dag_detect_1FN_anomaly.py:106} ERROR - Error processing table log_template: type object 'TaskInstance' has no attribute 'latest_heartbeat'
[2024-09-10T20:54:17.487+0000] {Dag_detect_1FN_anomaly.py:95} INFO - Processing table: dag_tag
[2024-09-10T20:54:17.488+0000] {Dag_detect_1FN_anomaly.py:106} ERROR - Error processing table dag_run: type object 'TaskInstance' has no attribute 'latest_heartbeat'
[2024-09-10T20:54:17.491+0000] {Dag_detect_1FN_anomaly.py:95} INFO - Processing table: ab_permission
[2024-09-10T20:54:17.490+0000] {Dag_detect_1FN_anomaly.py:106} ERROR - Error processing table dag_tag: type object 'TaskInstance' has no attribute 'latest_heartbeat'
[2024-09-10T20:54:17.489+0000] {Dag_detect_1FN_anomaly.py:95} INFO - Processing table: dag_owner_attributes
[2024-09-10T20:54:17.492+0000] {Dag_detect_1FN_anomaly.py:106} ERROR - Error processing table ab_permission: type object 'TaskInstance' has no attribute 'latest_heartbeat'
[2024-09-10T20:54:17.494+0000] {Dag_detect_1FN_anomaly.py:95} INFO - Processing table: ab_view_menu
[2024-09-10T20:54:17.493+0000] {Dag_detect_1FN_anomaly.py:106} ERROR - Error processing table dag_owner_attributes: type object 'TaskInstance' has no attribute 'latest_heartbeat'
[2024-09-10T20:54:17.492+0000] {Dag_detect_1FN_anomaly.py:95} INFO - Processing table: ab_permission_view
[2024-09-10T20:54:17.495+0000] {Dag_detect_1FN_anomaly.py:106} ERROR - Error processing table ab_view_menu: type object 'TaskInstance' has no attribute 'latest_heartbeat'
[2024-09-10T20:54:17.496+0000] {Dag_detect_1FN_anomaly.py:95} INFO - Processing table: ab_user_role
[2024-09-10T20:54:17.497+0000] {Dag_detect_1FN_anomaly.py:106} ERROR - Error processing table ab_permission_view: type object 'TaskInstance' has no attribute 'latest_heartbeat'
[2024-09-10T20:54:17.497+0000] {Dag_detect_1FN_anomaly.py:95} INFO - Processing table: ab_role
[2024-09-10T20:54:17.498+0000] {Dag_detect_1FN_anomaly.py:106} ERROR - Error processing table ab_user_role: type object 'TaskInstance' has no attribute 'latest_heartbeat'
[2024-09-10T20:54:17.499+0000] {Dag_detect_1FN_anomaly.py:95} INFO - Processing table: dag_warning
[2024-09-10T20:54:17.500+0000] {Dag_detect_1FN_anomaly.py:106} ERROR - Error processing table ab_role: type object 'TaskInstance' has no attribute 'latest_heartbeat'
[2024-09-10T20:54:17.501+0000] {Dag_detect_1FN_anomaly.py:95} INFO - Processing table: dagrun_dataset_event
[2024-09-10T20:54:17.502+0000] {Dag_detect_1FN_anomaly.py:106} ERROR - Error processing table dag_warning: type object 'TaskInstance' has no attribute 'latest_heartbeat'
[2024-09-10T20:54:17.503+0000] {Dag_detect_1FN_anomaly.py:95} INFO - Processing table: trigger
[2024-09-10T20:54:17.505+0000] {Dag_detect_1FN_anomaly.py:106} ERROR - Error processing table dagrun_dataset_event: type object 'TaskInstance' has no attribute 'latest_heartbeat'
[2024-09-10T20:54:17.506+0000] {Dag_detect_1FN_anomaly.py:95} INFO - Processing table: task_instance
[2024-09-10T20:54:17.507+0000] {Dag_detect_1FN_anomaly.py:106} ERROR - Error processing table trigger: type object 'TaskInstance' has no attribute 'latest_heartbeat'
[2024-09-10T20:54:17.508+0000] {Dag_detect_1FN_anomaly.py:95} INFO - Processing table: dag_run_note
[2024-09-10T20:54:17.509+0000] {Dag_detect_1FN_anomaly.py:106} ERROR - Error processing table task_instance: type object 'TaskInstance' has no attribute 'latest_heartbeat'
[2024-09-10T20:54:17.509+0000] {Dag_detect_1FN_anomaly.py:95} INFO - Processing table: ab_permission_view_role
[2024-09-10T20:54:17.510+0000] {Dag_detect_1FN_anomaly.py:106} ERROR - Error processing table dag_run_note: type object 'TaskInstance' has no attribute 'latest_heartbeat'
[2024-09-10T20:54:17.511+0000] {Dag_detect_1FN_anomaly.py:95} INFO - Processing table: rendered_task_instance_fields
[2024-09-10T20:54:17.512+0000] {Dag_detect_1FN_anomaly.py:106} ERROR - Error processing table ab_permission_view_role: type object 'TaskInstance' has no attribute 'latest_heartbeat'
[2024-09-10T20:54:17.512+0000] {Dag_detect_1FN_anomaly.py:95} INFO - Processing table: task_fail
[2024-09-10T20:54:17.513+0000] {Dag_detect_1FN_anomaly.py:106} ERROR - Error processing table rendered_task_instance_fields: type object 'TaskInstance' has no attribute 'latest_heartbeat'
[2024-09-10T20:54:17.513+0000] {Dag_detect_1FN_anomaly.py:95} INFO - Processing table: task_map
[2024-09-10T20:54:17.514+0000] {Dag_detect_1FN_anomaly.py:106} ERROR - Error processing table task_fail: type object 'TaskInstance' has no attribute 'latest_heartbeat'
[2024-09-10T20:54:17.515+0000] {Dag_detect_1FN_anomaly.py:95} INFO - Processing table: task_reschedule
[2024-09-10T20:54:17.516+0000] {Dag_detect_1FN_anomaly.py:106} ERROR - Error processing table task_map: type object 'TaskInstance' has no attribute 'latest_heartbeat'
[2024-09-10T20:54:17.516+0000] {Dag_detect_1FN_anomaly.py:95} INFO - Processing table: xcom
[2024-09-10T20:54:17.517+0000] {Dag_detect_1FN_anomaly.py:106} ERROR - Error processing table task_reschedule: type object 'TaskInstance' has no attribute 'latest_heartbeat'
[2024-09-10T20:54:17.518+0000] {Dag_detect_1FN_anomaly.py:95} INFO - Processing table: task_instance_note
[2024-09-10T20:54:17.519+0000] {Dag_detect_1FN_anomaly.py:106} ERROR - Error processing table xcom: type object 'TaskInstance' has no attribute 'latest_heartbeat'
[2024-09-10T20:54:17.519+0000] {Dag_detect_1FN_anomaly.py:95} INFO - Processing table: task_instance_history
[2024-09-10T20:54:17.520+0000] {Dag_detect_1FN_anomaly.py:106} ERROR - Error processing table task_instance_note: type object 'TaskInstance' has no attribute 'latest_heartbeat'
[2024-09-10T20:54:17.520+0000] {Dag_detect_1FN_anomaly.py:95} INFO - Processing table: session
[2024-09-10T20:54:17.521+0000] {Dag_detect_1FN_anomaly.py:106} ERROR - Error processing table task_instance_history: type object 'TaskInstance' has no attribute 'latest_heartbeat'
[2024-09-10T20:54:17.522+0000] {Dag_detect_1FN_anomaly.py:95} INFO - Processing table: alembic_version
[2024-09-10T20:54:17.523+0000] {Dag_detect_1FN_anomaly.py:106} ERROR - Error processing table session: type object 'TaskInstance' has no attribute 'latest_heartbeat'
[2024-09-10T20:54:17.523+0000] {Dag_detect_1FN_anomaly.py:95} INFO - Processing table: orders
[2024-09-10T20:54:17.524+0000] {Dag_detect_1FN_anomaly.py:106} ERROR - Error processing table alembic_version: type object 'TaskInstance' has no attribute 'latest_heartbeat'
[2024-09-10T20:54:17.525+0000] {Dag_detect_1FN_anomaly.py:95} INFO - Processing table: anomalieDetected
[2024-09-10T20:54:17.526+0000] {Dag_detect_1FN_anomaly.py:106} ERROR - Error processing table orders: type object 'TaskInstance' has no attribute 'latest_heartbeat'
[2024-09-10T20:54:17.527+0000] {Dag_detect_1FN_anomaly.py:106} ERROR - Error processing table anomalieDetected: type object 'TaskInstance' has no attribute 'latest_heartbeat'
[2024-09-10T20:54:17.528+0000] {Dag_detect_1FN_anomaly.py:119} ERROR - Une erreur s'est produite : type object 'TaskInstance' has no attribute 'latest_heartbeat'
[2024-09-10T20:54:17.529+0000] {taskinstance.py:3310} ERROR - Task failed with exception
Traceback (most recent call last):
  File "/home/airflow/.local/lib/python3.12/site-packages/airflow/models/taskinstance.py", line 762, in _execute_task
    result = _execute_callable(context=context, **execute_callable_kwargs)
             ^^^^^^^^^^^^^^^^^^^^^^^^^^^^^^^^^^^^^^^^^^^^^^^^^^^^^^^^^^^^^
  File "/home/airflow/.local/lib/python3.12/site-packages/airflow/models/taskinstance.py", line 733, in _execute_callable
    return ExecutionCallableRunner(
           ^^^^^^^^^^^^^^^^^^^^^^^^
  File "/home/airflow/.local/lib/python3.12/site-packages/airflow/utils/operator_helpers.py", line 252, in run
    return self.func(*args, **kwargs)
           ^^^^^^^^^^^^^^^^^^^^^^^^^^
  File "/home/airflow/.local/lib/python3.12/site-packages/airflow/models/baseoperator.py", line 406, in wrapper
    return func(self, *args, **kwargs)
           ^^^^^^^^^^^^^^^^^^^^^^^^^^^
  File "/home/airflow/.local/lib/python3.12/site-packages/airflow/operators/python.py", line 238, in execute
    return_value = self.execute_callable()
                   ^^^^^^^^^^^^^^^^^^^^^^^
  File "/home/airflow/.local/lib/python3.12/site-packages/airflow/operators/python.py", line 256, in execute_callable
    return runner.run(*self.op_args, **self.op_kwargs)
           ^^^^^^^^^^^^^^^^^^^^^^^^^^^^^^^^^^^^^^^^^^^
  File "/home/airflow/.local/lib/python3.12/site-packages/airflow/utils/operator_helpers.py", line 252, in run
    return self.func(*args, **kwargs)
           ^^^^^^^^^^^^^^^^^^^^^^^^^^
  File "/opt/airflow/dags/Dag_detect_1FN_anomaly.py", line 116, in detect_and_insert_anomalies
    heartbeat(task_instance)  # Émettre un heartbeat après chaque table traitée
    ^^^^^^^^^^^^^^^^^^^^^^^^
  File "/home/airflow/.local/lib/python3.12/site-packages/airflow/utils/session.py", line 97, in wrapper
    return func(*args, session=session, **kwargs)
           ^^^^^^^^^^^^^^^^^^^^^^^^^^^^^^^^^^^^^^
  File "/opt/airflow/dags/Dag_detect_1FN_anomaly.py", line 90, in heartbeat
    ).update({TaskInstance.latest_heartbeat: datetime.utcnow()})
              ^^^^^^^^^^^^^^^^^^^^^^^^^^^^^
AttributeError: type object 'TaskInstance' has no attribute 'latest_heartbeat'
[2024-09-10T20:54:17.630+0000] {taskinstance.py:1225} INFO - Marking task as UP_FOR_RETRY. dag_id=detect_1fn_anomalies_dag, task_id=detect_1nf_and_insert_anomalies, run_id=manual__2024-09-10T20:40:23.728238+00:00, execution_date=20240910T204023, start_date=20240910T205416, end_date=20240910T205417
[2024-09-10T20:54:17.667+0000] {taskinstance.py:340} INFO - ::group::Post task execution logs
[2024-09-10T20:54:17.669+0000] {standard_task_runner.py:124} ERROR - Failed to execute job 3378 for task detect_1nf_and_insert_anomalies (type object 'TaskInstance' has no attribute 'latest_heartbeat'; 3242)
Traceback (most recent call last):
  File "/home/airflow/.local/lib/python3.12/site-packages/airflow/task/task_runner/standard_task_runner.py", line 117, in _start_by_fork
    ret = args.func(args, dag=self.dag)
          ^^^^^^^^^^^^^^^^^^^^^^^^^^^^^
  File "/home/airflow/.local/lib/python3.12/site-packages/airflow/cli/cli_config.py", line 49, in command
    return func(*args, **kwargs)
           ^^^^^^^^^^^^^^^^^^^^^
  File "/home/airflow/.local/lib/python3.12/site-packages/airflow/utils/cli.py", line 115, in wrapper
    return f(*args, **kwargs)
           ^^^^^^^^^^^^^^^^^^
  File "/home/airflow/.local/lib/python3.12/site-packages/airflow/cli/commands/task_command.py", line 483, in task_run
    task_return_code = _run_task_by_selected_method(args, _dag, ti)
                       ^^^^^^^^^^^^^^^^^^^^^^^^^^^^^^^^^^^^^^^^^^^^
  File "/home/airflow/.local/lib/python3.12/site-packages/airflow/cli/commands/task_command.py", line 256, in _run_task_by_selected_method
    return _run_raw_task(args, ti)
           ^^^^^^^^^^^^^^^^^^^^^^^
  File "/home/airflow/.local/lib/python3.12/site-packages/airflow/cli/commands/task_command.py", line 341, in _run_raw_task
    return ti._run_raw_task(
           ^^^^^^^^^^^^^^^^^
  File "/home/airflow/.local/lib/python3.12/site-packages/airflow/utils/session.py", line 97, in wrapper
    return func(*args, session=session, **kwargs)
           ^^^^^^^^^^^^^^^^^^^^^^^^^^^^^^^^^^^^^^
  File "/home/airflow/.local/lib/python3.12/site-packages/airflow/models/taskinstance.py", line 3004, in _run_raw_task
    return _run_raw_task(
           ^^^^^^^^^^^^^^
  File "/home/airflow/.local/lib/python3.12/site-packages/airflow/models/taskinstance.py", line 273, in _run_raw_task
    TaskInstance._execute_task_with_callbacks(
  File "/home/airflow/.local/lib/python3.12/site-packages/airflow/models/taskinstance.py", line 3158, in _execute_task_with_callbacks
    result = self._execute_task(context, task_orig)
             ^^^^^^^^^^^^^^^^^^^^^^^^^^^^^^^^^^^^^^
  File "/home/airflow/.local/lib/python3.12/site-packages/airflow/models/taskinstance.py", line 3182, in _execute_task
    return _execute_task(self, context, task_orig)
           ^^^^^^^^^^^^^^^^^^^^^^^^^^^^^^^^^^^^^^^
  File "/home/airflow/.local/lib/python3.12/site-packages/airflow/models/taskinstance.py", line 762, in _execute_task
    result = _execute_callable(context=context, **execute_callable_kwargs)
             ^^^^^^^^^^^^^^^^^^^^^^^^^^^^^^^^^^^^^^^^^^^^^^^^^^^^^^^^^^^^^
  File "/home/airflow/.local/lib/python3.12/site-packages/airflow/models/taskinstance.py", line 733, in _execute_callable
    return ExecutionCallableRunner(
           ^^^^^^^^^^^^^^^^^^^^^^^^
  File "/home/airflow/.local/lib/python3.12/site-packages/airflow/utils/operator_helpers.py", line 252, in run
    return self.func(*args, **kwargs)
           ^^^^^^^^^^^^^^^^^^^^^^^^^^
  File "/home/airflow/.local/lib/python3.12/site-packages/airflow/models/baseoperator.py", line 406, in wrapper
    return func(self, *args, **kwargs)
           ^^^^^^^^^^^^^^^^^^^^^^^^^^^
  File "/home/airflow/.local/lib/python3.12/site-packages/airflow/operators/python.py", line 238, in execute
    return_value = self.execute_callable()
                   ^^^^^^^^^^^^^^^^^^^^^^^
  File "/home/airflow/.local/lib/python3.12/site-packages/airflow/operators/python.py", line 256, in execute_callable
    return runner.run(*self.op_args, **self.op_kwargs)
           ^^^^^^^^^^^^^^^^^^^^^^^^^^^^^^^^^^^^^^^^^^^
  File "/home/airflow/.local/lib/python3.12/site-packages/airflow/utils/operator_helpers.py", line 252, in run
    return self.func(*args, **kwargs)
           ^^^^^^^^^^^^^^^^^^^^^^^^^^
  File "/opt/airflow/dags/Dag_detect_1FN_anomaly.py", line 116, in detect_and_insert_anomalies
    heartbeat(task_instance)  # Émettre un heartbeat après chaque table traitée
    ^^^^^^^^^^^^^^^^^^^^^^^^
  File "/home/airflow/.local/lib/python3.12/site-packages/airflow/utils/session.py", line 97, in wrapper
    return func(*args, session=session, **kwargs)
           ^^^^^^^^^^^^^^^^^^^^^^^^^^^^^^^^^^^^^^
  File "/opt/airflow/dags/Dag_detect_1FN_anomaly.py", line 90, in heartbeat
    ).update({TaskInstance.latest_heartbeat: datetime.utcnow()})
              ^^^^^^^^^^^^^^^^^^^^^^^^^^^^^
AttributeError: type object 'TaskInstance' has no attribute 'latest_heartbeat'
[2024-09-10T20:54:17.701+0000] {local_task_job_runner.py:266} INFO - Task exited with return code 1
[2024-09-10T20:54:17.822+0000] {taskinstance.py:3900} INFO - 0 downstream tasks scheduled from follow-on schedule check
[2024-09-10T20:54:17.826+0000] {local_task_job_runner.py:245} INFO - ::endgroup::
