[2024-09-08T16:45:12.136+0000] {local_task_job_runner.py:123} INFO - ::group::Pre task execution logs
[2024-09-08T16:45:13.558+0000] {taskinstance.py:2612} INFO - Dependencies all met for dep_context=non-requeueable deps ti=<TaskInstance: Correction_dag_high_total_amount.Correction_dag_high_total_amount scheduled__2024-09-08T16:40:00+00:00 [queued]>
[2024-09-08T16:45:13.956+0000] {taskinstance.py:2612} INFO - Dependencies all met for dep_context=requeueable deps ti=<TaskInstance: Correction_dag_high_total_amount.Correction_dag_high_total_amount scheduled__2024-09-08T16:40:00+00:00 [queued]>
[2024-09-08T16:45:13.959+0000] {taskinstance.py:2865} INFO - Starting attempt 1 of 2
[2024-09-08T16:45:15.003+0000] {taskinstance.py:2888} INFO - Executing <Task(PythonOperator): Correction_dag_high_total_amount> on 2024-09-08 16:40:00+00:00
[2024-09-08T16:45:15.380+0000] {standard_task_runner.py:104} INFO - Running: ['airflow', 'tasks', 'run', 'Correction_dag_high_total_amount', 'Correction_dag_high_total_amount', 'scheduled__2024-09-08T16:40:00+00:00', '--job-id', '1549', '--raw', '--subdir', 'DAGS_FOLDER/Correction_dag_high_total_amount.py', '--cfg-path', '/tmp/tmpp3kj4g2i']
[2024-09-08T16:45:15.604+0000] {standard_task_runner.py:105} INFO - Job 1549: Subtask Correction_dag_high_total_amount
[2024-09-08T16:45:15.640+0000] {logging_mixin.py:190} WARNING - /home/airflow/.local/lib/python3.12/site-packages/airflow/task/task_runner/standard_task_runner.py:70 DeprecationWarning: This process (pid=48393) is multi-threaded, use of fork() may lead to deadlocks in the child.
[2024-09-08T16:45:15.715+0000] {standard_task_runner.py:72} INFO - Started process 48421 to run task
[2024-09-08T16:45:26.474+0000] {job.py:229} INFO - Heartbeat recovered after 17.19 seconds
[2024-09-08T16:45:26.545+0000] {task_command.py:467} INFO - Running <TaskInstance: Correction_dag_high_total_amount.Correction_dag_high_total_amount scheduled__2024-09-08T16:40:00+00:00 [running]> on host 13d1dadf4f15
[2024-09-08T16:45:38.589+0000] {job.py:229} INFO - Heartbeat recovered after 12.16 seconds
[2024-09-08T16:45:38.735+0000] {taskinstance.py:3131} INFO - Exporting env vars: AIRFLOW_CTX_DAG_OWNER='airflow' AIRFLOW_CTX_DAG_ID='Correction_dag_high_total_amount' AIRFLOW_CTX_TASK_ID='Correction_dag_high_total_amount' AIRFLOW_CTX_EXECUTION_DATE='2024-09-08T16:40:00+00:00' AIRFLOW_CTX_TRY_NUMBER='1' AIRFLOW_CTX_DAG_RUN_ID='scheduled__2024-09-08T16:40:00+00:00'
[2024-09-08T16:45:38.744+0000] {taskinstance.py:731} INFO - ::endgroup::
[2024-09-08T16:45:38.900+0000] {logging_mixin.py:190} INFO - Les anomalies ont été corrigées dans la base de données.
[2024-09-08T16:45:38.903+0000] {python.py:240} INFO - Done. Returned value was: None
[2024-09-08T16:45:39.159+0000] {taskinstance.py:340} INFO - ::group::Post task execution logs
[2024-09-08T16:45:39.161+0000] {taskinstance.py:352} INFO - Marking task as SUCCESS. dag_id=Correction_dag_high_total_amount, task_id=Correction_dag_high_total_amount, run_id=scheduled__2024-09-08T16:40:00+00:00, execution_date=20240908T164000, start_date=20240908T164513, end_date=20240908T164539
[2024-09-08T16:45:39.303+0000] {local_task_job_runner.py:266} INFO - Task exited with return code 0
[2024-09-08T16:45:39.660+0000] {taskinstance.py:3900} INFO - 0 downstream tasks scheduled from follow-on schedule check
[2024-09-08T16:45:39.670+0000] {local_task_job_runner.py:245} INFO - ::endgroup::
