[2024-09-08T15:01:59.637+0000] {local_task_job_runner.py:123} INFO - ::group::Pre task execution logs
[2024-09-08T15:02:01.521+0000] {taskinstance.py:2612} INFO - Dependencies all met for dep_context=non-requeueable deps ti=<TaskInstance: welcome_dag.print_date scheduled__2024-09-08T15:00:05+00:00 [queued]>
[2024-09-08T15:02:01.773+0000] {taskinstance.py:2612} INFO - Dependencies all met for dep_context=requeueable deps ti=<TaskInstance: welcome_dag.print_date scheduled__2024-09-08T15:00:05+00:00 [queued]>
[2024-09-08T15:02:01.785+0000] {taskinstance.py:2865} INFO - Starting attempt 1 of 1
[2024-09-08T15:02:02.038+0000] {taskinstance.py:2888} INFO - Executing <Task(PythonOperator): print_date> on 2024-09-08 15:00:05+00:00
[2024-09-08T15:02:02.129+0000] {standard_task_runner.py:104} INFO - Running: ['airflow', 'tasks', 'run', 'welcome_dag', 'print_date', 'scheduled__2024-09-08T15:00:05+00:00', '--job-id', '1272', '--raw', '--subdir', 'DAGS_FOLDER/Awelcome_dags.py', '--cfg-path', '/tmp/tmpy0ymaq80']
[2024-09-08T15:02:02.185+0000] {standard_task_runner.py:105} INFO - Job 1272: Subtask print_date
[2024-09-08T15:02:02.252+0000] {logging_mixin.py:190} WARNING - /home/airflow/.local/lib/python3.12/site-packages/airflow/task/task_runner/standard_task_runner.py:70 DeprecationWarning: This process (pid=32370) is multi-threaded, use of fork() may lead to deadlocks in the child.
[2024-09-08T15:02:02.285+0000] {standard_task_runner.py:72} INFO - Started process 32395 to run task
[2024-09-08T15:02:09.207+0000] {job.py:229} INFO - Heartbeat recovered after 16.98 seconds
[2024-09-08T15:02:11.861+0000] {task_command.py:467} INFO - Running <TaskInstance: welcome_dag.print_date scheduled__2024-09-08T15:00:05+00:00 [running]> on host 13d1dadf4f15
[2024-09-08T15:02:21.243+0000] {job.py:229} INFO - Heartbeat recovered after 12.12 seconds
[2024-09-08T15:02:26.970+0000] {taskinstance.py:3131} INFO - Exporting env vars: AIRFLOW_CTX_DAG_OWNER='airflow' AIRFLOW_CTX_DAG_ID='welcome_dag' AIRFLOW_CTX_TASK_ID='print_date' AIRFLOW_CTX_EXECUTION_DATE='2024-09-08T15:00:05+00:00' AIRFLOW_CTX_TRY_NUMBER='1' AIRFLOW_CTX_DAG_RUN_ID='scheduled__2024-09-08T15:00:05+00:00'
[2024-09-08T15:02:27.179+0000] {taskinstance.py:731} INFO - ::endgroup::
[2024-09-08T15:02:27.925+0000] {logging_mixin.py:190} INFO - Today is 2024-09-08
[2024-09-08T15:02:28.002+0000] {python.py:240} INFO - Done. Returned value was: None
[2024-09-08T15:02:30.629+0000] {taskinstance.py:340} INFO - ::group::Post task execution logs
[2024-09-08T15:02:30.634+0000] {taskinstance.py:352} INFO - Marking task as SUCCESS. dag_id=welcome_dag, task_id=print_date, run_id=scheduled__2024-09-08T15:00:05+00:00, execution_date=20240908T150005, start_date=20240908T150201, end_date=20240908T150230
[2024-09-08T15:02:33.764+0000] {job.py:229} INFO - Heartbeat recovered after 12.68 seconds
[2024-09-08T15:02:35.914+0000] {local_task_job_runner.py:266} INFO - Task exited with return code 0
[2024-09-08T15:02:37.423+0000] {standard_task_runner.py:217} INFO - Process not found (most likely exited), stop collecting metrics
[2024-09-08T15:02:40.564+0000] {taskinstance.py:3900} INFO - 0 downstream tasks scheduled from follow-on schedule check
[2024-09-08T15:02:40.619+0000] {local_task_job_runner.py:245} INFO - ::endgroup::
