[2024-09-11T15:52:28.367+0000] {local_task_job_runner.py:123} INFO - ::group::Pre task execution logs
[2024-09-11T15:52:29.450+0000] {taskinstance.py:2612} INFO - Dependencies all met for dep_context=non-requeueable deps ti=<TaskInstance: detect_transaction_date_anomalies_dag.run_anomaly_detection scheduled__2024-09-11T15:40:00+00:00 [queued]>
[2024-09-11T15:52:29.564+0000] {taskinstance.py:2612} INFO - Dependencies all met for dep_context=requeueable deps ti=<TaskInstance: detect_transaction_date_anomalies_dag.run_anomaly_detection scheduled__2024-09-11T15:40:00+00:00 [queued]>
[2024-09-11T15:52:29.567+0000] {taskinstance.py:2865} INFO - Starting attempt 2 of 2
[2024-09-11T15:52:29.751+0000] {taskinstance.py:2888} INFO - Executing <Task(PythonOperator): run_anomaly_detection> on 2024-09-11 15:40:00+00:00
[2024-09-11T15:52:29.988+0000] {standard_task_runner.py:104} INFO - Running: ['airflow', 'tasks', 'run', 'detect_transaction_date_anomalies_dag', 'run_anomaly_detection', 'scheduled__2024-09-11T15:40:00+00:00', '--job-id', '949', '--raw', '--subdir', 'DAGS_FOLDER/Dag-Transaction-Date-in-the-Paste.py', '--cfg-path', '/tmp/tmp8afeeavp']
[2024-09-11T15:52:30.044+0000] {standard_task_runner.py:105} INFO - Job 949: Subtask run_anomaly_detection
[2024-09-11T15:52:29.972+0000] {logging_mixin.py:190} WARNING - /home/airflow/.local/lib/python3.12/site-packages/airflow/task/task_runner/standard_task_runner.py:70 DeprecationWarning: This process (pid=1075) is multi-threaded, use of fork() may lead to deadlocks in the child.
[2024-09-11T15:52:30.050+0000] {standard_task_runner.py:72} INFO - Started process 1114 to run task
[2024-09-11T15:52:33.760+0000] {task_command.py:467} INFO - Running <TaskInstance: detect_transaction_date_anomalies_dag.run_anomaly_detection scheduled__2024-09-11T15:40:00+00:00 [running]> on host b8b5351e8a6b
[2024-09-11T15:52:36.630+0000] {job.py:229} INFO - Heartbeat recovered after 10.75 seconds
[2024-09-11T15:52:37.493+0000] {taskinstance.py:3131} INFO - Exporting env vars: AIRFLOW_CTX_DAG_OWNER='airflow' AIRFLOW_CTX_DAG_ID='detect_transaction_date_anomalies_dag' AIRFLOW_CTX_TASK_ID='run_anomaly_detection' AIRFLOW_CTX_EXECUTION_DATE='2024-09-11T15:40:00+00:00' AIRFLOW_CTX_TRY_NUMBER='2' AIRFLOW_CTX_DAG_RUN_ID='scheduled__2024-09-11T15:40:00+00:00'
[2024-09-11T15:52:37.503+0000] {taskinstance.py:731} INFO - ::endgroup::
[2024-09-11T15:52:38.370+0000] {Dag-Transaction-Date-in-the-Paste.py:97} INFO - Inserting 1 detected anomalies
[2024-09-11T15:52:39.193+0000] {python.py:240} INFO - Done. Returned value was: None
[2024-09-11T15:52:39.587+0000] {taskinstance.py:340} INFO - ::group::Post task execution logs
[2024-09-11T15:52:39.597+0000] {taskinstance.py:352} INFO - Marking task as SUCCESS. dag_id=detect_transaction_date_anomalies_dag, task_id=run_anomaly_detection, run_id=scheduled__2024-09-11T15:40:00+00:00, execution_date=20240911T154000, start_date=20240911T155229, end_date=20240911T155239
[2024-09-11T15:52:39.808+0000] {local_task_job_runner.py:266} INFO - Task exited with return code 0
[2024-09-11T15:52:40.116+0000] {standard_task_runner.py:217} INFO - Process not found (most likely exited), stop collecting metrics
[2024-09-11T15:52:40.269+0000] {taskinstance.py:3900} INFO - 0 downstream tasks scheduled from follow-on schedule check
[2024-09-11T15:52:40.275+0000] {local_task_job_runner.py:245} INFO - ::endgroup::
