[2024-09-10T15:10:05.368+0000] {local_task_job_runner.py:123} INFO - ::group::Pre task execution logs
[2024-09-10T15:10:05.904+0000] {taskinstance.py:2612} INFO - Dependencies all met for dep_context=non-requeueable deps ti=<TaskInstance: Correction_dag_high_total_amount.Correction_dag_high_total_amount scheduled__2024-09-10T15:05:00+00:00 [queued]>
[2024-09-10T15:10:06.008+0000] {taskinstance.py:2612} INFO - Dependencies all met for dep_context=requeueable deps ti=<TaskInstance: Correction_dag_high_total_amount.Correction_dag_high_total_amount scheduled__2024-09-10T15:05:00+00:00 [queued]>
[2024-09-10T15:10:06.010+0000] {taskinstance.py:2865} INFO - Starting attempt 1 of 2
[2024-09-10T15:10:06.157+0000] {taskinstance.py:2888} INFO - Executing <Task(PythonOperator): Correction_dag_high_total_amount> on 2024-09-10 15:05:00+00:00
[2024-09-10T15:10:06.289+0000] {standard_task_runner.py:104} INFO - Running: ['airflow', 'tasks', 'run', 'Correction_dag_high_total_amount', 'Correction_dag_high_total_amount', 'scheduled__2024-09-10T15:05:00+00:00', '--job-id', '2596', '--raw', '--subdir', 'DAGS_FOLDER/Correction_dag_high_total_amount.py', '--cfg-path', '/tmp/tmplgptyf4i']
[2024-09-10T15:10:06.322+0000] {standard_task_runner.py:105} INFO - Job 2596: Subtask Correction_dag_high_total_amount
[2024-09-10T15:10:06.360+0000] {logging_mixin.py:190} WARNING - /home/airflow/.local/lib/python3.12/site-packages/airflow/task/task_runner/standard_task_runner.py:70 DeprecationWarning: This process (pid=17094) is multi-threaded, use of fork() may lead to deadlocks in the child.
[2024-09-10T15:10:06.370+0000] {standard_task_runner.py:72} INFO - Started process 17116 to run task
[2024-09-10T15:10:08.443+0000] {task_command.py:467} INFO - Running <TaskInstance: Correction_dag_high_total_amount.Correction_dag_high_total_amount scheduled__2024-09-10T15:05:00+00:00 [running]> on host 5f241b76205c
[2024-09-10T15:10:12.029+0000] {taskinstance.py:3131} INFO - Exporting env vars: AIRFLOW_CTX_DAG_OWNER='airflow' AIRFLOW_CTX_DAG_ID='Correction_dag_high_total_amount' AIRFLOW_CTX_TASK_ID='Correction_dag_high_total_amount' AIRFLOW_CTX_EXECUTION_DATE='2024-09-10T15:05:00+00:00' AIRFLOW_CTX_TRY_NUMBER='1' AIRFLOW_CTX_DAG_RUN_ID='scheduled__2024-09-10T15:05:00+00:00'
[2024-09-10T15:10:12.081+0000] {taskinstance.py:731} INFO - ::endgroup::
[2024-09-10T15:10:12.691+0000] {logging_mixin.py:190} INFO - Les anomalies ont été corrigées dans la base de données.
[2024-09-10T15:10:12.695+0000] {python.py:240} INFO - Done. Returned value was: None
[2024-09-10T15:10:13.547+0000] {taskinstance.py:340} INFO - ::group::Post task execution logs
[2024-09-10T15:10:13.548+0000] {taskinstance.py:352} INFO - Marking task as SUCCESS. dag_id=Correction_dag_high_total_amount, task_id=Correction_dag_high_total_amount, run_id=scheduled__2024-09-10T15:05:00+00:00, execution_date=20240910T150500, start_date=20240910T151005, end_date=20240910T151013
[2024-09-10T15:10:13.787+0000] {local_task_job_runner.py:266} INFO - Task exited with return code 0
[2024-09-10T15:10:14.780+0000] {taskinstance.py:3900} INFO - 0 downstream tasks scheduled from follow-on schedule check
[2024-09-10T15:10:14.789+0000] {local_task_job_runner.py:245} INFO - ::endgroup::
[2024-09-10T15:10:16.419+0000] {standard_task_runner.py:217} INFO - Process not found (most likely exited), stop collecting metrics
