[2024-09-10T18:30:11.039+0000] {local_task_job_runner.py:123} INFO - ::group::Pre task execution logs
[2024-09-10T18:30:11.767+0000] {taskinstance.py:2612} INFO - Dependencies all met for dep_context=non-requeueable deps ti=<TaskInstance: correction_Dag_Valeu_NULL.correct_transactions_anomalies scheduled__2024-09-10T18:25:00+00:00 [queued]>
[2024-09-10T18:30:11.885+0000] {taskinstance.py:2612} INFO - Dependencies all met for dep_context=requeueable deps ti=<TaskInstance: correction_Dag_Valeu_NULL.correct_transactions_anomalies scheduled__2024-09-10T18:25:00+00:00 [queued]>
[2024-09-10T18:30:11.888+0000] {taskinstance.py:2865} INFO - Starting attempt 1 of 2
[2024-09-10T18:30:12.204+0000] {taskinstance.py:2888} INFO - Executing <Task(PythonOperator): correct_transactions_anomalies> on 2024-09-10 18:25:00+00:00
[2024-09-10T18:30:12.358+0000] {standard_task_runner.py:104} INFO - Running: ['airflow', 'tasks', 'run', 'correction_Dag_Valeu_NULL', 'correct_transactions_anomalies', 'scheduled__2024-09-10T18:25:00+00:00', '--job-id', '3135', '--raw', '--subdir', 'DAGS_FOLDER/Correction_dag_Valeur_NULL.py', '--cfg-path', '/tmp/tmp5e22l13i']
[2024-09-10T18:30:12.421+0000] {standard_task_runner.py:105} INFO - Job 3135: Subtask correct_transactions_anomalies
[2024-09-10T18:30:12.375+0000] {logging_mixin.py:190} WARNING - /home/airflow/.local/lib/python3.12/site-packages/airflow/task/task_runner/standard_task_runner.py:70 DeprecationWarning: This process (pid=4258) is multi-threaded, use of fork() may lead to deadlocks in the child.
[2024-09-10T18:30:12.427+0000] {standard_task_runner.py:72} INFO - Started process 4278 to run task
[2024-09-10T18:30:16.847+0000] {task_command.py:467} INFO - Running <TaskInstance: correction_Dag_Valeu_NULL.correct_transactions_anomalies scheduled__2024-09-10T18:25:00+00:00 [running]> on host 5f241b76205c
[2024-09-10T18:30:22.116+0000] {job.py:229} INFO - Heartbeat recovered after 15.46 seconds
[2024-09-10T18:30:24.090+0000] {taskinstance.py:3131} INFO - Exporting env vars: AIRFLOW_CTX_DAG_OWNER='airflow' AIRFLOW_CTX_DAG_ID='correction_Dag_Valeu_NULL' AIRFLOW_CTX_TASK_ID='correct_transactions_anomalies' AIRFLOW_CTX_EXECUTION_DATE='2024-09-10T18:25:00+00:00' AIRFLOW_CTX_TRY_NUMBER='1' AIRFLOW_CTX_DAG_RUN_ID='scheduled__2024-09-10T18:25:00+00:00'
[2024-09-10T18:30:24.100+0000] {taskinstance.py:731} INFO - ::endgroup::
[2024-09-10T18:30:25.290+0000] {logging_mixin.py:190} INFO - Correction des anomalies dans la table Transactions réussie.
[2024-09-10T18:30:25.292+0000] {python.py:240} INFO - Done. Returned value was: None
[2024-09-10T18:30:26.093+0000] {taskinstance.py:340} INFO - ::group::Post task execution logs
[2024-09-10T18:30:26.098+0000] {taskinstance.py:352} INFO - Marking task as SUCCESS. dag_id=correction_Dag_Valeu_NULL, task_id=correct_transactions_anomalies, run_id=scheduled__2024-09-10T18:25:00+00:00, execution_date=20240910T182500, start_date=20240910T183011, end_date=20240910T183026
[2024-09-10T18:30:26.253+0000] {local_task_job_runner.py:266} INFO - Task exited with return code 0
[2024-09-10T18:30:26.966+0000] {local_task_job_runner.py:245} INFO - ::endgroup::
[2024-09-10T18:30:27.510+0000] {standard_task_runner.py:217} INFO - Process not found (most likely exited), stop collecting metrics
