[2024-09-08T17:00:49.952+0000] {local_task_job_runner.py:123} INFO - ::group::Pre task execution logs
[2024-09-08T17:00:51.170+0000] {taskinstance.py:2612} INFO - Dependencies all met for dep_context=non-requeueable deps ti=<TaskInstance: welcome_dag.print_date scheduled__2024-09-08T17:00:06+00:00 [queued]>
[2024-09-08T17:00:51.242+0000] {taskinstance.py:2612} INFO - Dependencies all met for dep_context=requeueable deps ti=<TaskInstance: welcome_dag.print_date scheduled__2024-09-08T17:00:06+00:00 [queued]>
[2024-09-08T17:00:51.246+0000] {taskinstance.py:2865} INFO - Starting attempt 1 of 1
[2024-09-08T17:00:51.338+0000] {taskinstance.py:2888} INFO - Executing <Task(PythonOperator): print_date> on 2024-09-08 17:00:06+00:00
[2024-09-08T17:00:51.364+0000] {standard_task_runner.py:104} INFO - Running: ['airflow', 'tasks', 'run', 'welcome_dag', 'print_date', 'scheduled__2024-09-08T17:00:06+00:00', '--job-id', '1612', '--raw', '--subdir', 'DAGS_FOLDER/Awelcome_dags.py', '--cfg-path', '/tmp/tmp7d24g5e0']
[2024-09-08T17:00:51.376+0000] {standard_task_runner.py:105} INFO - Job 1612: Subtask print_date
[2024-09-08T17:00:51.428+0000] {logging_mixin.py:190} WARNING - /home/airflow/.local/lib/python3.12/site-packages/airflow/task/task_runner/standard_task_runner.py:70 DeprecationWarning: This process (pid=777) is multi-threaded, use of fork() may lead to deadlocks in the child.
[2024-09-08T17:00:51.432+0000] {standard_task_runner.py:72} INFO - Started process 800 to run task
[2024-09-08T17:00:54.912+0000] {task_command.py:467} INFO - Running <TaskInstance: welcome_dag.print_date scheduled__2024-09-08T17:00:06+00:00 [running]> on host f09432de7c82
[2024-09-08T17:00:58.372+0000] {job.py:229} INFO - Heartbeat recovered after 11.97 seconds
[2024-09-08T17:01:00.098+0000] {taskinstance.py:3131} INFO - Exporting env vars: AIRFLOW_CTX_DAG_OWNER='airflow' AIRFLOW_CTX_DAG_ID='welcome_dag' AIRFLOW_CTX_TASK_ID='print_date' AIRFLOW_CTX_EXECUTION_DATE='2024-09-08T17:00:06+00:00' AIRFLOW_CTX_TRY_NUMBER='1' AIRFLOW_CTX_DAG_RUN_ID='scheduled__2024-09-08T17:00:06+00:00'
[2024-09-08T17:01:00.111+0000] {taskinstance.py:731} INFO - ::endgroup::
[2024-09-08T17:01:00.214+0000] {logging_mixin.py:190} INFO - Today is 2024-09-08
[2024-09-08T17:01:00.224+0000] {python.py:240} INFO - Done. Returned value was: None
[2024-09-08T17:01:01.080+0000] {taskinstance.py:340} INFO - ::group::Post task execution logs
[2024-09-08T17:01:01.082+0000] {taskinstance.py:352} INFO - Marking task as SUCCESS. dag_id=welcome_dag, task_id=print_date, run_id=scheduled__2024-09-08T17:00:06+00:00, execution_date=20240908T170006, start_date=20240908T170051, end_date=20240908T170101
[2024-09-08T17:01:01.305+0000] {local_task_job_runner.py:266} INFO - Task exited with return code 0
[2024-09-08T17:01:01.440+0000] {standard_task_runner.py:217} INFO - Process not found (most likely exited), stop collecting metrics
[2024-09-08T17:01:02.034+0000] {taskinstance.py:3900} INFO - 0 downstream tasks scheduled from follow-on schedule check
[2024-09-08T17:01:02.045+0000] {local_task_job_runner.py:245} INFO - ::endgroup::
