[2024-09-13T13:06:47.757+0000] {local_task_job_runner.py:123} INFO - ::group::Pre task execution logs
[2024-09-13T13:06:48.710+0000] {taskinstance.py:2612} INFO - Dependencies all met for dep_context=non-requeueable deps ti=<TaskInstance: correction_Dag_no_NumericValues.Correct_Non_numeric_Quantity scheduled__2024-09-13T12:55:00+00:00 [queued]>
[2024-09-13T13:06:48.859+0000] {taskinstance.py:2612} INFO - Dependencies all met for dep_context=requeueable deps ti=<TaskInstance: correction_Dag_no_NumericValues.Correct_Non_numeric_Quantity scheduled__2024-09-13T12:55:00+00:00 [queued]>
[2024-09-13T13:06:48.861+0000] {taskinstance.py:2865} INFO - Starting attempt 2 of 2
[2024-09-13T13:06:49.072+0000] {taskinstance.py:2888} INFO - Executing <Task(PythonOperator): Correct_Non_numeric_Quantity> on 2024-09-13 12:55:00+00:00
[2024-09-13T13:06:49.653+0000] {logging_mixin.py:190} WARNING - /home/airflow/.local/lib/python3.12/site-packages/airflow/task/task_runner/standard_task_runner.py:70 DeprecationWarning: This process (pid=90100) is multi-threaded, use of fork() may lead to deadlocks in the child.
[2024-09-13T13:06:49.661+0000] {standard_task_runner.py:72} INFO - Started process 90127 to run task
[2024-09-13T13:06:49.467+0000] {standard_task_runner.py:104} INFO - Running: ['airflow', 'tasks', 'run', 'correction_Dag_no_NumericValues', 'Correct_Non_numeric_Quantity', 'scheduled__2024-09-13T12:55:00+00:00', '--job-id', '2256', '--raw', '--subdir', 'DAGS_FOLDER/correction_Dag_no_NumericValues.py', '--cfg-path', '/tmp/tmpkkgxphv_']
[2024-09-13T13:06:49.686+0000] {standard_task_runner.py:105} INFO - Job 2256: Subtask Correct_Non_numeric_Quantity
[2024-09-13T13:06:53.497+0000] {task_command.py:467} INFO - Running <TaskInstance: correction_Dag_no_NumericValues.Correct_Non_numeric_Quantity scheduled__2024-09-13T12:55:00+00:00 [running]> on host 7403e816bcf5
[2024-09-13T13:06:57.413+0000] {job.py:229} INFO - Heartbeat recovered after 11.27 seconds
[2024-09-13T13:07:00.402+0000] {taskinstance.py:3131} INFO - Exporting env vars: AIRFLOW_CTX_DAG_OWNER='airflow' AIRFLOW_CTX_DAG_ID='correction_Dag_no_NumericValues' AIRFLOW_CTX_TASK_ID='Correct_Non_numeric_Quantity' AIRFLOW_CTX_EXECUTION_DATE='2024-09-13T12:55:00+00:00' AIRFLOW_CTX_TRY_NUMBER='2' AIRFLOW_CTX_DAG_RUN_ID='scheduled__2024-09-13T12:55:00+00:00'
[2024-09-13T13:07:00.418+0000] {taskinstance.py:731} INFO - ::endgroup::
[2024-09-13T13:07:01.166+0000] {logging_mixin.py:190} INFO - Anomalies textuelles corrigées avec succès dans la table Transactions.
[2024-09-13T13:07:01.167+0000] {python.py:240} INFO - Done. Returned value was: None
[2024-09-13T13:07:01.574+0000] {taskinstance.py:340} INFO - ::group::Post task execution logs
[2024-09-13T13:07:01.587+0000] {taskinstance.py:352} INFO - Marking task as SUCCESS. dag_id=correction_Dag_no_NumericValues, task_id=Correct_Non_numeric_Quantity, run_id=scheduled__2024-09-13T12:55:00+00:00, execution_date=20240913T125500, start_date=20240913T130648, end_date=20240913T130701
[2024-09-13T13:07:01.945+0000] {local_task_job_runner.py:266} INFO - Task exited with return code 0
[2024-09-13T13:07:02.973+0000] {local_task_job_runner.py:245} INFO - ::endgroup::
[2024-09-13T13:07:04.883+0000] {standard_task_runner.py:217} INFO - Process not found (most likely exited), stop collecting metrics
