[2024-09-11T16:01:29.849+0000] {local_task_job_runner.py:123} INFO - ::group::Pre task execution logs
[2024-09-11T16:01:30.937+0000] {taskinstance.py:2612} INFO - Dependencies all met for dep_context=non-requeueable deps ti=<TaskInstance: welcome_dag.print_date scheduled__2024-09-11T16:00:15+00:00 [queued]>
[2024-09-11T16:01:31.040+0000] {taskinstance.py:2612} INFO - Dependencies all met for dep_context=requeueable deps ti=<TaskInstance: welcome_dag.print_date scheduled__2024-09-11T16:00:15+00:00 [queued]>
[2024-09-11T16:01:31.043+0000] {taskinstance.py:2865} INFO - Starting attempt 1 of 1
[2024-09-11T16:01:31.212+0000] {taskinstance.py:2888} INFO - Executing <Task(PythonOperator): print_date> on 2024-09-11 16:00:15+00:00
[2024-09-11T16:01:31.300+0000] {standard_task_runner.py:104} INFO - Running: ['airflow', 'tasks', 'run', 'welcome_dag', 'print_date', 'scheduled__2024-09-11T16:00:15+00:00', '--job-id', '1003', '--raw', '--subdir', 'DAGS_FOLDER/Awelcome_dags.py', '--cfg-path', '/tmp/tmpbm7v67rp']
[2024-09-11T16:01:31.333+0000] {standard_task_runner.py:105} INFO - Job 1003: Subtask print_date
[2024-09-11T16:01:31.824+0000] {logging_mixin.py:190} WARNING - /home/airflow/.local/lib/python3.12/site-packages/airflow/task/task_runner/standard_task_runner.py:70 DeprecationWarning: This process (pid=2560) is multi-threaded, use of fork() may lead to deadlocks in the child.
[2024-09-11T16:01:31.845+0000] {standard_task_runner.py:72} INFO - Started process 2604 to run task
[2024-09-11T16:01:34.855+0000] {task_command.py:467} INFO - Running <TaskInstance: welcome_dag.print_date scheduled__2024-09-11T16:00:15+00:00 [running]> on host b8b5351e8a6b
[2024-09-11T16:01:38.062+0000] {job.py:229} INFO - Heartbeat recovered after 11.64 seconds
[2024-09-11T16:01:39.735+0000] {taskinstance.py:3131} INFO - Exporting env vars: AIRFLOW_CTX_DAG_OWNER='airflow' AIRFLOW_CTX_DAG_ID='welcome_dag' AIRFLOW_CTX_TASK_ID='print_date' AIRFLOW_CTX_EXECUTION_DATE='2024-09-11T16:00:15+00:00' AIRFLOW_CTX_TRY_NUMBER='1' AIRFLOW_CTX_DAG_RUN_ID='scheduled__2024-09-11T16:00:15+00:00'
[2024-09-11T16:01:39.745+0000] {taskinstance.py:731} INFO - ::endgroup::
[2024-09-11T16:01:39.808+0000] {logging_mixin.py:190} INFO - Today is 2024-09-11
[2024-09-11T16:01:39.814+0000] {python.py:240} INFO - Done. Returned value was: None
[2024-09-11T16:01:40.817+0000] {taskinstance.py:340} INFO - ::group::Post task execution logs
[2024-09-11T16:01:40.820+0000] {taskinstance.py:352} INFO - Marking task as SUCCESS. dag_id=welcome_dag, task_id=print_date, run_id=scheduled__2024-09-11T16:00:15+00:00, execution_date=20240911T160015, start_date=20240911T160130, end_date=20240911T160140
[2024-09-11T16:01:40.966+0000] {local_task_job_runner.py:266} INFO - Task exited with return code 0
[2024-09-11T16:01:42.037+0000] {standard_task_runner.py:217} INFO - Process not found (most likely exited), stop collecting metrics
[2024-09-11T16:01:42.326+0000] {taskinstance.py:3900} INFO - 0 downstream tasks scheduled from follow-on schedule check
[2024-09-11T16:01:42.333+0000] {local_task_job_runner.py:245} INFO - ::endgroup::
