[2024-09-08T16:01:03.733+0000] {local_task_job_runner.py:123} INFO - ::group::Pre task execution logs
[2024-09-08T16:01:12.471+0000] {taskinstance.py:2612} INFO - Dependencies all met for dep_context=non-requeueable deps ti=<TaskInstance: welcome_dag.print_welcome scheduled__2024-09-08T16:00:19+00:00 [queued]>
[2024-09-08T16:01:12.802+0000] {taskinstance.py:2612} INFO - Dependencies all met for dep_context=requeueable deps ti=<TaskInstance: welcome_dag.print_welcome scheduled__2024-09-08T16:00:19+00:00 [queued]>
[2024-09-08T16:01:12.833+0000] {taskinstance.py:2865} INFO - Starting attempt 1 of 1
[2024-09-08T16:01:17.173+0000] {taskinstance.py:2888} INFO - Executing <Task(PythonOperator): print_welcome> on 2024-09-08 16:00:19+00:00
[2024-09-08T16:01:17.793+0000] {standard_task_runner.py:104} INFO - Running: ['airflow', 'tasks', 'run', 'welcome_dag', 'print_welcome', 'scheduled__2024-09-08T16:00:19+00:00', '--job-id', '1442', '--raw', '--subdir', 'DAGS_FOLDER/Awelcome_dags.py', '--cfg-path', '/tmp/tmpcflwz56x']
[2024-09-08T16:01:17.858+0000] {standard_task_runner.py:105} INFO - Job 1442: Subtask print_welcome
[2024-09-08T16:01:17.979+0000] {logging_mixin.py:190} WARNING - /home/airflow/.local/lib/python3.12/site-packages/airflow/task/task_runner/standard_task_runner.py:70 DeprecationWarning: This process (pid=41912) is multi-threaded, use of fork() may lead to deadlocks in the child.
[2024-09-08T16:01:18.133+0000] {standard_task_runner.py:72} INFO - Started process 41953 to run task
[2024-09-08T16:01:30.792+0000] {job.py:229} INFO - Heartbeat recovered after 37.20 seconds
[2024-09-08T16:01:45.909+0000] {task_command.py:467} INFO - Running <TaskInstance: welcome_dag.print_welcome scheduled__2024-09-08T16:00:19+00:00 [running]> on host 13d1dadf4f15
[2024-09-08T16:02:34.452+0000] {job.py:229} INFO - Heartbeat recovered after 64.03 seconds
[2024-09-08T16:02:43.400+0000] {taskinstance.py:3131} INFO - Exporting env vars: AIRFLOW_CTX_DAG_OWNER='airflow' AIRFLOW_CTX_DAG_ID='welcome_dag' AIRFLOW_CTX_TASK_ID='print_welcome' AIRFLOW_CTX_EXECUTION_DATE='2024-09-08T16:00:19+00:00' AIRFLOW_CTX_TRY_NUMBER='1' AIRFLOW_CTX_DAG_RUN_ID='scheduled__2024-09-08T16:00:19+00:00'
[2024-09-08T16:02:43.582+0000] {taskinstance.py:731} INFO - ::endgroup::
[2024-09-08T16:02:43.998+0000] {logging_mixin.py:190} INFO - Welcome to Airflow!
[2024-09-08T16:02:44.000+0000] {python.py:240} INFO - Done. Returned value was: None
[2024-09-08T16:02:46.018+0000] {job.py:229} INFO - Heartbeat recovered after 12.01 seconds
[2024-09-08T16:02:46.731+0000] {taskinstance.py:340} INFO - ::group::Post task execution logs
[2024-09-08T16:02:46.749+0000] {taskinstance.py:352} INFO - Marking task as SUCCESS. dag_id=welcome_dag, task_id=print_welcome, run_id=scheduled__2024-09-08T16:00:19+00:00, execution_date=20240908T160019, start_date=20240908T160112, end_date=20240908T160246
[2024-09-08T16:02:47.829+0000] {local_task_job_runner.py:266} INFO - Task exited with return code 0
[2024-09-08T16:02:50.753+0000] {standard_task_runner.py:217} INFO - Process not found (most likely exited), stop collecting metrics
[2024-09-08T16:02:51.840+0000] {local_task_job_runner.py:245} INFO - ::endgroup::
