[2024-09-10T19:00:13.780+0000] {local_task_job_runner.py:123} INFO - ::group::Pre task execution logs
[2024-09-10T19:00:15.162+0000] {taskinstance.py:2612} INFO - Dependencies all met for dep_context=non-requeueable deps ti=<TaskInstance: dag_detect_excessively_high_total_amount.run_anomaly_detection scheduled__2024-09-10T18:45:00+00:00 [queued]>
[2024-09-10T19:00:15.212+0000] {taskinstance.py:2612} INFO - Dependencies all met for dep_context=requeueable deps ti=<TaskInstance: dag_detect_excessively_high_total_amount.run_anomaly_detection scheduled__2024-09-10T18:45:00+00:00 [queued]>
[2024-09-10T19:00:15.222+0000] {taskinstance.py:2865} INFO - Starting attempt 1 of 2
[2024-09-10T19:00:15.321+0000] {taskinstance.py:2888} INFO - Executing <Task(PythonOperator): run_anomaly_detection> on 2024-09-10 18:45:00+00:00
[2024-09-10T19:00:15.413+0000] {standard_task_runner.py:104} INFO - Running: ['airflow', 'tasks', 'run', 'dag_detect_excessively_high_total_amount', 'run_anomaly_detection', 'scheduled__2024-09-10T18:45:00+00:00', '--job-id', '3209', '--raw', '--subdir', 'DAGS_FOLDER/dag_detect_excessively_high_total_amount.py', '--cfg-path', '/tmp/tmpfltmruop']
[2024-09-10T19:00:15.437+0000] {standard_task_runner.py:105} INFO - Job 3209: Subtask run_anomaly_detection
[2024-09-10T19:00:15.440+0000] {logging_mixin.py:190} WARNING - /home/airflow/.local/lib/python3.12/site-packages/airflow/task/task_runner/standard_task_runner.py:70 DeprecationWarning: This process (pid=9254) is multi-threaded, use of fork() may lead to deadlocks in the child.
[2024-09-10T19:00:15.443+0000] {standard_task_runner.py:72} INFO - Started process 9309 to run task
[2024-09-10T19:00:20.238+0000] {task_command.py:467} INFO - Running <TaskInstance: dag_detect_excessively_high_total_amount.run_anomaly_detection scheduled__2024-09-10T18:45:00+00:00 [running]> on host 5f241b76205c
[2024-09-10T19:00:23.845+0000] {job.py:229} INFO - Heartbeat recovered after 15.34 seconds
[2024-09-10T19:00:30.956+0000] {taskinstance.py:3131} INFO - Exporting env vars: AIRFLOW_CTX_DAG_OWNER='airflow' AIRFLOW_CTX_DAG_ID='dag_detect_excessively_high_total_amount' AIRFLOW_CTX_TASK_ID='run_anomaly_detection' AIRFLOW_CTX_EXECUTION_DATE='2024-09-10T18:45:00+00:00' AIRFLOW_CTX_TRY_NUMBER='1' AIRFLOW_CTX_DAG_RUN_ID='scheduled__2024-09-10T18:45:00+00:00'
[2024-09-10T19:00:30.967+0000] {taskinstance.py:731} INFO - ::endgroup::
[2024-09-10T19:00:31.350+0000] {dag_detect_excessively_high_total_amount.py:118} INFO - Starting anomaly detection process
[2024-09-10T19:00:37.243+0000] {dag_detect_excessively_high_total_amount.py:124} INFO - Loaded 15 transactions and 54 products
[2024-09-10T19:00:37.781+0000] {dag_detect_excessively_high_total_amount.py:127} INFO - Detected 0 anomalies
[2024-09-10T19:00:40.945+0000] {dag_detect_excessively_high_total_amount.py:111} INFO - Inserted 0 new anomalies.
[2024-09-10T19:00:40.946+0000] {dag_detect_excessively_high_total_amount.py:130} INFO - Anomaly detection process completed successfully
[2024-09-10T19:00:40.959+0000] {python.py:240} INFO - Done. Returned value was: None
[2024-09-10T19:00:42.214+0000] {taskinstance.py:340} INFO - ::group::Post task execution logs
[2024-09-10T19:00:42.232+0000] {taskinstance.py:352} INFO - Marking task as SUCCESS. dag_id=dag_detect_excessively_high_total_amount, task_id=run_anomaly_detection, run_id=scheduled__2024-09-10T18:45:00+00:00, execution_date=20240910T184500, start_date=20240910T190015, end_date=20240910T190042
[2024-09-10T19:00:42.615+0000] {local_task_job_runner.py:266} INFO - Task exited with return code 0
[2024-09-10T19:00:44.430+0000] {taskinstance.py:3900} INFO - 0 downstream tasks scheduled from follow-on schedule check
[2024-09-10T19:00:44.511+0000] {local_task_job_runner.py:245} INFO - ::endgroup::
[2024-09-10T19:00:45.476+0000] {standard_task_runner.py:217} INFO - Process not found (most likely exited), stop collecting metrics
