[2024-09-10T23:30:37.773+0000] {local_task_job_runner.py:123} INFO - ::group::Pre task execution logs
[2024-09-10T23:30:39.149+0000] {taskinstance.py:2612} INFO - Dependencies all met for dep_context=non-requeueable deps ti=<TaskInstance: Dag_Non-numeric-Quantity.run_anomaly_detection scheduled__2024-09-10T23:25:00+00:00 [queued]>
[2024-09-10T23:30:39.223+0000] {taskinstance.py:2612} INFO - Dependencies all met for dep_context=requeueable deps ti=<TaskInstance: Dag_Non-numeric-Quantity.run_anomaly_detection scheduled__2024-09-10T23:25:00+00:00 [queued]>
[2024-09-10T23:30:39.225+0000] {taskinstance.py:2865} INFO - Starting attempt 1 of 2
[2024-09-10T23:30:39.359+0000] {taskinstance.py:2888} INFO - Executing <Task(PythonOperator): run_anomaly_detection> on 2024-09-10 23:25:00+00:00
[2024-09-10T23:30:40.074+0000] {logging_mixin.py:190} WARNING - /home/airflow/.local/lib/python3.12/site-packages/airflow/task/task_runner/standard_task_runner.py:70 DeprecationWarning: This process (pid=2349) is multi-threaded, use of fork() may lead to deadlocks in the child.
[2024-09-10T23:30:39.998+0000] {standard_task_runner.py:104} INFO - Running: ['airflow', 'tasks', 'run', 'Dag_Non-numeric-Quantity', 'run_anomaly_detection', 'scheduled__2024-09-10T23:25:00+00:00', '--job-id', '153', '--raw', '--subdir', 'DAGS_FOLDER/Dag_Non-numeric-Quantity.py', '--cfg-path', '/tmp/tmpw4xvgsls']
[2024-09-10T23:30:40.104+0000] {standard_task_runner.py:105} INFO - Job 153: Subtask run_anomaly_detection
[2024-09-10T23:30:40.103+0000] {standard_task_runner.py:72} INFO - Started process 2434 to run task
[2024-09-10T23:30:46.955+0000] {job.py:229} INFO - Heartbeat recovered after 15.87 seconds
[2024-09-10T23:30:49.560+0000] {task_command.py:467} INFO - Running <TaskInstance: Dag_Non-numeric-Quantity.run_anomaly_detection scheduled__2024-09-10T23:25:00+00:00 [running]> on host 5cd9362923f6
[2024-09-10T23:30:55.061+0000] {taskinstance.py:3131} INFO - Exporting env vars: AIRFLOW_CTX_DAG_OWNER='airflow' AIRFLOW_CTX_DAG_ID='Dag_Non-numeric-Quantity' AIRFLOW_CTX_TASK_ID='run_anomaly_detection' AIRFLOW_CTX_EXECUTION_DATE='2024-09-10T23:25:00+00:00' AIRFLOW_CTX_TRY_NUMBER='1' AIRFLOW_CTX_DAG_RUN_ID='scheduled__2024-09-10T23:25:00+00:00'
[2024-09-10T23:30:55.146+0000] {taskinstance.py:731} INFO - ::endgroup::
[2024-09-10T23:30:57.963+0000] {job.py:229} INFO - Heartbeat recovered after 11.11 seconds
[2024-09-10T23:30:58.132+0000] {python.py:240} INFO - Done. Returned value was: None
[2024-09-10T23:30:59.765+0000] {taskinstance.py:340} INFO - ::group::Post task execution logs
[2024-09-10T23:30:59.767+0000] {taskinstance.py:352} INFO - Marking task as SUCCESS. dag_id=Dag_Non-numeric-Quantity, task_id=run_anomaly_detection, run_id=scheduled__2024-09-10T23:25:00+00:00, execution_date=20240910T232500, start_date=20240910T233039, end_date=20240910T233059
[2024-09-10T23:31:00.090+0000] {local_task_job_runner.py:266} INFO - Task exited with return code 0
[2024-09-10T23:31:00.293+0000] {standard_task_runner.py:217} INFO - Process not found (most likely exited), stop collecting metrics
[2024-09-10T23:31:01.868+0000] {taskinstance.py:3900} INFO - 0 downstream tasks scheduled from follow-on schedule check
[2024-09-10T23:31:01.944+0000] {local_task_job_runner.py:245} INFO - ::endgroup::
