[2024-09-12T13:00:48.842+0000] {local_task_job_runner.py:123} INFO - ::group::Pre task execution logs
[2024-09-12T13:00:50.163+0000] {taskinstance.py:2612} INFO - Dependencies all met for dep_context=non-requeueable deps ti=<TaskInstance: welcome_dag.print_welcome scheduled__2024-09-12T13:00:24+00:00 [queued]>
[2024-09-12T13:00:50.308+0000] {taskinstance.py:2612} INFO - Dependencies all met for dep_context=requeueable deps ti=<TaskInstance: welcome_dag.print_welcome scheduled__2024-09-12T13:00:24+00:00 [queued]>
[2024-09-12T13:00:50.314+0000] {taskinstance.py:2865} INFO - Starting attempt 1 of 1
[2024-09-12T13:00:50.552+0000] {taskinstance.py:2888} INFO - Executing <Task(PythonOperator): print_welcome> on 2024-09-12 13:00:24+00:00
[2024-09-12T13:00:50.730+0000] {standard_task_runner.py:104} INFO - Running: ['airflow', 'tasks', 'run', 'welcome_dag', 'print_welcome', 'scheduled__2024-09-12T13:00:24+00:00', '--job-id', '1920', '--raw', '--subdir', 'DAGS_FOLDER/Awelcome_dags.py', '--cfg-path', '/tmp/tmp0vprq3j9']
[2024-09-12T13:00:50.782+0000] {standard_task_runner.py:105} INFO - Job 1920: Subtask print_welcome
[2024-09-12T13:00:50.803+0000] {logging_mixin.py:190} WARNING - /home/airflow/.local/lib/python3.12/site-packages/airflow/task/task_runner/standard_task_runner.py:70 DeprecationWarning: This process (pid=18233) is multi-threaded, use of fork() may lead to deadlocks in the child.
[2024-09-12T13:00:50.805+0000] {standard_task_runner.py:72} INFO - Started process 18257 to run task
[2024-09-12T13:00:54.371+0000] {task_command.py:467} INFO - Running <TaskInstance: welcome_dag.print_welcome scheduled__2024-09-12T13:00:24+00:00 [running]> on host 7403e816bcf5
[2024-09-12T13:00:56.862+0000] {job.py:229} INFO - Heartbeat recovered after 18.61 seconds
[2024-09-12T13:00:57.348+0000] {taskinstance.py:3131} INFO - Exporting env vars: AIRFLOW_CTX_DAG_OWNER='airflow' AIRFLOW_CTX_DAG_ID='welcome_dag' AIRFLOW_CTX_TASK_ID='print_welcome' AIRFLOW_CTX_EXECUTION_DATE='2024-09-12T13:00:24+00:00' AIRFLOW_CTX_TRY_NUMBER='1' AIRFLOW_CTX_DAG_RUN_ID='scheduled__2024-09-12T13:00:24+00:00'
[2024-09-12T13:00:57.362+0000] {taskinstance.py:731} INFO - ::endgroup::
[2024-09-12T13:00:57.447+0000] {logging_mixin.py:190} INFO - Welcome to Airflow!
[2024-09-12T13:00:57.449+0000] {python.py:240} INFO - Done. Returned value was: None
[2024-09-12T13:00:58.670+0000] {taskinstance.py:340} INFO - ::group::Post task execution logs
[2024-09-12T13:00:58.680+0000] {taskinstance.py:352} INFO - Marking task as SUCCESS. dag_id=welcome_dag, task_id=print_welcome, run_id=scheduled__2024-09-12T13:00:24+00:00, execution_date=20240912T130024, start_date=20240912T130050, end_date=20240912T130058
[2024-09-12T13:00:58.913+0000] {local_task_job_runner.py:266} INFO - Task exited with return code 0
[2024-09-12T13:00:59.306+0000] {taskinstance.py:3900} INFO - 1 downstream tasks scheduled from follow-on schedule check
[2024-09-12T13:00:59.311+0000] {local_task_job_runner.py:245} INFO - ::endgroup::
