[2024-09-11T17:00:41.685+0000] {local_task_job_runner.py:123} INFO - ::group::Pre task execution logs
[2024-09-11T17:00:43.329+0000] {taskinstance.py:2612} INFO - Dependencies all met for dep_context=non-requeueable deps ti=<TaskInstance: dag_Null_Value_inAll_Tables.run_anomaly_detection scheduled__2024-09-11T16:45:00+00:00 [queued]>
[2024-09-11T17:00:43.406+0000] {taskinstance.py:2612} INFO - Dependencies all met for dep_context=requeueable deps ti=<TaskInstance: dag_Null_Value_inAll_Tables.run_anomaly_detection scheduled__2024-09-11T16:45:00+00:00 [queued]>
[2024-09-11T17:00:43.411+0000] {taskinstance.py:2865} INFO - Starting attempt 1 of 2
[2024-09-11T17:00:43.513+0000] {taskinstance.py:2888} INFO - Executing <Task(PythonOperator): run_anomaly_detection> on 2024-09-11 16:45:00+00:00
[2024-09-11T17:00:43.566+0000] {logging_mixin.py:190} WARNING - /home/airflow/.local/lib/python3.12/site-packages/airflow/task/task_runner/standard_task_runner.py:70 DeprecationWarning: This process (pid=11667) is multi-threaded, use of fork() may lead to deadlocks in the child.
[2024-09-11T17:00:43.570+0000] {standard_task_runner.py:72} INFO - Started process 11751 to run task
[2024-09-11T17:00:43.561+0000] {standard_task_runner.py:104} INFO - Running: ['airflow', 'tasks', 'run', 'dag_Null_Value_inAll_Tables', 'run_anomaly_detection', 'scheduled__2024-09-11T16:45:00+00:00', '--job-id', '1150', '--raw', '--subdir', 'DAGS_FOLDER/dag_Null_Value_inAll_Tables.py', '--cfg-path', '/tmp/tmp9iwejftd']
[2024-09-11T17:00:43.583+0000] {standard_task_runner.py:105} INFO - Job 1150: Subtask run_anomaly_detection
[2024-09-11T17:00:49.778+0000] {task_command.py:467} INFO - Running <TaskInstance: dag_Null_Value_inAll_Tables.run_anomaly_detection scheduled__2024-09-11T16:45:00+00:00 [running]> on host b8b5351e8a6b
[2024-09-11T17:00:53.013+0000] {job.py:229} INFO - Heartbeat recovered after 16.85 seconds
[2024-09-11T17:01:06.747+0000] {job.py:229} INFO - Heartbeat recovered after 13.87 seconds
[2024-09-11T17:01:09.741+0000] {taskinstance.py:3131} INFO - Exporting env vars: AIRFLOW_CTX_DAG_OWNER='airflow' AIRFLOW_CTX_DAG_ID='dag_Null_Value_inAll_Tables' AIRFLOW_CTX_TASK_ID='run_anomaly_detection' AIRFLOW_CTX_EXECUTION_DATE='2024-09-11T16:45:00+00:00' AIRFLOW_CTX_TRY_NUMBER='1' AIRFLOW_CTX_DAG_RUN_ID='scheduled__2024-09-11T16:45:00+00:00'
[2024-09-11T17:01:10.018+0000] {taskinstance.py:731} INFO - ::endgroup::
[2024-09-11T17:01:17.733+0000] {job.py:229} INFO - Heartbeat recovered after 11.06 seconds
[2024-09-11T17:02:24.314+0000] {job.py:229} INFO - Heartbeat recovered after 66.66 seconds
[2024-09-11T17:02:40.375+0000] {job.py:229} INFO - Heartbeat recovered after 16.65 seconds
[2024-09-11T17:02:53.566+0000] {job.py:229} INFO - Heartbeat recovered after 13.80 seconds
[2024-09-11T17:03:05.656+0000] {job.py:229} INFO - Heartbeat recovered after 12.22 seconds
[2024-09-11T17:03:17.371+0000] {job.py:229} INFO - Heartbeat recovered after 11.76 seconds
[2024-09-11T17:03:20.181+0000] {python.py:240} INFO - Done. Returned value was: None
[2024-09-11T17:03:25.433+0000] {taskinstance.py:340} INFO - ::group::Post task execution logs
[2024-09-11T17:03:25.585+0000] {taskinstance.py:352} INFO - Marking task as SUCCESS. dag_id=dag_Null_Value_inAll_Tables, task_id=run_anomaly_detection, run_id=scheduled__2024-09-11T16:45:00+00:00, execution_date=20240911T164500, start_date=20240911T170043, end_date=20240911T170325
[2024-09-11T17:03:28.460+0000] {job.py:229} INFO - Heartbeat recovered after 11.31 seconds
[2024-09-11T17:03:29.852+0000] {local_task_job_runner.py:266} INFO - Task exited with return code 0
[2024-09-11T17:03:32.034+0000] {taskinstance.py:3900} INFO - 0 downstream tasks scheduled from follow-on schedule check
[2024-09-11T17:03:32.087+0000] {local_task_job_runner.py:245} INFO - ::endgroup::
[2024-09-11T17:03:34.247+0000] {standard_task_runner.py:217} INFO - Process not found (most likely exited), stop collecting metrics
