[2024-09-13T16:03:57.014+0000] {local_task_job_runner.py:123} INFO - ::group::Pre task execution logs
[2024-09-13T16:03:57.813+0000] {taskinstance.py:2612} INFO - Dependencies all met for dep_context=non-requeueable deps ti=<TaskInstance: welcome_dag.print_date scheduled__2024-09-13T16:00:08+00:00 [queued]>
[2024-09-13T16:03:57.936+0000] {taskinstance.py:2612} INFO - Dependencies all met for dep_context=requeueable deps ti=<TaskInstance: welcome_dag.print_date scheduled__2024-09-13T16:00:08+00:00 [queued]>
[2024-09-13T16:03:57.950+0000] {taskinstance.py:2865} INFO - Starting attempt 1 of 1
[2024-09-13T16:03:58.087+0000] {taskinstance.py:2888} INFO - Executing <Task(PythonOperator): print_date> on 2024-09-13 16:00:08+00:00
[2024-09-13T16:03:58.427+0000] {standard_task_runner.py:104} INFO - Running: ['airflow', 'tasks', 'run', 'welcome_dag', 'print_date', 'scheduled__2024-09-13T16:00:08+00:00', '--job-id', '2753', '--raw', '--subdir', 'DAGS_FOLDER/Awelcome_dags.py', '--cfg-path', '/tmp/tmpb75y5x7c']
[2024-09-13T16:03:58.444+0000] {standard_task_runner.py:105} INFO - Job 2753: Subtask print_date
[2024-09-13T16:03:58.553+0000] {logging_mixin.py:190} WARNING - /home/airflow/.local/lib/python3.12/site-packages/airflow/task/task_runner/standard_task_runner.py:70 DeprecationWarning: This process (pid=18932) is multi-threaded, use of fork() may lead to deadlocks in the child.
[2024-09-13T16:03:58.558+0000] {standard_task_runner.py:72} INFO - Started process 18947 to run task
[2024-09-13T16:04:01.139+0000] {task_command.py:467} INFO - Running <TaskInstance: welcome_dag.print_date scheduled__2024-09-13T16:00:08+00:00 [running]> on host 7403e816bcf5
[2024-09-13T16:04:03.187+0000] {taskinstance.py:3131} INFO - Exporting env vars: AIRFLOW_CTX_DAG_OWNER='airflow' AIRFLOW_CTX_DAG_ID='welcome_dag' AIRFLOW_CTX_TASK_ID='print_date' AIRFLOW_CTX_EXECUTION_DATE='2024-09-13T16:00:08+00:00' AIRFLOW_CTX_TRY_NUMBER='1' AIRFLOW_CTX_DAG_RUN_ID='scheduled__2024-09-13T16:00:08+00:00'
[2024-09-13T16:04:03.190+0000] {taskinstance.py:731} INFO - ::endgroup::
[2024-09-13T16:04:03.240+0000] {logging_mixin.py:190} INFO - Today is 2024-09-13
[2024-09-13T16:04:03.242+0000] {python.py:240} INFO - Done. Returned value was: None
[2024-09-13T16:04:03.887+0000] {taskinstance.py:340} INFO - ::group::Post task execution logs
[2024-09-13T16:04:03.890+0000] {taskinstance.py:352} INFO - Marking task as SUCCESS. dag_id=welcome_dag, task_id=print_date, run_id=scheduled__2024-09-13T16:00:08+00:00, execution_date=20240913T160008, start_date=20240913T160357, end_date=20240913T160403
[2024-09-13T16:04:04.499+0000] {job.py:229} INFO - Heartbeat recovered after 11.62 seconds
[2024-09-13T16:04:05.367+0000] {local_task_job_runner.py:266} INFO - Task exited with return code 0
[2024-09-13T16:04:06.242+0000] {taskinstance.py:3900} INFO - 0 downstream tasks scheduled from follow-on schedule check
[2024-09-13T16:04:06.258+0000] {local_task_job_runner.py:245} INFO - ::endgroup::
