[2024-09-11T19:45:08.733+0000] {local_task_job_runner.py:123} INFO - ::group::Pre task execution logs
[2024-09-11T19:45:09.814+0000] {taskinstance.py:2612} INFO - Dependencies all met for dep_context=non-requeueable deps ti=<TaskInstance: correction_Dag_1FN.correct_1nf_violations scheduled__2024-09-11T19:40:00+00:00 [queued]>
[2024-09-11T19:45:09.937+0000] {taskinstance.py:2612} INFO - Dependencies all met for dep_context=requeueable deps ti=<TaskInstance: correction_Dag_1FN.correct_1nf_violations scheduled__2024-09-11T19:40:00+00:00 [queued]>
[2024-09-11T19:45:09.947+0000] {taskinstance.py:2865} INFO - Starting attempt 1 of 2
[2024-09-11T19:45:10.252+0000] {taskinstance.py:2888} INFO - Executing <Task(PythonOperator): correct_1nf_violations> on 2024-09-11 19:40:00+00:00
[2024-09-11T19:45:10.804+0000] {standard_task_runner.py:104} INFO - Running: ['airflow', 'tasks', 'run', 'correction_Dag_1FN', 'correct_1nf_violations', 'scheduled__2024-09-11T19:40:00+00:00', '--job-id', '1506', '--raw', '--subdir', 'DAGS_FOLDER/Correction_dag_1FN.py', '--cfg-path', '/tmp/tmpfxf_bidf']
[2024-09-11T19:45:10.929+0000] {logging_mixin.py:190} WARNING - /home/airflow/.local/lib/python3.12/site-packages/airflow/task/task_runner/standard_task_runner.py:70 DeprecationWarning: This process (pid=30103) is multi-threaded, use of fork() may lead to deadlocks in the child.
[2024-09-11T19:45:10.930+0000] {standard_task_runner.py:72} INFO - Started process 30134 to run task
[2024-09-11T19:45:10.928+0000] {standard_task_runner.py:105} INFO - Job 1506: Subtask correct_1nf_violations
[2024-09-11T19:45:18.132+0000] {task_command.py:467} INFO - Running <TaskInstance: correction_Dag_1FN.correct_1nf_violations scheduled__2024-09-11T19:40:00+00:00 [running]> on host b8b5351e8a6b
[2024-09-11T19:45:21.492+0000] {job.py:229} INFO - Heartbeat recovered after 15.35 seconds
[2024-09-11T19:45:26.621+0000] {taskinstance.py:3131} INFO - Exporting env vars: AIRFLOW_CTX_DAG_OWNER='airflow' AIRFLOW_CTX_DAG_ID='correction_Dag_1FN' AIRFLOW_CTX_TASK_ID='correct_1nf_violations' AIRFLOW_CTX_EXECUTION_DATE='2024-09-11T19:40:00+00:00' AIRFLOW_CTX_TRY_NUMBER='1' AIRFLOW_CTX_DAG_RUN_ID='scheduled__2024-09-11T19:40:00+00:00'
[2024-09-11T19:45:26.634+0000] {taskinstance.py:731} INFO - ::endgroup::
[2024-09-11T19:45:30.621+0000] {logging_mixin.py:190} INFO - Erreur lors de la correction des anomalies : column "product_ids" does not exist
LINE 2:         SELECT customer_id, product_ids, order_date, total_a...
                                    ^
[2024-09-11T19:45:30.661+0000] {python.py:240} INFO - Done. Returned value was: None
[2024-09-11T19:45:32.765+0000] {job.py:229} INFO - Heartbeat recovered after 11.35 seconds
[2024-09-11T19:45:35.154+0000] {taskinstance.py:340} INFO - ::group::Post task execution logs
[2024-09-11T19:45:35.183+0000] {taskinstance.py:352} INFO - Marking task as SUCCESS. dag_id=correction_Dag_1FN, task_id=correct_1nf_violations, run_id=scheduled__2024-09-11T19:40:00+00:00, execution_date=20240911T194000, start_date=20240911T194509, end_date=20240911T194535
[2024-09-11T19:45:35.442+0000] {local_task_job_runner.py:266} INFO - Task exited with return code 0
[2024-09-11T19:45:36.405+0000] {standard_task_runner.py:217} INFO - Process not found (most likely exited), stop collecting metrics
[2024-09-11T19:45:37.098+0000] {local_task_job_runner.py:245} INFO - ::endgroup::
