[2024-09-22T14:40:13.713+0000] {local_task_job_runner.py:123} INFO - ::group::Pre task execution logs
[2024-09-22T14:40:14.791+0000] {taskinstance.py:2612} INFO - Dependencies all met for dep_context=non-requeueable deps ti=<TaskInstance: correction_Dag_1FN.correct_1nf_violations scheduled__2024-09-22T14:35:00+00:00 [queued]>
[2024-09-22T14:40:14.857+0000] {taskinstance.py:2612} INFO - Dependencies all met for dep_context=requeueable deps ti=<TaskInstance: correction_Dag_1FN.correct_1nf_violations scheduled__2024-09-22T14:35:00+00:00 [queued]>
[2024-09-22T14:40:14.859+0000] {taskinstance.py:2865} INFO - Starting attempt 1 of 2
[2024-09-22T14:40:14.997+0000] {taskinstance.py:2888} INFO - Executing <Task(PythonOperator): correct_1nf_violations> on 2024-09-22 14:35:00+00:00
[2024-09-22T14:40:15.107+0000] {logging_mixin.py:190} WARNING - /home/airflow/.local/lib/python3.12/site-packages/airflow/task/task_runner/standard_task_runner.py:70 DeprecationWarning: This process (pid=310) is multi-threaded, use of fork() may lead to deadlocks in the child.
[2024-09-22T14:40:15.076+0000] {standard_task_runner.py:104} INFO - Running: ['airflow', 'tasks', 'run', 'correction_Dag_1FN', 'correct_1nf_violations', 'scheduled__2024-09-22T14:35:00+00:00', '--job-id', '5009', '--raw', '--subdir', 'DAGS_FOLDER/Correction_dag_1FN.py', '--cfg-path', '/tmp/tmp6t4p4cfq']
[2024-09-22T14:40:15.115+0000] {standard_task_runner.py:72} INFO - Started process 341 to run task
[2024-09-22T14:40:15.116+0000] {standard_task_runner.py:105} INFO - Job 5009: Subtask correct_1nf_violations
[2024-09-22T14:40:19.155+0000] {task_command.py:467} INFO - Running <TaskInstance: correction_Dag_1FN.correct_1nf_violations scheduled__2024-09-22T14:35:00+00:00 [running]> on host 93b0c38322b3
[2024-09-22T14:40:21.505+0000] {job.py:229} INFO - Heartbeat recovered after 13.24 seconds
[2024-09-22T14:40:24.972+0000] {taskinstance.py:3131} INFO - Exporting env vars: AIRFLOW_CTX_DAG_OWNER='airflow' AIRFLOW_CTX_DAG_ID='correction_Dag_1FN' AIRFLOW_CTX_TASK_ID='correct_1nf_violations' AIRFLOW_CTX_EXECUTION_DATE='2024-09-22T14:35:00+00:00' AIRFLOW_CTX_TRY_NUMBER='1' AIRFLOW_CTX_DAG_RUN_ID='scheduled__2024-09-22T14:35:00+00:00'
[2024-09-22T14:40:24.979+0000] {taskinstance.py:731} INFO - ::endgroup::
[2024-09-22T14:40:25.831+0000] {logging_mixin.py:190} INFO - Table Orders mise à jour avec succès, violations 1FN corrigées.
[2024-09-22T14:40:25.837+0000] {python.py:240} INFO - Done. Returned value was: None
[2024-09-22T14:40:26.448+0000] {taskinstance.py:340} INFO - ::group::Post task execution logs
[2024-09-22T14:40:26.454+0000] {taskinstance.py:352} INFO - Marking task as SUCCESS. dag_id=correction_Dag_1FN, task_id=correct_1nf_violations, run_id=scheduled__2024-09-22T14:35:00+00:00, execution_date=20240922T143500, start_date=20240922T144014, end_date=20240922T144026
[2024-09-22T14:40:26.641+0000] {local_task_job_runner.py:266} INFO - Task exited with return code 0
[2024-09-22T14:40:27.427+0000] {taskinstance.py:3900} INFO - 0 downstream tasks scheduled from follow-on schedule check
[2024-09-22T14:40:27.437+0000] {local_task_job_runner.py:245} INFO - ::endgroup::
