[2024-09-11T16:30:24.599+0000] {local_task_job_runner.py:123} INFO - ::group::Pre task execution logs
[2024-09-11T16:30:27.425+0000] {taskinstance.py:2612} INFO - Dependencies all met for dep_context=non-requeueable deps ti=<TaskInstance: Dag_detect_invalid_customer_ids.run_anomaly_detection scheduled__2024-09-11T16:15:00+00:00 [queued]>
[2024-09-11T16:30:27.527+0000] {taskinstance.py:2612} INFO - Dependencies all met for dep_context=requeueable deps ti=<TaskInstance: Dag_detect_invalid_customer_ids.run_anomaly_detection scheduled__2024-09-11T16:15:00+00:00 [queued]>
[2024-09-11T16:30:27.532+0000] {taskinstance.py:2865} INFO - Starting attempt 1 of 2
[2024-09-11T16:30:27.806+0000] {taskinstance.py:2888} INFO - Executing <Task(PythonOperator): run_anomaly_detection> on 2024-09-11 16:15:00+00:00
[2024-09-11T16:30:28.744+0000] {logging_mixin.py:190} WARNING - /home/airflow/.local/lib/python3.12/site-packages/airflow/task/task_runner/standard_task_runner.py:70 DeprecationWarning: This process (pid=7455) is multi-threaded, use of fork() may lead to deadlocks in the child.
[2024-09-11T16:30:28.752+0000] {standard_task_runner.py:72} INFO - Started process 7514 to run task
[2024-09-11T16:30:28.696+0000] {standard_task_runner.py:104} INFO - Running: ['airflow', 'tasks', 'run', 'Dag_detect_invalid_customer_ids', 'run_anomaly_detection', 'scheduled__2024-09-11T16:15:00+00:00', '--job-id', '1074', '--raw', '--subdir', 'DAGS_FOLDER/dag_detect_invalid_customer_ids.py', '--cfg-path', '/tmp/tmps5nwcwqx']
[2024-09-11T16:30:28.788+0000] {standard_task_runner.py:105} INFO - Job 1074: Subtask run_anomaly_detection
[2024-09-11T16:30:37.310+0000] {job.py:229} INFO - Heartbeat recovered after 17.00 seconds
[2024-09-11T16:30:40.559+0000] {task_command.py:467} INFO - Running <TaskInstance: Dag_detect_invalid_customer_ids.run_anomaly_detection scheduled__2024-09-11T16:15:00+00:00 [running]> on host b8b5351e8a6b
[2024-09-11T16:30:47.872+0000] {taskinstance.py:3131} INFO - Exporting env vars: AIRFLOW_CTX_DAG_OWNER='airflow' AIRFLOW_CTX_DAG_ID='Dag_detect_invalid_customer_ids' AIRFLOW_CTX_TASK_ID='run_anomaly_detection' AIRFLOW_CTX_EXECUTION_DATE='2024-09-11T16:15:00+00:00' AIRFLOW_CTX_TRY_NUMBER='1' AIRFLOW_CTX_DAG_RUN_ID='scheduled__2024-09-11T16:15:00+00:00'
[2024-09-11T16:30:47.895+0000] {taskinstance.py:731} INFO - ::endgroup::
[2024-09-11T16:30:48.074+0000] {dag_detect_invalid_customer_ids.py:101} INFO - Starting anomaly detection process
[2024-09-11T16:30:50.179+0000] {dag_detect_invalid_customer_ids.py:105} INFO - Loaded 15 transactions
[2024-09-11T16:30:50.259+0000] {dag_detect_invalid_customer_ids.py:108} INFO - Detected 1 anomalies
[2024-09-11T16:30:50.318+0000] {dag_detect_invalid_customer_ids.py:94} INFO - Inserted 1 new anomalies.
[2024-09-11T16:30:50.320+0000] {dag_detect_invalid_customer_ids.py:111} INFO - Anomaly detection process completed successfully
[2024-09-11T16:30:50.325+0000] {python.py:240} INFO - Done. Returned value was: None
[2024-09-11T16:30:50.677+0000] {taskinstance.py:340} INFO - ::group::Post task execution logs
[2024-09-11T16:30:50.680+0000] {taskinstance.py:352} INFO - Marking task as SUCCESS. dag_id=Dag_detect_invalid_customer_ids, task_id=run_anomaly_detection, run_id=scheduled__2024-09-11T16:15:00+00:00, execution_date=20240911T161500, start_date=20240911T163027, end_date=20240911T163050
[2024-09-11T16:30:50.828+0000] {local_task_job_runner.py:266} INFO - Task exited with return code 0
[2024-09-11T16:30:52.138+0000] {local_task_job_runner.py:245} INFO - ::endgroup::
[2024-09-11T16:30:53.917+0000] {standard_task_runner.py:217} INFO - Process not found (most likely exited), stop collecting metrics
