[2024-09-10T21:05:39.681+0000] {local_task_job_runner.py:123} INFO - ::group::Pre task execution logs
[2024-09-10T21:05:39.897+0000] {taskinstance.py:2612} INFO - Dependencies all met for dep_context=non-requeueable deps ti=<TaskInstance: dag_detect_excessively_high_total_amount.run_anomaly_detection scheduled__2024-09-10T20:45:00+00:00 [queued]>
[2024-09-10T21:05:39.922+0000] {taskinstance.py:2612} INFO - Dependencies all met for dep_context=requeueable deps ti=<TaskInstance: dag_detect_excessively_high_total_amount.run_anomaly_detection scheduled__2024-09-10T20:45:00+00:00 [queued]>
[2024-09-10T21:05:39.923+0000] {taskinstance.py:2865} INFO - Starting attempt 2 of 2
[2024-09-10T21:05:39.960+0000] {taskinstance.py:2888} INFO - Executing <Task(PythonOperator): run_anomaly_detection> on 2024-09-10 20:45:00+00:00
[2024-09-10T21:05:39.992+0000] {logging_mixin.py:190} WARNING - /home/airflow/.local/lib/python3.12/site-packages/airflow/task/task_runner/standard_task_runner.py:70 DeprecationWarning: This process (pid=5224) is multi-threaded, use of fork() may lead to deadlocks in the child.
[2024-09-10T21:05:39.991+0000] {standard_task_runner.py:104} INFO - Running: ['airflow', 'tasks', 'run', 'dag_detect_excessively_high_total_amount', 'run_anomaly_detection', 'scheduled__2024-09-10T20:45:00+00:00', '--job-id', '3446', '--raw', '--subdir', 'DAGS_FOLDER/dag_detect_excessively_high_total_amount.py', '--cfg-path', '/tmp/tmprmwd9mpk']
[2024-09-10T21:05:39.996+0000] {standard_task_runner.py:72} INFO - Started process 5233 to run task
[2024-09-10T21:05:39.997+0000] {standard_task_runner.py:105} INFO - Job 3446: Subtask run_anomaly_detection
[2024-09-10T21:05:40.577+0000] {task_command.py:467} INFO - Running <TaskInstance: dag_detect_excessively_high_total_amount.run_anomaly_detection scheduled__2024-09-10T20:45:00+00:00 [running]> on host f0946a6cef1f
[2024-09-10T21:05:41.266+0000] {taskinstance.py:3131} INFO - Exporting env vars: AIRFLOW_CTX_DAG_OWNER='airflow' AIRFLOW_CTX_DAG_ID='dag_detect_excessively_high_total_amount' AIRFLOW_CTX_TASK_ID='run_anomaly_detection' AIRFLOW_CTX_EXECUTION_DATE='2024-09-10T20:45:00+00:00' AIRFLOW_CTX_TRY_NUMBER='2' AIRFLOW_CTX_DAG_RUN_ID='scheduled__2024-09-10T20:45:00+00:00'
[2024-09-10T21:05:41.269+0000] {taskinstance.py:731} INFO - ::endgroup::
[2024-09-10T21:05:41.296+0000] {dag_detect_excessively_high_total_amount.py:118} INFO - Starting anomaly detection process
[2024-09-10T21:05:42.278+0000] {dag_detect_excessively_high_total_amount.py:124} INFO - Loaded 15 transactions and 54 products
[2024-09-10T21:05:42.349+0000] {dag_detect_excessively_high_total_amount.py:127} INFO - Detected 0 anomalies
[2024-09-10T21:05:42.804+0000] {dag_detect_excessively_high_total_amount.py:111} INFO - Inserted 0 new anomalies.
[2024-09-10T21:05:42.805+0000] {dag_detect_excessively_high_total_amount.py:130} INFO - Anomaly detection process completed successfully
[2024-09-10T21:05:42.806+0000] {python.py:240} INFO - Done. Returned value was: None
[2024-09-10T21:05:43.003+0000] {taskinstance.py:340} INFO - ::group::Post task execution logs
[2024-09-10T21:05:43.004+0000] {taskinstance.py:352} INFO - Marking task as SUCCESS. dag_id=dag_detect_excessively_high_total_amount, task_id=run_anomaly_detection, run_id=scheduled__2024-09-10T20:45:00+00:00, execution_date=20240910T204500, start_date=20240910T210539, end_date=20240910T210543
[2024-09-10T21:05:43.076+0000] {local_task_job_runner.py:266} INFO - Task exited with return code 0
[2024-09-10T21:05:43.298+0000] {taskinstance.py:3900} INFO - 0 downstream tasks scheduled from follow-on schedule check
[2024-09-10T21:05:43.303+0000] {local_task_job_runner.py:245} INFO - ::endgroup::
