[2024-09-11T15:01:25.507+0000] {local_task_job_runner.py:123} INFO - ::group::Pre task execution logs
[2024-09-11T15:01:26.293+0000] {taskinstance.py:2612} INFO - Dependencies all met for dep_context=non-requeueable deps ti=<TaskInstance: welcome_dag.print_date scheduled__2024-09-11T15:00:09+00:00 [queued]>
[2024-09-11T15:01:26.350+0000] {taskinstance.py:2612} INFO - Dependencies all met for dep_context=requeueable deps ti=<TaskInstance: welcome_dag.print_date scheduled__2024-09-11T15:00:09+00:00 [queued]>
[2024-09-11T15:01:26.359+0000] {taskinstance.py:2865} INFO - Starting attempt 1 of 1
[2024-09-11T15:01:26.570+0000] {taskinstance.py:2888} INFO - Executing <Task(PythonOperator): print_date> on 2024-09-11 15:00:09+00:00
[2024-09-11T15:01:26.636+0000] {standard_task_runner.py:104} INFO - Running: ['airflow', 'tasks', 'run', 'welcome_dag', 'print_date', 'scheduled__2024-09-11T15:00:09+00:00', '--job-id', '854', '--raw', '--subdir', 'DAGS_FOLDER/Awelcome_dags.py', '--cfg-path', '/tmp/tmpij2iqdhn']
[2024-09-11T15:01:26.644+0000] {standard_task_runner.py:105} INFO - Job 854: Subtask print_date
[2024-09-11T15:01:26.668+0000] {logging_mixin.py:190} WARNING - /home/airflow/.local/lib/python3.12/site-packages/airflow/task/task_runner/standard_task_runner.py:70 DeprecationWarning: This process (pid=17125) is multi-threaded, use of fork() may lead to deadlocks in the child.
[2024-09-11T15:01:26.671+0000] {standard_task_runner.py:72} INFO - Started process 17165 to run task
[2024-09-11T15:01:29.303+0000] {task_command.py:467} INFO - Running <TaskInstance: welcome_dag.print_date scheduled__2024-09-11T15:00:09+00:00 [running]> on host 180117ed1726
[2024-09-11T15:01:34.140+0000] {job.py:229} INFO - Heartbeat recovered after 11.60 seconds
[2024-09-11T15:01:35.084+0000] {taskinstance.py:3131} INFO - Exporting env vars: AIRFLOW_CTX_DAG_OWNER='airflow' AIRFLOW_CTX_DAG_ID='welcome_dag' AIRFLOW_CTX_TASK_ID='print_date' AIRFLOW_CTX_EXECUTION_DATE='2024-09-11T15:00:09+00:00' AIRFLOW_CTX_TRY_NUMBER='1' AIRFLOW_CTX_DAG_RUN_ID='scheduled__2024-09-11T15:00:09+00:00'
[2024-09-11T15:01:35.095+0000] {taskinstance.py:731} INFO - ::endgroup::
[2024-09-11T15:01:35.143+0000] {logging_mixin.py:190} INFO - Today is 2024-09-11
[2024-09-11T15:01:35.148+0000] {python.py:240} INFO - Done. Returned value was: None
[2024-09-11T15:01:36.662+0000] {taskinstance.py:340} INFO - ::group::Post task execution logs
[2024-09-11T15:01:36.665+0000] {taskinstance.py:352} INFO - Marking task as SUCCESS. dag_id=welcome_dag, task_id=print_date, run_id=scheduled__2024-09-11T15:00:09+00:00, execution_date=20240911T150009, start_date=20240911T150126, end_date=20240911T150136
[2024-09-11T15:01:36.815+0000] {local_task_job_runner.py:266} INFO - Task exited with return code 0
[2024-09-11T15:01:37.572+0000] {taskinstance.py:3900} INFO - 0 downstream tasks scheduled from follow-on schedule check
[2024-09-11T15:01:37.584+0000] {local_task_job_runner.py:245} INFO - ::endgroup::
