[2024-09-10T19:00:13.772+0000] {local_task_job_runner.py:123} INFO - ::group::Pre task execution logs
[2024-09-10T19:00:15.450+0000] {taskinstance.py:2612} INFO - Dependencies all met for dep_context=non-requeueable deps ti=<TaskInstance: Dag_detect_invalid_customer_ids.run_anomaly_detection scheduled__2024-09-10T18:45:00+00:00 [queued]>
[2024-09-10T19:00:15.535+0000] {taskinstance.py:2612} INFO - Dependencies all met for dep_context=requeueable deps ti=<TaskInstance: Dag_detect_invalid_customer_ids.run_anomaly_detection scheduled__2024-09-10T18:45:00+00:00 [queued]>
[2024-09-10T19:00:15.537+0000] {taskinstance.py:2865} INFO - Starting attempt 1 of 2
[2024-09-10T19:00:15.714+0000] {taskinstance.py:2888} INFO - Executing <Task(PythonOperator): run_anomaly_detection> on 2024-09-10 18:45:00+00:00
[2024-09-10T19:00:15.806+0000] {logging_mixin.py:190} WARNING - /home/airflow/.local/lib/python3.12/site-packages/airflow/task/task_runner/standard_task_runner.py:70 DeprecationWarning: This process (pid=9248) is multi-threaded, use of fork() may lead to deadlocks in the child.
[2024-09-10T19:00:15.828+0000] {standard_task_runner.py:72} INFO - Started process 9316 to run task
[2024-09-10T19:00:15.874+0000] {standard_task_runner.py:104} INFO - Running: ['airflow', 'tasks', 'run', 'Dag_detect_invalid_customer_ids', 'run_anomaly_detection', 'scheduled__2024-09-10T18:45:00+00:00', '--job-id', '3210', '--raw', '--subdir', 'DAGS_FOLDER/dag_detect_invalid_customer_ids.py', '--cfg-path', '/tmp/tmp4wthw746']
[2024-09-10T19:00:15.945+0000] {standard_task_runner.py:105} INFO - Job 3210: Subtask run_anomaly_detection
[2024-09-10T19:00:23.785+0000] {job.py:229} INFO - Heartbeat recovered after 15.29 seconds
[2024-09-10T19:00:24.338+0000] {task_command.py:467} INFO - Running <TaskInstance: Dag_detect_invalid_customer_ids.run_anomaly_detection scheduled__2024-09-10T18:45:00+00:00 [running]> on host 5f241b76205c
[2024-09-10T19:00:31.990+0000] {taskinstance.py:3131} INFO - Exporting env vars: AIRFLOW_CTX_DAG_OWNER='airflow' AIRFLOW_CTX_DAG_ID='Dag_detect_invalid_customer_ids' AIRFLOW_CTX_TASK_ID='run_anomaly_detection' AIRFLOW_CTX_EXECUTION_DATE='2024-09-10T18:45:00+00:00' AIRFLOW_CTX_TRY_NUMBER='1' AIRFLOW_CTX_DAG_RUN_ID='scheduled__2024-09-10T18:45:00+00:00'
[2024-09-10T19:00:32.000+0000] {taskinstance.py:731} INFO - ::endgroup::
[2024-09-10T19:00:32.078+0000] {dag_detect_invalid_customer_ids.py:101} INFO - Starting anomaly detection process
[2024-09-10T19:00:34.696+0000] {dag_detect_invalid_customer_ids.py:105} INFO - Loaded 15 transactions
[2024-09-10T19:00:34.765+0000] {dag_detect_invalid_customer_ids.py:108} INFO - Detected 1 anomalies
[2024-09-10T19:01:05.625+0000] {dag_detect_invalid_customer_ids.py:94} INFO - Inserted 1 new anomalies.
[2024-09-10T19:01:05.631+0000] {dag_detect_invalid_customer_ids.py:111} INFO - Anomaly detection process completed successfully
[2024-09-10T19:01:05.644+0000] {python.py:240} INFO - Done. Returned value was: None
[2024-09-10T19:01:06.421+0000] {taskinstance.py:340} INFO - ::group::Post task execution logs
[2024-09-10T19:01:06.430+0000] {taskinstance.py:352} INFO - Marking task as SUCCESS. dag_id=Dag_detect_invalid_customer_ids, task_id=run_anomaly_detection, run_id=scheduled__2024-09-10T18:45:00+00:00, execution_date=20240910T184500, start_date=20240910T190015, end_date=20240910T190106
[2024-09-10T19:01:06.637+0000] {local_task_job_runner.py:266} INFO - Task exited with return code 0
[2024-09-10T19:01:07.263+0000] {taskinstance.py:3900} INFO - 0 downstream tasks scheduled from follow-on schedule check
[2024-09-10T19:01:07.273+0000] {local_task_job_runner.py:245} INFO - ::endgroup::
