[2024-09-14T22:36:03.685+0000] {local_task_job_runner.py:123} INFO - ::group::Pre task execution logs
[2024-09-14T22:36:05.430+0000] {taskinstance.py:2612} INFO - Dependencies all met for dep_context=non-requeueable deps ti=<TaskInstance: dag_detect_excessively_high_total_amount.run_anomaly_detection scheduled__2024-09-14T22:15:00+00:00 [queued]>
[2024-09-14T22:36:05.489+0000] {taskinstance.py:2612} INFO - Dependencies all met for dep_context=requeueable deps ti=<TaskInstance: dag_detect_excessively_high_total_amount.run_anomaly_detection scheduled__2024-09-14T22:15:00+00:00 [queued]>
[2024-09-14T22:36:05.503+0000] {taskinstance.py:2865} INFO - Starting attempt 2 of 2
[2024-09-14T22:36:05.716+0000] {taskinstance.py:2888} INFO - Executing <Task(PythonOperator): run_anomaly_detection> on 2024-09-14 22:15:00+00:00
[2024-09-14T22:36:05.799+0000] {logging_mixin.py:190} WARNING - /home/airflow/.local/lib/python3.12/site-packages/airflow/task/task_runner/standard_task_runner.py:70 DeprecationWarning: This process (pid=16118) is multi-threaded, use of fork() may lead to deadlocks in the child.
[2024-09-14T22:36:05.834+0000] {standard_task_runner.py:72} INFO - Started process 16142 to run task
[2024-09-14T22:36:05.843+0000] {standard_task_runner.py:104} INFO - Running: ['airflow', 'tasks', 'run', 'dag_detect_excessively_high_total_amount', 'run_anomaly_detection', 'scheduled__2024-09-14T22:15:00+00:00', '--job-id', '4894', '--raw', '--subdir', 'DAGS_FOLDER/dag_detect_excessively_high_total_amount.py', '--cfg-path', '/tmp/tmp7glfdrpr']
[2024-09-14T22:36:05.869+0000] {standard_task_runner.py:105} INFO - Job 4894: Subtask run_anomaly_detection
[2024-09-14T22:36:11.496+0000] {task_command.py:467} INFO - Running <TaskInstance: dag_detect_excessively_high_total_amount.run_anomaly_detection scheduled__2024-09-14T22:15:00+00:00 [running]> on host 7403e816bcf5
[2024-09-14T22:36:11.846+0000] {job.py:229} INFO - Heartbeat recovered after 11.89 seconds
[2024-09-14T22:36:16.860+0000] {taskinstance.py:3131} INFO - Exporting env vars: AIRFLOW_CTX_DAG_OWNER='airflow' AIRFLOW_CTX_DAG_ID='dag_detect_excessively_high_total_amount' AIRFLOW_CTX_TASK_ID='run_anomaly_detection' AIRFLOW_CTX_EXECUTION_DATE='2024-09-14T22:15:00+00:00' AIRFLOW_CTX_TRY_NUMBER='2' AIRFLOW_CTX_DAG_RUN_ID='scheduled__2024-09-14T22:15:00+00:00'
[2024-09-14T22:36:16.875+0000] {taskinstance.py:731} INFO - ::endgroup::
[2024-09-14T22:36:17.272+0000] {dag_detect_excessively_high_total_amount.py:118} INFO - Starting anomaly detection process
[2024-09-14T22:36:25.642+0000] {dag_detect_excessively_high_total_amount.py:124} INFO - Loaded 18 transactions and 4 products
[2024-09-14T22:36:27.211+0000] {dag_detect_excessively_high_total_amount.py:127} INFO - Detected 0 anomalies
[2024-09-14T22:36:30.978+0000] {job.py:229} INFO - Heartbeat recovered after 11.99 seconds
[2024-09-14T22:36:33.021+0000] {dag_detect_excessively_high_total_amount.py:111} INFO - Inserted 0 new anomalies.
[2024-09-14T22:36:33.024+0000] {dag_detect_excessively_high_total_amount.py:130} INFO - Anomaly detection process completed successfully
[2024-09-14T22:36:33.102+0000] {python.py:240} INFO - Done. Returned value was: None
[2024-09-14T22:36:40.712+0000] {taskinstance.py:340} INFO - ::group::Post task execution logs
[2024-09-14T22:36:40.802+0000] {taskinstance.py:352} INFO - Marking task as SUCCESS. dag_id=dag_detect_excessively_high_total_amount, task_id=run_anomaly_detection, run_id=scheduled__2024-09-14T22:15:00+00:00, execution_date=20240914T221500, start_date=20240914T223605, end_date=20240914T223640
[2024-09-14T22:36:41.443+0000] {job.py:229} INFO - Heartbeat recovered after 10.52 seconds
[2024-09-14T22:36:47.984+0000] {local_task_job_runner.py:266} INFO - Task exited with return code 0
[2024-09-14T22:36:49.720+0000] {local_task_job_runner.py:245} INFO - ::endgroup::
[2024-09-14T22:36:50.907+0000] {standard_task_runner.py:217} INFO - Process not found (most likely exited), stop collecting metrics
