[2024-09-11T17:25:11.876+0000] {local_task_job_runner.py:123} INFO - ::group::Pre task execution logs
[2024-09-11T17:25:13.655+0000] {taskinstance.py:2612} INFO - Dependencies all met for dep_context=non-requeueable deps ti=<TaskInstance: correction_Dag_Negative_Value.correct_negative_values scheduled__2024-09-11T17:20:00+00:00 [queued]>
[2024-09-11T17:25:13.874+0000] {taskinstance.py:2612} INFO - Dependencies all met for dep_context=requeueable deps ti=<TaskInstance: correction_Dag_Negative_Value.correct_negative_values scheduled__2024-09-11T17:20:00+00:00 [queued]>
[2024-09-11T17:25:13.893+0000] {taskinstance.py:2865} INFO - Starting attempt 1 of 2
[2024-09-11T17:25:14.824+0000] {taskinstance.py:2888} INFO - Executing <Task(PythonOperator): correct_negative_values> on 2024-09-11 17:20:00+00:00
[2024-09-11T17:25:15.444+0000] {standard_task_runner.py:104} INFO - Running: ['airflow', 'tasks', 'run', 'correction_Dag_Negative_Value', 'correct_negative_values', 'scheduled__2024-09-11T17:20:00+00:00', '--job-id', '1212', '--raw', '--subdir', 'DAGS_FOLDER/Correction_dag_Negative_Value.py', '--cfg-path', '/tmp/tmpfu7wockc']
[2024-09-11T17:25:16.138+0000] {standard_task_runner.py:105} INFO - Job 1212: Subtask correct_negative_values
[2024-09-11T17:25:16.449+0000] {logging_mixin.py:190} WARNING - /home/airflow/.local/lib/python3.12/site-packages/airflow/task/task_runner/standard_task_runner.py:70 DeprecationWarning: This process (pid=14592) is multi-threaded, use of fork() may lead to deadlocks in the child.
[2024-09-11T17:25:16.460+0000] {standard_task_runner.py:72} INFO - Started process 14611 to run task
[2024-09-11T17:25:25.101+0000] {job.py:229} INFO - Heartbeat recovered after 18.87 seconds
[2024-09-11T17:25:26.740+0000] {task_command.py:467} INFO - Running <TaskInstance: correction_Dag_Negative_Value.correct_negative_values scheduled__2024-09-11T17:20:00+00:00 [running]> on host b8b5351e8a6b
[2024-09-11T17:25:43.319+0000] {job.py:229} INFO - Heartbeat recovered after 18.27 seconds
[2024-09-11T17:25:48.144+0000] {taskinstance.py:3131} INFO - Exporting env vars: AIRFLOW_CTX_DAG_OWNER='airflow' AIRFLOW_CTX_DAG_ID='correction_Dag_Negative_Value' AIRFLOW_CTX_TASK_ID='correct_negative_values' AIRFLOW_CTX_EXECUTION_DATE='2024-09-11T17:20:00+00:00' AIRFLOW_CTX_TRY_NUMBER='1' AIRFLOW_CTX_DAG_RUN_ID='scheduled__2024-09-11T17:20:00+00:00'
[2024-09-11T17:25:48.287+0000] {taskinstance.py:731} INFO - ::endgroup::
[2024-09-11T17:25:56.971+0000] {logging_mixin.py:190} INFO - Anomalies corrigées avec succès.
[2024-09-11T17:25:57.025+0000] {python.py:240} INFO - Done. Returned value was: None
[2024-09-11T17:25:58.184+0000] {job.py:229} INFO - Heartbeat recovered after 16.16 seconds
[2024-09-11T17:25:59.939+0000] {taskinstance.py:340} INFO - ::group::Post task execution logs
[2024-09-11T17:25:59.946+0000] {taskinstance.py:352} INFO - Marking task as SUCCESS. dag_id=correction_Dag_Negative_Value, task_id=correct_negative_values, run_id=scheduled__2024-09-11T17:20:00+00:00, execution_date=20240911T172000, start_date=20240911T172513, end_date=20240911T172559
[2024-09-11T17:26:01.208+0000] {local_task_job_runner.py:266} INFO - Task exited with return code 0
[2024-09-11T17:26:03.245+0000] {standard_task_runner.py:217} INFO - Process not found (most likely exited), stop collecting metrics
[2024-09-11T17:26:13.689+0000] {taskinstance.py:3900} INFO - 0 downstream tasks scheduled from follow-on schedule check
[2024-09-11T17:26:13.801+0000] {local_task_job_runner.py:245} INFO - ::endgroup::
