[2024-09-11T18:01:14.044+0000] {local_task_job_runner.py:123} INFO - ::group::Pre task execution logs
[2024-09-11T18:01:15.696+0000] {taskinstance.py:2612} INFO - Dependencies all met for dep_context=non-requeueable deps ti=<TaskInstance: welcome_dag.print_date scheduled__2024-09-11T18:00:02+00:00 [queued]>
[2024-09-11T18:01:15.831+0000] {taskinstance.py:2612} INFO - Dependencies all met for dep_context=requeueable deps ti=<TaskInstance: welcome_dag.print_date scheduled__2024-09-11T18:00:02+00:00 [queued]>
[2024-09-11T18:01:15.835+0000] {taskinstance.py:2865} INFO - Starting attempt 1 of 1
[2024-09-11T18:01:16.135+0000] {taskinstance.py:2888} INFO - Executing <Task(PythonOperator): print_date> on 2024-09-11 18:00:02+00:00
[2024-09-11T18:01:16.183+0000] {standard_task_runner.py:104} INFO - Running: ['airflow', 'tasks', 'run', 'welcome_dag', 'print_date', 'scheduled__2024-09-11T18:00:02+00:00', '--job-id', '1319', '--raw', '--subdir', 'DAGS_FOLDER/Awelcome_dags.py', '--cfg-path', '/tmp/tmpamefnmf0']
[2024-09-11T18:01:16.206+0000] {standard_task_runner.py:105} INFO - Job 1319: Subtask print_date
[2024-09-11T18:01:16.264+0000] {logging_mixin.py:190} WARNING - /home/airflow/.local/lib/python3.12/site-packages/airflow/task/task_runner/standard_task_runner.py:70 DeprecationWarning: This process (pid=20087) is multi-threaded, use of fork() may lead to deadlocks in the child.
[2024-09-11T18:01:16.266+0000] {standard_task_runner.py:72} INFO - Started process 20122 to run task
[2024-09-11T18:01:20.296+0000] {task_command.py:467} INFO - Running <TaskInstance: welcome_dag.print_date scheduled__2024-09-11T18:00:02+00:00 [running]> on host b8b5351e8a6b
[2024-09-11T18:01:22.201+0000] {job.py:229} INFO - Heartbeat recovered after 13.22 seconds
[2024-09-11T18:01:23.379+0000] {taskinstance.py:3131} INFO - Exporting env vars: AIRFLOW_CTX_DAG_OWNER='airflow' AIRFLOW_CTX_DAG_ID='welcome_dag' AIRFLOW_CTX_TASK_ID='print_date' AIRFLOW_CTX_EXECUTION_DATE='2024-09-11T18:00:02+00:00' AIRFLOW_CTX_TRY_NUMBER='1' AIRFLOW_CTX_DAG_RUN_ID='scheduled__2024-09-11T18:00:02+00:00'
[2024-09-11T18:01:23.384+0000] {taskinstance.py:731} INFO - ::endgroup::
[2024-09-11T18:01:23.443+0000] {logging_mixin.py:190} INFO - Today is 2024-09-11
[2024-09-11T18:01:23.444+0000] {python.py:240} INFO - Done. Returned value was: None
[2024-09-11T18:01:24.150+0000] {taskinstance.py:340} INFO - ::group::Post task execution logs
[2024-09-11T18:01:24.155+0000] {taskinstance.py:352} INFO - Marking task as SUCCESS. dag_id=welcome_dag, task_id=print_date, run_id=scheduled__2024-09-11T18:00:02+00:00, execution_date=20240911T180002, start_date=20240911T180115, end_date=20240911T180124
[2024-09-11T18:01:24.346+0000] {local_task_job_runner.py:266} INFO - Task exited with return code 0
[2024-09-11T18:01:25.498+0000] {taskinstance.py:3900} INFO - 0 downstream tasks scheduled from follow-on schedule check
[2024-09-11T18:01:25.513+0000] {local_task_job_runner.py:245} INFO - ::endgroup::
[2024-09-11T18:01:26.281+0000] {standard_task_runner.py:217} INFO - Process not found (most likely exited), stop collecting metrics
