[2024-10-12T21:02:09.380+0000] {local_task_job_runner.py:123} INFO - ::group::Pre task execution logs
[2024-10-12T21:02:10.594+0000] {taskinstance.py:2612} INFO - Dependencies all met for dep_context=non-requeueable deps ti=<TaskInstance: welcome_dag.print_date scheduled__2024-10-12T21:00:00+00:00 [queued]>
[2024-10-12T21:02:10.678+0000] {taskinstance.py:2612} INFO - Dependencies all met for dep_context=requeueable deps ti=<TaskInstance: welcome_dag.print_date scheduled__2024-10-12T21:00:00+00:00 [queued]>
[2024-10-12T21:02:10.680+0000] {taskinstance.py:2865} INFO - Starting attempt 1 of 1
[2024-10-12T21:02:11.213+0000] {taskinstance.py:2888} INFO - Executing <Task(PythonOperator): print_date> on 2024-10-12 21:00:00+00:00
[2024-10-12T21:02:11.278+0000] {standard_task_runner.py:104} INFO - Running: ['airflow', 'tasks', 'run', 'welcome_dag', 'print_date', 'scheduled__2024-10-12T21:00:00+00:00', '--job-id', '5961', '--raw', '--subdir', 'DAGS_FOLDER/Awelcome_dags.py', '--cfg-path', '/tmp/tmp1_c9riez']
[2024-10-12T21:02:11.294+0000] {standard_task_runner.py:105} INFO - Job 5961: Subtask print_date
[2024-10-12T21:02:11.384+0000] {logging_mixin.py:190} WARNING - /home/airflow/.local/lib/python3.12/site-packages/airflow/task/task_runner/standard_task_runner.py:70 DeprecationWarning: This process (pid=3254) is multi-threaded, use of fork() may lead to deadlocks in the child.
[2024-10-12T21:02:11.388+0000] {standard_task_runner.py:72} INFO - Started process 3286 to run task
[2024-10-12T21:02:15.890+0000] {task_command.py:467} INFO - Running <TaskInstance: welcome_dag.print_date scheduled__2024-10-12T21:00:00+00:00 [running]> on host 20dad67a3f18
[2024-10-12T21:02:17.343+0000] {job.py:229} INFO - Heartbeat recovered after 15.24 seconds
[2024-10-12T21:02:18.548+0000] {taskinstance.py:3131} INFO - Exporting env vars: AIRFLOW_CTX_DAG_OWNER='airflow' AIRFLOW_CTX_DAG_ID='welcome_dag' AIRFLOW_CTX_TASK_ID='print_date' AIRFLOW_CTX_EXECUTION_DATE='2024-10-12T21:00:00+00:00' AIRFLOW_CTX_TRY_NUMBER='1' AIRFLOW_CTX_DAG_RUN_ID='scheduled__2024-10-12T21:00:00+00:00'
[2024-10-12T21:02:18.568+0000] {taskinstance.py:731} INFO - ::endgroup::
[2024-10-12T21:02:18.648+0000] {logging_mixin.py:190} INFO - Today is 2024-10-12
[2024-10-12T21:02:18.682+0000] {python.py:240} INFO - Done. Returned value was: None
[2024-10-12T21:02:19.592+0000] {taskinstance.py:340} INFO - ::group::Post task execution logs
[2024-10-12T21:02:19.595+0000] {taskinstance.py:352} INFO - Marking task as SUCCESS. dag_id=welcome_dag, task_id=print_date, run_id=scheduled__2024-10-12T21:00:00+00:00, execution_date=20241012T210000, start_date=20241012T210210, end_date=20241012T210219
[2024-10-12T21:02:19.705+0000] {local_task_job_runner.py:266} INFO - Task exited with return code 0
[2024-10-12T21:02:20.430+0000] {taskinstance.py:3900} INFO - 0 downstream tasks scheduled from follow-on schedule check
[2024-10-12T21:02:20.454+0000] {local_task_job_runner.py:245} INFO - ::endgroup::
[2024-10-12T21:02:21.430+0000] {standard_task_runner.py:217} INFO - Process not found (most likely exited), stop collecting metrics
