[2024-09-11T01:00:17.838+0000] {local_task_job_runner.py:123} INFO - ::group::Pre task execution logs
[2024-09-11T01:00:21.431+0000] {taskinstance.py:2612} INFO - Dependencies all met for dep_context=non-requeueable deps ti=<TaskInstance: welcome_dag.print_welcome scheduled__2024-09-11T01:00:01+00:00 [queued]>
[2024-09-11T01:00:22.439+0000] {taskinstance.py:2612} INFO - Dependencies all met for dep_context=requeueable deps ti=<TaskInstance: welcome_dag.print_welcome scheduled__2024-09-11T01:00:01+00:00 [queued]>
[2024-09-11T01:00:22.472+0000] {taskinstance.py:2865} INFO - Starting attempt 1 of 1
[2024-09-11T01:00:23.591+0000] {taskinstance.py:2888} INFO - Executing <Task(PythonOperator): print_welcome> on 2024-09-11 01:00:01+00:00
[2024-09-11T01:00:24.346+0000] {logging_mixin.py:190} WARNING - /home/airflow/.local/lib/python3.12/site-packages/airflow/task/task_runner/standard_task_runner.py:70 DeprecationWarning: This process (pid=8432) is multi-threaded, use of fork() may lead to deadlocks in the child.
[2024-09-11T01:00:24.412+0000] {standard_task_runner.py:72} INFO - Started process 8463 to run task
[2024-09-11T01:00:24.808+0000] {standard_task_runner.py:104} INFO - Running: ['airflow', 'tasks', 'run', 'welcome_dag', 'print_welcome', 'scheduled__2024-09-11T01:00:01+00:00', '--job-id', '417', '--raw', '--subdir', 'DAGS_FOLDER/Awelcome_dags.py', '--cfg-path', '/tmp/tmp15xme3oq']
[2024-09-11T01:00:25.168+0000] {standard_task_runner.py:105} INFO - Job 417: Subtask print_welcome
[2024-09-11T01:00:32.700+0000] {job.py:229} INFO - Heartbeat recovered after 20.63 seconds
[2024-09-11T01:00:35.865+0000] {task_command.py:467} INFO - Running <TaskInstance: welcome_dag.print_welcome scheduled__2024-09-11T01:00:01+00:00 [running]> on host 5cd9362923f6
[2024-09-11T01:00:44.097+0000] {job.py:229} INFO - Heartbeat recovered after 11.61 seconds
[2024-09-11T01:00:52.734+0000] {taskinstance.py:3131} INFO - Exporting env vars: AIRFLOW_CTX_DAG_OWNER='airflow' AIRFLOW_CTX_DAG_ID='welcome_dag' AIRFLOW_CTX_TASK_ID='print_welcome' AIRFLOW_CTX_EXECUTION_DATE='2024-09-11T01:00:01+00:00' AIRFLOW_CTX_TRY_NUMBER='1' AIRFLOW_CTX_DAG_RUN_ID='scheduled__2024-09-11T01:00:01+00:00'
[2024-09-11T01:00:53.085+0000] {taskinstance.py:731} INFO - ::endgroup::
[2024-09-11T01:00:53.881+0000] {logging_mixin.py:190} INFO - Welcome to Airflow!
[2024-09-11T01:00:53.894+0000] {python.py:240} INFO - Done. Returned value was: None
[2024-09-11T01:00:56.623+0000] {taskinstance.py:340} INFO - ::group::Post task execution logs
[2024-09-11T01:00:56.627+0000] {taskinstance.py:352} INFO - Marking task as SUCCESS. dag_id=welcome_dag, task_id=print_welcome, run_id=scheduled__2024-09-11T01:00:01+00:00, execution_date=20240911T010001, start_date=20240911T010021, end_date=20240911T010056
[2024-09-11T01:00:58.584+0000] {local_task_job_runner.py:266} INFO - Task exited with return code 0
[2024-09-11T01:01:00.455+0000] {standard_task_runner.py:217} INFO - Process not found (most likely exited), stop collecting metrics
[2024-09-11T01:01:01.723+0000] {taskinstance.py:3900} INFO - 1 downstream tasks scheduled from follow-on schedule check
[2024-09-11T01:01:01.761+0000] {local_task_job_runner.py:245} INFO - ::endgroup::
