[2024-09-11T20:10:02.736+0000] {local_task_job_runner.py:123} INFO - ::group::Pre task execution logs
[2024-09-11T20:10:02.867+0000] {taskinstance.py:2612} INFO - Dependencies all met for dep_context=non-requeueable deps ti=<TaskInstance: correction_Dag_Negative_Value.correct_negative_values scheduled__2024-09-11T20:05:00+00:00 [queued]>
[2024-09-11T20:10:02.884+0000] {taskinstance.py:2612} INFO - Dependencies all met for dep_context=requeueable deps ti=<TaskInstance: correction_Dag_Negative_Value.correct_negative_values scheduled__2024-09-11T20:05:00+00:00 [queued]>
[2024-09-11T20:10:02.885+0000] {taskinstance.py:2865} INFO - Starting attempt 1 of 2
[2024-09-11T20:10:02.912+0000] {taskinstance.py:2888} INFO - Executing <Task(PythonOperator): correct_negative_values> on 2024-09-11 20:05:00+00:00
[2024-09-11T20:10:02.922+0000] {standard_task_runner.py:104} INFO - Running: ['airflow', 'tasks', 'run', 'correction_Dag_Negative_Value', 'correct_negative_values', 'scheduled__2024-09-11T20:05:00+00:00', '--job-id', '1522', '--raw', '--subdir', 'DAGS_FOLDER/Correction_dag_Negative_Value.py', '--cfg-path', '/tmp/tmp6yjr8_e4']
[2024-09-11T20:10:02.926+0000] {standard_task_runner.py:105} INFO - Job 1522: Subtask correct_negative_values
[2024-09-11T20:10:02.945+0000] {logging_mixin.py:190} WARNING - /home/airflow/.local/lib/python3.12/site-packages/airflow/task/task_runner/standard_task_runner.py:70 DeprecationWarning: This process (pid=34210) is multi-threaded, use of fork() may lead to deadlocks in the child.
[2024-09-11T20:10:02.946+0000] {standard_task_runner.py:72} INFO - Started process 34214 to run task
[2024-09-11T20:10:03.304+0000] {task_command.py:467} INFO - Running <TaskInstance: correction_Dag_Negative_Value.correct_negative_values scheduled__2024-09-11T20:05:00+00:00 [running]> on host b8b5351e8a6b
[2024-09-11T20:10:03.789+0000] {taskinstance.py:3131} INFO - Exporting env vars: AIRFLOW_CTX_DAG_OWNER='airflow' AIRFLOW_CTX_DAG_ID='correction_Dag_Negative_Value' AIRFLOW_CTX_TASK_ID='correct_negative_values' AIRFLOW_CTX_EXECUTION_DATE='2024-09-11T20:05:00+00:00' AIRFLOW_CTX_TRY_NUMBER='1' AIRFLOW_CTX_DAG_RUN_ID='scheduled__2024-09-11T20:05:00+00:00'
[2024-09-11T20:10:03.791+0000] {taskinstance.py:731} INFO - ::endgroup::
[2024-09-11T20:10:03.953+0000] {logging_mixin.py:190} INFO - Erreur lors de la correction des anomalies : operator does not exist: integer ~~ unknown
LINE 4:         WHERE quantity LIKE '-%';
                               ^
HINT:  No operator matches the given name and argument types. You might need to add explicit type casts.
[2024-09-11T20:10:03.954+0000] {python.py:240} INFO - Done. Returned value was: None
[2024-09-11T20:10:04.121+0000] {taskinstance.py:340} INFO - ::group::Post task execution logs
[2024-09-11T20:10:04.122+0000] {taskinstance.py:352} INFO - Marking task as SUCCESS. dag_id=correction_Dag_Negative_Value, task_id=correct_negative_values, run_id=scheduled__2024-09-11T20:05:00+00:00, execution_date=20240911T200500, start_date=20240911T201002, end_date=20240911T201004
[2024-09-11T20:10:04.209+0000] {local_task_job_runner.py:266} INFO - Task exited with return code 0
[2024-09-11T20:10:04.365+0000] {taskinstance.py:3900} INFO - 0 downstream tasks scheduled from follow-on schedule check
[2024-09-11T20:10:04.368+0000] {local_task_job_runner.py:245} INFO - ::endgroup::
