[2024-09-13T20:00:07.510+0000] {local_task_job_runner.py:123} INFO - ::group::Pre task execution logs
[2024-09-13T20:00:08.901+0000] {taskinstance.py:2612} INFO - Dependencies all met for dep_context=non-requeueable deps ti=<TaskInstance: welcome_dag.print_welcome scheduled__2024-09-13T20:00:01+00:00 [queued]>
[2024-09-13T20:00:09.028+0000] {taskinstance.py:2612} INFO - Dependencies all met for dep_context=requeueable deps ti=<TaskInstance: welcome_dag.print_welcome scheduled__2024-09-13T20:00:01+00:00 [queued]>
[2024-09-13T20:00:09.029+0000] {taskinstance.py:2865} INFO - Starting attempt 1 of 1
[2024-09-13T20:00:09.708+0000] {taskinstance.py:2888} INFO - Executing <Task(PythonOperator): print_welcome> on 2024-09-13 20:00:01+00:00
[2024-09-13T20:00:10.372+0000] {logging_mixin.py:190} WARNING - /home/airflow/.local/lib/python3.12/site-packages/airflow/task/task_runner/standard_task_runner.py:70 DeprecationWarning: This process (pid=56047) is multi-threaded, use of fork() may lead to deadlocks in the child.
[2024-09-13T20:00:10.377+0000] {standard_task_runner.py:72} INFO - Started process 56076 to run task
[2024-09-13T20:00:10.386+0000] {standard_task_runner.py:104} INFO - Running: ['airflow', 'tasks', 'run', 'welcome_dag', 'print_welcome', 'scheduled__2024-09-13T20:00:01+00:00', '--job-id', '3388', '--raw', '--subdir', 'DAGS_FOLDER/Awelcome_dags.py', '--cfg-path', '/tmp/tmpuamttaux']
[2024-09-13T20:00:10.412+0000] {standard_task_runner.py:105} INFO - Job 3388: Subtask print_welcome
[2024-09-13T20:00:15.386+0000] {task_command.py:467} INFO - Running <TaskInstance: welcome_dag.print_welcome scheduled__2024-09-13T20:00:01+00:00 [running]> on host 7403e816bcf5
[2024-09-13T20:00:17.738+0000] {job.py:229} INFO - Heartbeat recovered after 12.60 seconds
[2024-09-13T20:00:28.014+0000] {taskinstance.py:3131} INFO - Exporting env vars: AIRFLOW_CTX_DAG_OWNER='airflow' AIRFLOW_CTX_DAG_ID='welcome_dag' AIRFLOW_CTX_TASK_ID='print_welcome' AIRFLOW_CTX_EXECUTION_DATE='2024-09-13T20:00:01+00:00' AIRFLOW_CTX_TRY_NUMBER='1' AIRFLOW_CTX_DAG_RUN_ID='scheduled__2024-09-13T20:00:01+00:00'
[2024-09-13T20:00:28.185+0000] {taskinstance.py:731} INFO - ::endgroup::
[2024-09-13T20:00:28.193+0000] {job.py:229} INFO - Heartbeat recovered after 10.59 seconds
[2024-09-13T20:00:28.560+0000] {logging_mixin.py:190} INFO - Welcome to Airflow!
[2024-09-13T20:00:28.582+0000] {python.py:240} INFO - Done. Returned value was: None
[2024-09-13T20:00:31.148+0000] {taskinstance.py:340} INFO - ::group::Post task execution logs
[2024-09-13T20:00:31.167+0000] {taskinstance.py:352} INFO - Marking task as SUCCESS. dag_id=welcome_dag, task_id=print_welcome, run_id=scheduled__2024-09-13T20:00:01+00:00, execution_date=20240913T200001, start_date=20240913T200008, end_date=20240913T200031
[2024-09-13T20:00:34.006+0000] {local_task_job_runner.py:266} INFO - Task exited with return code 0
[2024-09-13T20:00:35.469+0000] {standard_task_runner.py:217} INFO - Process not found (most likely exited), stop collecting metrics
[2024-09-13T20:00:36.566+0000] {local_task_job_runner.py:245} INFO - ::endgroup::
