[2024-10-23T12:00:54.953+0000] {local_task_job_runner.py:123} INFO - ::group::Pre task execution logs
[2024-10-23T12:00:55.873+0000] {taskinstance.py:2612} INFO - Dependencies all met for dep_context=non-requeueable deps ti=<TaskInstance: welcome_dag.print_welcome scheduled__2024-10-23T12:00:24+00:00 [queued]>
[2024-10-23T12:00:55.948+0000] {taskinstance.py:2612} INFO - Dependencies all met for dep_context=requeueable deps ti=<TaskInstance: welcome_dag.print_welcome scheduled__2024-10-23T12:00:24+00:00 [queued]>
[2024-10-23T12:00:55.958+0000] {taskinstance.py:2865} INFO - Starting attempt 1 of 1
[2024-10-23T12:00:56.749+0000] {taskinstance.py:2888} INFO - Executing <Task(PythonOperator): print_welcome> on 2024-10-23 12:00:24+00:00
[2024-10-23T12:00:56.790+0000] {standard_task_runner.py:104} INFO - Running: ['airflow', 'tasks', 'run', 'welcome_dag', 'print_welcome', 'scheduled__2024-10-23T12:00:24+00:00', '--job-id', '6114', '--raw', '--subdir', 'DAGS_FOLDER/Awelcome_dags.py', '--cfg-path', '/tmp/tmpouvyyv3_']
[2024-10-23T12:00:56.804+0000] {standard_task_runner.py:105} INFO - Job 6114: Subtask print_welcome
[2024-10-23T12:00:56.940+0000] {logging_mixin.py:190} WARNING - /home/airflow/.local/lib/python3.12/site-packages/airflow/task/task_runner/standard_task_runner.py:70 DeprecationWarning: This process (pid=5941) is multi-threaded, use of fork() may lead to deadlocks in the child.
[2024-10-23T12:00:56.945+0000] {standard_task_runner.py:72} INFO - Started process 5985 to run task
[2024-10-23T12:01:00.425+0000] {task_command.py:467} INFO - Running <TaskInstance: welcome_dag.print_welcome scheduled__2024-10-23T12:00:24+00:00 [running]> on host 696ca67245ce
[2024-10-23T12:01:03.110+0000] {job.py:229} INFO - Heartbeat recovered after 13.50 seconds
[2024-10-23T12:01:04.684+0000] {taskinstance.py:3131} INFO - Exporting env vars: AIRFLOW_CTX_DAG_OWNER='airflow' AIRFLOW_CTX_DAG_ID='welcome_dag' AIRFLOW_CTX_TASK_ID='print_welcome' AIRFLOW_CTX_EXECUTION_DATE='2024-10-23T12:00:24+00:00' AIRFLOW_CTX_TRY_NUMBER='1' AIRFLOW_CTX_DAG_RUN_ID='scheduled__2024-10-23T12:00:24+00:00'
[2024-10-23T12:01:04.689+0000] {taskinstance.py:731} INFO - ::endgroup::
[2024-10-23T12:01:04.747+0000] {logging_mixin.py:190} INFO - Welcome to Airflow!
[2024-10-23T12:01:04.750+0000] {python.py:240} INFO - Done. Returned value was: None
[2024-10-23T12:01:05.627+0000] {taskinstance.py:340} INFO - ::group::Post task execution logs
[2024-10-23T12:01:05.634+0000] {taskinstance.py:352} INFO - Marking task as SUCCESS. dag_id=welcome_dag, task_id=print_welcome, run_id=scheduled__2024-10-23T12:00:24+00:00, execution_date=20241023T120024, start_date=20241023T120055, end_date=20241023T120105
[2024-10-23T12:01:06.116+0000] {local_task_job_runner.py:266} INFO - Task exited with return code 0
[2024-10-23T12:01:06.761+0000] {local_task_job_runner.py:245} INFO - ::endgroup::
[2024-10-23T12:01:06.958+0000] {standard_task_runner.py:217} INFO - Process not found (most likely exited), stop collecting metrics
