[2024-09-11T18:00:26.072+0000] {local_task_job_runner.py:123} INFO - ::group::Pre task execution logs
[2024-09-11T18:00:29.949+0000] {taskinstance.py:2612} INFO - Dependencies all met for dep_context=non-requeueable deps ti=<TaskInstance: welcome_dag.print_welcome scheduled__2024-09-11T18:00:02+00:00 [queued]>
[2024-09-11T18:00:30.168+0000] {taskinstance.py:2612} INFO - Dependencies all met for dep_context=requeueable deps ti=<TaskInstance: welcome_dag.print_welcome scheduled__2024-09-11T18:00:02+00:00 [queued]>
[2024-09-11T18:00:30.192+0000] {taskinstance.py:2865} INFO - Starting attempt 1 of 1
[2024-09-11T18:00:32.752+0000] {taskinstance.py:2888} INFO - Executing <Task(PythonOperator): print_welcome> on 2024-09-11 18:00:02+00:00
[2024-09-11T18:00:34.626+0000] {logging_mixin.py:190} WARNING - /home/airflow/.local/lib/python3.12/site-packages/airflow/task/task_runner/standard_task_runner.py:70 DeprecationWarning: This process (pid=20020) is multi-threaded, use of fork() may lead to deadlocks in the child.
[2024-09-11T18:00:34.694+0000] {standard_task_runner.py:72} INFO - Started process 20050 to run task
[2024-09-11T18:00:34.627+0000] {standard_task_runner.py:104} INFO - Running: ['airflow', 'tasks', 'run', 'welcome_dag', 'print_welcome', 'scheduled__2024-09-11T18:00:02+00:00', '--job-id', '1303', '--raw', '--subdir', 'DAGS_FOLDER/Awelcome_dags.py', '--cfg-path', '/tmp/tmpxglry5ys']
[2024-09-11T18:00:34.982+0000] {standard_task_runner.py:105} INFO - Job 1303: Subtask print_welcome
[2024-09-11T18:00:44.794+0000] {job.py:229} INFO - Heartbeat recovered after 31.05 seconds
[2024-09-11T18:00:46.294+0000] {task_command.py:467} INFO - Running <TaskInstance: welcome_dag.print_welcome scheduled__2024-09-11T18:00:02+00:00 [running]> on host b8b5351e8a6b
[2024-09-11T18:00:55.308+0000] {job.py:229} INFO - Heartbeat recovered after 10.77 seconds
[2024-09-11T18:00:58.094+0000] {taskinstance.py:3131} INFO - Exporting env vars: AIRFLOW_CTX_DAG_OWNER='airflow' AIRFLOW_CTX_DAG_ID='welcome_dag' AIRFLOW_CTX_TASK_ID='print_welcome' AIRFLOW_CTX_EXECUTION_DATE='2024-09-11T18:00:02+00:00' AIRFLOW_CTX_TRY_NUMBER='1' AIRFLOW_CTX_DAG_RUN_ID='scheduled__2024-09-11T18:00:02+00:00'
[2024-09-11T18:00:58.203+0000] {taskinstance.py:731} INFO - ::endgroup::
[2024-09-11T18:00:58.476+0000] {logging_mixin.py:190} INFO - Welcome to Airflow!
[2024-09-11T18:00:58.479+0000] {python.py:240} INFO - Done. Returned value was: None
[2024-09-11T18:01:01.329+0000] {taskinstance.py:340} INFO - ::group::Post task execution logs
[2024-09-11T18:01:01.345+0000] {taskinstance.py:352} INFO - Marking task as SUCCESS. dag_id=welcome_dag, task_id=print_welcome, run_id=scheduled__2024-09-11T18:00:02+00:00, execution_date=20240911T180002, start_date=20240911T180029, end_date=20240911T180101
[2024-09-11T18:01:01.949+0000] {local_task_job_runner.py:266} INFO - Task exited with return code 0
[2024-09-11T18:01:05.096+0000] {standard_task_runner.py:217} INFO - Process not found (most likely exited), stop collecting metrics
[2024-09-11T18:01:05.470+0000] {local_task_job_runner.py:245} INFO - ::endgroup::
