[2024-09-10T21:15:33.232+0000] {local_task_job_runner.py:123} INFO - ::group::Pre task execution logs
[2024-09-10T21:15:34.061+0000] {taskinstance.py:2612} INFO - Dependencies all met for dep_context=non-requeueable deps ti=<TaskInstance: Dag_detect_invalid_customer_ids.run_anomaly_detection scheduled__2024-09-10T21:00:00+00:00 [queued]>
[2024-09-10T21:15:34.134+0000] {taskinstance.py:2612} INFO - Dependencies all met for dep_context=requeueable deps ti=<TaskInstance: Dag_detect_invalid_customer_ids.run_anomaly_detection scheduled__2024-09-10T21:00:00+00:00 [queued]>
[2024-09-10T21:15:34.136+0000] {taskinstance.py:2865} INFO - Starting attempt 1 of 2
[2024-09-10T21:15:34.809+0000] {taskinstance.py:2888} INFO - Executing <Task(PythonOperator): run_anomaly_detection> on 2024-09-10 21:00:00+00:00
[2024-09-10T21:15:34.893+0000] {logging_mixin.py:190} WARNING - /home/airflow/.local/lib/python3.12/site-packages/airflow/task/task_runner/standard_task_runner.py:70 DeprecationWarning: This process (pid=6793) is multi-threaded, use of fork() may lead to deadlocks in the child.
[2024-09-10T21:15:34.902+0000] {standard_task_runner.py:72} INFO - Started process 6853 to run task
[2024-09-10T21:15:34.914+0000] {standard_task_runner.py:104} INFO - Running: ['airflow', 'tasks', 'run', 'Dag_detect_invalid_customer_ids', 'run_anomaly_detection', 'scheduled__2024-09-10T21:00:00+00:00', '--job-id', '3478', '--raw', '--subdir', 'DAGS_FOLDER/dag_detect_invalid_customer_ids.py', '--cfg-path', '/tmp/tmpqpbwhd7u']
[2024-09-10T21:15:34.928+0000] {standard_task_runner.py:105} INFO - Job 3478: Subtask run_anomaly_detection
[2024-09-10T21:15:36.807+0000] {task_command.py:467} INFO - Running <TaskInstance: Dag_detect_invalid_customer_ids.run_anomaly_detection scheduled__2024-09-10T21:00:00+00:00 [running]> on host f0946a6cef1f
[2024-09-10T21:15:39.272+0000] {taskinstance.py:3131} INFO - Exporting env vars: AIRFLOW_CTX_DAG_OWNER='airflow' AIRFLOW_CTX_DAG_ID='Dag_detect_invalid_customer_ids' AIRFLOW_CTX_TASK_ID='run_anomaly_detection' AIRFLOW_CTX_EXECUTION_DATE='2024-09-10T21:00:00+00:00' AIRFLOW_CTX_TRY_NUMBER='1' AIRFLOW_CTX_DAG_RUN_ID='scheduled__2024-09-10T21:00:00+00:00'
[2024-09-10T21:15:39.285+0000] {taskinstance.py:731} INFO - ::endgroup::
[2024-09-10T21:15:39.433+0000] {dag_detect_invalid_customer_ids.py:101} INFO - Starting anomaly detection process
[2024-09-10T21:15:40.944+0000] {job.py:229} INFO - Heartbeat recovered after 13.10 seconds
[2024-09-10T21:15:41.338+0000] {dag_detect_invalid_customer_ids.py:105} INFO - Loaded 15 transactions
[2024-09-10T21:15:41.366+0000] {dag_detect_invalid_customer_ids.py:108} INFO - Detected 1 anomalies
[2024-09-10T21:15:54.832+0000] {dag_detect_invalid_customer_ids.py:94} INFO - Inserted 1 new anomalies.
[2024-09-10T21:15:54.834+0000] {dag_detect_invalid_customer_ids.py:111} INFO - Anomaly detection process completed successfully
[2024-09-10T21:15:54.836+0000] {python.py:240} INFO - Done. Returned value was: None
[2024-09-10T21:15:55.068+0000] {taskinstance.py:340} INFO - ::group::Post task execution logs
[2024-09-10T21:15:55.069+0000] {taskinstance.py:352} INFO - Marking task as SUCCESS. dag_id=Dag_detect_invalid_customer_ids, task_id=run_anomaly_detection, run_id=scheduled__2024-09-10T21:00:00+00:00, execution_date=20240910T210000, start_date=20240910T211534, end_date=20240910T211555
[2024-09-10T21:15:55.120+0000] {local_task_job_runner.py:266} INFO - Task exited with return code 0
[2024-09-10T21:15:55.319+0000] {taskinstance.py:3900} INFO - 0 downstream tasks scheduled from follow-on schedule check
[2024-09-10T21:15:55.323+0000] {local_task_job_runner.py:245} INFO - ::endgroup::
