[2024-09-10T17:42:42.236+0000] {local_task_job_runner.py:123} INFO - ::group::Pre task execution logs
[2024-09-10T17:42:42.366+0000] {taskinstance.py:2612} INFO - Dependencies all met for dep_context=non-requeueable deps ti=<TaskInstance: detect_1fn_anomalies_dag.detect_1nf_and_insert_anomalies manual__2024-09-10T17:13:09.280715+00:00 [queued]>
[2024-09-10T17:42:42.389+0000] {taskinstance.py:2612} INFO - Dependencies all met for dep_context=requeueable deps ti=<TaskInstance: detect_1fn_anomalies_dag.detect_1nf_and_insert_anomalies manual__2024-09-10T17:13:09.280715+00:00 [queued]>
[2024-09-10T17:42:42.389+0000] {taskinstance.py:2865} INFO - Starting attempt 4 of 4
[2024-09-10T17:42:42.417+0000] {taskinstance.py:2888} INFO - Executing <Task(PythonOperator): detect_1nf_and_insert_anomalies> on 2024-09-10 17:13:09.280715+00:00
[2024-09-10T17:42:42.437+0000] {logging_mixin.py:190} WARNING - /home/airflow/.local/lib/python3.12/site-packages/airflow/task/task_runner/standard_task_runner.py:70 DeprecationWarning: This process (pid=1177) is multi-threaded, use of fork() may lead to deadlocks in the child.
[2024-09-10T17:42:42.439+0000] {standard_task_runner.py:72} INFO - Started process 1206 to run task
[2024-09-10T17:42:42.442+0000] {standard_task_runner.py:104} INFO - Running: ['airflow', 'tasks', 'run', 'detect_1fn_anomalies_dag', 'detect_1nf_and_insert_anomalies', 'manual__2024-09-10T17:13:09.280715+00:00', '--job-id', '2954', '--raw', '--subdir', 'DAGS_FOLDER/Dag_detect_1FN_anomaly.py', '--cfg-path', '/tmp/tmp455rpsxy']
[2024-09-10T17:42:42.449+0000] {standard_task_runner.py:105} INFO - Job 2954: Subtask detect_1nf_and_insert_anomalies
[2024-09-10T17:42:42.940+0000] {task_command.py:467} INFO - Running <TaskInstance: detect_1fn_anomalies_dag.detect_1nf_and_insert_anomalies manual__2024-09-10T17:13:09.280715+00:00 [running]> on host 5f241b76205c
[2024-09-10T17:42:43.636+0000] {taskinstance.py:3131} INFO - Exporting env vars: AIRFLOW_CTX_DAG_OWNER='airflow' AIRFLOW_CTX_DAG_ID='detect_1fn_anomalies_dag' AIRFLOW_CTX_TASK_ID='detect_1nf_and_insert_anomalies' AIRFLOW_CTX_EXECUTION_DATE='2024-09-10T17:13:09.280715+00:00' AIRFLOW_CTX_TRY_NUMBER='4' AIRFLOW_CTX_DAG_RUN_ID='manual__2024-09-10T17:13:09.280715+00:00'
[2024-09-10T17:42:43.640+0000] {taskinstance.py:731} INFO - ::endgroup::
[2024-09-10T17:42:43.909+0000] {Dag_detect_1FN_anomaly.py:83} INFO - Processing table: customers
[2024-09-10T17:42:43.910+0000] {Dag_detect_1FN_anomaly.py:83} INFO - Processing table: transactions
[2024-09-10T17:42:43.913+0000] {Dag_detect_1FN_anomaly.py:83} INFO - Processing table: products
[2024-09-10T17:42:43.919+0000] {Dag_detect_1FN_anomaly.py:83} INFO - Processing table: productsuppliers
[2024-09-10T17:42:43.918+0000] {Dag_detect_1FN_anomaly.py:83} INFO - Processing table: orderdetails
[2024-09-10T17:42:44.816+0000] {Dag_detect_1FN_anomaly.py:32} ERROR - Erreur de connexion à la base de données: (psycopg2.errors.IoError) could not open file "base/16384/2604": Input/output error

[SQL: 
            SELECT a.attname,
              pg_catalog.format_type(a.atttypid, a.atttypmod),
              (
                SELECT pg_catalog.pg_get_expr(d.adbin, d.adrelid)
                FROM pg_catalog.pg_attrdef d
                WHERE d.adrelid = a.attrelid AND d.adnum = a.attnum
                AND a.atthasdef
              ) AS DEFAULT,
              a.attnotnull,
              a.attrelid as table_oid,
              pgd.description as comment,
              a.attgenerated as generated,
                              (SELECT json_build_object(
                    'always', a.attidentity = 'a',
                    'start', s.seqstart,
                    'increment', s.seqincrement,
                    'minvalue', s.seqmin,
                    'maxvalue', s.seqmax,
                    'cache', s.seqcache,
                    'cycle', s.seqcycle)
                FROM pg_catalog.pg_sequence s
                JOIN pg_catalog.pg_class c on s.seqrelid = c."oid"
                WHERE c.relkind = 'S'
                AND a.attidentity != ''
                AND s.seqrelid = pg_catalog.pg_get_serial_sequence(
                    a.attrelid::regclass::text, a.attname
                )::regclass::oid
                ) as identity_options                
            FROM pg_catalog.pg_attribute a
            LEFT JOIN pg_catalog.pg_description pgd ON (
                pgd.objoid = a.attrelid AND pgd.objsubid = a.attnum)
            WHERE a.attrelid = %(table_oid)s
            AND a.attnum > 0 AND NOT a.attisdropped
            ORDER BY a.attnum
        ]
[parameters: {'table_oid': 16397}]
(Background on this error at: https://sqlalche.me/e/14/e3q8)
[2024-09-10T17:42:44.823+0000] {Dag_detect_1FN_anomaly.py:32} ERROR - Erreur de connexion à la base de données: (psycopg2.errors.IoError) could not open file "base/16384/2662": Input/output error

[SQL: 
            SELECT c.oid
            FROM pg_catalog.pg_class c
            LEFT JOIN pg_catalog.pg_namespace n ON n.oid = c.relnamespace
            WHERE (n.nspname = %(schema)s)
            AND c.relname = %(table_name)s AND c.relkind in
            ('r', 'v', 'm', 'f', 'p')
        ]
[parameters: {'schema': 'public', 'table_name': 'customers'}]
(Background on this error at: https://sqlalche.me/e/14/e3q8)
[2024-09-10T17:42:44.827+0000] {Dag_detect_1FN_anomaly.py:92} ERROR - Error processing table customers: (psycopg2.errors.IoError) could not open file "base/16384/2662": Input/output error

[SQL: 
            SELECT c.oid
            FROM pg_catalog.pg_class c
            LEFT JOIN pg_catalog.pg_namespace n ON n.oid = c.relnamespace
            WHERE (n.nspname = %(schema)s)
            AND c.relname = %(table_name)s AND c.relkind in
            ('r', 'v', 'm', 'f', 'p')
        ]
[parameters: {'schema': 'public', 'table_name': 'customers'}]
(Background on this error at: https://sqlalche.me/e/14/e3q8)
[2024-09-10T17:42:44.839+0000] {Dag_detect_1FN_anomaly.py:83} INFO - Processing table: anomalies
[2024-09-10T17:42:44.838+0000] {Dag_detect_1FN_anomaly.py:32} ERROR - Erreur de connexion à la base de données: (psycopg2.errors.IoError) could not open file "base/16384/2224": Input/output error

[SQL: 
            SELECT a.attname,
              pg_catalog.format_type(a.atttypid, a.atttypmod),
              (
                SELECT pg_catalog.pg_get_expr(d.adbin, d.adrelid)
                FROM pg_catalog.pg_attrdef d
                WHERE d.adrelid = a.attrelid AND d.adnum = a.attnum
                AND a.atthasdef
              ) AS DEFAULT,
              a.attnotnull,
              a.attrelid as table_oid,
              pgd.description as comment,
              a.attgenerated as generated,
                              (SELECT json_build_object(
                    'always', a.attidentity = 'a',
                    'start', s.seqstart,
                    'increment', s.seqincrement,
                    'minvalue', s.seqmin,
                    'maxvalue', s.seqmax,
                    'cache', s.seqcache,
                    'cycle', s.seqcycle)
                FROM pg_catalog.pg_sequence s
                JOIN pg_catalog.pg_class c on s.seqrelid = c."oid"
                WHERE c.relkind = 'S'
                AND a.attidentity != ''
                AND s.seqrelid = pg_catalog.pg_get_serial_sequence(
                    a.attrelid::regclass::text, a.attname
                )::regclass::oid
                ) as identity_options                
            FROM pg_catalog.pg_attribute a
            LEFT JOIN pg_catalog.pg_description pgd ON (
                pgd.objoid = a.attrelid AND pgd.objsubid = a.attnum)
            WHERE a.attrelid = %(table_oid)s
            AND a.attnum > 0 AND NOT a.attisdropped
            ORDER BY a.attnum
        ]
[parameters: {'table_oid': 16404}]
(Background on this error at: https://sqlalche.me/e/14/e3q8)
[2024-09-10T17:42:44.825+0000] {Dag_detect_1FN_anomaly.py:92} ERROR - Error processing table products: (psycopg2.errors.IoError) could not open file "base/16384/2604": Input/output error

[SQL: 
            SELECT a.attname,
              pg_catalog.format_type(a.atttypid, a.atttypmod),
              (
                SELECT pg_catalog.pg_get_expr(d.adbin, d.adrelid)
                FROM pg_catalog.pg_attrdef d
                WHERE d.adrelid = a.attrelid AND d.adnum = a.attnum
                AND a.atthasdef
              ) AS DEFAULT,
              a.attnotnull,
              a.attrelid as table_oid,
              pgd.description as comment,
              a.attgenerated as generated,
                              (SELECT json_build_object(
                    'always', a.attidentity = 'a',
                    'start', s.seqstart,
                    'increment', s.seqincrement,
                    'minvalue', s.seqmin,
                    'maxvalue', s.seqmax,
                    'cache', s.seqcache,
                    'cycle', s.seqcycle)
                FROM pg_catalog.pg_sequence s
                JOIN pg_catalog.pg_class c on s.seqrelid = c."oid"
                WHERE c.relkind = 'S'
                AND a.attidentity != ''
                AND s.seqrelid = pg_catalog.pg_get_serial_sequence(
                    a.attrelid::regclass::text, a.attname
                )::regclass::oid
                ) as identity_options                
            FROM pg_catalog.pg_attribute a
            LEFT JOIN pg_catalog.pg_description pgd ON (
                pgd.objoid = a.attrelid AND pgd.objsubid = a.attnum)
            WHERE a.attrelid = %(table_oid)s
            AND a.attnum > 0 AND NOT a.attisdropped
            ORDER BY a.attnum
        ]
[parameters: {'table_oid': 16397}]
(Background on this error at: https://sqlalche.me/e/14/e3q8)
[2024-09-10T17:42:44.846+0000] {Dag_detect_1FN_anomaly.py:92} ERROR - Error processing table transactions: (psycopg2.errors.IoError) could not open file "base/16384/2224": Input/output error

[SQL: 
            SELECT a.attname,
              pg_catalog.format_type(a.atttypid, a.atttypmod),
              (
                SELECT pg_catalog.pg_get_expr(d.adbin, d.adrelid)
                FROM pg_catalog.pg_attrdef d
                WHERE d.adrelid = a.attrelid AND d.adnum = a.attnum
                AND a.atthasdef
              ) AS DEFAULT,
              a.attnotnull,
              a.attrelid as table_oid,
              pgd.description as comment,
              a.attgenerated as generated,
                              (SELECT json_build_object(
                    'always', a.attidentity = 'a',
                    'start', s.seqstart,
                    'increment', s.seqincrement,
                    'minvalue', s.seqmin,
                    'maxvalue', s.seqmax,
                    'cache', s.seqcache,
                    'cycle', s.seqcycle)
                FROM pg_catalog.pg_sequence s
                JOIN pg_catalog.pg_class c on s.seqrelid = c."oid"
                WHERE c.relkind = 'S'
                AND a.attidentity != ''
                AND s.seqrelid = pg_catalog.pg_get_serial_sequence(
                    a.attrelid::regclass::text, a.attname
                )::regclass::oid
                ) as identity_options                
            FROM pg_catalog.pg_attribute a
            LEFT JOIN pg_catalog.pg_description pgd ON (
                pgd.objoid = a.attrelid AND pgd.objsubid = a.attnum)
            WHERE a.attrelid = %(table_oid)s
            AND a.attnum > 0 AND NOT a.attisdropped
            ORDER BY a.attnum
        ]
[parameters: {'table_oid': 16404}]
(Background on this error at: https://sqlalche.me/e/14/e3q8)
[2024-09-10T17:42:44.854+0000] {Dag_detect_1FN_anomaly.py:83} INFO - Processing table: dag_priority_parsing_request
[2024-09-10T17:42:44.847+0000] {Dag_detect_1FN_anomaly.py:83} INFO - Processing table: log
[2024-09-10T17:42:44.947+0000] {Dag_detect_1FN_anomaly.py:32} ERROR - Erreur de connexion à la base de données: (psycopg2.errors.IoError) could not open file "base/16384/2678": Input/output error

[SQL: 
                SELECT a.attname
                FROM pg_attribute a JOIN (
                    SELECT unnest(ix.indkey) attnum,
                           generate_subscripts(ix.indkey, 1) ord
                    FROM pg_index ix
                    WHERE ix.indrelid = %(table_oid)s AND ix.indisprimary
                    ) k ON a.attnum=k.attnum
                WHERE a.attrelid = %(table_oid)s
                ORDER BY k.ord
            ]
[parameters: {'table_oid': 16439}]
(Background on this error at: https://sqlalche.me/e/14/e3q8)
[2024-09-10T17:42:44.961+0000] {Dag_detect_1FN_anomaly.py:92} ERROR - Error processing table productsuppliers: (psycopg2.errors.IoError) could not open file "base/16384/2678": Input/output error

[SQL: 
                SELECT a.attname
                FROM pg_attribute a JOIN (
                    SELECT unnest(ix.indkey) attnum,
                           generate_subscripts(ix.indkey, 1) ord
                    FROM pg_index ix
                    WHERE ix.indrelid = %(table_oid)s AND ix.indisprimary
                    ) k ON a.attnum=k.attnum
                WHERE a.attrelid = %(table_oid)s
                ORDER BY k.ord
            ]
[parameters: {'table_oid': 16439}]
(Background on this error at: https://sqlalche.me/e/14/e3q8)
[2024-09-10T17:42:44.962+0000] {Dag_detect_1FN_anomaly.py:32} ERROR - Erreur de connexion à la base de données: (psycopg2.OperationalError) connection to server at "172.19.0.3", port 5432 failed: FATAL:  could not open file "base/16384/pg_filenode.map": Input/output error

(Background on this error at: https://sqlalche.me/e/14/e3q8)
[2024-09-10T17:42:44.968+0000] {Dag_detect_1FN_anomaly.py:83} INFO - Processing table: job
[2024-09-10T17:42:44.988+0000] {Dag_detect_1FN_anomaly.py:92} ERROR - Error processing table anomalies: cannot access local variable 'connection' where it is not associated with a value
[2024-09-10T17:42:44.997+0000] {Dag_detect_1FN_anomaly.py:83} INFO - Processing table: anomalies1
[2024-09-10T17:42:45.071+0000] {Dag_detect_1FN_anomaly.py:90} INFO - No anomalies detected for table orderdetails
[2024-09-10T17:42:45.073+0000] {Dag_detect_1FN_anomaly.py:83} INFO - Processing table: slot_pool
[2024-09-10T17:42:46.700+0000] {Dag_detect_1FN_anomaly.py:32} ERROR - Erreur de connexion à la base de données: (psycopg2.errors.IoError) could not open file "base/16384/2704": Input/output error

[SQL: 
            SELECT t.typname as "name",
               pg_catalog.format_type(t.typbasetype, t.typtypmod) as "attype",
               not t.typnotnull as "nullable",
               t.typdefault as "default",
               pg_catalog.pg_type_is_visible(t.oid) as "visible",
               n.nspname as "schema"
            FROM pg_catalog.pg_type t
               LEFT JOIN pg_catalog.pg_namespace n ON n.oid = t.typnamespace
            WHERE t.typtype = 'd'
        ]
(Background on this error at: https://sqlalche.me/e/14/e3q8)
[2024-09-10T17:42:46.703+0000] {Dag_detect_1FN_anomaly.py:32} ERROR - Erreur de connexion à la base de données: (psycopg2.errors.IoError) could not open file "base/16384/2664": Input/output error

[SQL: 
        SELECT conname
           FROM  pg_catalog.pg_constraint r
           WHERE r.conrelid = %(table_oid)s AND r.contype = 'p'
           ORDER BY 1
        ]
[parameters: {'table_oid': 98634}]
(Background on this error at: https://sqlalche.me/e/14/e3q8)
[2024-09-10T17:42:46.710+0000] {Dag_detect_1FN_anomaly.py:92} ERROR - Error processing table log: (psycopg2.errors.IoError) could not open file "base/16384/2664": Input/output error

[SQL: 
        SELECT conname
           FROM  pg_catalog.pg_constraint r
           WHERE r.conrelid = %(table_oid)s AND r.contype = 'p'
           ORDER BY 1
        ]
[parameters: {'table_oid': 98634}]
(Background on this error at: https://sqlalche.me/e/14/e3q8)
[2024-09-10T17:42:46.706+0000] {Dag_detect_1FN_anomaly.py:92} ERROR - Error processing table job: (psycopg2.errors.IoError) could not open file "base/16384/2704": Input/output error

[SQL: 
            SELECT t.typname as "name",
               pg_catalog.format_type(t.typbasetype, t.typtypmod) as "attype",
               not t.typnotnull as "nullable",
               t.typdefault as "default",
               pg_catalog.pg_type_is_visible(t.oid) as "visible",
               n.nspname as "schema"
            FROM pg_catalog.pg_type t
               LEFT JOIN pg_catalog.pg_namespace n ON n.oid = t.typnamespace
            WHERE t.typtype = 'd'
        ]
(Background on this error at: https://sqlalche.me/e/14/e3q8)
[2024-09-10T17:42:46.739+0000] {Dag_detect_1FN_anomaly.py:32} ERROR - Erreur de connexion à la base de données: (psycopg2.errors.IoError) could not open file "base/16384/2224": Input/output error

[SQL: 
            SELECT a.attname,
              pg_catalog.format_type(a.atttypid, a.atttypmod),
              (
                SELECT pg_catalog.pg_get_expr(d.adbin, d.adrelid)
                FROM pg_catalog.pg_attrdef d
                WHERE d.adrelid = a.attrelid AND d.adnum = a.attnum
                AND a.atthasdef
              ) AS DEFAULT,
              a.attnotnull,
              a.attrelid as table_oid,
              pgd.description as comment,
              a.attgenerated as generated,
                              (SELECT json_build_object(
                    'always', a.attidentity = 'a',
                    'start', s.seqstart,
                    'increment', s.seqincrement,
                    'minvalue', s.seqmin,
                    'maxvalue', s.seqmax,
                    'cache', s.seqcache,
                    'cycle', s.seqcycle)
                FROM pg_catalog.pg_sequence s
                JOIN pg_catalog.pg_class c on s.seqrelid = c."oid"
                WHERE c.relkind = 'S'
                AND a.attidentity != ''
                AND s.seqrelid = pg_catalog.pg_get_serial_sequence(
                    a.attrelid::regclass::text, a.attname
                )::regclass::oid
                ) as identity_options                
            FROM pg_catalog.pg_attribute a
            LEFT JOIN pg_catalog.pg_description pgd ON (
                pgd.objoid = a.attrelid AND pgd.objsubid = a.attnum)
            WHERE a.attrelid = %(table_oid)s
            AND a.attnum > 0 AND NOT a.attisdropped
            ORDER BY a.attnum
        ]
[parameters: {'table_oid': 83863}]
(Background on this error at: https://sqlalche.me/e/14/e3q8)
[2024-09-10T17:42:46.735+0000] {Dag_detect_1FN_anomaly.py:83} INFO - Processing table: callback_request
[2024-09-10T17:42:46.741+0000] {Dag_detect_1FN_anomaly.py:83} INFO - Processing table: dag_code
[2024-09-10T17:42:46.746+0000] {Dag_detect_1FN_anomaly.py:92} ERROR - Error processing table anomalies1: (psycopg2.errors.IoError) could not open file "base/16384/2224": Input/output error

[SQL: 
            SELECT a.attname,
              pg_catalog.format_type(a.atttypid, a.atttypmod),
              (
                SELECT pg_catalog.pg_get_expr(d.adbin, d.adrelid)
                FROM pg_catalog.pg_attrdef d
                WHERE d.adrelid = a.attrelid AND d.adnum = a.attnum
                AND a.atthasdef
              ) AS DEFAULT,
              a.attnotnull,
              a.attrelid as table_oid,
              pgd.description as comment,
              a.attgenerated as generated,
                              (SELECT json_build_object(
                    'always', a.attidentity = 'a',
                    'start', s.seqstart,
                    'increment', s.seqincrement,
                    'minvalue', s.seqmin,
                    'maxvalue', s.seqmax,
                    'cache', s.seqcache,
                    'cycle', s.seqcycle)
                FROM pg_catalog.pg_sequence s
                JOIN pg_catalog.pg_class c on s.seqrelid = c."oid"
                WHERE c.relkind = 'S'
                AND a.attidentity != ''
                AND s.seqrelid = pg_catalog.pg_get_serial_sequence(
                    a.attrelid::regclass::text, a.attname
                )::regclass::oid
                ) as identity_options                
            FROM pg_catalog.pg_attribute a
            LEFT JOIN pg_catalog.pg_description pgd ON (
                pgd.objoid = a.attrelid AND pgd.objsubid = a.attnum)
            WHERE a.attrelid = %(table_oid)s
            AND a.attnum > 0 AND NOT a.attisdropped
            ORDER BY a.attnum
        ]
[parameters: {'table_oid': 83863}]
(Background on this error at: https://sqlalche.me/e/14/e3q8)
[2024-09-10T17:42:46.791+0000] {Dag_detect_1FN_anomaly.py:83} INFO - Processing table: dag_pickle
[2024-09-10T17:42:46.914+0000] {Dag_detect_1FN_anomaly.py:90} INFO - No anomalies detected for table dag_priority_parsing_request
[2024-09-10T17:42:46.922+0000] {Dag_detect_1FN_anomaly.py:83} INFO - Processing table: ab_user
[2024-09-10T17:42:47.096+0000] {Dag_detect_1FN_anomaly.py:90} INFO - No anomalies detected for table slot_pool
[2024-09-10T17:42:47.103+0000] {Dag_detect_1FN_anomaly.py:83} INFO - Processing table: ab_register_user
[2024-09-10T17:42:49.306+0000] {Dag_detect_1FN_anomaly.py:32} ERROR - Erreur de connexion à la base de données: (psycopg2.errors.IoError) could not open file "base/16384/2615_vm": Input/output error

[SQL: 
            SELECT c.oid
            FROM pg_catalog.pg_class c
            LEFT JOIN pg_catalog.pg_namespace n ON n.oid = c.relnamespace
            WHERE (n.nspname = %(schema)s)
            AND c.relname = %(table_name)s AND c.relkind in
            ('r', 'v', 'm', 'f', 'p')
        ]
[parameters: {'schema': 'public', 'table_name': 'ab_user'}]
(Background on this error at: https://sqlalche.me/e/14/e3q8)
[2024-09-10T17:42:49.310+0000] {Dag_detect_1FN_anomaly.py:32} ERROR - Erreur de connexion à la base de données: (psycopg2.errors.IoError) could not open file "base/16384/2667": Input/output error

[SQL: 
        SELECT conname
           FROM  pg_catalog.pg_constraint r
           WHERE r.conrelid = %(table_oid)s AND r.contype = 'p'
           ORDER BY 1
        ]
[parameters: {'table_oid': 98694}]
(Background on this error at: https://sqlalche.me/e/14/e3q8)
[2024-09-10T17:42:49.315+0000] {Dag_detect_1FN_anomaly.py:92} ERROR - Error processing table ab_user: (psycopg2.errors.IoError) could not open file "base/16384/2615_vm": Input/output error

[SQL: 
            SELECT c.oid
            FROM pg_catalog.pg_class c
            LEFT JOIN pg_catalog.pg_namespace n ON n.oid = c.relnamespace
            WHERE (n.nspname = %(schema)s)
            AND c.relname = %(table_name)s AND c.relkind in
            ('r', 'v', 'm', 'f', 'p')
        ]
[parameters: {'schema': 'public', 'table_name': 'ab_user'}]
(Background on this error at: https://sqlalche.me/e/14/e3q8)
[2024-09-10T17:42:49.319+0000] {Dag_detect_1FN_anomaly.py:92} ERROR - Error processing table dag_code: (psycopg2.errors.IoError) could not open file "base/16384/2667": Input/output error

[SQL: 
        SELECT conname
           FROM  pg_catalog.pg_constraint r
           WHERE r.conrelid = %(table_oid)s AND r.contype = 'p'
           ORDER BY 1
        ]
[parameters: {'table_oid': 98694}]
(Background on this error at: https://sqlalche.me/e/14/e3q8)
[2024-09-10T17:42:49.328+0000] {Dag_detect_1FN_anomaly.py:83} INFO - Processing table: sla_miss
[2024-09-10T17:42:49.327+0000] {Dag_detect_1FN_anomaly.py:32} ERROR - Erreur de connexion à la base de données: (psycopg2.errors.IoError) could not open file "base/16384/2601_vm": Input/output error

[SQL: 
              SELECT
                  i.relname as relname,
                  ix.indisunique, ix.indexprs,
                  a.attname, a.attnum, c.conrelid, ix.indkey::varchar,
                  ix.indoption::varchar, i.reloptions, am.amname,
                  pg_get_expr(ix.indpred, ix.indrelid),
                  ix.indnkeyatts as indnkeyatts
              FROM
                  pg_class t
                        join pg_index ix on t.oid = ix.indrelid
                        join pg_class i on i.oid = ix.indexrelid
                        left outer join
                            pg_attribute a
                            on t.oid = a.attrelid and a.attnum = ANY(ix.indkey)
                        left outer join
                            pg_constraint c
                            on (ix.indrelid = c.conrelid and
                                ix.indexrelid = c.conindid and
                                c.contype in ('p', 'u', 'x'))
                        left outer join
                            pg_am am
                            on i.relam = am.oid
              WHERE
                  t.relkind IN ('r', 'v', 'f', 'm', 'p')
                  and t.oid = %(table_oid)s
                  and ix.indisprimary = 'f'
              ORDER BY
                  t.relname,
                  i.relname
            ]
[parameters: {'table_oid': 98677}]
(Background on this error at: https://sqlalche.me/e/14/e3q8)
[2024-09-10T17:42:49.335+0000] {Dag_detect_1FN_anomaly.py:92} ERROR - Error processing table callback_request: (psycopg2.errors.IoError) could not open file "base/16384/2601_vm": Input/output error

[SQL: 
              SELECT
                  i.relname as relname,
                  ix.indisunique, ix.indexprs,
                  a.attname, a.attnum, c.conrelid, ix.indkey::varchar,
                  ix.indoption::varchar, i.reloptions, am.amname,
                  pg_get_expr(ix.indpred, ix.indrelid),
                  ix.indnkeyatts as indnkeyatts
              FROM
                  pg_class t
                        join pg_index ix on t.oid = ix.indrelid
                        join pg_class i on i.oid = ix.indexrelid
                        left outer join
                            pg_attribute a
                            on t.oid = a.attrelid and a.attnum = ANY(ix.indkey)
                        left outer join
                            pg_constraint c
                            on (ix.indrelid = c.conrelid and
                                ix.indexrelid = c.conindid and
                                c.contype in ('p', 'u', 'x'))
                        left outer join
                            pg_am am
                            on i.relam = am.oid
              WHERE
                  t.relkind IN ('r', 'v', 'f', 'm', 'p')
                  and t.oid = %(table_oid)s
                  and ix.indisprimary = 'f'
              ORDER BY
                  t.relname,
                  i.relname
            ]
[parameters: {'table_oid': 98677}]
(Background on this error at: https://sqlalche.me/e/14/e3q8)
[2024-09-10T17:42:49.336+0000] {Dag_detect_1FN_anomaly.py:83} INFO - Processing table: variable
[2024-09-10T17:42:49.326+0000] {Dag_detect_1FN_anomaly.py:83} INFO - Processing table: connection
[2024-09-10T17:42:49.407+0000] {Dag_detect_1FN_anomaly.py:90} INFO - No anomalies detected for table dag_pickle
[2024-09-10T17:42:49.415+0000] {Dag_detect_1FN_anomaly.py:83} INFO - Processing table: import_error
[2024-09-10T17:42:49.784+0000] {logging_mixin.py:190} WARNING - /opt/airflow/dags/Dag_detect_1FN_anomaly.py:47 SAWarning: Skipped unsupported reflection of expression-based index idx_ab_register_user_username
[2024-09-10T17:42:49.940+0000] {Dag_detect_1FN_anomaly.py:90} INFO - No anomalies detected for table ab_register_user
[2024-09-10T17:42:49.942+0000] {Dag_detect_1FN_anomaly.py:83} INFO - Processing table: serialized_dag
[2024-09-10T17:42:52.092+0000] {Dag_detect_1FN_anomaly.py:32} ERROR - Erreur de connexion à la base de données: (psycopg2.errors.IoError) could not open file "base/16384/2601_vm": Input/output error

[SQL: 
              SELECT
                  i.relname as relname,
                  ix.indisunique, ix.indexprs,
                  a.attname, a.attnum, c.conrelid, ix.indkey::varchar,
                  ix.indoption::varchar, i.reloptions, am.amname,
                  pg_get_expr(ix.indpred, ix.indrelid),
                  ix.indnkeyatts as indnkeyatts
              FROM
                  pg_class t
                        join pg_index ix on t.oid = ix.indrelid
                        join pg_class i on i.oid = ix.indexrelid
                        left outer join
                            pg_attribute a
                            on t.oid = a.attrelid and a.attnum = ANY(ix.indkey)
                        left outer join
                            pg_constraint c
                            on (ix.indrelid = c.conrelid and
                                ix.indexrelid = c.conindid and
                                c.contype in ('p', 'u', 'x'))
                        left outer join
                            pg_am am
                            on i.relam = am.oid
              WHERE
                  t.relkind IN ('r', 'v', 'f', 'm', 'p')
                  and t.oid = %(table_oid)s
                  and ix.indisprimary = 'f'
              ORDER BY
                  t.relname,
                  i.relname
            ]
[parameters: {'table_oid': 98794}]
(Background on this error at: https://sqlalche.me/e/14/e3q8)
[2024-09-10T17:42:52.106+0000] {Dag_detect_1FN_anomaly.py:92} ERROR - Error processing table sla_miss: (psycopg2.errors.IoError) could not open file "base/16384/2601_vm": Input/output error

[SQL: 
              SELECT
                  i.relname as relname,
                  ix.indisunique, ix.indexprs,
                  a.attname, a.attnum, c.conrelid, ix.indkey::varchar,
                  ix.indoption::varchar, i.reloptions, am.amname,
                  pg_get_expr(ix.indpred, ix.indrelid),
                  ix.indnkeyatts as indnkeyatts
              FROM
                  pg_class t
                        join pg_index ix on t.oid = ix.indrelid
                        join pg_class i on i.oid = ix.indexrelid
                        left outer join
                            pg_attribute a
                            on t.oid = a.attrelid and a.attnum = ANY(ix.indkey)
                        left outer join
                            pg_constraint c
                            on (ix.indrelid = c.conrelid and
                                ix.indexrelid = c.conindid and
                                c.contype in ('p', 'u', 'x'))
                        left outer join
                            pg_am am
                            on i.relam = am.oid
              WHERE
                  t.relkind IN ('r', 'v', 'f', 'm', 'p')
                  and t.oid = %(table_oid)s
                  and ix.indisprimary = 'f'
              ORDER BY
                  t.relname,
                  i.relname
            ]
[parameters: {'table_oid': 98794}]
(Background on this error at: https://sqlalche.me/e/14/e3q8)
[2024-09-10T17:42:52.111+0000] {Dag_detect_1FN_anomaly.py:83} INFO - Processing table: dataset_alias
[2024-09-10T17:42:52.316+0000] {Dag_detect_1FN_anomaly.py:90} INFO - No anomalies detected for table connection
[2024-09-10T17:42:52.320+0000] {Dag_detect_1FN_anomaly.py:83} INFO - Processing table: dataset_alias_dataset
[2024-09-10T17:42:52.363+0000] {Dag_detect_1FN_anomaly.py:90} INFO - No anomalies detected for table variable
[2024-09-10T17:42:52.369+0000] {Dag_detect_1FN_anomaly.py:83} INFO - Processing table: dataset
[2024-09-10T17:42:52.445+0000] {Dag_detect_1FN_anomaly.py:90} INFO - No anomalies detected for table import_error
[2024-09-10T17:42:52.463+0000] {Dag_detect_1FN_anomaly.py:83} INFO - Processing table: dataset_alias_dataset_event
[2024-09-10T17:42:52.992+0000] {Dag_detect_1FN_anomaly.py:90} INFO - No anomalies detected for table serialized_dag
[2024-09-10T17:42:53.010+0000] {Dag_detect_1FN_anomaly.py:83} INFO - Processing table: dataset_event
[2024-09-10T17:42:54.056+0000] {Dag_detect_1FN_anomaly.py:32} ERROR - Erreur de connexion à la base de données: (psycopg2.OperationalError) connection to server at "172.19.0.3", port 5432 failed: FATAL:  could not open file "base/16384/2601": Input/output error

(Background on this error at: https://sqlalche.me/e/14/e3q8)
[2024-09-10T17:42:54.057+0000] {Dag_detect_1FN_anomaly.py:92} ERROR - Error processing table dataset_event: cannot access local variable 'connection' where it is not associated with a value
[2024-09-10T17:42:54.060+0000] {Dag_detect_1FN_anomaly.py:83} INFO - Processing table: dag_schedule_dataset_alias_reference
[2024-09-10T17:42:54.087+0000] {Dag_detect_1FN_anomaly.py:32} ERROR - Erreur de connexion à la base de données: (psycopg2.OperationalError) connection to server at "172.19.0.3", port 5432 failed: FATAL:  could not open file "global/pg_filenode.map": Input/output error

(Background on this error at: https://sqlalche.me/e/14/e3q8)
[2024-09-10T17:42:54.092+0000] {Dag_detect_1FN_anomaly.py:92} ERROR - Error processing table dag_schedule_dataset_alias_reference: cannot access local variable 'connection' where it is not associated with a value
[2024-09-10T17:42:54.100+0000] {Dag_detect_1FN_anomaly.py:83} INFO - Processing table: dag
[2024-09-10T17:42:54.552+0000] {Dag_detect_1FN_anomaly.py:32} ERROR - Erreur de connexion à la base de données: (psycopg2.errors.IoError) could not open file "base/16384/2579": Input/output error

[SQL: 
        SELECT conname
           FROM  pg_catalog.pg_constraint r
           WHERE r.conrelid = %(table_oid)s AND r.contype = 'p'
           ORDER BY 1
        ]
[parameters: {'table_oid': 98839}]
(Background on this error at: https://sqlalche.me/e/14/e3q8)
[2024-09-10T17:42:54.557+0000] {Dag_detect_1FN_anomaly.py:92} ERROR - Error processing table dataset_alias_dataset: (psycopg2.errors.IoError) could not open file "base/16384/2579": Input/output error

[SQL: 
        SELECT conname
           FROM  pg_catalog.pg_constraint r
           WHERE r.conrelid = %(table_oid)s AND r.contype = 'p'
           ORDER BY 1
        ]
[parameters: {'table_oid': 98839}]
(Background on this error at: https://sqlalche.me/e/14/e3q8)
[2024-09-10T17:42:54.573+0000] {Dag_detect_1FN_anomaly.py:83} INFO - Processing table: dag_schedule_dataset_reference
[2024-09-10T17:42:54.680+0000] {Dag_detect_1FN_anomaly.py:90} INFO - No anomalies detected for table dataset_alias
[2024-09-10T17:42:54.688+0000] {Dag_detect_1FN_anomaly.py:83} INFO - Processing table: task_outlet_dataset_reference
[2024-09-10T17:42:55.145+0000] {Dag_detect_1FN_anomaly.py:90} INFO - No anomalies detected for table dataset
[2024-09-10T17:42:55.158+0000] {Dag_detect_1FN_anomaly.py:83} INFO - Processing table: dataset_dag_run_queue
[2024-09-10T17:42:55.246+0000] {Dag_detect_1FN_anomaly.py:90} INFO - No anomalies detected for table dataset_alias_dataset_event
[2024-09-10T17:42:55.262+0000] {Dag_detect_1FN_anomaly.py:83} INFO - Processing table: log_template
[2024-09-10T17:42:57.684+0000] {Dag_detect_1FN_anomaly.py:32} ERROR - Erreur de connexion à la base de données: (psycopg2.errors.IoError) could not open file "base/16384/2659": Input/output error

[SQL: 
            SELECT a.attname,
              pg_catalog.format_type(a.atttypid, a.atttypmod),
              (
                SELECT pg_catalog.pg_get_expr(d.adbin, d.adrelid)
                FROM pg_catalog.pg_attrdef d
                WHERE d.adrelid = a.attrelid AND d.adnum = a.attnum
                AND a.atthasdef
              ) AS DEFAULT,
              a.attnotnull,
              a.attrelid as table_oid,
              pgd.description as comment,
              a.attgenerated as generated,
                              (SELECT json_build_object(
                    'always', a.attidentity = 'a',
                    'start', s.seqstart,
                    'increment', s.seqincrement,
                    'minvalue', s.seqmin,
                    'maxvalue', s.seqmax,
                    'cache', s.seqcache,
                    'cycle', s.seqcycle)
                FROM pg_catalog.pg_sequence s
                JOIN pg_catalog.pg_class c on s.seqrelid = c."oid"
                WHERE c.relkind = 'S'
                AND a.attidentity != ''
                AND s.seqrelid = pg_catalog.pg_get_serial_sequence(
                    a.attrelid::regclass::text, a.attname
                )::regclass::oid
                ) as identity_options                
            FROM pg_catalog.pg_attribute a
            LEFT JOIN pg_catalog.pg_description pgd ON (
                pgd.objoid = a.attrelid AND pgd.objsubid = a.attnum)
            WHERE a.attrelid = %(table_oid)s
            AND a.attnum > 0 AND NOT a.attisdropped
            ORDER BY a.attnum
        ]
[parameters: {'table_oid': 98710}]
(Background on this error at: https://sqlalche.me/e/14/e3q8)
[2024-09-10T17:42:57.708+0000] {Dag_detect_1FN_anomaly.py:32} ERROR - Erreur de connexion à la base de données: (psycopg2.OperationalError) connection to server at "172.19.0.3", port 5432 failed: FATAL:  could not open file "base/16384/pg_filenode.map": Input/output error

(Background on this error at: https://sqlalche.me/e/14/e3q8)
[2024-09-10T17:42:57.721+0000] {Dag_detect_1FN_anomaly.py:92} ERROR - Error processing table dag: (psycopg2.errors.IoError) could not open file "base/16384/2659": Input/output error

[SQL: 
            SELECT a.attname,
              pg_catalog.format_type(a.atttypid, a.atttypmod),
              (
                SELECT pg_catalog.pg_get_expr(d.adbin, d.adrelid)
                FROM pg_catalog.pg_attrdef d
                WHERE d.adrelid = a.attrelid AND d.adnum = a.attnum
                AND a.atthasdef
              ) AS DEFAULT,
              a.attnotnull,
              a.attrelid as table_oid,
              pgd.description as comment,
              a.attgenerated as generated,
                              (SELECT json_build_object(
                    'always', a.attidentity = 'a',
                    'start', s.seqstart,
                    'increment', s.seqincrement,
                    'minvalue', s.seqmin,
                    'maxvalue', s.seqmax,
                    'cache', s.seqcache,
                    'cycle', s.seqcycle)
                FROM pg_catalog.pg_sequence s
                JOIN pg_catalog.pg_class c on s.seqrelid = c."oid"
                WHERE c.relkind = 'S'
                AND a.attidentity != ''
                AND s.seqrelid = pg_catalog.pg_get_serial_sequence(
                    a.attrelid::regclass::text, a.attname
                )::regclass::oid
                ) as identity_options                
            FROM pg_catalog.pg_attribute a
            LEFT JOIN pg_catalog.pg_description pgd ON (
                pgd.objoid = a.attrelid AND pgd.objsubid = a.attnum)
            WHERE a.attrelid = %(table_oid)s
            AND a.attnum > 0 AND NOT a.attisdropped
            ORDER BY a.attnum
        ]
[parameters: {'table_oid': 98710}]
(Background on this error at: https://sqlalche.me/e/14/e3q8)
[2024-09-10T17:42:57.726+0000] {Dag_detect_1FN_anomaly.py:92} ERROR - Error processing table dataset_dag_run_queue: (psycopg2.OperationalError) connection to server at "172.19.0.3", port 5432 failed: FATAL:  could not open file "base/16384/pg_filenode.map": Input/output error

(Background on this error at: https://sqlalche.me/e/14/e3q8)
[2024-09-10T17:42:57.757+0000] {Dag_detect_1FN_anomaly.py:83} INFO - Processing table: dag_tag
[2024-09-10T17:42:57.744+0000] {Dag_detect_1FN_anomaly.py:83} INFO - Processing table: dag_run
[2024-09-10T17:42:59.066+0000] {Dag_detect_1FN_anomaly.py:32} ERROR - Erreur de connexion à la base de données: (psycopg2.errors.IoError) could not open file "base/16384/3501": Input/output error

[SQL: 
            SELECT t.typname as "name",
               -- no enum defaults in 8.4 at least
               -- t.typdefault as "default",
               pg_catalog.pg_type_is_visible(t.oid) as "visible",
               n.nspname as "schema",
               e.enumlabel as "label"
            FROM pg_catalog.pg_type t
                 LEFT JOIN pg_catalog.pg_namespace n ON n.oid = t.typnamespace
                 LEFT JOIN pg_catalog.pg_enum e ON t.oid = e.enumtypid
            WHERE t.typtype = 'e'
        ORDER BY "schema", "name", e.oid]
(Background on this error at: https://sqlalche.me/e/14/e3q8)
[2024-09-10T17:42:59.087+0000] {Dag_detect_1FN_anomaly.py:92} ERROR - Error processing table task_outlet_dataset_reference: (psycopg2.errors.IoError) could not open file "base/16384/3501": Input/output error

[SQL: 
            SELECT t.typname as "name",
               -- no enum defaults in 8.4 at least
               -- t.typdefault as "default",
               pg_catalog.pg_type_is_visible(t.oid) as "visible",
               n.nspname as "schema",
               e.enumlabel as "label"
            FROM pg_catalog.pg_type t
                 LEFT JOIN pg_catalog.pg_namespace n ON n.oid = t.typnamespace
                 LEFT JOIN pg_catalog.pg_enum e ON t.oid = e.enumtypid
            WHERE t.typtype = 'e'
        ORDER BY "schema", "name", e.oid]
(Background on this error at: https://sqlalche.me/e/14/e3q8)
[2024-09-10T17:42:59.096+0000] {Dag_detect_1FN_anomaly.py:83} INFO - Processing table: dag_owner_attributes
[2024-09-10T17:42:59.391+0000] {Dag_detect_1FN_anomaly.py:90} INFO - No anomalies detected for table dag_schedule_dataset_reference
[2024-09-10T17:42:59.404+0000] {Dag_detect_1FN_anomaly.py:83} INFO - Processing table: ab_permission
[2024-09-10T17:43:00.071+0000] {Dag_detect_1FN_anomaly.py:90} INFO - No anomalies detected for table log_template
[2024-09-10T17:43:00.078+0000] {Dag_detect_1FN_anomaly.py:83} INFO - Processing table: ab_permission_view
[2024-09-10T17:43:01.147+0000] {Dag_detect_1FN_anomaly.py:32} ERROR - Erreur de connexion à la base de données: (psycopg2.errors.IoError) could not open file "base/16384/2579": Input/output error

[SQL: 
        SELECT conname
           FROM  pg_catalog.pg_constraint r
           WHERE r.conrelid = %(table_oid)s AND r.contype = 'p'
           ORDER BY 1
        ]
[parameters: {'table_oid': 98982}]
(Background on this error at: https://sqlalche.me/e/14/e3q8)
[2024-09-10T17:43:01.151+0000] {Dag_detect_1FN_anomaly.py:92} ERROR - Error processing table dag_tag: (psycopg2.errors.IoError) could not open file "base/16384/2579": Input/output error

[SQL: 
        SELECT conname
           FROM  pg_catalog.pg_constraint r
           WHERE r.conrelid = %(table_oid)s AND r.contype = 'p'
           ORDER BY 1
        ]
[parameters: {'table_oid': 98982}]
(Background on this error at: https://sqlalche.me/e/14/e3q8)
[2024-09-10T17:43:01.155+0000] {Dag_detect_1FN_anomaly.py:83} INFO - Processing table: ab_view_menu
[2024-09-10T17:43:01.163+0000] {Dag_detect_1FN_anomaly.py:32} ERROR - Erreur de connexion à la base de données: (psycopg2.errors.IoError) could not open file "base/16384/2579": Input/output error

[SQL: 
        SELECT conname
           FROM  pg_catalog.pg_constraint r
           WHERE r.conrelid = %(table_oid)s AND r.contype = 'p'
           ORDER BY 1
        ]
[parameters: {'table_oid': 98960}]
(Background on this error at: https://sqlalche.me/e/14/e3q8)
[2024-09-10T17:43:01.173+0000] {Dag_detect_1FN_anomaly.py:32} ERROR - Erreur de connexion à la base de données: (psycopg2.OperationalError) connection to server at "172.19.0.3", port 5432 failed: FATAL:  could not open file "global/pg_filenode.map": Input/output error

(Background on this error at: https://sqlalche.me/e/14/e3q8)
[2024-09-10T17:43:01.178+0000] {Dag_detect_1FN_anomaly.py:92} ERROR - Error processing table dag_run: (psycopg2.errors.IoError) could not open file "base/16384/2579": Input/output error

[SQL: 
        SELECT conname
           FROM  pg_catalog.pg_constraint r
           WHERE r.conrelid = %(table_oid)s AND r.contype = 'p'
           ORDER BY 1
        ]
[parameters: {'table_oid': 98960}]
(Background on this error at: https://sqlalche.me/e/14/e3q8)
[2024-09-10T17:43:01.202+0000] {Dag_detect_1FN_anomaly.py:83} INFO - Processing table: ab_user_role
[2024-09-10T17:43:01.189+0000] {Dag_detect_1FN_anomaly.py:92} ERROR - Error processing table ab_view_menu: cannot access local variable 'connection' where it is not associated with a value
[2024-09-10T17:43:01.208+0000] {Dag_detect_1FN_anomaly.py:83} INFO - Processing table: ab_role
[2024-09-10T17:43:01.641+0000] {Dag_detect_1FN_anomaly.py:32} ERROR - Erreur de connexion à la base de données: (psycopg2.errors.IoError) could not open file "base/16384/2664": Input/output error

[SQL: 
        SELECT conname
           FROM  pg_catalog.pg_constraint r
           WHERE r.conrelid = %(table_oid)s AND r.contype = 'p'
           ORDER BY 1
        ]
[parameters: {'table_oid': 98721}]
(Background on this error at: https://sqlalche.me/e/14/e3q8)
[2024-09-10T17:43:01.666+0000] {Dag_detect_1FN_anomaly.py:92} ERROR - Error processing table ab_permission: (psycopg2.errors.IoError) could not open file "base/16384/2664": Input/output error

[SQL: 
        SELECT conname
           FROM  pg_catalog.pg_constraint r
           WHERE r.conrelid = %(table_oid)s AND r.contype = 'p'
           ORDER BY 1
        ]
[parameters: {'table_oid': 98721}]
(Background on this error at: https://sqlalche.me/e/14/e3q8)
[2024-09-10T17:43:01.673+0000] {Dag_detect_1FN_anomaly.py:83} INFO - Processing table: dag_warning
[2024-09-10T17:43:01.885+0000] {Dag_detect_1FN_anomaly.py:90} INFO - No anomalies detected for table dag_owner_attributes
[2024-09-10T17:43:01.890+0000] {Dag_detect_1FN_anomaly.py:83} INFO - Processing table: dagrun_dataset_event
[2024-09-10T17:43:02.276+0000] {Dag_detect_1FN_anomaly.py:90} INFO - No anomalies detected for table ab_permission_view
[2024-09-10T17:43:02.286+0000] {Dag_detect_1FN_anomaly.py:83} INFO - Processing table: trigger
[2024-09-10T17:43:03.576+0000] {Dag_detect_1FN_anomaly.py:32} ERROR - Erreur de connexion à la base de données: (psycopg2.errors.IoError) could not open file "base/16384/2704": Input/output error

[SQL: 
            SELECT t.typname as "name",
               pg_catalog.format_type(t.typbasetype, t.typtypmod) as "attype",
               not t.typnotnull as "nullable",
               t.typdefault as "default",
               pg_catalog.pg_type_is_visible(t.oid) as "visible",
               n.nspname as "schema"
            FROM pg_catalog.pg_type t
               LEFT JOIN pg_catalog.pg_namespace n ON n.oid = t.typnamespace
            WHERE t.typtype = 'd'
        ]
(Background on this error at: https://sqlalche.me/e/14/e3q8)
[2024-09-10T17:43:03.590+0000] {Dag_detect_1FN_anomaly.py:32} ERROR - Erreur de connexion à la base de données: (psycopg2.errors.IoError) could not open file "base/16384/1249": Input/output error

[SQL: 
            SELECT a.attname,
              pg_catalog.format_type(a.atttypid, a.atttypmod),
              (
                SELECT pg_catalog.pg_get_expr(d.adbin, d.adrelid)
                FROM pg_catalog.pg_attrdef d
                WHERE d.adrelid = a.attrelid AND d.adnum = a.attnum
                AND a.atthasdef
              ) AS DEFAULT,
              a.attnotnull,
              a.attrelid as table_oid,
              pgd.description as comment,
              a.attgenerated as generated,
                              (SELECT json_build_object(
                    'always', a.attidentity = 'a',
                    'start', s.seqstart,
                    'increment', s.seqincrement,
                    'minvalue', s.seqmin,
                    'maxvalue', s.seqmax,
                    'cache', s.seqcache,
                    'cycle', s.seqcycle)
                FROM pg_catalog.pg_sequence s
                JOIN pg_catalog.pg_class c on s.seqrelid = c."oid"
                WHERE c.relkind = 'S'
                AND a.attidentity != ''
                AND s.seqrelid = pg_catalog.pg_get_serial_sequence(
                    a.attrelid::regclass::text, a.attname
                )::regclass::oid
                ) as identity_options                
            FROM pg_catalog.pg_attribute a
            LEFT JOIN pg_catalog.pg_description pgd ON (
                pgd.objoid = a.attrelid AND pgd.objsubid = a.attnum)
            WHERE a.attrelid = %(table_oid)s
            AND a.attnum > 0 AND NOT a.attisdropped
            ORDER BY a.attnum
        ]
[parameters: {'table_oid': 98739}]
(Background on this error at: https://sqlalche.me/e/14/e3q8)
[2024-09-10T17:43:03.596+0000] {Dag_detect_1FN_anomaly.py:92} ERROR - Error processing table ab_role: (psycopg2.errors.IoError) could not open file "base/16384/1249": Input/output error

[SQL: 
            SELECT a.attname,
              pg_catalog.format_type(a.atttypid, a.atttypmod),
              (
                SELECT pg_catalog.pg_get_expr(d.adbin, d.adrelid)
                FROM pg_catalog.pg_attrdef d
                WHERE d.adrelid = a.attrelid AND d.adnum = a.attnum
                AND a.atthasdef
              ) AS DEFAULT,
              a.attnotnull,
              a.attrelid as table_oid,
              pgd.description as comment,
              a.attgenerated as generated,
                              (SELECT json_build_object(
                    'always', a.attidentity = 'a',
                    'start', s.seqstart,
                    'increment', s.seqincrement,
                    'minvalue', s.seqmin,
                    'maxvalue', s.seqmax,
                    'cache', s.seqcache,
                    'cycle', s.seqcycle)
                FROM pg_catalog.pg_sequence s
                JOIN pg_catalog.pg_class c on s.seqrelid = c."oid"
                WHERE c.relkind = 'S'
                AND a.attidentity != ''
                AND s.seqrelid = pg_catalog.pg_get_serial_sequence(
                    a.attrelid::regclass::text, a.attname
                )::regclass::oid
                ) as identity_options                
            FROM pg_catalog.pg_attribute a
            LEFT JOIN pg_catalog.pg_description pgd ON (
                pgd.objoid = a.attrelid AND pgd.objsubid = a.attnum)
            WHERE a.attrelid = %(table_oid)s
            AND a.attnum > 0 AND NOT a.attisdropped
            ORDER BY a.attnum
        ]
[parameters: {'table_oid': 98739}]
(Background on this error at: https://sqlalche.me/e/14/e3q8)
[2024-09-10T17:43:03.602+0000] {Dag_detect_1FN_anomaly.py:83} INFO - Processing table: task_instance
[2024-09-10T17:43:03.592+0000] {Dag_detect_1FN_anomaly.py:92} ERROR - Error processing table ab_user_role: (psycopg2.errors.IoError) could not open file "base/16384/2704": Input/output error

[SQL: 
            SELECT t.typname as "name",
               pg_catalog.format_type(t.typbasetype, t.typtypmod) as "attype",
               not t.typnotnull as "nullable",
               t.typdefault as "default",
               pg_catalog.pg_type_is_visible(t.oid) as "visible",
               n.nspname as "schema"
            FROM pg_catalog.pg_type t
               LEFT JOIN pg_catalog.pg_namespace n ON n.oid = t.typnamespace
            WHERE t.typtype = 'd'
        ]
(Background on this error at: https://sqlalche.me/e/14/e3q8)
[2024-09-10T17:43:03.617+0000] {Dag_detect_1FN_anomaly.py:83} INFO - Processing table: dag_run_note
[2024-09-10T17:43:04.438+0000] {Dag_detect_1FN_anomaly.py:32} ERROR - Erreur de connexion à la base de données: (psycopg2.errors.IoError) could not open file "base/16384/2666": Input/output error

[SQL: 
        SELECT conname
           FROM  pg_catalog.pg_constraint r
           WHERE r.conrelid = %(table_oid)s AND r.contype = 'p'
           ORDER BY 1
        ]
[parameters: {'table_oid': 99043}]
(Background on this error at: https://sqlalche.me/e/14/e3q8)
[2024-09-10T17:43:04.449+0000] {Dag_detect_1FN_anomaly.py:92} ERROR - Error processing table dag_warning: (psycopg2.errors.IoError) could not open file "base/16384/2666": Input/output error

[SQL: 
        SELECT conname
           FROM  pg_catalog.pg_constraint r
           WHERE r.conrelid = %(table_oid)s AND r.contype = 'p'
           ORDER BY 1
        ]
[parameters: {'table_oid': 99043}]
(Background on this error at: https://sqlalche.me/e/14/e3q8)
[2024-09-10T17:43:04.468+0000] {Dag_detect_1FN_anomaly.py:83} INFO - Processing table: ab_permission_view_role
[2024-09-10T17:43:05.324+0000] {Dag_detect_1FN_anomaly.py:90} INFO - No anomalies detected for table trigger
[2024-09-10T17:43:05.343+0000] {Dag_detect_1FN_anomaly.py:83} INFO - Processing table: rendered_task_instance_fields
[2024-09-10T17:43:05.426+0000] {Dag_detect_1FN_anomaly.py:90} INFO - No anomalies detected for table dagrun_dataset_event
[2024-09-10T17:43:05.446+0000] {Dag_detect_1FN_anomaly.py:83} INFO - Processing table: task_fail
[2024-09-10T17:43:07.082+0000] {Dag_detect_1FN_anomaly.py:32} ERROR - Erreur de connexion à la base de données: (psycopg2.errors.IoError) could not open file "base/16384/2665": Input/output error

[SQL: 
        SELECT conname
           FROM  pg_catalog.pg_constraint r
           WHERE r.conrelid = %(table_oid)s AND r.contype = 'p'
           ORDER BY 1
        ]
[parameters: {'table_oid': 99099}]
(Background on this error at: https://sqlalche.me/e/14/e3q8)
[2024-09-10T17:43:07.084+0000] {Dag_detect_1FN_anomaly.py:92} ERROR - Error processing table dag_run_note: (psycopg2.errors.IoError) could not open file "base/16384/2665": Input/output error

[SQL: 
        SELECT conname
           FROM  pg_catalog.pg_constraint r
           WHERE r.conrelid = %(table_oid)s AND r.contype = 'p'
           ORDER BY 1
        ]
[parameters: {'table_oid': 99099}]
(Background on this error at: https://sqlalche.me/e/14/e3q8)
[2024-09-10T17:43:07.094+0000] {Dag_detect_1FN_anomaly.py:83} INFO - Processing table: task_map
[2024-09-10T17:43:07.080+0000] {Dag_detect_1FN_anomaly.py:32} ERROR - Erreur de connexion à la base de données: (psycopg2.errors.IoError) could not open file "base/16384/2684": Input/output error

[SQL: 
            SELECT c.oid
            FROM pg_catalog.pg_class c
            LEFT JOIN pg_catalog.pg_namespace n ON n.oid = c.relnamespace
            WHERE (n.nspname = %(schema)s)
            AND c.relname = %(table_name)s AND c.relkind in
            ('r', 'v', 'm', 'f', 'p')
        ]
[parameters: {'schema': 'public', 'table_name': 'task_instance'}]
(Background on this error at: https://sqlalche.me/e/14/e3q8)
[2024-09-10T17:43:07.141+0000] {Dag_detect_1FN_anomaly.py:92} ERROR - Error processing table task_instance: (psycopg2.errors.IoError) could not open file "base/16384/2684": Input/output error

[SQL: 
            SELECT c.oid
            FROM pg_catalog.pg_class c
            LEFT JOIN pg_catalog.pg_namespace n ON n.oid = c.relnamespace
            WHERE (n.nspname = %(schema)s)
            AND c.relname = %(table_name)s AND c.relkind in
            ('r', 'v', 'm', 'f', 'p')
        ]
[parameters: {'schema': 'public', 'table_name': 'task_instance'}]
(Background on this error at: https://sqlalche.me/e/14/e3q8)
[2024-09-10T17:43:07.156+0000] {Dag_detect_1FN_anomaly.py:83} INFO - Processing table: task_reschedule
[2024-09-10T17:43:07.153+0000] {Dag_detect_1FN_anomaly.py:32} ERROR - Erreur de connexion à la base de données: (psycopg2.errors.IoError) could not open file "base/16384/1247": Input/output error

(Background on this error at: https://sqlalche.me/e/14/e3q8)
[2024-09-10T17:43:07.167+0000] {Dag_detect_1FN_anomaly.py:92} ERROR - Error processing table task_fail: cannot access local variable 'connection' where it is not associated with a value
[2024-09-10T17:43:07.175+0000] {Dag_detect_1FN_anomaly.py:83} INFO - Processing table: xcom
[2024-09-10T17:43:07.225+0000] {Dag_detect_1FN_anomaly.py:32} ERROR - Erreur de connexion à la base de données: (psycopg2.OperationalError) connection to server at "172.19.0.3", port 5432 failed: FATAL:  could not open file "global/pg_filenode.map": Input/output error

(Background on this error at: https://sqlalche.me/e/14/e3q8)
[2024-09-10T17:43:07.239+0000] {Dag_detect_1FN_anomaly.py:92} ERROR - Error processing table task_map: cannot access local variable 'connection' where it is not associated with a value
[2024-09-10T17:43:07.242+0000] {Dag_detect_1FN_anomaly.py:83} INFO - Processing table: task_instance_note
[2024-09-10T17:43:08.260+0000] {Dag_detect_1FN_anomaly.py:90} INFO - No anomalies detected for table ab_permission_view_role
[2024-09-10T17:43:08.264+0000] {Dag_detect_1FN_anomaly.py:83} INFO - Processing table: task_instance_history
[2024-09-10T17:43:08.883+0000] {Dag_detect_1FN_anomaly.py:90} INFO - No anomalies detected for table rendered_task_instance_fields
[2024-09-10T17:43:08.895+0000] {Dag_detect_1FN_anomaly.py:83} INFO - Processing table: session
[2024-09-10T17:43:09.327+0000] {Dag_detect_1FN_anomaly.py:32} ERROR - Erreur de connexion à la base de données: (psycopg2.errors.IoError) could not open file "base/16384/2678": Input/output error

[SQL: 
                SELECT a.attname
                FROM pg_attribute a JOIN (
                    SELECT unnest(ix.indkey) attnum,
                           generate_subscripts(ix.indkey, 1) ord
                    FROM pg_index ix
                    WHERE ix.indrelid = %(table_oid)s AND ix.indisprimary
                    ) k ON a.attnum=k.attnum
                WHERE a.attrelid = %(table_oid)s
                ORDER BY k.ord
            ]
[parameters: {'table_oid': 99178}]
(Background on this error at: https://sqlalche.me/e/14/e3q8)
[2024-09-10T17:43:09.330+0000] {Dag_detect_1FN_anomaly.py:92} ERROR - Error processing table task_reschedule: (psycopg2.errors.IoError) could not open file "base/16384/2678": Input/output error

[SQL: 
                SELECT a.attname
                FROM pg_attribute a JOIN (
                    SELECT unnest(ix.indkey) attnum,
                           generate_subscripts(ix.indkey, 1) ord
                    FROM pg_index ix
                    WHERE ix.indrelid = %(table_oid)s AND ix.indisprimary
                    ) k ON a.attnum=k.attnum
                WHERE a.attrelid = %(table_oid)s
                ORDER BY k.ord
            ]
[parameters: {'table_oid': 99178}]
(Background on this error at: https://sqlalche.me/e/14/e3q8)
[2024-09-10T17:43:09.337+0000] {Dag_detect_1FN_anomaly.py:83} INFO - Processing table: alembic_version
[2024-09-10T17:43:09.776+0000] {Dag_detect_1FN_anomaly.py:90} INFO - No anomalies detected for table xcom
[2024-09-10T17:43:09.778+0000] {Dag_detect_1FN_anomaly.py:83} INFO - Processing table: orders
[2024-09-10T17:43:09.850+0000] {logging_mixin.py:190} WARNING - /opt/airflow/dags/Dag_detect_1FN_anomaly.py:47 SAWarning: Skipped unsupported reflection of expression-based index idx_ab_user_username
[2024-09-10T17:43:09.941+0000] {Dag_detect_1FN_anomaly.py:90} INFO - No anomalies detected for table task_instance_note
[2024-09-10T17:43:09.943+0000] {Dag_detect_1FN_anomaly.py:83} INFO - Processing table: anomalieDetected
[2024-09-10T17:43:10.284+0000] {Dag_detect_1FN_anomaly.py:32} ERROR - Erreur de connexion à la base de données: (psycopg2.errors.IoError) could not open file "base/16384/2604": Input/output error

[SQL: 
            SELECT a.attname,
              pg_catalog.format_type(a.atttypid, a.atttypmod),
              (
                SELECT pg_catalog.pg_get_expr(d.adbin, d.adrelid)
                FROM pg_catalog.pg_attrdef d
                WHERE d.adrelid = a.attrelid AND d.adnum = a.attnum
                AND a.atthasdef
              ) AS DEFAULT,
              a.attnotnull,
              a.attrelid as table_oid,
              pgd.description as comment,
              a.attgenerated as generated,
                              (SELECT json_build_object(
                    'always', a.attidentity = 'a',
                    'start', s.seqstart,
                    'increment', s.seqincrement,
                    'minvalue', s.seqmin,
                    'maxvalue', s.seqmax,
                    'cache', s.seqcache,
                    'cycle', s.seqcycle)
                FROM pg_catalog.pg_sequence s
                JOIN pg_catalog.pg_class c on s.seqrelid = c."oid"
                WHERE c.relkind = 'S'
                AND a.attidentity != ''
                AND s.seqrelid = pg_catalog.pg_get_serial_sequence(
                    a.attrelid::regclass::text, a.attname
                )::regclass::oid
                ) as identity_options                
            FROM pg_catalog.pg_attribute a
            LEFT JOIN pg_catalog.pg_description pgd ON (
                pgd.objoid = a.attrelid AND pgd.objsubid = a.attnum)
            WHERE a.attrelid = %(table_oid)s
            AND a.attnum > 0 AND NOT a.attisdropped
            ORDER BY a.attnum
        ]
[parameters: {'table_oid': 99232}]
(Background on this error at: https://sqlalche.me/e/14/e3q8)
[2024-09-10T17:43:10.286+0000] {Dag_detect_1FN_anomaly.py:92} ERROR - Error processing table task_instance_history: (psycopg2.errors.IoError) could not open file "base/16384/2604": Input/output error

[SQL: 
            SELECT a.attname,
              pg_catalog.format_type(a.atttypid, a.atttypmod),
              (
                SELECT pg_catalog.pg_get_expr(d.adbin, d.adrelid)
                FROM pg_catalog.pg_attrdef d
                WHERE d.adrelid = a.attrelid AND d.adnum = a.attnum
                AND a.atthasdef
              ) AS DEFAULT,
              a.attnotnull,
              a.attrelid as table_oid,
              pgd.description as comment,
              a.attgenerated as generated,
                              (SELECT json_build_object(
                    'always', a.attidentity = 'a',
                    'start', s.seqstart,
                    'increment', s.seqincrement,
                    'minvalue', s.seqmin,
                    'maxvalue', s.seqmax,
                    'cache', s.seqcache,
                    'cycle', s.seqcycle)
                FROM pg_catalog.pg_sequence s
                JOIN pg_catalog.pg_class c on s.seqrelid = c."oid"
                WHERE c.relkind = 'S'
                AND a.attidentity != ''
                AND s.seqrelid = pg_catalog.pg_get_serial_sequence(
                    a.attrelid::regclass::text, a.attname
                )::regclass::oid
                ) as identity_options                
            FROM pg_catalog.pg_attribute a
            LEFT JOIN pg_catalog.pg_description pgd ON (
                pgd.objoid = a.attrelid AND pgd.objsubid = a.attnum)
            WHERE a.attrelid = %(table_oid)s
            AND a.attnum > 0 AND NOT a.attisdropped
            ORDER BY a.attnum
        ]
[parameters: {'table_oid': 99232}]
(Background on this error at: https://sqlalche.me/e/14/e3q8)
[2024-09-10T17:43:11.026+0000] {Dag_detect_1FN_anomaly.py:90} INFO - No anomalies detected for table session
[2024-09-10T17:43:11.574+0000] {Dag_detect_1FN_anomaly.py:90} INFO - No anomalies detected for table alembic_version
[2024-09-10T17:43:12.171+0000] {Dag_detect_1FN_anomaly.py:90} INFO - No anomalies detected for table orders
[2024-09-10T17:43:14.541+0000] {job.py:239} ERROR - Job heartbeat failed with error
Traceback (most recent call last):
  File "/home/airflow/.local/lib/python3.12/site-packages/sqlalchemy/engine/base.py", line 1910, in _execute_context
    self.dialect.do_execute(
  File "/home/airflow/.local/lib/python3.12/site-packages/sqlalchemy/engine/default.py", line 736, in do_execute
    cursor.execute(statement, parameters)
psycopg2.errors.IoError: could not open file "base/16384/98660": Input/output error


The above exception was the direct cause of the following exception:

Traceback (most recent call last):
  File "/home/airflow/.local/lib/python3.12/site-packages/airflow/jobs/job.py", line 207, in heartbeat
    self._merge_from(Job._fetch_from_db(self, session))
                     ^^^^^^^^^^^^^^^^^^^^^^^^^^^^^^^^^
  File "/home/airflow/.local/lib/python3.12/site-packages/airflow/api_internal/internal_api_call.py", line 139, in wrapper
    return func(*args, **kwargs)
           ^^^^^^^^^^^^^^^^^^^^^
  File "/home/airflow/.local/lib/python3.12/site-packages/airflow/utils/session.py", line 94, in wrapper
    return func(*args, **kwargs)
           ^^^^^^^^^^^^^^^^^^^^^
  File "/home/airflow/.local/lib/python3.12/site-packages/airflow/utils/retries.py", line 93, in wrapped_function
    for attempt in run_with_db_retries(max_retries=retries, logger=logger, **retry_kwargs):
                   ^^^^^^^^^^^^^^^^^^^^^^^^^^^^^^^^^^^^^^^^^^^^^^^^^^^^^^^^^^^^^^^^^^^^^^^
  File "/home/airflow/.local/lib/python3.12/site-packages/tenacity/__init__.py", line 443, in __iter__
    do = self.iter(retry_state=retry_state)
         ^^^^^^^^^^^^^^^^^^^^^^^^^^^^^^^^^^
  File "/home/airflow/.local/lib/python3.12/site-packages/tenacity/__init__.py", line 376, in iter
    result = action(retry_state)
             ^^^^^^^^^^^^^^^^^^^
  File "/home/airflow/.local/lib/python3.12/site-packages/tenacity/__init__.py", line 418, in exc_check
    raise retry_exc.reraise()
          ^^^^^^^^^^^^^^^^^^^
  File "/home/airflow/.local/lib/python3.12/site-packages/tenacity/__init__.py", line 185, in reraise
    raise self.last_attempt.result()
          ^^^^^^^^^^^^^^^^^^^^^^^^^^
  File "/usr/local/lib/python3.12/concurrent/futures/_base.py", line 449, in result
    return self.__get_result()
           ^^^^^^^^^^^^^^^^^^^
  File "/usr/local/lib/python3.12/concurrent/futures/_base.py", line 401, in __get_result
    raise self._exception
  File "/home/airflow/.local/lib/python3.12/site-packages/airflow/utils/retries.py", line 102, in wrapped_function
    return func(*args, **kwargs)
           ^^^^^^^^^^^^^^^^^^^^^
  File "/home/airflow/.local/lib/python3.12/site-packages/airflow/jobs/job.py", line 335, in _fetch_from_db
    session.merge(job)
  File "/home/airflow/.local/lib/python3.12/site-packages/sqlalchemy/orm/session.py", line 3056, in merge
    return self._merge(
           ^^^^^^^^^^^^
  File "/home/airflow/.local/lib/python3.12/site-packages/sqlalchemy/orm/session.py", line 3136, in _merge
    merged = self.get(
             ^^^^^^^^^
  File "/home/airflow/.local/lib/python3.12/site-packages/sqlalchemy/orm/session.py", line 2853, in get
    return self._get_impl(
           ^^^^^^^^^^^^^^^
  File "/home/airflow/.local/lib/python3.12/site-packages/sqlalchemy/orm/session.py", line 2975, in _get_impl
    return db_load_fn(
           ^^^^^^^^^^^
  File "/home/airflow/.local/lib/python3.12/site-packages/sqlalchemy/orm/loading.py", line 530, in load_on_pk_identity
    session.execute(
  File "/home/airflow/.local/lib/python3.12/site-packages/sqlalchemy/orm/session.py", line 1717, in execute
    result = conn._execute_20(statement, params or {}, execution_options)
             ^^^^^^^^^^^^^^^^^^^^^^^^^^^^^^^^^^^^^^^^^^^^^^^^^^^^^^^^^^^^
  File "/home/airflow/.local/lib/python3.12/site-packages/sqlalchemy/engine/base.py", line 1710, in _execute_20
    return meth(self, args_10style, kwargs_10style, execution_options)
           ^^^^^^^^^^^^^^^^^^^^^^^^^^^^^^^^^^^^^^^^^^^^^^^^^^^^^^^^^^^
  File "/home/airflow/.local/lib/python3.12/site-packages/sqlalchemy/sql/elements.py", line 334, in _execute_on_connection
    return connection._execute_clauseelement(
           ^^^^^^^^^^^^^^^^^^^^^^^^^^^^^^^^^^
  File "/home/airflow/.local/lib/python3.12/site-packages/sqlalchemy/engine/base.py", line 1577, in _execute_clauseelement
    ret = self._execute_context(
          ^^^^^^^^^^^^^^^^^^^^^^
  File "/home/airflow/.local/lib/python3.12/site-packages/sqlalchemy/engine/base.py", line 1953, in _execute_context
    self._handle_dbapi_exception(
  File "/home/airflow/.local/lib/python3.12/site-packages/sqlalchemy/engine/base.py", line 2134, in _handle_dbapi_exception
    util.raise_(
  File "/home/airflow/.local/lib/python3.12/site-packages/sqlalchemy/util/compat.py", line 211, in raise_
    raise exception
  File "/home/airflow/.local/lib/python3.12/site-packages/sqlalchemy/engine/base.py", line 1910, in _execute_context
    self.dialect.do_execute(
  File "/home/airflow/.local/lib/python3.12/site-packages/sqlalchemy/engine/default.py", line 736, in do_execute
    cursor.execute(statement, parameters)
sqlalchemy.exc.OperationalError: (psycopg2.errors.IoError) could not open file "base/16384/98660": Input/output error

[SQL: SELECT job.id AS job_id, job.dag_id AS job_dag_id, job.state AS job_state, job.job_type AS job_job_type, job.start_date AS job_start_date, job.end_date AS job_end_date, job.latest_heartbeat AS job_latest_heartbeat, job.executor_class AS job_executor_class, job.hostname AS job_hostname, job.unixname AS job_unixname 
FROM job 
WHERE job.id = %(pk_1)s]
[parameters: {'pk_1': 2954}]
(Background on this error at: https://sqlalche.me/e/14/e3q8)
[2024-09-10T17:43:14.593+0000] {job.py:245} ERROR - Job heartbeat failed with error. Scheduler may go into unhealthy state
[2024-09-10T17:43:19.770+0000] {job.py:229} INFO - Heartbeat recovered after 12.40 seconds
[2024-09-10T17:45:20.178+0000] {job.py:239} ERROR - Job heartbeat failed with error
Traceback (most recent call last):
  File "/home/airflow/.local/lib/python3.12/site-packages/sqlalchemy/engine/base.py", line 3371, in _wrap_pool_connect
    return fn()
           ^^^^
  File "/home/airflow/.local/lib/python3.12/site-packages/sqlalchemy/pool/base.py", line 327, in connect
    return _ConnectionFairy._checkout(self)
           ^^^^^^^^^^^^^^^^^^^^^^^^^^^^^^^^
  File "/home/airflow/.local/lib/python3.12/site-packages/sqlalchemy/pool/base.py", line 894, in _checkout
    fairy = _ConnectionRecord.checkout(pool)
            ^^^^^^^^^^^^^^^^^^^^^^^^^^^^^^^^
  File "/home/airflow/.local/lib/python3.12/site-packages/sqlalchemy/pool/base.py", line 493, in checkout
    rec = pool._do_get()
          ^^^^^^^^^^^^^^
  File "/home/airflow/.local/lib/python3.12/site-packages/sqlalchemy/pool/impl.py", line 256, in _do_get
    return self._create_connection()
           ^^^^^^^^^^^^^^^^^^^^^^^^^
  File "/home/airflow/.local/lib/python3.12/site-packages/sqlalchemy/pool/base.py", line 273, in _create_connection
    return _ConnectionRecord(self)
           ^^^^^^^^^^^^^^^^^^^^^^^
  File "/home/airflow/.local/lib/python3.12/site-packages/sqlalchemy/pool/base.py", line 388, in __init__
    self.__connect()
  File "/home/airflow/.local/lib/python3.12/site-packages/sqlalchemy/pool/base.py", line 690, in __connect
    with util.safe_reraise():
  File "/home/airflow/.local/lib/python3.12/site-packages/sqlalchemy/util/langhelpers.py", line 70, in __exit__
    compat.raise_(
  File "/home/airflow/.local/lib/python3.12/site-packages/sqlalchemy/util/compat.py", line 211, in raise_
    raise exception
  File "/home/airflow/.local/lib/python3.12/site-packages/sqlalchemy/pool/base.py", line 686, in __connect
    self.dbapi_connection = connection = pool._invoke_creator(self)
                                         ^^^^^^^^^^^^^^^^^^^^^^^^^^
  File "/home/airflow/.local/lib/python3.12/site-packages/sqlalchemy/engine/create.py", line 574, in connect
    return dialect.connect(*cargs, **cparams)
           ^^^^^^^^^^^^^^^^^^^^^^^^^^^^^^^^^^
  File "/home/airflow/.local/lib/python3.12/site-packages/sqlalchemy/engine/default.py", line 598, in connect
    return self.dbapi.connect(*cargs, **cparams)
           ^^^^^^^^^^^^^^^^^^^^^^^^^^^^^^^^^^^^^
  File "/home/airflow/.local/lib/python3.12/site-packages/psycopg2/__init__.py", line 122, in connect
    conn = _connect(dsn, connection_factory=connection_factory, **kwasync)
           ^^^^^^^^^^^^^^^^^^^^^^^^^^^^^^^^^^^^^^^^^^^^^^^^^^^^^^^^^^^^^^^
psycopg2.OperationalError: could not translate host name "***" to address: Temporary failure in name resolution


The above exception was the direct cause of the following exception:

Traceback (most recent call last):
  File "/home/airflow/.local/lib/python3.12/site-packages/airflow/jobs/job.py", line 207, in heartbeat
    self._merge_from(Job._fetch_from_db(self, session))
                     ^^^^^^^^^^^^^^^^^^^^^^^^^^^^^^^^^
  File "/home/airflow/.local/lib/python3.12/site-packages/airflow/api_internal/internal_api_call.py", line 139, in wrapper
    return func(*args, **kwargs)
           ^^^^^^^^^^^^^^^^^^^^^
  File "/home/airflow/.local/lib/python3.12/site-packages/airflow/utils/session.py", line 94, in wrapper
    return func(*args, **kwargs)
           ^^^^^^^^^^^^^^^^^^^^^
  File "/home/airflow/.local/lib/python3.12/site-packages/airflow/utils/retries.py", line 93, in wrapped_function
    for attempt in run_with_db_retries(max_retries=retries, logger=logger, **retry_kwargs):
                   ^^^^^^^^^^^^^^^^^^^^^^^^^^^^^^^^^^^^^^^^^^^^^^^^^^^^^^^^^^^^^^^^^^^^^^^
  File "/home/airflow/.local/lib/python3.12/site-packages/tenacity/__init__.py", line 443, in __iter__
    do = self.iter(retry_state=retry_state)
         ^^^^^^^^^^^^^^^^^^^^^^^^^^^^^^^^^^
  File "/home/airflow/.local/lib/python3.12/site-packages/tenacity/__init__.py", line 376, in iter
    result = action(retry_state)
             ^^^^^^^^^^^^^^^^^^^
  File "/home/airflow/.local/lib/python3.12/site-packages/tenacity/__init__.py", line 418, in exc_check
    raise retry_exc.reraise()
          ^^^^^^^^^^^^^^^^^^^
  File "/home/airflow/.local/lib/python3.12/site-packages/tenacity/__init__.py", line 185, in reraise
    raise self.last_attempt.result()
          ^^^^^^^^^^^^^^^^^^^^^^^^^^
  File "/usr/local/lib/python3.12/concurrent/futures/_base.py", line 449, in result
    return self.__get_result()
           ^^^^^^^^^^^^^^^^^^^
  File "/usr/local/lib/python3.12/concurrent/futures/_base.py", line 401, in __get_result
    raise self._exception
  File "/home/airflow/.local/lib/python3.12/site-packages/airflow/utils/retries.py", line 102, in wrapped_function
    return func(*args, **kwargs)
           ^^^^^^^^^^^^^^^^^^^^^
  File "/home/airflow/.local/lib/python3.12/site-packages/airflow/jobs/job.py", line 335, in _fetch_from_db
    session.merge(job)
  File "/home/airflow/.local/lib/python3.12/site-packages/sqlalchemy/orm/session.py", line 3056, in merge
    return self._merge(
           ^^^^^^^^^^^^
  File "/home/airflow/.local/lib/python3.12/site-packages/sqlalchemy/orm/session.py", line 3136, in _merge
    merged = self.get(
             ^^^^^^^^^
  File "/home/airflow/.local/lib/python3.12/site-packages/sqlalchemy/orm/session.py", line 2853, in get
    return self._get_impl(
           ^^^^^^^^^^^^^^^
  File "/home/airflow/.local/lib/python3.12/site-packages/sqlalchemy/orm/session.py", line 2975, in _get_impl
    return db_load_fn(
           ^^^^^^^^^^^
  File "/home/airflow/.local/lib/python3.12/site-packages/sqlalchemy/orm/loading.py", line 530, in load_on_pk_identity
    session.execute(
  File "/home/airflow/.local/lib/python3.12/site-packages/sqlalchemy/orm/session.py", line 1716, in execute
    conn = self._connection_for_bind(bind)
           ^^^^^^^^^^^^^^^^^^^^^^^^^^^^^^^
  File "/home/airflow/.local/lib/python3.12/site-packages/sqlalchemy/orm/session.py", line 1555, in _connection_for_bind
    return self._transaction._connection_for_bind(
           ^^^^^^^^^^^^^^^^^^^^^^^^^^^^^^^^^^^^^^^
  File "/home/airflow/.local/lib/python3.12/site-packages/sqlalchemy/orm/session.py", line 750, in _connection_for_bind
    conn = bind.connect()
           ^^^^^^^^^^^^^^
  File "/home/airflow/.local/lib/python3.12/site-packages/sqlalchemy/future/engine.py", line 412, in connect
    return super(Engine, self).connect()
           ^^^^^^^^^^^^^^^^^^^^^^^^^^^^^
  File "/home/airflow/.local/lib/python3.12/site-packages/sqlalchemy/engine/base.py", line 3325, in connect
    return self._connection_cls(self, close_with_result=close_with_result)
           ^^^^^^^^^^^^^^^^^^^^^^^^^^^^^^^^^^^^^^^^^^^^^^^^^^^^^^^^^^^^^^^
  File "/home/airflow/.local/lib/python3.12/site-packages/sqlalchemy/engine/base.py", line 96, in __init__
    else engine.raw_connection()
         ^^^^^^^^^^^^^^^^^^^^^^^
  File "/home/airflow/.local/lib/python3.12/site-packages/sqlalchemy/engine/base.py", line 3404, in raw_connection
    return self._wrap_pool_connect(self.pool.connect, _connection)
           ^^^^^^^^^^^^^^^^^^^^^^^^^^^^^^^^^^^^^^^^^^^^^^^^^^^^^^^
  File "/home/airflow/.local/lib/python3.12/site-packages/sqlalchemy/engine/base.py", line 3374, in _wrap_pool_connect
    Connection._handle_dbapi_exception_noconnection(
  File "/home/airflow/.local/lib/python3.12/site-packages/sqlalchemy/engine/base.py", line 2208, in _handle_dbapi_exception_noconnection
    util.raise_(
  File "/home/airflow/.local/lib/python3.12/site-packages/sqlalchemy/util/compat.py", line 211, in raise_
    raise exception
  File "/home/airflow/.local/lib/python3.12/site-packages/sqlalchemy/engine/base.py", line 3371, in _wrap_pool_connect
    return fn()
           ^^^^
  File "/home/airflow/.local/lib/python3.12/site-packages/sqlalchemy/pool/base.py", line 327, in connect
    return _ConnectionFairy._checkout(self)
           ^^^^^^^^^^^^^^^^^^^^^^^^^^^^^^^^
  File "/home/airflow/.local/lib/python3.12/site-packages/sqlalchemy/pool/base.py", line 894, in _checkout
    fairy = _ConnectionRecord.checkout(pool)
            ^^^^^^^^^^^^^^^^^^^^^^^^^^^^^^^^
  File "/home/airflow/.local/lib/python3.12/site-packages/sqlalchemy/pool/base.py", line 493, in checkout
    rec = pool._do_get()
          ^^^^^^^^^^^^^^
  File "/home/airflow/.local/lib/python3.12/site-packages/sqlalchemy/pool/impl.py", line 256, in _do_get
    return self._create_connection()
           ^^^^^^^^^^^^^^^^^^^^^^^^^
  File "/home/airflow/.local/lib/python3.12/site-packages/sqlalchemy/pool/base.py", line 273, in _create_connection
    return _ConnectionRecord(self)
           ^^^^^^^^^^^^^^^^^^^^^^^
  File "/home/airflow/.local/lib/python3.12/site-packages/sqlalchemy/pool/base.py", line 388, in __init__
    self.__connect()
  File "/home/airflow/.local/lib/python3.12/site-packages/sqlalchemy/pool/base.py", line 690, in __connect
    with util.safe_reraise():
  File "/home/airflow/.local/lib/python3.12/site-packages/sqlalchemy/util/langhelpers.py", line 70, in __exit__
    compat.raise_(
  File "/home/airflow/.local/lib/python3.12/site-packages/sqlalchemy/util/compat.py", line 211, in raise_
    raise exception
  File "/home/airflow/.local/lib/python3.12/site-packages/sqlalchemy/pool/base.py", line 686, in __connect
    self.dbapi_connection = connection = pool._invoke_creator(self)
                                         ^^^^^^^^^^^^^^^^^^^^^^^^^^
  File "/home/airflow/.local/lib/python3.12/site-packages/sqlalchemy/engine/create.py", line 574, in connect
    return dialect.connect(*cargs, **cparams)
           ^^^^^^^^^^^^^^^^^^^^^^^^^^^^^^^^^^
  File "/home/airflow/.local/lib/python3.12/site-packages/sqlalchemy/engine/default.py", line 598, in connect
    return self.dbapi.connect(*cargs, **cparams)
           ^^^^^^^^^^^^^^^^^^^^^^^^^^^^^^^^^^^^^
  File "/home/airflow/.local/lib/python3.12/site-packages/psycopg2/__init__.py", line 122, in connect
    conn = _connect(dsn, connection_factory=connection_factory, **kwasync)
           ^^^^^^^^^^^^^^^^^^^^^^^^^^^^^^^^^^^^^^^^^^^^^^^^^^^^^^^^^^^^^^^
sqlalchemy.exc.OperationalError: (psycopg2.OperationalError) could not translate host name "***" to address: Temporary failure in name resolution

(Background on this error at: https://sqlalche.me/e/14/e3q8)
[2024-09-10T17:45:20.422+0000] {job.py:254} ERROR - Job heartbeat failed with error. Scheduler is in unhealthy state
[2024-09-10T17:45:20.441+0000] {local_task_job_runner.py:266} INFO - Task exited with return code -9For more information, see https://airflow.apache.org/docs/apache-airflow/stable/troubleshooting.html#LocalTaskJob-killed
[2024-09-10T17:45:23.181+0000] {taskinstance.py:3900} INFO - 0 downstream tasks scheduled from follow-on schedule check
[2024-09-10T17:45:23.187+0000] {local_task_job_runner.py:245} INFO - ::endgroup::
