[2024-09-22T18:00:38.251+0000] {local_task_job_runner.py:123} INFO - ::group::Pre task execution logs
[2024-09-22T18:00:39.586+0000] {taskinstance.py:2612} INFO - Dependencies all met for dep_context=non-requeueable deps ti=<TaskInstance: welcome_dag.print_welcome scheduled__2024-09-22T18:00:28+00:00 [queued]>
[2024-09-22T18:00:39.658+0000] {taskinstance.py:2612} INFO - Dependencies all met for dep_context=requeueable deps ti=<TaskInstance: welcome_dag.print_welcome scheduled__2024-09-22T18:00:28+00:00 [queued]>
[2024-09-22T18:00:39.668+0000] {taskinstance.py:2865} INFO - Starting attempt 1 of 1
[2024-09-22T18:00:39.776+0000] {taskinstance.py:2888} INFO - Executing <Task(PythonOperator): print_welcome> on 2024-09-22 18:00:28+00:00
[2024-09-22T18:00:39.856+0000] {standard_task_runner.py:104} INFO - Running: ['airflow', 'tasks', 'run', 'welcome_dag', 'print_welcome', 'scheduled__2024-09-22T18:00:28+00:00', '--job-id', '5709', '--raw', '--subdir', 'DAGS_FOLDER/Awelcome_dags.py', '--cfg-path', '/tmp/tmpkujwxfg_']
[2024-09-22T18:00:39.868+0000] {standard_task_runner.py:105} INFO - Job 5709: Subtask print_welcome
[2024-09-22T18:00:39.999+0000] {logging_mixin.py:190} WARNING - /home/airflow/.local/lib/python3.12/site-packages/airflow/task/task_runner/standard_task_runner.py:70 DeprecationWarning: This process (pid=35129) is multi-threaded, use of fork() may lead to deadlocks in the child.
[2024-09-22T18:00:40.002+0000] {standard_task_runner.py:72} INFO - Started process 35171 to run task
[2024-09-22T18:00:42.681+0000] {task_command.py:467} INFO - Running <TaskInstance: welcome_dag.print_welcome scheduled__2024-09-22T18:00:28+00:00 [running]> on host 93b0c38322b3
[2024-09-22T18:00:45.765+0000] {job.py:229} INFO - Heartbeat recovered after 11.17 seconds
[2024-09-22T18:00:45.921+0000] {taskinstance.py:3131} INFO - Exporting env vars: AIRFLOW_CTX_DAG_OWNER='airflow' AIRFLOW_CTX_DAG_ID='welcome_dag' AIRFLOW_CTX_TASK_ID='print_welcome' AIRFLOW_CTX_EXECUTION_DATE='2024-09-22T18:00:28+00:00' AIRFLOW_CTX_TRY_NUMBER='1' AIRFLOW_CTX_DAG_RUN_ID='scheduled__2024-09-22T18:00:28+00:00'
[2024-09-22T18:00:45.931+0000] {taskinstance.py:731} INFO - ::endgroup::
[2024-09-22T18:00:46.063+0000] {logging_mixin.py:190} INFO - Welcome to Airflow!
[2024-09-22T18:00:46.085+0000] {python.py:240} INFO - Done. Returned value was: None
[2024-09-22T18:00:47.052+0000] {taskinstance.py:340} INFO - ::group::Post task execution logs
[2024-09-22T18:00:47.054+0000] {taskinstance.py:352} INFO - Marking task as SUCCESS. dag_id=welcome_dag, task_id=print_welcome, run_id=scheduled__2024-09-22T18:00:28+00:00, execution_date=20240922T180028, start_date=20240922T180039, end_date=20240922T180047
[2024-09-22T18:00:47.183+0000] {local_task_job_runner.py:266} INFO - Task exited with return code 0
[2024-09-22T18:00:47.884+0000] {taskinstance.py:3900} INFO - 1 downstream tasks scheduled from follow-on schedule check
[2024-09-22T18:00:47.908+0000] {local_task_job_runner.py:245} INFO - ::endgroup::
