[2024-09-14T21:30:08.559+0000] {local_task_job_runner.py:123} INFO - ::group::Pre task execution logs
[2024-09-14T21:30:09.332+0000] {taskinstance.py:2612} INFO - Dependencies all met for dep_context=non-requeueable deps ti=<TaskInstance: correction_Dag_Negative_Value.correct_negative_values scheduled__2024-09-14T21:25:00+00:00 [queued]>
[2024-09-14T21:30:09.432+0000] {taskinstance.py:2612} INFO - Dependencies all met for dep_context=requeueable deps ti=<TaskInstance: correction_Dag_Negative_Value.correct_negative_values scheduled__2024-09-14T21:25:00+00:00 [queued]>
[2024-09-14T21:30:09.434+0000] {taskinstance.py:2865} INFO - Starting attempt 1 of 2
[2024-09-14T21:30:09.661+0000] {taskinstance.py:2888} INFO - Executing <Task(PythonOperator): correct_negative_values> on 2024-09-14 21:25:00+00:00
[2024-09-14T21:30:09.820+0000] {logging_mixin.py:190} WARNING - /home/airflow/.local/lib/python3.12/site-packages/airflow/task/task_runner/standard_task_runner.py:70 DeprecationWarning: This process (pid=5752) is multi-threaded, use of fork() may lead to deadlocks in the child.
[2024-09-14T21:30:09.829+0000] {standard_task_runner.py:72} INFO - Started process 5798 to run task
[2024-09-14T21:30:09.845+0000] {standard_task_runner.py:104} INFO - Running: ['airflow', 'tasks', 'run', 'correction_Dag_Negative_Value', 'correct_negative_values', 'scheduled__2024-09-14T21:25:00+00:00', '--job-id', '4706', '--raw', '--subdir', 'DAGS_FOLDER/Correction_dag_Negative_Value.py', '--cfg-path', '/tmp/tmpy31cre5m']
[2024-09-14T21:30:09.932+0000] {standard_task_runner.py:105} INFO - Job 4706: Subtask correct_negative_values
[2024-09-14T21:30:14.101+0000] {task_command.py:467} INFO - Running <TaskInstance: correction_Dag_Negative_Value.correct_negative_values scheduled__2024-09-14T21:25:00+00:00 [running]> on host 7403e816bcf5
[2024-09-14T21:30:15.932+0000] {job.py:229} INFO - Heartbeat recovered after 13.52 seconds
[2024-09-14T21:30:19.558+0000] {taskinstance.py:3131} INFO - Exporting env vars: AIRFLOW_CTX_DAG_OWNER='airflow' AIRFLOW_CTX_DAG_ID='correction_Dag_Negative_Value' AIRFLOW_CTX_TASK_ID='correct_negative_values' AIRFLOW_CTX_EXECUTION_DATE='2024-09-14T21:25:00+00:00' AIRFLOW_CTX_TRY_NUMBER='1' AIRFLOW_CTX_DAG_RUN_ID='scheduled__2024-09-14T21:25:00+00:00'
[2024-09-14T21:30:19.582+0000] {taskinstance.py:731} INFO - ::endgroup::
[2024-09-14T21:30:21.003+0000] {logging_mixin.py:190} INFO - Anomalies corrigées avec succès.
[2024-09-14T21:30:21.005+0000] {python.py:240} INFO - Done. Returned value was: None
[2024-09-14T21:30:22.327+0000] {taskinstance.py:340} INFO - ::group::Post task execution logs
[2024-09-14T21:30:22.338+0000] {taskinstance.py:352} INFO - Marking task as SUCCESS. dag_id=correction_Dag_Negative_Value, task_id=correct_negative_values, run_id=scheduled__2024-09-14T21:25:00+00:00, execution_date=20240914T212500, start_date=20240914T213009, end_date=20240914T213022
[2024-09-14T21:30:22.805+0000] {local_task_job_runner.py:266} INFO - Task exited with return code 0
[2024-09-14T21:30:24.513+0000] {taskinstance.py:3900} INFO - 0 downstream tasks scheduled from follow-on schedule check
[2024-09-14T21:30:24.554+0000] {local_task_job_runner.py:245} INFO - ::endgroup::
[2024-09-14T21:30:24.933+0000] {standard_task_runner.py:217} INFO - Process not found (most likely exited), stop collecting metrics
