[2024-09-13T20:05:38.059+0000] {local_task_job_runner.py:123} INFO - ::group::Pre task execution logs
[2024-09-13T20:05:38.198+0000] {taskinstance.py:2612} INFO - Dependencies all met for dep_context=non-requeueable deps ti=<TaskInstance: dag_detect_excessively_high_total_amount.run_anomaly_detection scheduled__2024-09-13T19:45:00+00:00 [queued]>
[2024-09-13T20:05:38.211+0000] {taskinstance.py:2612} INFO - Dependencies all met for dep_context=requeueable deps ti=<TaskInstance: dag_detect_excessively_high_total_amount.run_anomaly_detection scheduled__2024-09-13T19:45:00+00:00 [queued]>
[2024-09-13T20:05:38.212+0000] {taskinstance.py:2865} INFO - Starting attempt 2 of 2
[2024-09-13T20:05:38.285+0000] {taskinstance.py:2888} INFO - Executing <Task(PythonOperator): run_anomaly_detection> on 2024-09-13 19:45:00+00:00
[2024-09-13T20:05:38.297+0000] {logging_mixin.py:190} WARNING - /home/airflow/.local/lib/python3.12/site-packages/airflow/task/task_runner/standard_task_runner.py:70 DeprecationWarning: This process (pid=57068) is multi-threaded, use of fork() may lead to deadlocks in the child.
[2024-09-13T20:05:38.299+0000] {standard_task_runner.py:72} INFO - Started process 57083 to run task
[2024-09-13T20:05:38.298+0000] {standard_task_runner.py:104} INFO - Running: ['airflow', 'tasks', 'run', 'dag_detect_excessively_high_total_amount', 'run_anomaly_detection', 'scheduled__2024-09-13T19:45:00+00:00', '--job-id', '3445', '--raw', '--subdir', 'DAGS_FOLDER/dag_detect_excessively_high_total_amount.py', '--cfg-path', '/tmp/tmpodt3rjcv']
[2024-09-13T20:05:38.301+0000] {standard_task_runner.py:105} INFO - Job 3445: Subtask run_anomaly_detection
[2024-09-13T20:05:38.654+0000] {task_command.py:467} INFO - Running <TaskInstance: dag_detect_excessively_high_total_amount.run_anomaly_detection scheduled__2024-09-13T19:45:00+00:00 [running]> on host 7403e816bcf5
[2024-09-13T20:05:39.177+0000] {taskinstance.py:3131} INFO - Exporting env vars: AIRFLOW_CTX_DAG_OWNER='airflow' AIRFLOW_CTX_DAG_ID='dag_detect_excessively_high_total_amount' AIRFLOW_CTX_TASK_ID='run_anomaly_detection' AIRFLOW_CTX_EXECUTION_DATE='2024-09-13T19:45:00+00:00' AIRFLOW_CTX_TRY_NUMBER='2' AIRFLOW_CTX_DAG_RUN_ID='scheduled__2024-09-13T19:45:00+00:00'
[2024-09-13T20:05:39.179+0000] {taskinstance.py:731} INFO - ::endgroup::
[2024-09-13T20:05:39.196+0000] {dag_detect_excessively_high_total_amount.py:118} INFO - Starting anomaly detection process
[2024-09-13T20:05:39.816+0000] {dag_detect_excessively_high_total_amount.py:124} INFO - Loaded 15 transactions and 4 products
[2024-09-13T20:05:39.846+0000] {dag_detect_excessively_high_total_amount.py:127} INFO - Detected 0 anomalies
[2024-09-13T20:05:40.123+0000] {dag_detect_excessively_high_total_amount.py:111} INFO - Inserted 0 new anomalies.
[2024-09-13T20:05:40.124+0000] {dag_detect_excessively_high_total_amount.py:130} INFO - Anomaly detection process completed successfully
[2024-09-13T20:05:40.124+0000] {python.py:240} INFO - Done. Returned value was: None
[2024-09-13T20:05:40.221+0000] {taskinstance.py:340} INFO - ::group::Post task execution logs
[2024-09-13T20:05:40.222+0000] {taskinstance.py:352} INFO - Marking task as SUCCESS. dag_id=dag_detect_excessively_high_total_amount, task_id=run_anomaly_detection, run_id=scheduled__2024-09-13T19:45:00+00:00, execution_date=20240913T194500, start_date=20240913T200538, end_date=20240913T200540
[2024-09-13T20:05:40.283+0000] {local_task_job_runner.py:266} INFO - Task exited with return code 0
[2024-09-13T20:05:40.444+0000] {taskinstance.py:3900} INFO - 0 downstream tasks scheduled from follow-on schedule check
[2024-09-13T20:05:40.451+0000] {local_task_job_runner.py:245} INFO - ::endgroup::
