[2024-09-10T12:35:06.661+0000] {local_task_job_runner.py:123} INFO - ::group::Pre task execution logs
[2024-09-10T12:35:07.605+0000] {taskinstance.py:2612} INFO - Dependencies all met for dep_context=non-requeueable deps ti=<TaskInstance: correction_Dag_Valeu_NULL.correct_transactions_anomalies scheduled__2024-09-10T12:30:00+00:00 [queued]>
[2024-09-10T12:35:07.696+0000] {taskinstance.py:2612} INFO - Dependencies all met for dep_context=requeueable deps ti=<TaskInstance: correction_Dag_Valeu_NULL.correct_transactions_anomalies scheduled__2024-09-10T12:30:00+00:00 [queued]>
[2024-09-10T12:35:07.700+0000] {taskinstance.py:2865} INFO - Starting attempt 1 of 2
[2024-09-10T12:35:08.674+0000] {taskinstance.py:2888} INFO - Executing <Task(PythonOperator): correct_transactions_anomalies> on 2024-09-10 12:30:00+00:00
[2024-09-10T12:35:08.740+0000] {standard_task_runner.py:104} INFO - Running: ['airflow', 'tasks', 'run', 'correction_Dag_Valeu_NULL', 'correct_transactions_anomalies', 'scheduled__2024-09-10T12:30:00+00:00', '--job-id', '2192', '--raw', '--subdir', 'DAGS_FOLDER/Correction_dag_Valeur_NULL.py', '--cfg-path', '/tmp/tmpvyl1vm7n']
[2024-09-10T12:35:08.775+0000] {standard_task_runner.py:105} INFO - Job 2192: Subtask correct_transactions_anomalies
[2024-09-10T12:35:08.813+0000] {logging_mixin.py:190} WARNING - /home/airflow/.local/lib/python3.12/site-packages/airflow/task/task_runner/standard_task_runner.py:70 DeprecationWarning: This process (pid=7054) is multi-threaded, use of fork() may lead to deadlocks in the child.
[2024-09-10T12:35:08.815+0000] {standard_task_runner.py:72} INFO - Started process 7073 to run task
[2024-09-10T12:35:11.634+0000] {task_command.py:467} INFO - Running <TaskInstance: correction_Dag_Valeu_NULL.correct_transactions_anomalies scheduled__2024-09-10T12:30:00+00:00 [running]> on host 6d70a6e2c42a
[2024-09-10T12:35:15.056+0000] {job.py:229} INFO - Heartbeat recovered after 10.56 seconds
[2024-09-10T12:35:15.373+0000] {taskinstance.py:3131} INFO - Exporting env vars: AIRFLOW_CTX_DAG_OWNER='airflow' AIRFLOW_CTX_DAG_ID='correction_Dag_Valeu_NULL' AIRFLOW_CTX_TASK_ID='correct_transactions_anomalies' AIRFLOW_CTX_EXECUTION_DATE='2024-09-10T12:30:00+00:00' AIRFLOW_CTX_TRY_NUMBER='1' AIRFLOW_CTX_DAG_RUN_ID='scheduled__2024-09-10T12:30:00+00:00'
[2024-09-10T12:35:15.379+0000] {taskinstance.py:731} INFO - ::endgroup::
[2024-09-10T12:35:17.586+0000] {logging_mixin.py:190} INFO - Correction des anomalies dans la table Transactions réussie.
[2024-09-10T12:35:17.589+0000] {python.py:240} INFO - Done. Returned value was: None
[2024-09-10T12:35:18.367+0000] {taskinstance.py:340} INFO - ::group::Post task execution logs
[2024-09-10T12:35:18.370+0000] {taskinstance.py:352} INFO - Marking task as SUCCESS. dag_id=correction_Dag_Valeu_NULL, task_id=correct_transactions_anomalies, run_id=scheduled__2024-09-10T12:30:00+00:00, execution_date=20240910T123000, start_date=20240910T123507, end_date=20240910T123518
[2024-09-10T12:35:18.469+0000] {local_task_job_runner.py:266} INFO - Task exited with return code 0
[2024-09-10T12:35:18.844+0000] {standard_task_runner.py:217} INFO - Process not found (most likely exited), stop collecting metrics
[2024-09-10T12:35:19.397+0000] {local_task_job_runner.py:245} INFO - ::endgroup::
