[2024-09-11T01:01:15.419+0000] {local_task_job_runner.py:123} INFO - ::group::Pre task execution logs
[2024-09-11T01:01:16.628+0000] {taskinstance.py:2612} INFO - Dependencies all met for dep_context=non-requeueable deps ti=<TaskInstance: welcome_dag.print_date scheduled__2024-09-11T01:00:06+00:00 [queued]>
[2024-09-11T01:01:16.783+0000] {taskinstance.py:2612} INFO - Dependencies all met for dep_context=requeueable deps ti=<TaskInstance: welcome_dag.print_date scheduled__2024-09-11T01:00:06+00:00 [queued]>
[2024-09-11T01:01:16.787+0000] {taskinstance.py:2865} INFO - Starting attempt 1 of 1
[2024-09-11T01:01:17.083+0000] {taskinstance.py:2888} INFO - Executing <Task(PythonOperator): print_date> on 2024-09-11 01:00:06+00:00
[2024-09-11T01:01:17.181+0000] {standard_task_runner.py:104} INFO - Running: ['airflow', 'tasks', 'run', 'welcome_dag', 'print_date', 'scheduled__2024-09-11T01:00:06+00:00', '--job-id', '436', '--raw', '--subdir', 'DAGS_FOLDER/Awelcome_dags.py', '--cfg-path', '/tmp/tmpshr0gxff']
[2024-09-11T01:01:17.203+0000] {standard_task_runner.py:105} INFO - Job 436: Subtask print_date
[2024-09-11T01:01:17.327+0000] {logging_mixin.py:190} WARNING - /home/airflow/.local/lib/python3.12/site-packages/airflow/task/task_runner/standard_task_runner.py:70 DeprecationWarning: This process (pid=8527) is multi-threaded, use of fork() may lead to deadlocks in the child.
[2024-09-11T01:01:17.332+0000] {standard_task_runner.py:72} INFO - Started process 8557 to run task
[2024-09-11T01:01:22.551+0000] {task_command.py:467} INFO - Running <TaskInstance: welcome_dag.print_date scheduled__2024-09-11T01:00:06+00:00 [running]> on host 5cd9362923f6
[2024-09-11T01:01:24.798+0000] {job.py:229} INFO - Heartbeat recovered after 13.77 seconds
[2024-09-11T01:01:28.419+0000] {taskinstance.py:3131} INFO - Exporting env vars: AIRFLOW_CTX_DAG_OWNER='airflow' AIRFLOW_CTX_DAG_ID='welcome_dag' AIRFLOW_CTX_TASK_ID='print_date' AIRFLOW_CTX_EXECUTION_DATE='2024-09-11T01:00:06+00:00' AIRFLOW_CTX_TRY_NUMBER='1' AIRFLOW_CTX_DAG_RUN_ID='scheduled__2024-09-11T01:00:06+00:00'
[2024-09-11T01:01:28.427+0000] {taskinstance.py:731} INFO - ::endgroup::
[2024-09-11T01:01:28.486+0000] {logging_mixin.py:190} INFO - Today is 2024-09-11
[2024-09-11T01:01:28.492+0000] {python.py:240} INFO - Done. Returned value was: None
[2024-09-11T01:01:29.388+0000] {taskinstance.py:340} INFO - ::group::Post task execution logs
[2024-09-11T01:01:29.394+0000] {taskinstance.py:352} INFO - Marking task as SUCCESS. dag_id=welcome_dag, task_id=print_date, run_id=scheduled__2024-09-11T01:00:06+00:00, execution_date=20240911T010006, start_date=20240911T010116, end_date=20240911T010129
[2024-09-11T01:01:29.990+0000] {local_task_job_runner.py:266} INFO - Task exited with return code 0
[2024-09-11T01:01:32.352+0000] {standard_task_runner.py:217} INFO - Process not found (most likely exited), stop collecting metrics
[2024-09-11T01:01:32.756+0000] {taskinstance.py:3900} INFO - 0 downstream tasks scheduled from follow-on schedule check
[2024-09-11T01:01:32.861+0000] {local_task_job_runner.py:245} INFO - ::endgroup::
