[2024-09-11T14:01:42.680+0000] {local_task_job_runner.py:123} INFO - ::group::Pre task execution logs
[2024-09-11T14:01:43.344+0000] {taskinstance.py:2612} INFO - Dependencies all met for dep_context=non-requeueable deps ti=<TaskInstance: welcome_dag.print_date scheduled__2024-09-11T14:00:58+00:00 [queued]>
[2024-09-11T14:01:43.382+0000] {taskinstance.py:2612} INFO - Dependencies all met for dep_context=requeueable deps ti=<TaskInstance: welcome_dag.print_date scheduled__2024-09-11T14:00:58+00:00 [queued]>
[2024-09-11T14:01:43.386+0000] {taskinstance.py:2865} INFO - Starting attempt 1 of 1
[2024-09-11T14:01:43.454+0000] {taskinstance.py:2888} INFO - Executing <Task(PythonOperator): print_date> on 2024-09-11 14:00:58+00:00
[2024-09-11T14:01:43.497+0000] {logging_mixin.py:190} WARNING - /home/airflow/.local/lib/python3.12/site-packages/airflow/task/task_runner/standard_task_runner.py:70 DeprecationWarning: This process (pid=7606) is multi-threaded, use of fork() may lead to deadlocks in the child.
[2024-09-11T14:01:43.500+0000] {standard_task_runner.py:72} INFO - Started process 7642 to run task
[2024-09-11T14:01:43.494+0000] {standard_task_runner.py:104} INFO - Running: ['airflow', 'tasks', 'run', 'welcome_dag', 'print_date', 'scheduled__2024-09-11T14:00:58+00:00', '--job-id', '724', '--raw', '--subdir', 'DAGS_FOLDER/Awelcome_dags.py', '--cfg-path', '/tmp/tmpd55nzzyj']
[2024-09-11T14:01:43.547+0000] {standard_task_runner.py:105} INFO - Job 724: Subtask print_date
[2024-09-11T14:01:46.375+0000] {task_command.py:467} INFO - Running <TaskInstance: welcome_dag.print_date scheduled__2024-09-11T14:00:58+00:00 [running]> on host 180117ed1726
[2024-09-11T14:01:49.797+0000] {job.py:229} INFO - Heartbeat recovered after 10.86 seconds
[2024-09-11T14:01:50.319+0000] {taskinstance.py:3131} INFO - Exporting env vars: AIRFLOW_CTX_DAG_OWNER='airflow' AIRFLOW_CTX_DAG_ID='welcome_dag' AIRFLOW_CTX_TASK_ID='print_date' AIRFLOW_CTX_EXECUTION_DATE='2024-09-11T14:00:58+00:00' AIRFLOW_CTX_TRY_NUMBER='1' AIRFLOW_CTX_DAG_RUN_ID='scheduled__2024-09-11T14:00:58+00:00'
[2024-09-11T14:01:50.324+0000] {taskinstance.py:731} INFO - ::endgroup::
[2024-09-11T14:01:50.364+0000] {logging_mixin.py:190} INFO - Today is 2024-09-11
[2024-09-11T14:01:50.370+0000] {python.py:240} INFO - Done. Returned value was: None
[2024-09-11T14:01:51.403+0000] {taskinstance.py:340} INFO - ::group::Post task execution logs
[2024-09-11T14:01:51.442+0000] {taskinstance.py:352} INFO - Marking task as SUCCESS. dag_id=welcome_dag, task_id=print_date, run_id=scheduled__2024-09-11T14:00:58+00:00, execution_date=20240911T140058, start_date=20240911T140143, end_date=20240911T140151
[2024-09-11T14:01:51.827+0000] {local_task_job_runner.py:266} INFO - Task exited with return code 0
[2024-09-11T14:01:52.256+0000] {taskinstance.py:3900} INFO - 0 downstream tasks scheduled from follow-on schedule check
[2024-09-11T14:01:52.262+0000] {local_task_job_runner.py:245} INFO - ::endgroup::
