[2024-09-10T12:36:04.885+0000] {local_task_job_runner.py:123} INFO - ::group::Pre task execution logs
[2024-09-10T12:36:05.730+0000] {taskinstance.py:2612} INFO - Dependencies all met for dep_context=non-requeueable deps ti=<TaskInstance: correction_Dag_no_NumericValues.Correct_Non_numeric_Quantity scheduled__2024-09-10T12:25:00+00:00 [queued]>
[2024-09-10T12:36:05.825+0000] {taskinstance.py:2612} INFO - Dependencies all met for dep_context=requeueable deps ti=<TaskInstance: correction_Dag_no_NumericValues.Correct_Non_numeric_Quantity scheduled__2024-09-10T12:25:00+00:00 [queued]>
[2024-09-10T12:36:05.842+0000] {taskinstance.py:2865} INFO - Starting attempt 2 of 2
[2024-09-10T12:36:06.041+0000] {taskinstance.py:2888} INFO - Executing <Task(PythonOperator): Correct_Non_numeric_Quantity> on 2024-09-10 12:25:00+00:00
[2024-09-10T12:36:06.076+0000] {logging_mixin.py:190} WARNING - /home/airflow/.local/lib/python3.12/site-packages/airflow/task/task_runner/standard_task_runner.py:70 DeprecationWarning: This process (pid=7184) is multi-threaded, use of fork() may lead to deadlocks in the child.
[2024-09-10T12:36:06.081+0000] {standard_task_runner.py:72} INFO - Started process 7256 to run task
[2024-09-10T12:36:06.099+0000] {standard_task_runner.py:104} INFO - Running: ['airflow', 'tasks', 'run', 'correction_Dag_no_NumericValues', 'Correct_Non_numeric_Quantity', 'scheduled__2024-09-10T12:25:00+00:00', '--job-id', '2204', '--raw', '--subdir', 'DAGS_FOLDER/correction_Dag_no_NumericValues.py', '--cfg-path', '/tmp/tmpq8g61imr']
[2024-09-10T12:36:06.106+0000] {standard_task_runner.py:105} INFO - Job 2204: Subtask Correct_Non_numeric_Quantity
[2024-09-10T12:36:10.031+0000] {task_command.py:467} INFO - Running <TaskInstance: correction_Dag_no_NumericValues.Correct_Non_numeric_Quantity scheduled__2024-09-10T12:25:00+00:00 [running]> on host 6d70a6e2c42a
[2024-09-10T12:36:36.487+0000] {job.py:229} INFO - Heartbeat recovered after 35.25 seconds
[2024-09-10T12:36:39.274+0000] {taskinstance.py:3131} INFO - Exporting env vars: AIRFLOW_CTX_DAG_OWNER='airflow' AIRFLOW_CTX_DAG_ID='correction_Dag_no_NumericValues' AIRFLOW_CTX_TASK_ID='Correct_Non_numeric_Quantity' AIRFLOW_CTX_EXECUTION_DATE='2024-09-10T12:25:00+00:00' AIRFLOW_CTX_TRY_NUMBER='2' AIRFLOW_CTX_DAG_RUN_ID='scheduled__2024-09-10T12:25:00+00:00'
[2024-09-10T12:36:39.280+0000] {taskinstance.py:731} INFO - ::endgroup::
[2024-09-10T12:36:41.938+0000] {logging_mixin.py:190} INFO - Anomalies textuelles corrigées avec succès dans la table Transactions.
[2024-09-10T12:36:43.332+0000] {python.py:240} INFO - Done. Returned value was: None
[2024-09-10T12:37:21.639+0000] {taskinstance.py:340} INFO - ::group::Post task execution logs
[2024-09-10T12:37:21.644+0000] {taskinstance.py:352} INFO - Marking task as SUCCESS. dag_id=correction_Dag_no_NumericValues, task_id=Correct_Non_numeric_Quantity, run_id=scheduled__2024-09-10T12:25:00+00:00, execution_date=20240910T122500, start_date=20240910T123605, end_date=20240910T123721
[2024-09-10T12:37:21.746+0000] {job.py:229} INFO - Heartbeat recovered after 45.36 seconds
[2024-09-10T12:37:22.574+0000] {local_task_job_runner.py:266} INFO - Task exited with return code 0
[2024-09-10T12:37:23.345+0000] {taskinstance.py:3900} INFO - 0 downstream tasks scheduled from follow-on schedule check
[2024-09-10T12:37:23.361+0000] {local_task_job_runner.py:245} INFO - ::endgroup::
[2024-09-10T12:37:23.848+0000] {standard_task_runner.py:217} INFO - Process not found (most likely exited), stop collecting metrics
