[2024-09-10T21:01:01.791+0000] {local_task_job_runner.py:123} INFO - ::group::Pre task execution logs
[2024-09-10T21:01:02.716+0000] {taskinstance.py:2612} INFO - Dependencies all met for dep_context=non-requeueable deps ti=<TaskInstance: welcome_dag.print_date scheduled__2024-09-10T21:00:15+00:00 [queued]>
[2024-09-10T21:01:02.817+0000] {taskinstance.py:2612} INFO - Dependencies all met for dep_context=requeueable deps ti=<TaskInstance: welcome_dag.print_date scheduled__2024-09-10T21:00:15+00:00 [queued]>
[2024-09-10T21:01:02.893+0000] {taskinstance.py:2865} INFO - Starting attempt 1 of 1
[2024-09-10T21:01:03.167+0000] {taskinstance.py:2888} INFO - Executing <Task(PythonOperator): print_date> on 2024-09-10 21:00:15+00:00
[2024-09-10T21:01:03.227+0000] {standard_task_runner.py:104} INFO - Running: ['airflow', 'tasks', 'run', 'welcome_dag', 'print_date', 'scheduled__2024-09-10T21:00:15+00:00', '--job-id', '3427', '--raw', '--subdir', 'DAGS_FOLDER/Awelcome_dags.py', '--cfg-path', '/tmp/tmpvfy27qzk']
[2024-09-10T21:01:03.252+0000] {standard_task_runner.py:105} INFO - Job 3427: Subtask print_date
[2024-09-10T21:01:03.460+0000] {logging_mixin.py:190} WARNING - /home/airflow/.local/lib/python3.12/site-packages/airflow/task/task_runner/standard_task_runner.py:70 DeprecationWarning: This process (pid=4390) is multi-threaded, use of fork() may lead to deadlocks in the child.
[2024-09-10T21:01:03.473+0000] {standard_task_runner.py:72} INFO - Started process 4436 to run task
[2024-09-10T21:01:06.995+0000] {task_command.py:467} INFO - Running <TaskInstance: welcome_dag.print_date scheduled__2024-09-10T21:00:15+00:00 [running]> on host f0946a6cef1f
[2024-09-10T21:01:09.225+0000] {job.py:229} INFO - Heartbeat recovered after 10.92 seconds
[2024-09-10T21:01:10.082+0000] {taskinstance.py:3131} INFO - Exporting env vars: AIRFLOW_CTX_DAG_OWNER='airflow' AIRFLOW_CTX_DAG_ID='welcome_dag' AIRFLOW_CTX_TASK_ID='print_date' AIRFLOW_CTX_EXECUTION_DATE='2024-09-10T21:00:15+00:00' AIRFLOW_CTX_TRY_NUMBER='1' AIRFLOW_CTX_DAG_RUN_ID='scheduled__2024-09-10T21:00:15+00:00'
[2024-09-10T21:01:10.094+0000] {taskinstance.py:731} INFO - ::endgroup::
[2024-09-10T21:01:10.192+0000] {logging_mixin.py:190} INFO - Today is 2024-09-10
[2024-09-10T21:01:10.197+0000] {python.py:240} INFO - Done. Returned value was: None
[2024-09-10T21:01:11.426+0000] {taskinstance.py:340} INFO - ::group::Post task execution logs
[2024-09-10T21:01:11.429+0000] {taskinstance.py:352} INFO - Marking task as SUCCESS. dag_id=welcome_dag, task_id=print_date, run_id=scheduled__2024-09-10T21:00:15+00:00, execution_date=20240910T210015, start_date=20240910T210102, end_date=20240910T210111
[2024-09-10T21:01:11.532+0000] {local_task_job_runner.py:266} INFO - Task exited with return code 0
[2024-09-10T21:01:12.424+0000] {taskinstance.py:3900} INFO - 0 downstream tasks scheduled from follow-on schedule check
[2024-09-10T21:01:12.448+0000] {local_task_job_runner.py:245} INFO - ::endgroup::
[2024-09-10T21:01:13.498+0000] {standard_task_runner.py:217} INFO - Process not found (most likely exited), stop collecting metrics
