[2024-09-12T13:00:14.876+0000] {local_task_job_runner.py:123} INFO - ::group::Pre task execution logs
[2024-09-12T13:00:16.484+0000] {taskinstance.py:2612} INFO - Dependencies all met for dep_context=non-requeueable deps ti=<TaskInstance: welcome_dag.print_welcome scheduled__2024-09-12T13:00:01+00:00 [queued]>
[2024-09-12T13:00:16.669+0000] {taskinstance.py:2612} INFO - Dependencies all met for dep_context=requeueable deps ti=<TaskInstance: welcome_dag.print_welcome scheduled__2024-09-12T13:00:01+00:00 [queued]>
[2024-09-12T13:00:16.676+0000] {taskinstance.py:2865} INFO - Starting attempt 1 of 1
[2024-09-12T13:00:17.151+0000] {taskinstance.py:2888} INFO - Executing <Task(PythonOperator): print_welcome> on 2024-09-12 13:00:01+00:00
[2024-09-12T13:00:17.421+0000] {standard_task_runner.py:104} INFO - Running: ['airflow', 'tasks', 'run', 'welcome_dag', 'print_welcome', 'scheduled__2024-09-12T13:00:01+00:00', '--job-id', '1905', '--raw', '--subdir', 'DAGS_FOLDER/Awelcome_dags.py', '--cfg-path', '/tmp/tmpmm0lz4sh']
[2024-09-12T13:00:17.444+0000] {standard_task_runner.py:105} INFO - Job 1905: Subtask print_welcome
[2024-09-12T13:00:17.513+0000] {logging_mixin.py:190} WARNING - /home/airflow/.local/lib/python3.12/site-packages/airflow/task/task_runner/standard_task_runner.py:70 DeprecationWarning: This process (pid=18181) is multi-threaded, use of fork() may lead to deadlocks in the child.
[2024-09-12T13:00:17.518+0000] {standard_task_runner.py:72} INFO - Started process 18214 to run task
[2024-09-12T13:00:28.251+0000] {job.py:229} INFO - Heartbeat recovered after 20.39 seconds
[2024-09-12T13:00:31.747+0000] {task_command.py:467} INFO - Running <TaskInstance: welcome_dag.print_welcome scheduled__2024-09-12T13:00:01+00:00 [running]> on host 7403e816bcf5
[2024-09-12T13:00:40.917+0000] {job.py:229} INFO - Heartbeat recovered after 12.84 seconds
[2024-09-12T13:00:45.136+0000] {taskinstance.py:3131} INFO - Exporting env vars: AIRFLOW_CTX_DAG_OWNER='airflow' AIRFLOW_CTX_DAG_ID='welcome_dag' AIRFLOW_CTX_TASK_ID='print_welcome' AIRFLOW_CTX_EXECUTION_DATE='2024-09-12T13:00:01+00:00' AIRFLOW_CTX_TRY_NUMBER='1' AIRFLOW_CTX_DAG_RUN_ID='scheduled__2024-09-12T13:00:01+00:00'
[2024-09-12T13:00:45.174+0000] {taskinstance.py:731} INFO - ::endgroup::
[2024-09-12T13:00:45.648+0000] {logging_mixin.py:190} INFO - Welcome to Airflow!
[2024-09-12T13:00:45.665+0000] {python.py:240} INFO - Done. Returned value was: None
[2024-09-12T13:00:49.003+0000] {taskinstance.py:340} INFO - ::group::Post task execution logs
[2024-09-12T13:00:49.013+0000] {taskinstance.py:352} INFO - Marking task as SUCCESS. dag_id=welcome_dag, task_id=print_welcome, run_id=scheduled__2024-09-12T13:00:01+00:00, execution_date=20240912T130001, start_date=20240912T130016, end_date=20240912T130049
[2024-09-12T13:01:00.866+0000] {local_task_job_runner.py:266} INFO - Task exited with return code 0
[2024-09-12T13:01:02.941+0000] {standard_task_runner.py:217} INFO - Process not found (most likely exited), stop collecting metrics
[2024-09-12T13:01:03.859+0000] {local_task_job_runner.py:245} INFO - ::endgroup::
