[2024-09-13T20:00:06.886+0000] {local_task_job_runner.py:123} INFO - ::group::Pre task execution logs
[2024-09-13T20:00:07.819+0000] {taskinstance.py:2612} INFO - Dependencies all met for dep_context=non-requeueable deps ti=<TaskInstance: Correction_dag_high_total_amount.Correction_dag_high_total_amount scheduled__2024-09-13T19:55:00+00:00 [queued]>
[2024-09-13T20:00:07.956+0000] {taskinstance.py:2612} INFO - Dependencies all met for dep_context=requeueable deps ti=<TaskInstance: Correction_dag_high_total_amount.Correction_dag_high_total_amount scheduled__2024-09-13T19:55:00+00:00 [queued]>
[2024-09-13T20:00:07.963+0000] {taskinstance.py:2865} INFO - Starting attempt 1 of 2
[2024-09-13T20:00:08.380+0000] {taskinstance.py:2888} INFO - Executing <Task(PythonOperator): Correction_dag_high_total_amount> on 2024-09-13 19:55:00+00:00
[2024-09-13T20:00:08.677+0000] {logging_mixin.py:190} WARNING - /home/airflow/.local/lib/python3.12/site-packages/airflow/task/task_runner/standard_task_runner.py:70 DeprecationWarning: This process (pid=56030) is multi-threaded, use of fork() may lead to deadlocks in the child.
[2024-09-13T20:00:08.682+0000] {standard_task_runner.py:72} INFO - Started process 56067 to run task
[2024-09-13T20:00:08.705+0000] {standard_task_runner.py:104} INFO - Running: ['airflow', 'tasks', 'run', 'Correction_dag_high_total_amount', 'Correction_dag_high_total_amount', 'scheduled__2024-09-13T19:55:00+00:00', '--job-id', '3386', '--raw', '--subdir', 'DAGS_FOLDER/Correction_dag_high_total_amount.py', '--cfg-path', '/tmp/tmpgcyg38l3']
[2024-09-13T20:00:08.732+0000] {standard_task_runner.py:105} INFO - Job 3386: Subtask Correction_dag_high_total_amount
[2024-09-13T20:00:14.933+0000] {task_command.py:467} INFO - Running <TaskInstance: Correction_dag_high_total_amount.Correction_dag_high_total_amount scheduled__2024-09-13T19:55:00+00:00 [running]> on host 7403e816bcf5
[2024-09-13T20:00:14.984+0000] {job.py:229} INFO - Heartbeat recovered after 11.42 seconds
[2024-09-13T20:00:25.448+0000] {job.py:229} INFO - Heartbeat recovered after 10.50 seconds
[2024-09-13T20:00:27.809+0000] {taskinstance.py:3131} INFO - Exporting env vars: AIRFLOW_CTX_DAG_OWNER='airflow' AIRFLOW_CTX_DAG_ID='Correction_dag_high_total_amount' AIRFLOW_CTX_TASK_ID='Correction_dag_high_total_amount' AIRFLOW_CTX_EXECUTION_DATE='2024-09-13T19:55:00+00:00' AIRFLOW_CTX_TRY_NUMBER='1' AIRFLOW_CTX_DAG_RUN_ID='scheduled__2024-09-13T19:55:00+00:00'
[2024-09-13T20:00:27.908+0000] {taskinstance.py:731} INFO - ::endgroup::
[2024-09-13T20:00:28.654+0000] {logging_mixin.py:190} INFO - Les anomalies ont été corrigées dans la base de données.
[2024-09-13T20:00:28.669+0000] {python.py:240} INFO - Done. Returned value was: None
[2024-09-13T20:00:30.889+0000] {taskinstance.py:340} INFO - ::group::Post task execution logs
[2024-09-13T20:00:30.957+0000] {taskinstance.py:352} INFO - Marking task as SUCCESS. dag_id=Correction_dag_high_total_amount, task_id=Correction_dag_high_total_amount, run_id=scheduled__2024-09-13T19:55:00+00:00, execution_date=20240913T195500, start_date=20240913T200007, end_date=20240913T200030
[2024-09-13T20:00:31.536+0000] {local_task_job_runner.py:266} INFO - Task exited with return code 0
[2024-09-13T20:00:33.514+0000] {local_task_job_runner.py:245} INFO - ::endgroup::
[2024-09-13T20:00:33.824+0000] {standard_task_runner.py:217} INFO - Process not found (most likely exited), stop collecting metrics
