[2024-09-11T01:00:44.816+0000] {local_task_job_runner.py:123} INFO - ::group::Pre task execution logs
[2024-09-11T01:00:49.495+0000] {taskinstance.py:2612} INFO - Dependencies all met for dep_context=non-requeueable deps ti=<TaskInstance: welcome_dag.print_welcome scheduled__2024-09-11T01:00:11+00:00 [queued]>
[2024-09-11T01:00:49.788+0000] {taskinstance.py:2612} INFO - Dependencies all met for dep_context=requeueable deps ti=<TaskInstance: welcome_dag.print_welcome scheduled__2024-09-11T01:00:11+00:00 [queued]>
[2024-09-11T01:00:49.806+0000] {taskinstance.py:2865} INFO - Starting attempt 1 of 1
[2024-09-11T01:00:50.811+0000] {taskinstance.py:2888} INFO - Executing <Task(PythonOperator): print_welcome> on 2024-09-11 01:00:11+00:00
[2024-09-11T01:00:52.335+0000] {standard_task_runner.py:104} INFO - Running: ['airflow', 'tasks', 'run', 'welcome_dag', 'print_welcome', 'scheduled__2024-09-11T01:00:11+00:00', '--job-id', '423', '--raw', '--subdir', 'DAGS_FOLDER/Awelcome_dags.py', '--cfg-path', '/tmp/tmpl19un2kt']
[2024-09-11T01:00:52.895+0000] {standard_task_runner.py:105} INFO - Job 423: Subtask print_welcome
[2024-09-11T01:00:52.819+0000] {logging_mixin.py:190} WARNING - /home/airflow/.local/lib/python3.12/site-packages/airflow/task/task_runner/standard_task_runner.py:70 DeprecationWarning: This process (pid=8458) is multi-threaded, use of fork() may lead to deadlocks in the child.
[2024-09-11T01:00:52.924+0000] {standard_task_runner.py:72} INFO - Started process 8491 to run task
[2024-09-11T01:01:00.687+0000] {job.py:229} INFO - Heartbeat recovered after 28.11 seconds
[2024-09-11T01:01:01.928+0000] {task_command.py:467} INFO - Running <TaskInstance: welcome_dag.print_welcome scheduled__2024-09-11T01:00:11+00:00 [running]> on host 5cd9362923f6
[2024-09-11T01:01:07.464+0000] {taskinstance.py:3131} INFO - Exporting env vars: AIRFLOW_CTX_DAG_OWNER='airflow' AIRFLOW_CTX_DAG_ID='welcome_dag' AIRFLOW_CTX_TASK_ID='print_welcome' AIRFLOW_CTX_EXECUTION_DATE='2024-09-11T01:00:11+00:00' AIRFLOW_CTX_TRY_NUMBER='1' AIRFLOW_CTX_DAG_RUN_ID='scheduled__2024-09-11T01:00:11+00:00'
[2024-09-11T01:01:07.476+0000] {taskinstance.py:731} INFO - ::endgroup::
[2024-09-11T01:01:07.675+0000] {logging_mixin.py:190} INFO - Welcome to Airflow!
[2024-09-11T01:01:07.686+0000] {python.py:240} INFO - Done. Returned value was: None
[2024-09-11T01:01:09.338+0000] {taskinstance.py:340} INFO - ::group::Post task execution logs
[2024-09-11T01:01:09.355+0000] {taskinstance.py:352} INFO - Marking task as SUCCESS. dag_id=welcome_dag, task_id=print_welcome, run_id=scheduled__2024-09-11T01:00:11+00:00, execution_date=20240911T010011, start_date=20240911T010049, end_date=20240911T010109
[2024-09-11T01:01:10.876+0000] {local_task_job_runner.py:266} INFO - Task exited with return code 0
[2024-09-11T01:01:12.041+0000] {local_task_job_runner.py:245} INFO - ::endgroup::
[2024-09-11T01:01:13.227+0000] {standard_task_runner.py:217} INFO - Process not found (most likely exited), stop collecting metrics
