[2024-09-10T23:00:17.581+0000] {local_task_job_runner.py:123} INFO - ::group::Pre task execution logs
[2024-09-10T23:00:17.945+0000] {taskinstance.py:2612} INFO - Dependencies all met for dep_context=non-requeueable deps ti=<TaskInstance: Dag_detect_invalid_customer_ids.run_anomaly_detection scheduled__2024-09-10T22:45:00+00:00 [queued]>
[2024-09-10T23:00:17.981+0000] {taskinstance.py:2612} INFO - Dependencies all met for dep_context=requeueable deps ti=<TaskInstance: Dag_detect_invalid_customer_ids.run_anomaly_detection scheduled__2024-09-10T22:45:00+00:00 [queued]>
[2024-09-10T23:00:17.982+0000] {taskinstance.py:2865} INFO - Starting attempt 1 of 2
[2024-09-10T23:00:18.047+0000] {taskinstance.py:2888} INFO - Executing <Task(PythonOperator): run_anomaly_detection> on 2024-09-10 22:45:00+00:00
[2024-09-10T23:00:18.133+0000] {logging_mixin.py:190} WARNING - /home/airflow/.local/lib/python3.12/site-packages/airflow/task/task_runner/standard_task_runner.py:70 DeprecationWarning: This process (pid=1151) is multi-threaded, use of fork() may lead to deadlocks in the child.
[2024-09-10T23:00:18.112+0000] {standard_task_runner.py:104} INFO - Running: ['airflow', 'tasks', 'run', 'Dag_detect_invalid_customer_ids', 'run_anomaly_detection', 'scheduled__2024-09-10T22:45:00+00:00', '--job-id', '46', '--raw', '--subdir', 'DAGS_FOLDER/dag_detect_invalid_customer_ids.py', '--cfg-path', '/tmp/tmp_9s6vh1d']
[2024-09-10T23:00:18.167+0000] {standard_task_runner.py:105} INFO - Job 46: Subtask run_anomaly_detection
[2024-09-10T23:00:18.167+0000] {standard_task_runner.py:72} INFO - Started process 1182 to run task
[2024-09-10T23:00:19.061+0000] {task_command.py:467} INFO - Running <TaskInstance: Dag_detect_invalid_customer_ids.run_anomaly_detection scheduled__2024-09-10T22:45:00+00:00 [running]> on host 5cd9362923f6
[2024-09-10T23:00:20.253+0000] {taskinstance.py:3131} INFO - Exporting env vars: AIRFLOW_CTX_DAG_OWNER='airflow' AIRFLOW_CTX_DAG_ID='Dag_detect_invalid_customer_ids' AIRFLOW_CTX_TASK_ID='run_anomaly_detection' AIRFLOW_CTX_EXECUTION_DATE='2024-09-10T22:45:00+00:00' AIRFLOW_CTX_TRY_NUMBER='1' AIRFLOW_CTX_DAG_RUN_ID='scheduled__2024-09-10T22:45:00+00:00'
[2024-09-10T23:00:20.268+0000] {taskinstance.py:731} INFO - ::endgroup::
[2024-09-10T23:00:20.422+0000] {dag_detect_invalid_customer_ids.py:101} INFO - Starting anomaly detection process
[2024-09-10T23:00:21.630+0000] {dag_detect_invalid_customer_ids.py:105} INFO - Loaded 17 transactions
[2024-09-10T23:00:21.644+0000] {dag_detect_invalid_customer_ids.py:108} INFO - Detected 2 anomalies
[2024-09-10T23:00:21.671+0000] {dag_detect_invalid_customer_ids.py:94} INFO - Inserted 2 new anomalies.
[2024-09-10T23:00:21.672+0000] {dag_detect_invalid_customer_ids.py:111} INFO - Anomaly detection process completed successfully
[2024-09-10T23:00:21.673+0000] {python.py:240} INFO - Done. Returned value was: None
[2024-09-10T23:00:22.290+0000] {taskinstance.py:340} INFO - ::group::Post task execution logs
[2024-09-10T23:00:22.292+0000] {taskinstance.py:352} INFO - Marking task as SUCCESS. dag_id=Dag_detect_invalid_customer_ids, task_id=run_anomaly_detection, run_id=scheduled__2024-09-10T22:45:00+00:00, execution_date=20240910T224500, start_date=20240910T230017, end_date=20240910T230022
[2024-09-10T23:00:22.430+0000] {local_task_job_runner.py:266} INFO - Task exited with return code 0
[2024-09-10T23:00:22.720+0000] {taskinstance.py:3900} INFO - 0 downstream tasks scheduled from follow-on schedule check
[2024-09-10T23:00:22.725+0000] {local_task_job_runner.py:245} INFO - ::endgroup::
