[2024-09-11T16:51:50.964+0000] {local_task_job_runner.py:123} INFO - ::group::Pre task execution logs
[2024-09-11T16:51:54.845+0000] {taskinstance.py:2612} INFO - Dependencies all met for dep_context=non-requeueable deps ti=<TaskInstance: Dag_NegativeQuantity_andTotalAmount.run_anomaly_detection scheduled__2024-09-11T16:40:00+00:00 [queued]>
[2024-09-11T16:51:55.039+0000] {taskinstance.py:2612} INFO - Dependencies all met for dep_context=requeueable deps ti=<TaskInstance: Dag_NegativeQuantity_andTotalAmount.run_anomaly_detection scheduled__2024-09-11T16:40:00+00:00 [queued]>
[2024-09-11T16:51:55.081+0000] {taskinstance.py:2865} INFO - Starting attempt 2 of 2
[2024-09-11T16:51:55.589+0000] {taskinstance.py:2888} INFO - Executing <Task(PythonOperator): run_anomaly_detection> on 2024-09-11 16:40:00+00:00
[2024-09-11T16:51:57.404+0000] {logging_mixin.py:190} WARNING - /home/airflow/.local/lib/python3.12/site-packages/airflow/task/task_runner/standard_task_runner.py:70 DeprecationWarning: This process (pid=10520) is multi-threaded, use of fork() may lead to deadlocks in the child.
[2024-09-11T16:51:57.793+0000] {standard_task_runner.py:72} INFO - Started process 10560 to run task
[2024-09-11T16:51:57.593+0000] {standard_task_runner.py:104} INFO - Running: ['airflow', 'tasks', 'run', 'Dag_NegativeQuantity_andTotalAmount', 'run_anomaly_detection', 'scheduled__2024-09-11T16:40:00+00:00', '--job-id', '1115', '--raw', '--subdir', 'DAGS_FOLDER/Dag_NegativeQuantity_andTotalAmount.py', '--cfg-path', '/tmp/tmpfbuwlgih']
[2024-09-11T16:51:58.048+0000] {standard_task_runner.py:105} INFO - Job 1115: Subtask run_anomaly_detection
[2024-09-11T16:52:07.611+0000] {task_command.py:467} INFO - Running <TaskInstance: Dag_NegativeQuantity_andTotalAmount.run_anomaly_detection scheduled__2024-09-11T16:40:00+00:00 [running]> on host b8b5351e8a6b
[2024-09-11T16:52:08.370+0000] {job.py:229} INFO - Heartbeat recovered after 24.65 seconds
[2024-09-11T16:52:16.618+0000] {taskinstance.py:3131} INFO - Exporting env vars: AIRFLOW_CTX_DAG_OWNER='airflow' AIRFLOW_CTX_DAG_ID='Dag_NegativeQuantity_andTotalAmount' AIRFLOW_CTX_TASK_ID='run_anomaly_detection' AIRFLOW_CTX_EXECUTION_DATE='2024-09-11T16:40:00+00:00' AIRFLOW_CTX_TRY_NUMBER='2' AIRFLOW_CTX_DAG_RUN_ID='scheduled__2024-09-11T16:40:00+00:00'
[2024-09-11T16:52:17.319+0000] {taskinstance.py:731} INFO - ::endgroup::
[2024-09-11T16:52:20.868+0000] {job.py:229} INFO - Heartbeat recovered after 12.72 seconds
[2024-09-11T16:52:28.392+0000] {python.py:240} INFO - Done. Returned value was: None
[2024-09-11T16:52:31.899+0000] {taskinstance.py:340} INFO - ::group::Post task execution logs
[2024-09-11T16:52:31.920+0000] {taskinstance.py:352} INFO - Marking task as SUCCESS. dag_id=Dag_NegativeQuantity_andTotalAmount, task_id=run_anomaly_detection, run_id=scheduled__2024-09-11T16:40:00+00:00, execution_date=20240911T164000, start_date=20240911T165154, end_date=20240911T165231
[2024-09-11T16:52:32.577+0000] {job.py:229} INFO - Heartbeat recovered after 11.76 seconds
[2024-09-11T16:52:39.831+0000] {local_task_job_runner.py:266} INFO - Task exited with return code 0
[2024-09-11T16:52:44.028+0000] {standard_task_runner.py:217} INFO - Process not found (most likely exited), stop collecting metrics
[2024-09-11T16:52:46.534+0000] {taskinstance.py:3900} INFO - 0 downstream tasks scheduled from follow-on schedule check
[2024-09-11T16:52:46.608+0000] {local_task_job_runner.py:245} INFO - ::endgroup::
