[2024-09-14T16:49:57.341+0000] {local_task_job_runner.py:123} INFO - ::group::Pre task execution logs
[2024-09-14T16:50:00.371+0000] {taskinstance.py:2612} INFO - Dependencies all met for dep_context=non-requeueable deps ti=<TaskInstance: welcome_dag.print_welcome scheduled__2024-09-14T10:00:59+00:00 [queued]>
[2024-09-14T16:50:00.892+0000] {taskinstance.py:2612} INFO - Dependencies all met for dep_context=requeueable deps ti=<TaskInstance: welcome_dag.print_welcome scheduled__2024-09-14T10:00:59+00:00 [queued]>
[2024-09-14T16:50:00.925+0000] {taskinstance.py:2865} INFO - Starting attempt 1 of 1
[2024-09-14T16:50:01.745+0000] {taskinstance.py:2888} INFO - Executing <Task(PythonOperator): print_welcome> on 2024-09-14 10:00:59+00:00
[2024-09-14T16:50:02.963+0000] {logging_mixin.py:190} WARNING - /home/airflow/.local/lib/python3.12/site-packages/airflow/task/task_runner/standard_task_runner.py:70 DeprecationWarning: This process (pid=87307) is multi-threaded, use of fork() may lead to deadlocks in the child.
[2024-09-14T16:50:03.481+0000] {standard_task_runner.py:72} INFO - Started process 87357 to run task
[2024-09-14T16:50:03.329+0000] {standard_task_runner.py:104} INFO - Running: ['airflow', 'tasks', 'run', 'welcome_dag', 'print_welcome', 'scheduled__2024-09-14T10:00:59+00:00', '--job-id', '3990', '--raw', '--subdir', 'DAGS_FOLDER/Awelcome_dags.py', '--cfg-path', '/tmp/tmpj3tfbnl_']
[2024-09-14T16:50:04.159+0000] {standard_task_runner.py:105} INFO - Job 3990: Subtask print_welcome
[2024-09-14T16:50:13.629+0000] {job.py:229} INFO - Heartbeat recovered after 24.86 seconds
[2024-09-14T16:50:18.657+0000] {task_command.py:467} INFO - Running <TaskInstance: welcome_dag.print_welcome scheduled__2024-09-14T10:00:59+00:00 [running]> on host 7403e816bcf5
[2024-09-14T16:50:24.214+0000] {job.py:229} INFO - Heartbeat recovered after 11.06 seconds
[2024-09-14T16:50:34.401+0000] {taskinstance.py:3131} INFO - Exporting env vars: AIRFLOW_CTX_DAG_OWNER='airflow' AIRFLOW_CTX_DAG_ID='welcome_dag' AIRFLOW_CTX_TASK_ID='print_welcome' AIRFLOW_CTX_EXECUTION_DATE='2024-09-14T10:00:59+00:00' AIRFLOW_CTX_TRY_NUMBER='1' AIRFLOW_CTX_DAG_RUN_ID='scheduled__2024-09-14T10:00:59+00:00'
[2024-09-14T16:50:34.608+0000] {taskinstance.py:731} INFO - ::endgroup::
[2024-09-14T16:50:36.866+0000] {logging_mixin.py:190} INFO - Welcome to Airflow!
[2024-09-14T16:50:36.889+0000] {python.py:240} INFO - Done. Returned value was: None
[2024-09-14T16:50:39.842+0000] {taskinstance.py:340} INFO - ::group::Post task execution logs
[2024-09-14T16:50:39.855+0000] {taskinstance.py:352} INFO - Marking task as SUCCESS. dag_id=welcome_dag, task_id=print_welcome, run_id=scheduled__2024-09-14T10:00:59+00:00, execution_date=20240914T100059, start_date=20240914T165000, end_date=20240914T165039
[2024-09-14T16:50:40.617+0000] {local_task_job_runner.py:266} INFO - Task exited with return code 0
[2024-09-14T16:50:41.950+0000] {local_task_job_runner.py:245} INFO - ::endgroup::
[2024-09-14T16:50:44.262+0000] {standard_task_runner.py:217} INFO - Process not found (most likely exited), stop collecting metrics
