[2024-09-13T19:02:09.954+0000] {local_task_job_runner.py:123} INFO - ::group::Pre task execution logs
[2024-09-13T19:02:14.870+0000] {taskinstance.py:2612} INFO - Dependencies all met for dep_context=non-requeueable deps ti=<TaskInstance: welcome_dag.print_welcome scheduled__2024-09-13T19:00:06+00:00 [queued]>
[2024-09-13T19:02:15.084+0000] {taskinstance.py:2612} INFO - Dependencies all met for dep_context=requeueable deps ti=<TaskInstance: welcome_dag.print_welcome scheduled__2024-09-13T19:00:06+00:00 [queued]>
[2024-09-13T19:02:15.091+0000] {taskinstance.py:2865} INFO - Starting attempt 1 of 1
[2024-09-13T19:02:15.792+0000] {taskinstance.py:2888} INFO - Executing <Task(PythonOperator): print_welcome> on 2024-09-13 19:00:06+00:00
[2024-09-13T19:02:15.963+0000] {standard_task_runner.py:104} INFO - Running: ['airflow', 'tasks', 'run', 'welcome_dag', 'print_welcome', 'scheduled__2024-09-13T19:00:06+00:00', '--job-id', '3225', '--raw', '--subdir', 'DAGS_FOLDER/Awelcome_dags.py', '--cfg-path', '/tmp/tmp9c38uis7']
[2024-09-13T19:02:16.214+0000] {standard_task_runner.py:105} INFO - Job 3225: Subtask print_welcome
[2024-09-13T19:02:16.578+0000] {logging_mixin.py:190} WARNING - /home/airflow/.local/lib/python3.12/site-packages/airflow/task/task_runner/standard_task_runner.py:70 DeprecationWarning: This process (pid=46232) is multi-threaded, use of fork() may lead to deadlocks in the child.
[2024-09-13T19:02:16.584+0000] {standard_task_runner.py:72} INFO - Started process 46282 to run task
[2024-09-13T19:02:29.014+0000] {job.py:229} INFO - Heartbeat recovered after 126.24 seconds
[2024-09-13T19:02:29.510+0000] {task_command.py:467} INFO - Running <TaskInstance: welcome_dag.print_welcome scheduled__2024-09-13T19:00:06+00:00 [running]> on host 7403e816bcf5
[2024-09-13T19:02:40.836+0000] {job.py:229} INFO - Heartbeat recovered after 12.02 seconds
[2024-09-13T19:02:46.539+0000] {taskinstance.py:3131} INFO - Exporting env vars: AIRFLOW_CTX_DAG_OWNER='airflow' AIRFLOW_CTX_DAG_ID='welcome_dag' AIRFLOW_CTX_TASK_ID='print_welcome' AIRFLOW_CTX_EXECUTION_DATE='2024-09-13T19:00:06+00:00' AIRFLOW_CTX_TRY_NUMBER='1' AIRFLOW_CTX_DAG_RUN_ID='scheduled__2024-09-13T19:00:06+00:00'
[2024-09-13T19:02:46.858+0000] {taskinstance.py:731} INFO - ::endgroup::
[2024-09-13T19:02:47.462+0000] {logging_mixin.py:190} INFO - Welcome to Airflow!
[2024-09-13T19:02:47.468+0000] {python.py:240} INFO - Done. Returned value was: None
[2024-09-13T19:02:49.181+0000] {taskinstance.py:340} INFO - ::group::Post task execution logs
[2024-09-13T19:02:49.187+0000] {taskinstance.py:352} INFO - Marking task as SUCCESS. dag_id=welcome_dag, task_id=print_welcome, run_id=scheduled__2024-09-13T19:00:06+00:00, execution_date=20240913T190006, start_date=20240913T190214, end_date=20240913T190249
[2024-09-13T19:02:52.309+0000] {local_task_job_runner.py:266} INFO - Task exited with return code 0
[2024-09-13T19:02:53.919+0000] {taskinstance.py:3900} INFO - 1 downstream tasks scheduled from follow-on schedule check
[2024-09-13T19:02:53.980+0000] {local_task_job_runner.py:245} INFO - ::endgroup::
