[2024-09-08T12:16:07.875+0000] {local_task_job_runner.py:123} INFO - ::group::Pre task execution logs
[2024-09-08T12:16:10.173+0000] {taskinstance.py:2612} INFO - Dependencies all met for dep_context=non-requeueable deps ti=<TaskInstance: correction_Dag_Negative_Value.correct_negative_values scheduled__2024-09-08T12:10:00+00:00 [queued]>
[2024-09-08T12:16:10.709+0000] {taskinstance.py:2612} INFO - Dependencies all met for dep_context=requeueable deps ti=<TaskInstance: correction_Dag_Negative_Value.correct_negative_values scheduled__2024-09-08T12:10:00+00:00 [queued]>
[2024-09-08T12:16:10.765+0000] {taskinstance.py:2865} INFO - Starting attempt 1 of 2
[2024-09-08T12:16:11.826+0000] {taskinstance.py:2888} INFO - Executing <Task(PythonOperator): correct_negative_values> on 2024-09-08 12:10:00+00:00
[2024-09-08T12:16:12.284+0000] {logging_mixin.py:190} WARNING - /home/airflow/.local/lib/python3.12/site-packages/airflow/task/task_runner/standard_task_runner.py:70 DeprecationWarning: This process (pid=8991) is multi-threaded, use of fork() may lead to deadlocks in the child.
[2024-09-08T12:16:12.057+0000] {standard_task_runner.py:104} INFO - Running: ['airflow', 'tasks', 'run', 'correction_Dag_Negative_Value', 'correct_negative_values', 'scheduled__2024-09-08T12:10:00+00:00', '--job-id', '613', '--raw', '--subdir', 'DAGS_FOLDER/Correction_dag_Negative_Value.py', '--cfg-path', '/tmp/tmp_0kwcu0b']
[2024-09-08T12:16:12.307+0000] {standard_task_runner.py:105} INFO - Job 613: Subtask correct_negative_values
[2024-09-08T12:16:12.314+0000] {standard_task_runner.py:72} INFO - Started process 9023 to run task
[2024-09-08T12:16:18.725+0000] {job.py:229} INFO - Heartbeat recovered after 16.16 seconds
[2024-09-08T12:16:20.036+0000] {task_command.py:467} INFO - Running <TaskInstance: correction_Dag_Negative_Value.correct_negative_values scheduled__2024-09-08T12:10:00+00:00 [running]> on host 13d1dadf4f15
[2024-09-08T12:16:28.349+0000] {taskinstance.py:3131} INFO - Exporting env vars: AIRFLOW_CTX_DAG_OWNER='airflow' AIRFLOW_CTX_DAG_ID='correction_Dag_Negative_Value' AIRFLOW_CTX_TASK_ID='correct_negative_values' AIRFLOW_CTX_EXECUTION_DATE='2024-09-08T12:10:00+00:00' AIRFLOW_CTX_TRY_NUMBER='1' AIRFLOW_CTX_DAG_RUN_ID='scheduled__2024-09-08T12:10:00+00:00'
[2024-09-08T12:16:28.458+0000] {taskinstance.py:731} INFO - ::endgroup::
[2024-09-08T12:16:29.524+0000] {logging_mixin.py:190} INFO - Anomalies corrigées avec succès.
[2024-09-08T12:16:29.536+0000] {python.py:240} INFO - Done. Returned value was: None
[2024-09-08T12:16:31.007+0000] {taskinstance.py:340} INFO - ::group::Post task execution logs
[2024-09-08T12:16:31.010+0000] {taskinstance.py:352} INFO - Marking task as SUCCESS. dag_id=correction_Dag_Negative_Value, task_id=correct_negative_values, run_id=scheduled__2024-09-08T12:10:00+00:00, execution_date=20240908T121000, start_date=20240908T121610, end_date=20240908T121631
[2024-09-08T12:16:31.319+0000] {local_task_job_runner.py:266} INFO - Task exited with return code 0
[2024-09-08T12:16:32.433+0000] {standard_task_runner.py:217} INFO - Process not found (most likely exited), stop collecting metrics
[2024-09-08T12:16:33.183+0000] {local_task_job_runner.py:245} INFO - ::endgroup::
