[2024-09-11T14:00:16.764+0000] {local_task_job_runner.py:123} INFO - ::group::Pre task execution logs
[2024-09-11T14:00:22.985+0000] {taskinstance.py:2612} INFO - Dependencies all met for dep_context=non-requeueable deps ti=<TaskInstance: Correction_dag_high_total_amount.Correction_dag_high_total_amount scheduled__2024-09-11T13:55:00+00:00 [queued]>
[2024-09-11T14:00:26.784+0000] {taskinstance.py:2612} INFO - Dependencies all met for dep_context=requeueable deps ti=<TaskInstance: Correction_dag_high_total_amount.Correction_dag_high_total_amount scheduled__2024-09-11T13:55:00+00:00 [queued]>
[2024-09-11T14:00:26.900+0000] {taskinstance.py:2865} INFO - Starting attempt 1 of 2
[2024-09-11T14:00:28.455+0000] {taskinstance.py:2888} INFO - Executing <Task(PythonOperator): Correction_dag_high_total_amount> on 2024-09-11 13:55:00+00:00
[2024-09-11T14:00:28.683+0000] {standard_task_runner.py:104} INFO - Running: ['airflow', 'tasks', 'run', 'Correction_dag_high_total_amount', 'Correction_dag_high_total_amount', 'scheduled__2024-09-11T13:55:00+00:00', '--job-id', '697', '--raw', '--subdir', 'DAGS_FOLDER/Correction_dag_high_total_amount.py', '--cfg-path', '/tmp/tmp93mew_pn']
[2024-09-11T14:00:28.805+0000] {standard_task_runner.py:105} INFO - Job 697: Subtask Correction_dag_high_total_amount
[2024-09-11T14:00:28.987+0000] {logging_mixin.py:190} WARNING - /home/airflow/.local/lib/python3.12/site-packages/airflow/task/task_runner/standard_task_runner.py:70 DeprecationWarning: This process (pid=7487) is multi-threaded, use of fork() may lead to deadlocks in the child.
[2024-09-11T14:00:29.004+0000] {standard_task_runner.py:72} INFO - Started process 7521 to run task
[2024-09-11T14:00:49.717+0000] {cli_action_loggers.py:177} WARNING - Failed to log action (psycopg2.OperationalError) could not translate host name "postgres" to address: Temporary failure in name resolution

(Background on this error at: https://sqlalche.me/e/14/e3q8)
[2024-09-11T14:01:01.318+0000] {job.py:229} INFO - Heartbeat recovered after 54.42 seconds
[2024-09-11T14:01:03.196+0000] {task_command.py:467} INFO - Running <TaskInstance: Correction_dag_high_total_amount.Correction_dag_high_total_amount scheduled__2024-09-11T13:55:00+00:00 [running]> on host 180117ed1726
[2024-09-11T14:01:13.256+0000] {taskinstance.py:3131} INFO - Exporting env vars: AIRFLOW_CTX_DAG_OWNER='airflow' AIRFLOW_CTX_DAG_ID='Correction_dag_high_total_amount' AIRFLOW_CTX_TASK_ID='Correction_dag_high_total_amount' AIRFLOW_CTX_EXECUTION_DATE='2024-09-11T13:55:00+00:00' AIRFLOW_CTX_TRY_NUMBER='1' AIRFLOW_CTX_DAG_RUN_ID='scheduled__2024-09-11T13:55:00+00:00'
[2024-09-11T14:01:13.448+0000] {taskinstance.py:731} INFO - ::endgroup::
[2024-09-11T14:01:14.382+0000] {logging_mixin.py:190} INFO - Les anomalies ont été corrigées dans la base de données.
[2024-09-11T14:01:14.416+0000] {python.py:240} INFO - Done. Returned value was: None
[2024-09-11T14:01:17.411+0000] {taskinstance.py:340} INFO - ::group::Post task execution logs
[2024-09-11T14:01:17.417+0000] {taskinstance.py:352} INFO - Marking task as SUCCESS. dag_id=Correction_dag_high_total_amount, task_id=Correction_dag_high_total_amount, run_id=scheduled__2024-09-11T13:55:00+00:00, execution_date=20240911T135500, start_date=20240911T140023, end_date=20240911T140117
[2024-09-11T14:01:18.496+0000] {local_task_job_runner.py:266} INFO - Task exited with return code 0
[2024-09-11T14:01:19.356+0000] {local_task_job_runner.py:245} INFO - ::endgroup::
[2024-09-11T14:01:19.827+0000] {standard_task_runner.py:217} INFO - Process not found (most likely exited), stop collecting metrics
