[2024-09-08T14:00:25.013+0000] {local_task_job_runner.py:123} INFO - ::group::Pre task execution logs
[2024-09-08T14:00:27.451+0000] {taskinstance.py:2612} INFO - Dependencies all met for dep_context=non-requeueable deps ti=<TaskInstance: welcome_dag.print_welcome scheduled__2024-09-08T14:00:00+00:00 [queued]>
[2024-09-08T14:00:27.802+0000] {taskinstance.py:2612} INFO - Dependencies all met for dep_context=requeueable deps ti=<TaskInstance: welcome_dag.print_welcome scheduled__2024-09-08T14:00:00+00:00 [queued]>
[2024-09-08T14:00:27.808+0000] {taskinstance.py:2865} INFO - Starting attempt 1 of 1
[2024-09-08T14:00:28.920+0000] {taskinstance.py:2888} INFO - Executing <Task(PythonOperator): print_welcome> on 2024-09-08 14:00:00+00:00
[2024-09-08T14:00:30.497+0000] {standard_task_runner.py:104} INFO - Running: ['airflow', 'tasks', 'run', 'welcome_dag', 'print_welcome', 'scheduled__2024-09-08T14:00:00+00:00', '--job-id', '1029', '--raw', '--subdir', 'DAGS_FOLDER/Awelcome_dags.py', '--cfg-path', '/tmp/tmpxg9fy9dc']
[2024-09-08T14:00:31.611+0000] {standard_task_runner.py:105} INFO - Job 1029: Subtask print_welcome
[2024-09-08T14:00:31.598+0000] {logging_mixin.py:190} WARNING - /home/airflow/.local/lib/python3.12/site-packages/airflow/task/task_runner/standard_task_runner.py:70 DeprecationWarning: This process (pid=22653) is multi-threaded, use of fork() may lead to deadlocks in the child.
[2024-09-08T14:00:31.630+0000] {standard_task_runner.py:72} INFO - Started process 22692 to run task
[2024-09-08T14:00:39.711+0000] {job.py:229} INFO - Heartbeat recovered after 24.31 seconds
[2024-09-08T14:00:43.873+0000] {task_command.py:467} INFO - Running <TaskInstance: welcome_dag.print_welcome scheduled__2024-09-08T14:00:00+00:00 [running]> on host 13d1dadf4f15
[2024-09-08T14:00:50.742+0000] {job.py:229} INFO - Heartbeat recovered after 11.36 seconds
[2024-09-08T14:00:58.918+0000] {taskinstance.py:3131} INFO - Exporting env vars: AIRFLOW_CTX_DAG_OWNER='airflow' AIRFLOW_CTX_DAG_ID='welcome_dag' AIRFLOW_CTX_TASK_ID='print_welcome' AIRFLOW_CTX_EXECUTION_DATE='2024-09-08T14:00:00+00:00' AIRFLOW_CTX_TRY_NUMBER='1' AIRFLOW_CTX_DAG_RUN_ID='scheduled__2024-09-08T14:00:00+00:00'
[2024-09-08T14:00:58.971+0000] {taskinstance.py:731} INFO - ::endgroup::
[2024-09-08T14:00:59.379+0000] {logging_mixin.py:190} INFO - Welcome to Airflow!
[2024-09-08T14:00:59.389+0000] {python.py:240} INFO - Done. Returned value was: None
[2024-09-08T14:01:01.395+0000] {taskinstance.py:340} INFO - ::group::Post task execution logs
[2024-09-08T14:01:01.399+0000] {taskinstance.py:352} INFO - Marking task as SUCCESS. dag_id=welcome_dag, task_id=print_welcome, run_id=scheduled__2024-09-08T14:00:00+00:00, execution_date=20240908T140000, start_date=20240908T140027, end_date=20240908T140101
[2024-09-08T14:01:01.750+0000] {local_task_job_runner.py:266} INFO - Task exited with return code 0
[2024-09-08T14:01:02.032+0000] {standard_task_runner.py:217} INFO - Process not found (most likely exited), stop collecting metrics
[2024-09-08T14:01:03.156+0000] {local_task_job_runner.py:245} INFO - ::endgroup::
