[2024-10-12T21:05:04.638+0000] {local_task_job_runner.py:123} INFO - ::group::Pre task execution logs
[2024-10-12T21:05:05.437+0000] {taskinstance.py:2612} INFO - Dependencies all met for dep_context=non-requeueable deps ti=<TaskInstance: correction_Dag_Valeu_NULL.correct_transactions_anomalies scheduled__2024-10-12T21:00:00+00:00 [queued]>
[2024-10-12T21:05:05.492+0000] {taskinstance.py:2612} INFO - Dependencies all met for dep_context=requeueable deps ti=<TaskInstance: correction_Dag_Valeu_NULL.correct_transactions_anomalies scheduled__2024-10-12T21:00:00+00:00 [queued]>
[2024-10-12T21:05:05.494+0000] {taskinstance.py:2865} INFO - Starting attempt 1 of 2
[2024-10-12T21:05:05.621+0000] {taskinstance.py:2888} INFO - Executing <Task(PythonOperator): correct_transactions_anomalies> on 2024-10-12 21:00:00+00:00
[2024-10-12T21:05:05.896+0000] {logging_mixin.py:190} WARNING - /home/airflow/.local/lib/python3.12/site-packages/airflow/task/task_runner/standard_task_runner.py:70 DeprecationWarning: This process (pid=3793) is multi-threaded, use of fork() may lead to deadlocks in the child.
[2024-10-12T21:05:05.948+0000] {standard_task_runner.py:72} INFO - Started process 3818 to run task
[2024-10-12T21:05:05.912+0000] {standard_task_runner.py:104} INFO - Running: ['airflow', 'tasks', 'run', 'correction_Dag_Valeu_NULL', 'correct_transactions_anomalies', 'scheduled__2024-10-12T21:00:00+00:00', '--job-id', '5975', '--raw', '--subdir', 'DAGS_FOLDER/Correction_dag_Valeur_NULL.py', '--cfg-path', '/tmp/tmpzp7h5776']
[2024-10-12T21:05:05.973+0000] {standard_task_runner.py:105} INFO - Job 5975: Subtask correct_transactions_anomalies
[2024-10-12T21:05:07.833+0000] {task_command.py:467} INFO - Running <TaskInstance: correction_Dag_Valeu_NULL.correct_transactions_anomalies scheduled__2024-10-12T21:00:00+00:00 [running]> on host 20dad67a3f18
[2024-10-12T21:05:10.475+0000] {taskinstance.py:3131} INFO - Exporting env vars: AIRFLOW_CTX_DAG_OWNER='airflow' AIRFLOW_CTX_DAG_ID='correction_Dag_Valeu_NULL' AIRFLOW_CTX_TASK_ID='correct_transactions_anomalies' AIRFLOW_CTX_EXECUTION_DATE='2024-10-12T21:00:00+00:00' AIRFLOW_CTX_TRY_NUMBER='1' AIRFLOW_CTX_DAG_RUN_ID='scheduled__2024-10-12T21:00:00+00:00'
[2024-10-12T21:05:10.607+0000] {taskinstance.py:731} INFO - ::endgroup::
[2024-10-12T21:05:13.873+0000] {job.py:229} INFO - Heartbeat recovered after 11.31 seconds
[2024-10-12T21:05:14.136+0000] {logging_mixin.py:190} INFO - Correction des anomalies dans la table Transactions réussie.
[2024-10-12T21:05:14.139+0000] {python.py:240} INFO - Done. Returned value was: None
[2024-10-12T21:05:14.607+0000] {taskinstance.py:340} INFO - ::group::Post task execution logs
[2024-10-12T21:05:14.613+0000] {taskinstance.py:352} INFO - Marking task as SUCCESS. dag_id=correction_Dag_Valeu_NULL, task_id=correct_transactions_anomalies, run_id=scheduled__2024-10-12T21:00:00+00:00, execution_date=20241012T210000, start_date=20241012T210505, end_date=20241012T210514
[2024-10-12T21:05:14.734+0000] {local_task_job_runner.py:266} INFO - Task exited with return code 0
[2024-10-12T21:05:15.200+0000] {taskinstance.py:3900} INFO - 0 downstream tasks scheduled from follow-on schedule check
[2024-10-12T21:05:15.206+0000] {local_task_job_runner.py:245} INFO - ::endgroup::
[2024-10-12T21:05:16.022+0000] {standard_task_runner.py:217} INFO - Process not found (most likely exited), stop collecting metrics
