[2024-09-12T14:00:05.490+0000] {local_task_job_runner.py:123} INFO - ::group::Pre task execution logs
[2024-09-12T14:00:06.528+0000] {taskinstance.py:2612} INFO - Dependencies all met for dep_context=non-requeueable deps ti=<TaskInstance: welcome_dag.print_welcome scheduled__2024-09-12T14:00:00+00:00 [queued]>
[2024-09-12T14:00:06.638+0000] {taskinstance.py:2612} INFO - Dependencies all met for dep_context=requeueable deps ti=<TaskInstance: welcome_dag.print_welcome scheduled__2024-09-12T14:00:00+00:00 [queued]>
[2024-09-12T14:00:06.641+0000] {taskinstance.py:2865} INFO - Starting attempt 1 of 1
[2024-09-12T14:00:07.091+0000] {taskinstance.py:2888} INFO - Executing <Task(PythonOperator): print_welcome> on 2024-09-12 14:00:00+00:00
[2024-09-12T14:00:07.694+0000] {logging_mixin.py:190} WARNING - /home/airflow/.local/lib/python3.12/site-packages/airflow/task/task_runner/standard_task_runner.py:70 DeprecationWarning: This process (pid=28174) is multi-threaded, use of fork() may lead to deadlocks in the child.
[2024-09-12T14:00:07.753+0000] {standard_task_runner.py:72} INFO - Started process 28197 to run task
[2024-09-12T14:00:07.543+0000] {standard_task_runner.py:104} INFO - Running: ['airflow', 'tasks', 'run', 'welcome_dag', 'print_welcome', 'scheduled__2024-09-12T14:00:00+00:00', '--job-id', '2037', '--raw', '--subdir', 'DAGS_FOLDER/Awelcome_dags.py', '--cfg-path', '/tmp/tmp15itevf7']
[2024-09-12T14:00:07.777+0000] {standard_task_runner.py:105} INFO - Job 2037: Subtask print_welcome
[2024-09-12T14:00:11.930+0000] {task_command.py:467} INFO - Running <TaskInstance: welcome_dag.print_welcome scheduled__2024-09-12T14:00:00+00:00 [running]> on host 7403e816bcf5
[2024-09-12T14:00:20.325+0000] {job.py:229} INFO - Heartbeat recovered after 17.07 seconds
[2024-09-12T14:00:23.114+0000] {taskinstance.py:3131} INFO - Exporting env vars: AIRFLOW_CTX_DAG_OWNER='airflow' AIRFLOW_CTX_DAG_ID='welcome_dag' AIRFLOW_CTX_TASK_ID='print_welcome' AIRFLOW_CTX_EXECUTION_DATE='2024-09-12T14:00:00+00:00' AIRFLOW_CTX_TRY_NUMBER='1' AIRFLOW_CTX_DAG_RUN_ID='scheduled__2024-09-12T14:00:00+00:00'
[2024-09-12T14:00:23.126+0000] {taskinstance.py:731} INFO - ::endgroup::
[2024-09-12T14:00:23.294+0000] {logging_mixin.py:190} INFO - Welcome to Airflow!
[2024-09-12T14:00:23.297+0000] {python.py:240} INFO - Done. Returned value was: None
[2024-09-12T14:00:23.950+0000] {taskinstance.py:340} INFO - ::group::Post task execution logs
[2024-09-12T14:00:23.952+0000] {taskinstance.py:352} INFO - Marking task as SUCCESS. dag_id=welcome_dag, task_id=print_welcome, run_id=scheduled__2024-09-12T14:00:00+00:00, execution_date=20240912T140000, start_date=20240912T140006, end_date=20240912T140023
[2024-09-12T14:00:24.067+0000] {local_task_job_runner.py:266} INFO - Task exited with return code 0
[2024-09-12T14:00:25.093+0000] {local_task_job_runner.py:245} INFO - ::endgroup::
[2024-09-12T14:00:29.688+0000] {standard_task_runner.py:217} INFO - Process not found (most likely exited), stop collecting metrics
