[2024-09-13T22:04:59.114+0000] {local_task_job_runner.py:123} INFO - ::group::Pre task execution logs
[2024-09-13T22:05:01.762+0000] {taskinstance.py:2612} INFO - Dependencies all met for dep_context=non-requeueable deps ti=<TaskInstance: welcome_dag.print_date scheduled__2024-09-13T22:00:37+00:00 [queued]>
[2024-09-13T22:05:01.854+0000] {taskinstance.py:2612} INFO - Dependencies all met for dep_context=requeueable deps ti=<TaskInstance: welcome_dag.print_date scheduled__2024-09-13T22:00:37+00:00 [queued]>
[2024-09-13T22:05:01.866+0000] {taskinstance.py:2865} INFO - Starting attempt 1 of 1
[2024-09-13T22:05:02.069+0000] {taskinstance.py:2888} INFO - Executing <Task(PythonOperator): print_date> on 2024-09-13 22:00:37+00:00
[2024-09-13T22:05:02.167+0000] {logging_mixin.py:190} WARNING - /home/airflow/.local/lib/python3.12/site-packages/airflow/task/task_runner/standard_task_runner.py:70 DeprecationWarning: This process (pid=76341) is multi-threaded, use of fork() may lead to deadlocks in the child.
[2024-09-13T22:05:02.217+0000] {standard_task_runner.py:72} INFO - Started process 76346 to run task
[2024-09-13T22:05:02.298+0000] {standard_task_runner.py:104} INFO - Running: ['airflow', 'tasks', 'run', 'welcome_dag', 'print_date', 'scheduled__2024-09-13T22:00:37+00:00', '--job-id', '3771', '--raw', '--subdir', 'DAGS_FOLDER/Awelcome_dags.py', '--cfg-path', '/tmp/tmp4buinl50']
[2024-09-13T22:05:02.363+0000] {standard_task_runner.py:105} INFO - Job 3771: Subtask print_date
[2024-09-13T22:05:03.397+0000] {task_command.py:467} INFO - Running <TaskInstance: welcome_dag.print_date scheduled__2024-09-13T22:00:37+00:00 [running]> on host 7403e816bcf5
[2024-09-13T22:05:08.448+0000] {taskinstance.py:3131} INFO - Exporting env vars: AIRFLOW_CTX_DAG_OWNER='airflow' AIRFLOW_CTX_DAG_ID='welcome_dag' AIRFLOW_CTX_TASK_ID='print_date' AIRFLOW_CTX_EXECUTION_DATE='2024-09-13T22:00:37+00:00' AIRFLOW_CTX_TRY_NUMBER='1' AIRFLOW_CTX_DAG_RUN_ID='scheduled__2024-09-13T22:00:37+00:00'
[2024-09-13T22:05:08.461+0000] {taskinstance.py:731} INFO - ::endgroup::
[2024-09-13T22:05:08.672+0000] {logging_mixin.py:190} INFO - Today is 2024-09-13
[2024-09-13T22:05:08.674+0000] {python.py:240} INFO - Done. Returned value was: None
[2024-09-13T22:05:09.239+0000] {job.py:229} INFO - Heartbeat recovered after 13.86 seconds
[2024-09-13T22:05:09.829+0000] {taskinstance.py:340} INFO - ::group::Post task execution logs
[2024-09-13T22:05:09.833+0000] {taskinstance.py:352} INFO - Marking task as SUCCESS. dag_id=welcome_dag, task_id=print_date, run_id=scheduled__2024-09-13T22:00:37+00:00, execution_date=20240913T220037, start_date=20240913T220501, end_date=20240913T220509
[2024-09-13T22:05:10.125+0000] {local_task_job_runner.py:266} INFO - Task exited with return code 0
[2024-09-13T22:05:10.936+0000] {local_task_job_runner.py:245} INFO - ::endgroup::
[2024-09-13T22:05:12.319+0000] {standard_task_runner.py:217} INFO - Process not found (most likely exited), stop collecting metrics
