[2024-09-11T17:00:17.955+0000] {local_task_job_runner.py:123} INFO - ::group::Pre task execution logs
[2024-09-11T17:00:19.932+0000] {taskinstance.py:2612} INFO - Dependencies all met for dep_context=non-requeueable deps ti=<TaskInstance: welcome_dag.print_welcome scheduled__2024-09-11T17:00:02+00:00 [queued]>
[2024-09-11T17:00:20.102+0000] {taskinstance.py:2612} INFO - Dependencies all met for dep_context=requeueable deps ti=<TaskInstance: welcome_dag.print_welcome scheduled__2024-09-11T17:00:02+00:00 [queued]>
[2024-09-11T17:00:20.105+0000] {taskinstance.py:2865} INFO - Starting attempt 1 of 1
[2024-09-11T17:00:20.678+0000] {taskinstance.py:2888} INFO - Executing <Task(PythonOperator): print_welcome> on 2024-09-11 17:00:02+00:00
[2024-09-11T17:00:21.824+0000] {standard_task_runner.py:104} INFO - Running: ['airflow', 'tasks', 'run', 'welcome_dag', 'print_welcome', 'scheduled__2024-09-11T17:00:02+00:00', '--job-id', '1142', '--raw', '--subdir', 'DAGS_FOLDER/Awelcome_dags.py', '--cfg-path', '/tmp/tmpru5nh4u2']
[2024-09-11T17:00:22.491+0000] {standard_task_runner.py:105} INFO - Job 1142: Subtask print_welcome
[2024-09-11T17:00:23.282+0000] {logging_mixin.py:190} WARNING - /home/airflow/.local/lib/python3.12/site-packages/airflow/task/task_runner/standard_task_runner.py:70 DeprecationWarning: This process (pid=11687) is multi-threaded, use of fork() may lead to deadlocks in the child.
[2024-09-11T17:00:23.298+0000] {standard_task_runner.py:72} INFO - Started process 11723 to run task
[2024-09-11T17:00:31.969+0000] {job.py:229} INFO - Heartbeat recovered after 20.43 seconds
[2024-09-11T17:00:32.472+0000] {task_command.py:467} INFO - Running <TaskInstance: welcome_dag.print_welcome scheduled__2024-09-11T17:00:02+00:00 [running]> on host b8b5351e8a6b
[2024-09-11T17:00:40.939+0000] {taskinstance.py:3131} INFO - Exporting env vars: AIRFLOW_CTX_DAG_OWNER='airflow' AIRFLOW_CTX_DAG_ID='welcome_dag' AIRFLOW_CTX_TASK_ID='print_welcome' AIRFLOW_CTX_EXECUTION_DATE='2024-09-11T17:00:02+00:00' AIRFLOW_CTX_TRY_NUMBER='1' AIRFLOW_CTX_DAG_RUN_ID='scheduled__2024-09-11T17:00:02+00:00'
[2024-09-11T17:00:40.967+0000] {taskinstance.py:731} INFO - ::endgroup::
[2024-09-11T17:00:41.163+0000] {logging_mixin.py:190} INFO - Welcome to Airflow!
[2024-09-11T17:00:41.168+0000] {python.py:240} INFO - Done. Returned value was: None
[2024-09-11T17:00:42.901+0000] {taskinstance.py:340} INFO - ::group::Post task execution logs
[2024-09-11T17:00:42.905+0000] {taskinstance.py:352} INFO - Marking task as SUCCESS. dag_id=welcome_dag, task_id=print_welcome, run_id=scheduled__2024-09-11T17:00:02+00:00, execution_date=20240911T170002, start_date=20240911T170019, end_date=20240911T170042
[2024-09-11T17:00:43.072+0000] {local_task_job_runner.py:266} INFO - Task exited with return code 0
[2024-09-11T17:00:43.622+0000] {standard_task_runner.py:217} INFO - Process not found (most likely exited), stop collecting metrics
[2024-09-11T17:00:44.191+0000] {local_task_job_runner.py:245} INFO - ::endgroup::
