[2024-09-08T15:01:48.228+0000] {local_task_job_runner.py:123} INFO - ::group::Pre task execution logs
[2024-09-08T15:01:49.780+0000] {taskinstance.py:2612} INFO - Dependencies all met for dep_context=non-requeueable deps ti=<TaskInstance: welcome_dag.print_date scheduled__2024-09-08T15:00:00+00:00 [queued]>
[2024-09-08T15:01:50.117+0000] {taskinstance.py:2612} INFO - Dependencies all met for dep_context=requeueable deps ti=<TaskInstance: welcome_dag.print_date scheduled__2024-09-08T15:00:00+00:00 [queued]>
[2024-09-08T15:01:50.123+0000] {taskinstance.py:2865} INFO - Starting attempt 1 of 1
[2024-09-08T15:01:50.575+0000] {taskinstance.py:2888} INFO - Executing <Task(PythonOperator): print_date> on 2024-09-08 15:00:00+00:00
[2024-09-08T15:01:50.920+0000] {standard_task_runner.py:104} INFO - Running: ['airflow', 'tasks', 'run', 'welcome_dag', 'print_date', 'scheduled__2024-09-08T15:00:00+00:00', '--job-id', '1270', '--raw', '--subdir', 'DAGS_FOLDER/Awelcome_dags.py', '--cfg-path', '/tmp/tmplbpxg1kl']
[2024-09-08T15:01:51.045+0000] {standard_task_runner.py:105} INFO - Job 1270: Subtask print_date
[2024-09-08T15:01:51.531+0000] {logging_mixin.py:190} WARNING - /home/airflow/.local/lib/python3.12/site-packages/airflow/task/task_runner/standard_task_runner.py:70 DeprecationWarning: This process (pid=32363) is multi-threaded, use of fork() may lead to deadlocks in the child.
[2024-09-08T15:01:51.550+0000] {standard_task_runner.py:72} INFO - Started process 32379 to run task
[2024-09-08T15:01:59.369+0000] {task_command.py:467} INFO - Running <TaskInstance: welcome_dag.print_date scheduled__2024-09-08T15:00:00+00:00 [running]> on host 13d1dadf4f15
[2024-09-08T15:02:00.752+0000] {job.py:229} INFO - Heartbeat recovered after 20.14 seconds
[2024-09-08T15:02:07.741+0000] {taskinstance.py:3131} INFO - Exporting env vars: AIRFLOW_CTX_DAG_OWNER='airflow' AIRFLOW_CTX_DAG_ID='welcome_dag' AIRFLOW_CTX_TASK_ID='print_date' AIRFLOW_CTX_EXECUTION_DATE='2024-09-08T15:00:00+00:00' AIRFLOW_CTX_TRY_NUMBER='1' AIRFLOW_CTX_DAG_RUN_ID='scheduled__2024-09-08T15:00:00+00:00'
[2024-09-08T15:02:07.858+0000] {taskinstance.py:731} INFO - ::endgroup::
[2024-09-08T15:02:08.142+0000] {logging_mixin.py:190} INFO - Today is 2024-09-08
[2024-09-08T15:02:08.150+0000] {python.py:240} INFO - Done. Returned value was: None
[2024-09-08T15:02:10.540+0000] {taskinstance.py:340} INFO - ::group::Post task execution logs
[2024-09-08T15:02:10.556+0000] {taskinstance.py:352} INFO - Marking task as SUCCESS. dag_id=welcome_dag, task_id=print_date, run_id=scheduled__2024-09-08T15:00:00+00:00, execution_date=20240908T150000, start_date=20240908T150149, end_date=20240908T150210
[2024-09-08T15:02:13.493+0000] {local_task_job_runner.py:266} INFO - Task exited with return code 0
[2024-09-08T15:02:17.127+0000] {standard_task_runner.py:217} INFO - Process not found (most likely exited), stop collecting metrics
[2024-09-08T15:02:17.282+0000] {taskinstance.py:3900} INFO - 0 downstream tasks scheduled from follow-on schedule check
[2024-09-08T15:02:17.418+0000] {local_task_job_runner.py:245} INFO - ::endgroup::
