[2024-09-10T20:59:29.429+0000] {local_task_job_runner.py:123} INFO - ::group::Pre task execution logs
[2024-09-10T20:59:29.515+0000] {taskinstance.py:2612} INFO - Dependencies all met for dep_context=non-requeueable deps ti=<TaskInstance: detect_1fn_anomalies_dag.detect_1nf_and_insert_anomalies manual__2024-09-10T20:49:19.302124+00:00 [queued]>
[2024-09-10T20:59:29.526+0000] {taskinstance.py:2612} INFO - Dependencies all met for dep_context=requeueable deps ti=<TaskInstance: detect_1fn_anomalies_dag.detect_1nf_and_insert_anomalies manual__2024-09-10T20:49:19.302124+00:00 [queued]>
[2024-09-10T20:59:29.530+0000] {taskinstance.py:2865} INFO - Starting attempt 3 of 4
[2024-09-10T20:59:29.547+0000] {taskinstance.py:2888} INFO - Executing <Task(PythonOperator): detect_1nf_and_insert_anomalies> on 2024-09-10 20:49:19.302124+00:00
[2024-09-10T20:59:29.560+0000] {logging_mixin.py:190} WARNING - /home/airflow/.local/lib/python3.12/site-packages/airflow/task/task_runner/standard_task_runner.py:70 DeprecationWarning: This process (pid=4147) is multi-threaded, use of fork() may lead to deadlocks in the child.
[2024-09-10T20:59:29.561+0000] {standard_task_runner.py:72} INFO - Started process 4149 to run task
[2024-09-10T20:59:29.560+0000] {standard_task_runner.py:104} INFO - Running: ['airflow', 'tasks', 'run', 'detect_1fn_anomalies_dag', 'detect_1nf_and_insert_anomalies', 'manual__2024-09-10T20:49:19.302124+00:00', '--job-id', '3391', '--raw', '--subdir', 'DAGS_FOLDER/Dag_detect_1FN_anomaly.py', '--cfg-path', '/tmp/tmptc63rc48']
[2024-09-10T20:59:29.564+0000] {standard_task_runner.py:105} INFO - Job 3391: Subtask detect_1nf_and_insert_anomalies
[2024-09-10T20:59:29.867+0000] {task_command.py:467} INFO - Running <TaskInstance: detect_1fn_anomalies_dag.detect_1nf_and_insert_anomalies manual__2024-09-10T20:49:19.302124+00:00 [running]> on host f0946a6cef1f
[2024-09-10T20:59:30.443+0000] {taskinstance.py:3131} INFO - Exporting env vars: AIRFLOW_CTX_DAG_OWNER='airflow' AIRFLOW_CTX_DAG_ID='detect_1fn_anomalies_dag' AIRFLOW_CTX_TASK_ID='detect_1nf_and_insert_anomalies' AIRFLOW_CTX_EXECUTION_DATE='2024-09-10T20:49:19.302124+00:00' AIRFLOW_CTX_TRY_NUMBER='3' AIRFLOW_CTX_DAG_RUN_ID='manual__2024-09-10T20:49:19.302124+00:00'
[2024-09-10T20:59:30.445+0000] {taskinstance.py:731} INFO - ::endgroup::
[2024-09-10T20:59:30.575+0000] {Dag_detect_1FN_anomaly.py:95} INFO - Processing table: customers
[2024-09-10T20:59:30.576+0000] {Dag_detect_1FN_anomaly.py:95} INFO - Processing table: transactions
[2024-09-10T20:59:30.576+0000] {Dag_detect_1FN_anomaly.py:95} INFO - Processing table: products
[2024-09-10T20:59:30.579+0000] {Dag_detect_1FN_anomaly.py:106} ERROR - Error processing table customers: type object 'TaskInstance' has no attribute 'latest_heartbeat'
[2024-09-10T20:59:30.580+0000] {Dag_detect_1FN_anomaly.py:106} ERROR - Error processing table transactions: type object 'TaskInstance' has no attribute 'latest_heartbeat'
[2024-09-10T20:59:30.582+0000] {Dag_detect_1FN_anomaly.py:106} ERROR - Error processing table products: type object 'TaskInstance' has no attribute 'latest_heartbeat'
[2024-09-10T20:59:30.583+0000] {Dag_detect_1FN_anomaly.py:95} INFO - Processing table: orderdetails
[2024-09-10T20:59:30.584+0000] {Dag_detect_1FN_anomaly.py:95} INFO - Processing table: productsuppliers
[2024-09-10T20:59:30.585+0000] {Dag_detect_1FN_anomaly.py:95} INFO - Processing table: anomalies
[2024-09-10T20:59:30.586+0000] {Dag_detect_1FN_anomaly.py:106} ERROR - Error processing table orderdetails: type object 'TaskInstance' has no attribute 'latest_heartbeat'
[2024-09-10T20:59:30.587+0000] {Dag_detect_1FN_anomaly.py:106} ERROR - Error processing table productsuppliers: type object 'TaskInstance' has no attribute 'latest_heartbeat'
[2024-09-10T20:59:30.588+0000] {Dag_detect_1FN_anomaly.py:106} ERROR - Error processing table anomalies: type object 'TaskInstance' has no attribute 'latest_heartbeat'
[2024-09-10T20:59:30.588+0000] {Dag_detect_1FN_anomaly.py:95} INFO - Processing table: log
[2024-09-10T20:59:30.589+0000] {Dag_detect_1FN_anomaly.py:95} INFO - Processing table: dag_priority_parsing_request
[2024-09-10T20:59:30.590+0000] {Dag_detect_1FN_anomaly.py:95} INFO - Processing table: job
[2024-09-10T20:59:30.590+0000] {Dag_detect_1FN_anomaly.py:106} ERROR - Error processing table log: type object 'TaskInstance' has no attribute 'latest_heartbeat'
[2024-09-10T20:59:30.591+0000] {Dag_detect_1FN_anomaly.py:106} ERROR - Error processing table dag_priority_parsing_request: type object 'TaskInstance' has no attribute 'latest_heartbeat'
[2024-09-10T20:59:30.592+0000] {Dag_detect_1FN_anomaly.py:106} ERROR - Error processing table job: type object 'TaskInstance' has no attribute 'latest_heartbeat'
[2024-09-10T20:59:30.593+0000] {Dag_detect_1FN_anomaly.py:95} INFO - Processing table: anomalies1
[2024-09-10T20:59:30.593+0000] {Dag_detect_1FN_anomaly.py:95} INFO - Processing table: slot_pool
[2024-09-10T20:59:30.594+0000] {Dag_detect_1FN_anomaly.py:95} INFO - Processing table: callback_request
[2024-09-10T20:59:30.595+0000] {Dag_detect_1FN_anomaly.py:106} ERROR - Error processing table anomalies1: type object 'TaskInstance' has no attribute 'latest_heartbeat'
[2024-09-10T20:59:30.597+0000] {Dag_detect_1FN_anomaly.py:106} ERROR - Error processing table slot_pool: type object 'TaskInstance' has no attribute 'latest_heartbeat'
[2024-09-10T20:59:30.598+0000] {Dag_detect_1FN_anomaly.py:106} ERROR - Error processing table callback_request: type object 'TaskInstance' has no attribute 'latest_heartbeat'
[2024-09-10T20:59:30.599+0000] {Dag_detect_1FN_anomaly.py:95} INFO - Processing table: dag_code
[2024-09-10T20:59:30.599+0000] {Dag_detect_1FN_anomaly.py:95} INFO - Processing table: dag_pickle
[2024-09-10T20:59:30.600+0000] {Dag_detect_1FN_anomaly.py:95} INFO - Processing table: ab_user
[2024-09-10T20:59:30.601+0000] {Dag_detect_1FN_anomaly.py:106} ERROR - Error processing table dag_code: type object 'TaskInstance' has no attribute 'latest_heartbeat'
[2024-09-10T20:59:30.602+0000] {Dag_detect_1FN_anomaly.py:106} ERROR - Error processing table dag_pickle: type object 'TaskInstance' has no attribute 'latest_heartbeat'
[2024-09-10T20:59:30.602+0000] {Dag_detect_1FN_anomaly.py:106} ERROR - Error processing table ab_user: type object 'TaskInstance' has no attribute 'latest_heartbeat'
[2024-09-10T20:59:30.603+0000] {Dag_detect_1FN_anomaly.py:95} INFO - Processing table: ab_register_user
[2024-09-10T20:59:30.603+0000] {Dag_detect_1FN_anomaly.py:95} INFO - Processing table: connection
[2024-09-10T20:59:30.604+0000] {Dag_detect_1FN_anomaly.py:95} INFO - Processing table: sla_miss
[2024-09-10T20:59:30.605+0000] {Dag_detect_1FN_anomaly.py:106} ERROR - Error processing table ab_register_user: type object 'TaskInstance' has no attribute 'latest_heartbeat'
[2024-09-10T20:59:30.606+0000] {Dag_detect_1FN_anomaly.py:106} ERROR - Error processing table connection: type object 'TaskInstance' has no attribute 'latest_heartbeat'
[2024-09-10T20:59:30.606+0000] {Dag_detect_1FN_anomaly.py:106} ERROR - Error processing table sla_miss: type object 'TaskInstance' has no attribute 'latest_heartbeat'
[2024-09-10T20:59:30.607+0000] {Dag_detect_1FN_anomaly.py:95} INFO - Processing table: variable
[2024-09-10T20:59:30.607+0000] {Dag_detect_1FN_anomaly.py:95} INFO - Processing table: import_error
[2024-09-10T20:59:30.608+0000] {Dag_detect_1FN_anomaly.py:95} INFO - Processing table: serialized_dag
[2024-09-10T20:59:30.609+0000] {Dag_detect_1FN_anomaly.py:106} ERROR - Error processing table variable: type object 'TaskInstance' has no attribute 'latest_heartbeat'
[2024-09-10T20:59:30.609+0000] {Dag_detect_1FN_anomaly.py:106} ERROR - Error processing table import_error: type object 'TaskInstance' has no attribute 'latest_heartbeat'
[2024-09-10T20:59:30.610+0000] {Dag_detect_1FN_anomaly.py:106} ERROR - Error processing table serialized_dag: type object 'TaskInstance' has no attribute 'latest_heartbeat'
[2024-09-10T20:59:30.611+0000] {Dag_detect_1FN_anomaly.py:95} INFO - Processing table: dataset_alias
[2024-09-10T20:59:30.611+0000] {Dag_detect_1FN_anomaly.py:95} INFO - Processing table: dataset_alias_dataset
[2024-09-10T20:59:30.612+0000] {Dag_detect_1FN_anomaly.py:95} INFO - Processing table: dataset
[2024-09-10T20:59:30.613+0000] {Dag_detect_1FN_anomaly.py:106} ERROR - Error processing table dataset_alias: type object 'TaskInstance' has no attribute 'latest_heartbeat'
[2024-09-10T20:59:30.613+0000] {Dag_detect_1FN_anomaly.py:106} ERROR - Error processing table dataset_alias_dataset: type object 'TaskInstance' has no attribute 'latest_heartbeat'
[2024-09-10T20:59:30.614+0000] {Dag_detect_1FN_anomaly.py:106} ERROR - Error processing table dataset: type object 'TaskInstance' has no attribute 'latest_heartbeat'
[2024-09-10T20:59:30.615+0000] {Dag_detect_1FN_anomaly.py:95} INFO - Processing table: dataset_alias_dataset_event
[2024-09-10T20:59:30.615+0000] {Dag_detect_1FN_anomaly.py:95} INFO - Processing table: dataset_event
[2024-09-10T20:59:30.616+0000] {Dag_detect_1FN_anomaly.py:95} INFO - Processing table: dag_schedule_dataset_alias_reference
[2024-09-10T20:59:30.617+0000] {Dag_detect_1FN_anomaly.py:106} ERROR - Error processing table dataset_alias_dataset_event: type object 'TaskInstance' has no attribute 'latest_heartbeat'
[2024-09-10T20:59:30.619+0000] {Dag_detect_1FN_anomaly.py:106} ERROR - Error processing table dataset_event: type object 'TaskInstance' has no attribute 'latest_heartbeat'
[2024-09-10T20:59:30.620+0000] {Dag_detect_1FN_anomaly.py:106} ERROR - Error processing table dag_schedule_dataset_alias_reference: type object 'TaskInstance' has no attribute 'latest_heartbeat'
[2024-09-10T20:59:30.621+0000] {Dag_detect_1FN_anomaly.py:95} INFO - Processing table: dag
[2024-09-10T20:59:30.622+0000] {Dag_detect_1FN_anomaly.py:95} INFO - Processing table: dag_schedule_dataset_reference
[2024-09-10T20:59:30.622+0000] {Dag_detect_1FN_anomaly.py:95} INFO - Processing table: task_outlet_dataset_reference
[2024-09-10T20:59:30.623+0000] {Dag_detect_1FN_anomaly.py:106} ERROR - Error processing table dag: type object 'TaskInstance' has no attribute 'latest_heartbeat'
[2024-09-10T20:59:30.624+0000] {Dag_detect_1FN_anomaly.py:106} ERROR - Error processing table dag_schedule_dataset_reference: type object 'TaskInstance' has no attribute 'latest_heartbeat'
[2024-09-10T20:59:30.625+0000] {Dag_detect_1FN_anomaly.py:106} ERROR - Error processing table task_outlet_dataset_reference: type object 'TaskInstance' has no attribute 'latest_heartbeat'
[2024-09-10T20:59:30.625+0000] {Dag_detect_1FN_anomaly.py:95} INFO - Processing table: dataset_dag_run_queue
[2024-09-10T20:59:30.626+0000] {Dag_detect_1FN_anomaly.py:95} INFO - Processing table: log_template
[2024-09-10T20:59:30.626+0000] {Dag_detect_1FN_anomaly.py:95} INFO - Processing table: dag_run
[2024-09-10T20:59:30.627+0000] {Dag_detect_1FN_anomaly.py:106} ERROR - Error processing table dataset_dag_run_queue: type object 'TaskInstance' has no attribute 'latest_heartbeat'
[2024-09-10T20:59:30.628+0000] {Dag_detect_1FN_anomaly.py:106} ERROR - Error processing table log_template: type object 'TaskInstance' has no attribute 'latest_heartbeat'
[2024-09-10T20:59:30.629+0000] {Dag_detect_1FN_anomaly.py:106} ERROR - Error processing table dag_run: type object 'TaskInstance' has no attribute 'latest_heartbeat'
[2024-09-10T20:59:30.630+0000] {Dag_detect_1FN_anomaly.py:95} INFO - Processing table: dag_tag
[2024-09-10T20:59:30.630+0000] {Dag_detect_1FN_anomaly.py:95} INFO - Processing table: dag_owner_attributes
[2024-09-10T20:59:30.631+0000] {Dag_detect_1FN_anomaly.py:95} INFO - Processing table: ab_permission
[2024-09-10T20:59:30.632+0000] {Dag_detect_1FN_anomaly.py:106} ERROR - Error processing table dag_tag: type object 'TaskInstance' has no attribute 'latest_heartbeat'
[2024-09-10T20:59:30.633+0000] {Dag_detect_1FN_anomaly.py:106} ERROR - Error processing table dag_owner_attributes: type object 'TaskInstance' has no attribute 'latest_heartbeat'
[2024-09-10T20:59:30.634+0000] {Dag_detect_1FN_anomaly.py:106} ERROR - Error processing table ab_permission: type object 'TaskInstance' has no attribute 'latest_heartbeat'
[2024-09-10T20:59:30.635+0000] {Dag_detect_1FN_anomaly.py:95} INFO - Processing table: ab_permission_view
[2024-09-10T20:59:30.635+0000] {Dag_detect_1FN_anomaly.py:95} INFO - Processing table: ab_view_menu
[2024-09-10T20:59:30.636+0000] {Dag_detect_1FN_anomaly.py:95} INFO - Processing table: ab_user_role
[2024-09-10T20:59:30.637+0000] {Dag_detect_1FN_anomaly.py:106} ERROR - Error processing table ab_permission_view: type object 'TaskInstance' has no attribute 'latest_heartbeat'
[2024-09-10T20:59:30.638+0000] {Dag_detect_1FN_anomaly.py:106} ERROR - Error processing table ab_view_menu: type object 'TaskInstance' has no attribute 'latest_heartbeat'
[2024-09-10T20:59:30.639+0000] {Dag_detect_1FN_anomaly.py:106} ERROR - Error processing table ab_user_role: type object 'TaskInstance' has no attribute 'latest_heartbeat'
[2024-09-10T20:59:30.640+0000] {Dag_detect_1FN_anomaly.py:95} INFO - Processing table: ab_role
[2024-09-10T20:59:30.641+0000] {Dag_detect_1FN_anomaly.py:95} INFO - Processing table: dag_warning
[2024-09-10T20:59:30.641+0000] {Dag_detect_1FN_anomaly.py:95} INFO - Processing table: dagrun_dataset_event
[2024-09-10T20:59:30.643+0000] {Dag_detect_1FN_anomaly.py:106} ERROR - Error processing table ab_role: type object 'TaskInstance' has no attribute 'latest_heartbeat'
[2024-09-10T20:59:30.644+0000] {Dag_detect_1FN_anomaly.py:106} ERROR - Error processing table dag_warning: type object 'TaskInstance' has no attribute 'latest_heartbeat'
[2024-09-10T20:59:30.645+0000] {Dag_detect_1FN_anomaly.py:106} ERROR - Error processing table dagrun_dataset_event: type object 'TaskInstance' has no attribute 'latest_heartbeat'
[2024-09-10T20:59:30.646+0000] {Dag_detect_1FN_anomaly.py:95} INFO - Processing table: trigger
[2024-09-10T20:59:30.647+0000] {Dag_detect_1FN_anomaly.py:95} INFO - Processing table: task_instance
[2024-09-10T20:59:30.647+0000] {Dag_detect_1FN_anomaly.py:95} INFO - Processing table: dag_run_note
[2024-09-10T20:59:30.649+0000] {Dag_detect_1FN_anomaly.py:106} ERROR - Error processing table trigger: type object 'TaskInstance' has no attribute 'latest_heartbeat'
[2024-09-10T20:59:30.650+0000] {Dag_detect_1FN_anomaly.py:106} ERROR - Error processing table task_instance: type object 'TaskInstance' has no attribute 'latest_heartbeat'
[2024-09-10T20:59:30.651+0000] {Dag_detect_1FN_anomaly.py:106} ERROR - Error processing table dag_run_note: type object 'TaskInstance' has no attribute 'latest_heartbeat'
[2024-09-10T20:59:30.652+0000] {Dag_detect_1FN_anomaly.py:95} INFO - Processing table: ab_permission_view_role
[2024-09-10T20:59:30.652+0000] {Dag_detect_1FN_anomaly.py:95} INFO - Processing table: rendered_task_instance_fields
[2024-09-10T20:59:30.653+0000] {Dag_detect_1FN_anomaly.py:95} INFO - Processing table: task_fail
[2024-09-10T20:59:30.654+0000] {Dag_detect_1FN_anomaly.py:106} ERROR - Error processing table ab_permission_view_role: type object 'TaskInstance' has no attribute 'latest_heartbeat'
[2024-09-10T20:59:30.655+0000] {Dag_detect_1FN_anomaly.py:106} ERROR - Error processing table rendered_task_instance_fields: type object 'TaskInstance' has no attribute 'latest_heartbeat'
[2024-09-10T20:59:30.656+0000] {Dag_detect_1FN_anomaly.py:106} ERROR - Error processing table task_fail: type object 'TaskInstance' has no attribute 'latest_heartbeat'
[2024-09-10T20:59:30.656+0000] {Dag_detect_1FN_anomaly.py:95} INFO - Processing table: task_map
[2024-09-10T20:59:30.656+0000] {Dag_detect_1FN_anomaly.py:95} INFO - Processing table: task_reschedule
[2024-09-10T20:59:30.657+0000] {Dag_detect_1FN_anomaly.py:95} INFO - Processing table: xcom
[2024-09-10T20:59:30.658+0000] {Dag_detect_1FN_anomaly.py:106} ERROR - Error processing table task_map: type object 'TaskInstance' has no attribute 'latest_heartbeat'
[2024-09-10T20:59:30.659+0000] {Dag_detect_1FN_anomaly.py:106} ERROR - Error processing table task_reschedule: type object 'TaskInstance' has no attribute 'latest_heartbeat'
[2024-09-10T20:59:30.660+0000] {Dag_detect_1FN_anomaly.py:106} ERROR - Error processing table xcom: type object 'TaskInstance' has no attribute 'latest_heartbeat'
[2024-09-10T20:59:30.660+0000] {Dag_detect_1FN_anomaly.py:95} INFO - Processing table: task_instance_note
[2024-09-10T20:59:30.661+0000] {Dag_detect_1FN_anomaly.py:95} INFO - Processing table: task_instance_history
[2024-09-10T20:59:30.661+0000] {Dag_detect_1FN_anomaly.py:95} INFO - Processing table: session
[2024-09-10T20:59:30.662+0000] {Dag_detect_1FN_anomaly.py:106} ERROR - Error processing table task_instance_note: type object 'TaskInstance' has no attribute 'latest_heartbeat'
[2024-09-10T20:59:30.663+0000] {Dag_detect_1FN_anomaly.py:106} ERROR - Error processing table task_instance_history: type object 'TaskInstance' has no attribute 'latest_heartbeat'
[2024-09-10T20:59:30.663+0000] {Dag_detect_1FN_anomaly.py:106} ERROR - Error processing table session: type object 'TaskInstance' has no attribute 'latest_heartbeat'
[2024-09-10T20:59:30.664+0000] {Dag_detect_1FN_anomaly.py:95} INFO - Processing table: alembic_version
[2024-09-10T20:59:30.664+0000] {Dag_detect_1FN_anomaly.py:95} INFO - Processing table: orders
[2024-09-10T20:59:30.665+0000] {Dag_detect_1FN_anomaly.py:95} INFO - Processing table: anomalieDetected
[2024-09-10T20:59:30.666+0000] {Dag_detect_1FN_anomaly.py:106} ERROR - Error processing table alembic_version: type object 'TaskInstance' has no attribute 'latest_heartbeat'
[2024-09-10T20:59:30.667+0000] {Dag_detect_1FN_anomaly.py:106} ERROR - Error processing table orders: type object 'TaskInstance' has no attribute 'latest_heartbeat'
[2024-09-10T20:59:30.668+0000] {Dag_detect_1FN_anomaly.py:106} ERROR - Error processing table anomalieDetected: type object 'TaskInstance' has no attribute 'latest_heartbeat'
[2024-09-10T20:59:30.669+0000] {Dag_detect_1FN_anomaly.py:119} ERROR - Une erreur s'est produite : type object 'TaskInstance' has no attribute 'latest_heartbeat'
[2024-09-10T20:59:30.670+0000] {taskinstance.py:3310} ERROR - Task failed with exception
Traceback (most recent call last):
  File "/home/airflow/.local/lib/python3.12/site-packages/airflow/models/taskinstance.py", line 762, in _execute_task
    result = _execute_callable(context=context, **execute_callable_kwargs)
             ^^^^^^^^^^^^^^^^^^^^^^^^^^^^^^^^^^^^^^^^^^^^^^^^^^^^^^^^^^^^^
  File "/home/airflow/.local/lib/python3.12/site-packages/airflow/models/taskinstance.py", line 733, in _execute_callable
    return ExecutionCallableRunner(
           ^^^^^^^^^^^^^^^^^^^^^^^^
  File "/home/airflow/.local/lib/python3.12/site-packages/airflow/utils/operator_helpers.py", line 252, in run
    return self.func(*args, **kwargs)
           ^^^^^^^^^^^^^^^^^^^^^^^^^^
  File "/home/airflow/.local/lib/python3.12/site-packages/airflow/models/baseoperator.py", line 406, in wrapper
    return func(self, *args, **kwargs)
           ^^^^^^^^^^^^^^^^^^^^^^^^^^^
  File "/home/airflow/.local/lib/python3.12/site-packages/airflow/operators/python.py", line 238, in execute
    return_value = self.execute_callable()
                   ^^^^^^^^^^^^^^^^^^^^^^^
  File "/home/airflow/.local/lib/python3.12/site-packages/airflow/operators/python.py", line 256, in execute_callable
    return runner.run(*self.op_args, **self.op_kwargs)
           ^^^^^^^^^^^^^^^^^^^^^^^^^^^^^^^^^^^^^^^^^^^
  File "/home/airflow/.local/lib/python3.12/site-packages/airflow/utils/operator_helpers.py", line 252, in run
    return self.func(*args, **kwargs)
           ^^^^^^^^^^^^^^^^^^^^^^^^^^
  File "/opt/airflow/dags/Dag_detect_1FN_anomaly.py", line 116, in detect_and_insert_anomalies
    heartbeat(task_instance)  # Émettre un heartbeat après chaque table traitée
    ^^^^^^^^^^^^^^^^^^^^^^^^
  File "/home/airflow/.local/lib/python3.12/site-packages/airflow/utils/session.py", line 97, in wrapper
    return func(*args, session=session, **kwargs)
           ^^^^^^^^^^^^^^^^^^^^^^^^^^^^^^^^^^^^^^
  File "/opt/airflow/dags/Dag_detect_1FN_anomaly.py", line 90, in heartbeat
    ).update({TaskInstance.latest_heartbeat: datetime.utcnow()})
              ^^^^^^^^^^^^^^^^^^^^^^^^^^^^^
AttributeError: type object 'TaskInstance' has no attribute 'latest_heartbeat'
[2024-09-10T20:59:30.792+0000] {taskinstance.py:1225} INFO - Marking task as UP_FOR_RETRY. dag_id=detect_1fn_anomalies_dag, task_id=detect_1nf_and_insert_anomalies, run_id=manual__2024-09-10T20:49:19.302124+00:00, execution_date=20240910T204919, start_date=20240910T205929, end_date=20240910T205930
[2024-09-10T20:59:30.824+0000] {taskinstance.py:340} INFO - ::group::Post task execution logs
[2024-09-10T20:59:30.824+0000] {standard_task_runner.py:124} ERROR - Failed to execute job 3391 for task detect_1nf_and_insert_anomalies (type object 'TaskInstance' has no attribute 'latest_heartbeat'; 4149)
Traceback (most recent call last):
  File "/home/airflow/.local/lib/python3.12/site-packages/airflow/task/task_runner/standard_task_runner.py", line 117, in _start_by_fork
    ret = args.func(args, dag=self.dag)
          ^^^^^^^^^^^^^^^^^^^^^^^^^^^^^
  File "/home/airflow/.local/lib/python3.12/site-packages/airflow/cli/cli_config.py", line 49, in command
    return func(*args, **kwargs)
           ^^^^^^^^^^^^^^^^^^^^^
  File "/home/airflow/.local/lib/python3.12/site-packages/airflow/utils/cli.py", line 115, in wrapper
    return f(*args, **kwargs)
           ^^^^^^^^^^^^^^^^^^
  File "/home/airflow/.local/lib/python3.12/site-packages/airflow/cli/commands/task_command.py", line 483, in task_run
    task_return_code = _run_task_by_selected_method(args, _dag, ti)
                       ^^^^^^^^^^^^^^^^^^^^^^^^^^^^^^^^^^^^^^^^^^^^
  File "/home/airflow/.local/lib/python3.12/site-packages/airflow/cli/commands/task_command.py", line 256, in _run_task_by_selected_method
    return _run_raw_task(args, ti)
           ^^^^^^^^^^^^^^^^^^^^^^^
  File "/home/airflow/.local/lib/python3.12/site-packages/airflow/cli/commands/task_command.py", line 341, in _run_raw_task
    return ti._run_raw_task(
           ^^^^^^^^^^^^^^^^^
  File "/home/airflow/.local/lib/python3.12/site-packages/airflow/utils/session.py", line 97, in wrapper
    return func(*args, session=session, **kwargs)
           ^^^^^^^^^^^^^^^^^^^^^^^^^^^^^^^^^^^^^^
  File "/home/airflow/.local/lib/python3.12/site-packages/airflow/models/taskinstance.py", line 3004, in _run_raw_task
    return _run_raw_task(
           ^^^^^^^^^^^^^^
  File "/home/airflow/.local/lib/python3.12/site-packages/airflow/models/taskinstance.py", line 273, in _run_raw_task
    TaskInstance._execute_task_with_callbacks(
  File "/home/airflow/.local/lib/python3.12/site-packages/airflow/models/taskinstance.py", line 3158, in _execute_task_with_callbacks
    result = self._execute_task(context, task_orig)
             ^^^^^^^^^^^^^^^^^^^^^^^^^^^^^^^^^^^^^^
  File "/home/airflow/.local/lib/python3.12/site-packages/airflow/models/taskinstance.py", line 3182, in _execute_task
    return _execute_task(self, context, task_orig)
           ^^^^^^^^^^^^^^^^^^^^^^^^^^^^^^^^^^^^^^^
  File "/home/airflow/.local/lib/python3.12/site-packages/airflow/models/taskinstance.py", line 762, in _execute_task
    result = _execute_callable(context=context, **execute_callable_kwargs)
             ^^^^^^^^^^^^^^^^^^^^^^^^^^^^^^^^^^^^^^^^^^^^^^^^^^^^^^^^^^^^^
  File "/home/airflow/.local/lib/python3.12/site-packages/airflow/models/taskinstance.py", line 733, in _execute_callable
    return ExecutionCallableRunner(
           ^^^^^^^^^^^^^^^^^^^^^^^^
  File "/home/airflow/.local/lib/python3.12/site-packages/airflow/utils/operator_helpers.py", line 252, in run
    return self.func(*args, **kwargs)
           ^^^^^^^^^^^^^^^^^^^^^^^^^^
  File "/home/airflow/.local/lib/python3.12/site-packages/airflow/models/baseoperator.py", line 406, in wrapper
    return func(self, *args, **kwargs)
           ^^^^^^^^^^^^^^^^^^^^^^^^^^^
  File "/home/airflow/.local/lib/python3.12/site-packages/airflow/operators/python.py", line 238, in execute
    return_value = self.execute_callable()
                   ^^^^^^^^^^^^^^^^^^^^^^^
  File "/home/airflow/.local/lib/python3.12/site-packages/airflow/operators/python.py", line 256, in execute_callable
    return runner.run(*self.op_args, **self.op_kwargs)
           ^^^^^^^^^^^^^^^^^^^^^^^^^^^^^^^^^^^^^^^^^^^
  File "/home/airflow/.local/lib/python3.12/site-packages/airflow/utils/operator_helpers.py", line 252, in run
    return self.func(*args, **kwargs)
           ^^^^^^^^^^^^^^^^^^^^^^^^^^
  File "/opt/airflow/dags/Dag_detect_1FN_anomaly.py", line 116, in detect_and_insert_anomalies
    heartbeat(task_instance)  # Émettre un heartbeat après chaque table traitée
    ^^^^^^^^^^^^^^^^^^^^^^^^
  File "/home/airflow/.local/lib/python3.12/site-packages/airflow/utils/session.py", line 97, in wrapper
    return func(*args, session=session, **kwargs)
           ^^^^^^^^^^^^^^^^^^^^^^^^^^^^^^^^^^^^^^
  File "/opt/airflow/dags/Dag_detect_1FN_anomaly.py", line 90, in heartbeat
    ).update({TaskInstance.latest_heartbeat: datetime.utcnow()})
              ^^^^^^^^^^^^^^^^^^^^^^^^^^^^^
AttributeError: type object 'TaskInstance' has no attribute 'latest_heartbeat'
[2024-09-10T20:59:30.863+0000] {local_task_job_runner.py:266} INFO - Task exited with return code 1
[2024-09-10T20:59:30.956+0000] {taskinstance.py:3900} INFO - 0 downstream tasks scheduled from follow-on schedule check
[2024-09-10T20:59:30.959+0000] {local_task_job_runner.py:245} INFO - ::endgroup::
