[2024-10-23T15:00:38.646+0000] {local_task_job_runner.py:123} INFO - ::group::Pre task execution logs
[2024-10-23T15:00:39.540+0000] {taskinstance.py:2612} INFO - Dependencies all met for dep_context=non-requeueable deps ti=<TaskInstance: welcome_dag.print_welcome scheduled__2024-10-23T15:00:30+00:00 [queued]>
[2024-10-23T15:00:39.613+0000] {taskinstance.py:2612} INFO - Dependencies all met for dep_context=requeueable deps ti=<TaskInstance: welcome_dag.print_welcome scheduled__2024-10-23T15:00:30+00:00 [queued]>
[2024-10-23T15:00:39.619+0000] {taskinstance.py:2865} INFO - Starting attempt 1 of 1
[2024-10-23T15:00:40.358+0000] {taskinstance.py:2888} INFO - Executing <Task(PythonOperator): print_welcome> on 2024-10-23 15:00:30+00:00
[2024-10-23T15:00:40.391+0000] {logging_mixin.py:190} WARNING - /home/airflow/.local/lib/python3.12/site-packages/airflow/task/task_runner/standard_task_runner.py:70 DeprecationWarning: This process (pid=11357) is multi-threaded, use of fork() may lead to deadlocks in the child.
[2024-10-23T15:00:40.394+0000] {standard_task_runner.py:72} INFO - Started process 11398 to run task
[2024-10-23T15:00:40.404+0000] {standard_task_runner.py:104} INFO - Running: ['airflow', 'tasks', 'run', 'welcome_dag', 'print_welcome', 'scheduled__2024-10-23T15:00:30+00:00', '--job-id', '6336', '--raw', '--subdir', 'DAGS_FOLDER/Awelcome_dags.py', '--cfg-path', '/tmp/tmpqy7dk58i']
[2024-10-23T15:00:40.421+0000] {standard_task_runner.py:105} INFO - Job 6336: Subtask print_welcome
[2024-10-23T15:00:42.577+0000] {task_command.py:467} INFO - Running <TaskInstance: welcome_dag.print_welcome scheduled__2024-10-23T15:00:30+00:00 [running]> on host 696ca67245ce
[2024-10-23T15:00:45.191+0000] {taskinstance.py:3131} INFO - Exporting env vars: AIRFLOW_CTX_DAG_OWNER='airflow' AIRFLOW_CTX_DAG_ID='welcome_dag' AIRFLOW_CTX_TASK_ID='print_welcome' AIRFLOW_CTX_EXECUTION_DATE='2024-10-23T15:00:30+00:00' AIRFLOW_CTX_TRY_NUMBER='1' AIRFLOW_CTX_DAG_RUN_ID='scheduled__2024-10-23T15:00:30+00:00'
[2024-10-23T15:00:45.204+0000] {taskinstance.py:731} INFO - ::endgroup::
[2024-10-23T15:00:45.286+0000] {logging_mixin.py:190} INFO - Welcome to Airflow!
[2024-10-23T15:00:45.289+0000] {python.py:240} INFO - Done. Returned value was: None
[2024-10-23T15:00:46.010+0000] {taskinstance.py:340} INFO - ::group::Post task execution logs
[2024-10-23T15:00:46.012+0000] {taskinstance.py:352} INFO - Marking task as SUCCESS. dag_id=welcome_dag, task_id=print_welcome, run_id=scheduled__2024-10-23T15:00:30+00:00, execution_date=20241023T150030, start_date=20241023T150039, end_date=20241023T150046
[2024-10-23T15:00:46.989+0000] {local_task_job_runner.py:266} INFO - Task exited with return code 0
[2024-10-23T15:00:50.288+0000] {taskinstance.py:3900} INFO - 0 downstream tasks scheduled from follow-on schedule check
[2024-10-23T15:00:50.305+0000] {local_task_job_runner.py:245} INFO - ::endgroup::
[2024-10-23T15:00:50.435+0000] {standard_task_runner.py:217} INFO - Process not found (most likely exited), stop collecting metrics
