[2024-10-23T13:01:08.304+0000] {local_task_job_runner.py:123} INFO - ::group::Pre task execution logs
[2024-10-23T13:01:11.234+0000] {taskinstance.py:2612} INFO - Dependencies all met for dep_context=non-requeueable deps ti=<TaskInstance: welcome_dag.print_date scheduled__2024-10-23T13:00:41+00:00 [queued]>
[2024-10-23T13:01:11.283+0000] {taskinstance.py:2612} INFO - Dependencies all met for dep_context=requeueable deps ti=<TaskInstance: welcome_dag.print_date scheduled__2024-10-23T13:00:41+00:00 [queued]>
[2024-10-23T13:01:11.287+0000] {taskinstance.py:2865} INFO - Starting attempt 1 of 1
[2024-10-23T13:01:11.384+0000] {taskinstance.py:2888} INFO - Executing <Task(PythonOperator): print_date> on 2024-10-23 13:00:41+00:00
[2024-10-23T13:01:11.433+0000] {standard_task_runner.py:104} INFO - Running: ['airflow', 'tasks', 'run', 'welcome_dag', 'print_date', 'scheduled__2024-10-23T13:00:41+00:00', '--job-id', '6260', '--raw', '--subdir', 'DAGS_FOLDER/Awelcome_dags.py', '--cfg-path', '/tmp/tmpzvrafe88']
[2024-10-23T13:01:11.463+0000] {standard_task_runner.py:105} INFO - Job 6260: Subtask print_date
[2024-10-23T13:01:11.586+0000] {logging_mixin.py:190} WARNING - /home/airflow/.local/lib/python3.12/site-packages/airflow/task/task_runner/standard_task_runner.py:70 DeprecationWarning: This process (pid=9928) is multi-threaded, use of fork() may lead to deadlocks in the child.
[2024-10-23T13:01:11.589+0000] {standard_task_runner.py:72} INFO - Started process 9965 to run task
[2024-10-23T13:01:14.429+0000] {task_command.py:467} INFO - Running <TaskInstance: welcome_dag.print_date scheduled__2024-10-23T13:00:41+00:00 [running]> on host 696ca67245ce
[2024-10-23T13:01:17.634+0000] {taskinstance.py:3131} INFO - Exporting env vars: AIRFLOW_CTX_DAG_OWNER='airflow' AIRFLOW_CTX_DAG_ID='welcome_dag' AIRFLOW_CTX_TASK_ID='print_date' AIRFLOW_CTX_EXECUTION_DATE='2024-10-23T13:00:41+00:00' AIRFLOW_CTX_TRY_NUMBER='1' AIRFLOW_CTX_DAG_RUN_ID='scheduled__2024-10-23T13:00:41+00:00'
[2024-10-23T13:01:17.643+0000] {taskinstance.py:731} INFO - ::endgroup::
[2024-10-23T13:01:17.685+0000] {job.py:229} INFO - Heartbeat recovered after 12.61 seconds
[2024-10-23T13:01:17.724+0000] {logging_mixin.py:190} INFO - Today is 2024-10-23
[2024-10-23T13:01:17.728+0000] {python.py:240} INFO - Done. Returned value was: None
[2024-10-23T13:01:18.531+0000] {taskinstance.py:340} INFO - ::group::Post task execution logs
[2024-10-23T13:01:18.532+0000] {taskinstance.py:352} INFO - Marking task as SUCCESS. dag_id=welcome_dag, task_id=print_date, run_id=scheduled__2024-10-23T13:00:41+00:00, execution_date=20241023T130041, start_date=20241023T130111, end_date=20241023T130118
[2024-10-23T13:01:18.633+0000] {local_task_job_runner.py:266} INFO - Task exited with return code 0
[2024-10-23T13:01:19.341+0000] {taskinstance.py:3900} INFO - 0 downstream tasks scheduled from follow-on schedule check
[2024-10-23T13:01:19.354+0000] {local_task_job_runner.py:245} INFO - ::endgroup::
