[2024-09-08T14:36:33.400+0000] {local_task_job_runner.py:123} INFO - ::group::Pre task execution logs
[2024-09-08T14:36:33.923+0000] {taskinstance.py:2612} INFO - Dependencies all met for dep_context=non-requeueable deps ti=<TaskInstance: Dag_detect_invalid_customer_ids.run_anomaly_detection scheduled__2024-09-08T14:25:00+00:00 [queued]>
[2024-09-08T14:36:34.037+0000] {taskinstance.py:2612} INFO - Dependencies all met for dep_context=requeueable deps ti=<TaskInstance: Dag_detect_invalid_customer_ids.run_anomaly_detection scheduled__2024-09-08T14:25:00+00:00 [queued]>
[2024-09-08T14:36:34.052+0000] {taskinstance.py:2865} INFO - Starting attempt 2 of 2
[2024-09-08T14:36:35.149+0000] {taskinstance.py:2888} INFO - Executing <Task(PythonOperator): run_anomaly_detection> on 2024-09-08 14:25:00+00:00
[2024-09-08T14:36:35.424+0000] {standard_task_runner.py:104} INFO - Running: ['airflow', 'tasks', 'run', 'Dag_detect_invalid_customer_ids', 'run_anomaly_detection', 'scheduled__2024-09-08T14:25:00+00:00', '--job-id', '1175', '--raw', '--subdir', 'DAGS_FOLDER/dag_detect_invalid_customer_ids.py', '--cfg-path', '/tmp/tmp_v8cm8hz']
[2024-09-08T14:36:35.512+0000] {standard_task_runner.py:105} INFO - Job 1175: Subtask run_anomaly_detection
[2024-09-08T14:36:35.495+0000] {logging_mixin.py:190} WARNING - /home/airflow/.local/lib/python3.12/site-packages/airflow/task/task_runner/standard_task_runner.py:70 DeprecationWarning: This process (pid=28206) is multi-threaded, use of fork() may lead to deadlocks in the child.
[2024-09-08T14:36:35.530+0000] {standard_task_runner.py:72} INFO - Started process 28274 to run task
[2024-09-08T14:36:42.098+0000] {task_command.py:467} INFO - Running <TaskInstance: Dag_detect_invalid_customer_ids.run_anomaly_detection scheduled__2024-09-08T14:25:00+00:00 [running]> on host 13d1dadf4f15
[2024-09-08T14:36:43.033+0000] {job.py:229} INFO - Heartbeat recovered after 11.60 seconds
[2024-09-08T14:36:47.752+0000] {taskinstance.py:3131} INFO - Exporting env vars: AIRFLOW_CTX_DAG_OWNER='airflow' AIRFLOW_CTX_DAG_ID='Dag_detect_invalid_customer_ids' AIRFLOW_CTX_TASK_ID='run_anomaly_detection' AIRFLOW_CTX_EXECUTION_DATE='2024-09-08T14:25:00+00:00' AIRFLOW_CTX_TRY_NUMBER='2' AIRFLOW_CTX_DAG_RUN_ID='scheduled__2024-09-08T14:25:00+00:00'
[2024-09-08T14:36:47.791+0000] {taskinstance.py:731} INFO - ::endgroup::
[2024-09-08T14:36:48.441+0000] {python.py:240} INFO - Done. Returned value was: None
[2024-09-08T14:36:51.292+0000] {taskinstance.py:340} INFO - ::group::Post task execution logs
[2024-09-08T14:36:51.421+0000] {taskinstance.py:352} INFO - Marking task as SUCCESS. dag_id=Dag_detect_invalid_customer_ids, task_id=run_anomaly_detection, run_id=scheduled__2024-09-08T14:25:00+00:00, execution_date=20240908T142500, start_date=20240908T143633, end_date=20240908T143651
[2024-09-08T14:36:54.311+0000] {local_task_job_runner.py:266} INFO - Task exited with return code 0
[2024-09-08T14:36:55.816+0000] {standard_task_runner.py:217} INFO - Process not found (most likely exited), stop collecting metrics
[2024-09-08T14:36:56.255+0000] {taskinstance.py:3900} INFO - 0 downstream tasks scheduled from follow-on schedule check
[2024-09-08T14:36:56.282+0000] {local_task_job_runner.py:245} INFO - ::endgroup::
