[2024-09-10T12:02:25.944+0000] {local_task_job_runner.py:123} INFO - ::group::Pre task execution logs
[2024-09-10T12:02:29.416+0000] {taskinstance.py:2612} INFO - Dependencies all met for dep_context=non-requeueable deps ti=<TaskInstance: welcome_dag.print_welcome scheduled__2024-09-10T12:00:23+00:00 [queued]>
[2024-09-10T12:02:29.925+0000] {taskinstance.py:2612} INFO - Dependencies all met for dep_context=requeueable deps ti=<TaskInstance: welcome_dag.print_welcome scheduled__2024-09-10T12:00:23+00:00 [queued]>
[2024-09-10T12:02:29.957+0000] {taskinstance.py:2865} INFO - Starting attempt 1 of 1
[2024-09-10T12:02:30.281+0000] {taskinstance.py:2888} INFO - Executing <Task(PythonOperator): print_welcome> on 2024-09-10 12:00:23+00:00
[2024-09-10T12:02:30.419+0000] {standard_task_runner.py:104} INFO - Running: ['airflow', 'tasks', 'run', 'welcome_dag', 'print_welcome', 'scheduled__2024-09-10T12:00:23+00:00', '--job-id', '2107', '--raw', '--subdir', 'DAGS_FOLDER/Awelcome_dags.py', '--cfg-path', '/tmp/tmpn9vlapb4']
[2024-09-10T12:02:30.472+0000] {standard_task_runner.py:105} INFO - Job 2107: Subtask print_welcome
[2024-09-10T12:02:30.470+0000] {logging_mixin.py:190} WARNING - /home/airflow/.local/lib/python3.12/site-packages/airflow/task/task_runner/standard_task_runner.py:70 DeprecationWarning: This process (pid=2129) is multi-threaded, use of fork() may lead to deadlocks in the child.
[2024-09-10T12:02:30.547+0000] {standard_task_runner.py:72} INFO - Started process 2168 to run task
[2024-09-10T12:02:37.004+0000] {task_command.py:467} INFO - Running <TaskInstance: welcome_dag.print_welcome scheduled__2024-09-10T12:00:23+00:00 [running]> on host 6d70a6e2c42a
[2024-09-10T12:02:37.044+0000] {job.py:229} INFO - Heartbeat recovered after 19.06 seconds
[2024-09-10T12:02:44.228+0000] {taskinstance.py:3131} INFO - Exporting env vars: AIRFLOW_CTX_DAG_OWNER='airflow' AIRFLOW_CTX_DAG_ID='welcome_dag' AIRFLOW_CTX_TASK_ID='print_welcome' AIRFLOW_CTX_EXECUTION_DATE='2024-09-10T12:00:23+00:00' AIRFLOW_CTX_TRY_NUMBER='1' AIRFLOW_CTX_DAG_RUN_ID='scheduled__2024-09-10T12:00:23+00:00'
[2024-09-10T12:02:44.236+0000] {taskinstance.py:731} INFO - ::endgroup::
[2024-09-10T12:02:44.386+0000] {logging_mixin.py:190} INFO - Welcome to Airflow!
[2024-09-10T12:02:44.388+0000] {python.py:240} INFO - Done. Returned value was: None
[2024-09-10T12:02:45.128+0000] {taskinstance.py:340} INFO - ::group::Post task execution logs
[2024-09-10T12:02:45.132+0000] {taskinstance.py:352} INFO - Marking task as SUCCESS. dag_id=welcome_dag, task_id=print_welcome, run_id=scheduled__2024-09-10T12:00:23+00:00, execution_date=20240910T120023, start_date=20240910T120229, end_date=20240910T120245
[2024-09-10T12:02:45.331+0000] {local_task_job_runner.py:266} INFO - Task exited with return code 0
[2024-09-10T12:02:45.580+0000] {standard_task_runner.py:217} INFO - Process not found (most likely exited), stop collecting metrics
[2024-09-10T12:02:47.053+0000] {local_task_job_runner.py:245} INFO - ::endgroup::
