[2024-09-10T11:48:11.028+0000] {local_task_job_runner.py:123} INFO - ::group::Pre task execution logs
[2024-09-10T11:48:15.876+0000] {taskinstance.py:2612} INFO - Dependencies all met for dep_context=non-requeueable deps ti=<TaskInstance: detect_1fn_anomalies_dag.detect_1nf_and_insert_anomalies scheduled__2024-09-08T19:00:00+00:00 [queued]>
[2024-09-10T11:48:16.373+0000] {taskinstance.py:2612} INFO - Dependencies all met for dep_context=requeueable deps ti=<TaskInstance: detect_1fn_anomalies_dag.detect_1nf_and_insert_anomalies scheduled__2024-09-08T19:00:00+00:00 [queued]>
[2024-09-10T11:48:16.383+0000] {taskinstance.py:2865} INFO - Starting attempt 1 of 2
[2024-09-10T11:48:17.714+0000] {taskinstance.py:2888} INFO - Executing <Task(PythonOperator): detect_1nf_and_insert_anomalies> on 2024-09-08 19:00:00+00:00
[2024-09-10T11:48:18.089+0000] {logging_mixin.py:190} WARNING - /home/airflow/.local/lib/python3.12/site-packages/airflow/task/task_runner/standard_task_runner.py:70 DeprecationWarning: This process (pid=267) is multi-threaded, use of fork() may lead to deadlocks in the child.
[2024-09-10T11:48:18.119+0000] {standard_task_runner.py:72} INFO - Started process 361 to run task
[2024-09-10T11:48:18.122+0000] {standard_task_runner.py:104} INFO - Running: ['airflow', 'tasks', 'run', 'detect_1fn_anomalies_dag', 'detect_1nf_and_insert_anomalies', 'scheduled__2024-09-08T19:00:00+00:00', '--job-id', '2041', '--raw', '--subdir', 'DAGS_FOLDER/Dag_detect_1FN_anomaly.py', '--cfg-path', '/tmp/tmpy_qbft31']
[2024-09-10T11:48:18.754+0000] {standard_task_runner.py:105} INFO - Job 2041: Subtask detect_1nf_and_insert_anomalies
[2024-09-10T11:48:29.972+0000] {job.py:229} INFO - Heartbeat recovered after 30.80 seconds
[2024-09-10T11:48:32.639+0000] {task_command.py:467} INFO - Running <TaskInstance: detect_1fn_anomalies_dag.detect_1nf_and_insert_anomalies scheduled__2024-09-08T19:00:00+00:00 [running]> on host 6d70a6e2c42a
[2024-09-10T11:48:41.558+0000] {taskinstance.py:3131} INFO - Exporting env vars: AIRFLOW_CTX_DAG_OWNER='airflow' AIRFLOW_CTX_DAG_ID='detect_1fn_anomalies_dag' AIRFLOW_CTX_TASK_ID='detect_1nf_and_insert_anomalies' AIRFLOW_CTX_EXECUTION_DATE='2024-09-08T19:00:00+00:00' AIRFLOW_CTX_TRY_NUMBER='1' AIRFLOW_CTX_DAG_RUN_ID='scheduled__2024-09-08T19:00:00+00:00'
[2024-09-10T11:48:41.667+0000] {taskinstance.py:731} INFO - ::endgroup::
[2024-09-10T11:48:44.352+0000] {Dag_detect_1FN_anomaly.py:91} INFO - Processing table: customers
[2024-09-10T11:48:50.478+0000] {Dag_detect_1FN_anomaly.py:98} INFO - No anomalies detected for table customers
[2024-09-10T11:48:50.481+0000] {Dag_detect_1FN_anomaly.py:91} INFO - Processing table: transactions
[2024-09-10T11:48:53.373+0000] {Dag_detect_1FN_anomaly.py:98} INFO - No anomalies detected for table transactions
[2024-09-10T11:48:53.375+0000] {Dag_detect_1FN_anomaly.py:91} INFO - Processing table: products
[2024-09-10T11:48:56.531+0000] {Dag_detect_1FN_anomaly.py:98} INFO - No anomalies detected for table products
[2024-09-10T11:48:56.539+0000] {Dag_detect_1FN_anomaly.py:91} INFO - Processing table: orderdetails
[2024-09-10T11:49:00.380+0000] {Dag_detect_1FN_anomaly.py:98} INFO - No anomalies detected for table orderdetails
[2024-09-10T11:49:00.390+0000] {Dag_detect_1FN_anomaly.py:91} INFO - Processing table: productsuppliers
[2024-09-10T11:49:06.754+0000] {Dag_detect_1FN_anomaly.py:98} INFO - No anomalies detected for table productsuppliers
[2024-09-10T11:49:06.776+0000] {Dag_detect_1FN_anomaly.py:91} INFO - Processing table: anomalies
[2024-09-10T11:49:10.202+0000] {Dag_detect_1FN_anomaly.py:95} INFO - Inserting 2 anomalies for table anomalies
[2024-09-10T11:49:26.962+0000] {Dag_detect_1FN_anomaly.py:91} INFO - Processing table: log
[2024-09-10T11:49:30.105+0000] {Dag_detect_1FN_anomaly.py:95} INFO - Inserting 5147 anomalies for table log
[2024-09-10T11:53:15.748+0000] {job.py:229} INFO - Heartbeat recovered after 30.85 seconds
[2024-09-10T11:54:08.594+0000] {job.py:229} INFO - Heartbeat recovered after 11.64 seconds
[2024-09-10T11:54:46.026+0000] {job.py:229} INFO - Heartbeat recovered after 22.19 seconds
[2024-09-10T12:00:15.219+0000] {job.py:229} INFO - Heartbeat recovered after 10.58 seconds
[2024-09-10T12:00:36.740+0000] {job.py:229} INFO - Heartbeat recovered after 12.09 seconds
[2024-09-10T12:02:17.322+0000] {job.py:229} INFO - Heartbeat recovered after 100.85 seconds
[2024-09-10T12:08:00.145+0000] {job.py:229} INFO - Heartbeat recovered after 14.84 seconds
[2024-09-10T12:10:34.304+0000] {job.py:229} INFO - Heartbeat recovered after 11.62 seconds
[2024-09-10T12:16:17.565+0000] {job.py:229} INFO - Heartbeat recovered after 61.07 seconds
[2024-09-10T12:23:32.347+0000] {Dag_detect_1FN_anomaly.py:91} INFO - Processing table: dag_priority_parsing_request
[2024-09-10T12:23:34.540+0000] {Dag_detect_1FN_anomaly.py:98} INFO - No anomalies detected for table dag_priority_parsing_request
[2024-09-10T12:23:34.543+0000] {Dag_detect_1FN_anomaly.py:91} INFO - Processing table: job
[2024-09-10T12:23:35.537+0000] {Dag_detect_1FN_anomaly.py:98} INFO - No anomalies detected for table job
[2024-09-10T12:23:35.539+0000] {Dag_detect_1FN_anomaly.py:91} INFO - Processing table: anomalies1
[2024-09-10T12:23:36.380+0000] {Dag_detect_1FN_anomaly.py:95} INFO - Inserting 2 anomalies for table anomalies1
[2024-09-10T12:23:38.413+0000] {Dag_detect_1FN_anomaly.py:91} INFO - Processing table: slot_pool
[2024-09-10T12:23:39.846+0000] {Dag_detect_1FN_anomaly.py:98} INFO - No anomalies detected for table slot_pool
[2024-09-10T12:23:39.849+0000] {Dag_detect_1FN_anomaly.py:91} INFO - Processing table: callback_request
[2024-09-10T12:23:41.472+0000] {Dag_detect_1FN_anomaly.py:98} INFO - No anomalies detected for table callback_request
[2024-09-10T12:23:41.489+0000] {Dag_detect_1FN_anomaly.py:91} INFO - Processing table: dag_code
[2024-09-10T12:23:42.303+0000] {Dag_detect_1FN_anomaly.py:95} INFO - Inserting 15 anomalies for table dag_code
[2024-09-10T12:23:47.892+0000] {Dag_detect_1FN_anomaly.py:91} INFO - Processing table: dag_pickle
[2024-09-10T12:23:49.031+0000] {Dag_detect_1FN_anomaly.py:98} INFO - No anomalies detected for table dag_pickle
[2024-09-10T12:23:49.034+0000] {Dag_detect_1FN_anomaly.py:91} INFO - Processing table: ab_user
[2024-09-10T12:23:50.379+0000] {logging_mixin.py:190} WARNING - /opt/airflow/dags/Dag_detect_1FN_anomaly.py:39 SAWarning: Skipped unsupported reflection of expression-based index idx_ab_user_username
[2024-09-10T12:23:50.448+0000] {Dag_detect_1FN_anomaly.py:98} INFO - No anomalies detected for table ab_user
[2024-09-10T12:23:50.451+0000] {Dag_detect_1FN_anomaly.py:91} INFO - Processing table: ab_register_user
[2024-09-10T12:23:51.349+0000] {logging_mixin.py:190} WARNING - /opt/airflow/dags/Dag_detect_1FN_anomaly.py:39 SAWarning: Skipped unsupported reflection of expression-based index idx_ab_register_user_username
[2024-09-10T12:23:51.409+0000] {Dag_detect_1FN_anomaly.py:98} INFO - No anomalies detected for table ab_register_user
[2024-09-10T12:23:51.410+0000] {Dag_detect_1FN_anomaly.py:91} INFO - Processing table: connection
[2024-09-10T12:23:52.527+0000] {Dag_detect_1FN_anomaly.py:98} INFO - No anomalies detected for table connection
[2024-09-10T12:23:52.530+0000] {Dag_detect_1FN_anomaly.py:91} INFO - Processing table: sla_miss
[2024-09-10T12:23:53.465+0000] {Dag_detect_1FN_anomaly.py:98} INFO - No anomalies detected for table sla_miss
[2024-09-10T12:23:53.470+0000] {Dag_detect_1FN_anomaly.py:91} INFO - Processing table: variable
[2024-09-10T12:23:54.344+0000] {Dag_detect_1FN_anomaly.py:98} INFO - No anomalies detected for table variable
[2024-09-10T12:23:54.350+0000] {Dag_detect_1FN_anomaly.py:91} INFO - Processing table: import_error
[2024-09-10T12:23:55.433+0000] {Dag_detect_1FN_anomaly.py:98} INFO - No anomalies detected for table import_error
[2024-09-10T12:23:55.438+0000] {Dag_detect_1FN_anomaly.py:91} INFO - Processing table: serialized_dag
[2024-09-10T12:23:56.680+0000] {Dag_detect_1FN_anomaly.py:98} INFO - No anomalies detected for table serialized_dag
[2024-09-10T12:23:56.682+0000] {Dag_detect_1FN_anomaly.py:91} INFO - Processing table: dataset_alias
[2024-09-10T12:23:57.540+0000] {Dag_detect_1FN_anomaly.py:98} INFO - No anomalies detected for table dataset_alias
[2024-09-10T12:23:57.542+0000] {Dag_detect_1FN_anomaly.py:91} INFO - Processing table: dataset_alias_dataset
[2024-09-10T12:23:58.398+0000] {Dag_detect_1FN_anomaly.py:98} INFO - No anomalies detected for table dataset_alias_dataset
[2024-09-10T12:23:58.407+0000] {Dag_detect_1FN_anomaly.py:91} INFO - Processing table: dataset
[2024-09-10T12:23:59.149+0000] {Dag_detect_1FN_anomaly.py:98} INFO - No anomalies detected for table dataset
[2024-09-10T12:23:59.150+0000] {Dag_detect_1FN_anomaly.py:91} INFO - Processing table: dataset_alias_dataset_event
[2024-09-10T12:23:59.877+0000] {Dag_detect_1FN_anomaly.py:98} INFO - No anomalies detected for table dataset_alias_dataset_event
[2024-09-10T12:23:59.879+0000] {Dag_detect_1FN_anomaly.py:91} INFO - Processing table: dataset_event
[2024-09-10T12:24:00.567+0000] {Dag_detect_1FN_anomaly.py:98} INFO - No anomalies detected for table dataset_event
[2024-09-10T12:24:00.569+0000] {Dag_detect_1FN_anomaly.py:91} INFO - Processing table: dag_schedule_dataset_alias_reference
[2024-09-10T12:24:01.394+0000] {Dag_detect_1FN_anomaly.py:98} INFO - No anomalies detected for table dag_schedule_dataset_alias_reference
[2024-09-10T12:24:01.400+0000] {Dag_detect_1FN_anomaly.py:91} INFO - Processing table: dag
[2024-09-10T12:24:02.284+0000] {Dag_detect_1FN_anomaly.py:95} INFO - Inserting 7 anomalies for table dag
[2024-09-10T12:24:05.305+0000] {Dag_detect_1FN_anomaly.py:91} INFO - Processing table: dag_schedule_dataset_reference
[2024-09-10T12:24:06.021+0000] {Dag_detect_1FN_anomaly.py:98} INFO - No anomalies detected for table dag_schedule_dataset_reference
[2024-09-10T12:24:06.023+0000] {Dag_detect_1FN_anomaly.py:91} INFO - Processing table: task_outlet_dataset_reference
[2024-09-10T12:24:06.713+0000] {Dag_detect_1FN_anomaly.py:98} INFO - No anomalies detected for table task_outlet_dataset_reference
[2024-09-10T12:24:06.714+0000] {Dag_detect_1FN_anomaly.py:91} INFO - Processing table: dataset_dag_run_queue
[2024-09-10T12:24:07.574+0000] {Dag_detect_1FN_anomaly.py:98} INFO - No anomalies detected for table dataset_dag_run_queue
[2024-09-10T12:24:07.580+0000] {Dag_detect_1FN_anomaly.py:91} INFO - Processing table: log_template
[2024-09-10T12:24:08.343+0000] {Dag_detect_1FN_anomaly.py:98} INFO - No anomalies detected for table log_template
[2024-09-10T12:24:08.343+0000] {Dag_detect_1FN_anomaly.py:91} INFO - Processing table: dag_run
[2024-09-10T12:24:09.515+0000] {Dag_detect_1FN_anomaly.py:98} INFO - No anomalies detected for table dag_run
[2024-09-10T12:24:09.517+0000] {Dag_detect_1FN_anomaly.py:91} INFO - Processing table: dag_tag
[2024-09-10T12:24:10.421+0000] {Dag_detect_1FN_anomaly.py:98} INFO - No anomalies detected for table dag_tag
[2024-09-10T12:24:10.422+0000] {Dag_detect_1FN_anomaly.py:91} INFO - Processing table: dag_owner_attributes
[2024-09-10T12:24:11.086+0000] {Dag_detect_1FN_anomaly.py:98} INFO - No anomalies detected for table dag_owner_attributes
[2024-09-10T12:24:11.087+0000] {Dag_detect_1FN_anomaly.py:91} INFO - Processing table: ab_permission
[2024-09-10T12:24:11.770+0000] {Dag_detect_1FN_anomaly.py:98} INFO - No anomalies detected for table ab_permission
[2024-09-10T12:24:11.771+0000] {Dag_detect_1FN_anomaly.py:91} INFO - Processing table: ab_permission_view
[2024-09-10T12:24:12.446+0000] {Dag_detect_1FN_anomaly.py:98} INFO - No anomalies detected for table ab_permission_view
[2024-09-10T12:24:12.447+0000] {Dag_detect_1FN_anomaly.py:91} INFO - Processing table: ab_view_menu
[2024-09-10T12:24:13.350+0000] {Dag_detect_1FN_anomaly.py:98} INFO - No anomalies detected for table ab_view_menu
[2024-09-10T12:24:13.351+0000] {Dag_detect_1FN_anomaly.py:91} INFO - Processing table: ab_user_role
[2024-09-10T12:24:14.203+0000] {logging_mixin.py:190} WARNING - /opt/airflow/dags/Dag_detect_1FN_anomaly.py:39 SAWarning: Skipped unsupported reflection of expression-based index idx_ab_user_username
[2024-09-10T12:24:14.241+0000] {Dag_detect_1FN_anomaly.py:98} INFO - No anomalies detected for table ab_user_role
[2024-09-10T12:24:14.243+0000] {Dag_detect_1FN_anomaly.py:91} INFO - Processing table: ab_role
[2024-09-10T12:24:14.952+0000] {Dag_detect_1FN_anomaly.py:98} INFO - No anomalies detected for table ab_role
[2024-09-10T12:24:14.956+0000] {Dag_detect_1FN_anomaly.py:91} INFO - Processing table: dag_warning
[2024-09-10T12:24:15.906+0000] {Dag_detect_1FN_anomaly.py:98} INFO - No anomalies detected for table dag_warning
[2024-09-10T12:24:15.911+0000] {Dag_detect_1FN_anomaly.py:91} INFO - Processing table: dagrun_dataset_event
[2024-09-10T12:24:17.008+0000] {Dag_detect_1FN_anomaly.py:98} INFO - No anomalies detected for table dagrun_dataset_event
[2024-09-10T12:24:17.010+0000] {Dag_detect_1FN_anomaly.py:91} INFO - Processing table: trigger
[2024-09-10T12:24:17.819+0000] {Dag_detect_1FN_anomaly.py:98} INFO - No anomalies detected for table trigger
[2024-09-10T12:24:17.820+0000] {Dag_detect_1FN_anomaly.py:91} INFO - Processing table: task_instance
[2024-09-10T12:24:19.095+0000] {Dag_detect_1FN_anomaly.py:98} INFO - No anomalies detected for table task_instance
[2024-09-10T12:24:19.097+0000] {Dag_detect_1FN_anomaly.py:91} INFO - Processing table: dag_run_note
[2024-09-10T12:24:20.186+0000] {logging_mixin.py:190} WARNING - /opt/airflow/dags/Dag_detect_1FN_anomaly.py:39 SAWarning: Skipped unsupported reflection of expression-based index idx_ab_user_username
[2024-09-10T12:24:20.270+0000] {Dag_detect_1FN_anomaly.py:98} INFO - No anomalies detected for table dag_run_note
[2024-09-10T12:24:20.271+0000] {Dag_detect_1FN_anomaly.py:91} INFO - Processing table: ab_permission_view_role
[2024-09-10T12:24:21.312+0000] {Dag_detect_1FN_anomaly.py:98} INFO - No anomalies detected for table ab_permission_view_role
[2024-09-10T12:24:21.314+0000] {Dag_detect_1FN_anomaly.py:91} INFO - Processing table: rendered_task_instance_fields
[2024-09-10T12:24:22.364+0000] {Dag_detect_1FN_anomaly.py:98} INFO - No anomalies detected for table rendered_task_instance_fields
[2024-09-10T12:24:22.365+0000] {Dag_detect_1FN_anomaly.py:91} INFO - Processing table: task_fail
[2024-09-10T12:24:23.966+0000] {Dag_detect_1FN_anomaly.py:98} INFO - No anomalies detected for table task_fail
[2024-09-10T12:24:23.968+0000] {Dag_detect_1FN_anomaly.py:91} INFO - Processing table: task_map
[2024-09-10T12:24:25.086+0000] {Dag_detect_1FN_anomaly.py:98} INFO - No anomalies detected for table task_map
[2024-09-10T12:24:25.092+0000] {Dag_detect_1FN_anomaly.py:91} INFO - Processing table: task_reschedule
[2024-09-10T12:24:26.410+0000] {Dag_detect_1FN_anomaly.py:98} INFO - No anomalies detected for table task_reschedule
[2024-09-10T12:24:26.414+0000] {Dag_detect_1FN_anomaly.py:91} INFO - Processing table: xcom
[2024-09-10T12:24:27.904+0000] {Dag_detect_1FN_anomaly.py:98} INFO - No anomalies detected for table xcom
[2024-09-10T12:24:27.905+0000] {Dag_detect_1FN_anomaly.py:91} INFO - Processing table: task_instance_note
[2024-09-10T12:24:28.909+0000] {logging_mixin.py:190} WARNING - /opt/airflow/dags/Dag_detect_1FN_anomaly.py:39 SAWarning: Skipped unsupported reflection of expression-based index idx_ab_user_username
[2024-09-10T12:24:28.968+0000] {Dag_detect_1FN_anomaly.py:98} INFO - No anomalies detected for table task_instance_note
[2024-09-10T12:24:28.969+0000] {Dag_detect_1FN_anomaly.py:91} INFO - Processing table: task_instance_history
[2024-09-10T12:24:30.075+0000] {Dag_detect_1FN_anomaly.py:98} INFO - No anomalies detected for table task_instance_history
[2024-09-10T12:24:30.088+0000] {Dag_detect_1FN_anomaly.py:91} INFO - Processing table: session
[2024-09-10T12:24:30.812+0000] {Dag_detect_1FN_anomaly.py:98} INFO - No anomalies detected for table session
[2024-09-10T12:24:30.815+0000] {Dag_detect_1FN_anomaly.py:91} INFO - Processing table: alembic_version
[2024-09-10T12:24:31.680+0000] {Dag_detect_1FN_anomaly.py:98} INFO - No anomalies detected for table alembic_version
[2024-09-10T12:24:31.682+0000] {Dag_detect_1FN_anomaly.py:91} INFO - Processing table: orders
[2024-09-10T12:24:32.443+0000] {Dag_detect_1FN_anomaly.py:98} INFO - No anomalies detected for table orders
[2024-09-10T12:24:32.447+0000] {Dag_detect_1FN_anomaly.py:91} INFO - Processing table: anomalieDetected
[2024-09-10T12:24:59.665+0000] {Dag_detect_1FN_anomaly.py:95} INFO - Inserting 104945 anomalies for table anomalieDetected
[2024-09-10T12:25:05.925+0000] {job.py:229} INFO - Heartbeat recovered after 11.53 seconds
[2024-09-10T12:25:17.725+0000] {job.py:229} INFO - Heartbeat recovered after 11.82 seconds
[2024-09-10T12:25:19.005+0000] {local_task_job_runner.py:266} INFO - Task exited with return code -9For more information, see https://airflow.apache.org/docs/apache-airflow/stable/troubleshooting.html#LocalTaskJob-killed
[2024-09-10T12:25:19.784+0000] {local_task_job_runner.py:245} INFO - ::endgroup::
[2024-09-10T12:25:19.915+0000] {standard_task_runner.py:217} INFO - Process not found (most likely exited), stop collecting metrics
