[2024-09-10T12:31:19.087+0000] {local_task_job_runner.py:123} INFO - ::group::Pre task execution logs
[2024-09-10T12:31:19.331+0000] {taskinstance.py:2612} INFO - Dependencies all met for dep_context=non-requeueable deps ti=<TaskInstance: detect_1fn_anomalies_dag.detect_1nf_and_insert_anomalies scheduled__2024-09-08T19:00:00+00:00 [queued]>
[2024-09-10T12:31:19.349+0000] {taskinstance.py:2612} INFO - Dependencies all met for dep_context=requeueable deps ti=<TaskInstance: detect_1fn_anomalies_dag.detect_1nf_and_insert_anomalies scheduled__2024-09-08T19:00:00+00:00 [queued]>
[2024-09-10T12:31:19.351+0000] {taskinstance.py:2865} INFO - Starting attempt 2 of 2
[2024-09-10T12:31:19.384+0000] {taskinstance.py:2888} INFO - Executing <Task(PythonOperator): detect_1nf_and_insert_anomalies> on 2024-09-08 19:00:00+00:00
[2024-09-10T12:31:19.402+0000] {logging_mixin.py:190} WARNING - /home/airflow/.local/lib/python3.12/site-packages/airflow/task/task_runner/standard_task_runner.py:70 DeprecationWarning: This process (pid=6446) is multi-threaded, use of fork() may lead to deadlocks in the child.
[2024-09-10T12:31:19.405+0000] {standard_task_runner.py:72} INFO - Started process 6448 to run task
[2024-09-10T12:31:19.402+0000] {standard_task_runner.py:104} INFO - Running: ['airflow', 'tasks', 'run', 'detect_1fn_anomalies_dag', 'detect_1nf_and_insert_anomalies', 'scheduled__2024-09-08T19:00:00+00:00', '--job-id', '2190', '--raw', '--subdir', 'DAGS_FOLDER/Dag_detect_1FN_anomaly.py', '--cfg-path', '/tmp/tmpv7d2ax02']
[2024-09-10T12:31:19.406+0000] {standard_task_runner.py:105} INFO - Job 2190: Subtask detect_1nf_and_insert_anomalies
[2024-09-10T12:31:20.161+0000] {task_command.py:467} INFO - Running <TaskInstance: detect_1fn_anomalies_dag.detect_1nf_and_insert_anomalies scheduled__2024-09-08T19:00:00+00:00 [running]> on host 6d70a6e2c42a
[2024-09-10T12:31:20.988+0000] {taskinstance.py:3131} INFO - Exporting env vars: AIRFLOW_CTX_DAG_OWNER='airflow' AIRFLOW_CTX_DAG_ID='detect_1fn_anomalies_dag' AIRFLOW_CTX_TASK_ID='detect_1nf_and_insert_anomalies' AIRFLOW_CTX_EXECUTION_DATE='2024-09-08T19:00:00+00:00' AIRFLOW_CTX_TRY_NUMBER='2' AIRFLOW_CTX_DAG_RUN_ID='scheduled__2024-09-08T19:00:00+00:00'
[2024-09-10T12:31:20.990+0000] {taskinstance.py:731} INFO - ::endgroup::
[2024-09-10T12:31:21.214+0000] {Dag_detect_1FN_anomaly.py:91} INFO - Processing table: customers
[2024-09-10T12:31:21.691+0000] {Dag_detect_1FN_anomaly.py:98} INFO - No anomalies detected for table customers
[2024-09-10T12:31:21.693+0000] {Dag_detect_1FN_anomaly.py:91} INFO - Processing table: transactions
[2024-09-10T12:31:22.206+0000] {Dag_detect_1FN_anomaly.py:98} INFO - No anomalies detected for table transactions
[2024-09-10T12:31:22.207+0000] {Dag_detect_1FN_anomaly.py:91} INFO - Processing table: products
[2024-09-10T12:31:22.664+0000] {Dag_detect_1FN_anomaly.py:98} INFO - No anomalies detected for table products
[2024-09-10T12:31:22.665+0000] {Dag_detect_1FN_anomaly.py:91} INFO - Processing table: orderdetails
[2024-09-10T12:31:23.188+0000] {Dag_detect_1FN_anomaly.py:98} INFO - No anomalies detected for table orderdetails
[2024-09-10T12:31:23.190+0000] {Dag_detect_1FN_anomaly.py:91} INFO - Processing table: productsuppliers
[2024-09-10T12:31:23.624+0000] {Dag_detect_1FN_anomaly.py:98} INFO - No anomalies detected for table productsuppliers
[2024-09-10T12:31:23.625+0000] {Dag_detect_1FN_anomaly.py:91} INFO - Processing table: anomalies
[2024-09-10T12:31:24.108+0000] {Dag_detect_1FN_anomaly.py:95} INFO - Inserting 2 anomalies for table anomalies
[2024-09-10T12:31:25.125+0000] {Dag_detect_1FN_anomaly.py:91} INFO - Processing table: log
[2024-09-10T12:31:26.221+0000] {Dag_detect_1FN_anomaly.py:95} INFO - Inserting 5481 anomalies for table log
[2024-09-10T12:36:38.999+0000] {job.py:229} INFO - Heartbeat recovered after 32.38 seconds
[2024-09-10T12:37:21.747+0000] {job.py:229} INFO - Heartbeat recovered after 42.78 seconds
[2024-09-10T12:45:47.010+0000] {job.py:229} INFO - Heartbeat recovered after 34.67 seconds
[2024-09-10T12:51:06.232+0000] {job.py:229} INFO - Heartbeat recovered after 13.80 seconds
[2024-09-10T12:56:09.536+0000] {job.py:229} INFO - Heartbeat recovered after 62.53 seconds
[2024-09-10T12:57:06.414+0000] {local_task_job_runner.py:127} ERROR - Received SIGTERM. Terminating subprocesses
[2024-09-10T12:57:06.817+0000] {process_utils.py:132} INFO - Sending 15 to group 6448. PIDs of all processes in the group: [6448]
[2024-09-10T12:57:06.874+0000] {process_utils.py:87} INFO - Sending the signal 15 to group 6448
[2024-09-10T12:57:07.044+0000] {taskinstance.py:3092} ERROR - Received SIGTERM. Terminating subprocesses.
[2024-09-10T12:57:08.210+0000] {taskinstance.py:3310} ERROR - Task failed with exception
Traceback (most recent call last):
  File "/home/airflow/.local/lib/python3.12/site-packages/airflow/models/taskinstance.py", line 767, in _execute_task
    result = _execute_callable(context=context, **execute_callable_kwargs)
             ^^^^^^^^^^^^^^^^^^^^^^^^^^^^^^^^^^^^^^^^^^^^^^^^^^^^^^^^^^^^^
  File "/home/airflow/.local/lib/python3.12/site-packages/airflow/models/taskinstance.py", line 733, in _execute_callable
    return ExecutionCallableRunner(
           ^^^^^^^^^^^^^^^^^^^^^^^^
  File "/home/airflow/.local/lib/python3.12/site-packages/airflow/utils/operator_helpers.py", line 252, in run
    return self.func(*args, **kwargs)
           ^^^^^^^^^^^^^^^^^^^^^^^^^^
  File "/home/airflow/.local/lib/python3.12/site-packages/airflow/models/baseoperator.py", line 406, in wrapper
    return func(self, *args, **kwargs)
           ^^^^^^^^^^^^^^^^^^^^^^^^^^^
  File "/home/airflow/.local/lib/python3.12/site-packages/airflow/operators/python.py", line 238, in execute
    return_value = self.execute_callable()
                   ^^^^^^^^^^^^^^^^^^^^^^^
  File "/home/airflow/.local/lib/python3.12/site-packages/airflow/operators/python.py", line 256, in execute_callable
    return runner.run(*self.op_args, **self.op_kwargs)
           ^^^^^^^^^^^^^^^^^^^^^^^^^^^^^^^^^^^^^^^^^^^
  File "/home/airflow/.local/lib/python3.12/site-packages/airflow/utils/operator_helpers.py", line 252, in run
    return self.func(*args, **kwargs)
           ^^^^^^^^^^^^^^^^^^^^^^^^^^
  File "/opt/airflow/dags/Dag_detect_1FN_anomaly.py", line 96, in detect_and_insert_anomalies
    insert_anomalies(anomalies_df)
  File "/opt/airflow/dags/Dag_detect_1FN_anomaly.py", line 77, in insert_anomalies
    result = connection.execute(stmt_select).fetchone()
             ^^^^^^^^^^^^^^^^^^^^^^^^^^^^^^^
  File "/home/airflow/.local/lib/python3.12/site-packages/sqlalchemy/engine/base.py", line 1385, in execute
    return meth(self, multiparams, params, _EMPTY_EXECUTION_OPTS)
           ^^^^^^^^^^^^^^^^^^^^^^^^^^^^^^^^^^^^^^^^^^^^^^^^^^^^^^
  File "/home/airflow/.local/lib/python3.12/site-packages/sqlalchemy/sql/elements.py", line 334, in _execute_on_connection
    return connection._execute_clauseelement(
           ^^^^^^^^^^^^^^^^^^^^^^^^^^^^^^^^^^
  File "/home/airflow/.local/lib/python3.12/site-packages/sqlalchemy/engine/base.py", line 1577, in _execute_clauseelement
    ret = self._execute_context(
          ^^^^^^^^^^^^^^^^^^^^^^
  File "/home/airflow/.local/lib/python3.12/site-packages/sqlalchemy/engine/base.py", line 1953, in _execute_context
    self._handle_dbapi_exception(
  File "/home/airflow/.local/lib/python3.12/site-packages/sqlalchemy/engine/base.py", line 2138, in _handle_dbapi_exception
    util.raise_(exc_info[1], with_traceback=exc_info[2])
  File "/home/airflow/.local/lib/python3.12/site-packages/sqlalchemy/util/compat.py", line 211, in raise_
    raise exception
  File "/home/airflow/.local/lib/python3.12/site-packages/sqlalchemy/engine/base.py", line 1910, in _execute_context
    self.dialect.do_execute(
  File "/home/airflow/.local/lib/python3.12/site-packages/sqlalchemy/engine/default.py", line 736, in do_execute
    cursor.execute(statement, parameters)
  File "/usr/local/lib/python3.12/encodings/utf_8.py", line 15, in decode
    def decode(input, errors='strict'):
    
  File "/home/airflow/.local/lib/python3.12/site-packages/airflow/models/taskinstance.py", line 3094, in signal_handler
    raise AirflowTaskTerminated("Task received SIGTERM signal")
airflow.exceptions.AirflowTaskTerminated: Task received SIGTERM signal
[2024-09-10T12:57:08.487+0000] {taskinstance.py:1225} INFO - Marking task as FAILED. dag_id=detect_1fn_anomalies_dag, task_id=detect_1nf_and_insert_anomalies, run_id=scheduled__2024-09-08T19:00:00+00:00, execution_date=20240908T190000, start_date=20240910T123119, end_date=20240910T125708
[2024-09-10T12:57:09.945+0000] {taskinstance.py:340} INFO - ::group::Post task execution logs
[2024-09-10T12:57:10.070+0000] {process_utils.py:80} INFO - Process psutil.Process(pid=6448, status='terminated', exitcode=2, started='12:31:19') (6448) terminated with exit code 2
[2024-09-10T12:57:10.080+0000] {local_task_job_runner.py:266} INFO - Task exited with return code 143
[2024-09-10T12:57:10.618+0000] {taskinstance.py:3900} INFO - 0 downstream tasks scheduled from follow-on schedule check
[2024-09-10T12:57:11.074+0000] {local_task_job_runner.py:245} INFO - ::endgroup::
[2024-09-10T12:57:12.103+0000] {standard_task_runner.py:217} INFO - Process not found (most likely exited), stop collecting metrics
