[2024-09-12T12:00:19.666+0000] {local_task_job_runner.py:123} INFO - ::group::Pre task execution logs
[2024-09-12T12:00:21.962+0000] {taskinstance.py:2612} INFO - Dependencies all met for dep_context=non-requeueable deps ti=<TaskInstance: welcome_dag.print_welcome scheduled__2024-09-12T12:00:13+00:00 [queued]>
[2024-09-12T12:00:23.083+0000] {taskinstance.py:2612} INFO - Dependencies all met for dep_context=requeueable deps ti=<TaskInstance: welcome_dag.print_welcome scheduled__2024-09-12T12:00:13+00:00 [queued]>
[2024-09-12T12:00:23.087+0000] {taskinstance.py:2865} INFO - Starting attempt 1 of 1
[2024-09-12T12:00:23.173+0000] {taskinstance.py:2888} INFO - Executing <Task(PythonOperator): print_welcome> on 2024-09-12 12:00:13+00:00
[2024-09-12T12:00:23.196+0000] {standard_task_runner.py:104} INFO - Running: ['airflow', 'tasks', 'run', 'welcome_dag', 'print_welcome', 'scheduled__2024-09-12T12:00:13+00:00', '--job-id', '1746', '--raw', '--subdir', 'DAGS_FOLDER/Awelcome_dags.py', '--cfg-path', '/tmp/tmpyhvfgu_m']
[2024-09-12T12:00:23.207+0000] {standard_task_runner.py:105} INFO - Job 1746: Subtask print_welcome
[2024-09-12T12:00:23.221+0000] {logging_mixin.py:190} WARNING - /home/airflow/.local/lib/python3.12/site-packages/airflow/task/task_runner/standard_task_runner.py:70 DeprecationWarning: This process (pid=7944) is multi-threaded, use of fork() may lead to deadlocks in the child.
[2024-09-12T12:00:23.224+0000] {standard_task_runner.py:72} INFO - Started process 7984 to run task
[2024-09-12T12:00:27.409+0000] {task_command.py:467} INFO - Running <TaskInstance: welcome_dag.print_welcome scheduled__2024-09-12T12:00:13+00:00 [running]> on host 7403e816bcf5
[2024-09-12T12:00:28.919+0000] {job.py:229} INFO - Heartbeat recovered after 12.34 seconds
[2024-09-12T12:00:31.629+0000] {taskinstance.py:3131} INFO - Exporting env vars: AIRFLOW_CTX_DAG_OWNER='airflow' AIRFLOW_CTX_DAG_ID='welcome_dag' AIRFLOW_CTX_TASK_ID='print_welcome' AIRFLOW_CTX_EXECUTION_DATE='2024-09-12T12:00:13+00:00' AIRFLOW_CTX_TRY_NUMBER='1' AIRFLOW_CTX_DAG_RUN_ID='scheduled__2024-09-12T12:00:13+00:00'
[2024-09-12T12:00:31.673+0000] {taskinstance.py:731} INFO - ::endgroup::
[2024-09-12T12:00:31.746+0000] {logging_mixin.py:190} INFO - Welcome to Airflow!
[2024-09-12T12:00:31.748+0000] {python.py:240} INFO - Done. Returned value was: None
[2024-09-12T12:00:32.595+0000] {taskinstance.py:340} INFO - ::group::Post task execution logs
[2024-09-12T12:00:32.598+0000] {taskinstance.py:352} INFO - Marking task as SUCCESS. dag_id=welcome_dag, task_id=print_welcome, run_id=scheduled__2024-09-12T12:00:13+00:00, execution_date=20240912T120013, start_date=20240912T120021, end_date=20240912T120032
[2024-09-12T12:00:32.722+0000] {local_task_job_runner.py:266} INFO - Task exited with return code 0
[2024-09-12T12:00:33.246+0000] {standard_task_runner.py:217} INFO - Process not found (most likely exited), stop collecting metrics
[2024-09-12T12:00:33.521+0000] {local_task_job_runner.py:245} INFO - ::endgroup::
