[2024-09-14T20:10:18.761+0000] {local_task_job_runner.py:123} INFO - ::group::Pre task execution logs
[2024-09-14T20:10:19.330+0000] {taskinstance.py:2612} INFO - Dependencies all met for dep_context=non-requeueable deps ti=<TaskInstance: correction_Dag_no_NumericValues.Correct_Non_numeric_Quantity scheduled__2024-09-14T20:05:00+00:00 [queued]>
[2024-09-14T20:10:19.353+0000] {taskinstance.py:2612} INFO - Dependencies all met for dep_context=requeueable deps ti=<TaskInstance: correction_Dag_no_NumericValues.Correct_Non_numeric_Quantity scheduled__2024-09-14T20:05:00+00:00 [queued]>
[2024-09-14T20:10:19.354+0000] {taskinstance.py:2865} INFO - Starting attempt 1 of 2
[2024-09-14T20:10:19.472+0000] {taskinstance.py:2888} INFO - Executing <Task(PythonOperator): Correct_Non_numeric_Quantity> on 2024-09-14 20:05:00+00:00
[2024-09-14T20:10:19.516+0000] {logging_mixin.py:190} WARNING - /home/airflow/.local/lib/python3.12/site-packages/airflow/task/task_runner/standard_task_runner.py:70 DeprecationWarning: This process (pid=14707) is multi-threaded, use of fork() may lead to deadlocks in the child.
[2024-09-14T20:10:19.519+0000] {standard_task_runner.py:72} INFO - Started process 14744 to run task
[2024-09-14T20:10:19.523+0000] {standard_task_runner.py:104} INFO - Running: ['airflow', 'tasks', 'run', 'correction_Dag_no_NumericValues', 'Correct_Non_numeric_Quantity', 'scheduled__2024-09-14T20:05:00+00:00', '--job-id', '4523', '--raw', '--subdir', 'DAGS_FOLDER/correction_Dag_no_NumericValues.py', '--cfg-path', '/tmp/tmps6abpanw']
[2024-09-14T20:10:19.528+0000] {standard_task_runner.py:105} INFO - Job 4523: Subtask Correct_Non_numeric_Quantity
[2024-09-14T20:10:20.510+0000] {task_command.py:467} INFO - Running <TaskInstance: correction_Dag_no_NumericValues.Correct_Non_numeric_Quantity scheduled__2024-09-14T20:05:00+00:00 [running]> on host 7403e816bcf5
[2024-09-14T20:10:23.057+0000] {taskinstance.py:3131} INFO - Exporting env vars: AIRFLOW_CTX_DAG_OWNER='airflow' AIRFLOW_CTX_DAG_ID='correction_Dag_no_NumericValues' AIRFLOW_CTX_TASK_ID='Correct_Non_numeric_Quantity' AIRFLOW_CTX_EXECUTION_DATE='2024-09-14T20:05:00+00:00' AIRFLOW_CTX_TRY_NUMBER='1' AIRFLOW_CTX_DAG_RUN_ID='scheduled__2024-09-14T20:05:00+00:00'
[2024-09-14T20:10:23.074+0000] {taskinstance.py:731} INFO - ::endgroup::
[2024-09-14T20:10:23.599+0000] {logging_mixin.py:190} INFO - Anomalies textuelles corrigées avec succès dans la table Transactions.
[2024-09-14T20:10:23.601+0000] {python.py:240} INFO - Done. Returned value was: None
[2024-09-14T20:10:23.888+0000] {taskinstance.py:340} INFO - ::group::Post task execution logs
[2024-09-14T20:10:23.889+0000] {taskinstance.py:352} INFO - Marking task as SUCCESS. dag_id=correction_Dag_no_NumericValues, task_id=Correct_Non_numeric_Quantity, run_id=scheduled__2024-09-14T20:05:00+00:00, execution_date=20240914T200500, start_date=20240914T201019, end_date=20240914T201023
[2024-09-14T20:10:24.050+0000] {local_task_job_runner.py:266} INFO - Task exited with return code 0
[2024-09-14T20:10:24.537+0000] {standard_task_runner.py:217} INFO - Process not found (most likely exited), stop collecting metrics
[2024-09-14T20:10:24.975+0000] {taskinstance.py:3900} INFO - 0 downstream tasks scheduled from follow-on schedule check
[2024-09-14T20:10:24.999+0000] {local_task_job_runner.py:245} INFO - ::endgroup::
