[2024-09-10T12:36:08.485+0000] {local_task_job_runner.py:123} INFO - ::group::Pre task execution logs
[2024-09-10T12:36:09.620+0000] {taskinstance.py:2612} INFO - Dependencies all met for dep_context=non-requeueable deps ti=<TaskInstance: Dag_Non-numeric-Quantity.run_anomaly_detection scheduled__2024-09-10T12:25:00+00:00 [queued]>
[2024-09-10T12:36:09.664+0000] {taskinstance.py:2612} INFO - Dependencies all met for dep_context=requeueable deps ti=<TaskInstance: Dag_Non-numeric-Quantity.run_anomaly_detection scheduled__2024-09-10T12:25:00+00:00 [queued]>
[2024-09-10T12:36:09.665+0000] {taskinstance.py:2865} INFO - Starting attempt 2 of 2
[2024-09-10T12:36:09.736+0000] {taskinstance.py:2888} INFO - Executing <Task(PythonOperator): run_anomaly_detection> on 2024-09-10 12:25:00+00:00
[2024-09-10T12:36:09.776+0000] {standard_task_runner.py:104} INFO - Running: ['airflow', 'tasks', 'run', 'Dag_Non-numeric-Quantity', 'run_anomaly_detection', 'scheduled__2024-09-10T12:25:00+00:00', '--job-id', '2210', '--raw', '--subdir', 'DAGS_FOLDER/Dag_Non-numeric-Quantity.py', '--cfg-path', '/tmp/tmpy0wdnwi0']
[2024-09-10T12:36:09.785+0000] {standard_task_runner.py:105} INFO - Job 2210: Subtask run_anomaly_detection
[2024-09-10T12:36:09.798+0000] {logging_mixin.py:190} WARNING - /home/airflow/.local/lib/python3.12/site-packages/airflow/task/task_runner/standard_task_runner.py:70 DeprecationWarning: This process (pid=7219) is multi-threaded, use of fork() may lead to deadlocks in the child.
[2024-09-10T12:36:09.802+0000] {standard_task_runner.py:72} INFO - Started process 7274 to run task
[2024-09-10T12:36:36.731+0000] {task_command.py:467} INFO - Running <TaskInstance: Dag_Non-numeric-Quantity.run_anomaly_detection scheduled__2024-09-10T12:25:00+00:00 [running]> on host 6d70a6e2c42a
[2024-09-10T12:36:38.936+0000] {job.py:229} INFO - Heartbeat recovered after 33.99 seconds
[2024-09-10T12:37:21.701+0000] {job.py:229} INFO - Heartbeat recovered after 42.79 seconds
[2024-09-10T12:37:22.007+0000] {taskinstance.py:3131} INFO - Exporting env vars: AIRFLOW_CTX_DAG_OWNER='airflow' AIRFLOW_CTX_DAG_ID='Dag_Non-numeric-Quantity' AIRFLOW_CTX_TASK_ID='run_anomaly_detection' AIRFLOW_CTX_EXECUTION_DATE='2024-09-10T12:25:00+00:00' AIRFLOW_CTX_TRY_NUMBER='2' AIRFLOW_CTX_DAG_RUN_ID='scheduled__2024-09-10T12:25:00+00:00'
[2024-09-10T12:37:22.013+0000] {taskinstance.py:731} INFO - ::endgroup::
[2024-09-10T12:37:22.125+0000] {python.py:240} INFO - Done. Returned value was: None
[2024-09-10T12:37:22.888+0000] {taskinstance.py:340} INFO - ::group::Post task execution logs
[2024-09-10T12:37:22.890+0000] {taskinstance.py:352} INFO - Marking task as SUCCESS. dag_id=Dag_Non-numeric-Quantity, task_id=run_anomaly_detection, run_id=scheduled__2024-09-10T12:25:00+00:00, execution_date=20240910T122500, start_date=20240910T123609, end_date=20240910T123722
[2024-09-10T12:37:23.332+0000] {local_task_job_runner.py:266} INFO - Task exited with return code 0
[2024-09-10T12:37:23.846+0000] {standard_task_runner.py:217} INFO - Process not found (most likely exited), stop collecting metrics
[2024-09-10T12:37:24.246+0000] {taskinstance.py:3900} INFO - 0 downstream tasks scheduled from follow-on schedule check
[2024-09-10T12:37:24.261+0000] {local_task_job_runner.py:245} INFO - ::endgroup::
