[2024-09-08T17:45:17.507+0000] {local_task_job_runner.py:123} INFO - ::group::Pre task execution logs
[2024-09-08T17:45:17.871+0000] {taskinstance.py:2612} INFO - Dependencies all met for dep_context=non-requeueable deps ti=<TaskInstance: Dag_NegativeQuantity_andTotalAmount.run_anomaly_detection scheduled__2024-09-08T17:40:00+00:00 [queued]>
[2024-09-08T17:45:17.897+0000] {taskinstance.py:2612} INFO - Dependencies all met for dep_context=requeueable deps ti=<TaskInstance: Dag_NegativeQuantity_andTotalAmount.run_anomaly_detection scheduled__2024-09-08T17:40:00+00:00 [queued]>
[2024-09-08T17:45:17.899+0000] {taskinstance.py:2865} INFO - Starting attempt 1 of 2
[2024-09-08T17:45:17.966+0000] {taskinstance.py:2888} INFO - Executing <Task(PythonOperator): run_anomaly_detection> on 2024-09-08 17:40:00+00:00
[2024-09-08T17:45:17.997+0000] {logging_mixin.py:190} WARNING - /home/airflow/.local/lib/python3.12/site-packages/airflow/task/task_runner/standard_task_runner.py:70 DeprecationWarning: This process (pid=2666) is multi-threaded, use of fork() may lead to deadlocks in the child.
[2024-09-08T17:45:18.009+0000] {standard_task_runner.py:104} INFO - Running: ['airflow', 'tasks', 'run', 'Dag_NegativeQuantity_andTotalAmount', 'run_anomaly_detection', 'scheduled__2024-09-08T17:40:00+00:00', '--job-id', '1734', '--raw', '--subdir', 'DAGS_FOLDER/Dag_NegativeQuantity_andTotalAmount.py', '--cfg-path', '/tmp/tmphwwr6lwc']
[2024-09-08T17:45:18.013+0000] {standard_task_runner.py:72} INFO - Started process 2707 to run task
[2024-09-08T17:45:18.014+0000] {standard_task_runner.py:105} INFO - Job 1734: Subtask run_anomaly_detection
[2024-09-08T17:45:20.519+0000] {task_command.py:467} INFO - Running <TaskInstance: Dag_NegativeQuantity_andTotalAmount.run_anomaly_detection scheduled__2024-09-08T17:40:00+00:00 [running]> on host f9476c2e8193
[2024-09-08T17:45:23.081+0000] {taskinstance.py:3131} INFO - Exporting env vars: AIRFLOW_CTX_DAG_OWNER='airflow' AIRFLOW_CTX_DAG_ID='Dag_NegativeQuantity_andTotalAmount' AIRFLOW_CTX_TASK_ID='run_anomaly_detection' AIRFLOW_CTX_EXECUTION_DATE='2024-09-08T17:40:00+00:00' AIRFLOW_CTX_TRY_NUMBER='1' AIRFLOW_CTX_DAG_RUN_ID='scheduled__2024-09-08T17:40:00+00:00'
[2024-09-08T17:45:23.090+0000] {taskinstance.py:731} INFO - ::endgroup::
[2024-09-08T17:45:23.686+0000] {job.py:229} INFO - Heartbeat recovered after 10.50 seconds
[2024-09-08T17:45:26.215+0000] {python.py:240} INFO - Done. Returned value was: None
[2024-09-08T17:45:26.867+0000] {taskinstance.py:340} INFO - ::group::Post task execution logs
[2024-09-08T17:45:26.871+0000] {taskinstance.py:352} INFO - Marking task as SUCCESS. dag_id=Dag_NegativeQuantity_andTotalAmount, task_id=run_anomaly_detection, run_id=scheduled__2024-09-08T17:40:00+00:00, execution_date=20240908T174000, start_date=20240908T174517, end_date=20240908T174526
[2024-09-08T17:45:27.268+0000] {local_task_job_runner.py:266} INFO - Task exited with return code 0
[2024-09-08T17:45:28.028+0000] {standard_task_runner.py:217} INFO - Process not found (most likely exited), stop collecting metrics
[2024-09-08T17:45:28.695+0000] {taskinstance.py:3900} INFO - 0 downstream tasks scheduled from follow-on schedule check
[2024-09-08T17:45:28.726+0000] {local_task_job_runner.py:245} INFO - ::endgroup::
