[2024-09-11T16:00:35.039+0000] {local_task_job_runner.py:123} INFO - ::group::Pre task execution logs
[2024-09-11T16:00:37.518+0000] {taskinstance.py:2612} INFO - Dependencies all met for dep_context=non-requeueable deps ti=<TaskInstance: welcome_dag.print_welcome scheduled__2024-09-11T16:00:00+00:00 [queued]>
[2024-09-11T16:00:37.718+0000] {taskinstance.py:2612} INFO - Dependencies all met for dep_context=requeueable deps ti=<TaskInstance: welcome_dag.print_welcome scheduled__2024-09-11T16:00:00+00:00 [queued]>
[2024-09-11T16:00:37.734+0000] {taskinstance.py:2865} INFO - Starting attempt 1 of 1
[2024-09-11T16:00:59.019+0000] {taskinstance.py:2888} INFO - Executing <Task(PythonOperator): print_welcome> on 2024-09-11 16:00:00+00:00
[2024-09-11T16:00:59.234+0000] {standard_task_runner.py:104} INFO - Running: ['airflow', 'tasks', 'run', 'welcome_dag', 'print_welcome', 'scheduled__2024-09-11T16:00:00+00:00', '--job-id', '978', '--raw', '--subdir', 'DAGS_FOLDER/Awelcome_dags.py', '--cfg-path', '/tmp/tmpcgjzy84_']
[2024-09-11T16:00:59.306+0000] {standard_task_runner.py:105} INFO - Job 978: Subtask print_welcome
[2024-09-11T16:00:59.336+0000] {logging_mixin.py:190} WARNING - /home/airflow/.local/lib/python3.12/site-packages/airflow/task/task_runner/standard_task_runner.py:70 DeprecationWarning: This process (pid=2428) is multi-threaded, use of fork() may lead to deadlocks in the child.
[2024-09-11T16:00:59.342+0000] {standard_task_runner.py:72} INFO - Started process 2524 to run task
[2024-09-11T16:01:05.183+0000] {job.py:229} INFO - Heartbeat recovered after 43.74 seconds
[2024-09-11T16:01:10.355+0000] {task_command.py:467} INFO - Running <TaskInstance: welcome_dag.print_welcome scheduled__2024-09-11T16:00:00+00:00 [running]> on host b8b5351e8a6b
[2024-09-11T16:01:17.172+0000] {job.py:229} INFO - Heartbeat recovered after 12.03 seconds
[2024-09-11T16:01:19.317+0000] {taskinstance.py:3131} INFO - Exporting env vars: AIRFLOW_CTX_DAG_OWNER='airflow' AIRFLOW_CTX_DAG_ID='welcome_dag' AIRFLOW_CTX_TASK_ID='print_welcome' AIRFLOW_CTX_EXECUTION_DATE='2024-09-11T16:00:00+00:00' AIRFLOW_CTX_TRY_NUMBER='1' AIRFLOW_CTX_DAG_RUN_ID='scheduled__2024-09-11T16:00:00+00:00'
[2024-09-11T16:01:19.329+0000] {taskinstance.py:731} INFO - ::endgroup::
[2024-09-11T16:01:19.455+0000] {logging_mixin.py:190} INFO - Welcome to Airflow!
[2024-09-11T16:01:19.458+0000] {python.py:240} INFO - Done. Returned value was: None
[2024-09-11T16:01:20.516+0000] {taskinstance.py:340} INFO - ::group::Post task execution logs
[2024-09-11T16:01:20.518+0000] {taskinstance.py:352} INFO - Marking task as SUCCESS. dag_id=welcome_dag, task_id=print_welcome, run_id=scheduled__2024-09-11T16:00:00+00:00, execution_date=20240911T160000, start_date=20240911T160037, end_date=20240911T160120
[2024-09-11T16:01:20.839+0000] {local_task_job_runner.py:266} INFO - Task exited with return code 0
[2024-09-11T16:01:24.396+0000] {standard_task_runner.py:217} INFO - Process not found (most likely exited), stop collecting metrics
[2024-09-11T16:01:24.402+0000] {taskinstance.py:3900} INFO - 0 downstream tasks scheduled from follow-on schedule check
[2024-09-11T16:01:24.508+0000] {local_task_job_runner.py:245} INFO - ::endgroup::
