[2024-09-08T12:40:08.545+0000] {local_task_job_runner.py:123} INFO - ::group::Pre task execution logs
[2024-09-08T12:40:08.830+0000] {taskinstance.py:2612} INFO - Dependencies all met for dep_context=non-requeueable deps ti=<TaskInstance: Correction_dag_high_total_amount.Correction_dag_high_total_amount scheduled__2024-09-08T12:35:00+00:00 [queued]>
[2024-09-08T12:40:08.887+0000] {taskinstance.py:2612} INFO - Dependencies all met for dep_context=requeueable deps ti=<TaskInstance: Correction_dag_high_total_amount.Correction_dag_high_total_amount scheduled__2024-09-08T12:35:00+00:00 [queued]>
[2024-09-08T12:40:08.888+0000] {taskinstance.py:2865} INFO - Starting attempt 1 of 2
[2024-09-08T12:40:09.063+0000] {taskinstance.py:2888} INFO - Executing <Task(PythonOperator): Correction_dag_high_total_amount> on 2024-09-08 12:35:00+00:00
[2024-09-08T12:40:09.321+0000] {standard_task_runner.py:104} INFO - Running: ['airflow', 'tasks', 'run', 'Correction_dag_high_total_amount', 'Correction_dag_high_total_amount', 'scheduled__2024-09-08T12:35:00+00:00', '--job-id', '726', '--raw', '--subdir', 'DAGS_FOLDER/Correction_dag_high_total_amount.py', '--cfg-path', '/tmp/tmpgcq1fahm']
[2024-09-08T12:40:09.480+0000] {standard_task_runner.py:105} INFO - Job 726: Subtask Correction_dag_high_total_amount
[2024-09-08T12:40:09.332+0000] {logging_mixin.py:190} WARNING - /home/airflow/.local/lib/python3.12/site-packages/airflow/task/task_runner/standard_task_runner.py:70 DeprecationWarning: This process (pid=12895) is multi-threaded, use of fork() may lead to deadlocks in the child.
[2024-09-08T12:40:09.514+0000] {standard_task_runner.py:72} INFO - Started process 12920 to run task
[2024-09-08T12:40:13.740+0000] {task_command.py:467} INFO - Running <TaskInstance: Correction_dag_high_total_amount.Correction_dag_high_total_amount scheduled__2024-09-08T12:35:00+00:00 [running]> on host 13d1dadf4f15
[2024-09-08T12:40:15.416+0000] {job.py:229} INFO - Heartbeat recovered after 11.16 seconds
[2024-09-08T12:40:16.058+0000] {taskinstance.py:3131} INFO - Exporting env vars: AIRFLOW_CTX_DAG_OWNER='airflow' AIRFLOW_CTX_DAG_ID='Correction_dag_high_total_amount' AIRFLOW_CTX_TASK_ID='Correction_dag_high_total_amount' AIRFLOW_CTX_EXECUTION_DATE='2024-09-08T12:35:00+00:00' AIRFLOW_CTX_TRY_NUMBER='1' AIRFLOW_CTX_DAG_RUN_ID='scheduled__2024-09-08T12:35:00+00:00'
[2024-09-08T12:40:16.064+0000] {taskinstance.py:731} INFO - ::endgroup::
[2024-09-08T12:40:16.197+0000] {logging_mixin.py:190} INFO - Les anomalies ont été corrigées dans la base de données.
[2024-09-08T12:40:16.200+0000] {python.py:240} INFO - Done. Returned value was: None
[2024-09-08T12:40:16.494+0000] {taskinstance.py:340} INFO - ::group::Post task execution logs
[2024-09-08T12:40:16.496+0000] {taskinstance.py:352} INFO - Marking task as SUCCESS. dag_id=Correction_dag_high_total_amount, task_id=Correction_dag_high_total_amount, run_id=scheduled__2024-09-08T12:35:00+00:00, execution_date=20240908T123500, start_date=20240908T124008, end_date=20240908T124016
[2024-09-08T12:40:16.648+0000] {local_task_job_runner.py:266} INFO - Task exited with return code 0
[2024-09-08T12:40:17.118+0000] {taskinstance.py:3900} INFO - 0 downstream tasks scheduled from follow-on schedule check
[2024-09-08T12:40:17.129+0000] {local_task_job_runner.py:245} INFO - ::endgroup::
