[2024-09-10T13:55:14.174+0000] {local_task_job_runner.py:123} INFO - ::group::Pre task execution logs
[2024-09-10T13:55:19.392+0000] {taskinstance.py:2612} INFO - Dependencies all met for dep_context=non-requeueable deps ti=<TaskInstance: Corrrect_Dag_detect_and_correct_collective_anomalie.detect_and_correct_collective_anomalie scheduled__2024-09-10T13:50:00+00:00 [queued]>
[2024-09-10T13:55:19.438+0000] {taskinstance.py:2612} INFO - Dependencies all met for dep_context=requeueable deps ti=<TaskInstance: Corrrect_Dag_detect_and_correct_collective_anomalie.detect_and_correct_collective_anomalie scheduled__2024-09-10T13:50:00+00:00 [queued]>
[2024-09-10T13:55:19.440+0000] {taskinstance.py:2865} INFO - Starting attempt 1 of 2
[2024-09-10T13:55:19.710+0000] {taskinstance.py:2888} INFO - Executing <Task(PythonOperator): detect_and_correct_collective_anomalie> on 2024-09-10 13:50:00+00:00
[2024-09-10T13:55:19.750+0000] {logging_mixin.py:190} WARNING - /home/airflow/.local/lib/python3.12/site-packages/airflow/task/task_runner/standard_task_runner.py:70 DeprecationWarning: This process (pid=4511) is multi-threaded, use of fork() may lead to deadlocks in the child.
[2024-09-10T13:55:19.754+0000] {standard_task_runner.py:72} INFO - Started process 4558 to run task
[2024-09-10T13:55:19.765+0000] {standard_task_runner.py:104} INFO - Running: ['airflow', 'tasks', 'run', 'Corrrect_Dag_detect_and_correct_collective_anomalie', 'detect_and_correct_collective_anomalie', 'scheduled__2024-09-10T13:50:00+00:00', '--job-id', '2350', '--raw', '--subdir', 'DAGS_FOLDER/Corrrect_Dag_detect_and_correct_collective_anomalie.py', '--cfg-path', '/tmp/tmpyp9er1u3']
[2024-09-10T13:55:19.780+0000] {standard_task_runner.py:105} INFO - Job 2350: Subtask detect_and_correct_collective_anomalie
[2024-09-10T13:55:21.854+0000] {task_command.py:467} INFO - Running <TaskInstance: Corrrect_Dag_detect_and_correct_collective_anomalie.detect_and_correct_collective_anomalie scheduled__2024-09-10T13:50:00+00:00 [running]> on host 5f241b76205c
[2024-09-10T13:55:24.206+0000] {taskinstance.py:3131} INFO - Exporting env vars: AIRFLOW_CTX_DAG_OWNER='airflow' AIRFLOW_CTX_DAG_ID='Corrrect_Dag_detect_and_correct_collective_anomalie' AIRFLOW_CTX_TASK_ID='detect_and_correct_collective_anomalie' AIRFLOW_CTX_EXECUTION_DATE='2024-09-10T13:50:00+00:00' AIRFLOW_CTX_TRY_NUMBER='1' AIRFLOW_CTX_DAG_RUN_ID='scheduled__2024-09-10T13:50:00+00:00'
[2024-09-10T13:55:24.217+0000] {taskinstance.py:731} INFO - ::endgroup::
[2024-09-10T13:55:24.492+0000] {logging_mixin.py:190} WARNING - /opt/airflow/dags/Corrrect_Dag_detect_and_correct_collective_anomalie.py:15 UserWarning: pandas only supports SQLAlchemy connectable (engine/connection) or database string URI or sqlite3 DBAPI2 connection. Other DBAPI2 objects are not tested. Please consider using SQLAlchemy.
[2024-09-10T13:55:24.585+0000] {python.py:240} INFO - Done. Returned value was: None
[2024-09-10T13:55:24.776+0000] {taskinstance.py:340} INFO - ::group::Post task execution logs
[2024-09-10T13:55:24.777+0000] {taskinstance.py:352} INFO - Marking task as SUCCESS. dag_id=Corrrect_Dag_detect_and_correct_collective_anomalie, task_id=detect_and_correct_collective_anomalie, run_id=scheduled__2024-09-10T13:50:00+00:00, execution_date=20240910T135000, start_date=20240910T135519, end_date=20240910T135524
[2024-09-10T13:55:25.032+0000] {job.py:229} INFO - Heartbeat recovered after 19.23 seconds
[2024-09-10T13:55:25.300+0000] {local_task_job_runner.py:266} INFO - Task exited with return code 0
[2024-09-10T13:55:25.540+0000] {taskinstance.py:3900} INFO - 0 downstream tasks scheduled from follow-on schedule check
[2024-09-10T13:55:25.548+0000] {local_task_job_runner.py:245} INFO - ::endgroup::
