[2024-09-13T22:20:37.113+0000] {local_task_job_runner.py:123} INFO - ::group::Pre task execution logs
[2024-09-13T22:20:39.936+0000] {taskinstance.py:2612} INFO - Dependencies all met for dep_context=non-requeueable deps ti=<TaskInstance: Corrrect_Dag_detect_and_correct_collective_anomalie.detect_and_correct_collective_anomalie scheduled__2024-09-13T22:15:00+00:00 [queued]>
[2024-09-13T22:20:40.113+0000] {taskinstance.py:2612} INFO - Dependencies all met for dep_context=requeueable deps ti=<TaskInstance: Corrrect_Dag_detect_and_correct_collective_anomalie.detect_and_correct_collective_anomalie scheduled__2024-09-13T22:15:00+00:00 [queued]>
[2024-09-13T22:20:40.114+0000] {taskinstance.py:2865} INFO - Starting attempt 1 of 2
[2024-09-13T22:20:40.438+0000] {taskinstance.py:2888} INFO - Executing <Task(PythonOperator): detect_and_correct_collective_anomalie> on 2024-09-13 22:15:00+00:00
[2024-09-13T22:20:40.648+0000] {logging_mixin.py:190} WARNING - /home/airflow/.local/lib/python3.12/site-packages/airflow/task/task_runner/standard_task_runner.py:70 DeprecationWarning: This process (pid=78753) is multi-threaded, use of fork() may lead to deadlocks in the child.
[2024-09-13T22:20:40.656+0000] {standard_task_runner.py:72} INFO - Started process 78810 to run task
[2024-09-13T22:20:40.947+0000] {standard_task_runner.py:104} INFO - Running: ['airflow', 'tasks', 'run', 'Corrrect_Dag_detect_and_correct_collective_anomalie', 'detect_and_correct_collective_anomalie', 'scheduled__2024-09-13T22:15:00+00:00', '--job-id', '3811', '--raw', '--subdir', 'DAGS_FOLDER/Corrrect_Dag_detect_and_correct_collective_anomalie.py', '--cfg-path', '/tmp/tmp63o_vk64']
[2024-09-13T22:20:41.162+0000] {standard_task_runner.py:105} INFO - Job 3811: Subtask detect_and_correct_collective_anomalie
[2024-09-13T22:20:48.997+0000] {task_command.py:467} INFO - Running <TaskInstance: Corrrect_Dag_detect_and_correct_collective_anomalie.detect_and_correct_collective_anomalie scheduled__2024-09-13T22:15:00+00:00 [running]> on host 7403e816bcf5
[2024-09-13T22:20:49.296+0000] {job.py:229} INFO - Heartbeat recovered after 18.54 seconds
[2024-09-13T22:20:59.863+0000] {job.py:229} INFO - Heartbeat recovered after 10.78 seconds
[2024-09-13T22:21:05.041+0000] {taskinstance.py:3131} INFO - Exporting env vars: AIRFLOW_CTX_DAG_OWNER='airflow' AIRFLOW_CTX_DAG_ID='Corrrect_Dag_detect_and_correct_collective_anomalie' AIRFLOW_CTX_TASK_ID='detect_and_correct_collective_anomalie' AIRFLOW_CTX_EXECUTION_DATE='2024-09-13T22:15:00+00:00' AIRFLOW_CTX_TRY_NUMBER='1' AIRFLOW_CTX_DAG_RUN_ID='scheduled__2024-09-13T22:15:00+00:00'
[2024-09-13T22:21:05.181+0000] {taskinstance.py:731} INFO - ::endgroup::
[2024-09-13T22:21:28.420+0000] {job.py:229} INFO - Heartbeat recovered after 28.65 seconds
[2024-09-13T22:21:33.531+0000] {logging_mixin.py:190} WARNING - /opt/airflow/dags/Corrrect_Dag_detect_and_correct_collective_anomalie.py:15 UserWarning: pandas only supports SQLAlchemy connectable (engine/connection) or database string URI or sqlite3 DBAPI2 connection. Other DBAPI2 objects are not tested. Please consider using SQLAlchemy.
[2024-09-13T22:21:42.238+0000] {python.py:240} INFO - Done. Returned value was: None
[2024-09-13T22:21:46.026+0000] {taskinstance.py:340} INFO - ::group::Post task execution logs
[2024-09-13T22:21:46.145+0000] {taskinstance.py:352} INFO - Marking task as SUCCESS. dag_id=Corrrect_Dag_detect_and_correct_collective_anomalie, task_id=detect_and_correct_collective_anomalie, run_id=scheduled__2024-09-13T22:15:00+00:00, execution_date=20240913T221500, start_date=20240913T222039, end_date=20240913T222146
[2024-09-13T22:21:48.010+0000] {job.py:229} INFO - Heartbeat recovered after 19.68 seconds
[2024-09-13T22:21:49.721+0000] {local_task_job_runner.py:266} INFO - Task exited with return code 0
[2024-09-13T22:21:51.835+0000] {taskinstance.py:3900} INFO - 0 downstream tasks scheduled from follow-on schedule check
[2024-09-13T22:21:51.905+0000] {local_task_job_runner.py:245} INFO - ::endgroup::
[2024-09-13T22:21:53.023+0000] {standard_task_runner.py:217} INFO - Process not found (most likely exited), stop collecting metrics
