[2024-09-10T23:16:23.822+0000] {local_task_job_runner.py:123} INFO - ::group::Pre task execution logs
[2024-09-10T23:16:41.366+0000] {taskinstance.py:2612} INFO - Dependencies all met for dep_context=non-requeueable deps ti=<TaskInstance: Correction_dag_high_total_amount.Correction_dag_high_total_amount scheduled__2024-09-10T23:10:00+00:00 [queued]>
[2024-09-10T23:16:41.824+0000] {taskinstance.py:2612} INFO - Dependencies all met for dep_context=requeueable deps ti=<TaskInstance: Correction_dag_high_total_amount.Correction_dag_high_total_amount scheduled__2024-09-10T23:10:00+00:00 [queued]>
[2024-09-10T23:16:41.858+0000] {taskinstance.py:2865} INFO - Starting attempt 1 of 2
[2024-09-10T23:16:43.743+0000] {taskinstance.py:2888} INFO - Executing <Task(PythonOperator): Correction_dag_high_total_amount> on 2024-09-10 23:10:00+00:00
[2024-09-10T23:16:45.193+0000] {logging_mixin.py:190} WARNING - /home/airflow/.local/lib/python3.12/site-packages/airflow/task/task_runner/standard_task_runner.py:70 DeprecationWarning: This process (pid=203) is multi-threaded, use of fork() may lead to deadlocks in the child.
[2024-09-10T23:16:45.211+0000] {standard_task_runner.py:72} INFO - Started process 233 to run task
[2024-09-10T23:16:45.007+0000] {standard_task_runner.py:104} INFO - Running: ['airflow', 'tasks', 'run', 'Correction_dag_high_total_amount', 'Correction_dag_high_total_amount', 'scheduled__2024-09-10T23:10:00+00:00', '--job-id', '107', '--raw', '--subdir', 'DAGS_FOLDER/Correction_dag_high_total_amount.py', '--cfg-path', '/tmp/tmpz6kh54qo']
[2024-09-10T23:16:45.268+0000] {standard_task_runner.py:105} INFO - Job 107: Subtask Correction_dag_high_total_amount
[2024-09-10T23:16:48.539+0000] {task_command.py:467} INFO - Running <TaskInstance: Correction_dag_high_total_amount.Correction_dag_high_total_amount scheduled__2024-09-10T23:10:00+00:00 [running]> on host 5cd9362923f6
[2024-09-10T23:16:53.139+0000] {job.py:229} INFO - Heartbeat recovered after 43.59 seconds
[2024-09-10T23:16:57.080+0000] {taskinstance.py:3131} INFO - Exporting env vars: AIRFLOW_CTX_DAG_OWNER='airflow' AIRFLOW_CTX_DAG_ID='Correction_dag_high_total_amount' AIRFLOW_CTX_TASK_ID='Correction_dag_high_total_amount' AIRFLOW_CTX_EXECUTION_DATE='2024-09-10T23:10:00+00:00' AIRFLOW_CTX_TRY_NUMBER='1' AIRFLOW_CTX_DAG_RUN_ID='scheduled__2024-09-10T23:10:00+00:00'
[2024-09-10T23:16:57.152+0000] {taskinstance.py:731} INFO - ::endgroup::
[2024-09-10T23:16:59.217+0000] {logging_mixin.py:190} INFO - Les anomalies ont été corrigées dans la base de données.
[2024-09-10T23:16:59.229+0000] {python.py:240} INFO - Done. Returned value was: None
[2024-09-10T23:17:00.318+0000] {taskinstance.py:340} INFO - ::group::Post task execution logs
[2024-09-10T23:17:00.323+0000] {taskinstance.py:352} INFO - Marking task as SUCCESS. dag_id=Correction_dag_high_total_amount, task_id=Correction_dag_high_total_amount, run_id=scheduled__2024-09-10T23:10:00+00:00, execution_date=20240910T231000, start_date=20240910T231641, end_date=20240910T231700
[2024-09-10T23:17:02.444+0000] {local_task_job_runner.py:266} INFO - Task exited with return code 0
[2024-09-10T23:17:05.551+0000] {taskinstance.py:3900} INFO - 0 downstream tasks scheduled from follow-on schedule check
[2024-09-10T23:17:05.629+0000] {local_task_job_runner.py:245} INFO - ::endgroup::
[2024-09-10T23:17:05.812+0000] {standard_task_runner.py:217} INFO - Process not found (most likely exited), stop collecting metrics
