[2024-09-12T12:00:54.023+0000] {local_task_job_runner.py:123} INFO - ::group::Pre task execution logs
[2024-09-12T12:00:54.756+0000] {taskinstance.py:2612} INFO - Dependencies all met for dep_context=non-requeueable deps ti=<TaskInstance: welcome_dag.print_welcome scheduled__2024-09-12T12:00:46+00:00 [queued]>
[2024-09-12T12:00:54.802+0000] {taskinstance.py:2612} INFO - Dependencies all met for dep_context=requeueable deps ti=<TaskInstance: welcome_dag.print_welcome scheduled__2024-09-12T12:00:46+00:00 [queued]>
[2024-09-12T12:00:54.810+0000] {taskinstance.py:2865} INFO - Starting attempt 1 of 1
[2024-09-12T12:00:55.234+0000] {taskinstance.py:2888} INFO - Executing <Task(PythonOperator): print_welcome> on 2024-09-12 12:00:46+00:00
[2024-09-12T12:00:55.271+0000] {standard_task_runner.py:104} INFO - Running: ['airflow', 'tasks', 'run', 'welcome_dag', 'print_welcome', 'scheduled__2024-09-12T12:00:46+00:00', '--job-id', '1772', '--raw', '--subdir', 'DAGS_FOLDER/Awelcome_dags.py', '--cfg-path', '/tmp/tmp0k7x5088']
[2024-09-12T12:00:55.285+0000] {standard_task_runner.py:105} INFO - Job 1772: Subtask print_welcome
[2024-09-12T12:00:55.271+0000] {logging_mixin.py:190} WARNING - /home/airflow/.local/lib/python3.12/site-packages/airflow/task/task_runner/standard_task_runner.py:70 DeprecationWarning: This process (pid=8115) is multi-threaded, use of fork() may lead to deadlocks in the child.
[2024-09-12T12:00:55.317+0000] {standard_task_runner.py:72} INFO - Started process 8144 to run task
[2024-09-12T12:00:59.506+0000] {task_command.py:467} INFO - Running <TaskInstance: welcome_dag.print_welcome scheduled__2024-09-12T12:00:46+00:00 [running]> on host 7403e816bcf5
[2024-09-12T12:01:01.852+0000] {job.py:229} INFO - Heartbeat recovered after 10.97 seconds
[2024-09-12T12:01:04.540+0000] {taskinstance.py:3131} INFO - Exporting env vars: AIRFLOW_CTX_DAG_OWNER='airflow' AIRFLOW_CTX_DAG_ID='welcome_dag' AIRFLOW_CTX_TASK_ID='print_welcome' AIRFLOW_CTX_EXECUTION_DATE='2024-09-12T12:00:46+00:00' AIRFLOW_CTX_TRY_NUMBER='1' AIRFLOW_CTX_DAG_RUN_ID='scheduled__2024-09-12T12:00:46+00:00'
[2024-09-12T12:01:04.544+0000] {taskinstance.py:731} INFO - ::endgroup::
[2024-09-12T12:01:04.701+0000] {logging_mixin.py:190} INFO - Welcome to Airflow!
[2024-09-12T12:01:04.707+0000] {python.py:240} INFO - Done. Returned value was: None
[2024-09-12T12:01:05.600+0000] {taskinstance.py:340} INFO - ::group::Post task execution logs
[2024-09-12T12:01:05.603+0000] {taskinstance.py:352} INFO - Marking task as SUCCESS. dag_id=welcome_dag, task_id=print_welcome, run_id=scheduled__2024-09-12T12:00:46+00:00, execution_date=20240912T120046, start_date=20240912T120054, end_date=20240912T120105
[2024-09-12T12:01:05.947+0000] {local_task_job_runner.py:266} INFO - Task exited with return code 0
[2024-09-12T12:01:07.105+0000] {taskinstance.py:3900} INFO - 0 downstream tasks scheduled from follow-on schedule check
[2024-09-12T12:01:07.154+0000] {local_task_job_runner.py:245} INFO - ::endgroup::
