[2024-09-10T11:48:17.087+0000] {local_task_job_runner.py:123} INFO - ::group::Pre task execution logs
[2024-09-10T11:48:19.381+0000] {taskinstance.py:2612} INFO - Dependencies all met for dep_context=non-requeueable deps ti=<TaskInstance: detect_1fn_anomalies_dag.detect_1nf_and_insert_anomalies scheduled__2024-09-08T18:15:00+00:00 [queued]>
[2024-09-10T11:48:19.748+0000] {taskinstance.py:2612} INFO - Dependencies all met for dep_context=requeueable deps ti=<TaskInstance: detect_1fn_anomalies_dag.detect_1nf_and_insert_anomalies scheduled__2024-09-08T18:15:00+00:00 [queued]>
[2024-09-10T11:48:19.754+0000] {taskinstance.py:2865} INFO - Starting attempt 4 of 2
[2024-09-10T11:48:20.500+0000] {taskinstance.py:2888} INFO - Executing <Task(PythonOperator): detect_1nf_and_insert_anomalies> on 2024-09-08 18:15:00+00:00
[2024-09-10T11:48:21.248+0000] {logging_mixin.py:190} WARNING - /home/airflow/.local/lib/python3.12/site-packages/airflow/task/task_runner/standard_task_runner.py:70 DeprecationWarning: This process (pid=277) is multi-threaded, use of fork() may lead to deadlocks in the child.
[2024-09-10T11:48:21.313+0000] {standard_task_runner.py:72} INFO - Started process 371 to run task
[2024-09-10T11:48:21.253+0000] {standard_task_runner.py:104} INFO - Running: ['airflow', 'tasks', 'run', 'detect_1fn_anomalies_dag', 'detect_1nf_and_insert_anomalies', 'scheduled__2024-09-08T18:15:00+00:00', '--job-id', '2045', '--raw', '--subdir', 'DAGS_FOLDER/Dag_detect_1FN_anomaly.py', '--cfg-path', '/tmp/tmpf99l4747']
[2024-09-10T11:48:21.363+0000] {standard_task_runner.py:105} INFO - Job 2045: Subtask detect_1nf_and_insert_anomalies
[2024-09-10T11:48:31.551+0000] {job.py:229} INFO - Heartbeat recovered after 23.81 seconds
[2024-09-10T11:48:34.983+0000] {task_command.py:467} INFO - Running <TaskInstance: detect_1fn_anomalies_dag.detect_1nf_and_insert_anomalies scheduled__2024-09-08T18:15:00+00:00 [running]> on host 6d70a6e2c42a
[2024-09-10T11:48:42.035+0000] {job.py:229} INFO - Heartbeat recovered after 10.67 seconds
[2024-09-10T11:48:43.803+0000] {taskinstance.py:3131} INFO - Exporting env vars: AIRFLOW_CTX_DAG_OWNER='airflow' AIRFLOW_CTX_DAG_ID='detect_1fn_anomalies_dag' AIRFLOW_CTX_TASK_ID='detect_1nf_and_insert_anomalies' AIRFLOW_CTX_EXECUTION_DATE='2024-09-08T18:15:00+00:00' AIRFLOW_CTX_TRY_NUMBER='4' AIRFLOW_CTX_DAG_RUN_ID='scheduled__2024-09-08T18:15:00+00:00'
[2024-09-10T11:48:43.855+0000] {taskinstance.py:731} INFO - ::endgroup::
[2024-09-10T11:48:45.062+0000] {Dag_detect_1FN_anomaly.py:91} INFO - Processing table: customers
[2024-09-10T11:48:51.121+0000] {Dag_detect_1FN_anomaly.py:98} INFO - No anomalies detected for table customers
[2024-09-10T11:48:51.123+0000] {Dag_detect_1FN_anomaly.py:91} INFO - Processing table: transactions
[2024-09-10T11:48:55.193+0000] {Dag_detect_1FN_anomaly.py:98} INFO - No anomalies detected for table transactions
[2024-09-10T11:48:55.198+0000] {Dag_detect_1FN_anomaly.py:91} INFO - Processing table: products
[2024-09-10T11:48:59.775+0000] {Dag_detect_1FN_anomaly.py:98} INFO - No anomalies detected for table products
[2024-09-10T11:48:59.787+0000] {Dag_detect_1FN_anomaly.py:91} INFO - Processing table: orderdetails
[2024-09-10T11:49:03.166+0000] {Dag_detect_1FN_anomaly.py:98} INFO - No anomalies detected for table orderdetails
[2024-09-10T11:49:03.180+0000] {Dag_detect_1FN_anomaly.py:91} INFO - Processing table: productsuppliers
[2024-09-10T11:49:09.111+0000] {Dag_detect_1FN_anomaly.py:98} INFO - No anomalies detected for table productsuppliers
[2024-09-10T11:49:09.137+0000] {Dag_detect_1FN_anomaly.py:91} INFO - Processing table: anomalies
[2024-09-10T11:49:11.965+0000] {Dag_detect_1FN_anomaly.py:95} INFO - Inserting 2 anomalies for table anomalies
[2024-09-10T11:49:27.502+0000] {Dag_detect_1FN_anomaly.py:91} INFO - Processing table: log
[2024-09-10T11:49:30.067+0000] {Dag_detect_1FN_anomaly.py:95} INFO - Inserting 5147 anomalies for table log
[2024-09-10T11:53:16.409+0000] {job.py:229} INFO - Heartbeat recovered after 29.00 seconds
[2024-09-10T11:54:08.580+0000] {job.py:229} INFO - Heartbeat recovered after 11.68 seconds
[2024-09-10T11:54:45.731+0000] {job.py:229} INFO - Heartbeat recovered after 22.02 seconds
[2024-09-10T12:00:23.658+0000] {job.py:229} INFO - Heartbeat recovered after 10.60 seconds
[2024-09-10T12:00:36.628+0000] {job.py:229} INFO - Heartbeat recovered after 13.09 seconds
[2024-09-10T12:02:20.685+0000] {job.py:229} INFO - Heartbeat recovered after 104.43 seconds
[2024-09-10T12:02:32.001+0000] {job.py:229} INFO - Heartbeat recovered after 11.95 seconds
[2024-09-10T12:08:00.141+0000] {job.py:229} INFO - Heartbeat recovered after 15.30 seconds
[2024-09-10T12:10:34.463+0000] {job.py:229} INFO - Heartbeat recovered after 11.44 seconds
[2024-09-10T12:16:17.513+0000] {job.py:229} INFO - Heartbeat recovered after 59.38 seconds
[2024-09-10T12:23:20.836+0000] {Dag_detect_1FN_anomaly.py:91} INFO - Processing table: dag_priority_parsing_request
[2024-09-10T12:23:23.094+0000] {Dag_detect_1FN_anomaly.py:98} INFO - No anomalies detected for table dag_priority_parsing_request
[2024-09-10T12:23:23.097+0000] {Dag_detect_1FN_anomaly.py:91} INFO - Processing table: job
[2024-09-10T12:23:24.811+0000] {Dag_detect_1FN_anomaly.py:98} INFO - No anomalies detected for table job
[2024-09-10T12:23:24.829+0000] {Dag_detect_1FN_anomaly.py:91} INFO - Processing table: anomalies1
[2024-09-10T12:23:25.966+0000] {Dag_detect_1FN_anomaly.py:95} INFO - Inserting 2 anomalies for table anomalies1
[2024-09-10T12:23:27.307+0000] {Dag_detect_1FN_anomaly.py:91} INFO - Processing table: slot_pool
[2024-09-10T12:23:28.093+0000] {Dag_detect_1FN_anomaly.py:98} INFO - No anomalies detected for table slot_pool
[2024-09-10T12:23:28.095+0000] {Dag_detect_1FN_anomaly.py:91} INFO - Processing table: callback_request
[2024-09-10T12:23:28.914+0000] {Dag_detect_1FN_anomaly.py:98} INFO - No anomalies detected for table callback_request
[2024-09-10T12:23:28.915+0000] {Dag_detect_1FN_anomaly.py:91} INFO - Processing table: dag_code
[2024-09-10T12:23:29.698+0000] {Dag_detect_1FN_anomaly.py:95} INFO - Inserting 15 anomalies for table dag_code
[2024-09-10T12:23:35.777+0000] {Dag_detect_1FN_anomaly.py:91} INFO - Processing table: dag_pickle
[2024-09-10T12:23:36.664+0000] {Dag_detect_1FN_anomaly.py:98} INFO - No anomalies detected for table dag_pickle
[2024-09-10T12:23:36.669+0000] {Dag_detect_1FN_anomaly.py:91} INFO - Processing table: ab_user
[2024-09-10T12:23:38.108+0000] {logging_mixin.py:190} WARNING - /opt/airflow/dags/Dag_detect_1FN_anomaly.py:39 SAWarning: Skipped unsupported reflection of expression-based index idx_ab_user_username
[2024-09-10T12:23:38.177+0000] {Dag_detect_1FN_anomaly.py:98} INFO - No anomalies detected for table ab_user
[2024-09-10T12:23:38.179+0000] {Dag_detect_1FN_anomaly.py:91} INFO - Processing table: ab_register_user
[2024-09-10T12:23:39.569+0000] {logging_mixin.py:190} WARNING - /opt/airflow/dags/Dag_detect_1FN_anomaly.py:39 SAWarning: Skipped unsupported reflection of expression-based index idx_ab_register_user_username
[2024-09-10T12:23:39.616+0000] {Dag_detect_1FN_anomaly.py:98} INFO - No anomalies detected for table ab_register_user
[2024-09-10T12:23:39.618+0000] {Dag_detect_1FN_anomaly.py:91} INFO - Processing table: connection
[2024-09-10T12:23:40.870+0000] {Dag_detect_1FN_anomaly.py:98} INFO - No anomalies detected for table connection
[2024-09-10T12:23:40.882+0000] {Dag_detect_1FN_anomaly.py:91} INFO - Processing table: sla_miss
[2024-09-10T12:23:42.058+0000] {Dag_detect_1FN_anomaly.py:98} INFO - No anomalies detected for table sla_miss
[2024-09-10T12:23:42.060+0000] {Dag_detect_1FN_anomaly.py:91} INFO - Processing table: variable
[2024-09-10T12:23:42.796+0000] {Dag_detect_1FN_anomaly.py:98} INFO - No anomalies detected for table variable
[2024-09-10T12:23:42.798+0000] {Dag_detect_1FN_anomaly.py:91} INFO - Processing table: import_error
[2024-09-10T12:23:43.834+0000] {Dag_detect_1FN_anomaly.py:98} INFO - No anomalies detected for table import_error
[2024-09-10T12:23:43.839+0000] {Dag_detect_1FN_anomaly.py:91} INFO - Processing table: serialized_dag
[2024-09-10T12:23:44.654+0000] {Dag_detect_1FN_anomaly.py:98} INFO - No anomalies detected for table serialized_dag
[2024-09-10T12:23:44.656+0000] {Dag_detect_1FN_anomaly.py:91} INFO - Processing table: dataset_alias
[2024-09-10T12:23:45.526+0000] {Dag_detect_1FN_anomaly.py:98} INFO - No anomalies detected for table dataset_alias
[2024-09-10T12:23:45.532+0000] {Dag_detect_1FN_anomaly.py:91} INFO - Processing table: dataset_alias_dataset
[2024-09-10T12:23:46.597+0000] {Dag_detect_1FN_anomaly.py:98} INFO - No anomalies detected for table dataset_alias_dataset
[2024-09-10T12:23:46.599+0000] {Dag_detect_1FN_anomaly.py:91} INFO - Processing table: dataset
[2024-09-10T12:23:48.003+0000] {Dag_detect_1FN_anomaly.py:98} INFO - No anomalies detected for table dataset
[2024-09-10T12:23:48.005+0000] {Dag_detect_1FN_anomaly.py:91} INFO - Processing table: dataset_alias_dataset_event
[2024-09-10T12:23:49.229+0000] {Dag_detect_1FN_anomaly.py:98} INFO - No anomalies detected for table dataset_alias_dataset_event
[2024-09-10T12:23:49.237+0000] {Dag_detect_1FN_anomaly.py:91} INFO - Processing table: dataset_event
[2024-09-10T12:23:50.325+0000] {Dag_detect_1FN_anomaly.py:98} INFO - No anomalies detected for table dataset_event
[2024-09-10T12:23:50.328+0000] {Dag_detect_1FN_anomaly.py:91} INFO - Processing table: dag_schedule_dataset_alias_reference
[2024-09-10T12:23:51.334+0000] {Dag_detect_1FN_anomaly.py:98} INFO - No anomalies detected for table dag_schedule_dataset_alias_reference
[2024-09-10T12:23:51.345+0000] {Dag_detect_1FN_anomaly.py:91} INFO - Processing table: dag
[2024-09-10T12:23:52.512+0000] {Dag_detect_1FN_anomaly.py:95} INFO - Inserting 7 anomalies for table dag
[2024-09-10T12:23:56.744+0000] {Dag_detect_1FN_anomaly.py:91} INFO - Processing table: dag_schedule_dataset_reference
[2024-09-10T12:23:57.743+0000] {Dag_detect_1FN_anomaly.py:98} INFO - No anomalies detected for table dag_schedule_dataset_reference
[2024-09-10T12:23:57.745+0000] {Dag_detect_1FN_anomaly.py:91} INFO - Processing table: task_outlet_dataset_reference
[2024-09-10T12:23:58.594+0000] {Dag_detect_1FN_anomaly.py:98} INFO - No anomalies detected for table task_outlet_dataset_reference
[2024-09-10T12:23:58.607+0000] {Dag_detect_1FN_anomaly.py:91} INFO - Processing table: dataset_dag_run_queue
[2024-09-10T12:23:59.388+0000] {Dag_detect_1FN_anomaly.py:98} INFO - No anomalies detected for table dataset_dag_run_queue
[2024-09-10T12:23:59.390+0000] {Dag_detect_1FN_anomaly.py:91} INFO - Processing table: log_template
[2024-09-10T12:24:00.082+0000] {Dag_detect_1FN_anomaly.py:98} INFO - No anomalies detected for table log_template
[2024-09-10T12:24:00.083+0000] {Dag_detect_1FN_anomaly.py:91} INFO - Processing table: dag_run
[2024-09-10T12:24:00.995+0000] {Dag_detect_1FN_anomaly.py:98} INFO - No anomalies detected for table dag_run
[2024-09-10T12:24:00.997+0000] {Dag_detect_1FN_anomaly.py:91} INFO - Processing table: dag_tag
[2024-09-10T12:24:01.992+0000] {Dag_detect_1FN_anomaly.py:98} INFO - No anomalies detected for table dag_tag
[2024-09-10T12:24:01.997+0000] {Dag_detect_1FN_anomaly.py:91} INFO - Processing table: dag_owner_attributes
[2024-09-10T12:24:02.637+0000] {Dag_detect_1FN_anomaly.py:98} INFO - No anomalies detected for table dag_owner_attributes
[2024-09-10T12:24:02.638+0000] {Dag_detect_1FN_anomaly.py:91} INFO - Processing table: ab_permission
[2024-09-10T12:24:03.483+0000] {Dag_detect_1FN_anomaly.py:98} INFO - No anomalies detected for table ab_permission
[2024-09-10T12:24:03.484+0000] {Dag_detect_1FN_anomaly.py:91} INFO - Processing table: ab_permission_view
[2024-09-10T12:24:04.209+0000] {Dag_detect_1FN_anomaly.py:98} INFO - No anomalies detected for table ab_permission_view
[2024-09-10T12:24:04.211+0000] {Dag_detect_1FN_anomaly.py:91} INFO - Processing table: ab_view_menu
[2024-09-10T12:24:05.028+0000] {Dag_detect_1FN_anomaly.py:98} INFO - No anomalies detected for table ab_view_menu
[2024-09-10T12:24:05.030+0000] {Dag_detect_1FN_anomaly.py:91} INFO - Processing table: ab_user_role
[2024-09-10T12:24:05.784+0000] {logging_mixin.py:190} WARNING - /opt/airflow/dags/Dag_detect_1FN_anomaly.py:39 SAWarning: Skipped unsupported reflection of expression-based index idx_ab_user_username
[2024-09-10T12:24:05.811+0000] {Dag_detect_1FN_anomaly.py:98} INFO - No anomalies detected for table ab_user_role
[2024-09-10T12:24:05.812+0000] {Dag_detect_1FN_anomaly.py:91} INFO - Processing table: ab_role
[2024-09-10T12:24:06.475+0000] {Dag_detect_1FN_anomaly.py:98} INFO - No anomalies detected for table ab_role
[2024-09-10T12:24:06.476+0000] {Dag_detect_1FN_anomaly.py:91} INFO - Processing table: dag_warning
[2024-09-10T12:24:07.252+0000] {Dag_detect_1FN_anomaly.py:98} INFO - No anomalies detected for table dag_warning
[2024-09-10T12:24:07.254+0000] {Dag_detect_1FN_anomaly.py:91} INFO - Processing table: dagrun_dataset_event
[2024-09-10T12:24:08.128+0000] {Dag_detect_1FN_anomaly.py:98} INFO - No anomalies detected for table dagrun_dataset_event
[2024-09-10T12:24:08.129+0000] {Dag_detect_1FN_anomaly.py:91} INFO - Processing table: trigger
[2024-09-10T12:24:08.839+0000] {Dag_detect_1FN_anomaly.py:98} INFO - No anomalies detected for table trigger
[2024-09-10T12:24:08.841+0000] {Dag_detect_1FN_anomaly.py:91} INFO - Processing table: task_instance
[2024-09-10T12:24:10.152+0000] {Dag_detect_1FN_anomaly.py:98} INFO - No anomalies detected for table task_instance
[2024-09-10T12:24:10.154+0000] {Dag_detect_1FN_anomaly.py:91} INFO - Processing table: dag_run_note
[2024-09-10T12:24:10.850+0000] {logging_mixin.py:190} WARNING - /opt/airflow/dags/Dag_detect_1FN_anomaly.py:39 SAWarning: Skipped unsupported reflection of expression-based index idx_ab_user_username
[2024-09-10T12:24:10.883+0000] {Dag_detect_1FN_anomaly.py:98} INFO - No anomalies detected for table dag_run_note
[2024-09-10T12:24:10.886+0000] {Dag_detect_1FN_anomaly.py:91} INFO - Processing table: ab_permission_view_role
[2024-09-10T12:24:11.631+0000] {Dag_detect_1FN_anomaly.py:98} INFO - No anomalies detected for table ab_permission_view_role
[2024-09-10T12:24:11.632+0000] {Dag_detect_1FN_anomaly.py:91} INFO - Processing table: rendered_task_instance_fields
[2024-09-10T12:24:12.400+0000] {Dag_detect_1FN_anomaly.py:98} INFO - No anomalies detected for table rendered_task_instance_fields
[2024-09-10T12:24:12.402+0000] {Dag_detect_1FN_anomaly.py:91} INFO - Processing table: task_fail
[2024-09-10T12:24:13.460+0000] {Dag_detect_1FN_anomaly.py:98} INFO - No anomalies detected for table task_fail
[2024-09-10T12:24:13.462+0000] {Dag_detect_1FN_anomaly.py:91} INFO - Processing table: task_map
[2024-09-10T12:24:14.357+0000] {Dag_detect_1FN_anomaly.py:98} INFO - No anomalies detected for table task_map
[2024-09-10T12:24:14.359+0000] {Dag_detect_1FN_anomaly.py:91} INFO - Processing table: task_reschedule
[2024-09-10T12:24:15.287+0000] {Dag_detect_1FN_anomaly.py:98} INFO - No anomalies detected for table task_reschedule
[2024-09-10T12:24:15.288+0000] {Dag_detect_1FN_anomaly.py:91} INFO - Processing table: xcom
[2024-09-10T12:24:16.464+0000] {Dag_detect_1FN_anomaly.py:98} INFO - No anomalies detected for table xcom
[2024-09-10T12:24:16.473+0000] {Dag_detect_1FN_anomaly.py:91} INFO - Processing table: task_instance_note
[2024-09-10T12:24:17.412+0000] {logging_mixin.py:190} WARNING - /opt/airflow/dags/Dag_detect_1FN_anomaly.py:39 SAWarning: Skipped unsupported reflection of expression-based index idx_ab_user_username
[2024-09-10T12:24:17.453+0000] {Dag_detect_1FN_anomaly.py:98} INFO - No anomalies detected for table task_instance_note
[2024-09-10T12:24:17.475+0000] {Dag_detect_1FN_anomaly.py:91} INFO - Processing table: task_instance_history
[2024-09-10T12:24:18.579+0000] {Dag_detect_1FN_anomaly.py:98} INFO - No anomalies detected for table task_instance_history
[2024-09-10T12:24:18.583+0000] {Dag_detect_1FN_anomaly.py:91} INFO - Processing table: session
[2024-09-10T12:24:19.840+0000] {Dag_detect_1FN_anomaly.py:98} INFO - No anomalies detected for table session
[2024-09-10T12:24:19.841+0000] {Dag_detect_1FN_anomaly.py:91} INFO - Processing table: alembic_version
[2024-09-10T12:24:20.600+0000] {Dag_detect_1FN_anomaly.py:98} INFO - No anomalies detected for table alembic_version
[2024-09-10T12:24:20.601+0000] {Dag_detect_1FN_anomaly.py:91} INFO - Processing table: orders
[2024-09-10T12:24:21.521+0000] {Dag_detect_1FN_anomaly.py:98} INFO - No anomalies detected for table orders
[2024-09-10T12:24:21.522+0000] {Dag_detect_1FN_anomaly.py:91} INFO - Processing table: anomalieDetected
[2024-09-10T12:24:39.670+0000] {Dag_detect_1FN_anomaly.py:95} INFO - Inserting 104921 anomalies for table anomalieDetected
[2024-09-10T12:25:05.961+0000] {job.py:229} INFO - Heartbeat recovered after 14.05 seconds
[2024-09-10T12:25:17.721+0000] {job.py:229} INFO - Heartbeat recovered after 11.78 seconds
[2024-09-10T12:25:21.527+0000] {local_task_job_runner.py:266} INFO - Task exited with return code -9For more information, see https://airflow.apache.org/docs/apache-airflow/stable/troubleshooting.html#LocalTaskJob-killed
[2024-09-10T12:25:23.861+0000] {taskinstance.py:3900} INFO - 0 downstream tasks scheduled from follow-on schedule check
[2024-09-10T12:25:23.874+0000] {local_task_job_runner.py:245} INFO - ::endgroup::
[2024-09-10T12:25:24.918+0000] {standard_task_runner.py:217} INFO - Process not found (most likely exited), stop collecting metrics
