[2024-09-10T14:00:07.207+0000] {local_task_job_runner.py:123} INFO - ::group::Pre task execution logs
[2024-09-10T14:00:10.506+0000] {taskinstance.py:2612} INFO - Dependencies all met for dep_context=non-requeueable deps ti=<TaskInstance: correction_Dag_Negative_Value.correct_negative_values scheduled__2024-09-10T13:55:00+00:00 [queued]>
[2024-09-10T14:00:10.644+0000] {taskinstance.py:2612} INFO - Dependencies all met for dep_context=requeueable deps ti=<TaskInstance: correction_Dag_Negative_Value.correct_negative_values scheduled__2024-09-10T13:55:00+00:00 [queued]>
[2024-09-10T14:00:10.646+0000] {taskinstance.py:2865} INFO - Starting attempt 1 of 2
[2024-09-10T14:00:10.754+0000] {taskinstance.py:2888} INFO - Executing <Task(PythonOperator): correct_negative_values> on 2024-09-10 13:55:00+00:00
[2024-09-10T14:00:10.827+0000] {standard_task_runner.py:104} INFO - Running: ['airflow', 'tasks', 'run', 'correction_Dag_Negative_Value', 'correct_negative_values', 'scheduled__2024-09-10T13:55:00+00:00', '--job-id', '2360', '--raw', '--subdir', 'DAGS_FOLDER/Correction_dag_Negative_Value.py', '--cfg-path', '/tmp/tmpu9fm655_']
[2024-09-10T14:00:10.842+0000] {standard_task_runner.py:105} INFO - Job 2360: Subtask correct_negative_values
[2024-09-10T14:00:10.896+0000] {logging_mixin.py:190} WARNING - /home/airflow/.local/lib/python3.12/site-packages/airflow/task/task_runner/standard_task_runner.py:70 DeprecationWarning: This process (pid=5346) is multi-threaded, use of fork() may lead to deadlocks in the child.
[2024-09-10T14:00:10.898+0000] {standard_task_runner.py:72} INFO - Started process 5380 to run task
[2024-09-10T14:00:29.388+0000] {job.py:229} INFO - Heartbeat recovered after 24.60 seconds
[2024-09-10T14:00:38.278+0000] {task_command.py:467} INFO - Running <TaskInstance: correction_Dag_Negative_Value.correct_negative_values scheduled__2024-09-10T13:55:00+00:00 [running]> on host 5f241b76205c
[2024-09-10T14:01:41.038+0000] {job.py:229} INFO - Heartbeat recovered after 71.73 seconds
[2024-09-10T14:01:44.158+0000] {taskinstance.py:3131} INFO - Exporting env vars: AIRFLOW_CTX_DAG_OWNER='airflow' AIRFLOW_CTX_DAG_ID='correction_Dag_Negative_Value' AIRFLOW_CTX_TASK_ID='correct_negative_values' AIRFLOW_CTX_EXECUTION_DATE='2024-09-10T13:55:00+00:00' AIRFLOW_CTX_TRY_NUMBER='1' AIRFLOW_CTX_DAG_RUN_ID='scheduled__2024-09-10T13:55:00+00:00'
[2024-09-10T14:01:44.175+0000] {taskinstance.py:731} INFO - ::endgroup::
[2024-09-10T14:01:46.157+0000] {logging_mixin.py:190} INFO - Anomalies corrigées avec succès.
[2024-09-10T14:01:46.162+0000] {python.py:240} INFO - Done. Returned value was: None
[2024-09-10T14:01:48.693+0000] {taskinstance.py:340} INFO - ::group::Post task execution logs
[2024-09-10T14:01:48.695+0000] {taskinstance.py:352} INFO - Marking task as SUCCESS. dag_id=correction_Dag_Negative_Value, task_id=correct_negative_values, run_id=scheduled__2024-09-10T13:55:00+00:00, execution_date=20240910T135500, start_date=20240910T140010, end_date=20240910T140148
[2024-09-10T14:01:51.752+0000] {local_task_job_runner.py:266} INFO - Task exited with return code 0
[2024-09-10T14:01:53.348+0000] {standard_task_runner.py:217} INFO - Process not found (most likely exited), stop collecting metrics
[2024-09-10T14:01:54.870+0000] {taskinstance.py:3900} INFO - 0 downstream tasks scheduled from follow-on schedule check
[2024-09-10T14:01:54.893+0000] {local_task_job_runner.py:245} INFO - ::endgroup::
