[2024-09-22T18:00:16.708+0000] {local_task_job_runner.py:123} INFO - ::group::Pre task execution logs
[2024-09-22T18:00:17.805+0000] {taskinstance.py:2612} INFO - Dependencies all met for dep_context=non-requeueable deps ti=<TaskInstance: detect_1fn_anomalies_dag.detect_1nf_and_insert_anomalies scheduled__2024-09-22T17:55:00+00:00 [queued]>
[2024-09-22T18:00:17.891+0000] {taskinstance.py:2612} INFO - Dependencies all met for dep_context=requeueable deps ti=<TaskInstance: detect_1fn_anomalies_dag.detect_1nf_and_insert_anomalies scheduled__2024-09-22T17:55:00+00:00 [queued]>
[2024-09-22T18:00:17.902+0000] {taskinstance.py:2865} INFO - Starting attempt 1 of 2
[2024-09-22T18:00:29.016+0000] {taskinstance.py:2888} INFO - Executing <Task(PythonOperator): detect_1nf_and_insert_anomalies> on 2024-09-22 17:55:00+00:00
[2024-09-22T18:00:29.265+0000] {standard_task_runner.py:104} INFO - Running: ['airflow', 'tasks', 'run', 'detect_1fn_anomalies_dag', 'detect_1nf_and_insert_anomalies', 'scheduled__2024-09-22T17:55:00+00:00', '--job-id', '5692', '--raw', '--subdir', 'DAGS_FOLDER/Dag_detect_1FN_anomaly.py', '--cfg-path', '/tmp/tmp09138ob3']
[2024-09-22T18:00:29.285+0000] {logging_mixin.py:190} WARNING - /home/airflow/.local/lib/python3.12/site-packages/airflow/task/task_runner/standard_task_runner.py:70 DeprecationWarning: This process (pid=35031) is multi-threaded, use of fork() may lead to deadlocks in the child.
[2024-09-22T18:00:29.290+0000] {standard_task_runner.py:105} INFO - Job 5692: Subtask detect_1nf_and_insert_anomalies
[2024-09-22T18:00:29.314+0000] {standard_task_runner.py:72} INFO - Started process 35116 to run task
[2024-09-22T18:00:32.924+0000] {task_command.py:467} INFO - Running <TaskInstance: detect_1fn_anomalies_dag.detect_1nf_and_insert_anomalies scheduled__2024-09-22T17:55:00+00:00 [running]> on host 93b0c38322b3
[2024-09-22T18:00:35.868+0000] {job.py:229} INFO - Heartbeat recovered after 26.75 seconds
[2024-09-22T18:00:36.683+0000] {taskinstance.py:3131} INFO - Exporting env vars: AIRFLOW_CTX_DAG_OWNER='airflow' AIRFLOW_CTX_DAG_ID='detect_1fn_anomalies_dag' AIRFLOW_CTX_TASK_ID='detect_1nf_and_insert_anomalies' AIRFLOW_CTX_EXECUTION_DATE='2024-09-22T17:55:00+00:00' AIRFLOW_CTX_TRY_NUMBER='1' AIRFLOW_CTX_DAG_RUN_ID='scheduled__2024-09-22T17:55:00+00:00'
[2024-09-22T18:00:36.689+0000] {taskinstance.py:731} INFO - ::endgroup::
[2024-09-22T18:00:37.320+0000] {python.py:240} INFO - Done. Returned value was: None
[2024-09-22T18:00:38.282+0000] {taskinstance.py:340} INFO - ::group::Post task execution logs
[2024-09-22T18:00:38.284+0000] {taskinstance.py:352} INFO - Marking task as SUCCESS. dag_id=detect_1fn_anomalies_dag, task_id=detect_1nf_and_insert_anomalies, run_id=scheduled__2024-09-22T17:55:00+00:00, execution_date=20240922T175500, start_date=20240922T180017, end_date=20240922T180038
[2024-09-22T18:00:38.460+0000] {local_task_job_runner.py:266} INFO - Task exited with return code 0
[2024-09-22T18:00:39.668+0000] {standard_task_runner.py:217} INFO - Process not found (most likely exited), stop collecting metrics
[2024-09-22T18:00:39.715+0000] {taskinstance.py:3900} INFO - 0 downstream tasks scheduled from follow-on schedule check
[2024-09-22T18:00:39.747+0000] {local_task_job_runner.py:245} INFO - ::endgroup::
