[2024-09-08T18:26:01.004+0000] {local_task_job_runner.py:123} INFO - ::group::Pre task execution logs
[2024-09-08T18:26:01.892+0000] {taskinstance.py:2612} INFO - Dependencies all met for dep_context=non-requeueable deps ti=<TaskInstance: detect_transaction_date_anomalies_dag.run_anomaly_detection scheduled__2024-09-08T18:20:00+00:00 [queued]>
[2024-09-08T18:26:01.926+0000] {taskinstance.py:2612} INFO - Dependencies all met for dep_context=requeueable deps ti=<TaskInstance: detect_transaction_date_anomalies_dag.run_anomaly_detection scheduled__2024-09-08T18:20:00+00:00 [queued]>
[2024-09-08T18:26:01.932+0000] {taskinstance.py:2865} INFO - Starting attempt 1 of 2
[2024-09-08T18:26:02.245+0000] {taskinstance.py:2888} INFO - Executing <Task(PythonOperator): run_anomaly_detection> on 2024-09-08 18:20:00+00:00
[2024-09-08T18:26:02.493+0000] {logging_mixin.py:190} WARNING - /home/airflow/.local/lib/python3.12/site-packages/airflow/task/task_runner/standard_task_runner.py:70 DeprecationWarning: This process (pid=4476) is multi-threaded, use of fork() may lead to deadlocks in the child.
[2024-09-08T18:26:02.548+0000] {standard_task_runner.py:72} INFO - Started process 4541 to run task
[2024-09-08T18:26:02.487+0000] {standard_task_runner.py:104} INFO - Running: ['airflow', 'tasks', 'run', 'detect_transaction_date_anomalies_dag', 'run_anomaly_detection', 'scheduled__2024-09-08T18:20:00+00:00', '--job-id', '1859', '--raw', '--subdir', 'DAGS_FOLDER/Dag-Transaction-Date-in-the-Paste.py', '--cfg-path', '/tmp/tmphblp0mrd']
[2024-09-08T18:26:02.592+0000] {standard_task_runner.py:105} INFO - Job 1859: Subtask run_anomaly_detection
[2024-09-08T18:26:38.446+0000] {job.py:229} INFO - Heartbeat recovered after 74.47 seconds
[2024-09-08T18:26:40.557+0000] {task_command.py:467} INFO - Running <TaskInstance: detect_transaction_date_anomalies_dag.run_anomaly_detection scheduled__2024-09-08T18:20:00+00:00 [running]> on host 255f2021b117
[2024-09-08T18:26:43.733+0000] {taskinstance.py:3131} INFO - Exporting env vars: AIRFLOW_CTX_DAG_OWNER='airflow' AIRFLOW_CTX_DAG_ID='detect_transaction_date_anomalies_dag' AIRFLOW_CTX_TASK_ID='run_anomaly_detection' AIRFLOW_CTX_EXECUTION_DATE='2024-09-08T18:20:00+00:00' AIRFLOW_CTX_TRY_NUMBER='1' AIRFLOW_CTX_DAG_RUN_ID='scheduled__2024-09-08T18:20:00+00:00'
[2024-09-08T18:26:43.756+0000] {taskinstance.py:731} INFO - ::endgroup::
[2024-09-08T18:26:45.329+0000] {Dag-Transaction-Date-in-the-Paste.py:97} INFO - Inserting 1 detected anomalies
[2024-09-08T18:26:47.237+0000] {python.py:240} INFO - Done. Returned value was: None
[2024-09-08T18:26:47.731+0000] {taskinstance.py:340} INFO - ::group::Post task execution logs
[2024-09-08T18:26:47.733+0000] {taskinstance.py:352} INFO - Marking task as SUCCESS. dag_id=detect_transaction_date_anomalies_dag, task_id=run_anomaly_detection, run_id=scheduled__2024-09-08T18:20:00+00:00, execution_date=20240908T182000, start_date=20240908T182601, end_date=20240908T182647
[2024-09-08T18:26:47.903+0000] {local_task_job_runner.py:266} INFO - Task exited with return code 0
[2024-09-08T18:26:48.356+0000] {taskinstance.py:3900} INFO - 0 downstream tasks scheduled from follow-on schedule check
[2024-09-08T18:26:48.365+0000] {local_task_job_runner.py:245} INFO - ::endgroup::
