[2024-09-14T17:50:26.323+0000] {local_task_job_runner.py:123} INFO - ::group::Pre task execution logs
[2024-09-14T17:50:30.605+0000] {taskinstance.py:2612} INFO - Dependencies all met for dep_context=non-requeueable deps ti=<TaskInstance: correction_Dag_Valeu_NULL.correct_transactions_anomalies scheduled__2024-09-14T17:45:00+00:00 [queued]>
[2024-09-14T17:50:31.623+0000] {taskinstance.py:2612} INFO - Dependencies all met for dep_context=requeueable deps ti=<TaskInstance: correction_Dag_Valeu_NULL.correct_transactions_anomalies scheduled__2024-09-14T17:45:00+00:00 [queued]>
[2024-09-14T17:50:31.626+0000] {taskinstance.py:2865} INFO - Starting attempt 1 of 2
[2024-09-14T17:50:32.668+0000] {taskinstance.py:2888} INFO - Executing <Task(PythonOperator): correct_transactions_anomalies> on 2024-09-14 17:45:00+00:00
[2024-09-14T17:50:33.551+0000] {logging_mixin.py:190} WARNING - /home/airflow/.local/lib/python3.12/site-packages/airflow/task/task_runner/standard_task_runner.py:70 DeprecationWarning: This process (pid=95533) is multi-threaded, use of fork() may lead to deadlocks in the child.
[2024-09-14T17:50:33.672+0000] {standard_task_runner.py:72} INFO - Started process 95550 to run task
[2024-09-14T17:50:34.287+0000] {standard_task_runner.py:104} INFO - Running: ['airflow', 'tasks', 'run', 'correction_Dag_Valeu_NULL', 'correct_transactions_anomalies', 'scheduled__2024-09-14T17:45:00+00:00', '--job-id', '4160', '--raw', '--subdir', 'DAGS_FOLDER/Correction_dag_Valeur_NULL.py', '--cfg-path', '/tmp/tmpbsc58y_e']
[2024-09-14T17:50:34.998+0000] {standard_task_runner.py:105} INFO - Job 4160: Subtask correct_transactions_anomalies
[2024-09-14T17:50:42.621+0000] {job.py:229} INFO - Heartbeat recovered after 28.15 seconds
[2024-09-14T17:50:45.216+0000] {task_command.py:467} INFO - Running <TaskInstance: correction_Dag_Valeu_NULL.correct_transactions_anomalies scheduled__2024-09-14T17:45:00+00:00 [running]> on host 7403e816bcf5
[2024-09-14T17:50:54.496+0000] {taskinstance.py:3131} INFO - Exporting env vars: AIRFLOW_CTX_DAG_OWNER='airflow' AIRFLOW_CTX_DAG_ID='correction_Dag_Valeu_NULL' AIRFLOW_CTX_TASK_ID='correct_transactions_anomalies' AIRFLOW_CTX_EXECUTION_DATE='2024-09-14T17:45:00+00:00' AIRFLOW_CTX_TRY_NUMBER='1' AIRFLOW_CTX_DAG_RUN_ID='scheduled__2024-09-14T17:45:00+00:00'
[2024-09-14T17:50:54.547+0000] {taskinstance.py:731} INFO - ::endgroup::
[2024-09-14T17:50:55.826+0000] {logging_mixin.py:190} INFO - Correction des anomalies dans la table Transactions réussie.
[2024-09-14T17:50:55.837+0000] {python.py:240} INFO - Done. Returned value was: None
[2024-09-14T17:50:57.047+0000] {taskinstance.py:340} INFO - ::group::Post task execution logs
[2024-09-14T17:50:57.049+0000] {taskinstance.py:352} INFO - Marking task as SUCCESS. dag_id=correction_Dag_Valeu_NULL, task_id=correct_transactions_anomalies, run_id=scheduled__2024-09-14T17:45:00+00:00, execution_date=20240914T174500, start_date=20240914T175030, end_date=20240914T175057
[2024-09-14T17:50:57.521+0000] {local_task_job_runner.py:266} INFO - Task exited with return code 0
[2024-09-14T17:50:59.435+0000] {standard_task_runner.py:217} INFO - Process not found (most likely exited), stop collecting metrics
[2024-09-14T17:50:59.999+0000] {taskinstance.py:3900} INFO - 0 downstream tasks scheduled from follow-on schedule check
[2024-09-14T17:51:00.097+0000] {local_task_job_runner.py:245} INFO - ::endgroup::
