[2024-09-10T12:10:33.950+0000] {local_task_job_runner.py:123} INFO - ::group::Pre task execution logs
[2024-09-10T12:10:37.430+0000] {taskinstance.py:2612} INFO - Dependencies all met for dep_context=non-requeueable deps ti=<TaskInstance: Dag_NegativeQuantity_andTotalAmount.run_anomaly_detection scheduled__2024-09-10T12:05:00+00:00 [queued]>
[2024-09-10T12:10:37.641+0000] {taskinstance.py:2612} INFO - Dependencies all met for dep_context=requeueable deps ti=<TaskInstance: Dag_NegativeQuantity_andTotalAmount.run_anomaly_detection scheduled__2024-09-10T12:05:00+00:00 [queued]>
[2024-09-10T12:10:37.648+0000] {taskinstance.py:2865} INFO - Starting attempt 1 of 2
[2024-09-10T12:10:37.758+0000] {taskinstance.py:2888} INFO - Executing <Task(PythonOperator): run_anomaly_detection> on 2024-09-10 12:05:00+00:00
[2024-09-10T12:10:37.941+0000] {logging_mixin.py:190} WARNING - /home/airflow/.local/lib/python3.12/site-packages/airflow/task/task_runner/standard_task_runner.py:70 DeprecationWarning: This process (pid=3349) is multi-threaded, use of fork() may lead to deadlocks in the child.
[2024-09-10T12:10:37.960+0000] {standard_task_runner.py:72} INFO - Started process 3418 to run task
[2024-09-10T12:10:37.959+0000] {standard_task_runner.py:104} INFO - Running: ['airflow', 'tasks', 'run', 'Dag_NegativeQuantity_andTotalAmount', 'run_anomaly_detection', 'scheduled__2024-09-10T12:05:00+00:00', '--job-id', '2146', '--raw', '--subdir', 'DAGS_FOLDER/Dag_NegativeQuantity_andTotalAmount.py', '--cfg-path', '/tmp/tmpgvvkbs2u']
[2024-09-10T12:10:37.982+0000] {standard_task_runner.py:105} INFO - Job 2146: Subtask run_anomaly_detection
[2024-09-10T12:10:41.026+0000] {task_command.py:467} INFO - Running <TaskInstance: Dag_NegativeQuantity_andTotalAmount.run_anomaly_detection scheduled__2024-09-10T12:05:00+00:00 [running]> on host 6d70a6e2c42a
[2024-09-10T12:10:43.759+0000] {taskinstance.py:3131} INFO - Exporting env vars: AIRFLOW_CTX_DAG_OWNER='airflow' AIRFLOW_CTX_DAG_ID='Dag_NegativeQuantity_andTotalAmount' AIRFLOW_CTX_TASK_ID='run_anomaly_detection' AIRFLOW_CTX_EXECUTION_DATE='2024-09-10T12:05:00+00:00' AIRFLOW_CTX_TRY_NUMBER='1' AIRFLOW_CTX_DAG_RUN_ID='scheduled__2024-09-10T12:05:00+00:00'
[2024-09-10T12:10:43.766+0000] {taskinstance.py:731} INFO - ::endgroup::
[2024-09-10T12:10:44.009+0000] {job.py:229} INFO - Heartbeat recovered after 20.23 seconds
[2024-09-10T12:10:45.780+0000] {python.py:240} INFO - Done. Returned value was: None
[2024-09-10T12:10:47.267+0000] {taskinstance.py:340} INFO - ::group::Post task execution logs
[2024-09-10T12:10:47.271+0000] {taskinstance.py:352} INFO - Marking task as SUCCESS. dag_id=Dag_NegativeQuantity_andTotalAmount, task_id=run_anomaly_detection, run_id=scheduled__2024-09-10T12:05:00+00:00, execution_date=20240910T120500, start_date=20240910T121037, end_date=20240910T121047
[2024-09-10T12:10:47.652+0000] {local_task_job_runner.py:266} INFO - Task exited with return code 0
[2024-09-10T12:10:48.007+0000] {standard_task_runner.py:217} INFO - Process not found (most likely exited), stop collecting metrics
[2024-09-10T12:10:48.133+0000] {taskinstance.py:3900} INFO - 0 downstream tasks scheduled from follow-on schedule check
[2024-09-10T12:10:48.161+0000] {local_task_job_runner.py:245} INFO - ::endgroup::
