[2024-09-08T15:00:27.831+0000] {local_task_job_runner.py:123} INFO - ::group::Pre task execution logs
[2024-09-08T15:00:30.119+0000] {taskinstance.py:2612} INFO - Dependencies all met for dep_context=non-requeueable deps ti=<TaskInstance: correction_Dag_Negative_Value.correct_negative_values scheduled__2024-09-08T14:55:00+00:00 [queued]>
[2024-09-08T15:00:30.259+0000] {taskinstance.py:2612} INFO - Dependencies all met for dep_context=requeueable deps ti=<TaskInstance: correction_Dag_Negative_Value.correct_negative_values scheduled__2024-09-08T14:55:00+00:00 [queued]>
[2024-09-08T15:00:30.264+0000] {taskinstance.py:2865} INFO - Starting attempt 1 of 2
[2024-09-08T15:00:30.891+0000] {taskinstance.py:2888} INFO - Executing <Task(PythonOperator): correct_negative_values> on 2024-09-08 14:55:00+00:00
[2024-09-08T15:00:31.510+0000] {logging_mixin.py:190} WARNING - /home/airflow/.local/lib/python3.12/site-packages/airflow/task/task_runner/standard_task_runner.py:70 DeprecationWarning: This process (pid=32267) is multi-threaded, use of fork() may lead to deadlocks in the child.
[2024-09-08T15:00:31.572+0000] {standard_task_runner.py:72} INFO - Started process 32305 to run task
[2024-09-08T15:00:31.646+0000] {standard_task_runner.py:104} INFO - Running: ['airflow', 'tasks', 'run', 'correction_Dag_Negative_Value', 'correct_negative_values', 'scheduled__2024-09-08T14:55:00+00:00', '--job-id', '1253', '--raw', '--subdir', 'DAGS_FOLDER/Correction_dag_Negative_Value.py', '--cfg-path', '/tmp/tmpgo4fdyu_']
[2024-09-08T15:00:31.888+0000] {standard_task_runner.py:105} INFO - Job 1253: Subtask correct_negative_values
[2024-09-08T15:00:41.824+0000] {job.py:229} INFO - Heartbeat recovered after 23.00 seconds
[2024-09-08T15:00:50.651+0000] {task_command.py:467} INFO - Running <TaskInstance: correction_Dag_Negative_Value.correct_negative_values scheduled__2024-09-08T14:55:00+00:00 [running]> on host 13d1dadf4f15
[2024-09-08T15:00:54.805+0000] {job.py:229} INFO - Heartbeat recovered after 13.15 seconds
[2024-09-08T15:01:02.810+0000] {taskinstance.py:3131} INFO - Exporting env vars: AIRFLOW_CTX_DAG_OWNER='airflow' AIRFLOW_CTX_DAG_ID='correction_Dag_Negative_Value' AIRFLOW_CTX_TASK_ID='correct_negative_values' AIRFLOW_CTX_EXECUTION_DATE='2024-09-08T14:55:00+00:00' AIRFLOW_CTX_TRY_NUMBER='1' AIRFLOW_CTX_DAG_RUN_ID='scheduled__2024-09-08T14:55:00+00:00'
[2024-09-08T15:01:03.197+0000] {taskinstance.py:731} INFO - ::endgroup::
[2024-09-08T15:01:04.775+0000] {job.py:229} INFO - Heartbeat recovered after 10.87 seconds
[2024-09-08T15:01:05.809+0000] {logging_mixin.py:190} INFO - Anomalies corrigées avec succès.
[2024-09-08T15:01:05.813+0000] {python.py:240} INFO - Done. Returned value was: None
[2024-09-08T15:01:07.933+0000] {taskinstance.py:340} INFO - ::group::Post task execution logs
[2024-09-08T15:01:07.949+0000] {taskinstance.py:352} INFO - Marking task as SUCCESS. dag_id=correction_Dag_Negative_Value, task_id=correct_negative_values, run_id=scheduled__2024-09-08T14:55:00+00:00, execution_date=20240908T145500, start_date=20240908T150030, end_date=20240908T150107
[2024-09-08T15:01:09.833+0000] {local_task_job_runner.py:266} INFO - Task exited with return code 0
[2024-09-08T15:01:11.688+0000] {taskinstance.py:3900} INFO - 0 downstream tasks scheduled from follow-on schedule check
[2024-09-08T15:01:11.725+0000] {local_task_job_runner.py:245} INFO - ::endgroup::
[2024-09-08T15:01:12.134+0000] {standard_task_runner.py:217} INFO - Process not found (most likely exited), stop collecting metrics
