[2024-09-11T17:40:35.572+0000] {local_task_job_runner.py:123} INFO - ::group::Pre task execution logs
[2024-09-11T17:40:36.894+0000] {taskinstance.py:2612} INFO - Dependencies all met for dep_context=non-requeueable deps ti=<TaskInstance: correction_Dag_no_NumericValues.Correct_Non_numeric_Quantity scheduled__2024-09-11T17:35:00+00:00 [queued]>
[2024-09-11T17:40:36.930+0000] {taskinstance.py:2612} INFO - Dependencies all met for dep_context=requeueable deps ti=<TaskInstance: correction_Dag_no_NumericValues.Correct_Non_numeric_Quantity scheduled__2024-09-11T17:35:00+00:00 [queued]>
[2024-09-11T17:40:36.932+0000] {taskinstance.py:2865} INFO - Starting attempt 1 of 2
[2024-09-11T17:40:37.197+0000] {taskinstance.py:2888} INFO - Executing <Task(PythonOperator): Correct_Non_numeric_Quantity> on 2024-09-11 17:35:00+00:00
[2024-09-11T17:40:37.359+0000] {standard_task_runner.py:104} INFO - Running: ['airflow', 'tasks', 'run', 'correction_Dag_no_NumericValues', 'Correct_Non_numeric_Quantity', 'scheduled__2024-09-11T17:35:00+00:00', '--job-id', '1246', '--raw', '--subdir', 'DAGS_FOLDER/correction_Dag_no_NumericValues.py', '--cfg-path', '/tmp/tmpaa11ihy3']
[2024-09-11T17:40:37.418+0000] {standard_task_runner.py:105} INFO - Job 1246: Subtask Correct_Non_numeric_Quantity
[2024-09-11T17:40:37.419+0000] {logging_mixin.py:190} WARNING - /home/airflow/.local/lib/python3.12/site-packages/airflow/task/task_runner/standard_task_runner.py:70 DeprecationWarning: This process (pid=16680) is multi-threaded, use of fork() may lead to deadlocks in the child.
[2024-09-11T17:40:37.463+0000] {standard_task_runner.py:72} INFO - Started process 16731 to run task
[2024-09-11T17:40:39.636+0000] {task_command.py:467} INFO - Running <TaskInstance: correction_Dag_no_NumericValues.Correct_Non_numeric_Quantity scheduled__2024-09-11T17:35:00+00:00 [running]> on host b8b5351e8a6b
[2024-09-11T17:40:40.656+0000] {taskinstance.py:3131} INFO - Exporting env vars: AIRFLOW_CTX_DAG_OWNER='airflow' AIRFLOW_CTX_DAG_ID='correction_Dag_no_NumericValues' AIRFLOW_CTX_TASK_ID='Correct_Non_numeric_Quantity' AIRFLOW_CTX_EXECUTION_DATE='2024-09-11T17:35:00+00:00' AIRFLOW_CTX_TRY_NUMBER='1' AIRFLOW_CTX_DAG_RUN_ID='scheduled__2024-09-11T17:35:00+00:00'
[2024-09-11T17:40:40.660+0000] {taskinstance.py:731} INFO - ::endgroup::
[2024-09-11T17:40:40.891+0000] {logging_mixin.py:190} INFO - Anomalies textuelles corrigées avec succès dans la table Transactions.
[2024-09-11T17:40:40.892+0000] {python.py:240} INFO - Done. Returned value was: None
[2024-09-11T17:40:41.152+0000] {taskinstance.py:340} INFO - ::group::Post task execution logs
[2024-09-11T17:40:41.153+0000] {taskinstance.py:352} INFO - Marking task as SUCCESS. dag_id=correction_Dag_no_NumericValues, task_id=Correct_Non_numeric_Quantity, run_id=scheduled__2024-09-11T17:35:00+00:00, execution_date=20240911T173500, start_date=20240911T174036, end_date=20240911T174041
[2024-09-11T17:40:41.340+0000] {local_task_job_runner.py:266} INFO - Task exited with return code 0
[2024-09-11T17:40:42.150+0000] {taskinstance.py:3900} INFO - 0 downstream tasks scheduled from follow-on schedule check
[2024-09-11T17:40:42.156+0000] {local_task_job_runner.py:245} INFO - ::endgroup::
[2024-09-11T17:40:42.695+0000] {standard_task_runner.py:217} INFO - Process not found (most likely exited), stop collecting metrics
