[2024-09-14T10:37:29.285+0000] {local_task_job_runner.py:123} INFO - ::group::Pre task execution logs
[2024-09-14T10:37:32.162+0000] {taskinstance.py:2612} INFO - Dependencies all met for dep_context=non-requeueable deps ti=<TaskInstance: welcome_dag.print_date scheduled__2024-09-13T23:00:59+00:00 [queued]>
[2024-09-14T10:37:32.656+0000] {taskinstance.py:2612} INFO - Dependencies all met for dep_context=requeueable deps ti=<TaskInstance: welcome_dag.print_date scheduled__2024-09-13T23:00:59+00:00 [queued]>
[2024-09-14T10:37:32.672+0000] {taskinstance.py:2865} INFO - Starting attempt 1 of 1
[2024-09-14T10:37:34.904+0000] {taskinstance.py:2888} INFO - Executing <Task(PythonOperator): print_date> on 2024-09-13 23:00:59+00:00
[2024-09-14T10:37:35.588+0000] {standard_task_runner.py:104} INFO - Running: ['airflow', 'tasks', 'run', 'welcome_dag', 'print_date', 'scheduled__2024-09-13T23:00:59+00:00', '--job-id', '3950', '--raw', '--subdir', 'DAGS_FOLDER/Awelcome_dags.py', '--cfg-path', '/tmp/tmp6oyeevuf']
[2024-09-14T10:37:35.706+0000] {standard_task_runner.py:105} INFO - Job 3950: Subtask print_date
[2024-09-14T10:37:35.680+0000] {logging_mixin.py:190} WARNING - /home/airflow/.local/lib/python3.12/site-packages/airflow/task/task_runner/standard_task_runner.py:70 DeprecationWarning: This process (pid=85524) is multi-threaded, use of fork() may lead to deadlocks in the child.
[2024-09-14T10:37:35.730+0000] {standard_task_runner.py:72} INFO - Started process 85552 to run task
[2024-09-14T10:37:42.543+0000] {job.py:229} INFO - Heartbeat recovered after 29.15 seconds
[2024-09-14T10:37:43.192+0000] {task_command.py:467} INFO - Running <TaskInstance: welcome_dag.print_date scheduled__2024-09-13T23:00:59+00:00 [running]> on host 7403e816bcf5
[2024-09-14T10:37:49.806+0000] {taskinstance.py:3131} INFO - Exporting env vars: AIRFLOW_CTX_DAG_OWNER='airflow' AIRFLOW_CTX_DAG_ID='welcome_dag' AIRFLOW_CTX_TASK_ID='print_date' AIRFLOW_CTX_EXECUTION_DATE='2024-09-13T23:00:59+00:00' AIRFLOW_CTX_TRY_NUMBER='1' AIRFLOW_CTX_DAG_RUN_ID='scheduled__2024-09-13T23:00:59+00:00'
[2024-09-14T10:37:50.120+0000] {taskinstance.py:731} INFO - ::endgroup::
[2024-09-14T10:37:52.843+0000] {logging_mixin.py:190} INFO - Today is 2024-09-14
[2024-09-14T10:37:52.885+0000] {python.py:240} INFO - Done. Returned value was: None
[2024-09-14T10:37:54.266+0000] {taskinstance.py:340} INFO - ::group::Post task execution logs
[2024-09-14T10:37:54.271+0000] {taskinstance.py:352} INFO - Marking task as SUCCESS. dag_id=welcome_dag, task_id=print_date, run_id=scheduled__2024-09-13T23:00:59+00:00, execution_date=20240913T230059, start_date=20240914T103732, end_date=20240914T103754
[2024-09-14T10:37:55.419+0000] {local_task_job_runner.py:266} INFO - Task exited with return code 0
[2024-09-14T10:37:55.980+0000] {standard_task_runner.py:217} INFO - Process not found (most likely exited), stop collecting metrics
[2024-09-14T10:37:56.453+0000] {local_task_job_runner.py:245} INFO - ::endgroup::
