[2024-09-13T17:25:12.132+0000] {local_task_job_runner.py:123} INFO - ::group::Pre task execution logs
[2024-09-13T17:25:14.711+0000] {taskinstance.py:2612} INFO - Dependencies all met for dep_context=non-requeueable deps ti=<TaskInstance: correction_Dag_Negative_Value.correct_negative_values scheduled__2024-09-13T17:20:00+00:00 [queued]>
[2024-09-13T17:25:14.902+0000] {taskinstance.py:2612} INFO - Dependencies all met for dep_context=requeueable deps ti=<TaskInstance: correction_Dag_Negative_Value.correct_negative_values scheduled__2024-09-13T17:20:00+00:00 [queued]>
[2024-09-13T17:25:14.904+0000] {taskinstance.py:2865} INFO - Starting attempt 1 of 2
[2024-09-13T17:25:15.181+0000] {taskinstance.py:2888} INFO - Executing <Task(PythonOperator): correct_negative_values> on 2024-09-13 17:20:00+00:00
[2024-09-13T17:25:15.594+0000] {standard_task_runner.py:104} INFO - Running: ['airflow', 'tasks', 'run', 'correction_Dag_Negative_Value', 'correct_negative_values', 'scheduled__2024-09-13T17:20:00+00:00', '--job-id', '2961', '--raw', '--subdir', 'DAGS_FOLDER/Correction_dag_Negative_Value.py', '--cfg-path', '/tmp/tmp9lq2vxay']
[2024-09-13T17:25:15.680+0000] {standard_task_runner.py:105} INFO - Job 2961: Subtask correct_negative_values
[2024-09-13T17:25:15.940+0000] {logging_mixin.py:190} WARNING - /home/airflow/.local/lib/python3.12/site-packages/airflow/task/task_runner/standard_task_runner.py:70 DeprecationWarning: This process (pid=31301) is multi-threaded, use of fork() may lead to deadlocks in the child.
[2024-09-13T17:25:15.945+0000] {standard_task_runner.py:72} INFO - Started process 31325 to run task
[2024-09-13T17:25:18.669+0000] {task_command.py:467} INFO - Running <TaskInstance: correction_Dag_Negative_Value.correct_negative_values scheduled__2024-09-13T17:20:00+00:00 [running]> on host 7403e816bcf5
[2024-09-13T17:25:23.448+0000] {job.py:229} INFO - Heartbeat recovered after 16.06 seconds
[2024-09-13T17:25:26.566+0000] {taskinstance.py:3131} INFO - Exporting env vars: AIRFLOW_CTX_DAG_OWNER='airflow' AIRFLOW_CTX_DAG_ID='correction_Dag_Negative_Value' AIRFLOW_CTX_TASK_ID='correct_negative_values' AIRFLOW_CTX_EXECUTION_DATE='2024-09-13T17:20:00+00:00' AIRFLOW_CTX_TRY_NUMBER='1' AIRFLOW_CTX_DAG_RUN_ID='scheduled__2024-09-13T17:20:00+00:00'
[2024-09-13T17:25:26.750+0000] {taskinstance.py:731} INFO - ::endgroup::
[2024-09-13T17:25:28.717+0000] {logging_mixin.py:190} INFO - Anomalies corrigées avec succès.
[2024-09-13T17:25:28.725+0000] {python.py:240} INFO - Done. Returned value was: None
[2024-09-13T17:25:29.813+0000] {taskinstance.py:340} INFO - ::group::Post task execution logs
[2024-09-13T17:25:29.817+0000] {taskinstance.py:352} INFO - Marking task as SUCCESS. dag_id=correction_Dag_Negative_Value, task_id=correct_negative_values, run_id=scheduled__2024-09-13T17:20:00+00:00, execution_date=20240913T172000, start_date=20240913T172514, end_date=20240913T172529
[2024-09-13T17:25:30.260+0000] {local_task_job_runner.py:266} INFO - Task exited with return code 0
[2024-09-13T17:25:31.109+0000] {standard_task_runner.py:217} INFO - Process not found (most likely exited), stop collecting metrics
[2024-09-13T17:25:32.597+0000] {taskinstance.py:3900} INFO - 0 downstream tasks scheduled from follow-on schedule check
[2024-09-13T17:25:32.612+0000] {local_task_job_runner.py:245} INFO - ::endgroup::
