[2024-09-13T22:02:10.792+0000] {local_task_job_runner.py:123} INFO - ::group::Pre task execution logs
[2024-09-13T22:02:16.340+0000] {taskinstance.py:2612} INFO - Dependencies all met for dep_context=non-requeueable deps ti=<TaskInstance: welcome_dag.print_date scheduled__2024-09-13T21:00:59+00:00 [queued]>
[2024-09-13T22:02:16.661+0000] {taskinstance.py:2612} INFO - Dependencies all met for dep_context=requeueable deps ti=<TaskInstance: welcome_dag.print_date scheduled__2024-09-13T21:00:59+00:00 [queued]>
[2024-09-13T22:02:16.689+0000] {taskinstance.py:2865} INFO - Starting attempt 1 of 1
[2024-09-13T22:02:18.481+0000] {taskinstance.py:2888} INFO - Executing <Task(PythonOperator): print_date> on 2024-09-13 21:00:59+00:00
[2024-09-13T22:02:18.890+0000] {logging_mixin.py:190} WARNING - /home/airflow/.local/lib/python3.12/site-packages/airflow/task/task_runner/standard_task_runner.py:70 DeprecationWarning: This process (pid=76280) is multi-threaded, use of fork() may lead to deadlocks in the child.
[2024-09-13T22:02:18.998+0000] {standard_task_runner.py:72} INFO - Started process 76303 to run task
[2024-09-13T22:02:18.818+0000] {standard_task_runner.py:104} INFO - Running: ['airflow', 'tasks', 'run', 'welcome_dag', 'print_date', 'scheduled__2024-09-13T21:00:59+00:00', '--job-id', '3757', '--raw', '--subdir', 'DAGS_FOLDER/Awelcome_dags.py', '--cfg-path', '/tmp/tmpzpthxbkb']
[2024-09-13T22:02:19.046+0000] {standard_task_runner.py:105} INFO - Job 3757: Subtask print_date
[2024-09-13T22:02:35.860+0000] {job.py:229} INFO - Heartbeat recovered after 37.07 seconds
[2024-09-13T22:02:42.997+0000] {task_command.py:467} INFO - Running <TaskInstance: welcome_dag.print_date scheduled__2024-09-13T21:00:59+00:00 [running]> on host 7403e816bcf5
[2024-09-13T22:02:51.739+0000] {job.py:229} INFO - Heartbeat recovered after 16.45 seconds
[2024-09-13T22:04:35.750+0000] {job.py:229} INFO - Heartbeat recovered after 104.70 seconds
[2024-09-13T22:04:39.505+0000] {taskinstance.py:3131} INFO - Exporting env vars: AIRFLOW_CTX_DAG_OWNER='airflow' AIRFLOW_CTX_DAG_ID='welcome_dag' AIRFLOW_CTX_TASK_ID='print_date' AIRFLOW_CTX_EXECUTION_DATE='2024-09-13T21:00:59+00:00' AIRFLOW_CTX_TRY_NUMBER='1' AIRFLOW_CTX_DAG_RUN_ID='scheduled__2024-09-13T21:00:59+00:00'
[2024-09-13T22:04:39.619+0000] {taskinstance.py:731} INFO - ::endgroup::
[2024-09-13T22:04:40.161+0000] {logging_mixin.py:190} INFO - Today is 2024-09-13
[2024-09-13T22:04:40.169+0000] {python.py:240} INFO - Done. Returned value was: None
[2024-09-13T22:04:42.747+0000] {taskinstance.py:340} INFO - ::group::Post task execution logs
[2024-09-13T22:04:42.755+0000] {taskinstance.py:352} INFO - Marking task as SUCCESS. dag_id=welcome_dag, task_id=print_date, run_id=scheduled__2024-09-13T21:00:59+00:00, execution_date=20240913T210059, start_date=20240913T220216, end_date=20240913T220442
[2024-09-13T22:04:43.079+0000] {local_task_job_runner.py:266} INFO - Task exited with return code 0
[2024-09-13T22:04:45.361+0000] {local_task_job_runner.py:245} INFO - ::endgroup::
[2024-09-13T22:04:46.518+0000] {standard_task_runner.py:217} INFO - Process not found (most likely exited), stop collecting metrics
