[2024-09-22T16:00:10.433+0000] {local_task_job_runner.py:123} INFO - ::group::Pre task execution logs
[2024-09-22T16:00:11.258+0000] {taskinstance.py:2612} INFO - Dependencies all met for dep_context=non-requeueable deps ti=<TaskInstance: dag_detect_excessively_high_total_amount.run_anomaly_detection scheduled__2024-09-22T15:45:00+00:00 [queued]>
[2024-09-22T16:00:11.352+0000] {taskinstance.py:2612} INFO - Dependencies all met for dep_context=requeueable deps ti=<TaskInstance: dag_detect_excessively_high_total_amount.run_anomaly_detection scheduled__2024-09-22T15:45:00+00:00 [queued]>
[2024-09-22T16:00:11.355+0000] {taskinstance.py:2865} INFO - Starting attempt 1 of 2
[2024-09-22T16:00:11.522+0000] {taskinstance.py:2888} INFO - Executing <Task(PythonOperator): run_anomaly_detection> on 2024-09-22 15:45:00+00:00
[2024-09-22T16:00:11.674+0000] {logging_mixin.py:190} WARNING - /home/airflow/.local/lib/python3.12/site-packages/airflow/task/task_runner/standard_task_runner.py:70 DeprecationWarning: This process (pid=14052) is multi-threaded, use of fork() may lead to deadlocks in the child.
[2024-09-22T16:00:11.669+0000] {standard_task_runner.py:104} INFO - Running: ['airflow', 'tasks', 'run', 'dag_detect_excessively_high_total_amount', 'run_anomaly_detection', 'scheduled__2024-09-22T15:45:00+00:00', '--job-id', '5261', '--raw', '--subdir', 'DAGS_FOLDER/dag_detect_excessively_high_total_amount.py', '--cfg-path', '/tmp/tmp2gc8pwle']
[2024-09-22T16:00:11.682+0000] {standard_task_runner.py:105} INFO - Job 5261: Subtask run_anomaly_detection
[2024-09-22T16:00:11.678+0000] {standard_task_runner.py:72} INFO - Started process 14112 to run task
[2024-09-22T16:00:16.313+0000] {task_command.py:467} INFO - Running <TaskInstance: dag_detect_excessively_high_total_amount.run_anomaly_detection scheduled__2024-09-22T15:45:00+00:00 [running]> on host 93b0c38322b3
[2024-09-22T16:00:18.503+0000] {job.py:229} INFO - Heartbeat recovered after 10.63 seconds
[2024-09-22T16:00:46.287+0000] {job.py:229} INFO - Heartbeat recovered after 27.84 seconds
[2024-09-22T16:00:48.325+0000] {taskinstance.py:3131} INFO - Exporting env vars: AIRFLOW_CTX_DAG_OWNER='airflow' AIRFLOW_CTX_DAG_ID='dag_detect_excessively_high_total_amount' AIRFLOW_CTX_TASK_ID='run_anomaly_detection' AIRFLOW_CTX_EXECUTION_DATE='2024-09-22T15:45:00+00:00' AIRFLOW_CTX_TRY_NUMBER='1' AIRFLOW_CTX_DAG_RUN_ID='scheduled__2024-09-22T15:45:00+00:00'
[2024-09-22T16:00:48.446+0000] {taskinstance.py:731} INFO - ::endgroup::
[2024-09-22T16:00:48.968+0000] {dag_detect_excessively_high_total_amount.py:118} INFO - Starting anomaly detection process
[2024-09-22T16:00:54.664+0000] {dag_detect_excessively_high_total_amount.py:124} INFO - Loaded 19 transactions and 4 products
[2024-09-22T16:00:54.883+0000] {dag_detect_excessively_high_total_amount.py:127} INFO - Detected 0 anomalies
[2024-09-22T16:00:57.313+0000] {dag_detect_excessively_high_total_amount.py:111} INFO - Inserted 0 new anomalies.
[2024-09-22T16:00:57.316+0000] {dag_detect_excessively_high_total_amount.py:130} INFO - Anomaly detection process completed successfully
[2024-09-22T16:00:57.321+0000] {python.py:240} INFO - Done. Returned value was: None
[2024-09-22T16:00:58.397+0000] {taskinstance.py:340} INFO - ::group::Post task execution logs
[2024-09-22T16:00:58.402+0000] {taskinstance.py:352} INFO - Marking task as SUCCESS. dag_id=dag_detect_excessively_high_total_amount, task_id=run_anomaly_detection, run_id=scheduled__2024-09-22T15:45:00+00:00, execution_date=20240922T154500, start_date=20240922T160011, end_date=20240922T160058
[2024-09-22T16:00:58.633+0000] {local_task_job_runner.py:266} INFO - Task exited with return code 0
[2024-09-22T16:01:00.090+0000] {taskinstance.py:3900} INFO - 0 downstream tasks scheduled from follow-on schedule check
[2024-09-22T16:01:00.111+0000] {local_task_job_runner.py:245} INFO - ::endgroup::
[2024-09-22T16:01:02.620+0000] {standard_task_runner.py:217} INFO - Process not found (most likely exited), stop collecting metrics
