[2024-09-13T21:05:05.553+0000] {local_task_job_runner.py:123} INFO - ::group::Pre task execution logs
[2024-09-13T21:05:06.083+0000] {taskinstance.py:2612} INFO - Dependencies all met for dep_context=non-requeueable deps ti=<TaskInstance: correction_Dag_Valeu_NULL.correct_transactions_anomalies scheduled__2024-09-13T21:00:00+00:00 [queued]>
[2024-09-13T21:05:06.302+0000] {taskinstance.py:2612} INFO - Dependencies all met for dep_context=requeueable deps ti=<TaskInstance: correction_Dag_Valeu_NULL.correct_transactions_anomalies scheduled__2024-09-13T21:00:00+00:00 [queued]>
[2024-09-13T21:05:06.312+0000] {taskinstance.py:2865} INFO - Starting attempt 1 of 2
[2024-09-13T21:05:07.007+0000] {taskinstance.py:2888} INFO - Executing <Task(PythonOperator): correct_transactions_anomalies> on 2024-09-13 21:00:00+00:00
[2024-09-13T21:05:07.321+0000] {logging_mixin.py:190} WARNING - /home/airflow/.local/lib/python3.12/site-packages/airflow/task/task_runner/standard_task_runner.py:70 DeprecationWarning: This process (pid=67054) is multi-threaded, use of fork() may lead to deadlocks in the child.
[2024-09-13T21:05:07.363+0000] {standard_task_runner.py:72} INFO - Started process 67086 to run task
[2024-09-13T21:05:07.399+0000] {standard_task_runner.py:104} INFO - Running: ['airflow', 'tasks', 'run', 'correction_Dag_Valeu_NULL', 'correct_transactions_anomalies', 'scheduled__2024-09-13T21:00:00+00:00', '--job-id', '3610', '--raw', '--subdir', 'DAGS_FOLDER/Correction_dag_Valeur_NULL.py', '--cfg-path', '/tmp/tmpr3smxzox']
[2024-09-13T21:05:07.550+0000] {standard_task_runner.py:105} INFO - Job 3610: Subtask correct_transactions_anomalies
[2024-09-13T21:05:09.922+0000] {task_command.py:467} INFO - Running <TaskInstance: correction_Dag_Valeu_NULL.correct_transactions_anomalies scheduled__2024-09-13T21:00:00+00:00 [running]> on host 7403e816bcf5
[2024-09-13T21:05:11.096+0000] {taskinstance.py:3131} INFO - Exporting env vars: AIRFLOW_CTX_DAG_OWNER='airflow' AIRFLOW_CTX_DAG_ID='correction_Dag_Valeu_NULL' AIRFLOW_CTX_TASK_ID='correct_transactions_anomalies' AIRFLOW_CTX_EXECUTION_DATE='2024-09-13T21:00:00+00:00' AIRFLOW_CTX_TRY_NUMBER='1' AIRFLOW_CTX_DAG_RUN_ID='scheduled__2024-09-13T21:00:00+00:00'
[2024-09-13T21:05:11.099+0000] {taskinstance.py:731} INFO - ::endgroup::
[2024-09-13T21:05:11.524+0000] {logging_mixin.py:190} INFO - Correction des anomalies dans la table Transactions réussie.
[2024-09-13T21:05:11.526+0000] {python.py:240} INFO - Done. Returned value was: None
[2024-09-13T21:05:12.010+0000] {taskinstance.py:340} INFO - ::group::Post task execution logs
[2024-09-13T21:05:12.013+0000] {taskinstance.py:352} INFO - Marking task as SUCCESS. dag_id=correction_Dag_Valeu_NULL, task_id=correct_transactions_anomalies, run_id=scheduled__2024-09-13T21:00:00+00:00, execution_date=20240913T210000, start_date=20240913T210506, end_date=20240913T210512
[2024-09-13T21:05:12.223+0000] {local_task_job_runner.py:266} INFO - Task exited with return code 0
[2024-09-13T21:05:12.478+0000] {standard_task_runner.py:217} INFO - Process not found (most likely exited), stop collecting metrics
[2024-09-13T21:05:12.923+0000] {taskinstance.py:3900} INFO - 0 downstream tasks scheduled from follow-on schedule check
[2024-09-13T21:05:12.934+0000] {local_task_job_runner.py:245} INFO - ::endgroup::
