[2024-09-12T12:00:55.123+0000] {local_task_job_runner.py:123} INFO - ::group::Pre task execution logs
[2024-09-12T12:00:56.042+0000] {taskinstance.py:2612} INFO - Dependencies all met for dep_context=non-requeueable deps ti=<TaskInstance: welcome_dag.print_date scheduled__2024-09-12T12:00:32+00:00 [queued]>
[2024-09-12T12:00:56.101+0000] {taskinstance.py:2612} INFO - Dependencies all met for dep_context=requeueable deps ti=<TaskInstance: welcome_dag.print_date scheduled__2024-09-12T12:00:32+00:00 [queued]>
[2024-09-12T12:00:56.112+0000] {taskinstance.py:2865} INFO - Starting attempt 1 of 1
[2024-09-12T12:00:56.369+0000] {taskinstance.py:2888} INFO - Executing <Task(PythonOperator): print_date> on 2024-09-12 12:00:32+00:00
[2024-09-12T12:00:56.408+0000] {standard_task_runner.py:104} INFO - Running: ['airflow', 'tasks', 'run', 'welcome_dag', 'print_date', 'scheduled__2024-09-12T12:00:32+00:00', '--job-id', '1776', '--raw', '--subdir', 'DAGS_FOLDER/Awelcome_dags.py', '--cfg-path', '/tmp/tmpa46uy_bd']
[2024-09-12T12:00:56.430+0000] {standard_task_runner.py:105} INFO - Job 1776: Subtask print_date
[2024-09-12T12:00:56.457+0000] {logging_mixin.py:190} WARNING - /home/airflow/.local/lib/python3.12/site-packages/airflow/task/task_runner/standard_task_runner.py:70 DeprecationWarning: This process (pid=8123) is multi-threaded, use of fork() may lead to deadlocks in the child.
[2024-09-12T12:00:56.460+0000] {standard_task_runner.py:72} INFO - Started process 8157 to run task
[2024-09-12T12:01:01.122+0000] {task_command.py:467} INFO - Running <TaskInstance: welcome_dag.print_date scheduled__2024-09-12T12:00:32+00:00 [running]> on host 7403e816bcf5
[2024-09-12T12:01:02.768+0000] {job.py:229} INFO - Heartbeat recovered after 10.50 seconds
[2024-09-12T12:01:05.823+0000] {taskinstance.py:3131} INFO - Exporting env vars: AIRFLOW_CTX_DAG_OWNER='airflow' AIRFLOW_CTX_DAG_ID='welcome_dag' AIRFLOW_CTX_TASK_ID='print_date' AIRFLOW_CTX_EXECUTION_DATE='2024-09-12T12:00:32+00:00' AIRFLOW_CTX_TRY_NUMBER='1' AIRFLOW_CTX_DAG_RUN_ID='scheduled__2024-09-12T12:00:32+00:00'
[2024-09-12T12:01:05.838+0000] {taskinstance.py:731} INFO - ::endgroup::
[2024-09-12T12:01:05.989+0000] {logging_mixin.py:190} INFO - Today is 2024-09-12
[2024-09-12T12:01:06.007+0000] {python.py:240} INFO - Done. Returned value was: None
[2024-09-12T12:01:07.101+0000] {taskinstance.py:340} INFO - ::group::Post task execution logs
[2024-09-12T12:01:07.116+0000] {taskinstance.py:352} INFO - Marking task as SUCCESS. dag_id=welcome_dag, task_id=print_date, run_id=scheduled__2024-09-12T12:00:32+00:00, execution_date=20240912T120032, start_date=20240912T120056, end_date=20240912T120107
[2024-09-12T12:01:07.483+0000] {local_task_job_runner.py:266} INFO - Task exited with return code 0
[2024-09-12T12:01:08.650+0000] {taskinstance.py:3900} INFO - 0 downstream tasks scheduled from follow-on schedule check
[2024-09-12T12:01:08.663+0000] {local_task_job_runner.py:245} INFO - ::endgroup::
