[2024-09-14T21:00:23.481+0000] {local_task_job_runner.py:123} INFO - ::group::Pre task execution logs
[2024-09-14T21:00:26.135+0000] {taskinstance.py:2612} INFO - Dependencies all met for dep_context=non-requeueable deps ti=<TaskInstance: welcome_dag.print_welcome scheduled__2024-09-14T21:00:01+00:00 [queued]>
[2024-09-14T21:00:26.324+0000] {taskinstance.py:2612} INFO - Dependencies all met for dep_context=requeueable deps ti=<TaskInstance: welcome_dag.print_welcome scheduled__2024-09-14T21:00:01+00:00 [queued]>
[2024-09-14T21:00:26.352+0000] {taskinstance.py:2865} INFO - Starting attempt 1 of 1
[2024-09-14T21:00:29.098+0000] {taskinstance.py:2888} INFO - Executing <Task(PythonOperator): print_welcome> on 2024-09-14 21:00:01+00:00
[2024-09-14T21:00:30.553+0000] {logging_mixin.py:190} WARNING - /home/airflow/.local/lib/python3.12/site-packages/airflow/task/task_runner/standard_task_runner.py:70 DeprecationWarning: This process (pid=1105) is multi-threaded, use of fork() may lead to deadlocks in the child.
[2024-09-14T21:00:30.614+0000] {standard_task_runner.py:72} INFO - Started process 1137 to run task
[2024-09-14T21:00:31.158+0000] {standard_task_runner.py:104} INFO - Running: ['airflow', 'tasks', 'run', 'welcome_dag', 'print_welcome', 'scheduled__2024-09-14T21:00:01+00:00', '--job-id', '4601', '--raw', '--subdir', 'DAGS_FOLDER/Awelcome_dags.py', '--cfg-path', '/tmp/tmpsi2i_3iy']
[2024-09-14T21:00:32.914+0000] {standard_task_runner.py:105} INFO - Job 4601: Subtask print_welcome
[2024-09-14T21:00:39.754+0000] {job.py:229} INFO - Heartbeat recovered after 28.40 seconds
[2024-09-14T21:00:43.938+0000] {task_command.py:467} INFO - Running <TaskInstance: welcome_dag.print_welcome scheduled__2024-09-14T21:00:01+00:00 [running]> on host 7403e816bcf5
[2024-09-14T21:00:51.709+0000] {job.py:229} INFO - Heartbeat recovered after 12.18 seconds
[2024-09-14T21:01:02.389+0000] {taskinstance.py:3131} INFO - Exporting env vars: AIRFLOW_CTX_DAG_OWNER='airflow' AIRFLOW_CTX_DAG_ID='welcome_dag' AIRFLOW_CTX_TASK_ID='print_welcome' AIRFLOW_CTX_EXECUTION_DATE='2024-09-14T21:00:01+00:00' AIRFLOW_CTX_TRY_NUMBER='1' AIRFLOW_CTX_DAG_RUN_ID='scheduled__2024-09-14T21:00:01+00:00'
[2024-09-14T21:01:02.464+0000] {taskinstance.py:731} INFO - ::endgroup::
[2024-09-14T21:01:02.640+0000] {job.py:229} INFO - Heartbeat recovered after 11.23 seconds
[2024-09-14T21:01:04.337+0000] {logging_mixin.py:190} INFO - Welcome to Airflow!
[2024-09-14T21:01:04.355+0000] {python.py:240} INFO - Done. Returned value was: None
[2024-09-14T21:01:07.078+0000] {taskinstance.py:340} INFO - ::group::Post task execution logs
[2024-09-14T21:01:07.113+0000] {taskinstance.py:352} INFO - Marking task as SUCCESS. dag_id=welcome_dag, task_id=print_welcome, run_id=scheduled__2024-09-14T21:00:01+00:00, execution_date=20240914T210001, start_date=20240914T210026, end_date=20240914T210107
[2024-09-14T21:01:07.548+0000] {local_task_job_runner.py:266} INFO - Task exited with return code 0
[2024-09-14T21:01:11.870+0000] {standard_task_runner.py:217} INFO - Process not found (most likely exited), stop collecting metrics
[2024-09-14T21:01:14.447+0000] {taskinstance.py:3900} INFO - 1 downstream tasks scheduled from follow-on schedule check
[2024-09-14T21:01:14.691+0000] {local_task_job_runner.py:245} INFO - ::endgroup::
