[2024-09-13T14:01:02.767+0000] {local_task_job_runner.py:123} INFO - ::group::Pre task execution logs
[2024-09-13T14:01:05.178+0000] {taskinstance.py:2612} INFO - Dependencies all met for dep_context=non-requeueable deps ti=<TaskInstance: welcome_dag.print_welcome scheduled__2024-09-13T14:00:21+00:00 [queued]>
[2024-09-13T14:01:05.322+0000] {taskinstance.py:2612} INFO - Dependencies all met for dep_context=requeueable deps ti=<TaskInstance: welcome_dag.print_welcome scheduled__2024-09-13T14:00:21+00:00 [queued]>
[2024-09-13T14:01:05.335+0000] {taskinstance.py:2865} INFO - Starting attempt 1 of 1
[2024-09-13T14:01:05.707+0000] {taskinstance.py:2888} INFO - Executing <Task(PythonOperator): print_welcome> on 2024-09-13 14:00:21+00:00
[2024-09-13T14:01:06.015+0000] {standard_task_runner.py:104} INFO - Running: ['airflow', 'tasks', 'run', 'welcome_dag', 'print_welcome', 'scheduled__2024-09-13T14:00:21+00:00', '--job-id', '2389', '--raw', '--subdir', 'DAGS_FOLDER/Awelcome_dags.py', '--cfg-path', '/tmp/tmpc89s1ys8']
[2024-09-13T14:01:06.076+0000] {standard_task_runner.py:105} INFO - Job 2389: Subtask print_welcome
[2024-09-13T14:01:06.118+0000] {logging_mixin.py:190} WARNING - /home/airflow/.local/lib/python3.12/site-packages/airflow/task/task_runner/standard_task_runner.py:70 DeprecationWarning: This process (pid=98327) is multi-threaded, use of fork() may lead to deadlocks in the child.
[2024-09-13T14:01:06.131+0000] {standard_task_runner.py:72} INFO - Started process 98363 to run task
[2024-09-13T14:01:10.622+0000] {task_command.py:467} INFO - Running <TaskInstance: welcome_dag.print_welcome scheduled__2024-09-13T14:00:21+00:00 [running]> on host 7403e816bcf5
[2024-09-13T14:01:12.541+0000] {job.py:229} INFO - Heartbeat recovered after 31.47 seconds
[2024-09-13T14:01:14.086+0000] {taskinstance.py:3131} INFO - Exporting env vars: AIRFLOW_CTX_DAG_OWNER='airflow' AIRFLOW_CTX_DAG_ID='welcome_dag' AIRFLOW_CTX_TASK_ID='print_welcome' AIRFLOW_CTX_EXECUTION_DATE='2024-09-13T14:00:21+00:00' AIRFLOW_CTX_TRY_NUMBER='1' AIRFLOW_CTX_DAG_RUN_ID='scheduled__2024-09-13T14:00:21+00:00'
[2024-09-13T14:01:14.092+0000] {taskinstance.py:731} INFO - ::endgroup::
[2024-09-13T14:01:14.149+0000] {logging_mixin.py:190} INFO - Welcome to Airflow!
[2024-09-13T14:01:14.152+0000] {python.py:240} INFO - Done. Returned value was: None
[2024-09-13T14:01:14.993+0000] {taskinstance.py:340} INFO - ::group::Post task execution logs
[2024-09-13T14:01:14.999+0000] {taskinstance.py:352} INFO - Marking task as SUCCESS. dag_id=welcome_dag, task_id=print_welcome, run_id=scheduled__2024-09-13T14:00:21+00:00, execution_date=20240913T140021, start_date=20240913T140105, end_date=20240913T140114
[2024-09-13T14:01:15.160+0000] {local_task_job_runner.py:266} INFO - Task exited with return code 0
[2024-09-13T14:01:16.148+0000] {taskinstance.py:3900} INFO - 1 downstream tasks scheduled from follow-on schedule check
[2024-09-13T14:01:16.156+0000] {local_task_job_runner.py:245} INFO - ::endgroup::
[2024-09-13T14:01:16.196+0000] {standard_task_runner.py:217} INFO - Process not found (most likely exited), stop collecting metrics
