[2024-09-11T15:00:20.768+0000] {local_task_job_runner.py:123} INFO - ::group::Pre task execution logs
[2024-09-11T15:00:25.675+0000] {taskinstance.py:2612} INFO - Dependencies all met for dep_context=non-requeueable deps ti=<TaskInstance: welcome_dag.print_welcome scheduled__2024-09-11T15:00:01+00:00 [queued]>
[2024-09-11T15:00:25.944+0000] {taskinstance.py:2612} INFO - Dependencies all met for dep_context=requeueable deps ti=<TaskInstance: welcome_dag.print_welcome scheduled__2024-09-11T15:00:01+00:00 [queued]>
[2024-09-11T15:00:25.946+0000] {taskinstance.py:2865} INFO - Starting attempt 1 of 1
[2024-09-11T15:00:26.956+0000] {taskinstance.py:2888} INFO - Executing <Task(PythonOperator): print_welcome> on 2024-09-11 15:00:01+00:00
[2024-09-11T15:00:28.391+0000] {logging_mixin.py:190} WARNING - /home/airflow/.local/lib/python3.12/site-packages/airflow/task/task_runner/standard_task_runner.py:70 DeprecationWarning: This process (pid=17002) is multi-threaded, use of fork() may lead to deadlocks in the child.
[2024-09-11T15:00:27.927+0000] {standard_task_runner.py:104} INFO - Running: ['airflow', 'tasks', 'run', 'welcome_dag', 'print_welcome', 'scheduled__2024-09-11T15:00:01+00:00', '--job-id', '830', '--raw', '--subdir', 'DAGS_FOLDER/Awelcome_dags.py', '--cfg-path', '/tmp/tmptjfb2h_4']
[2024-09-11T15:00:28.584+0000] {standard_task_runner.py:72} INFO - Started process 17047 to run task
[2024-09-11T15:00:28.588+0000] {standard_task_runner.py:105} INFO - Job 830: Subtask print_welcome
[2024-09-11T15:00:37.675+0000] {job.py:229} INFO - Heartbeat recovered after 25.89 seconds
[2024-09-11T15:00:47.363+0000] {task_command.py:467} INFO - Running <TaskInstance: welcome_dag.print_welcome scheduled__2024-09-11T15:00:01+00:00 [running]> on host 180117ed1726
[2024-09-11T15:01:00.821+0000] {job.py:229} INFO - Heartbeat recovered after 23.30 seconds
[2024-09-11T15:01:06.586+0000] {taskinstance.py:3131} INFO - Exporting env vars: AIRFLOW_CTX_DAG_OWNER='airflow' AIRFLOW_CTX_DAG_ID='welcome_dag' AIRFLOW_CTX_TASK_ID='print_welcome' AIRFLOW_CTX_EXECUTION_DATE='2024-09-11T15:00:01+00:00' AIRFLOW_CTX_TRY_NUMBER='1' AIRFLOW_CTX_DAG_RUN_ID='scheduled__2024-09-11T15:00:01+00:00'
[2024-09-11T15:01:06.617+0000] {taskinstance.py:731} INFO - ::endgroup::
[2024-09-11T15:01:06.967+0000] {logging_mixin.py:190} INFO - Welcome to Airflow!
[2024-09-11T15:01:06.969+0000] {python.py:240} INFO - Done. Returned value was: None
[2024-09-11T15:01:08.710+0000] {taskinstance.py:340} INFO - ::group::Post task execution logs
[2024-09-11T15:01:08.713+0000] {taskinstance.py:352} INFO - Marking task as SUCCESS. dag_id=welcome_dag, task_id=print_welcome, run_id=scheduled__2024-09-11T15:00:01+00:00, execution_date=20240911T150001, start_date=20240911T150025, end_date=20240911T150108
[2024-09-11T15:01:09.710+0000] {job.py:229} INFO - Heartbeat recovered after 10.53 seconds
[2024-09-11T15:01:11.717+0000] {local_task_job_runner.py:266} INFO - Task exited with return code 0
[2024-09-11T15:01:13.362+0000] {local_task_job_runner.py:245} INFO - ::endgroup::
[2024-09-11T15:01:15.128+0000] {standard_task_runner.py:217} INFO - Process not found (most likely exited), stop collecting metrics
