[2024-09-11T17:02:59.826+0000] {local_task_job_runner.py:123} INFO - ::group::Pre task execution logs
[2024-09-11T17:03:03.727+0000] {taskinstance.py:2612} INFO - Dependencies all met for dep_context=non-requeueable deps ti=<TaskInstance: welcome_dag.print_welcome scheduled__2024-09-11T17:00:58+00:00 [queued]>
[2024-09-11T17:03:04.527+0000] {taskinstance.py:2612} INFO - Dependencies all met for dep_context=requeueable deps ti=<TaskInstance: welcome_dag.print_welcome scheduled__2024-09-11T17:00:58+00:00 [queued]>
[2024-09-11T17:03:04.538+0000] {taskinstance.py:2865} INFO - Starting attempt 1 of 1
[2024-09-11T17:03:05.715+0000] {taskinstance.py:2888} INFO - Executing <Task(PythonOperator): print_welcome> on 2024-09-11 17:00:58+00:00
[2024-09-11T17:03:07.649+0000] {logging_mixin.py:190} WARNING - /home/airflow/.local/lib/python3.12/site-packages/airflow/task/task_runner/standard_task_runner.py:70 DeprecationWarning: This process (pid=11814) is multi-threaded, use of fork() may lead to deadlocks in the child.
[2024-09-11T17:03:07.669+0000] {standard_task_runner.py:72} INFO - Started process 11861 to run task
[2024-09-11T17:03:06.178+0000] {standard_task_runner.py:104} INFO - Running: ['airflow', 'tasks', 'run', 'welcome_dag', 'print_welcome', 'scheduled__2024-09-11T17:00:58+00:00', '--job-id', '1165', '--raw', '--subdir', 'DAGS_FOLDER/Awelcome_dags.py', '--cfg-path', '/tmp/tmp7jwj2b7j']
[2024-09-11T17:03:07.775+0000] {standard_task_runner.py:105} INFO - Job 1165: Subtask print_welcome
[2024-09-11T17:03:16.329+0000] {job.py:229} INFO - Heartbeat recovered after 29.23 seconds
[2024-09-11T17:03:22.247+0000] {task_command.py:467} INFO - Running <TaskInstance: welcome_dag.print_welcome scheduled__2024-09-11T17:00:58+00:00 [running]> on host b8b5351e8a6b
[2024-09-11T17:03:28.623+0000] {job.py:229} INFO - Heartbeat recovered after 12.43 seconds
[2024-09-11T17:03:30.184+0000] {taskinstance.py:3131} INFO - Exporting env vars: AIRFLOW_CTX_DAG_OWNER='airflow' AIRFLOW_CTX_DAG_ID='welcome_dag' AIRFLOW_CTX_TASK_ID='print_welcome' AIRFLOW_CTX_EXECUTION_DATE='2024-09-11T17:00:58+00:00' AIRFLOW_CTX_TRY_NUMBER='1' AIRFLOW_CTX_DAG_RUN_ID='scheduled__2024-09-11T17:00:58+00:00'
[2024-09-11T17:03:30.195+0000] {taskinstance.py:731} INFO - ::endgroup::
[2024-09-11T17:03:30.306+0000] {logging_mixin.py:190} INFO - Welcome to Airflow!
[2024-09-11T17:03:30.322+0000] {python.py:240} INFO - Done. Returned value was: None
[2024-09-11T17:03:31.363+0000] {taskinstance.py:340} INFO - ::group::Post task execution logs
[2024-09-11T17:03:31.366+0000] {taskinstance.py:352} INFO - Marking task as SUCCESS. dag_id=welcome_dag, task_id=print_welcome, run_id=scheduled__2024-09-11T17:00:58+00:00, execution_date=20240911T170058, start_date=20240911T170303, end_date=20240911T170331
[2024-09-11T17:03:31.588+0000] {local_task_job_runner.py:266} INFO - Task exited with return code 0
[2024-09-11T17:03:33.261+0000] {standard_task_runner.py:217} INFO - Process not found (most likely exited), stop collecting metrics
[2024-09-11T17:03:33.610+0000] {taskinstance.py:3900} INFO - 0 downstream tasks scheduled from follow-on schedule check
[2024-09-11T17:03:33.619+0000] {local_task_job_runner.py:245} INFO - ::endgroup::
