[2024-10-23T13:00:17.026+0000] {local_task_job_runner.py:123} INFO - ::group::Pre task execution logs
[2024-10-23T13:00:18.421+0000] {taskinstance.py:2612} INFO - Dependencies all met for dep_context=non-requeueable deps ti=<TaskInstance: welcome_dag.print_welcome scheduled__2024-10-23T13:00:00+00:00 [queued]>
[2024-10-23T13:00:18.623+0000] {taskinstance.py:2612} INFO - Dependencies all met for dep_context=requeueable deps ti=<TaskInstance: welcome_dag.print_welcome scheduled__2024-10-23T13:00:00+00:00 [queued]>
[2024-10-23T13:00:18.625+0000] {taskinstance.py:2865} INFO - Starting attempt 1 of 1
[2024-10-23T13:00:18.838+0000] {taskinstance.py:2888} INFO - Executing <Task(PythonOperator): print_welcome> on 2024-10-23 13:00:00+00:00
[2024-10-23T13:00:18.898+0000] {standard_task_runner.py:104} INFO - Running: ['airflow', 'tasks', 'run', 'welcome_dag', 'print_welcome', 'scheduled__2024-10-23T13:00:00+00:00', '--job-id', '6218', '--raw', '--subdir', 'DAGS_FOLDER/Awelcome_dags.py', '--cfg-path', '/tmp/tmpy02874aq']
[2024-10-23T13:00:18.999+0000] {standard_task_runner.py:105} INFO - Job 6218: Subtask print_welcome
[2024-10-23T13:00:19.134+0000] {logging_mixin.py:190} WARNING - /home/airflow/.local/lib/python3.12/site-packages/airflow/task/task_runner/standard_task_runner.py:70 DeprecationWarning: This process (pid=9712) is multi-threaded, use of fork() may lead to deadlocks in the child.
[2024-10-23T13:00:19.137+0000] {standard_task_runner.py:72} INFO - Started process 9746 to run task
[2024-10-23T13:00:25.016+0000] {job.py:229} INFO - Heartbeat recovered after 11.22 seconds
[2024-10-23T13:00:25.075+0000] {task_command.py:467} INFO - Running <TaskInstance: welcome_dag.print_welcome scheduled__2024-10-23T13:00:00+00:00 [running]> on host 696ca67245ce
[2024-10-23T13:00:31.480+0000] {taskinstance.py:3131} INFO - Exporting env vars: AIRFLOW_CTX_DAG_OWNER='airflow' AIRFLOW_CTX_DAG_ID='welcome_dag' AIRFLOW_CTX_TASK_ID='print_welcome' AIRFLOW_CTX_EXECUTION_DATE='2024-10-23T13:00:00+00:00' AIRFLOW_CTX_TRY_NUMBER='1' AIRFLOW_CTX_DAG_RUN_ID='scheduled__2024-10-23T13:00:00+00:00'
[2024-10-23T13:00:31.487+0000] {taskinstance.py:731} INFO - ::endgroup::
[2024-10-23T13:00:31.538+0000] {logging_mixin.py:190} INFO - Welcome to Airflow!
[2024-10-23T13:00:31.540+0000] {python.py:240} INFO - Done. Returned value was: None
[2024-10-23T13:00:32.644+0000] {taskinstance.py:340} INFO - ::group::Post task execution logs
[2024-10-23T13:00:32.663+0000] {taskinstance.py:352} INFO - Marking task as SUCCESS. dag_id=welcome_dag, task_id=print_welcome, run_id=scheduled__2024-10-23T13:00:00+00:00, execution_date=20241023T130000, start_date=20241023T130018, end_date=20241023T130032
[2024-10-23T13:00:32.796+0000] {local_task_job_runner.py:266} INFO - Task exited with return code 0
[2024-10-23T13:00:33.709+0000] {taskinstance.py:3900} INFO - 1 downstream tasks scheduled from follow-on schedule check
[2024-10-23T13:00:33.720+0000] {local_task_job_runner.py:245} INFO - ::endgroup::
[2024-10-23T13:00:34.133+0000] {standard_task_runner.py:217} INFO - Process not found (most likely exited), stop collecting metrics
