[2024-09-10T23:30:34.419+0000] {local_task_job_runner.py:123} INFO - ::group::Pre task execution logs
[2024-09-10T23:30:36.806+0000] {taskinstance.py:2612} INFO - Dependencies all met for dep_context=non-requeueable deps ti=<TaskInstance: correction_Dag_no_NumericValues.Correct_Non_numeric_Quantity scheduled__2024-09-10T23:25:00+00:00 [queued]>
[2024-09-10T23:30:37.223+0000] {taskinstance.py:2612} INFO - Dependencies all met for dep_context=requeueable deps ti=<TaskInstance: correction_Dag_no_NumericValues.Correct_Non_numeric_Quantity scheduled__2024-09-10T23:25:00+00:00 [queued]>
[2024-09-10T23:30:37.236+0000] {taskinstance.py:2865} INFO - Starting attempt 1 of 2
[2024-09-10T23:30:39.279+0000] {taskinstance.py:2888} INFO - Executing <Task(PythonOperator): Correct_Non_numeric_Quantity> on 2024-09-10 23:25:00+00:00
[2024-09-10T23:30:39.536+0000] {logging_mixin.py:190} WARNING - /home/airflow/.local/lib/python3.12/site-packages/airflow/task/task_runner/standard_task_runner.py:70 DeprecationWarning: This process (pid=2360) is multi-threaded, use of fork() may lead to deadlocks in the child.
[2024-09-10T23:30:39.644+0000] {standard_task_runner.py:72} INFO - Started process 2432 to run task
[2024-09-10T23:30:39.543+0000] {standard_task_runner.py:104} INFO - Running: ['airflow', 'tasks', 'run', 'correction_Dag_no_NumericValues', 'Correct_Non_numeric_Quantity', 'scheduled__2024-09-10T23:25:00+00:00', '--job-id', '151', '--raw', '--subdir', 'DAGS_FOLDER/correction_Dag_no_NumericValues.py', '--cfg-path', '/tmp/tmpkjju98ff']
[2024-09-10T23:30:39.681+0000] {standard_task_runner.py:105} INFO - Job 151: Subtask Correct_Non_numeric_Quantity
[2024-09-10T23:30:46.776+0000] {job.py:229} INFO - Heartbeat recovered after 17.73 seconds
[2024-09-10T23:30:49.399+0000] {task_command.py:467} INFO - Running <TaskInstance: correction_Dag_no_NumericValues.Correct_Non_numeric_Quantity scheduled__2024-09-10T23:25:00+00:00 [running]> on host 5cd9362923f6
[2024-09-10T23:30:56.986+0000] {taskinstance.py:3131} INFO - Exporting env vars: AIRFLOW_CTX_DAG_OWNER='airflow' AIRFLOW_CTX_DAG_ID='correction_Dag_no_NumericValues' AIRFLOW_CTX_TASK_ID='Correct_Non_numeric_Quantity' AIRFLOW_CTX_EXECUTION_DATE='2024-09-10T23:25:00+00:00' AIRFLOW_CTX_TRY_NUMBER='1' AIRFLOW_CTX_DAG_RUN_ID='scheduled__2024-09-10T23:25:00+00:00'
[2024-09-10T23:30:57.114+0000] {taskinstance.py:731} INFO - ::endgroup::
[2024-09-10T23:30:57.446+0000] {job.py:229} INFO - Heartbeat recovered after 10.73 seconds
[2024-09-10T23:30:59.320+0000] {logging_mixin.py:190} INFO - Anomalies textuelles corrigées avec succès dans la table Transactions.
[2024-09-10T23:30:59.326+0000] {python.py:240} INFO - Done. Returned value was: None
[2024-09-10T23:31:01.102+0000] {taskinstance.py:340} INFO - ::group::Post task execution logs
[2024-09-10T23:31:01.112+0000] {taskinstance.py:352} INFO - Marking task as SUCCESS. dag_id=correction_Dag_no_NumericValues, task_id=Correct_Non_numeric_Quantity, run_id=scheduled__2024-09-10T23:25:00+00:00, execution_date=20240910T232500, start_date=20240910T233036, end_date=20240910T233101
[2024-09-10T23:31:01.440+0000] {local_task_job_runner.py:266} INFO - Task exited with return code 0
[2024-09-10T23:31:02.467+0000] {local_task_job_runner.py:245} INFO - ::endgroup::
