[2024-09-13T16:00:21.827+0000] {local_task_job_runner.py:123} INFO - ::group::Pre task execution logs
[2024-09-13T16:00:22.585+0000] {taskinstance.py:2612} INFO - Dependencies all met for dep_context=non-requeueable deps ti=<TaskInstance: dag_detect_excessively_high_total_amount.run_anomaly_detection scheduled__2024-09-13T15:45:00+00:00 [queued]>
[2024-09-13T16:00:22.669+0000] {taskinstance.py:2612} INFO - Dependencies all met for dep_context=requeueable deps ti=<TaskInstance: dag_detect_excessively_high_total_amount.run_anomaly_detection scheduled__2024-09-13T15:45:00+00:00 [queued]>
[2024-09-13T16:00:22.674+0000] {taskinstance.py:2865} INFO - Starting attempt 1 of 2
[2024-09-13T16:00:22.820+0000] {taskinstance.py:2888} INFO - Executing <Task(PythonOperator): run_anomaly_detection> on 2024-09-13 15:45:00+00:00
[2024-09-13T16:00:23.003+0000] {logging_mixin.py:190} WARNING - /home/airflow/.local/lib/python3.12/site-packages/airflow/task/task_runner/standard_task_runner.py:70 DeprecationWarning: This process (pid=18777) is multi-threaded, use of fork() may lead to deadlocks in the child.
[2024-09-13T16:00:23.052+0000] {standard_task_runner.py:72} INFO - Started process 18838 to run task
[2024-09-13T16:00:23.077+0000] {standard_task_runner.py:104} INFO - Running: ['airflow', 'tasks', 'run', 'dag_detect_excessively_high_total_amount', 'run_anomaly_detection', 'scheduled__2024-09-13T15:45:00+00:00', '--job-id', '2728', '--raw', '--subdir', 'DAGS_FOLDER/dag_detect_excessively_high_total_amount.py', '--cfg-path', '/tmp/tmpr117fxur']
[2024-09-13T16:00:23.128+0000] {standard_task_runner.py:105} INFO - Job 2728: Subtask run_anomaly_detection
[2024-09-13T16:00:30.368+0000] {task_command.py:467} INFO - Running <TaskInstance: dag_detect_excessively_high_total_amount.run_anomaly_detection scheduled__2024-09-13T15:45:00+00:00 [running]> on host 7403e816bcf5
[2024-09-13T16:00:31.071+0000] {job.py:229} INFO - Heartbeat recovered after 15.93 seconds
[2024-09-13T16:03:00.871+0000] {taskinstance.py:3131} INFO - Exporting env vars: AIRFLOW_CTX_DAG_OWNER='airflow' AIRFLOW_CTX_DAG_ID='dag_detect_excessively_high_total_amount' AIRFLOW_CTX_TASK_ID='run_anomaly_detection' AIRFLOW_CTX_EXECUTION_DATE='2024-09-13T15:45:00+00:00' AIRFLOW_CTX_TRY_NUMBER='1' AIRFLOW_CTX_DAG_RUN_ID='scheduled__2024-09-13T15:45:00+00:00'
[2024-09-13T16:03:01.928+0000] {job.py:229} INFO - Heartbeat recovered after 150.84 seconds
[2024-09-13T16:03:02.358+0000] {taskinstance.py:731} INFO - ::endgroup::
[2024-09-13T16:03:05.378+0000] {dag_detect_excessively_high_total_amount.py:118} INFO - Starting anomaly detection process
[2024-09-13T16:03:17.677+0000] {dag_detect_excessively_high_total_amount.py:124} INFO - Loaded 15 transactions and 4 products
[2024-09-13T16:03:18.246+0000] {dag_detect_excessively_high_total_amount.py:127} INFO - Detected 0 anomalies
[2024-09-13T16:03:19.742+0000] {dag_detect_excessively_high_total_amount.py:111} INFO - Inserted 0 new anomalies.
[2024-09-13T16:03:19.769+0000] {dag_detect_excessively_high_total_amount.py:130} INFO - Anomaly detection process completed successfully
[2024-09-13T16:03:19.786+0000] {python.py:240} INFO - Done. Returned value was: None
[2024-09-13T16:03:22.195+0000] {job.py:229} INFO - Heartbeat recovered after 21.72 seconds
[2024-09-13T16:03:31.306+0000] {taskinstance.py:340} INFO - ::group::Post task execution logs
[2024-09-13T16:03:31.436+0000] {taskinstance.py:352} INFO - Marking task as SUCCESS. dag_id=dag_detect_excessively_high_total_amount, task_id=run_anomaly_detection, run_id=scheduled__2024-09-13T15:45:00+00:00, execution_date=20240913T154500, start_date=20240913T160022, end_date=20240913T160331
[2024-09-13T16:03:32.836+0000] {local_task_job_runner.py:266} INFO - Task exited with return code 0
[2024-09-13T16:03:33.495+0000] {standard_task_runner.py:217} INFO - Process not found (most likely exited), stop collecting metrics
[2024-09-13T16:03:41.544+0000] {taskinstance.py:3900} INFO - 0 downstream tasks scheduled from follow-on schedule check
[2024-09-13T16:03:41.594+0000] {local_task_job_runner.py:245} INFO - ::endgroup::
