[2024-09-11T17:55:18.170+0000] {local_task_job_runner.py:123} INFO - ::group::Pre task execution logs
[2024-09-11T17:55:18.789+0000] {taskinstance.py:2612} INFO - Dependencies all met for dep_context=non-requeueable deps ti=<TaskInstance: correction_Dag_no_NumericValues.Correct_Non_numeric_Quantity scheduled__2024-09-11T17:50:00+00:00 [queued]>
[2024-09-11T17:55:18.830+0000] {taskinstance.py:2612} INFO - Dependencies all met for dep_context=requeueable deps ti=<TaskInstance: correction_Dag_no_NumericValues.Correct_Non_numeric_Quantity scheduled__2024-09-11T17:50:00+00:00 [queued]>
[2024-09-11T17:55:18.835+0000] {taskinstance.py:2865} INFO - Starting attempt 1 of 2
[2024-09-11T17:55:18.913+0000] {taskinstance.py:2888} INFO - Executing <Task(PythonOperator): Correct_Non_numeric_Quantity> on 2024-09-11 17:50:00+00:00
[2024-09-11T17:55:19.009+0000] {logging_mixin.py:190} WARNING - /home/airflow/.local/lib/python3.12/site-packages/airflow/task/task_runner/standard_task_runner.py:70 DeprecationWarning: This process (pid=19167) is multi-threaded, use of fork() may lead to deadlocks in the child.
[2024-09-11T17:55:19.006+0000] {standard_task_runner.py:104} INFO - Running: ['airflow', 'tasks', 'run', 'correction_Dag_no_NumericValues', 'Correct_Non_numeric_Quantity', 'scheduled__2024-09-11T17:50:00+00:00', '--job-id', '1291', '--raw', '--subdir', 'DAGS_FOLDER/correction_Dag_no_NumericValues.py', '--cfg-path', '/tmp/tmpnfpwison']
[2024-09-11T17:55:19.020+0000] {standard_task_runner.py:72} INFO - Started process 19214 to run task
[2024-09-11T17:55:19.021+0000] {standard_task_runner.py:105} INFO - Job 1291: Subtask Correct_Non_numeric_Quantity
[2024-09-11T17:55:20.610+0000] {task_command.py:467} INFO - Running <TaskInstance: correction_Dag_no_NumericValues.Correct_Non_numeric_Quantity scheduled__2024-09-11T17:50:00+00:00 [running]> on host b8b5351e8a6b
[2024-09-11T17:55:22.233+0000] {taskinstance.py:3131} INFO - Exporting env vars: AIRFLOW_CTX_DAG_OWNER='airflow' AIRFLOW_CTX_DAG_ID='correction_Dag_no_NumericValues' AIRFLOW_CTX_TASK_ID='Correct_Non_numeric_Quantity' AIRFLOW_CTX_EXECUTION_DATE='2024-09-11T17:50:00+00:00' AIRFLOW_CTX_TRY_NUMBER='1' AIRFLOW_CTX_DAG_RUN_ID='scheduled__2024-09-11T17:50:00+00:00'
[2024-09-11T17:55:22.237+0000] {taskinstance.py:731} INFO - ::endgroup::
[2024-09-11T17:55:22.573+0000] {logging_mixin.py:190} INFO - Anomalies textuelles corrigées avec succès dans la table Transactions.
[2024-09-11T17:55:22.576+0000] {python.py:240} INFO - Done. Returned value was: None
[2024-09-11T17:55:22.897+0000] {taskinstance.py:340} INFO - ::group::Post task execution logs
[2024-09-11T17:55:22.900+0000] {taskinstance.py:352} INFO - Marking task as SUCCESS. dag_id=correction_Dag_no_NumericValues, task_id=Correct_Non_numeric_Quantity, run_id=scheduled__2024-09-11T17:50:00+00:00, execution_date=20240911T175000, start_date=20240911T175518, end_date=20240911T175522
[2024-09-11T17:55:22.968+0000] {local_task_job_runner.py:266} INFO - Task exited with return code 0
[2024-09-11T17:55:23.392+0000] {taskinstance.py:3900} INFO - 0 downstream tasks scheduled from follow-on schedule check
[2024-09-11T17:55:23.399+0000] {local_task_job_runner.py:245} INFO - ::endgroup::
[2024-09-11T17:55:24.037+0000] {standard_task_runner.py:217} INFO - Process not found (most likely exited), stop collecting metrics
