[2024-09-11T17:00:18.171+0000] {local_task_job_runner.py:123} INFO - ::group::Pre task execution logs
[2024-09-11T17:00:23.658+0000] {taskinstance.py:2612} INFO - Dependencies all met for dep_context=non-requeueable deps ti=<TaskInstance: welcome_dag.print_welcome scheduled__2024-09-11T17:00:03+00:00 [queued]>
[2024-09-11T17:00:24.004+0000] {taskinstance.py:2612} INFO - Dependencies all met for dep_context=requeueable deps ti=<TaskInstance: welcome_dag.print_welcome scheduled__2024-09-11T17:00:03+00:00 [queued]>
[2024-09-11T17:00:24.017+0000] {taskinstance.py:2865} INFO - Starting attempt 1 of 1
[2024-09-11T17:00:24.336+0000] {taskinstance.py:2888} INFO - Executing <Task(PythonOperator): print_welcome> on 2024-09-11 17:00:03+00:00
[2024-09-11T17:00:24.610+0000] {standard_task_runner.py:104} INFO - Running: ['airflow', 'tasks', 'run', 'welcome_dag', 'print_welcome', 'scheduled__2024-09-11T17:00:03+00:00', '--job-id', '1141', '--raw', '--subdir', 'DAGS_FOLDER/Awelcome_dags.py', '--cfg-path', '/tmp/tmphcin4kqk']
[2024-09-11T17:00:24.755+0000] {standard_task_runner.py:105} INFO - Job 1141: Subtask print_welcome
[2024-09-11T17:00:24.750+0000] {logging_mixin.py:190} WARNING - /home/airflow/.local/lib/python3.12/site-packages/airflow/task/task_runner/standard_task_runner.py:70 DeprecationWarning: This process (pid=11701) is multi-threaded, use of fork() may lead to deadlocks in the child.
[2024-09-11T17:00:24.775+0000] {standard_task_runner.py:72} INFO - Started process 11726 to run task
[2024-09-11T17:00:32.168+0000] {job.py:229} INFO - Heartbeat recovered after 19.85 seconds
[2024-09-11T17:00:36.222+0000] {task_command.py:467} INFO - Running <TaskInstance: welcome_dag.print_welcome scheduled__2024-09-11T17:00:03+00:00 [running]> on host b8b5351e8a6b
[2024-09-11T17:00:42.679+0000] {taskinstance.py:3131} INFO - Exporting env vars: AIRFLOW_CTX_DAG_OWNER='airflow' AIRFLOW_CTX_DAG_ID='welcome_dag' AIRFLOW_CTX_TASK_ID='print_welcome' AIRFLOW_CTX_EXECUTION_DATE='2024-09-11T17:00:03+00:00' AIRFLOW_CTX_TRY_NUMBER='1' AIRFLOW_CTX_DAG_RUN_ID='scheduled__2024-09-11T17:00:03+00:00'
[2024-09-11T17:00:42.719+0000] {taskinstance.py:731} INFO - ::endgroup::
[2024-09-11T17:00:42.949+0000] {logging_mixin.py:190} INFO - Welcome to Airflow!
[2024-09-11T17:00:42.954+0000] {python.py:240} INFO - Done. Returned value was: None
[2024-09-11T17:00:44.106+0000] {taskinstance.py:340} INFO - ::group::Post task execution logs
[2024-09-11T17:00:44.108+0000] {taskinstance.py:352} INFO - Marking task as SUCCESS. dag_id=welcome_dag, task_id=print_welcome, run_id=scheduled__2024-09-11T17:00:03+00:00, execution_date=20240911T170003, start_date=20240911T170023, end_date=20240911T170044
[2024-09-11T17:00:44.236+0000] {local_task_job_runner.py:266} INFO - Task exited with return code 0
[2024-09-11T17:00:44.901+0000] {standard_task_runner.py:217} INFO - Process not found (most likely exited), stop collecting metrics
[2024-09-11T17:00:45.145+0000] {local_task_job_runner.py:245} INFO - ::endgroup::
