[2024-09-10T15:06:17.608+0000] {local_task_job_runner.py:123} INFO - ::group::Pre task execution logs
[2024-09-10T15:06:17.888+0000] {taskinstance.py:2612} INFO - Dependencies all met for dep_context=non-requeueable deps ti=<TaskInstance: detect_1fn_anomalies_dag.detect_1nf_and_insert_anomalies scheduled__2024-09-10T14:45:00+00:00 [queued]>
[2024-09-10T15:06:17.910+0000] {taskinstance.py:2612} INFO - Dependencies all met for dep_context=requeueable deps ti=<TaskInstance: detect_1fn_anomalies_dag.detect_1nf_and_insert_anomalies scheduled__2024-09-10T14:45:00+00:00 [queued]>
[2024-09-10T15:06:17.912+0000] {taskinstance.py:2865} INFO - Starting attempt 2 of 2
[2024-09-10T15:06:17.950+0000] {taskinstance.py:2888} INFO - Executing <Task(PythonOperator): detect_1nf_and_insert_anomalies> on 2024-09-10 14:45:00+00:00
[2024-09-10T15:06:17.978+0000] {logging_mixin.py:190} WARNING - /home/airflow/.local/lib/python3.12/site-packages/airflow/task/task_runner/standard_task_runner.py:70 DeprecationWarning: This process (pid=16453) is multi-threaded, use of fork() may lead to deadlocks in the child.
[2024-09-10T15:06:17.982+0000] {standard_task_runner.py:72} INFO - Started process 16467 to run task
[2024-09-10T15:06:17.979+0000] {standard_task_runner.py:104} INFO - Running: ['airflow', 'tasks', 'run', 'detect_1fn_anomalies_dag', 'detect_1nf_and_insert_anomalies', 'scheduled__2024-09-10T14:45:00+00:00', '--job-id', '2593', '--raw', '--subdir', 'DAGS_FOLDER/Dag_detect_1FN_anomaly.py', '--cfg-path', '/tmp/tmpnerj2cwr']
[2024-09-10T15:06:17.987+0000] {standard_task_runner.py:105} INFO - Job 2593: Subtask detect_1nf_and_insert_anomalies
[2024-09-10T15:06:18.953+0000] {task_command.py:467} INFO - Running <TaskInstance: detect_1fn_anomalies_dag.detect_1nf_and_insert_anomalies scheduled__2024-09-10T14:45:00+00:00 [running]> on host 5f241b76205c
[2024-09-10T15:06:19.659+0000] {taskinstance.py:3131} INFO - Exporting env vars: AIRFLOW_CTX_DAG_OWNER='airflow' AIRFLOW_CTX_DAG_ID='detect_1fn_anomalies_dag' AIRFLOW_CTX_TASK_ID='detect_1nf_and_insert_anomalies' AIRFLOW_CTX_EXECUTION_DATE='2024-09-10T14:45:00+00:00' AIRFLOW_CTX_TRY_NUMBER='2' AIRFLOW_CTX_DAG_RUN_ID='scheduled__2024-09-10T14:45:00+00:00'
[2024-09-10T15:06:19.661+0000] {taskinstance.py:731} INFO - ::endgroup::
[2024-09-10T15:06:19.868+0000] {Dag_detect_1FN_anomaly.py:78} INFO - Processing table: customers
[2024-09-10T15:06:19.869+0000] {Dag_detect_1FN_anomaly.py:78} INFO - Processing table: transactions
[2024-09-10T15:06:19.871+0000] {Dag_detect_1FN_anomaly.py:78} INFO - Processing table: products
[2024-09-10T15:06:19.873+0000] {Dag_detect_1FN_anomaly.py:78} INFO - Processing table: orderdetails
[2024-09-10T15:06:19.874+0000] {Dag_detect_1FN_anomaly.py:78} INFO - Processing table: productsuppliers
[2024-09-10T15:06:20.227+0000] {Dag_detect_1FN_anomaly.py:85} INFO - No anomalies detected for table productsuppliers
[2024-09-10T15:06:20.230+0000] {Dag_detect_1FN_anomaly.py:78} INFO - Processing table: anomalies
[2024-09-10T15:06:20.232+0000] {Dag_detect_1FN_anomaly.py:85} INFO - No anomalies detected for table orderdetails
[2024-09-10T15:06:20.242+0000] {Dag_detect_1FN_anomaly.py:85} INFO - No anomalies detected for table products
[2024-09-10T15:06:20.251+0000] {Dag_detect_1FN_anomaly.py:78} INFO - Processing table: log
[2024-09-10T15:06:20.258+0000] {Dag_detect_1FN_anomaly.py:85} INFO - No anomalies detected for table customers
[2024-09-10T15:06:20.259+0000] {Dag_detect_1FN_anomaly.py:78} INFO - Processing table: dag_priority_parsing_request
[2024-09-10T15:06:20.261+0000] {Dag_detect_1FN_anomaly.py:85} INFO - No anomalies detected for table transactions
[2024-09-10T15:06:20.264+0000] {Dag_detect_1FN_anomaly.py:78} INFO - Processing table: job
[2024-09-10T15:06:20.267+0000] {Dag_detect_1FN_anomaly.py:78} INFO - Processing table: anomalies1
[2024-09-10T15:06:20.557+0000] {Dag_detect_1FN_anomaly.py:82} INFO - Detected 2 anomalies for table anomalies
[2024-09-10T15:06:20.585+0000] {Dag_detect_1FN_anomaly.py:85} INFO - No anomalies detected for table dag_priority_parsing_request
[2024-09-10T15:06:20.587+0000] {Dag_detect_1FN_anomaly.py:78} INFO - Processing table: slot_pool
[2024-09-10T15:06:20.607+0000] {Dag_detect_1FN_anomaly.py:82} INFO - Detected 2 anomalies for table anomalies1
[2024-09-10T15:06:21.345+0000] {Dag_detect_1FN_anomaly.py:85} INFO - No anomalies detected for table job
[2024-09-10T15:06:21.399+0000] {Dag_detect_1FN_anomaly.py:78} INFO - Processing table: callback_request
[2024-09-10T15:06:21.443+0000] {Dag_detect_1FN_anomaly.py:85} INFO - No anomalies detected for table slot_pool
[2024-09-10T15:06:21.445+0000] {Dag_detect_1FN_anomaly.py:78} INFO - Processing table: dag_code
[2024-09-10T15:06:21.955+0000] {Dag_detect_1FN_anomaly.py:82} INFO - Detected 15 anomalies for table dag_code
[2024-09-10T15:06:22.127+0000] {Dag_detect_1FN_anomaly.py:78} INFO - Processing table: dag_pickle
[2024-09-10T15:06:22.144+0000] {Dag_detect_1FN_anomaly.py:78} INFO - Processing table: ab_user
[2024-09-10T15:06:22.161+0000] {Dag_detect_1FN_anomaly.py:85} INFO - No anomalies detected for table callback_request
[2024-09-10T15:06:22.219+0000] {Dag_detect_1FN_anomaly.py:78} INFO - Processing table: ab_register_user
[2024-09-10T15:06:22.361+0000] {Dag_detect_1FN_anomaly.py:82} INFO - Detected 6402 anomalies for table log
[2024-09-10T15:06:22.574+0000] {Dag_detect_1FN_anomaly.py:85} INFO - No anomalies detected for table dag_pickle
[2024-09-10T15:06:22.578+0000] {Dag_detect_1FN_anomaly.py:78} INFO - Processing table: connection
[2024-09-10T15:06:22.591+0000] {Dag_detect_1FN_anomaly.py:85} INFO - No anomalies detected for table ab_register_user
[2024-09-10T15:06:22.592+0000] {Dag_detect_1FN_anomaly.py:78} INFO - Processing table: sla_miss
[2024-09-10T15:06:22.648+0000] {Dag_detect_1FN_anomaly.py:85} INFO - No anomalies detected for table ab_user
[2024-09-10T15:06:22.650+0000] {Dag_detect_1FN_anomaly.py:78} INFO - Processing table: variable
[2024-09-10T15:06:22.765+0000] {Dag_detect_1FN_anomaly.py:78} INFO - Processing table: import_error
[2024-09-10T15:06:22.887+0000] {Dag_detect_1FN_anomaly.py:85} INFO - No anomalies detected for table connection
[2024-09-10T15:06:22.894+0000] {Dag_detect_1FN_anomaly.py:78} INFO - Processing table: serialized_dag
[2024-09-10T15:06:22.902+0000] {Dag_detect_1FN_anomaly.py:85} INFO - No anomalies detected for table sla_miss
[2024-09-10T15:06:22.905+0000] {Dag_detect_1FN_anomaly.py:78} INFO - Processing table: dataset_alias
[2024-09-10T15:06:23.015+0000] {Dag_detect_1FN_anomaly.py:85} INFO - No anomalies detected for table variable
[2024-09-10T15:06:23.023+0000] {Dag_detect_1FN_anomaly.py:78} INFO - Processing table: dataset_alias_dataset
[2024-09-10T15:06:23.135+0000] {Dag_detect_1FN_anomaly.py:85} INFO - No anomalies detected for table import_error
[2024-09-10T15:06:23.137+0000] {Dag_detect_1FN_anomaly.py:78} INFO - Processing table: dataset
[2024-09-10T15:06:23.274+0000] {Dag_detect_1FN_anomaly.py:82} INFO - Detected 15 anomalies for table serialized_dag
[2024-09-10T15:06:23.278+0000] {Dag_detect_1FN_anomaly.py:85} INFO - No anomalies detected for table dataset_alias
[2024-09-10T15:06:23.289+0000] {Dag_detect_1FN_anomaly.py:78} INFO - Processing table: dataset_alias_dataset_event
[2024-09-10T15:06:23.450+0000] {Dag_detect_1FN_anomaly.py:85} INFO - No anomalies detected for table dataset_alias_dataset
[2024-09-10T15:06:23.458+0000] {Dag_detect_1FN_anomaly.py:78} INFO - Processing table: dataset_event
[2024-09-10T15:06:23.546+0000] {Dag_detect_1FN_anomaly.py:85} INFO - No anomalies detected for table dataset
[2024-09-10T15:06:23.548+0000] {Dag_detect_1FN_anomaly.py:78} INFO - Processing table: dag_schedule_dataset_alias_reference
[2024-09-10T15:06:23.935+0000] {Dag_detect_1FN_anomaly.py:85} INFO - No anomalies detected for table dataset_alias_dataset_event
[2024-09-10T15:06:23.937+0000] {Dag_detect_1FN_anomaly.py:78} INFO - Processing table: dag
[2024-09-10T15:06:23.951+0000] {Dag_detect_1FN_anomaly.py:78} INFO - Processing table: dag_schedule_dataset_reference
[2024-09-10T15:06:24.058+0000] {Dag_detect_1FN_anomaly.py:85} INFO - No anomalies detected for table dataset_event
[2024-09-10T15:06:24.060+0000] {Dag_detect_1FN_anomaly.py:78} INFO - Processing table: task_outlet_dataset_reference
[2024-09-10T15:06:24.108+0000] {Dag_detect_1FN_anomaly.py:85} INFO - No anomalies detected for table dag_schedule_dataset_alias_reference
[2024-09-10T15:06:24.109+0000] {Dag_detect_1FN_anomaly.py:78} INFO - Processing table: dataset_dag_run_queue
[2024-09-10T15:06:24.193+0000] {Dag_detect_1FN_anomaly.py:78} INFO - Processing table: log_template
[2024-09-10T15:06:24.331+0000] {Dag_detect_1FN_anomaly.py:85} INFO - No anomalies detected for table dag_schedule_dataset_reference
[2024-09-10T15:06:24.335+0000] {Dag_detect_1FN_anomaly.py:78} INFO - Processing table: dag_run
[2024-09-10T15:06:24.340+0000] {Dag_detect_1FN_anomaly.py:82} INFO - Detected 7 anomalies for table dag
[2024-09-10T15:06:24.366+0000] {Dag_detect_1FN_anomaly.py:85} INFO - No anomalies detected for table dataset_dag_run_queue
[2024-09-10T15:06:24.370+0000] {Dag_detect_1FN_anomaly.py:85} INFO - No anomalies detected for table task_outlet_dataset_reference
[2024-09-10T15:06:24.371+0000] {Dag_detect_1FN_anomaly.py:78} INFO - Processing table: dag_tag
[2024-09-10T15:06:24.372+0000] {Dag_detect_1FN_anomaly.py:78} INFO - Processing table: dag_owner_attributes
[2024-09-10T15:06:24.433+0000] {Dag_detect_1FN_anomaly.py:85} INFO - No anomalies detected for table log_template
[2024-09-10T15:06:24.434+0000] {Dag_detect_1FN_anomaly.py:78} INFO - Processing table: ab_permission
[2024-09-10T15:06:24.911+0000] {Dag_detect_1FN_anomaly.py:85} INFO - No anomalies detected for table dag_owner_attributes
[2024-09-10T15:06:24.912+0000] {Dag_detect_1FN_anomaly.py:78} INFO - Processing table: ab_permission_view
[2024-09-10T15:06:24.944+0000] {Dag_detect_1FN_anomaly.py:78} INFO - Processing table: ab_view_menu
[2024-09-10T15:06:24.962+0000] {Dag_detect_1FN_anomaly.py:85} INFO - No anomalies detected for table dag_tag
[2024-09-10T15:06:24.982+0000] {Dag_detect_1FN_anomaly.py:85} INFO - No anomalies detected for table ab_permission
[2024-09-10T15:06:25.010+0000] {Dag_detect_1FN_anomaly.py:78} INFO - Processing table: ab_user_role
[2024-09-10T15:06:25.052+0000] {Dag_detect_1FN_anomaly.py:78} INFO - Processing table: ab_role
[2024-09-10T15:06:25.256+0000] {Dag_detect_1FN_anomaly.py:85} INFO - No anomalies detected for table ab_view_menu
[2024-09-10T15:06:25.259+0000] {Dag_detect_1FN_anomaly.py:78} INFO - Processing table: dag_warning
[2024-09-10T15:06:25.260+0000] {Dag_detect_1FN_anomaly.py:85} INFO - No anomalies detected for table ab_permission_view
[2024-09-10T15:06:25.308+0000] {Dag_detect_1FN_anomaly.py:78} INFO - Processing table: dagrun_dataset_event
[2024-09-10T15:06:25.312+0000] {Dag_detect_1FN_anomaly.py:85} INFO - No anomalies detected for table dag_run
[2024-09-10T15:06:25.320+0000] {Dag_detect_1FN_anomaly.py:78} INFO - Processing table: trigger
[2024-09-10T15:06:25.340+0000] {Dag_detect_1FN_anomaly.py:85} INFO - No anomalies detected for table ab_user_role
[2024-09-10T15:06:25.343+0000] {Dag_detect_1FN_anomaly.py:85} INFO - No anomalies detected for table ab_role
[2024-09-10T15:06:25.355+0000] {Dag_detect_1FN_anomaly.py:78} INFO - Processing table: task_instance
[2024-09-10T15:06:25.356+0000] {Dag_detect_1FN_anomaly.py:78} INFO - Processing table: dag_run_note
[2024-09-10T15:06:25.530+0000] {Dag_detect_1FN_anomaly.py:85} INFO - No anomalies detected for table dag_warning
[2024-09-10T15:06:25.531+0000] {Dag_detect_1FN_anomaly.py:78} INFO - Processing table: ab_permission_view_role
[2024-09-10T15:06:25.573+0000] {Dag_detect_1FN_anomaly.py:85} INFO - No anomalies detected for table dagrun_dataset_event
[2024-09-10T15:06:25.576+0000] {Dag_detect_1FN_anomaly.py:78} INFO - Processing table: rendered_task_instance_fields
[2024-09-10T15:06:25.584+0000] {Dag_detect_1FN_anomaly.py:85} INFO - No anomalies detected for table trigger
[2024-09-10T15:06:25.589+0000] {Dag_detect_1FN_anomaly.py:78} INFO - Processing table: task_fail
[2024-09-10T15:06:25.617+0000] {Dag_detect_1FN_anomaly.py:85} INFO - No anomalies detected for table dag_run_note
[2024-09-10T15:06:25.619+0000] {Dag_detect_1FN_anomaly.py:78} INFO - Processing table: task_map
[2024-09-10T15:06:25.794+0000] {Dag_detect_1FN_anomaly.py:85} INFO - No anomalies detected for table ab_permission_view_role
[2024-09-10T15:06:25.798+0000] {Dag_detect_1FN_anomaly.py:78} INFO - Processing table: task_reschedule
[2024-09-10T15:06:25.967+0000] {Dag_detect_1FN_anomaly.py:85} INFO - No anomalies detected for table task_map
[2024-09-10T15:06:25.985+0000] {Dag_detect_1FN_anomaly.py:78} INFO - Processing table: xcom
[2024-09-10T15:06:26.014+0000] {Dag_detect_1FN_anomaly.py:82} INFO - Detected 556 anomalies for table rendered_task_instance_fields
[2024-09-10T15:06:26.093+0000] {Dag_detect_1FN_anomaly.py:85} INFO - No anomalies detected for table task_fail
[2024-09-10T15:06:26.098+0000] {Dag_detect_1FN_anomaly.py:78} INFO - Processing table: task_instance_note
[2024-09-10T15:06:26.245+0000] {Dag_detect_1FN_anomaly.py:85} INFO - No anomalies detected for table task_instance
[2024-09-10T15:06:26.247+0000] {Dag_detect_1FN_anomaly.py:85} INFO - No anomalies detected for table task_reschedule
[2024-09-10T15:06:26.250+0000] {Dag_detect_1FN_anomaly.py:78} INFO - Processing table: task_instance_history
[2024-09-10T15:06:26.252+0000] {Dag_detect_1FN_anomaly.py:78} INFO - Processing table: session
[2024-09-10T15:06:26.269+0000] {Dag_detect_1FN_anomaly.py:85} INFO - No anomalies detected for table xcom
[2024-09-10T15:06:26.270+0000] {Dag_detect_1FN_anomaly.py:78} INFO - Processing table: alembic_version
[2024-09-10T15:06:26.322+0000] {Dag_detect_1FN_anomaly.py:85} INFO - No anomalies detected for table task_instance_note
[2024-09-10T15:06:26.323+0000] {Dag_detect_1FN_anomaly.py:78} INFO - Processing table: orders
[2024-09-10T15:06:26.498+0000] {Dag_detect_1FN_anomaly.py:85} INFO - No anomalies detected for table alembic_version
[2024-09-10T15:06:26.502+0000] {Dag_detect_1FN_anomaly.py:78} INFO - Processing table: anomalieDetected
[2024-09-10T15:06:26.519+0000] {Dag_detect_1FN_anomaly.py:85} INFO - No anomalies detected for table session
[2024-09-10T15:06:26.662+0000] {Dag_detect_1FN_anomaly.py:85} INFO - No anomalies detected for table orders
[2024-09-10T15:06:26.667+0000] {Dag_detect_1FN_anomaly.py:85} INFO - No anomalies detected for table task_instance_history
[2024-09-10T15:06:26.676+0000] {Dag_detect_1FN_anomaly.py:96} ERROR - An error occurred: (psycopg2.errors.UndefinedTable) relation "anomaliedetected" does not exist
LINE 1: SELECT * FROM anomalieDetected
                      ^

[SQL: SELECT * FROM anomalieDetected]
(Background on this error at: https://sqlalche.me/e/14/f405)
[2024-09-10T15:06:26.677+0000] {taskinstance.py:3310} ERROR - Task failed with exception
Traceback (most recent call last):
  File "/home/airflow/.local/lib/python3.12/site-packages/sqlalchemy/engine/base.py", line 1910, in _execute_context
    self.dialect.do_execute(
  File "/home/airflow/.local/lib/python3.12/site-packages/sqlalchemy/engine/default.py", line 736, in do_execute
    cursor.execute(statement, parameters)
psycopg2.errors.UndefinedTable: relation "anomaliedetected" does not exist
LINE 1: SELECT * FROM anomalieDetected
                      ^


The above exception was the direct cause of the following exception:

Traceback (most recent call last):
  File "/home/airflow/.local/lib/python3.12/site-packages/airflow/models/taskinstance.py", line 767, in _execute_task
    result = _execute_callable(context=context, **execute_callable_kwargs)
             ^^^^^^^^^^^^^^^^^^^^^^^^^^^^^^^^^^^^^^^^^^^^^^^^^^^^^^^^^^^^^
  File "/home/airflow/.local/lib/python3.12/site-packages/airflow/models/taskinstance.py", line 733, in _execute_callable
    return ExecutionCallableRunner(
           ^^^^^^^^^^^^^^^^^^^^^^^^
  File "/home/airflow/.local/lib/python3.12/site-packages/airflow/utils/operator_helpers.py", line 252, in run
    return self.func(*args, **kwargs)
           ^^^^^^^^^^^^^^^^^^^^^^^^^^
  File "/home/airflow/.local/lib/python3.12/site-packages/airflow/models/baseoperator.py", line 406, in wrapper
    return func(self, *args, **kwargs)
           ^^^^^^^^^^^^^^^^^^^^^^^^^^^
  File "/home/airflow/.local/lib/python3.12/site-packages/airflow/operators/python.py", line 238, in execute
    return_value = self.execute_callable()
                   ^^^^^^^^^^^^^^^^^^^^^^^
  File "/home/airflow/.local/lib/python3.12/site-packages/airflow/operators/python.py", line 256, in execute_callable
    return runner.run(*self.op_args, **self.op_kwargs)
           ^^^^^^^^^^^^^^^^^^^^^^^^^^^^^^^^^^^^^^^^^^^
  File "/home/airflow/.local/lib/python3.12/site-packages/airflow/utils/operator_helpers.py", line 252, in run
    return self.func(*args, **kwargs)
           ^^^^^^^^^^^^^^^^^^^^^^^^^^
  File "/opt/airflow/dags/Dag_detect_1FN_anomaly.py", line 93, in detect_and_insert_anomalies
    future.result()  # This will raise an exception if the task failed
    ^^^^^^^^^^^^^^^
  File "/usr/local/lib/python3.12/concurrent/futures/_base.py", line 449, in result
    return self.__get_result()
           ^^^^^^^^^^^^^^^^^^^
  File "/usr/local/lib/python3.12/concurrent/futures/_base.py", line 401, in __get_result
    raise self._exception
  File "/usr/local/lib/python3.12/concurrent/futures/thread.py", line 58, in run
    result = self.fn(*self.args, **self.kwargs)
             ^^^^^^^^^^^^^^^^^^^^^^^^^^^^^^^^^^
  File "/opt/airflow/dags/Dag_detect_1FN_anomaly.py", line 79, in process_table
    df = table_to_dataframe(table_name)
         ^^^^^^^^^^^^^^^^^^^^^^^^^^^^^^
  File "/opt/airflow/dags/Dag_detect_1FN_anomaly.py", line 40, in table_to_dataframe
    return pd.read_sql(query, connection)
           ^^^^^^^^^^^^^^^^^^^^^^^^^^^^^^
  File "/home/airflow/.local/lib/python3.12/site-packages/pandas/io/sql.py", line 682, in read_sql
    return pandas_sql.read_query(
           ^^^^^^^^^^^^^^^^^^^^^^
  File "/home/airflow/.local/lib/python3.12/site-packages/pandas/io/sql.py", line 1776, in read_query
    result = self.execute(sql, params)
             ^^^^^^^^^^^^^^^^^^^^^^^^^
  File "/home/airflow/.local/lib/python3.12/site-packages/pandas/io/sql.py", line 1599, in execute
    return self.con.exec_driver_sql(sql, *args)
           ^^^^^^^^^^^^^^^^^^^^^^^^^^^^^^^^^^^^
  File "/home/airflow/.local/lib/python3.12/site-packages/sqlalchemy/engine/base.py", line 1770, in exec_driver_sql
    return self._exec_driver_sql(
           ^^^^^^^^^^^^^^^^^^^^^^
  File "/home/airflow/.local/lib/python3.12/site-packages/sqlalchemy/engine/base.py", line 1674, in _exec_driver_sql
    ret = self._execute_context(
          ^^^^^^^^^^^^^^^^^^^^^^
  File "/home/airflow/.local/lib/python3.12/site-packages/sqlalchemy/engine/base.py", line 1953, in _execute_context
    self._handle_dbapi_exception(
  File "/home/airflow/.local/lib/python3.12/site-packages/sqlalchemy/engine/base.py", line 2134, in _handle_dbapi_exception
    util.raise_(
  File "/home/airflow/.local/lib/python3.12/site-packages/sqlalchemy/util/compat.py", line 211, in raise_
    raise exception
  File "/home/airflow/.local/lib/python3.12/site-packages/sqlalchemy/engine/base.py", line 1910, in _execute_context
    self.dialect.do_execute(
  File "/home/airflow/.local/lib/python3.12/site-packages/sqlalchemy/engine/default.py", line 736, in do_execute
    cursor.execute(statement, parameters)
sqlalchemy.exc.ProgrammingError: (psycopg2.errors.UndefinedTable) relation "anomaliedetected" does not exist
LINE 1: SELECT * FROM anomalieDetected
                      ^

[SQL: SELECT * FROM anomalieDetected]
(Background on this error at: https://sqlalche.me/e/14/f405)
[2024-09-10T15:06:26.825+0000] {taskinstance.py:1225} INFO - Marking task as FAILED. dag_id=detect_1fn_anomalies_dag, task_id=detect_1nf_and_insert_anomalies, run_id=scheduled__2024-09-10T14:45:00+00:00, execution_date=20240910T144500, start_date=20240910T150617, end_date=20240910T150626
[2024-09-10T15:06:26.860+0000] {taskinstance.py:340} INFO - ::group::Post task execution logs
[2024-09-10T15:06:26.862+0000] {standard_task_runner.py:124} ERROR - Failed to execute job 2593 for task detect_1nf_and_insert_anomalies ((psycopg2.errors.UndefinedTable) relation "anomaliedetected" does not exist
LINE 1: SELECT * FROM anomalieDetected
                      ^

[SQL: SELECT * FROM anomalieDetected]
(Background on this error at: https://sqlalche.me/e/14/f405); 16467)
Traceback (most recent call last):
  File "/home/airflow/.local/lib/python3.12/site-packages/sqlalchemy/engine/base.py", line 1910, in _execute_context
    self.dialect.do_execute(
  File "/home/airflow/.local/lib/python3.12/site-packages/sqlalchemy/engine/default.py", line 736, in do_execute
    cursor.execute(statement, parameters)
psycopg2.errors.UndefinedTable: relation "anomaliedetected" does not exist
LINE 1: SELECT * FROM anomalieDetected
                      ^


The above exception was the direct cause of the following exception:

Traceback (most recent call last):
  File "/home/airflow/.local/lib/python3.12/site-packages/airflow/task/task_runner/standard_task_runner.py", line 117, in _start_by_fork
    ret = args.func(args, dag=self.dag)
          ^^^^^^^^^^^^^^^^^^^^^^^^^^^^^
  File "/home/airflow/.local/lib/python3.12/site-packages/airflow/cli/cli_config.py", line 49, in command
    return func(*args, **kwargs)
           ^^^^^^^^^^^^^^^^^^^^^
  File "/home/airflow/.local/lib/python3.12/site-packages/airflow/utils/cli.py", line 115, in wrapper
    return f(*args, **kwargs)
           ^^^^^^^^^^^^^^^^^^
  File "/home/airflow/.local/lib/python3.12/site-packages/airflow/cli/commands/task_command.py", line 483, in task_run
    task_return_code = _run_task_by_selected_method(args, _dag, ti)
                       ^^^^^^^^^^^^^^^^^^^^^^^^^^^^^^^^^^^^^^^^^^^^
  File "/home/airflow/.local/lib/python3.12/site-packages/airflow/cli/commands/task_command.py", line 256, in _run_task_by_selected_method
    return _run_raw_task(args, ti)
           ^^^^^^^^^^^^^^^^^^^^^^^
  File "/home/airflow/.local/lib/python3.12/site-packages/airflow/cli/commands/task_command.py", line 341, in _run_raw_task
    return ti._run_raw_task(
           ^^^^^^^^^^^^^^^^^
  File "/home/airflow/.local/lib/python3.12/site-packages/airflow/utils/session.py", line 97, in wrapper
    return func(*args, session=session, **kwargs)
           ^^^^^^^^^^^^^^^^^^^^^^^^^^^^^^^^^^^^^^
  File "/home/airflow/.local/lib/python3.12/site-packages/airflow/models/taskinstance.py", line 3004, in _run_raw_task
    return _run_raw_task(
           ^^^^^^^^^^^^^^
  File "/home/airflow/.local/lib/python3.12/site-packages/airflow/models/taskinstance.py", line 273, in _run_raw_task
    TaskInstance._execute_task_with_callbacks(
  File "/home/airflow/.local/lib/python3.12/site-packages/airflow/models/taskinstance.py", line 3158, in _execute_task_with_callbacks
    result = self._execute_task(context, task_orig)
             ^^^^^^^^^^^^^^^^^^^^^^^^^^^^^^^^^^^^^^
  File "/home/airflow/.local/lib/python3.12/site-packages/airflow/models/taskinstance.py", line 3182, in _execute_task
    return _execute_task(self, context, task_orig)
           ^^^^^^^^^^^^^^^^^^^^^^^^^^^^^^^^^^^^^^^
  File "/home/airflow/.local/lib/python3.12/site-packages/airflow/models/taskinstance.py", line 767, in _execute_task
    result = _execute_callable(context=context, **execute_callable_kwargs)
             ^^^^^^^^^^^^^^^^^^^^^^^^^^^^^^^^^^^^^^^^^^^^^^^^^^^^^^^^^^^^^
  File "/home/airflow/.local/lib/python3.12/site-packages/airflow/models/taskinstance.py", line 733, in _execute_callable
    return ExecutionCallableRunner(
           ^^^^^^^^^^^^^^^^^^^^^^^^
  File "/home/airflow/.local/lib/python3.12/site-packages/airflow/utils/operator_helpers.py", line 252, in run
    return self.func(*args, **kwargs)
           ^^^^^^^^^^^^^^^^^^^^^^^^^^
  File "/home/airflow/.local/lib/python3.12/site-packages/airflow/models/baseoperator.py", line 406, in wrapper
    return func(self, *args, **kwargs)
           ^^^^^^^^^^^^^^^^^^^^^^^^^^^
  File "/home/airflow/.local/lib/python3.12/site-packages/airflow/operators/python.py", line 238, in execute
    return_value = self.execute_callable()
                   ^^^^^^^^^^^^^^^^^^^^^^^
  File "/home/airflow/.local/lib/python3.12/site-packages/airflow/operators/python.py", line 256, in execute_callable
    return runner.run(*self.op_args, **self.op_kwargs)
           ^^^^^^^^^^^^^^^^^^^^^^^^^^^^^^^^^^^^^^^^^^^
  File "/home/airflow/.local/lib/python3.12/site-packages/airflow/utils/operator_helpers.py", line 252, in run
    return self.func(*args, **kwargs)
           ^^^^^^^^^^^^^^^^^^^^^^^^^^
  File "/opt/airflow/dags/Dag_detect_1FN_anomaly.py", line 93, in detect_and_insert_anomalies
    future.result()  # This will raise an exception if the task failed
    ^^^^^^^^^^^^^^^
  File "/usr/local/lib/python3.12/concurrent/futures/_base.py", line 449, in result
    return self.__get_result()
           ^^^^^^^^^^^^^^^^^^^
  File "/usr/local/lib/python3.12/concurrent/futures/_base.py", line 401, in __get_result
    raise self._exception
  File "/usr/local/lib/python3.12/concurrent/futures/thread.py", line 58, in run
    result = self.fn(*self.args, **self.kwargs)
             ^^^^^^^^^^^^^^^^^^^^^^^^^^^^^^^^^^
  File "/opt/airflow/dags/Dag_detect_1FN_anomaly.py", line 79, in process_table
    df = table_to_dataframe(table_name)
         ^^^^^^^^^^^^^^^^^^^^^^^^^^^^^^
  File "/opt/airflow/dags/Dag_detect_1FN_anomaly.py", line 40, in table_to_dataframe
    return pd.read_sql(query, connection)
           ^^^^^^^^^^^^^^^^^^^^^^^^^^^^^^
  File "/home/airflow/.local/lib/python3.12/site-packages/pandas/io/sql.py", line 682, in read_sql
    return pandas_sql.read_query(
           ^^^^^^^^^^^^^^^^^^^^^^
  File "/home/airflow/.local/lib/python3.12/site-packages/pandas/io/sql.py", line 1776, in read_query
    result = self.execute(sql, params)
             ^^^^^^^^^^^^^^^^^^^^^^^^^
  File "/home/airflow/.local/lib/python3.12/site-packages/pandas/io/sql.py", line 1599, in execute
    return self.con.exec_driver_sql(sql, *args)
           ^^^^^^^^^^^^^^^^^^^^^^^^^^^^^^^^^^^^
  File "/home/airflow/.local/lib/python3.12/site-packages/sqlalchemy/engine/base.py", line 1770, in exec_driver_sql
    return self._exec_driver_sql(
           ^^^^^^^^^^^^^^^^^^^^^^
  File "/home/airflow/.local/lib/python3.12/site-packages/sqlalchemy/engine/base.py", line 1674, in _exec_driver_sql
    ret = self._execute_context(
          ^^^^^^^^^^^^^^^^^^^^^^
  File "/home/airflow/.local/lib/python3.12/site-packages/sqlalchemy/engine/base.py", line 1953, in _execute_context
    self._handle_dbapi_exception(
  File "/home/airflow/.local/lib/python3.12/site-packages/sqlalchemy/engine/base.py", line 2134, in _handle_dbapi_exception
    util.raise_(
  File "/home/airflow/.local/lib/python3.12/site-packages/sqlalchemy/util/compat.py", line 211, in raise_
    raise exception
  File "/home/airflow/.local/lib/python3.12/site-packages/sqlalchemy/engine/base.py", line 1910, in _execute_context
    self.dialect.do_execute(
  File "/home/airflow/.local/lib/python3.12/site-packages/sqlalchemy/engine/default.py", line 736, in do_execute
    cursor.execute(statement, parameters)
sqlalchemy.exc.ProgrammingError: (psycopg2.errors.UndefinedTable) relation "anomaliedetected" does not exist
LINE 1: SELECT * FROM anomalieDetected
                      ^

[SQL: SELECT * FROM anomalieDetected]
(Background on this error at: https://sqlalche.me/e/14/f405)
[2024-09-10T15:06:26.902+0000] {local_task_job_runner.py:266} INFO - Task exited with return code 1
[2024-09-10T15:06:27.021+0000] {local_task_job_runner.py:245} INFO - ::endgroup::
