[2024-09-10T15:00:03.913+0000] {local_task_job_runner.py:123} INFO - ::group::Pre task execution logs
[2024-09-10T15:00:04.193+0000] {taskinstance.py:2612} INFO - Dependencies all met for dep_context=non-requeueable deps ti=<TaskInstance: welcome_dag.print_welcome scheduled__2024-09-10T14:00:59+00:00 [queued]>
[2024-09-10T15:00:04.277+0000] {taskinstance.py:2612} INFO - Dependencies all met for dep_context=requeueable deps ti=<TaskInstance: welcome_dag.print_welcome scheduled__2024-09-10T14:00:59+00:00 [queued]>
[2024-09-10T15:00:04.281+0000] {taskinstance.py:2865} INFO - Starting attempt 1 of 1
[2024-09-10T15:00:04.791+0000] {taskinstance.py:2888} INFO - Executing <Task(PythonOperator): print_welcome> on 2024-09-10 14:00:59+00:00
[2024-09-10T15:00:04.979+0000] {logging_mixin.py:190} WARNING - /home/airflow/.local/lib/python3.12/site-packages/airflow/task/task_runner/standard_task_runner.py:70 DeprecationWarning: This process (pid=15346) is multi-threaded, use of fork() may lead to deadlocks in the child.
[2024-09-10T15:00:05.016+0000] {standard_task_runner.py:72} INFO - Started process 15377 to run task
[2024-09-10T15:00:04.962+0000] {standard_task_runner.py:104} INFO - Running: ['airflow', 'tasks', 'run', 'welcome_dag', 'print_welcome', 'scheduled__2024-09-10T14:00:59+00:00', '--job-id', '2531', '--raw', '--subdir', 'DAGS_FOLDER/Awelcome_dags.py', '--cfg-path', '/tmp/tmprlooxjw3']
[2024-09-10T15:00:05.108+0000] {standard_task_runner.py:105} INFO - Job 2531: Subtask print_welcome
[2024-09-10T15:00:09.202+0000] {task_command.py:467} INFO - Running <TaskInstance: welcome_dag.print_welcome scheduled__2024-09-10T14:00:59+00:00 [running]> on host 5f241b76205c
[2024-09-10T15:00:13.683+0000] {taskinstance.py:3131} INFO - Exporting env vars: AIRFLOW_CTX_DAG_OWNER='airflow' AIRFLOW_CTX_DAG_ID='welcome_dag' AIRFLOW_CTX_TASK_ID='print_welcome' AIRFLOW_CTX_EXECUTION_DATE='2024-09-10T14:00:59+00:00' AIRFLOW_CTX_TRY_NUMBER='1' AIRFLOW_CTX_DAG_RUN_ID='scheduled__2024-09-10T14:00:59+00:00'
[2024-09-10T15:00:13.702+0000] {taskinstance.py:731} INFO - ::endgroup::
[2024-09-10T15:00:13.835+0000] {logging_mixin.py:190} INFO - Welcome to Airflow!
[2024-09-10T15:00:13.841+0000] {python.py:240} INFO - Done. Returned value was: None
[2024-09-10T15:00:18.121+0000] {taskinstance.py:340} INFO - ::group::Post task execution logs
[2024-09-10T15:00:18.235+0000] {taskinstance.py:352} INFO - Marking task as SUCCESS. dag_id=welcome_dag, task_id=print_welcome, run_id=scheduled__2024-09-10T14:00:59+00:00, execution_date=20240910T140059, start_date=20240910T150004, end_date=20240910T150018
[2024-09-10T15:00:46.207+0000] {job.py:229} INFO - Heartbeat recovered after 34.79 seconds
[2024-09-10T15:00:47.528+0000] {local_task_job_runner.py:266} INFO - Task exited with return code 0
[2024-09-10T15:00:48.764+0000] {local_task_job_runner.py:245} INFO - ::endgroup::
[2024-09-10T15:00:49.160+0000] {standard_task_runner.py:217} INFO - Process not found (most likely exited), stop collecting metrics
