[2024-09-10T12:00:24.890+0000] {local_task_job_runner.py:123} INFO - ::group::Pre task execution logs
[2024-09-10T12:00:28.492+0000] {taskinstance.py:2612} INFO - Dependencies all met for dep_context=non-requeueable deps ti=<TaskInstance: correction_Dag_Negative_Value.correct_negative_values scheduled__2024-09-10T11:55:00+00:00 [queued]>
[2024-09-10T12:00:28.944+0000] {taskinstance.py:2612} INFO - Dependencies all met for dep_context=requeueable deps ti=<TaskInstance: correction_Dag_Negative_Value.correct_negative_values scheduled__2024-09-10T11:55:00+00:00 [queued]>
[2024-09-10T12:00:28.954+0000] {taskinstance.py:2865} INFO - Starting attempt 1 of 2
[2024-09-10T12:00:30.631+0000] {taskinstance.py:2888} INFO - Executing <Task(PythonOperator): correct_negative_values> on 2024-09-10 11:55:00+00:00
[2024-09-10T12:00:31.761+0000] {standard_task_runner.py:104} INFO - Running: ['airflow', 'tasks', 'run', 'correction_Dag_Negative_Value', 'correct_negative_values', 'scheduled__2024-09-10T11:55:00+00:00', '--job-id', '2094', '--raw', '--subdir', 'DAGS_FOLDER/Correction_dag_Negative_Value.py', '--cfg-path', '/tmp/tmpk82_mmmy']
[2024-09-10T12:00:32.936+0000] {standard_task_runner.py:105} INFO - Job 2094: Subtask correct_negative_values
[2024-09-10T12:00:33.328+0000] {logging_mixin.py:190} WARNING - /home/airflow/.local/lib/python3.12/site-packages/airflow/task/task_runner/standard_task_runner.py:70 DeprecationWarning: This process (pid=2072) is multi-threaded, use of fork() may lead to deadlocks in the child.
[2024-09-10T12:00:33.535+0000] {standard_task_runner.py:72} INFO - Started process 2126 to run task
[2024-09-10T12:02:17.962+0000] {job.py:229} INFO - Heartbeat recovered after 122.50 seconds
[2024-09-10T12:02:18.083+0000] {task_command.py:467} INFO - Running <TaskInstance: correction_Dag_Negative_Value.correct_negative_values scheduled__2024-09-10T11:55:00+00:00 [running]> on host 6d70a6e2c42a
[2024-09-10T12:02:28.707+0000] {job.py:229} INFO - Heartbeat recovered after 11.16 seconds
[2024-09-10T12:02:28.861+0000] {taskinstance.py:3131} INFO - Exporting env vars: AIRFLOW_CTX_DAG_OWNER='airflow' AIRFLOW_CTX_DAG_ID='correction_Dag_Negative_Value' AIRFLOW_CTX_TASK_ID='correct_negative_values' AIRFLOW_CTX_EXECUTION_DATE='2024-09-10T11:55:00+00:00' AIRFLOW_CTX_TRY_NUMBER='1' AIRFLOW_CTX_DAG_RUN_ID='scheduled__2024-09-10T11:55:00+00:00'
[2024-09-10T12:02:28.933+0000] {taskinstance.py:731} INFO - ::endgroup::
[2024-09-10T12:02:32.144+0000] {logging_mixin.py:190} INFO - Anomalies corrigées avec succès.
[2024-09-10T12:02:32.183+0000] {python.py:240} INFO - Done. Returned value was: None
[2024-09-10T12:02:34.995+0000] {taskinstance.py:340} INFO - ::group::Post task execution logs
[2024-09-10T12:02:34.999+0000] {taskinstance.py:352} INFO - Marking task as SUCCESS. dag_id=correction_Dag_Negative_Value, task_id=correct_negative_values, run_id=scheduled__2024-09-10T11:55:00+00:00, execution_date=20240910T115500, start_date=20240910T120028, end_date=20240910T120234
[2024-09-10T12:02:35.305+0000] {local_task_job_runner.py:266} INFO - Task exited with return code 0
[2024-09-10T12:02:36.886+0000] {local_task_job_runner.py:245} INFO - ::endgroup::
[2024-09-10T12:02:37.783+0000] {standard_task_runner.py:217} INFO - Process not found (most likely exited), stop collecting metrics
