[2024-09-13T16:15:07.400+0000] {local_task_job_runner.py:123} INFO - ::group::Pre task execution logs
[2024-09-13T16:15:08.067+0000] {taskinstance.py:2612} INFO - Dependencies all met for dep_context=non-requeueable deps ti=<TaskInstance: correction_Dag_1FN.correct_1nf_violations scheduled__2024-09-13T16:10:00+00:00 [queued]>
[2024-09-13T16:15:08.189+0000] {taskinstance.py:2612} INFO - Dependencies all met for dep_context=requeueable deps ti=<TaskInstance: correction_Dag_1FN.correct_1nf_violations scheduled__2024-09-13T16:10:00+00:00 [queued]>
[2024-09-13T16:15:08.194+0000] {taskinstance.py:2865} INFO - Starting attempt 1 of 2
[2024-09-13T16:15:08.407+0000] {taskinstance.py:2888} INFO - Executing <Task(PythonOperator): correct_1nf_violations> on 2024-09-13 16:10:00+00:00
[2024-09-13T16:15:08.682+0000] {standard_task_runner.py:104} INFO - Running: ['airflow', 'tasks', 'run', 'correction_Dag_1FN', 'correct_1nf_violations', 'scheduled__2024-09-13T16:10:00+00:00', '--job-id', '2784', '--raw', '--subdir', 'DAGS_FOLDER/Correction_dag_1FN.py', '--cfg-path', '/tmp/tmpb16zwu2e']
[2024-09-13T16:15:08.727+0000] {standard_task_runner.py:105} INFO - Job 2784: Subtask correct_1nf_violations
[2024-09-13T16:15:08.743+0000] {logging_mixin.py:190} WARNING - /home/airflow/.local/lib/python3.12/site-packages/airflow/task/task_runner/standard_task_runner.py:70 DeprecationWarning: This process (pid=20765) is multi-threaded, use of fork() may lead to deadlocks in the child.
[2024-09-13T16:15:08.744+0000] {standard_task_runner.py:72} INFO - Started process 20791 to run task
[2024-09-13T16:15:12.643+0000] {task_command.py:467} INFO - Running <TaskInstance: correction_Dag_1FN.correct_1nf_violations scheduled__2024-09-13T16:10:00+00:00 [running]> on host 7403e816bcf5
[2024-09-13T16:15:15.790+0000] {job.py:229} INFO - Heartbeat recovered after 11.67 seconds
[2024-09-13T16:15:17.101+0000] {taskinstance.py:3131} INFO - Exporting env vars: AIRFLOW_CTX_DAG_OWNER='airflow' AIRFLOW_CTX_DAG_ID='correction_Dag_1FN' AIRFLOW_CTX_TASK_ID='correct_1nf_violations' AIRFLOW_CTX_EXECUTION_DATE='2024-09-13T16:10:00+00:00' AIRFLOW_CTX_TRY_NUMBER='1' AIRFLOW_CTX_DAG_RUN_ID='scheduled__2024-09-13T16:10:00+00:00'
[2024-09-13T16:15:17.118+0000] {taskinstance.py:731} INFO - ::endgroup::
[2024-09-13T16:15:18.511+0000] {logging_mixin.py:190} INFO - Erreur lors de la correction des anomalies : cannot drop table orders because other objects depend on it
DETAIL:  constraint orderdetails_order_id_fkey on table orderdetails depends on table orders
HINT:  Use DROP ... CASCADE to drop the dependent objects too.
[2024-09-13T16:15:18.540+0000] {python.py:240} INFO - Done. Returned value was: None
[2024-09-13T16:15:20.192+0000] {taskinstance.py:340} INFO - ::group::Post task execution logs
[2024-09-13T16:15:20.197+0000] {taskinstance.py:352} INFO - Marking task as SUCCESS. dag_id=correction_Dag_1FN, task_id=correct_1nf_violations, run_id=scheduled__2024-09-13T16:10:00+00:00, execution_date=20240913T161000, start_date=20240913T161508, end_date=20240913T161520
[2024-09-13T16:15:21.230+0000] {local_task_job_runner.py:266} INFO - Task exited with return code 0
[2024-09-13T16:15:22.395+0000] {local_task_job_runner.py:245} INFO - ::endgroup::
[2024-09-13T16:15:24.138+0000] {standard_task_runner.py:217} INFO - Process not found (most likely exited), stop collecting metrics
