[2024-09-14T22:01:02.540+0000] {local_task_job_runner.py:123} INFO - ::group::Pre task execution logs
[2024-09-14T22:01:08.723+0000] {taskinstance.py:2612} INFO - Dependencies all met for dep_context=non-requeueable deps ti=<TaskInstance: welcome_dag.print_welcome scheduled__2024-09-14T22:00:25+00:00 [queued]>
[2024-09-14T22:01:08.994+0000] {taskinstance.py:2612} INFO - Dependencies all met for dep_context=requeueable deps ti=<TaskInstance: welcome_dag.print_welcome scheduled__2024-09-14T22:00:25+00:00 [queued]>
[2024-09-14T22:01:09.003+0000] {taskinstance.py:2865} INFO - Starting attempt 1 of 1
[2024-09-14T22:01:09.886+0000] {taskinstance.py:2888} INFO - Executing <Task(PythonOperator): print_welcome> on 2024-09-14 22:00:25+00:00
[2024-09-14T22:01:10.478+0000] {standard_task_runner.py:104} INFO - Running: ['airflow', 'tasks', 'run', 'welcome_dag', 'print_welcome', 'scheduled__2024-09-14T22:00:25+00:00', '--job-id', '4786', '--raw', '--subdir', 'DAGS_FOLDER/Awelcome_dags.py', '--cfg-path', '/tmp/tmpb18_dzou']
[2024-09-14T22:01:10.533+0000] {standard_task_runner.py:105} INFO - Job 4786: Subtask print_welcome
[2024-09-14T22:01:11.042+0000] {logging_mixin.py:190} WARNING - /home/airflow/.local/lib/python3.12/site-packages/airflow/task/task_runner/standard_task_runner.py:70 DeprecationWarning: This process (pid=10619) is multi-threaded, use of fork() may lead to deadlocks in the child.
[2024-09-14T22:01:11.063+0000] {standard_task_runner.py:72} INFO - Started process 10649 to run task
[2024-09-14T22:01:20.858+0000] {cli_action_loggers.py:177} WARNING - Failed to log action (psycopg2.OperationalError) could not translate host name "postgres" to address: Temporary failure in name resolution

(Background on this error at: https://sqlalche.me/e/14/e3q8)
[2024-09-14T22:01:32.223+0000] {job.py:229} INFO - Heartbeat recovered after 39.92 seconds
[2024-09-14T22:01:35.957+0000] {task_command.py:467} INFO - Running <TaskInstance: welcome_dag.print_welcome scheduled__2024-09-14T22:00:25+00:00 [running]> on host 7403e816bcf5
[2024-09-14T22:01:43.701+0000] {job.py:229} INFO - Heartbeat recovered after 11.70 seconds
[2024-09-14T22:01:43.972+0000] {taskinstance.py:3131} INFO - Exporting env vars: AIRFLOW_CTX_DAG_OWNER='airflow' AIRFLOW_CTX_DAG_ID='welcome_dag' AIRFLOW_CTX_TASK_ID='print_welcome' AIRFLOW_CTX_EXECUTION_DATE='2024-09-14T22:00:25+00:00' AIRFLOW_CTX_TRY_NUMBER='1' AIRFLOW_CTX_DAG_RUN_ID='scheduled__2024-09-14T22:00:25+00:00'
[2024-09-14T22:01:44.004+0000] {taskinstance.py:731} INFO - ::endgroup::
[2024-09-14T22:01:44.315+0000] {logging_mixin.py:190} INFO - Welcome to Airflow!
[2024-09-14T22:01:44.325+0000] {python.py:240} INFO - Done. Returned value was: None
[2024-09-14T22:01:45.895+0000] {taskinstance.py:340} INFO - ::group::Post task execution logs
[2024-09-14T22:01:45.901+0000] {taskinstance.py:352} INFO - Marking task as SUCCESS. dag_id=welcome_dag, task_id=print_welcome, run_id=scheduled__2024-09-14T22:00:25+00:00, execution_date=20240914T220025, start_date=20240914T220108, end_date=20240914T220145
[2024-09-14T22:01:46.302+0000] {local_task_job_runner.py:266} INFO - Task exited with return code 0
[2024-09-14T22:01:46.415+0000] {standard_task_runner.py:217} INFO - Process not found (most likely exited), stop collecting metrics
[2024-09-14T22:01:48.304+0000] {taskinstance.py:3900} INFO - 1 downstream tasks scheduled from follow-on schedule check
[2024-09-14T22:01:48.330+0000] {local_task_job_runner.py:245} INFO - ::endgroup::
