[2024-09-10T12:16:21.100+0000] {local_task_job_runner.py:123} INFO - ::group::Pre task execution logs
[2024-09-10T12:16:22.043+0000] {taskinstance.py:2612} INFO - Dependencies all met for dep_context=non-requeueable deps ti=<TaskInstance: dag_detect_excessively_high_total_amount.run_anomaly_detection scheduled__2024-09-10T12:00:00+00:00 [queued]>
[2024-09-10T12:16:22.112+0000] {taskinstance.py:2612} INFO - Dependencies all met for dep_context=requeueable deps ti=<TaskInstance: dag_detect_excessively_high_total_amount.run_anomaly_detection scheduled__2024-09-10T12:00:00+00:00 [queued]>
[2024-09-10T12:16:22.121+0000] {taskinstance.py:2865} INFO - Starting attempt 1 of 2
[2024-09-10T12:16:22.520+0000] {taskinstance.py:2888} INFO - Executing <Task(PythonOperator): run_anomaly_detection> on 2024-09-10 12:00:00+00:00
[2024-09-10T12:16:22.569+0000] {logging_mixin.py:190} WARNING - /home/airflow/.local/lib/python3.12/site-packages/airflow/task/task_runner/standard_task_runner.py:70 DeprecationWarning: This process (pid=4128) is multi-threaded, use of fork() may lead to deadlocks in the child.
[2024-09-10T12:16:22.585+0000] {standard_task_runner.py:72} INFO - Started process 4188 to run task
[2024-09-10T12:16:22.573+0000] {standard_task_runner.py:104} INFO - Running: ['airflow', 'tasks', 'run', 'dag_detect_excessively_high_total_amount', 'run_anomaly_detection', 'scheduled__2024-09-10T12:00:00+00:00', '--job-id', '2154', '--raw', '--subdir', 'DAGS_FOLDER/dag_detect_excessively_high_total_amount.py', '--cfg-path', '/tmp/tmpxq7kn4pa']
[2024-09-10T12:16:22.588+0000] {standard_task_runner.py:105} INFO - Job 2154: Subtask run_anomaly_detection
[2024-09-10T12:16:27.950+0000] {task_command.py:467} INFO - Running <TaskInstance: dag_detect_excessively_high_total_amount.run_anomaly_detection scheduled__2024-09-10T12:00:00+00:00 [running]> on host 6d70a6e2c42a
[2024-09-10T12:16:29.305+0000] {job.py:229} INFO - Heartbeat recovered after 14.33 seconds
[2024-09-10T12:16:32.525+0000] {taskinstance.py:3131} INFO - Exporting env vars: AIRFLOW_CTX_DAG_OWNER='airflow' AIRFLOW_CTX_DAG_ID='dag_detect_excessively_high_total_amount' AIRFLOW_CTX_TASK_ID='run_anomaly_detection' AIRFLOW_CTX_EXECUTION_DATE='2024-09-10T12:00:00+00:00' AIRFLOW_CTX_TRY_NUMBER='1' AIRFLOW_CTX_DAG_RUN_ID='scheduled__2024-09-10T12:00:00+00:00'
[2024-09-10T12:16:32.535+0000] {taskinstance.py:731} INFO - ::endgroup::
[2024-09-10T12:16:32.647+0000] {dag_detect_excessively_high_total_amount.py:118} INFO - Starting anomaly detection process
[2024-09-10T12:16:35.968+0000] {dag_detect_excessively_high_total_amount.py:124} INFO - Loaded 15 transactions and 54 products
[2024-09-10T12:16:36.051+0000] {dag_detect_excessively_high_total_amount.py:127} INFO - Detected 0 anomalies
[2024-09-10T12:16:37.617+0000] {dag_detect_excessively_high_total_amount.py:111} INFO - Inserted 0 new anomalies.
[2024-09-10T12:16:37.618+0000] {dag_detect_excessively_high_total_amount.py:130} INFO - Anomaly detection process completed successfully
[2024-09-10T12:16:37.620+0000] {python.py:240} INFO - Done. Returned value was: None
[2024-09-10T12:16:38.073+0000] {taskinstance.py:340} INFO - ::group::Post task execution logs
[2024-09-10T12:16:38.074+0000] {taskinstance.py:352} INFO - Marking task as SUCCESS. dag_id=dag_detect_excessively_high_total_amount, task_id=run_anomaly_detection, run_id=scheduled__2024-09-10T12:00:00+00:00, execution_date=20240910T120000, start_date=20240910T121622, end_date=20240910T121638
[2024-09-10T12:16:38.240+0000] {local_task_job_runner.py:266} INFO - Task exited with return code 0
[2024-09-10T12:16:38.752+0000] {taskinstance.py:3900} INFO - 0 downstream tasks scheduled from follow-on schedule check
[2024-09-10T12:16:38.763+0000] {local_task_job_runner.py:245} INFO - ::endgroup::
