[2024-09-10T17:40:24.185+0000] {local_task_job_runner.py:123} INFO - ::group::Pre task execution logs
[2024-09-10T17:40:24.512+0000] {taskinstance.py:2612} INFO - Dependencies all met for dep_context=non-requeueable deps ti=<TaskInstance: detect_1fn_anomalies_dag.detect_1nf_and_insert_anomalies manual__2024-09-10T16:59:50.242639+00:00 [queued]>
[2024-09-10T17:40:24.581+0000] {taskinstance.py:2612} INFO - Dependencies all met for dep_context=requeueable deps ti=<TaskInstance: detect_1fn_anomalies_dag.detect_1nf_and_insert_anomalies manual__2024-09-10T16:59:50.242639+00:00 [queued]>
[2024-09-10T17:40:24.584+0000] {taskinstance.py:2865} INFO - Starting attempt 2 of 2
[2024-09-10T17:40:24.817+0000] {taskinstance.py:2888} INFO - Executing <Task(PythonOperator): detect_1nf_and_insert_anomalies> on 2024-09-10 16:59:50.242639+00:00
[2024-09-10T17:40:24.846+0000] {logging_mixin.py:190} WARNING - /home/airflow/.local/lib/python3.12/site-packages/airflow/task/task_runner/standard_task_runner.py:70 DeprecationWarning: This process (pid=800) is multi-threaded, use of fork() may lead to deadlocks in the child.
[2024-09-10T17:40:24.848+0000] {standard_task_runner.py:72} INFO - Started process 837 to run task
[2024-09-10T17:40:24.846+0000] {standard_task_runner.py:104} INFO - Running: ['airflow', 'tasks', 'run', 'detect_1fn_anomalies_dag', 'detect_1nf_and_insert_anomalies', 'manual__2024-09-10T16:59:50.242639+00:00', '--job-id', '2952', '--raw', '--subdir', 'DAGS_FOLDER/Dag_detect_1FN_anomaly.py', '--cfg-path', '/tmp/tmpau35p7a7']
[2024-09-10T17:40:24.856+0000] {standard_task_runner.py:105} INFO - Job 2952: Subtask detect_1nf_and_insert_anomalies
[2024-09-10T17:40:25.865+0000] {task_command.py:467} INFO - Running <TaskInstance: detect_1fn_anomalies_dag.detect_1nf_and_insert_anomalies manual__2024-09-10T16:59:50.242639+00:00 [running]> on host 5f241b76205c
[2024-09-10T17:40:27.132+0000] {taskinstance.py:3131} INFO - Exporting env vars: AIRFLOW_CTX_DAG_OWNER='airflow' AIRFLOW_CTX_DAG_ID='detect_1fn_anomalies_dag' AIRFLOW_CTX_TASK_ID='detect_1nf_and_insert_anomalies' AIRFLOW_CTX_EXECUTION_DATE='2024-09-10T16:59:50.242639+00:00' AIRFLOW_CTX_TRY_NUMBER='2' AIRFLOW_CTX_DAG_RUN_ID='manual__2024-09-10T16:59:50.242639+00:00'
[2024-09-10T17:40:27.137+0000] {taskinstance.py:731} INFO - ::endgroup::
[2024-09-10T17:40:27.492+0000] {Dag_detect_1FN_anomaly.py:83} INFO - Processing table: customers
[2024-09-10T17:40:27.494+0000] {Dag_detect_1FN_anomaly.py:83} INFO - Processing table: transactions
[2024-09-10T17:40:27.495+0000] {Dag_detect_1FN_anomaly.py:83} INFO - Processing table: products
[2024-09-10T17:40:27.496+0000] {Dag_detect_1FN_anomaly.py:83} INFO - Processing table: orderdetails
[2024-09-10T17:40:27.499+0000] {Dag_detect_1FN_anomaly.py:83} INFO - Processing table: productsuppliers
[2024-09-10T17:40:28.457+0000] {Dag_detect_1FN_anomaly.py:90} INFO - No anomalies detected for table orderdetails
[2024-09-10T17:40:28.461+0000] {Dag_detect_1FN_anomaly.py:90} INFO - No anomalies detected for table products
[2024-09-10T17:40:28.478+0000] {Dag_detect_1FN_anomaly.py:83} INFO - Processing table: log
[2024-09-10T17:40:28.467+0000] {Dag_detect_1FN_anomaly.py:83} INFO - Processing table: anomalies
[2024-09-10T17:40:28.531+0000] {Dag_detect_1FN_anomaly.py:90} INFO - No anomalies detected for table productsuppliers
[2024-09-10T17:40:28.544+0000] {Dag_detect_1FN_anomaly.py:90} INFO - No anomalies detected for table customers
[2024-09-10T17:40:28.549+0000] {Dag_detect_1FN_anomaly.py:83} INFO - Processing table: job
[2024-09-10T17:40:28.546+0000] {Dag_detect_1FN_anomaly.py:83} INFO - Processing table: dag_priority_parsing_request
[2024-09-10T17:40:28.602+0000] {Dag_detect_1FN_anomaly.py:90} INFO - No anomalies detected for table transactions
[2024-09-10T17:40:28.607+0000] {Dag_detect_1FN_anomaly.py:83} INFO - Processing table: anomalies1
[2024-09-10T17:40:29.400+0000] {Dag_detect_1FN_anomaly.py:90} INFO - No anomalies detected for table dag_priority_parsing_request
[2024-09-10T17:40:29.406+0000] {Dag_detect_1FN_anomaly.py:83} INFO - Processing table: slot_pool
[2024-09-10T17:40:29.904+0000] {Dag_detect_1FN_anomaly.py:90} INFO - No anomalies detected for table job
[2024-09-10T17:40:29.918+0000] {Dag_detect_1FN_anomaly.py:83} INFO - Processing table: callback_request
[2024-09-10T17:40:30.270+0000] {Dag_detect_1FN_anomaly.py:88} INFO - Inserted 2 anomalies for table anomalies
[2024-09-10T17:40:30.275+0000] {Dag_detect_1FN_anomaly.py:83} INFO - Processing table: dag_code
[2024-09-10T17:40:30.562+0000] {Dag_detect_1FN_anomaly.py:90} INFO - No anomalies detected for table slot_pool
[2024-09-10T17:40:30.566+0000] {Dag_detect_1FN_anomaly.py:83} INFO - Processing table: dag_pickle
[2024-09-10T17:40:30.590+0000] {Dag_detect_1FN_anomaly.py:88} INFO - Inserted 2 anomalies for table anomalies1
[2024-09-10T17:40:30.592+0000] {Dag_detect_1FN_anomaly.py:83} INFO - Processing table: ab_user
[2024-09-10T17:40:30.764+0000] {Dag_detect_1FN_anomaly.py:90} INFO - No anomalies detected for table callback_request
[2024-09-10T17:40:30.766+0000] {Dag_detect_1FN_anomaly.py:83} INFO - Processing table: ab_register_user
[2024-09-10T17:40:31.452+0000] {Dag_detect_1FN_anomaly.py:90} INFO - No anomalies detected for table dag_pickle
[2024-09-10T17:40:31.456+0000] {Dag_detect_1FN_anomaly.py:83} INFO - Processing table: connection
[2024-09-10T17:40:31.455+0000] {logging_mixin.py:190} WARNING - /opt/airflow/dags/Dag_detect_1FN_anomaly.py:47 SAWarning: Skipped unsupported reflection of expression-based index idx_ab_user_username
[2024-09-10T17:40:31.522+0000] {Dag_detect_1FN_anomaly.py:90} INFO - No anomalies detected for table ab_user
[2024-09-10T17:40:31.524+0000] {Dag_detect_1FN_anomaly.py:83} INFO - Processing table: sla_miss
[2024-09-10T17:40:31.794+0000] {logging_mixin.py:190} WARNING - /opt/airflow/dags/Dag_detect_1FN_anomaly.py:47 SAWarning: Skipped unsupported reflection of expression-based index idx_ab_register_user_username
[2024-09-10T17:40:31.850+0000] {Dag_detect_1FN_anomaly.py:90} INFO - No anomalies detected for table ab_register_user
[2024-09-10T17:40:31.852+0000] {Dag_detect_1FN_anomaly.py:83} INFO - Processing table: variable
[2024-09-10T17:40:32.033+0000] {Dag_detect_1FN_anomaly.py:88} INFO - Inserted 7204 anomalies for table log
[2024-09-10T17:40:32.042+0000] {Dag_detect_1FN_anomaly.py:83} INFO - Processing table: import_error
[2024-09-10T17:40:32.299+0000] {Dag_detect_1FN_anomaly.py:88} INFO - Inserted 15 anomalies for table dag_code
[2024-09-10T17:40:32.301+0000] {Dag_detect_1FN_anomaly.py:83} INFO - Processing table: serialized_dag
[2024-09-10T17:40:32.466+0000] {Dag_detect_1FN_anomaly.py:90} INFO - No anomalies detected for table connection
[2024-09-10T17:40:32.471+0000] {Dag_detect_1FN_anomaly.py:83} INFO - Processing table: dataset_alias
[2024-09-10T17:40:32.490+0000] {Dag_detect_1FN_anomaly.py:90} INFO - No anomalies detected for table sla_miss
[2024-09-10T17:40:32.492+0000] {Dag_detect_1FN_anomaly.py:83} INFO - Processing table: dataset_alias_dataset
[2024-09-10T17:40:32.870+0000] {Dag_detect_1FN_anomaly.py:90} INFO - No anomalies detected for table variable
[2024-09-10T17:40:32.874+0000] {Dag_detect_1FN_anomaly.py:83} INFO - Processing table: dataset
[2024-09-10T17:40:32.993+0000] {Dag_detect_1FN_anomaly.py:90} INFO - No anomalies detected for table import_error
[2024-09-10T17:40:32.995+0000] {Dag_detect_1FN_anomaly.py:83} INFO - Processing table: dataset_alias_dataset_event
[2024-09-10T17:40:33.295+0000] {Dag_detect_1FN_anomaly.py:90} INFO - No anomalies detected for table serialized_dag
[2024-09-10T17:40:33.296+0000] {Dag_detect_1FN_anomaly.py:83} INFO - Processing table: dataset_event
[2024-09-10T17:40:33.498+0000] {Dag_detect_1FN_anomaly.py:90} INFO - No anomalies detected for table dataset_alias
[2024-09-10T17:40:33.503+0000] {Dag_detect_1FN_anomaly.py:83} INFO - Processing table: dag_schedule_dataset_alias_reference
[2024-09-10T17:40:33.574+0000] {Dag_detect_1FN_anomaly.py:90} INFO - No anomalies detected for table dataset_alias_dataset
[2024-09-10T17:40:33.576+0000] {Dag_detect_1FN_anomaly.py:83} INFO - Processing table: dag
[2024-09-10T17:40:33.744+0000] {Dag_detect_1FN_anomaly.py:90} INFO - No anomalies detected for table dataset
[2024-09-10T17:40:33.746+0000] {Dag_detect_1FN_anomaly.py:83} INFO - Processing table: dag_schedule_dataset_reference
[2024-09-10T17:40:33.882+0000] {Dag_detect_1FN_anomaly.py:90} INFO - No anomalies detected for table dataset_alias_dataset_event
[2024-09-10T17:40:33.883+0000] {Dag_detect_1FN_anomaly.py:83} INFO - Processing table: task_outlet_dataset_reference
[2024-09-10T17:40:33.945+0000] {Dag_detect_1FN_anomaly.py:90} INFO - No anomalies detected for table dataset_event
[2024-09-10T17:40:33.954+0000] {Dag_detect_1FN_anomaly.py:83} INFO - Processing table: dataset_dag_run_queue
[2024-09-10T17:40:34.349+0000] {Dag_detect_1FN_anomaly.py:90} INFO - No anomalies detected for table dag_schedule_dataset_alias_reference
[2024-09-10T17:40:34.351+0000] {Dag_detect_1FN_anomaly.py:83} INFO - Processing table: log_template
[2024-09-10T17:40:34.448+0000] {Dag_detect_1FN_anomaly.py:90} INFO - No anomalies detected for table dag_schedule_dataset_reference
[2024-09-10T17:40:34.451+0000] {Dag_detect_1FN_anomaly.py:83} INFO - Processing table: dag_run
[2024-09-10T17:40:34.620+0000] {Dag_detect_1FN_anomaly.py:90} INFO - No anomalies detected for table task_outlet_dataset_reference
[2024-09-10T17:40:34.622+0000] {Dag_detect_1FN_anomaly.py:83} INFO - Processing table: dag_tag
[2024-09-10T17:40:34.711+0000] {Dag_detect_1FN_anomaly.py:90} INFO - No anomalies detected for table dataset_dag_run_queue
[2024-09-10T17:40:34.712+0000] {Dag_detect_1FN_anomaly.py:83} INFO - Processing table: dag_owner_attributes
[2024-09-10T17:40:34.914+0000] {Dag_detect_1FN_anomaly.py:88} INFO - Inserted 7 anomalies for table dag
[2024-09-10T17:40:34.915+0000] {Dag_detect_1FN_anomaly.py:83} INFO - Processing table: ab_permission
[2024-09-10T17:40:35.166+0000] {Dag_detect_1FN_anomaly.py:90} INFO - No anomalies detected for table log_template
[2024-09-10T17:40:35.168+0000] {Dag_detect_1FN_anomaly.py:83} INFO - Processing table: ab_permission_view
[2024-09-10T17:40:35.565+0000] {Dag_detect_1FN_anomaly.py:90} INFO - No anomalies detected for table dag_run
[2024-09-10T17:40:35.569+0000] {Dag_detect_1FN_anomaly.py:83} INFO - Processing table: ab_view_menu
[2024-09-10T17:40:35.614+0000] {Dag_detect_1FN_anomaly.py:90} INFO - No anomalies detected for table dag_tag
[2024-09-10T17:40:35.618+0000] {Dag_detect_1FN_anomaly.py:83} INFO - Processing table: ab_user_role
[2024-09-10T17:40:35.639+0000] {Dag_detect_1FN_anomaly.py:90} INFO - No anomalies detected for table dag_owner_attributes
[2024-09-10T17:40:35.640+0000] {Dag_detect_1FN_anomaly.py:83} INFO - Processing table: ab_role
[2024-09-10T17:40:35.691+0000] {Dag_detect_1FN_anomaly.py:90} INFO - No anomalies detected for table ab_permission
[2024-09-10T17:40:35.693+0000] {Dag_detect_1FN_anomaly.py:83} INFO - Processing table: dag_warning
[2024-09-10T17:40:35.928+0000] {Dag_detect_1FN_anomaly.py:90} INFO - No anomalies detected for table ab_permission_view
[2024-09-10T17:40:35.930+0000] {Dag_detect_1FN_anomaly.py:83} INFO - Processing table: dagrun_dataset_event
[2024-09-10T17:40:36.114+0000] {Dag_detect_1FN_anomaly.py:90} INFO - No anomalies detected for table ab_view_menu
[2024-09-10T17:40:36.115+0000] {Dag_detect_1FN_anomaly.py:83} INFO - Processing table: trigger
[2024-09-10T17:40:36.180+0000] {Dag_detect_1FN_anomaly.py:90} INFO - No anomalies detected for table ab_role
[2024-09-10T17:40:36.184+0000] {logging_mixin.py:190} WARNING - /opt/airflow/dags/Dag_detect_1FN_anomaly.py:47 SAWarning: Skipped unsupported reflection of expression-based index idx_ab_user_username
[2024-09-10T17:40:36.184+0000] {Dag_detect_1FN_anomaly.py:83} INFO - Processing table: task_instance
[2024-09-10T17:40:36.218+0000] {Dag_detect_1FN_anomaly.py:90} INFO - No anomalies detected for table ab_user_role
[2024-09-10T17:40:36.220+0000] {Dag_detect_1FN_anomaly.py:83} INFO - Processing table: dag_run_note
[2024-09-10T17:40:36.258+0000] {Dag_detect_1FN_anomaly.py:90} INFO - No anomalies detected for table dag_warning
[2024-09-10T17:40:36.260+0000] {Dag_detect_1FN_anomaly.py:83} INFO - Processing table: ab_permission_view_role
[2024-09-10T17:40:36.489+0000] {Dag_detect_1FN_anomaly.py:90} INFO - No anomalies detected for table dagrun_dataset_event
[2024-09-10T17:40:36.491+0000] {Dag_detect_1FN_anomaly.py:83} INFO - Processing table: rendered_task_instance_fields
[2024-09-10T17:40:36.613+0000] {Dag_detect_1FN_anomaly.py:90} INFO - No anomalies detected for table trigger
[2024-09-10T17:40:36.614+0000] {Dag_detect_1FN_anomaly.py:83} INFO - Processing table: task_fail
[2024-09-10T17:40:36.847+0000] {logging_mixin.py:190} WARNING - /opt/airflow/dags/Dag_detect_1FN_anomaly.py:47 SAWarning: Skipped unsupported reflection of expression-based index idx_ab_user_username
[2024-09-10T17:40:36.949+0000] {Dag_detect_1FN_anomaly.py:90} INFO - No anomalies detected for table dag_run_note
[2024-09-10T17:40:36.952+0000] {Dag_detect_1FN_anomaly.py:83} INFO - Processing table: task_map
[2024-09-10T17:40:37.072+0000] {Dag_detect_1FN_anomaly.py:90} INFO - No anomalies detected for table ab_permission_view_role
[2024-09-10T17:40:37.075+0000] {Dag_detect_1FN_anomaly.py:83} INFO - Processing table: task_reschedule
[2024-09-10T17:40:37.125+0000] {Dag_detect_1FN_anomaly.py:90} INFO - No anomalies detected for table task_instance
[2024-09-10T17:40:37.129+0000] {Dag_detect_1FN_anomaly.py:83} INFO - Processing table: xcom
[2024-09-10T17:40:37.247+0000] {Dag_detect_1FN_anomaly.py:90} INFO - No anomalies detected for table rendered_task_instance_fields
[2024-09-10T17:40:37.252+0000] {Dag_detect_1FN_anomaly.py:83} INFO - Processing table: task_instance_note
[2024-09-10T17:40:37.313+0000] {Dag_detect_1FN_anomaly.py:90} INFO - No anomalies detected for table task_fail
[2024-09-10T17:40:37.315+0000] {Dag_detect_1FN_anomaly.py:83} INFO - Processing table: task_instance_history
[2024-09-10T17:40:37.474+0000] {Dag_detect_1FN_anomaly.py:90} INFO - No anomalies detected for table task_map
[2024-09-10T17:40:37.477+0000] {Dag_detect_1FN_anomaly.py:83} INFO - Processing table: session
[2024-09-10T17:40:37.664+0000] {Dag_detect_1FN_anomaly.py:90} INFO - No anomalies detected for table task_reschedule
[2024-09-10T17:40:37.666+0000] {Dag_detect_1FN_anomaly.py:83} INFO - Processing table: alembic_version
[2024-09-10T17:40:37.749+0000] {Dag_detect_1FN_anomaly.py:90} INFO - No anomalies detected for table xcom
[2024-09-10T17:40:37.752+0000] {Dag_detect_1FN_anomaly.py:83} INFO - Processing table: orders
[2024-09-10T17:40:38.065+0000] {logging_mixin.py:190} WARNING - /opt/airflow/dags/Dag_detect_1FN_anomaly.py:47 SAWarning: Skipped unsupported reflection of expression-based index idx_ab_user_username
[2024-09-10T17:40:38.181+0000] {Dag_detect_1FN_anomaly.py:90} INFO - No anomalies detected for table task_instance_history
[2024-09-10T17:40:38.188+0000] {Dag_detect_1FN_anomaly.py:90} INFO - No anomalies detected for table task_instance_note
[2024-09-10T17:40:38.191+0000] {Dag_detect_1FN_anomaly.py:83} INFO - Processing table: anomalieDetected
[2024-09-10T17:40:38.206+0000] {Dag_detect_1FN_anomaly.py:90} INFO - No anomalies detected for table session
[2024-09-10T17:40:38.290+0000] {Dag_detect_1FN_anomaly.py:90} INFO - No anomalies detected for table alembic_version
[2024-09-10T17:40:38.368+0000] {Dag_detect_1FN_anomaly.py:90} INFO - No anomalies detected for table orders
[2024-09-10T17:41:26.037+0000] {Dag_detect_1FN_anomaly.py:88} INFO - Inserted 264967 anomalies for table anomalieDetected
[2024-09-10T17:41:26.171+0000] {Dag_detect_1FN_anomaly.py:101} INFO - Détection et insertion des anomalies terminées avec succès.
[2024-09-10T17:41:26.173+0000] {python.py:240} INFO - Done. Returned value was: None
[2024-09-10T17:41:26.324+0000] {taskinstance.py:340} INFO - ::group::Post task execution logs
[2024-09-10T17:41:26.327+0000] {taskinstance.py:352} INFO - Marking task as SUCCESS. dag_id=detect_1fn_anomalies_dag, task_id=detect_1nf_and_insert_anomalies, run_id=manual__2024-09-10T16:59:50.242639+00:00, execution_date=20240910T165950, start_date=20240910T174024, end_date=20240910T174126
[2024-09-10T17:41:26.436+0000] {local_task_job_runner.py:266} INFO - Task exited with return code 0
[2024-09-10T17:41:26.649+0000] {taskinstance.py:3900} INFO - 0 downstream tasks scheduled from follow-on schedule check
[2024-09-10T17:41:26.654+0000] {local_task_job_runner.py:245} INFO - ::endgroup::
