[2024-10-23T11:45:16.607+0000] {local_task_job_runner.py:123} INFO - ::group::Pre task execution logs
[2024-10-23T11:45:17.001+0000] {taskinstance.py:2612} INFO - Dependencies all met for dep_context=non-requeueable deps ti=<TaskInstance: Dag_detect_invalid_customer_ids.run_anomaly_detection scheduled__2024-10-23T11:30:00+00:00 [queued]>
[2024-10-23T11:45:17.066+0000] {taskinstance.py:2612} INFO - Dependencies all met for dep_context=requeueable deps ti=<TaskInstance: Dag_detect_invalid_customer_ids.run_anomaly_detection scheduled__2024-10-23T11:30:00+00:00 [queued]>
[2024-10-23T11:45:17.068+0000] {taskinstance.py:2865} INFO - Starting attempt 1 of 2
[2024-10-23T11:45:17.243+0000] {taskinstance.py:2888} INFO - Executing <Task(PythonOperator): run_anomaly_detection> on 2024-10-23 11:30:00+00:00
[2024-10-23T11:45:17.334+0000] {logging_mixin.py:190} WARNING - /home/airflow/.local/lib/python3.12/site-packages/airflow/task/task_runner/standard_task_runner.py:70 DeprecationWarning: This process (pid=3305) is multi-threaded, use of fork() may lead to deadlocks in the child.
[2024-10-23T11:45:17.348+0000] {standard_task_runner.py:72} INFO - Started process 3369 to run task
[2024-10-23T11:45:17.368+0000] {standard_task_runner.py:104} INFO - Running: ['airflow', 'tasks', 'run', 'Dag_detect_invalid_customer_ids', 'run_anomaly_detection', 'scheduled__2024-10-23T11:30:00+00:00', '--job-id', '6056', '--raw', '--subdir', 'DAGS_FOLDER/dag_detect_invalid_customer_ids.py', '--cfg-path', '/tmp/tmpwiwncmqt']
[2024-10-23T11:45:17.422+0000] {standard_task_runner.py:105} INFO - Job 6056: Subtask run_anomaly_detection
[2024-10-23T11:45:19.589+0000] {task_command.py:467} INFO - Running <TaskInstance: Dag_detect_invalid_customer_ids.run_anomaly_detection scheduled__2024-10-23T11:30:00+00:00 [running]> on host 696ca67245ce
[2024-10-23T11:45:21.353+0000] {taskinstance.py:3131} INFO - Exporting env vars: AIRFLOW_CTX_DAG_OWNER='airflow' AIRFLOW_CTX_DAG_ID='Dag_detect_invalid_customer_ids' AIRFLOW_CTX_TASK_ID='run_anomaly_detection' AIRFLOW_CTX_EXECUTION_DATE='2024-10-23T11:30:00+00:00' AIRFLOW_CTX_TRY_NUMBER='1' AIRFLOW_CTX_DAG_RUN_ID='scheduled__2024-10-23T11:30:00+00:00'
[2024-10-23T11:45:21.369+0000] {taskinstance.py:731} INFO - ::endgroup::
[2024-10-23T11:45:21.399+0000] {dag_detect_invalid_customer_ids.py:101} INFO - Starting anomaly detection process
[2024-10-23T11:45:22.276+0000] {dag_detect_invalid_customer_ids.py:105} INFO - Loaded 19 transactions
[2024-10-23T11:45:22.318+0000] {dag_detect_invalid_customer_ids.py:108} INFO - Detected 5 anomalies
[2024-10-23T11:45:22.398+0000] {dag_detect_invalid_customer_ids.py:94} INFO - Inserted 5 new anomalies.
[2024-10-23T11:45:22.404+0000] {dag_detect_invalid_customer_ids.py:111} INFO - Anomaly detection process completed successfully
[2024-10-23T11:45:22.417+0000] {python.py:240} INFO - Done. Returned value was: None
[2024-10-23T11:45:23.621+0000] {taskinstance.py:340} INFO - ::group::Post task execution logs
[2024-10-23T11:45:23.624+0000] {taskinstance.py:352} INFO - Marking task as SUCCESS. dag_id=Dag_detect_invalid_customer_ids, task_id=run_anomaly_detection, run_id=scheduled__2024-10-23T11:30:00+00:00, execution_date=20241023T113000, start_date=20241023T114517, end_date=20241023T114523
[2024-10-23T11:45:24.360+0000] {local_task_job_runner.py:266} INFO - Task exited with return code 0
[2024-10-23T11:45:25.198+0000] {taskinstance.py:3900} INFO - 0 downstream tasks scheduled from follow-on schedule check
[2024-10-23T11:45:25.211+0000] {local_task_job_runner.py:245} INFO - ::endgroup::
