[2024-09-11T13:25:12.037+0000] {local_task_job_runner.py:123} INFO - ::group::Pre task execution logs
[2024-09-11T13:25:12.593+0000] {taskinstance.py:2612} INFO - Dependencies all met for dep_context=non-requeueable deps ti=<TaskInstance: detect_transaction_date_anomalies_dag.run_anomaly_detection scheduled__2024-09-11T13:20:00+00:00 [queued]>
[2024-09-11T13:25:12.643+0000] {taskinstance.py:2612} INFO - Dependencies all met for dep_context=requeueable deps ti=<TaskInstance: detect_transaction_date_anomalies_dag.run_anomaly_detection scheduled__2024-09-11T13:20:00+00:00 [queued]>
[2024-09-11T13:25:12.645+0000] {taskinstance.py:2865} INFO - Starting attempt 1 of 2
[2024-09-11T13:25:12.782+0000] {taskinstance.py:2888} INFO - Executing <Task(PythonOperator): run_anomaly_detection> on 2024-09-11 13:20:00+00:00
[2024-09-11T13:25:12.898+0000] {logging_mixin.py:190} WARNING - /home/airflow/.local/lib/python3.12/site-packages/airflow/task/task_runner/standard_task_runner.py:70 DeprecationWarning: This process (pid=1485) is multi-threaded, use of fork() may lead to deadlocks in the child.
[2024-09-11T13:25:12.913+0000] {standard_task_runner.py:72} INFO - Started process 1536 to run task
[2024-09-11T13:25:12.939+0000] {standard_task_runner.py:104} INFO - Running: ['airflow', 'tasks', 'run', 'detect_transaction_date_anomalies_dag', 'run_anomaly_detection', 'scheduled__2024-09-11T13:20:00+00:00', '--job-id', '615', '--raw', '--subdir', 'DAGS_FOLDER/Dag-Transaction-Date-in-the-Paste.py', '--cfg-path', '/tmp/tmp733875mv']
[2024-09-11T13:25:12.991+0000] {standard_task_runner.py:105} INFO - Job 615: Subtask run_anomaly_detection
[2024-09-11T13:25:15.275+0000] {task_command.py:467} INFO - Running <TaskInstance: detect_transaction_date_anomalies_dag.run_anomaly_detection scheduled__2024-09-11T13:20:00+00:00 [running]> on host 180117ed1726
[2024-09-11T13:25:21.710+0000] {job.py:229} INFO - Heartbeat recovered after 12.25 seconds
[2024-09-11T13:25:23.237+0000] {taskinstance.py:3131} INFO - Exporting env vars: AIRFLOW_CTX_DAG_OWNER='airflow' AIRFLOW_CTX_DAG_ID='detect_transaction_date_anomalies_dag' AIRFLOW_CTX_TASK_ID='run_anomaly_detection' AIRFLOW_CTX_EXECUTION_DATE='2024-09-11T13:20:00+00:00' AIRFLOW_CTX_TRY_NUMBER='1' AIRFLOW_CTX_DAG_RUN_ID='scheduled__2024-09-11T13:20:00+00:00'
[2024-09-11T13:25:23.303+0000] {taskinstance.py:731} INFO - ::endgroup::
[2024-09-11T13:25:27.846+0000] {Dag-Transaction-Date-in-the-Paste.py:97} INFO - Inserting 1 detected anomalies
[2024-09-11T13:25:33.003+0000] {python.py:240} INFO - Done. Returned value was: None
[2024-09-11T13:25:33.716+0000] {taskinstance.py:340} INFO - ::group::Post task execution logs
[2024-09-11T13:25:33.717+0000] {taskinstance.py:352} INFO - Marking task as SUCCESS. dag_id=detect_transaction_date_anomalies_dag, task_id=run_anomaly_detection, run_id=scheduled__2024-09-11T13:20:00+00:00, execution_date=20240911T132000, start_date=20240911T132512, end_date=20240911T132533
[2024-09-11T13:25:33.841+0000] {local_task_job_runner.py:266} INFO - Task exited with return code 0
[2024-09-11T13:25:34.311+0000] {taskinstance.py:3900} INFO - 0 downstream tasks scheduled from follow-on schedule check
[2024-09-11T13:25:34.316+0000] {local_task_job_runner.py:245} INFO - ::endgroup::
