[2024-09-08T14:55:05.395+0000] {local_task_job_runner.py:123} INFO - ::group::Pre task execution logs
[2024-09-08T14:55:06.797+0000] {taskinstance.py:2612} INFO - Dependencies all met for dep_context=non-requeueable deps ti=<TaskInstance: correction_Dag_Valeu_NULL.correct_transactions_anomalies scheduled__2024-09-08T14:50:00+00:00 [queued]>
[2024-09-08T14:55:06.877+0000] {taskinstance.py:2612} INFO - Dependencies all met for dep_context=requeueable deps ti=<TaskInstance: correction_Dag_Valeu_NULL.correct_transactions_anomalies scheduled__2024-09-08T14:50:00+00:00 [queued]>
[2024-09-08T14:55:06.887+0000] {taskinstance.py:2865} INFO - Starting attempt 1 of 2
[2024-09-08T14:55:07.214+0000] {taskinstance.py:2888} INFO - Executing <Task(PythonOperator): correct_transactions_anomalies> on 2024-09-08 14:50:00+00:00
[2024-09-08T14:55:07.543+0000] {standard_task_runner.py:104} INFO - Running: ['airflow', 'tasks', 'run', 'correction_Dag_Valeu_NULL', 'correct_transactions_anomalies', 'scheduled__2024-09-08T14:50:00+00:00', '--job-id', '1230', '--raw', '--subdir', 'DAGS_FOLDER/Correction_dag_Valeur_NULL.py', '--cfg-path', '/tmp/tmpglq0zdvg']
[2024-09-08T14:55:07.624+0000] {standard_task_runner.py:105} INFO - Job 1230: Subtask correct_transactions_anomalies
[2024-09-08T14:55:07.721+0000] {logging_mixin.py:190} WARNING - /home/airflow/.local/lib/python3.12/site-packages/airflow/task/task_runner/standard_task_runner.py:70 DeprecationWarning: This process (pid=31408) is multi-threaded, use of fork() may lead to deadlocks in the child.
[2024-09-08T14:55:07.737+0000] {standard_task_runner.py:72} INFO - Started process 31434 to run task
[2024-09-08T14:55:10.525+0000] {task_command.py:467} INFO - Running <TaskInstance: correction_Dag_Valeu_NULL.correct_transactions_anomalies scheduled__2024-09-08T14:50:00+00:00 [running]> on host 13d1dadf4f15
[2024-09-08T14:55:13.621+0000] {taskinstance.py:3131} INFO - Exporting env vars: AIRFLOW_CTX_DAG_OWNER='airflow' AIRFLOW_CTX_DAG_ID='correction_Dag_Valeu_NULL' AIRFLOW_CTX_TASK_ID='correct_transactions_anomalies' AIRFLOW_CTX_EXECUTION_DATE='2024-09-08T14:50:00+00:00' AIRFLOW_CTX_TRY_NUMBER='1' AIRFLOW_CTX_DAG_RUN_ID='scheduled__2024-09-08T14:50:00+00:00'
[2024-09-08T14:55:13.678+0000] {taskinstance.py:731} INFO - ::endgroup::
[2024-09-08T14:55:23.550+0000] {logging_mixin.py:190} INFO - Correction des anomalies dans la table Transactions réussie.
[2024-09-08T14:55:23.618+0000] {python.py:240} INFO - Done. Returned value was: None
[2024-09-08T14:55:26.958+0000] {taskinstance.py:340} INFO - ::group::Post task execution logs
[2024-09-08T14:55:26.984+0000] {taskinstance.py:352} INFO - Marking task as SUCCESS. dag_id=correction_Dag_Valeu_NULL, task_id=correct_transactions_anomalies, run_id=scheduled__2024-09-08T14:50:00+00:00, execution_date=20240908T145000, start_date=20240908T145506, end_date=20240908T145526
[2024-09-08T14:55:27.333+0000] {job.py:229} INFO - Heartbeat recovered after 23.75 seconds
[2024-09-08T14:55:28.567+0000] {local_task_job_runner.py:266} INFO - Task exited with return code 0
[2024-09-08T14:55:30.117+0000] {taskinstance.py:3900} INFO - 0 downstream tasks scheduled from follow-on schedule check
[2024-09-08T14:55:30.138+0000] {local_task_job_runner.py:245} INFO - ::endgroup::
