[2024-09-13T18:02:25.945+0000] {local_task_job_runner.py:123} INFO - ::group::Pre task execution logs
[2024-09-13T18:02:27.411+0000] {taskinstance.py:2612} INFO - Dependencies all met for dep_context=non-requeueable deps ti=<TaskInstance: welcome_dag.print_date scheduled__2024-09-13T18:00:03+00:00 [queued]>
[2024-09-13T18:02:27.545+0000] {taskinstance.py:2612} INFO - Dependencies all met for dep_context=requeueable deps ti=<TaskInstance: welcome_dag.print_date scheduled__2024-09-13T18:00:03+00:00 [queued]>
[2024-09-13T18:02:27.549+0000] {taskinstance.py:2865} INFO - Starting attempt 1 of 1
[2024-09-13T18:02:28.039+0000] {taskinstance.py:2888} INFO - Executing <Task(PythonOperator): print_date> on 2024-09-13 18:00:03+00:00
[2024-09-13T18:02:28.149+0000] {standard_task_runner.py:104} INFO - Running: ['airflow', 'tasks', 'run', 'welcome_dag', 'print_date', 'scheduled__2024-09-13T18:00:03+00:00', '--job-id', '3059', '--raw', '--subdir', 'DAGS_FOLDER/Awelcome_dags.py', '--cfg-path', '/tmp/tmpobzqbd05']
[2024-09-13T18:02:28.209+0000] {standard_task_runner.py:105} INFO - Job 3059: Subtask print_date
[2024-09-13T18:02:28.814+0000] {logging_mixin.py:190} WARNING - /home/airflow/.local/lib/python3.12/site-packages/airflow/task/task_runner/standard_task_runner.py:70 DeprecationWarning: This process (pid=36932) is multi-threaded, use of fork() may lead to deadlocks in the child.
[2024-09-13T18:02:28.850+0000] {standard_task_runner.py:72} INFO - Started process 36961 to run task
[2024-09-13T18:02:35.301+0000] {task_command.py:467} INFO - Running <TaskInstance: welcome_dag.print_date scheduled__2024-09-13T18:00:03+00:00 [running]> on host 7403e816bcf5
[2024-09-13T18:02:37.993+0000] {job.py:229} INFO - Heartbeat recovered after 20.66 seconds
[2024-09-13T18:02:46.901+0000] {taskinstance.py:3131} INFO - Exporting env vars: AIRFLOW_CTX_DAG_OWNER='airflow' AIRFLOW_CTX_DAG_ID='welcome_dag' AIRFLOW_CTX_TASK_ID='print_date' AIRFLOW_CTX_EXECUTION_DATE='2024-09-13T18:00:03+00:00' AIRFLOW_CTX_TRY_NUMBER='1' AIRFLOW_CTX_DAG_RUN_ID='scheduled__2024-09-13T18:00:03+00:00'
[2024-09-13T18:02:46.993+0000] {taskinstance.py:731} INFO - ::endgroup::
[2024-09-13T18:02:48.239+0000] {logging_mixin.py:190} INFO - Today is 2024-09-13
[2024-09-13T18:02:48.247+0000] {python.py:240} INFO - Done. Returned value was: None
[2024-09-13T18:02:50.368+0000] {job.py:229} INFO - Heartbeat recovered after 12.45 seconds
[2024-09-13T18:02:51.569+0000] {taskinstance.py:340} INFO - ::group::Post task execution logs
[2024-09-13T18:02:51.575+0000] {taskinstance.py:352} INFO - Marking task as SUCCESS. dag_id=welcome_dag, task_id=print_date, run_id=scheduled__2024-09-13T18:00:03+00:00, execution_date=20240913T180003, start_date=20240913T180227, end_date=20240913T180251
[2024-09-13T18:02:54.510+0000] {local_task_job_runner.py:266} INFO - Task exited with return code 0
[2024-09-13T18:02:54.791+0000] {standard_task_runner.py:217} INFO - Process not found (most likely exited), stop collecting metrics
[2024-09-13T18:02:57.279+0000] {taskinstance.py:3900} INFO - 0 downstream tasks scheduled from follow-on schedule check
[2024-09-13T18:02:57.359+0000] {local_task_job_runner.py:245} INFO - ::endgroup::
