[2024-09-10T17:52:16.372+0000] {local_task_job_runner.py:123} INFO - ::group::Pre task execution logs
[2024-09-10T17:52:17.129+0000] {taskinstance.py:2612} INFO - Dependencies all met for dep_context=non-requeueable deps ti=<TaskInstance: Dag_Non-numeric-Quantity.run_anomaly_detection scheduled__2024-09-10T17:40:00+00:00 [queued]>
[2024-09-10T17:52:17.212+0000] {taskinstance.py:2612} INFO - Dependencies all met for dep_context=requeueable deps ti=<TaskInstance: Dag_Non-numeric-Quantity.run_anomaly_detection scheduled__2024-09-10T17:40:00+00:00 [queued]>
[2024-09-10T17:52:17.234+0000] {taskinstance.py:2865} INFO - Starting attempt 2 of 2
[2024-09-10T17:52:17.331+0000] {taskinstance.py:2888} INFO - Executing <Task(PythonOperator): run_anomaly_detection> on 2024-09-10 17:40:00+00:00
[2024-09-10T17:52:17.414+0000] {logging_mixin.py:190} WARNING - /home/airflow/.local/lib/python3.12/site-packages/airflow/task/task_runner/standard_task_runner.py:70 DeprecationWarning: This process (pid=2026) is multi-threaded, use of fork() may lead to deadlocks in the child.
[2024-09-10T17:52:17.417+0000] {standard_task_runner.py:104} INFO - Running: ['airflow', 'tasks', 'run', 'Dag_Non-numeric-Quantity', 'run_anomaly_detection', 'scheduled__2024-09-10T17:40:00+00:00', '--job-id', '2974', '--raw', '--subdir', 'DAGS_FOLDER/Dag_Non-numeric-Quantity.py', '--cfg-path', '/tmp/tmpwaxih4dl']
[2024-09-10T17:52:17.443+0000] {standard_task_runner.py:72} INFO - Started process 2060 to run task
[2024-09-10T17:52:17.444+0000] {standard_task_runner.py:105} INFO - Job 2974: Subtask run_anomaly_detection
[2024-09-10T17:52:19.615+0000] {standard_task_runner.py:124} ERROR - Failed to execute job 2974 for task run_anomaly_detection ((psycopg2.errors.IoError) could not open file "base/16384/99080": Input/output error

[SQL: SELECT task_instance.task_display_name, task_instance.task_id, task_instance.dag_id, task_instance.run_id, task_instance.map_index, task_instance.start_date, task_instance.end_date, task_instance.duration, task_instance.state, task_instance.try_number, task_instance.max_tries, task_instance.hostname, task_instance.unixname, task_instance.job_id, task_instance.pool, task_instance.pool_slots, task_instance.queue, task_instance.priority_weight, task_instance.operator, task_instance.custom_operator_name, task_instance.queued_dttm, task_instance.queued_by_job_id, task_instance.pid, task_instance.executor, task_instance.executor_config, task_instance.updated_at, task_instance.rendered_map_index, task_instance.external_executor_id, task_instance.trigger_id, task_instance.trigger_timeout, task_instance.next_method, task_instance.next_kwargs, dag_run_1.state AS state_1, dag_run_1.id, dag_run_1.dag_id AS dag_id_1, dag_run_1.queued_at, dag_run_1.execution_date, dag_run_1.start_date AS start_date_1, dag_run_1.end_date AS end_date_1, dag_run_1.run_id AS run_id_1, dag_run_1.creating_job_id, dag_run_1.external_trigger, dag_run_1.run_type, dag_run_1.conf, dag_run_1.data_interval_start, dag_run_1.data_interval_end, dag_run_1.last_scheduling_decision, dag_run_1.dag_hash, dag_run_1.log_template_id, dag_run_1.updated_at AS updated_at_1, dag_run_1.clear_number 
FROM task_instance JOIN dag_run AS dag_run_1 ON dag_run_1.dag_id = task_instance.dag_id AND dag_run_1.run_id = task_instance.run_id 
WHERE task_instance.dag_id = %(dag_id_2)s AND task_instance.run_id = %(run_id_2)s AND task_instance.task_id = %(task_id_1)s AND task_instance.map_index = %(map_index_1)s]
[parameters: {'dag_id_2': 'Dag_Non-numeric-Quantity', 'run_id_2': 'scheduled__2024-09-10T17:40:00+00:00', 'task_id_1': 'run_anomaly_detection', 'map_index_1': -1}]
(Background on this error at: https://sqlalche.me/e/14/e3q8); 2060)
Traceback (most recent call last):
  File "/home/airflow/.local/lib/python3.12/site-packages/sqlalchemy/engine/base.py", line 1910, in _execute_context
    self.dialect.do_execute(
  File "/home/airflow/.local/lib/python3.12/site-packages/sqlalchemy/engine/default.py", line 736, in do_execute
    cursor.execute(statement, parameters)
psycopg2.errors.IoError: could not open file "base/16384/99080": Input/output error


The above exception was the direct cause of the following exception:

Traceback (most recent call last):
  File "/home/airflow/.local/lib/python3.12/site-packages/airflow/task/task_runner/standard_task_runner.py", line 117, in _start_by_fork
    ret = args.func(args, dag=self.dag)
          ^^^^^^^^^^^^^^^^^^^^^^^^^^^^^
  File "/home/airflow/.local/lib/python3.12/site-packages/airflow/cli/cli_config.py", line 49, in command
    return func(*args, **kwargs)
           ^^^^^^^^^^^^^^^^^^^^^
  File "/home/airflow/.local/lib/python3.12/site-packages/airflow/utils/cli.py", line 115, in wrapper
    return f(*args, **kwargs)
           ^^^^^^^^^^^^^^^^^^
  File "/home/airflow/.local/lib/python3.12/site-packages/airflow/cli/commands/task_command.py", line 462, in task_run
    ti, _ = _get_ti(task, args.map_index, exec_date_or_run_id=args.execution_date_or_run_id, pool=args.pool)
            ^^^^^^^^^^^^^^^^^^^^^^^^^^^^^^^^^^^^^^^^^^^^^^^^^^^^^^^^^^^^^^^^^^^^^^^^^^^^^^^^^^^^^^^^^^^^^^^^
  File "/home/airflow/.local/lib/python3.12/site-packages/airflow/cli/commands/task_command.py", line 224, in _get_ti
    ti, dr_created = _get_ti_db_access(
                     ^^^^^^^^^^^^^^^^^^
  File "/home/airflow/.local/lib/python3.12/site-packages/airflow/api_internal/internal_api_call.py", line 139, in wrapper
    return func(*args, **kwargs)
           ^^^^^^^^^^^^^^^^^^^^^
  File "/home/airflow/.local/lib/python3.12/site-packages/airflow/utils/session.py", line 97, in wrapper
    return func(*args, session=session, **kwargs)
           ^^^^^^^^^^^^^^^^^^^^^^^^^^^^^^^^^^^^^^
  File "/home/airflow/.local/lib/python3.12/site-packages/airflow/cli/commands/task_command.py", line 193, in _get_ti_db_access
    ti_or_none = dag_run.get_task_instance(task.task_id, map_index=map_index, session=session)
                 ^^^^^^^^^^^^^^^^^^^^^^^^^^^^^^^^^^^^^^^^^^^^^^^^^^^^^^^^^^^^^^^^^^^^^^^^^^^^^
  File "/home/airflow/.local/lib/python3.12/site-packages/airflow/utils/session.py", line 94, in wrapper
    return func(*args, **kwargs)
           ^^^^^^^^^^^^^^^^^^^^^
  File "/home/airflow/.local/lib/python3.12/site-packages/airflow/models/dagrun.py", line 647, in get_task_instance
    return DagRun.fetch_task_instance(
           ^^^^^^^^^^^^^^^^^^^^^^^^^^^
  File "/home/airflow/.local/lib/python3.12/site-packages/airflow/api_internal/internal_api_call.py", line 139, in wrapper
    return func(*args, **kwargs)
           ^^^^^^^^^^^^^^^^^^^^^
  File "/home/airflow/.local/lib/python3.12/site-packages/airflow/utils/session.py", line 94, in wrapper
    return func(*args, **kwargs)
           ^^^^^^^^^^^^^^^^^^^^^
  File "/home/airflow/.local/lib/python3.12/site-packages/airflow/models/dagrun.py", line 673, in fetch_task_instance
    return session.scalars(
           ^^^^^^^^^^^^^^^^
  File "/home/airflow/.local/lib/python3.12/site-packages/sqlalchemy/orm/session.py", line 1778, in scalars
    return self.execute(
           ^^^^^^^^^^^^^
  File "/home/airflow/.local/lib/python3.12/site-packages/sqlalchemy/orm/session.py", line 1717, in execute
    result = conn._execute_20(statement, params or {}, execution_options)
             ^^^^^^^^^^^^^^^^^^^^^^^^^^^^^^^^^^^^^^^^^^^^^^^^^^^^^^^^^^^^
  File "/home/airflow/.local/lib/python3.12/site-packages/sqlalchemy/engine/base.py", line 1710, in _execute_20
    return meth(self, args_10style, kwargs_10style, execution_options)
           ^^^^^^^^^^^^^^^^^^^^^^^^^^^^^^^^^^^^^^^^^^^^^^^^^^^^^^^^^^^
  File "/home/airflow/.local/lib/python3.12/site-packages/sqlalchemy/sql/elements.py", line 334, in _execute_on_connection
    return connection._execute_clauseelement(
           ^^^^^^^^^^^^^^^^^^^^^^^^^^^^^^^^^^
  File "/home/airflow/.local/lib/python3.12/site-packages/sqlalchemy/engine/base.py", line 1577, in _execute_clauseelement
    ret = self._execute_context(
          ^^^^^^^^^^^^^^^^^^^^^^
  File "/home/airflow/.local/lib/python3.12/site-packages/sqlalchemy/engine/base.py", line 1953, in _execute_context
    self._handle_dbapi_exception(
  File "/home/airflow/.local/lib/python3.12/site-packages/sqlalchemy/engine/base.py", line 2134, in _handle_dbapi_exception
    util.raise_(
  File "/home/airflow/.local/lib/python3.12/site-packages/sqlalchemy/util/compat.py", line 211, in raise_
    raise exception
  File "/home/airflow/.local/lib/python3.12/site-packages/sqlalchemy/engine/base.py", line 1910, in _execute_context
    self.dialect.do_execute(
  File "/home/airflow/.local/lib/python3.12/site-packages/sqlalchemy/engine/default.py", line 736, in do_execute
    cursor.execute(statement, parameters)
sqlalchemy.exc.OperationalError: (psycopg2.errors.IoError) could not open file "base/16384/99080": Input/output error

[SQL: SELECT task_instance.task_display_name, task_instance.task_id, task_instance.dag_id, task_instance.run_id, task_instance.map_index, task_instance.start_date, task_instance.end_date, task_instance.duration, task_instance.state, task_instance.try_number, task_instance.max_tries, task_instance.hostname, task_instance.unixname, task_instance.job_id, task_instance.pool, task_instance.pool_slots, task_instance.queue, task_instance.priority_weight, task_instance.operator, task_instance.custom_operator_name, task_instance.queued_dttm, task_instance.queued_by_job_id, task_instance.pid, task_instance.executor, task_instance.executor_config, task_instance.updated_at, task_instance.rendered_map_index, task_instance.external_executor_id, task_instance.trigger_id, task_instance.trigger_timeout, task_instance.next_method, task_instance.next_kwargs, dag_run_1.state AS state_1, dag_run_1.id, dag_run_1.dag_id AS dag_id_1, dag_run_1.queued_at, dag_run_1.execution_date, dag_run_1.start_date AS start_date_1, dag_run_1.end_date AS end_date_1, dag_run_1.run_id AS run_id_1, dag_run_1.creating_job_id, dag_run_1.external_trigger, dag_run_1.run_type, dag_run_1.conf, dag_run_1.data_interval_start, dag_run_1.data_interval_end, dag_run_1.last_scheduling_decision, dag_run_1.dag_hash, dag_run_1.log_template_id, dag_run_1.updated_at AS updated_at_1, dag_run_1.clear_number 
FROM task_instance JOIN dag_run AS dag_run_1 ON dag_run_1.dag_id = task_instance.dag_id AND dag_run_1.run_id = task_instance.run_id 
WHERE task_instance.dag_id = %(dag_id_2)s AND task_instance.run_id = %(run_id_2)s AND task_instance.task_id = %(task_id_1)s AND task_instance.map_index = %(map_index_1)s]
[parameters: {'dag_id_2': 'Dag_Non-numeric-Quantity', 'run_id_2': 'scheduled__2024-09-10T17:40:00+00:00', 'task_id_1': 'run_anomaly_detection', 'map_index_1': -1}]
(Background on this error at: https://sqlalche.me/e/14/e3q8)
[2024-09-10T17:52:19.867+0000] {local_task_job_runner.py:266} INFO - Task exited with return code 1
[2024-09-10T17:52:20.541+0000] {taskinstance.py:3900} INFO - 0 downstream tasks scheduled from follow-on schedule check
[2024-09-10T17:52:20.557+0000] {local_task_job_runner.py:245} INFO - ::endgroup::
