[2024-09-14T21:00:48.604+0000] {local_task_job_runner.py:123} INFO - ::group::Pre task execution logs
[2024-09-14T21:00:52.262+0000] {taskinstance.py:2612} INFO - Dependencies all met for dep_context=non-requeueable deps ti=<TaskInstance: welcome_dag.print_welcome scheduled__2024-09-14T21:00:16+00:00 [queued]>
[2024-09-14T21:00:52.586+0000] {taskinstance.py:2612} INFO - Dependencies all met for dep_context=requeueable deps ti=<TaskInstance: welcome_dag.print_welcome scheduled__2024-09-14T21:00:16+00:00 [queued]>
[2024-09-14T21:00:52.587+0000] {taskinstance.py:2865} INFO - Starting attempt 1 of 1
[2024-09-14T21:00:54.616+0000] {taskinstance.py:2888} INFO - Executing <Task(PythonOperator): print_welcome> on 2024-09-14 21:00:16+00:00
[2024-09-14T21:00:55.290+0000] {standard_task_runner.py:104} INFO - Running: ['airflow', 'tasks', 'run', 'welcome_dag', 'print_welcome', 'scheduled__2024-09-14T21:00:16+00:00', '--job-id', '4609', '--raw', '--subdir', 'DAGS_FOLDER/Awelcome_dags.py', '--cfg-path', '/tmp/tmppqfvunli']
[2024-09-14T21:00:55.820+0000] {standard_task_runner.py:105} INFO - Job 4609: Subtask print_welcome
[2024-09-14T21:00:56.110+0000] {logging_mixin.py:190} WARNING - /home/airflow/.local/lib/python3.12/site-packages/airflow/task/task_runner/standard_task_runner.py:70 DeprecationWarning: This process (pid=1128) is multi-threaded, use of fork() may lead to deadlocks in the child.
[2024-09-14T21:00:56.123+0000] {standard_task_runner.py:72} INFO - Started process 1165 to run task
[2024-09-14T21:01:04.610+0000] {job.py:229} INFO - Heartbeat recovered after 25.25 seconds
[2024-09-14T21:01:06.458+0000] {task_command.py:467} INFO - Running <TaskInstance: welcome_dag.print_welcome scheduled__2024-09-14T21:00:16+00:00 [running]> on host 7403e816bcf5
[2024-09-14T21:01:16.671+0000] {job.py:229} INFO - Heartbeat recovered after 12.10 seconds
[2024-09-14T21:01:21.495+0000] {taskinstance.py:3131} INFO - Exporting env vars: AIRFLOW_CTX_DAG_OWNER='airflow' AIRFLOW_CTX_DAG_ID='welcome_dag' AIRFLOW_CTX_TASK_ID='print_welcome' AIRFLOW_CTX_EXECUTION_DATE='2024-09-14T21:00:16+00:00' AIRFLOW_CTX_TRY_NUMBER='1' AIRFLOW_CTX_DAG_RUN_ID='scheduled__2024-09-14T21:00:16+00:00'
[2024-09-14T21:01:21.708+0000] {taskinstance.py:731} INFO - ::endgroup::
[2024-09-14T21:01:23.152+0000] {logging_mixin.py:190} INFO - Welcome to Airflow!
[2024-09-14T21:01:23.175+0000] {python.py:240} INFO - Done. Returned value was: None
[2024-09-14T21:01:27.208+0000] {taskinstance.py:340} INFO - ::group::Post task execution logs
[2024-09-14T21:01:27.289+0000] {taskinstance.py:352} INFO - Marking task as SUCCESS. dag_id=welcome_dag, task_id=print_welcome, run_id=scheduled__2024-09-14T21:00:16+00:00, execution_date=20240914T210016, start_date=20240914T210052, end_date=20240914T210127
[2024-09-14T21:01:29.623+0000] {job.py:229} INFO - Heartbeat recovered after 13.13 seconds
[2024-09-14T21:01:32.394+0000] {local_task_job_runner.py:266} INFO - Task exited with return code 0
[2024-09-14T21:01:34.615+0000] {local_task_job_runner.py:245} INFO - ::endgroup::
[2024-09-14T21:01:36.616+0000] {standard_task_runner.py:217} INFO - Process not found (most likely exited), stop collecting metrics
