[2024-09-07T23:01:17.017+0000] {local_task_job_runner.py:123} INFO - ::group::Pre task execution logs
[2024-09-07T23:01:18.084+0000] {taskinstance.py:2612} INFO - Dependencies all met for dep_context=non-requeueable deps ti=<TaskInstance: welcome_dag.print_date scheduled__2024-09-07T23:00:24+00:00 [queued]>
[2024-09-07T23:01:18.198+0000] {taskinstance.py:2612} INFO - Dependencies all met for dep_context=requeueable deps ti=<TaskInstance: welcome_dag.print_date scheduled__2024-09-07T23:00:24+00:00 [queued]>
[2024-09-07T23:01:18.202+0000] {taskinstance.py:2865} INFO - Starting attempt 1 of 1
[2024-09-07T23:01:19.051+0000] {taskinstance.py:2888} INFO - Executing <Task(PythonOperator): print_date> on 2024-09-07 23:00:24+00:00
[2024-09-07T23:01:19.189+0000] {standard_task_runner.py:104} INFO - Running: ['airflow', 'tasks', 'run', 'welcome_dag', 'print_date', 'scheduled__2024-09-07T23:00:24+00:00', '--job-id', '458', '--raw', '--subdir', 'DAGS_FOLDER/Awelcome_dags.py', '--cfg-path', '/tmp/tmprh1c1ylo']
[2024-09-07T23:01:19.252+0000] {standard_task_runner.py:105} INFO - Job 458: Subtask print_date
[2024-09-07T23:01:19.498+0000] {logging_mixin.py:190} WARNING - /home/airflow/.local/lib/python3.12/site-packages/airflow/task/task_runner/standard_task_runner.py:70 DeprecationWarning: This process (pid=626) is multi-threaded, use of fork() may lead to deadlocks in the child.
[2024-09-07T23:01:19.520+0000] {standard_task_runner.py:72} INFO - Started process 664 to run task
[2024-09-07T23:01:24.187+0000] {task_command.py:467} INFO - Running <TaskInstance: welcome_dag.print_date scheduled__2024-09-07T23:00:24+00:00 [running]> on host 13d1dadf4f15
[2024-09-07T23:01:25.168+0000] {job.py:229} INFO - Heartbeat recovered after 11.40 seconds
[2024-09-07T23:01:26.461+0000] {taskinstance.py:3131} INFO - Exporting env vars: AIRFLOW_CTX_DAG_OWNER='airflow' AIRFLOW_CTX_DAG_ID='welcome_dag' AIRFLOW_CTX_TASK_ID='print_date' AIRFLOW_CTX_EXECUTION_DATE='2024-09-07T23:00:24+00:00' AIRFLOW_CTX_TRY_NUMBER='1' AIRFLOW_CTX_DAG_RUN_ID='scheduled__2024-09-07T23:00:24+00:00'
[2024-09-07T23:01:26.465+0000] {taskinstance.py:731} INFO - ::endgroup::
[2024-09-07T23:01:26.595+0000] {logging_mixin.py:190} INFO - Today is 2024-09-07
[2024-09-07T23:01:26.597+0000] {python.py:240} INFO - Done. Returned value was: None
[2024-09-07T23:01:27.125+0000] {taskinstance.py:340} INFO - ::group::Post task execution logs
[2024-09-07T23:01:27.128+0000] {taskinstance.py:352} INFO - Marking task as SUCCESS. dag_id=welcome_dag, task_id=print_date, run_id=scheduled__2024-09-07T23:00:24+00:00, execution_date=20240907T230024, start_date=20240907T230118, end_date=20240907T230127
[2024-09-07T23:01:27.228+0000] {local_task_job_runner.py:266} INFO - Task exited with return code 0
[2024-09-07T23:01:27.795+0000] {taskinstance.py:3900} INFO - 0 downstream tasks scheduled from follow-on schedule check
[2024-09-07T23:01:27.805+0000] {local_task_job_runner.py:245} INFO - ::endgroup::
