[2024-09-11T00:10:22.203+0000] {local_task_job_runner.py:123} INFO - ::group::Pre task execution logs
[2024-09-11T00:10:25.700+0000] {taskinstance.py:2612} INFO - Dependencies all met for dep_context=non-requeueable deps ti=<TaskInstance: correction_Dag_Negative_Value.correct_negative_values scheduled__2024-09-11T00:00:00+00:00 [queued]>
[2024-09-11T00:10:26.026+0000] {taskinstance.py:2612} INFO - Dependencies all met for dep_context=requeueable deps ti=<TaskInstance: correction_Dag_Negative_Value.correct_negative_values scheduled__2024-09-11T00:00:00+00:00 [queued]>
[2024-09-11T00:10:26.029+0000] {taskinstance.py:2865} INFO - Starting attempt 2 of 2
[2024-09-11T00:10:26.636+0000] {taskinstance.py:2888} INFO - Executing <Task(PythonOperator): correct_negative_values> on 2024-09-11 00:00:00+00:00
[2024-09-11T00:10:26.963+0000] {standard_task_runner.py:104} INFO - Running: ['airflow', 'tasks', 'run', 'correction_Dag_Negative_Value', 'correct_negative_values', 'scheduled__2024-09-11T00:00:00+00:00', '--job-id', '293', '--raw', '--subdir', 'DAGS_FOLDER/Correction_dag_Negative_Value.py', '--cfg-path', '/tmp/tmprvp2p91g']
[2024-09-11T00:10:26.993+0000] {standard_task_runner.py:105} INFO - Job 293: Subtask correct_negative_values
[2024-09-11T00:10:28.598+0000] {logging_mixin.py:190} WARNING - /home/airflow/.local/lib/python3.12/site-packages/airflow/task/task_runner/standard_task_runner.py:70 DeprecationWarning: This process (pid=518) is multi-threaded, use of fork() may lead to deadlocks in the child.
[2024-09-11T00:10:28.606+0000] {standard_task_runner.py:72} INFO - Started process 554 to run task
[2024-09-11T00:10:35.890+0000] {task_command.py:467} INFO - Running <TaskInstance: correction_Dag_Negative_Value.correct_negative_values scheduled__2024-09-11T00:00:00+00:00 [running]> on host 5cd9362923f6
[2024-09-11T00:10:36.580+0000] {job.py:229} INFO - Heartbeat recovered after 23.99 seconds
[2024-09-11T00:10:47.328+0000] {job.py:229} INFO - Heartbeat recovered after 10.78 seconds
[2024-09-11T00:10:47.686+0000] {taskinstance.py:3131} INFO - Exporting env vars: AIRFLOW_CTX_DAG_OWNER='airflow' AIRFLOW_CTX_DAG_ID='correction_Dag_Negative_Value' AIRFLOW_CTX_TASK_ID='correct_negative_values' AIRFLOW_CTX_EXECUTION_DATE='2024-09-11T00:00:00+00:00' AIRFLOW_CTX_TRY_NUMBER='2' AIRFLOW_CTX_DAG_RUN_ID='scheduled__2024-09-11T00:00:00+00:00'
[2024-09-11T00:10:47.697+0000] {taskinstance.py:731} INFO - ::endgroup::
[2024-09-11T00:10:50.964+0000] {logging_mixin.py:190} INFO - Anomalies corrigées avec succès.
[2024-09-11T00:10:50.990+0000] {python.py:240} INFO - Done. Returned value was: None
[2024-09-11T00:10:53.159+0000] {taskinstance.py:340} INFO - ::group::Post task execution logs
[2024-09-11T00:10:53.167+0000] {taskinstance.py:352} INFO - Marking task as SUCCESS. dag_id=correction_Dag_Negative_Value, task_id=correct_negative_values, run_id=scheduled__2024-09-11T00:00:00+00:00, execution_date=20240911T000000, start_date=20240911T001025, end_date=20240911T001053
[2024-09-11T00:10:54.265+0000] {local_task_job_runner.py:266} INFO - Task exited with return code 0
[2024-09-11T00:10:54.612+0000] {standard_task_runner.py:217} INFO - Process not found (most likely exited), stop collecting metrics
[2024-09-11T00:10:57.001+0000] {taskinstance.py:3900} INFO - 0 downstream tasks scheduled from follow-on schedule check
[2024-09-11T00:10:57.057+0000] {local_task_job_runner.py:245} INFO - ::endgroup::
