[2024-09-13T18:00:27.610+0000] {local_task_job_runner.py:123} INFO - ::group::Pre task execution logs
[2024-09-13T18:00:32.069+0000] {taskinstance.py:2612} INFO - Dependencies all met for dep_context=non-requeueable deps ti=<TaskInstance: Correction_dag_high_total_amount.Correction_dag_high_total_amount scheduled__2024-09-13T17:55:00+00:00 [queued]>
[2024-09-13T18:00:33.271+0000] {taskinstance.py:2612} INFO - Dependencies all met for dep_context=requeueable deps ti=<TaskInstance: Correction_dag_high_total_amount.Correction_dag_high_total_amount scheduled__2024-09-13T17:55:00+00:00 [queued]>
[2024-09-13T18:00:33.328+0000] {taskinstance.py:2865} INFO - Starting attempt 1 of 2
[2024-09-13T18:00:37.742+0000] {taskinstance.py:2888} INFO - Executing <Task(PythonOperator): Correction_dag_high_total_amount> on 2024-09-13 17:55:00+00:00
[2024-09-13T18:00:38.297+0000] {standard_task_runner.py:104} INFO - Running: ['airflow', 'tasks', 'run', 'Correction_dag_high_total_amount', 'Correction_dag_high_total_amount', 'scheduled__2024-09-13T17:55:00+00:00', '--job-id', '3042', '--raw', '--subdir', 'DAGS_FOLDER/Correction_dag_high_total_amount.py', '--cfg-path', '/tmp/tmppv1ifiwg']
[2024-09-13T18:00:38.420+0000] {standard_task_runner.py:105} INFO - Job 3042: Subtask Correction_dag_high_total_amount
[2024-09-13T18:00:39.300+0000] {logging_mixin.py:190} WARNING - /home/airflow/.local/lib/python3.12/site-packages/airflow/task/task_runner/standard_task_runner.py:70 DeprecationWarning: This process (pid=36815) is multi-threaded, use of fork() may lead to deadlocks in the child.
[2024-09-13T18:00:39.345+0000] {standard_task_runner.py:72} INFO - Started process 36865 to run task
[2024-09-13T18:00:49.713+0000] {job.py:229} INFO - Heartbeat recovered after 32.57 seconds
[2024-09-13T18:00:53.282+0000] {task_command.py:467} INFO - Running <TaskInstance: Correction_dag_high_total_amount.Correction_dag_high_total_amount scheduled__2024-09-13T17:55:00+00:00 [running]> on host 7403e816bcf5
[2024-09-13T18:01:03.008+0000] {job.py:229} INFO - Heartbeat recovered after 13.54 seconds
[2024-09-13T18:01:18.116+0000] {job.py:229} INFO - Heartbeat recovered after 15.44 seconds
[2024-09-13T18:01:22.471+0000] {taskinstance.py:3131} INFO - Exporting env vars: AIRFLOW_CTX_DAG_OWNER='airflow' AIRFLOW_CTX_DAG_ID='Correction_dag_high_total_amount' AIRFLOW_CTX_TASK_ID='Correction_dag_high_total_amount' AIRFLOW_CTX_EXECUTION_DATE='2024-09-13T17:55:00+00:00' AIRFLOW_CTX_TRY_NUMBER='1' AIRFLOW_CTX_DAG_RUN_ID='scheduled__2024-09-13T17:55:00+00:00'
[2024-09-13T18:01:23.936+0000] {taskinstance.py:731} INFO - ::endgroup::
[2024-09-13T18:01:26.320+0000] {logging_mixin.py:190} INFO - Les anomalies ont été corrigées dans la base de données.
[2024-09-13T18:01:26.430+0000] {python.py:240} INFO - Done. Returned value was: None
[2024-09-13T18:01:30.025+0000] {taskinstance.py:340} INFO - ::group::Post task execution logs
[2024-09-13T18:01:30.145+0000] {taskinstance.py:352} INFO - Marking task as SUCCESS. dag_id=Correction_dag_high_total_amount, task_id=Correction_dag_high_total_amount, run_id=scheduled__2024-09-13T17:55:00+00:00, execution_date=20240913T175500, start_date=20240913T180032, end_date=20240913T180130
[2024-09-13T18:01:33.014+0000] {job.py:229} INFO - Heartbeat recovered after 15.01 seconds
[2024-09-13T18:01:36.840+0000] {local_task_job_runner.py:266} INFO - Task exited with return code 0
[2024-09-13T18:01:40.738+0000] {standard_task_runner.py:217} INFO - Process not found (most likely exited), stop collecting metrics
[2024-09-13T18:01:42.504+0000] {taskinstance.py:3900} INFO - 0 downstream tasks scheduled from follow-on schedule check
[2024-09-13T18:01:42.568+0000] {local_task_job_runner.py:245} INFO - ::endgroup::
