[2024-09-10T12:55:10.515+0000] {local_task_job_runner.py:123} INFO - ::group::Pre task execution logs
[2024-09-10T12:55:11.608+0000] {taskinstance.py:2612} INFO - Dependencies all met for dep_context=non-requeueable deps ti=<TaskInstance: correction_Dag_1FN.correct_1nf_violations scheduled__2024-09-10T12:50:00+00:00 [queued]>
[2024-09-10T12:55:11.751+0000] {taskinstance.py:2612} INFO - Dependencies all met for dep_context=requeueable deps ti=<TaskInstance: correction_Dag_1FN.correct_1nf_violations scheduled__2024-09-10T12:50:00+00:00 [queued]>
[2024-09-10T12:55:11.759+0000] {taskinstance.py:2865} INFO - Starting attempt 1 of 2
[2024-09-10T12:55:11.981+0000] {taskinstance.py:2888} INFO - Executing <Task(PythonOperator): correct_1nf_violations> on 2024-09-10 12:50:00+00:00
[2024-09-10T12:55:12.110+0000] {standard_task_runner.py:104} INFO - Running: ['airflow', 'tasks', 'run', 'correction_Dag_1FN', 'correct_1nf_violations', 'scheduled__2024-09-10T12:50:00+00:00', '--job-id', '2246', '--raw', '--subdir', 'DAGS_FOLDER/Correction_dag_1FN.py', '--cfg-path', '/tmp/tmp0cmk3cp_']
[2024-09-10T12:55:12.155+0000] {standard_task_runner.py:105} INFO - Job 2246: Subtask correct_1nf_violations
[2024-09-10T12:55:12.165+0000] {logging_mixin.py:190} WARNING - /home/airflow/.local/lib/python3.12/site-packages/airflow/task/task_runner/standard_task_runner.py:70 DeprecationWarning: This process (pid=10071) is multi-threaded, use of fork() may lead to deadlocks in the child.
[2024-09-10T12:55:12.173+0000] {standard_task_runner.py:72} INFO - Started process 10100 to run task
[2024-09-10T12:55:29.334+0000] {cli_action_loggers.py:177} WARNING - Failed to log action (psycopg2.OperationalError) could not translate host name "postgres" to address: Temporary failure in name resolution

(Background on this error at: https://sqlalche.me/e/14/e3q8)
[2024-09-10T12:56:09.606+0000] {job.py:229} INFO - Heartbeat recovered after 65.11 seconds
[2024-09-10T12:56:10.380+0000] {task_command.py:467} INFO - Running <TaskInstance: correction_Dag_1FN.correct_1nf_violations scheduled__2024-09-10T12:50:00+00:00 [running]> on host 6d70a6e2c42a
[2024-09-10T12:56:12.029+0000] {taskinstance.py:3131} INFO - Exporting env vars: AIRFLOW_CTX_DAG_OWNER='airflow' AIRFLOW_CTX_DAG_ID='correction_Dag_1FN' AIRFLOW_CTX_TASK_ID='correct_1nf_violations' AIRFLOW_CTX_EXECUTION_DATE='2024-09-10T12:50:00+00:00' AIRFLOW_CTX_TRY_NUMBER='1' AIRFLOW_CTX_DAG_RUN_ID='scheduled__2024-09-10T12:50:00+00:00'
[2024-09-10T12:56:12.036+0000] {taskinstance.py:731} INFO - ::endgroup::
[2024-09-10T12:56:12.629+0000] {logging_mixin.py:190} INFO - Erreur lors de la correction des anomalies : column "product_ids" does not exist
LINE 2:         SELECT customer_id, product_ids, order_date, total_a...
                                    ^
HINT:  Perhaps you meant to reference the column "orders.product_id".
[2024-09-10T12:56:12.630+0000] {python.py:240} INFO - Done. Returned value was: None
[2024-09-10T12:56:12.925+0000] {taskinstance.py:340} INFO - ::group::Post task execution logs
[2024-09-10T12:56:12.927+0000] {taskinstance.py:352} INFO - Marking task as SUCCESS. dag_id=correction_Dag_1FN, task_id=correct_1nf_violations, run_id=scheduled__2024-09-10T12:50:00+00:00, execution_date=20240910T125000, start_date=20240910T125511, end_date=20240910T125612
[2024-09-10T12:56:13.006+0000] {local_task_job_runner.py:266} INFO - Task exited with return code 0
[2024-09-10T12:56:13.396+0000] {taskinstance.py:3900} INFO - 0 downstream tasks scheduled from follow-on schedule check
[2024-09-10T12:56:13.407+0000] {local_task_job_runner.py:245} INFO - ::endgroup::
