[2024-09-13T13:25:16.906+0000] {local_task_job_runner.py:123} INFO - ::group::Pre task execution logs
[2024-09-13T13:25:17.551+0000] {taskinstance.py:2612} INFO - Dependencies all met for dep_context=non-requeueable deps ti=<TaskInstance: correction_Dag_Valeu_NULL.correct_transactions_anomalies scheduled__2024-09-13T13:20:00+00:00 [queued]>
[2024-09-13T13:25:17.627+0000] {taskinstance.py:2612} INFO - Dependencies all met for dep_context=requeueable deps ti=<TaskInstance: correction_Dag_Valeu_NULL.correct_transactions_anomalies scheduled__2024-09-13T13:20:00+00:00 [queued]>
[2024-09-13T13:25:17.633+0000] {taskinstance.py:2865} INFO - Starting attempt 1 of 2
[2024-09-13T13:25:17.897+0000] {taskinstance.py:2888} INFO - Executing <Task(PythonOperator): correct_transactions_anomalies> on 2024-09-13 13:20:00+00:00
[2024-09-13T13:25:18.129+0000] {standard_task_runner.py:104} INFO - Running: ['airflow', 'tasks', 'run', 'correction_Dag_Valeu_NULL', 'correct_transactions_anomalies', 'scheduled__2024-09-13T13:20:00+00:00', '--job-id', '2299', '--raw', '--subdir', 'DAGS_FOLDER/Correction_dag_Valeur_NULL.py', '--cfg-path', '/tmp/tmp7wb0b4uy']
[2024-09-13T13:25:19.081+0000] {standard_task_runner.py:105} INFO - Job 2299: Subtask correct_transactions_anomalies
[2024-09-13T13:25:19.689+0000] {logging_mixin.py:190} WARNING - /home/airflow/.local/lib/python3.12/site-packages/airflow/task/task_runner/standard_task_runner.py:70 DeprecationWarning: This process (pid=92635) is multi-threaded, use of fork() may lead to deadlocks in the child.
[2024-09-13T13:25:19.726+0000] {standard_task_runner.py:72} INFO - Started process 92675 to run task
[2024-09-13T13:25:24.537+0000] {task_command.py:467} INFO - Running <TaskInstance: correction_Dag_Valeu_NULL.correct_transactions_anomalies scheduled__2024-09-13T13:20:00+00:00 [running]> on host 7403e816bcf5
[2024-09-13T13:25:28.128+0000] {job.py:229} INFO - Heartbeat recovered after 15.73 seconds
[2024-09-13T13:25:31.369+0000] {taskinstance.py:3131} INFO - Exporting env vars: AIRFLOW_CTX_DAG_OWNER='airflow' AIRFLOW_CTX_DAG_ID='correction_Dag_Valeu_NULL' AIRFLOW_CTX_TASK_ID='correct_transactions_anomalies' AIRFLOW_CTX_EXECUTION_DATE='2024-09-13T13:20:00+00:00' AIRFLOW_CTX_TRY_NUMBER='1' AIRFLOW_CTX_DAG_RUN_ID='scheduled__2024-09-13T13:20:00+00:00'
[2024-09-13T13:25:31.381+0000] {taskinstance.py:731} INFO - ::endgroup::
[2024-09-13T13:25:32.311+0000] {logging_mixin.py:190} INFO - Correction des anomalies dans la table Transactions réussie.
[2024-09-13T13:25:32.313+0000] {python.py:240} INFO - Done. Returned value was: None
[2024-09-13T13:25:33.151+0000] {taskinstance.py:340} INFO - ::group::Post task execution logs
[2024-09-13T13:25:33.156+0000] {taskinstance.py:352} INFO - Marking task as SUCCESS. dag_id=correction_Dag_Valeu_NULL, task_id=correct_transactions_anomalies, run_id=scheduled__2024-09-13T13:20:00+00:00, execution_date=20240913T132000, start_date=20240913T132517, end_date=20240913T132533
[2024-09-13T13:25:33.433+0000] {local_task_job_runner.py:266} INFO - Task exited with return code 0
[2024-09-13T13:25:35.118+0000] {standard_task_runner.py:217} INFO - Process not found (most likely exited), stop collecting metrics
[2024-09-13T13:25:36.046+0000] {taskinstance.py:3900} INFO - 0 downstream tasks scheduled from follow-on schedule check
[2024-09-13T13:25:36.104+0000] {local_task_job_runner.py:245} INFO - ::endgroup::
